0 0.973344
11 0.131072
12 3.0548
13 0.42664
14 1.089136
15 1.243576
16 0.857104
17 1.347232
18 1.263192
19 1.409448
20 1.16192
21 1.494592
22 1.366928
24 1.250192
25 1.36888
26 1.342096
27 1.078664
28 1.312224
29 1.288888
30 1.33744
31 1.248416
32 1.379256
33 1.326192
34 1.338168
35 1.398088
36 0.859584
37 1.381352
38 1.09848
39 1.362376
41 1.253856
42 1.405512
43 1.160288
44 1.349632
45 1.364152
46 1.310768
47 1.482104
48 1.34652
49 1.390248
50 1.113904
51 1.482576
52 0.953848
53 1.249192
54 1.363456
55 1.364016
56 1.407656
57 1.083176
59 1.406528
60 0.969144
61 0.404928
62 0.334456
63 1.101592
64 1.163784
65 1.138872
66 1.207304
67 1.324952
68 1.41192
69 1.598728
70 1.3568
71 1.227632
72 1.018672
73 0.852136
74 0.894696
75 0.894584
76 0.859056
77 0.951528
79 1.072248
80 1.1274
81 1.014136
82 1.24452
83 1.021288
84 1.185528
85 0.954744
86 0.503112
87 0.759552
88 0.796688
89 0.918216
90 0.798864
91 0.566896
92 0.74456
93 0.607736
94 0.699
95 0.933552
96 0.575432
97 0.551
98 0.63984
99 0.775064
100 0.648416
101 0.792792
102 1.06568
103 0.48888
105 0.990016
106 0.868224
107 0.79484
108 1.187504
109 0.830224
110 1.039632
111 0.991368
112 1.066672
113 0.82496
114 1.108696
115 0.865408
116 0.916056
117 0.97232
118 1.029104
120 0.4028
121 0.75696
122 0.869576
123 0.629672
124 0.876416
125 0.83708
126 0.812376
127 0.595152
128 1.128768
129 0.910888
131 0.962664
132 1.15492
133 1.055896
134 1.239632
135 1.042064
136 1.261096
137 1.016768
138 1.057672
139 0.9738
140 1.173424
141 1.154192
142 1.05856
143 1.200976
144 1.040944
145 0.721024
146 1.201136
147 1.218152
148 0.993472
149 0.770384
151 0.853624
152 0.859624
153 0.827368
154 0.774112
155 0.80936
156 0.856248
157 0.950328
158 0.797448
159 0.80796
160 0.766896
161 1.016952
162 0.997896
163 0.727112
164 0.887544
165 0.716784
166 0.806368
167 1.014584
168 0.953128
169 0.963408
170 1.080208
171 0.745456
173 0.85532
174 0.998104
175 0.940128
176 0.967432
177 1.226064
178 0.830536
179 0.90904
180 1.139368
181 1.037448
182 0.514424
183 0.66136
184 0.590976
185 0.297536
186 0.518
187 0.448704
188 0.421936
189 0.393864
190 0.262656
191 0.147104
192 0.10944
194 0.610672
195 0.54188
196 0.336296
197 0.448704
198 0.748112
199 0.949864
200 1.058392
201 0.982712
202 1.44004
203 1.111536
204 1.156168
205 1.034584
207 0.820176
208 0.764168
209 0.878512
210 1.294544
211 0.912808
212 1.280224
213 1.122048
214 1.076592
215 0.917968
216 1.103616
217 1.107224
218 1.102096
219 0.76872
220 0.964688
221 0.878184
222 0.503632
223 0.608984
224 0.506464
225 0.444416
226 0.511152
227 0.425064
228 0.790712
229 0.767152
231 0.6754
232 0.372096
233 0.262656
234 0.16384
235 0.896496
236 0.767032
237 0.550664
238 0.42784
239 0.363472
240 0.379016
241 0.361152
242 0.211752
243 0.445656
244 0.660864
245 1.047456
246 0.823672
247 0.973008
248 0.773944
250 0.761184
251 0.852736
252 0.992136
253 0.888728
254 0.90588
255 0.723144
256 0.9336
257 1.0578
258 1.196464
259 1.038784
260 1.072352
261 0.854768
262 0.4358
263 0.620328
264 0.607256
265 0.426816
266 0.18808
267 0.384744
268 0.262656
269 0.175104
271 0.074368
272 0.065664
273 0.087552
274 0.087552
275 0.120384
276 0.05472
277 0.032832
279 0.020976
281 0.032832
283 0.453608
284 0.526152
285 0.470592
286 0.529056
287 0.228776
288 0.53192
289 0.284456
290 0.339264
291 0.239776
292 0.295488
293 0.232088
294 0.240768
296 0.218624
297 0.480112
298 0.531088
299 0.419632
300 0.57296
301 0.588744
302 0.798912
303 0.303344
304 0.251712
305 0.131328
306 0.108088
307 0.350208
308 0.326928
309 0.403256
310 0.326744
311 0.36196
312 0.368168
313 0.249784
314 0.35476
315 0.372096
316 0.226416
317 0.306432
318 0.317376
319 0.230336
320 0.317376
321 0.32832
322 0.220728
324 0.243536
325 0.2736
326 0.210944
327 0.229824
328 0.175104
329 0.387576
330 0.306432
331 0.360672
332 0.242112
333 0.240768
334 0.306432
335 0.251712
336 0.135528
337 0.503424
338 0.475064
340 0.415728
341 0.542768
342 0.63568
343 0.81472
344 0.65052
345 1.047608
346 0.977576
347 0.89548
348 0.966888
349 0.477072
350 0.55828
351 0.524752
352 0.6888
353 0.429304
354 0.571512
355 0.393984
356 0.194688
357 0.5472
358 0.51216
359 0.351656
360 0.295488
361 0.284544
362 0.193184
369 0.142016
370 0.69816
371 0.207936
372 0.207936
373 0.142272
375 0.136784
376 0.294912
377 0.314328
378 0.537816
379 0.420016
380 0.698392
381 0.623008
383 0.601088
384 1.077944
385 0.843288
386 1.042688
387 1.110976
388 0.61668
389 0.522296
390 0.404928
391 0.297456
392 0.317376
393 0.128344
394 0.186048
395 0.196992
396 0.095504
397 0.16416
398 0.196992
400 0.13048
401 0.2736
402 0.203768
403 0.2736
404 0.208
405 0.2736
406 0.184968
407 0.306432
408 0.192504
409 0.229824
410 0.240768
411 0.202064
412 0.295488
413 0.210616
414 0.284544
415 0.227176
416 0.262656
417 0.206368
418 0.317376
419 0.26476
420 0.240768
421 0.21888
422 0.092936
423 0.251712
424 0.240768
425 0.138976
426 0.240768
427 0.240768
429 0.043776
436 0.054392
437 0.009008
438 1.40228
439 1.30212
440 1.346192
441 1.311488
443 1.164952
444 1.412736
445 0.983816
446 0.677216
447 1.043872
448 0.853064
449 1.126032
450 1.279928
451 1.406152
452 1.399424
453 1.242672
454 1.207488
455 1.513984
456 1.022688
457 1.305936
458 0.60532
459 1.06444
460 1.162472
461 1.18228
462 1.232976
463 0.929152
465 0.92876
466 1.048152
467 1.077568
468 0.846136
469 0.889184
470 0.99484
471 1.028696
472 1.61668
473 1.173792
474 1.021728
475 1.117872
476 1.360448
477 1.190128
478 1.298592
479 1.277984
480 1.245896
481 1.147592
483 1.109128
484 1.178288
485 1.145736
486 1.21408
487 1.158808
488 1.005632
489 1.2058
490 1.051472
491 1.0348
492 1.139544
493 1.38908
495 1.2544
496 1.355304
497 1.183056
498 0.8934
499 1.198488
500 1.062328
501 1.375392
502 1.357104
503 1.336096
504 1.323864
506 1.10328
507 1.188736
508 0.864672
509 1.224064
510 1.220696
511 1.126192
512 0.968456
513 1.319928
514 1.051576
515 1.098928
516 0.981264
517 1.280096
518 1.28676
520 1.331008
521 1.297024
522 1.16192
523 1.12384
524 0.543368
525 0.806416
526 0.774992
527 0.580176
528 0.775456
529 0.630872
530 0.701864
532 0.746424
533 0.842688
534 0.545824
535 0.734168
536 1.16756
537 1.024576
538 0.70128
539 0.751568
540 0.786072
541 0.483656
542 0.58876
543 0.61036
544 0.429016
545 0.251712
546 0.10944
547 0.186048
548 0.341832
550 0.52188
551 1.209096
552 0.533664
553 0.865128
554 0.703368
555 0.970752
556 0.972992
557 0.857904
558 0.675104
559 0.551272
560 0.7472
561 0.915968
562 1.088224
563 0.919848
564 0.925848
565 1.159104
566 0.409896
567 0.84444
568 1.115696
569 1.15776
570 1.097576
572 1.147856
573 1.265088
574 0.79456
575 1.243184
576 1.080144
577 0.673672
578 1.051008
579 1.28508
580 1.430472
581 1.055688
582 1.154192
583 0.866704
584 0.877816
585 1.202888
586 1.232176
587 1.173416
590 0.429008
591 0.533112
592 0.153216
594 0.371376
595 0.186048
596 0.120384
597 0.131328
598 0.101136
599 1.212088
600 0.605936
601 0.560192
602 1.675176
603 1.338496
604 1.635856
605 1.567192
606 1.241296
607 1.355592
608 0.982712
609 1.134744
610 1.22848
611 1.092496
612 0.94276
613 1.173736
614 1.091592
615 1.160488
616 1.106832
617 1.155592
618 1.397752
620 1.473256
621 1.270872
622 1.316976
623 1.431248
624 1.445888
625 0.853936
626 1.261744
627 1.582536
628 1.382224
629 0.448376
630 1.220296
631 1.309696
632 1.323232
633 1.153736
635 1.168536
636 1.249424
637 1.154744
638 1.274064
639 1.308232
641 1.305048
642 1.249544
643 1.056064
644 1.10856
645 0.943936
646 1.72276
647 1.35108
648 1.250944
649 1.092496
650 1.085304
651 1.03988
652 1.261544
653 1.141864
654 1.368504
655 1.535208
656 1.32036
657 1.014568
658 1.7566
659 1.556624
660 1.205712
661 1.143968
663 1.203176
664 1.461192
665 0.917776
666 1.119072
667 1.067616
668 1.00912
669 0.905912
670 1.061384
671 1.100888
672 1.198856
673 1.164776
674 1.251528
675 1.156112
676 0.808224
677 1.162368
678 1.014848
679 1.099616
680 1.079944
681 1.042352
683 1.0196
684 0.906
685 1.039344
686 1.13612
687 0.810392
688 0.668616
689 0.60032
690 0.38716
691 0.394104
692 0.306432
693 0.150608
695 0.240768
696 0.476856
697 0.474184
698 0.707328
699 0.799152
700 0.535856
701 0.504472
702 0.689472
703 0.59792
704 0.759776
705 0.881256
706 0.817968
707 0.68852
708 0.519224
709 0.409632
710 0.372096
712 0.28108
713 0.350208
714 0.235408
715 0.251712
716 0.240768
717 0.162672
718 0.21888
719 0.240768
720 0.193568
721 0.2736
722 0.295488
723 0.211344
724 0.472032
725 0.448704
726 0.4858
727 0.418648
728 0.536616
729 0.531936
730 0.451936
731 0.307992
732 0.448704
733 0.36176
734 0.340952
735 0.65664
736 0.631808
737 0.792344
738 0.864336
739 0.614992
740 0.463232
741 0.500808
742 0.779992
743 0.558144
744 0.511088
745 0.799328
746 0.657752
747 0.331592
749 0.2736
750 0.153216
752 0.16336
753 0.05472
754 0.196992
756 0.131072
757 0.121032
758 0.120384
759 0.153216
760 0.207936
761 0.157688
762 0.262656
763 0.10944
764 0.095128
765 0.229824
766 0.207936
767 0.188728
769 0.323912
770 0.350208
771 0.303504
772 0.3274
773 0.262656
774 0.277544
775 0.404928
776 0.20988
787 0.120384
788 0.043776
789 0.032832
794 0.021888
795 0.043776
797 0.157168
798 0.10944
800 0.131328
801 0.186048
802 0.097712
803 0.16416
804 0.186048
805 0.16416
806 0.111232
807 0.16416
808 0.16416
816 0.13856
817 0.629936
818 1.292352
819 1.620384
820 1.155072
821 1.388248
822 1.839368
824 2.112352
825 1.284392
826 0.72744
827 1.05556
828 0.567336
829 0.697056
830 1.098336
831 0.779784
832 0.536928
833 0.667584
834 0.506384
835 1.072096
836 1.2186
837 0.967008
838 1.290152
839 1.117064
840 1.013792
841 1.040176
842 0.936608
843 0.80376
844 0.899936
845 0.594992
846 1.178048
847 1.305544
848 1.558512
849 0.99512
850 1.2318
851 0.99988
852 1.255976
853 0.579256
855 1.002184
856 1.043824
857 1.0862
858 1.173664
859 1.91224
860 2.014784
861 1.401448
862 2.035968
863 2.117784
864 1.824376
865 0.997712
867 1.33288
868 1.35612
869 1.073368
870 1.493912
871 1.752144
872 1.519048
873 1.825712
874 1.138824
875 1.256848
876 1.275976
877 1.243392
878 1.8028
880 2.085448
881 2.069176
882 1.934704
883 1.596584
884 1.362912
885 1.724952
886 1.716976
887 2.501352
888 1.484248
889 1.84508
890 1.945696
891 1.995656
892 1.944232
893 2.126656
894 2.013848
895 1.830072
897 1.495896
898 1.586184
899 2.216344
900 2.0592
901 1.78228
902 1.256736
903 1.202008
904 1.34852
905 1.324272
906 1.363008
907 1.158592
908 1.119376
909 1.165232
910 1.262136
911 1.254256
912 1.191688
913 1.552624
914 1.684888
915 1.111816
916 1.556936
918 1.28252
919 1.047968
920 1.010376
921 1.024216
922 1.15264
923 1.272456
924 1.193752
925 1.2778
926 1.195144
927 1.374752
928 1.393328
930 1.499816
931 1.765808
932 1.606952
933 1.851496
934 2.224648
935 1.714728
936 1.547768
937 1.581032
938 0.881704
939 0.938928
940 1.341984
941 0.50048
942 0.196992
943 0.329856
944 0.21888
945 0.619056
946 0.414728
947 0.359248
948 0.426816
949 0.40208
950 0.470456
951 0.457216
952 1.10444
953 0.43988
954 0.810184
955 1.102976
957 1.123376
958 0.959576
959 1.186024
960 1.049696
961 1.243536
962 0.86152
963 1.049144
964 0.99956
965 0.929144
966 0.743488
967 0.828408
968 0.977456
969 0.6538
970 0.780384
971 0.797008
972 0.675312
973 0.61748
974 0.718992
975 0.551152
976 0.818664
977 0.659664
978 0.552416
979 0.490976
980 0.49248
981 0.508184
983 0.655256
984 0.9814
985 0.86948
986 1.084928
987 1.100296
988 1.26256
989 0.829616
991 0.123792
992 0.372096
993 0.560736
995 0.472912
996 0.60732
997 0.742952
998 0.404152
999 0.08468
1000 0.458208
1001 0.426816
1002 0.428536
1003 0.330344
1004 0.306136
1005 0.393984
1006 0.4518
1007 0.76608
1008 0.946368
1009 0.861696
1010 1.16348
1011 1.135216
1012 0.966352
1013 1.07324
1014 1.205664
1015 0.983024
1016 0.719416
1017 1.326496
1018 0.997384
1019 0.847232
1020 1.006144
1021 0.966296
1022 1.391776
1023 1.204744
1024 1.180032
1025 1.562352
1026 0.818408
1027 1.375384
1028 1.332136
1029 1.151368
1031 1.498384
1032 1.481984
1033 1.512416
1034 1.397144
1035 1.019696
1036 0.989232
1037 1.06028
1038 1.300112
1039 1.229008
1040 0.91936
1041 0.990264
1042 0.68776
1043 0.84216
1044 0.902568
1045 0.932352
1046 0.748872
1047 0.721528
1048 0.595336
1049 0.57048
1050 0.802856
1051 0.826992
1052 0.80656
1053 0.642216
1054 0.532888
1056 0.350208
1057 0.544696
1058 1.006736
1059 0.792872
1060 0.95732
1061 1.179376
1062 0.965504
1063 1.008576
1064 0.996184
1065 0.66932
1066 0.743904
1067 0.649296
1068 1.011896
1069 0.818064
1070 0.495664
1071 0.543384
1072 0.853632
1073 0.77572
1074 0.952512
1075 0.4016
1076 0.262656
1077 0.640216
1078 1.04208
1079 1.008272
1080 1.120888
1081 1.065168
1083 1.157488
1084 1.048576
1085 1.299928
1086 1.32724
1087 0.654008
1088 0.57556
1089 0.883712
1090 0.943864
1091 0.825536
1092 0.718336
1094 0.05472
1095 0.755168
1096 0.732592
1097 0.645696
1098 1.052672
1099 1.028456
1100 1.157432
1101 1.070704
1102 0.917112
1103 0.736416
1104 0.885544
1105 0.808776
1106 0.651544
1107 0.651496
1108 0.700416
1109 0.560016
1110 0.538168
1111 0.556
1112 0.59256
1113 0.746328
1114 0.578064
1115 0.551568
1116 0.479288
1117 0.485384
1118 0.543712
1119 0.55616
1120 0.534304
1121 0.541152
1123 0.570016
1124 0.764632
1125 0.784712
1126 0.623256
1127 0.780144
1128 0.746272
1129 0.82476
1130 0.95124
1131 0.743632
1132 0.8262
1133 0.784296
1134 0.67532
1135 0.95548
1136 0.594232
1137 0.6634
1138 0.816224
1139 0.778376
1140 0.85876
1141 1.24028
1142 1.082848
1143 1.208656
1144 1.447376
1145 1.48088
1146 1.237608
1147 1.438168
1148 1.561496
1149 1.384736
1150 1.268248
1151 0.977744
1152 1.017672
1153 1.017344
1154 1.020056
1155 1.084424
1156 0.903968
1157 0.76392
1159 0.803888
1160 1.246184
1161 1.03744
1162 0.974672
1163 0.581392
1164 0.922456
1165 0.7964
1166 1.038392
1167 0.960192
1168 1.019488
1169 1.003456
1170 1.040824
1171 0.577104
1172 0.710696
1173 0.894552
1174 0.924984
1175 0.754304
1176 0.813576
1177 0.73484
1178 0.613232
1179 1.092072
1180 1.030112
1181 1.233304
1183 1.204288
1184 1.155344
1185 0.991064
1186 0.926312
1187 1.079176
1188 1.235968
1189 1.43784
1190 1.270152
1191 1.271256
1192 1.193792
1193 1.223112
1194 1.202208
1195 1.034088
1196 1.02328
1197 0.833024
1198 0.80356
1199 0.869776
1200 0.888024
1201 1.070064
1202 1.279376
1203 1.109248
1205 1.169328
1206 1.192496
1207 1.323608
1208 1.204368
1209 1.321368
1210 1.197808
1211 1.174568
1212 1.410872
1213 1.099928
1214 1.351968
1215 1.069552
1216 1.307976
1217 1.457304
1218 0.759592
1219 1.042896
1220 1.061608
1221 1.26084
1222 1.07296
1223 1.014152
1224 1.078464
1225 1.053112
1226 1.081904
1227 0.981136
1228 1.242696
1229 0.95744
1230 1.094656
1231 1.01612
1232 0.886424
1233 1.107408
1234 1.191048
1235 0.866816
1236 1.212496
1238 0.967592
1239 1.0642
1240 0.973096
1241 1.039056
1242 1.035528
1243 1.15132
1244 1.393912
1245 1.264712
1246 1.18108
1247 1.233688
1248 1.161488
1249 0.905624
1250 0.934488
1251 1.076296
1252 1.186304
1253 1.0628
1254 0.786744
1255 0.970936
1256 1.227336
1257 1.014336
1258 1.06984
1260 1.192536
1261 1.611568
1262 1.248216
1263 0.938808
1264 1.162664
1265 1.115344
1266 1.293712
1267 1.044608
1268 0.482208
1269 0.569088
1270 0.225728
1271 0.668984
1272 0.678528
1273 0.271648
1274 0.309928
1275 0.413296
1276 0.120384
1277 0.34228
1279 0.32832
1280 0.169896
1281 0.284544
1281 0.10944
