0 3.043656
1 2.356352
2 1.527664
3 0.822856
4 1.327816
5 1.713688
6 2.443832
7 2.0336
8 2.948304
9 3.69864
10 2.685688
12 2.850288
13 2.08632
14 3.37684
15 2.097656
16 3.153904
17 2.101136
18 3.231936
19 3.640848
20 2.793856
21 3.513376
22 2.691544
23 3.888048
24 2.791496
25 3.212368
26 3.441408
27 3.97736
28 2.62228
29 3.90748
30 3.625792
31 3.928768
33 3.66548
34 1.942216
35 3.271152
36 2.670624
37 3.420328
38 2.858824
39 3.291816
40 2.621224
41 3.26336
42 3.283224
43 2.421224
44 3.293528
45 3.133936
46 3.623224
47 3.50852
48 3.159808
49 3.543024
50 2.469808
51 3.128896
52 2.652744
53 2.286776
54 2.776688
55 2.417968
56 1.918672
57 1.821168
58 3.099136
59 3.19052
60 2.917896
61 2.452624
62 2.932008
63 3.041408
64 3.04572
65 1.56832
66 1.946456
67 2.137544
68 2.132176
69 3.029592
70 2.677984
71 3.317816
73 2.576696
74 3.167704
75 2.924944
76 1.742432
77 1.7828
78 3.690144
79 3.672704
80 3.374888
81 3.667232
82 3.292304
83 3.679952
84 3.710592
85 2.414888
86 2.798512
87 3.73016
88 3.385016
89 2.292832
91 3.678808
92 2.761328
93 2.752104
94 3.216856
95 2.841072
96 3.955704
97 2.307032
98 3.2562
99 3.053608
100 2.812312
101 1.959776
102 1.715928
103 2.735856
104 1.862976
105 3.289272
106 3.583472
107 3.539968
108 3.86136
109 3.859808
110 2.63812
111 3.207816
112 2.585928
113 3.449552
114 2.93604
115 3.459432
116 3.466344
117 2.845192
118 2.744312
119 2.875704
121 3.301896
122 3.307024
123 3.766704
124 3.319656
125 2.737752
126 2.047064
127 2.06804
128 2.796296
129 1.609624
130 2.237456
131 2.363904
132 2.079096
133 2.29412
134 2.047032
135 2.673568
136 1.95784
137 2.46144
138 2.697352
139 2.114064
140 2.594336
141 2.439152
142 2.4468
143 2.39824
144 2.833896
145 2.418592
146 2.278848
147 2.65964
149 2.512104
150 2.807808
151 2.820376
152 3.980688
153 4.098064
154 3.122536
155 4.269664
156 4.108888
157 3.14264
158 3.16028
159 3.126656
160 3.395504
161 3.136368
162 2.620176
163 4.58736
164 3.334576
166 3.819744
167 3.764512
168 3.3096
169 4.08452
170 3.250536
171 4.121872
172 3.2164
173 3.377904
174 3.036112
175 3.123384
176 3.19976
177 3.102744
178 3.887104
179 3.097976
180 3.388616
181 3.092544
182 4.173048
183 4.112872
184 3.246712
185 4.384888
186 3.6576
187 2.371672
188 2.956136
189 3.032536
190 3.069472
191 3.373904
192 3.217648
193 3.266128
194 2.997288
195 3.661664
196 4.219616
197 4.05004
199 3.786664
200 4.078912
201 3.848376
202 3.44212
203 3.929184
204 3.757448
205 2.88316
206 3.630736
208 3.700016
209 1.937088
210 1.900808
211 2.04924
212 2.833992
213 2.829832
214 2.931448
215 4.043128
216 4.202232
217 3.70028
218 3.142944
219 3.019096
220 2.9774
221 3.418936
222 3.025336
223 2.761272
224 1.32408
225 2.054208
226 2.097152
227 2.020896
228 1.591104
229 2.58268
230 3.060128
231 2.896008
233 2.208936
234 2.501944
235 2.547288
236 2.606632
237 2.229528
238 2.256824
239 2.799464
240 2.730152
241 1.971776
242 3.169584
243 3.17712
244 2.51808
245 3.327912
246 1.801064
247 3.378456
248 1.956816
249 2.404832
250 2.547192
251 2.889216
252 2.750552
253 3.062192
254 3.99456
255 3.331416
256 3.244752
257 3.432696
258 3.51868
259 3.434416
260 1.926424
261 2.64656
262 2.263544
263 2.2178
264 3.217536
265 3.021952
266 2.799048
267 3.29684
268 4.21932
269 4.177344
270 3.946056
271 4.659272
272 4.226808
273 3.928864
274 4.221096
276 0.295488
277 6.493952
278 2.187296
279 2.483656
280 2.423168
281 2.323768
282 2.451456
283 1.641752
284 1.433504
285 2.068416
286 2.938896
287 2.245712
288 3.965088
289 4.191968
290 3.959216
291 4.17104
292 4.109536
293 3.051936
299 0.131072
300 2.897032
301 2.703168
302 2.807064
303 3.424992
304 3.13808
305 3.28248
306 3.191032
307 3.341288
308 1.329968
309 2.66404
310 2.864952
311 3.035032
312 3.189208
314 3.654408
315 3.212256
316 3.150184
317 2.94148
318 3.212664
319 3.011704
320 3.212808
321 3.213368
322 2.945176
323 2.90356
324 2.906624
325 2.540192
326 2.466448
327 2.407176
328 2.477128
329 2.648448
330 1.961208
331 2.254464
332 1.666168
333 1.545488
334 1.948032
335 1.45192
336 1.6416
337 1.433664
338 0.897408
339 0.598712
340 0.809856
344 0.087552
345 4.47276
346 1.937088
347 2.1888
348 1.713512
350 2.061296
351 2.232576
352 2.07556
353 1.411776
354 0.805096
355 1.47744
356 1.118848
357 0.744192
358 1.028736
359 0.634832
360 0.864576
361 1.018192
362 0.536256
363 0.426816
364 0.974016
365 1.55784
366 2.139584
367 2.354304
368 2.241
369 1.9458
370 1.6416
371 1.326584
372 0.722304
373 0.604912
374 0.514368
375 0.32832
376 0.43776
377 0.941184
378 0.73504
379 1.006848
380 1.043696
381 0.809856
382 0.43776
383 0.426816
384 0.463312
385 0.580032
386 0.43776
388 0.503424
389 0.590976
390 0.448704
391 0.305136
392 0.404928
393 0.536256
394 0.229824
395 0.229824
396 0.295488
397 0.262656
398 0.262656
399 0.361152
400 0.395096
401 0.60192
402 0.941184
403 0.87552
404 0.677472
405 0.678528
406 0.645696
407 0.580032
408 0.38304
409 0.251712
410 0.243376
411 0.284544
412 0.361152
413 0.361152
414 0.295488
415 0.426816
416 0.339264
417 0.415872
419 0.426816
420 0.372096
421 0.259344
422 0.448704
423 0.678528
424 0.842688
425 0.131072
426 1.3948
427 0.350208
428 0.38304
429 0.76608
430 0.744192
431 0.71136
432 0.290072
433 0.361152
434 0.306432
435 0.295488
436 0.415872
437 0.284544
438 0.284544
448 0.087552
449 0.10944
450 0.10944
451 0.10944
452 0.098496
453 0.10944
454 0.120384
455 0.10944
456 0.098496
457 0.087552
458 0.087552
459 0.043776
474 0.065664
475 0.51592
476 0.558144
477 0.393984
478 0.317376
479 0.459648
480 0.339264
482 0.16416
492 0.065664
493 0.207936
494 0.350208
495 0.229824
496 0.229824
497 0.295488
498 0.207936
499 0.142272
503 0.131072
507 0.733504
508 0.087552
509 0.153216
510 0.098496
523 0.021888
524 0.612864
525 0.57672
526 0.32832
527 0.240768
528 0.142272
529 0.120384
530 0.153216
531 0.207936
532 0.284544
533 0.21888
534 0.2736
535 0.295488
536 0.186048
538 0.010944
539 0.251712
540 0.317376
541 0.415872
542 0.590976
543 0.43776
544 0.32832
546 0.142272
547 0.404928
548 0.229824
549 0.244096
550 0.2736
551 0.963072
552 0.175104
553 0.372096
554 0.350208
555 0.558144
556 0.339264
558 0.350208
559 0.262656
560 0.399464
561 0.525312
562 0.317376
563 0.38304
564 0.240768
565 0.240768
566 1.29104
567 1.423632
568 1.827648
569 1.550968
570 1.357056
571 0.634752
572 0.207936
573 0.262656
574 0.38304
575 0.306432
576 0.404928
577 0.231048
578 0.350208
579 0.196992
580 0.131328
582 0.196992
583 0.196992
584 0.251712
585 0.306432
586 0.372096
587 0.43776
594 0.38304
595 0.032832
596 0.032832
598 0.021888
599 0.021888
600 0.021888
601 0.021888
602 0.021888
604 0.021888
605 0.021888
606 0.021888
607 0.021888
608 0.032832
609 0.043776
610 0.032832
612 0.032832
613 0.021888
614 0.021888
653 0.010944
655 0.021888
673 0.05068
674 1.466496
675 2.154336
676 2.07936
677 1.74304
678 1.980864
679 1.770144
680 2.528064
681 1.971688
682 2.09668
683 2.363904
684 2.183688
685 2.147944
686 1.992912
687 2.385792
688 2.014216
689 1.527632
690 2.068416
691 1.557696
692 1.783872
693 0.666176
694 2.40768
695 1.53068
696 1.506104
697 1.925256
698 2.035584
699 1.549272
700 1.957872
701 2.506176
702 1.674792
703 1.050624
704 0.426816
705 0.516896
706 0.33732
722 0.196992
723 0.098496
724 0.10944
725 0.10944
726 0.10944
727 0.10944
728 0.120384
729 0.120384
730 0.120384
731 0.10944
732 0.10944
733 0.120384
734 0.120384
735 0.10944
736 0.10944
737 0.10944
738 0.10944
739 0.10944
740 0.10944
742 0.10944
743 0.120384
744 0.10944
745 0.375296
746 1.192896
747 1.24684
748 1.597824
749 1.2948
750 1.904256
751 2.342016
752 2.56916
753 2.899744
759 1.628656
760 1.291392
761 2.828296
763 3.116784
764 2.692224
765 1.798072
766 1.921928
767 1.980864
768 1.358144
769 1.776584
770 2.13408
771 1.654432
772 1.838592
773 1.379504
774 1.58688
775 1.767296
776 0.98496
777 0.295488
778 0.295488
779 0.71136
780 0.667584
781 0.39432
794 0.2736
796 0.032832
797 0.043776
798 0.043776
800 0.065664
801 0.043776
802 0.043776
804 0.043776
805 0.043776
806 0.043776
807 0.043776
809 0.043776
810 0.032832
811 0.065664
812 0.065664
813 0.05472
815 0.032832
816 0.021888
817 0.032832
818 0.021888
830 0.010944
831 0.065664
833 0.087552
834 0.142272
835 0.098496
836 0.120384
837 0.10944
838 0.10944
839 0.10944
840 0.153216
842 0.016896
843 0.098496
844 0.153216
845 0.131328
846 0.142272
847 0.10944
848 0.153216
849 0.142272
850 0.131328
851 0.131328
853 0.10944
854 0.142272
855 0.10944
856 0.153216
857 0.10944
858 0.10944
859 0.16416
860 0.098496
862 0.10944
871 0.131072
872 0.372352
874 0.043776
875 0.023576
876 0.098496
877 0.153216
878 0.142272
879 0.153216
880 0.186048
881 0.131328
882 0.065664
883 0.142272
884 0.098496
886 0.021888
887 0.065664
888 0.076608
889 0.05472
890 0.065664
899 0.010944
912 0.032832
913 0.781792
914 1.740096
915 1.912568
916 2.242592
917 2.128328
918 2.384296
919 1.801216
920 1.82308
921 2.13408
922 2.269648
923 2.123672
924 2.168872
925 2.441576
926 1.685376
927 1.633296
928 1.849536
929 2.297736
930 2.57184
931 1.911984
932 2.057472
933 1.923088
934 1.466496
935 1.225728
937 0.131072
938 2.48552
939 1.455552
940 1.312184
941 1.630656
942 1.491744
943 1.663488
944 1.067016
945 0.963072
946 1.0684
947 0.372096
948 0.689472
949 0.853632
950 1.047112
951 0.98496
952 0.842688
953 0.963392
954 1.028736
955 0.963072
956 1.133656
957 1.072512
958 0.558144
959 0.876544
960 1.411776
961 0.995904
962 0.787968
964 0.238248
965 0.207936
966 0.645696
967 0.404928
968 0.952128
969 0.32832
970 0.49248
971 1.11492
972 1.575936
973 1.119952
974 1.783872
975 1.021392
976 1.083456
977 1.028736
978 1.055016
979 1.072512
980 0.797912
981 1.280448
982 1.377656
983 1.466496
984 1.374744
985 1.105344
986 0.831744
987 0.787968
988 0.319192
989 0.536256
990 0.43776
991 0.262656
992 0.787968
993 1.019768
994 0.831744
995 0.393984
996 1.083456
997 0.930328
998 0.809856
999 0.448704
1000 0.21888
1001 0.284544
1002 0.59848
1003 0.60192
1004 1.028736
1005 1.138176
1006 0.503424
1007 0.32832
1008 0.537104
1009 0.580032
1010 0.733248
1011 0.798912
1012 0.262656
1013 0.196992
1014 0.240768
1016 0.098496
1017 0.087128
1018 0.372096
1019 0.809856
1020 0.503424
1021 0.580032
1022 0.196992
1023 0.05472
1024 0.634752
1025 0.755136
1026 0.350208
1027 0.27756
1028 0.229824
1029 0.251712
1031 0.131328
1032 0.098496
1044 0.16416
1045 0.10944
1046 0.120384
1047 0.120384
1048 0.120384
1049 0.10944
1050 0.120384
1051 0.131328
1052 0.10944
1053 0.120384
1054 0.120384
1056 0.120384
1063 0.010944
1065 0.964928
1066 1.493672
1067 2.238456
1068 2.096328
1069 2.171952
1070 1.832536
1071 1.76352
1072 1.519896
1073 1.890416
1074 1.6642
1075 2.831352
1076 2.014712
1077 2.856392
1078 3.717344
1079 4.108064
1080 1.918192
1081 2.92244
1082 2.610592
1083 2.799256
1084 3.369448
1085 2.451456
1086 2.732616
1087 1.747408
1088 2.450224
1089 3.147024
1090 2.549952
1091 2.168704
1092 2.95488
1093 3.136336
1094 2.9526
1095 3.331216
1096 2.638464
1097 3.283824
1098 3.970696
1099 4.065184
1100 3.399136
1101 3.764392
1103 3.495888
1104 3.666384
1105 3.34488
1106 3.676376
1107 4.282192
1108 3.539936
1109 3.08048
1110 4.989392
1111 3.553128
1112 4.48052
1113 3.490872
1114 4.046584
1115 4.159416
1116 3.955224
1117 4.118008
1118 3.769184
1119 3.639464
1120 3.065992
1121 3.168104
1122 1.778904
1123 3.664152
1124 3.479056
1125 3.933912
1127 4.21824
1128 4.376176
1129 4.797136
1130 3.958648
1131 4.340872
1132 3.84048
1133 3.075624
1134 3.125176
1135 3.4448
1136 3.329216
1137 4.625864
1138 3.457
1139 3.136152
1140 3.566224
1141 3.396048
1142 4.096968
1143 4.027464
1144 3.431424
1145 3.017416
1146 4.055416
1147 3.342416
1148 4.264032
1149 0.71136
1150 0.065664
1151 0.065664
1152 0.290344
1153 2.74204
1154 4.089528
1155 3.543088
1156 3.21212
1157 2.593728
1159 2.180552
1160 2.231152
1161 2.648448
1162 1.950296
1163 2.747392
1164 3.750216
1165 3.121008
1166 2.582784
1167 2.379632
1168 3.053376
1169 1.609584
1170 2.549952
1171 1.816272
1172 2.889216
1173 2.279368
1174 3.007184
1175 1.672456
1176 2.145024
1177 1.405576
1178 2.309184
1179 2.223688
1180 2.26628
1181 2.197264
1182 2.685624
1183 3.848264
1184 3.644176
1185 2.818376
1186 3.895608
1187 4.360952
1188 4.672952
1189 4.095016
1190 3.209672
1191 2.746944
1192 2.972712
1193 3.352248
1194 2.159072
1195 3.292
1196 3.875536
1197 4.239536
1198 3.256136
1199 3.06292
1200 4.197424
1201 4.580608
1202 4.32676
1203 4.530464
1204 4.60072
1205 4.253648
1206 3.895728
1207 4.208856
1208 4.415408
1209 4.295712
1210 3.968192
1211 3.396024
1212 4.099112
1213 3.655472
1214 4.385712
1215 3.488152
1216 4.624952
1217 3.513176
1218 4.240576
1219 3.145752
1220 3.862784
1221 3.344464
1222 4.543752
1223 4.321984
1225 4.006808
1226 4.5686
1227 4.248624
1228 3.598984
1229 4.618536
1230 3.20352
1231 4.33352
1232 4.1714
1233 4.394064
1234 4.432096
1235 4.138944
1236 3.165952
1237 4.11352
1238 3.502448
1239 4.238808
1240 4.023776
1241 4.55068
1242 3.758408
1243 3.597
1244 4.578312
1245 4.585096
1246 1.793384
1247 3.545552
1248 4.641256
1249 4.778504
1250 4.530272
1251 3.62992
1252 4.459152
1253 3.911688
1254 3.565024
1255 3.30512
1256 3.12348
1257 3.841736
1258 3.797568
1259 3.37204
1260 4.699928
1261 4.320496
1262 3.986128
1263 3.128912
1264 2.673184
1266 3.820464
1267 3.0096
1268 2.51776
1269 4.089264
1270 3.210024
1271 3.690752
1272 3.704808
1273 3.639592
1274 0.240768
1275 6.256792
1276 2.260688
1277 2.878272
1278 2.912496
1279 3.780544
1280 3.355864
1281 3.600832
1282 4.209088
1283 3.649632
1284 2.866088
1285 2.725576
1286 2.43956
1287 3.647736
1288 4.324216
1289 3.66008
1290 4.072464
1291 2.62736
1292 2.132536
1293 2.265408
1294 2.796264
1295 2.333336
1296 3.785312
1297 3.448568
1298 3.150872
1299 2.37608
1300 2.342016
1301 1.366056
1302 1.816704
1303 1.937088
1304 2.851352
1305 2.123136
1308 0.139136
1309 6.240016
1310 3.08756
1311 2.849464
1312 3.77568
1313 1.67568
1314 1.874144
1315 1.977296
1316 2.630344
1317 2.922048
1318 1.804856
1319 1.980864
1320 1.679064
1321 2.090304
1323 0.229824
1324 0.93024
1325 1.171008
1326 1.050624
1327 0.967536
1328 1.47744
1329 1.269504
1330 1.291392
1331 1.619712
1332 0.99372
1333 1.794816
1334 1.761984
1338 0.556208
1339 6.304
1340 2.760576
1341 2.864672
1342 1.772928
1343 1.20384
1344 1.396752
1345 2.270216
1346 2.834496
1347 2.018576
1348 2.124088
1349 2.187888
1350 1.553744
1351 2.065928
1352 2.309328
1353 2.056624
1354 1.913736
1355 1.625392
1356 1.802864
1357 1.616968
1358 1.611576
1359 1.25856
1360 1.404952
1361 1.26372
1362 1.783872
1363 1.758936
1364 1.59724
1365 1.47744
1366 1.671952
1367 1.932504
1368 2.156672
1369 2.172832
1370 2.07436
1371 2.153632
1372 2.075896
1373 1.42272
1375 0.97248
1376 1.499328
1377 2.318816
1378 2.604672
1379 1.862976
1380 1.827648
1381 1.405376
1382 1.996848
1383 1.783872
1384 2.13408
1385 1.619832
1386 2.254464
1387 2.615616
1388 2.036704
1389 3.0096
1390 2.151008
1391 2.79072
1392 2.081608
1393 1.563728
1394 1.02072
1395 1.772928
1396 1.644848
1397 1.472392
1398 2.123136
1399 1.464536
1400 1.80576
1401 1.758024
1402 2.170248
1403 1.859504
1404 1.528328
1405 0.777024
1406 2.18908
1407 2.20468
1408 1.619712
1409 2.342016
1410 2.52156
1411 2.495232
