0 1.579104
1 2.425016
2 0.800832
3 1.669168
4 1.046584
5 1.273096
6 1.959968
7 1.448272
8 1.557368
9 1.490624
11 1.988904
12 2.002824
13 2.254032
14 1.53216
15 1.074688
16 1.862712
17 1.533168
18 1.514112
19 1.998768
20 2.162056
21 1.977984
22 1.969208
23 2.081392
24 2.06784
25 2.01416
26 1.995264
27 1.222224
28 2.276104
29 2.246904
30 2.134432
31 2.169824
32 2.207096
33 2.191728
34 2.162528
35 2.281512
36 1.89772
37 1.9494
39 1.969376
40 1.997344
41 2.301576
42 2.528064
43 1.973304
44 1.880888
45 1.968
46 2.484288
47 1.930456
48 1.630656
49 1.29412
50 3.021304
51 2.528064
52 1.683088
53 1.970832
54 2.513912
55 2.787248
56 3.125312
57 2.966272
58 2.917864
59 3.0936
60 3.355856
61 3.262656
62 3.04684
63 3.009568
64 3.063632
65 2.58524
66 3.069848
67 2.95488
68 3.213216
69 3.344816
70 3.305088
72 3.032088
73 2.811008
74 2.965824
75 2.19596
76 2.863088
77 3.035032
78 3.67252
79 2.462928
80 2.64748
81 2.885152
82 2.342016
83 1.690304
84 1.481872
85 1.882368
86 2.265408
87 1.558632
88 2.157424
89 1.544312
90 1.80576
91 1.084256
92 1.433664
93 1.235672
94 1.828456
95 2.49568
96 2.683632
97 3.42864
98 3.77084
99 2.807792
100 3.077632
101 2.665632
102 2.996944
103 2.692224
104 2.264376
105 2.469232
106 2.812608
107 1.8872
108 1.80576
109 2.421384
110 2.34844
111 1.929904
112 3.403584
113 3.20628
114 3.052632
116 2.629208
117 3.151872
118 1.894784
119 1.700408
120 1.761984
121 1.82648
122 1.349056
123 0.667584
124 0.87552
125 1.03968
126 0.89784
127 1.389888
128 1.375984
129 1.374392
130 1.849536
131 1.493112
132 1.225728
133 1.050624
134 0.938232
135 1.269504
136 1.072512
137 1.925192
138 3.22848
139 2.36804
140 3.021536
141 1.84428
142 1.677848
143 1.633568
144 0.733104
145 0.842688
146 0.94176
147 1.14912
148 0.917832
149 1.302336
150 1.037408
151 1.214784
152 1.23352
153 1.389888
154 1.074736
155 1.243648
156 1.389888
157 1.075832
158 1.378944
159 0.94672
160 1.893312
161 1.429904
162 1.296776
163 1.389888
164 1.229168
165 1.794816
166 1.581096
167 1.061568
168 0.60124
169 0.842688
171 0.995552
172 2.00968
173 2.390712
174 2.427416
175 1.80576
176 1.953864
177 2.273184
178 1.732552
179 1.466496
180 1.160064
181 1.556112
182 1.22616
183 0.623808
184 1.21524
185 0.850896
186 1.105344
187 0.951984
188 0.71136
189 1.138176
190 0.735744
191 1.335168
193 1.910328
194 2.046528
195 1.427504
196 2.161024
197 2.68128
198 1.278576
199 3.126912
200 2.76848
201 1.937088
202 1.407088
203 1.740096
204 1.880712
205 2.292464
206 2.123784
207 2.922048
208 2.212608
209 1.532264
210 2.522104
211 2.287296
212 2.384544
213 2.072416
214 1.815064
215 1.739512
216 1.838456
217 2.389064
218 2.203936
219 2.440512
220 1.88812
221 2.047064
222 1.53216
223 1.14244
224 1.559816
225 1.488384
226 1.685376
227 1.560352
228 2.221632
229 2.199744
230 1.808344
231 1.400832
232 1.983136
233 2.29824
234 2.022192
235 1.937264
236 0.459648
237 0.634752
238 1.225728
239 1.140952
240 1.389888
241 0.043776
242 1.783032
243 1.887944
244 1.970776
245 2.13896
246 2.254464
247 1.794552
248 1.85636
249 1.840128
250 1.870392
251 1.683192
252 2.08364
253 2.47796
254 2.1888
255 1.61968
256 1.505352
257 1.378944
259 1.313504
260 1.214784
261 1.597824
262 2.135592
263 2.4812
264 1.923488
265 1.938752
266 2.26976
267 2.713016
268 2.670336
269 2.133664
270 1.60472
271 1.80576
272 1.793056
273 1.958976
274 1.705232
275 2.320128
276 1.768576
277 1.466496
278 0.623808
279 0.99012
280 2.416824
281 2.9602
282 2.342016
283 2.604368
284 3.143896
285 4.093056
286 4.019712
287 3.916792
288 4.087248
289 3.250368
290 2.752664
291 2.849344
292 4.025416
293 2.493088
294 3.314696
295 2.847872
296 3.190728
297 2.513424
298 4.11436
299 5.155304
300 4.771584
301 1.29228
302 6.062688
303 2.265408
304 2.24352
305 2.443592
306 2.655808
307 3.085744
308 3.963104
309 3.37916
310 4.09904
311 4.575624
312 3.945584
313 3.65916
314 3.273544
315 3.445984
316 3.569856
317 3.169704
318 3.097152
319 3.381248
320 3.815048
321 4.005504
322 3.317784
323 3.276264
324 4.280424
325 3.458496
326 4.284856
327 4.684032
331 0.573208
332 6.165992
333 3.22848
334 2.7782
335 2.692224
336 2.49016
337 1.938184
338 2.221632
339 2.168112
340 2.057472
341 1.084832
342 1.236672
343 0.860328
344 0.470592
345 0.339264
347 0.142016
348 2.589344
349 1.896736
350 2.199744
351 1.981624
352 2.123136
353 1.827608
354 1.96992
355 1.733952
356 1.837744
357 2.232576
358 1.92664
359 2.035584
360 2.112192
361 1.699288
362 1.980864
363 1.342552
364 1.4244
365 1.75104
366 1.615632
367 1.69328
368 1.820696
369 1.707784
370 1.981576
371 2.002408
372 2.047504
373 2.07936
374 1.631376
375 1.66944
376 2.24352
377 1.326792
378 1.321552
379 1.543104
380 1.308512
381 1.028736
382 0.904984
383 1.14912
384 0.749152
385 1.072512
386 0.774712
387 1.160064
388 0.59368
390 1.389888
391 1.08712
392 0.798912
393 0.733248
394 0.89264
395 1.357056
396 1.192896
397 0.858296
398 1.083456
399 0.893504
400 1.03968
401 0.894424
402 1.181952
403 0.966096
404 0.897408
405 0.61364
406 0.93024
407 0.744032
408 1.050624
409 0.793832
410 0.900472
411 0.941184
412 0.742448
413 0.963072
414 0.692424
415 0.952128
416 0.580032
417 0.667152
418 0.76608
419 0.853632
420 0.713496
421 0.634752
422 0.313512
425 0.317376
426 0.131328
427 0.10944
440 0.05472
441 0.623808
442 0.34492
443 1.009488
444 1.042336
445 1.054544
446 1.081192
447 1.091224
448 1.044144
449 1.282504
450 0.916416
451 1.254808
452 1.061568
