0 1.039008
1 1.381256
2 0.787968
3 1.1478
4 1.023472
5 0.978864
6 0.948504
7 0.895736
8 1.26116
9 0.913312
10 0.975664
11 0.992216
12 1.061208
13 1.253824
14 0.929168
15 1.28908
16 1.314224
17 1.18276
18 1.344248
19 1.2744
21 0.97992
22 1.24316
23 1.264176
24 1.297856
25 1.382096
26 1.192072
27 1.13016
28 1.442544
29 1.097856
30 1.27596
31 1.385832
32 1.061864
34 1.23992
35 1.297472
36 1.33704
37 1.204008
38 1.29072
39 1.413824
40 1.455728
41 1.44072
42 1.392744
43 1.37408
44 1.185144
45 0.852808
46 0.419968
47 1.023184
48 1.34048
49 1.395816
50 1.055096
51 1.165216
53 1.045376
54 0.82624
55 0.937008
56 0.81764
57 0.63416
58 0.437816
59 0.550864
60 0.851048
61 0.572752
62 0.780104
63 0.70744
64 0.835136
65 1.062968
66 0.814664
67 0.82784
68 0.787968
69 0.492224
70 0.82784
71 1.035424
73 1.08196
74 0.867384
75 0.640176
76 0.83016
77 0.8354
78 1.14628
79 1.129736
80 0.733416
81 0.574632
82 1.005496
83 1.000112
84 0.96236
85 0.769656
86 0.974704
87 0.964688
89 0.746384
90 0.961992
91 0.963024
92 0.983136
93 0.947
94 0.9726
95 0.846
96 0.989368
97 0.722184
98 1.026776
99 0.719352
100 0.973744
101 1.029072
102 0.990016
104 1.185136
105 0.954072
106 1.177208
107 0.834968
108 0.755088
109 0.80532
110 1.077616
111 0.967232
112 0.84604
113 0.810688
114 0.850392
115 0.9176
116 0.952496
117 1.04024
119 0.989096
120 0.859496
121 1.018688
122 1.076048
123 0.562464
124 0.503424
125 0.627984
126 0.767616
127 0.735784
128 0.81268
129 0.609632
130 0.509224
132 0.785992
133 0.795216
134 0.845648
135 0.893928
136 0.892328
137 0.593512
138 0.8296
139 0.558472
140 0.762976
141 0.689256
142 0.588984
143 0.770488
144 0.534792
145 0.45524
146 0.175104
147 0.391912
148 0.776088
149 0.42928
150 0.72792
151 0.757784
152 0.6662
153 0.784904
154 0.841768
155 0.959624
156 0.693856
157 0.944096
158 0.666736
159 0.833976
160 0.55536
161 0.8252
162 0.27052
163 0.746664
164 0.339264
165 0.610064
166 0.604536
167 0.370296
168 0.46244
169 0.345952
170 0.317376
171 0.283608
173 0.305472
174 0.472088
175 0.350208
176 0.16348
177 0.579688
178 0.513872
180 0.339264
181 0.177096
182 1.075792
183 0.593584
184 1.012272
185 0.861088
186 1.014584
187 0.898408
188 0.793088
189 0.976928
190 1.150384
191 1.01948
192 0.910552
194 0.69936
195 0.609608
196 0.905024
197 0.766416
198 0.699208
199 0.850016
200 0.779088
201 0.649128
202 0.9628
203 0.600016
204 0.562864
205 0.603968
206 0.722304
207 0.342896
208 0.301552
209 0.448584
210 0.350208
211 0.234656
213 0.317376
214 0.30424
215 0.251712
216 0.26828
217 0.295488
218 0.226856
219 0.240768
221 0.032832
222 0.410336
223 0.381552
224 0.251712
225 0.16416
226 0.198152
227 0.284544
228 0.237344
229 0.251712
230 0.216976
232 0.21888
233 0.316104
234 0.361152
235 0.310904
236 0.21888
237 0.179328
238 0.553576
239 0.787968
240 0.664544
241 0.611152
242 0.613824
243 0.706504
244 0.456416
245 0.640504
246 0.75784
247 0.282632
249 0.142272
256 0.715344
257 0.371104
258 0.999056
259 1.022248
260 1.280224
261 1.215016
262 1.456624
263 1.559528
264 1.749672
265 1.711384
266 1.173808
268 1.112616
269 0.451744
270 0.922736
271 0.996896
272 1.412848
273 1.835144
274 0.995944
276 0.869064
277 0.9942
278 1.34688
279 1.204896
280 1.348984
281 1.101256
282 0.946552
283 0.722088
284 0.849864
285 0.622792
286 0.648976
287 0.558144
288 0.46812
289 0.403776
290 0.505416
291 0.594336
292 0.587208
293 0.765464
294 0.514368
295 0.288728
296 0.298096
297 0.196992
299 0.186048
300 0.142272
301 0.368592
302 0.809696
303 0.583744
304 0.489904
305 0.610904
306 0.576552
307 0.530648
308 0.636784
309 0.395688
310 0.43552
311 0.655728
312 0.43172
313 0.4386
314 0.59472
318 0.480488
319 0.339264
320 0.36776
321 0.415784
322 0.371104
324 0.32832
325 0.407192
326 0.284544
327 0.206256
328 0.2736
329 0.246544
330 0.430576
331 0.350208
332 0.24464
333 0.310904
334 0.562384
335 0.795824
336 0.361152
337 0.337912
338 0.556752
339 0.795664
340 0.925192
342 0.431368
343 0.2736
344 0.317376
345 0.062256
346 0.306432
347 0.295296
348 0.121088
350 0.120384
351 0.778872
352 0.615632
353 0.495488
354 0.207936
355 0.021888
357 0.354744
358 0.186048
359 0.076608
360 0.087552
361 0.10944
362 0.153216
363 0.120384
364 0.112248
365 0.009
366 0.10944
367 0.503424
368 0.310632
369 0.49248
370 0.343736
371 0.372096
373 0.076464
374 0.142272
376 0.16416
377 0.142272
378 0.153216
379 0.13784
380 0.153216
381 0.142272
382 0.186048
383 0.154144
384 0.284544
385 0.2128
386 0.368632
387 0.16416
388 0.131328
389 0.087552
390 0.10872
392 0.107504
393 0.16416
394 0.142272
395 0.131328
396 0.144488
397 0.175104
398 0.175104
399 0.049488
400 0.175104
401 0.2736
403 0.277072
404 0.16416
405 0.076696
406 0.131328
407 0.153216
408 0.087552
409 0.08792
410 0.196992
411 0.153216
412 0.129032
413 0.196992
415 0.131072
416 0.46372
417 0.291712
418 0.229824
419 0.174416
420 0.2736
421 0.262792
422 0.32832
423 0.21832
424 0.251712
425 0.207264
426 0.306432
427 0.374584
429 0.473016
430 0.470592
431 0.260352
432 0.459376
433 0.567152
434 0.52676
435 0.423008
436 0.569088
437 0.489968
438 0.705872
439 0.796848
440 1.153264
441 0.7742
442 1.1264
443 0.68396
444 0.35412
445 0.434448
446 0.862024
447 1.084904
448 1.031352
449 1.016744
450 0.96804
451 0.881448
452 0.962056
453 0.663096
454 0.51944
455 0.571768
456 0.336616
457 0.415872
459 0.29392
460 0.229824
461 0.15532
462 0.262656
463 0.207936
464 0.180488
465 0.251712
466 0.226528
467 0.350208
468 0.413608
469 0.536256
470 0.319864
471 0.21888
472 0.175104
473 0.21784
474 0.251712
475 0.211288
476 0.229824
477 0.259088
478 0.337256
479 0.339264
480 0.407016
481 0.426816
482 0.27724
483 0.262656
485 0.333832
486 0.350208
487 0.207936
488 0.128344
489 0.131328
490 0.131328
491 0.209384
492 0.284544
493 0.422296
494 0.402776
495 0.35332
496 0.459648
497 0.32632
498 0.387952
499 0.455592
500 0.403616
501 0.500144
502 0.281072
503 0.415872
504 0.371296
505 0.35044
506 0.404928
507 0.342088
508 0.379016
509 0.372096
510 0.355712
511 0.525312
512 0.398904
513 0.433256
514 0.493296
516 0.337328
517 0.35748
518 0.472856
519 0.547064
520 0.515128
521 0.262656
522 0.257088
523 0.38304
524 0.543648
525 0.696672
526 0.472944
527 0.461008
528 0.4348
529 0.467504
530 0.56376
531 0.645696
532 0.519512
533 0.521552
534 0.49736
535 0.51236
537 0.592048
538 0.6142
539 0.60408
540 0.534424
541 0.620112
542 0.748312
543 0.695208
544 0.683056
545 0.333256
546 0.343384
547 0.507776
548 0.608376
549 0.686144
550 0.826176
551 0.638664
552 0.35996
553 0.58448
554 0.366584
555 0.726984
556 0.859856
557 1.003816
558 0.746976
559 0.829816
560 0.574952
562 0.651704
563 0.816376
564 0.727056
565 0.370736
566 0.459648
567 0.451328
568 0.716144
569 0.588
570 0.643352
571 0.579912
572 0.538608
573 0.771712
574 0.806672
575 0.83464
576 0.835528
577 0.589408
579 0.284544
580 0.21888
581 0.457552
582 0.77364
583 1.14292
584 0.497976
585 0.399192
586 0.3328
587 0.6992
588 1.003536
589 0.913624
590 0.952976
591 0.98008
592 0.997272
593 1.11548
594 0.869664
595 1.077688
596 1.004888
597 0.984872
598 0.545448
599 0.838352
600 0.749784
601 0.82784
602 0.825528
603 1.145504
604 0.974064
605 0.77316
606 0.803704
607 0.631176
608 0.61732
609 0.744968
610 0.499344
611 0.473288
613 0.562232
614 0.711456
615 0.739864
616 0.4842
617 0.633008
618 0.795624
619 0.739568
620 0.646264
621 1.022064
622 0.67836
623 0.756088
624 0.933
625 0.781384
626 0.847344
627 1.142096
628 0.772864
629 1.144376
630 0.9808
631 1.089088
632 0.923928
633 0.847464
635 1.057736
636 1.027736
637 1.046152
638 0.863152
639 0.953528
640 1.125632
641 1.46512
642 1.062488
643 1.11284
644 0.97072
645 1.28104
646 1.13424
647 1.1444
648 1.29616
649 1.375512
650 0.97668
651 1.004776
652 1.087352
653 1.012584
654 1.090328
655 1.255136
656 1.145256
657 1.00352
658 1.127032
659 0.947352
661 1.084448
662 0.764056
663 1.085208
664 1.115696
665 1.168704
666 1.097576
667 1.10408
668 1.166592
669 1.057216
670 1.144688
671 1.047312
672 1.073864
673 1.370784
674 1.220536
675 1.598376
676 1.299
677 1.937944
678 1.170928
680 0.5472
681 0.589032
682 0.383184
683 0.261576
684 0.386528
685 0.910544
686 1.024872
687 0.859536
688 0.525312
689 0.497464
690 0.34328
691 0.406976
692 1.0842
693 1.245936
694 0.902416
695 1.0996
696 1.251232
697 1.100304
698 1.018088
699 1.254104
700 0.807608
701 1.167576
702 1.22848
703 1.147216
704 1.249192
706 0.80164
707 1.255752
708 1.4122
709 1.239168
710 1.186336
711 0.457648
712 0.792464
713 1.041944
714 1.29276
715 0.79348
716 0.687656
717 0.415872
718 0.20496
719 0.207936
720 0.21888
721 0.208496
722 0.284544
723 0.32832
724 0.307712
725 0.240768
726 0.284544
727 0.291552
728 0.32656
729 0.246768
730 0.2736
731 0.244632
732 0.317376
733 0.350208
734 0.349528
736 0.449248
737 0.448704
738 0.361152
739 0.201104
740 0.317376
741 0.410152
742 0.32832
743 0.295488
744 0.131
745 0.350208
746 0.467256
747 0.840592
748 0.55872
749 1.112928
750 1.245824
751 1.199392
752 1.110472
753 1.525088
754 0.89104
756 0.738256
757 0.917392
758 1.235864
759 1.479744
760 1.231168
761 1.316496
762 1.403584
763 1.290568
764 1.76136
765 1.336616
766 1.600776
767 1.396608
768 1.706312
769 1.828152
770 1.552912
771 1.573248
773 1.645824
774 1.357224
775 1.263832
776 1.093688
777 1.242312
778 1.214064
779 1.508392
780 1.246504
781 1.166112
782 0.816216
783 0.45556
784 0.862136
785 1.356872
786 1.166552
787 0.969032
788 1.186664
789 1.131144
790 1.055336
791 0.701064
792 1.118592
794 1.15712
795 1.198112
796 1.462984
797 1.176656
798 1.386368
799 1.488048
800 1.355536
801 1.312712
802 1.293024
803 1.213696
804 1.265712
805 1.270152
806 1.543744
807 1.472232
808 1.675504
809 1.36924
810 1.32832
811 1.160048
813 1.318984
814 1.349248
815 1.149592
816 1.60012
817 1.562048
818 1.319544
819 1.938056
820 1.619816
821 1.459936
822 1.459616
823 1.658392
824 1.33132
825 1.388784
826 1.463792
827 1.511696
828 1.313912
829 1.379656
830 1.415304
831 1.214224
832 1.314608
833 1.422608
834 1.115344
835 1.154256
836 1.283632
837 1.290256
838 1.15636
839 1.420624
840 1.020752
841 1.19248
842 1.27292
843 1.067752
844 0.806768
845 1.017976
846 0.958888
847 0.925784
849 0.800064
850 0.56072
851 0.527584
852 0.317376
853 0.16416
854 0.166688
855 0.295488
856 0.172264
857 0.186048
858 0.27144
859 0.468664
860 0.378192
861 0.37304
862 0.569088
863 0.528672
864 0.393832
865 0.322392
866 0.339264
867 0.308688
868 0.40212
869 0.37016
870 0.568976
871 0.526576
872 0.36908
873 0.162304
874 0.142272
875 0.087552
877 0.137888
878 0.229824
879 0.220896
880 0.207936
881 0.203336
882 0.142272
883 0.10944
884 0.098496
885 0.10944
886 0.123984
888 0.120384
889 0.289304
890 0.338216
891 0.403
892 0.450904
893 0.536504
894 0.509456
895 0.610224
897 0.58076
898 0.599776
899 0.674376
900 0.521176
901 0.372096
902 0.187896
903 0.120384
905 0.021888
906 0.415872
907 0.120384
908 0.092464
909 0.131328
910 0.131328
911 0.098496
913 0.043776
914 0.132552
915 0.2736
917 0.175104
918 0.130976
919 0.153216
920 0.098496
921 0.10944
922 0.17548
923 0.229824
924 0.21888
925 0.15428
926 0.240768
927 0.291184
928 0.262656
929 0.310208
930 0.5374
931 0.88932
932 0.668552
933 0.609424
934 0.662656
935 0.72492
936 0.609824
937 0.946472
938 1.085992
939 1.051352
941 1.365528
942 0.875696
943 0.97372
944 1.051776
945 1.1034
946 1.299968
947 1.09716
948 1.98524
949 1.477792
950 1.267792
951 1.275976
952 1.473216
953 1.572976
954 1.502176
955 1.069456
956 1.204432
958 1.47196
959 1.447984
960 1.25256
961 1.209696
962 1.626456
963 1.247384
964 0.87452
965 0.679792
966 0.459648
967 0.131072
968 0.836856
969 0.537688
970 0.924672
971 0.979408
972 0.712456
973 1.050184
975 0.80796
976 0.8012
977 0.760624
978 0.59248
979 0.688712
980 0.871888
981 0.812464
982 0.796448
983 0.718576
984 0.658904
985 0.69752
986 0.845736
987 0.768224
988 0.644784
989 0.821992
990 0.710352
991 0.687048
992 0.504384
993 0.709704
994 0.5472
995 0.434048
996 0.826496
997 0.835416
998 0.947064
999 1.12308
1000 1.37884
1001 1.091088
1002 1.464664
1004 1.359464
1005 1.263664
1006 0.905056
1007 0.934432
1008 0.775552
1009 0.977104
1010 0.990128
1011 1.079896
1012 1.130976
1013 0.491568
1014 0.705544
1015 0.978624
1016 0.863152
1017 1.257736
1018 1.335248
1019 1.55272
1020 1.785944
1021 1.577784
1022 1.482888
1024 1.866952
1025 1.816304
1026 1.78172
1027 1.81552
1028 1.721648
1029 1.598312
1030 1.546928
1031 1.98076
1032 1.894144
1033 1.797248
1034 2.44524
1035 1.818256
1036 1.481696
1037 1.79036
1038 1.66208
1040 1.382088
1041 1.57052
1042 1.642816
1043 1.235296
1044 1.46484
1045 1.343616
1046 1.07272
1047 1.356128
1048 1.200816
1049 1.155952
1050 0.973352
1051 1.709008
1052 1.28084
1053 1.326504
1054 1.529408
1055 1.67004
1056 1.372528
1057 1.491208
1058 1.10712
1059 1.260312
1060 0.691096
1061 1.112728
1062 1.538536
1063 1.122184
1064 1.02192
1065 0.62368
1067 0.592256
1068 0.753712
1069 0.652032
1070 0.848088
1071 0.775008
1072 0.936872
1073 0.824544
1074 0.87832
1075 1.079672
1076 1.226312
1077 0.684032
1078 0.557536
1079 0.470592
1080 0.244792
1081 0.631792
1082 0.38304
1083 0.725584
1084 0.805576
1085 0.940296
1086 1.006792
1087 1.089296
1088 0.94924
1089 0.538528
1090 0.448704
1092 0.267
1093 0.248848
1094 0.295488
1095 0.208312
1096 0.142272
1097 0.131328
1099 0.010944
1100 0.354376
1101 0.31184
1102 0.065664
1103 0.530144
1104 0.566
1105 0.82524
1107 1.057368
1108 0.774944
1109 1.016664
1110 0.787176
1111 0.741496
1112 0.636152
1113 0.784232
1114 0.872464
1115 1.008288
1116 0.8596
1117 0.90996
1118 0.9086
1119 0.831192
1120 0.855504
1121 0.998576
1122 0.817976
1123 0.786856
1124 0.779416
1125 0.614776
1126 0.926144
1127 0.654056
1128 0.73196
1129 1.190672
1131 1.557328
1132 1.493752
1133 1.103632
1134 0.984432
1135 1.176168
1136 0.733344
1137 0.936936
1138 0.857216
1139 1.088792
1140 1.023984
1141 1.054056
1142 0.898144
1143 0.760208
1144 0.63464
1146 0.645696
1147 0.76004
1148 1.01204
1149 1.29524
1150 1.54084
1151 1.423
1152 1.353056
1153 0.731352
1154 0.409976
1155 0.229824
1157 0.131072
1158 0.796432
1159 0.702104
1160 0.687152
1161 0.941672
1162 0.63296
1163 0.449088
1164 0.295488
1165 0.281216
1166 0.404928
1167 0.379856
1168 0.455416
1169 0.420208
1170 0.295488
1171 0.262656
1173 0.018928
1174 0.459648
1175 0.845992
1176 1.146392
1177 1.250544
1178 1.104992
1179 1.134368
1180 1.466712
1182 1.144552
1183 1.020088
1184 1.284552
1185 1.097776
1186 1.19032
1187 1.68472
1188 1.3232
1189 1.404536
1190 1.4502
1191 1.503768
1192 1.264376
1193 1.220304
1194 1.45228
1195 1.293304
1196 1.259984
1197 0.764264
1198 1.249736
1200 1.235048
1201 1.453224
1202 1.372752
1203 1.265696
1204 1.323648
1205 1.06036
1206 1.36068
1207 1.116616
1208 1.034072
1209 1.402912
1210 0.866176
1211 1.128
1212 0.879944
1213 1.066344
1214 1.53268
1215 1.231872
1216 1.37188
1217 1.326728
1218 1.303664
1219 1.193824
1220 1.572368
1222 1.434936
1223 1.296464
1224 1.201744
1225 1.200528
1226 1.226128
1227 1.19516
1228 1.229656
1229 1.194336
1230 1.143152
1231 1.300904
1232 1.267264
1233 1.304352
1234 1.139408
1235 0.765496
1236 1.045408
1237 1.385744
1238 1.045856
1239 1.17444
1240 0.944232
1241 1.072056
1242 0.92192
1243 1.049792
1244 1.054344
1246 1.172968
1247 1.05924
1248 0.778768
1249 0.524944
1250 0.459648
1251 0.335896
1252 0.38304
1253 0.131072
1254 0.149856
1255 0.802976
1257 1.287144
1258 1.089088
1259 1.042112
1260 1.15324
1261 1.396312
1262 1.0548
1263 1.084104
1264 1.053624
1265 0.51312
1266 1.390784
1267 1.290552
1268 1.395192
1269 0.976656
1270 0.932272
1271 0.838768
1272 1.032224
1273 0.907984
1274 1.562544
1275 1.253288
1276 1.812184
1277 1.74984
1278 1.981576
1279 1.961184
1280 1.249152
1281 1.184464
1282 0.709816
1283 0.491456
1285 0.053296
1286 0.533288
1287 1.012704
1288 1.288216
1289 0.894168
1290 1.27068
1291 1.217968
1292 0.922512
1293 1.076936
1294 0.748272
1295 0.617624
1296 0.317376
1297 0.336136
1298 0.339264
1299 0.408504
1301 0.286448
1302 0.938104
1303 0.824288
1304 0.626296
1305 0.043776
1306 0.175104
1308 0.297224
1309 0.883176
1310 1.068688
1311 1.365336
1312 1.224232
1313 1.034696
1314 1.113616
1316 1.04616
1317 0.827136
1318 0.818592
1319 0.833496
1320 0.852192
1321 0.967704
1322 0.74408
1323 0.7906
1324 0.776104
1325 1.120464
1326 0.913184
1327 1.113408
1328 0.866816
1329 0.802936
1330 1.264712
1331 1.18108
1332 1.2118
1334 1.334992
1335 1.126488
1336 1.135776
1337 1.134784
1338 1.146256
1339 1.191672
1340 1.025656
1341 1.041288
1342 1.18944
1343 1.45288
1344 1.674072
1345 1.80916
1346 1.696
1347 1.620672
1348 1.390848
1349 1.680032
1350 1.770232
1351 1.224696
1352 1.395496
1353 1.4554
1354 1.18476
1355 1.3866
1356 1.240672
1357 1.474624
1359 1.229184
1360 1.361712
1361 0.936072
1362 1.347672
1363 1.113128
1364 1.154672
1365 1.2506
1366 1.210216
1367 1.287816
1368 1.351144
1369 1.020088
1370 1.101848
1371 1.161968
1372 1.150192
1373 0.882288
1374 1.089552
1375 1.137096
1376 1.059248
1377 0.892624
1378 1.119856
1380 1.102192
1381 1.1136
1382 1.1694
1383 1.014704
1384 1.21524
1385 0.970976
1386 0.999368
1387 0.971536
1388 1.03256
1389 1.051376
1390 1.182448
1391 1.350216
1392 1.26432
1393 1.389072
1394 1.523976
1395 0.81388
1396 0.792208
1397 0.9312
1398 0.855904
1399 1.161848
1400 1.170688
1401 1.170544
1402 1.038928
1404 1.212512
1405 1.293768
1406 1.26736
1407 1.200776
1408 1.11912
1409 1.272872
1410 1.22412
1411 1.17308
1412 0.997104
1413 1.216512
1414 1.288952
1415 0.734992
1416 1.137992
1417 1.058544
1418 1.073144
1419 1.121696
1420 1.380248
1421 1.169328
1422 0.951336
1423 1.03524
1424 1.107792
1425 1.079848
1426 1.0492
1427 1.071768
1428 1.184696
1429 1.261928
1431 1.13208
1432 1.14968
1433 1.331888
1434 1.033792
1435 0.989944
1436 0.913224
1437 0.916944
1438 1.198224
1439 1.15012
1440 1.171656
1441 1.024224
1442 0.944744
1443 1.030264
1445 1.224688
1446 1.02024
1447 1.26388
1448 1.055024
1449 0.75448
1450 0.74236
1451 0.715336
1452 0.742144
1453 1.265248
1454 1.003016
1455 1.216104
1456 1.127848
1457 1.14024
1458 1.17792
1459 1.270984
1460 1.148312
1461 0.911368
1462 1.130528
1463 1.231408
1464 1.056
1465 1.032376
1466 1.0356
1467 1.090088
1468 0.573088
1469 1.043632
1470 1.21728
1471 0.698432
1472 0.978376
1473 1.2314
1475 1.4026
1476 1.41616
1477 0.86188
1478 1.10288
1479 0.778048
1480 0.506608
1481 0.559736
1482 0.656216
1483 0.604096
1484 0.633424
1485 1.039008
1486 1.046216
1487 1.217728
1488 1.28568
1489 1.251128
1490 1.10852
1491 1.054832
1492 1.246376
1493 1.205368
1494 1.2714
1495 1.151856
1496 1.244672
1497 1.22776
1498 1.119384
1499 1.083984
1500 0.831576
1501 0.719224
1502 1.08788
1503 1.243928
1504 0.960776
1505 1.34396
1507 1.174456
1508 1.136192
1509 1.183984
1510 0.99136
1511 0.835
1512 1.014184
1513 1.190848
1514 1.049688
1515 1.139912
1516 1.338592
1517 1.448736
1518 1.1038
1519 1.315712
1520 0.898728
1521 1.419472
1522 1.285216
1523 0.85388
1524 1.195584
1525 1.238432
1526 1.165336
1527 1.205832
1528 0.960624
1529 1.010736
1530 1.032496
1532 1.01392
1533 0.897688
1534 0.725696
1535 0.773504
1536 1.077744
1537 0.977128
1538 0.988672
1539 1.130656
1540 0.796112
1541 1.11876
1542 1.1468
1543 1.068544
1544 1.148472
1545 1.093896
1547 1.058808
1548 1.119624
1549 1.075016
1550 1.314624
1551 1.569192
1552 1.361464
1553 1.598488
1554 1.18392
1555 1.17524
1556 1.187216
1557 1.241672
1558 1.288272
1559 1.076368
1560 1.187032
1561 1.056744
1562 1.120136
1563 1.473368
1564 1.133056
1565 0.760464
1566 0.95668
1567 1.126424
1568 1.068512
1569 1.008472
1570 1.17488
1572 1.147184
1572 0.45984
