0 1.400832
1 1.153664
2 1.543104
3 1.521216
4 1.14272
5 1.444608
6 1.120832
7 0.952128
8 0.952128
9 0.131072
10 1.832448
11 1.171008
12 1.061568
13 1.03328
14 1.324224
15 1.19744
16 0.787968
17 1.03968
18 1.171008
19 0.8144
20 0.8208
21 0.678528
22 1.050624
23 0.715904
24 0.952128
25 1.017792
26 0.945728
27 1.42272
28 1.47744
29 1.219328
30 1.42272
31 1.372544
32 1.280448
33 1.192896
34 1.03328
35 0.8208
36 1.181952
37 1.25216
38 1.86048
39 1.295936
40 1.368
41 1.186496
42 0.853632
43 0.831744
44 1.105344
45 1.186496
46 1.499328
47 1.098944
48 1.291392
49 1.389888
50 1.077056
51 1.499328
52 1.361608
53 1.575936
55 1.624256
56 1.6416
57 1.624256
58 1.608768
59 1.499328
60 1.219328
61 1.718208
62 1.460096
63 1.575936
64 1.449152
65 2.002752
66 1.536704
67 1.96992
68 1.591424
69 1.958976
70 1.263104
71 1.75104
72 1.394432
73 1.53216
74 1.284992
75 1.006848
76 1.050624
77 0.737792
78 0.853632
79 1.225728
80 1.263104
81 1.324224
82 1.072512
83 0.956672
84 0.634752
87 0.514112
88 2.040384
89 0.426816
91 0.098496
92 0.842688
93 0.612864
94 0.5472
95 0.573632
96 0.481536
97 0.842688
98 0.536256
99 0.285056
100 0.68896
101 0.748736
102 0.897408
103 0.700416
104 0.459648
105 0.43776
106 0.475136
107 0.580032
108 0.426816
109 0.459648
113 0.065664
114 2.1824
115 0.722304
116 0.831744
118 0.470592
119 1.383488
120 1.028736
121 1.181952
122 0.891008
123 0.722304
124 0.919296
125 0.853632
126 0.639288
127 0.306432
128 0.38304
129 0.032832
130 2.1888
131 0.912896
132 1.302336
133 1.083456
135 0.694016
136 0.809856
137 0.733248
138 0.076608
139 1.109888
141 0.38304
142 0.65664
143 0.569088
144 0.43776
145 0.5472
146 0.781568
147 1.171008
148 1.14912
149 0.858176
150 0.908352
151 0.809856
152 0.722304
153 0.49248
154 0.32192
155 0.142272
156 0.634752
157 0.240768
158 0.404928
161 0.065664
162 0.798912
163 0.350208
164 0.306432
171 0.300032
172 0.645696
173 0.667584
174 0.514368
175 0.536256
176 0.689472
177 0.617408
178 0.623808
179 0.295488
180 0.196992
193 0.010944
194 0.645696
195 0.71136
196 0.398528
197 0.415872
198 0.689472
199 0.897408
200 0.864832
201 0.42016
202 0.229824
203 0.229824
204 0.503424
205 0.853632
206 0.864576
207 0.584576
208 0.755136
209 1.050624
210 0.98496
211 0.748736
212 1.061568
213 1.127232
214 1.055168
215 1.280448
216 1.160064
217 1.088
218 1.20384
219 1.171008
220 0.92384
221 0.93024
222 0.76608
223 0.798912
224 0.617408
225 0.777024
226 0.853632
227 0.809856
228 0.628352
229 0.87552
231 0.974016
232 0.995904
233 0.8144
234 1.0944
235 1.127232
236 0.934784
237 0.908352
238 0.842688
239 0.908352
240 0.934784
241 1.028736
242 1.0944
243 1.263112
244 1.554048
245 1.383488
246 1.378944
247 1.302336
248 1.14272
249 1.389888
250 1.175552
251 1.127232
252 1.138176
253 1.055168
254 1.302336
255 1.335168
256 1.066112
257 1.192896
258 1.295936
259 1.31328
260 1.400832
261 1.109888
262 1.444608
263 1.30688
264 1.499328
265 1.543104
266 1.219328
267 1.291392
268 1.19744
269 1.083456
270 1.335168
271 1.120832
272 1.47744
273 1.328768
274 1.31328
275 0.995904
276 0.919296
277 0.672128
278 0.612864
279 0.722304
280 0.777024
281 0.672128
282 0.777024
283 0.831744
284 0.853632
285 0.803456
286 0.831744
287 0.71136
288 0.503424
289 0.689472
290 0.770624
291 0.952128
292 1.083456
293 0.901952
294 1.127232
295 1.280448
296 1.109888
297 1.171008
298 1.324224
299 0.967616
300 1.072512
301 1.116288
302 0.748736
303 1.050624
304 1.017792
305 1.050624
306 0.978552
307 1.127232
308 1.105344
309 0.770624
310 1.138176
311 1.050624
312 0.901952
313 1.061568
314 0.831744
315 0.71136
316 0.606464
317 0.612864
318 0.886464
319 1.017792
320 0.661184
322 1.335168
323 1.214784
324 0.912896
325 1.138176
326 1.20384
327 0.912896
328 1.269504
329 1.324224
330 1.19744
331 1.247616
332 1.044224
333 1.357056
334 1.368
335 1.131776
336 1.269504
337 1.346112
338 0.989504
339 1.116288
340 0.963072
341 0.737792
342 0.93024
343 0.853632
344 0.908352
345 0.715904
346 1.028736
347 0.897408
348 0.65664
349 0.43136
350 0.5472
351 0.514368
352 0.317376
353 0.2736
354 0.404928
355 0.558144
356 0.37664
357 0.777024
358 0.744192
359 0.76608
360 0.60192
361 0.354728
363 0.186048
364 0.645696
365 0.580032
366 0.448704
367 0.32832
368 0.2736
369 0.393984
371 0.42044
372 0.678528
373 0.590976
374 0.667584
375 0.426816
376 0.274368
377 0.383168
378 0.408576
379 0.623808
380 1.072512
381 1.41904
382 1.124512
383 1.061568
384 0.733248
385 0.365696
386 0.569088
387 0.623808
388 0.426816
394 0.131072
395 1.712064
396 0.426816
397 0.393984
398 0.251712
399 0.2736
400 0.612864
401 0.612864
402 0.481536
403 0.321928
404 0.426816
405 0.317376
406 0.361152
407 0.43776
408 0.415872
409 0.240768
410 0.32832
412 0.464192
413 0.700416
414 0.734144
415 0.611968
416 0.65664
417 0.573632
418 0.49248
419 0.5472
420 1.061568
421 1.116288
422 0.989504
423 1.138176
424 1.028736
425 0.551744
426 0.853632
427 0.76608
428 0.76608
429 0.726848
430 0.963072
431 1.006848
432 0.941184
433 0.792512
434 1.061568
435 0.995904
436 0.86912
437 0.952128
438 0.952128
439 0.569088
440 0.393984
441 0.409472
442 0.65664
443 0.514368
444 0.393984
445 0.393984
446 0.536256
447 0.497024
448 0.93024
449 1.083456
450 1.263104
451 1.291392
452 1.0944
453 0.891008
454 0.93024
455 1.138176
456 1.127232
457 0.891008
458 0.919296
459 0.842688
460 0.8144
461 0.60192
462 0.580032
463 0.536256
464 0.525312
468 0.196992
469 0.098496
470 0.098496
471 0.098496
472 0.10944
473 0.10944
474 0.098496
475 0.098496
476 0.43136
477 1.0944
478 1.138176
479 0.901952
480 0.831744
481 0.93024
482 0.809856
483 0.617408
484 0.76608
485 0.853632
499 0.678528
500 0.755136
501 1.886912
502 2.554496
503 2.013696
504 2.434112
506 1.492928
507 1.827648
508 2.652984
509 2.7296
510 2.576384
511 2.817152
512 3.053376
513 2.915648
514 2.762432
515 2.696768
516 2.007296
517 2.937536
518 2.987712
519 2.773376
520 2.860928
521 2.598272
522 2.532608
523 2.320128
524 1.449152
525 1.400832
526 1.657088
527 2.265408
528 2.226176
529 2.445056
530 2.160512
531 2.35296
532 2.215232
533 2.1824
534 2.51712
535 1.897856
536 1.908808
537 2.659392
538 2.379392
539 2.423168
540 2.313728
541 1.740096
542 1.68992
543 2.473344
544 1.613312
545 1.6416
546 1.230272
547 1.707264
548 1.536704
549 2.090304
550 1.547648
551 1.685376
552 1.558592
553 1.816704
554 1.394432
555 1.543104
556 1.219328
557 1.378944
558 0.043776
564 0.131072
574 0.799168
575 0.551744
576 0.689472
577 0.49248
578 0.415872
580 0.043776
581 0.5472
582 1.079768
583 0.938472
584 0.995904
585 1.324224
586 1.131776
587 1.006848
588 0.919296
589 0.901952
590 1.14912
591 0.645696
592 0.733248
593 0.59552
594 0.798912
595 0.744192
596 0.853632
598 0.48608
608 0.21888
609 1.346112
610 1.378944
611 0.70496
612 1.926144
613 1.646144
614 1.0944
615 1.6352
616 1.849536
617 1.657088
618 1.838592
619 1.657088
620 2.002752
621 1.843136
622 1.958976
623 1.79936
624 1.657088
625 1.652544
626 0.131072
627 2.926848
628 1.733696
629 1.729152
630 1.547648
631 1.564992
632 1.630656
633 1.481984
634 1.554048
635 1.405376
636 1.53216
637 1.30688
638 1.521216
639 1.514816
640 1.466496
642 1.41632
643 1.368
644 1.368
645 1.164608
646 0.995904
647 0.8208
648 0.60192
649 0.256256
650 0.295488
651 0.514368
652 0.952128
653 0.974016
654 0.672128
655 1.083456
656 1.236672
657 1.328768
658 1.455552
659 1.284992
660 1.608768
661 1.554048
662 1.438208
663 1.181952
664 0.792512
665 0.919296
666 1.389888
667 1.383488
668 1.31328
669 1.192896
670 0.967616
671 1.105344
672 1.116288
673 0.967616
674 1.269504
675 1.291392
676 0.912896
677 1.225728
678 1.181952
679 0.912896
680 0.842688
681 0.76608
682 0.880064
683 0.853632
684 1.116288
685 0.886464
686 0.606464
687 0.612864
688 0.470592
691 0.393984
692 0.10944
693 0.10944
694 0.10944
695 0.10944
702 0.065664
704 1.120832
705 1.838592
706 1.419032
707 1.28868
708 1.455552
709 0.97856
710 1.400832
711 0.131072
712 2.171712
713 0.580032
714 0.536256
715 0.49248
716 0.803456
717 0.787968
718 0.689472
719 0.350208
720 0.974016
721 0.75968
722 0.525312
723 0.974016
724 0.853632
725 0.901952
726 0.864576
727 1.20384
728 1.044224
729 0.65664
730 0.415872
731 0.558144
732 1.138176
733 0.8144
734 0.787968
735 0.503424
736 0.317376
737 0.448704
738 0.777024
739 0.409472
741 0.372096
742 0.2736
743 0.503424
747 0.021888
748 0.8208
749 0.945728
750 1.31328
751 1.674432
752 1.372544
753 1.127232
754 1.077056
755 1.510272
756 1.455552
757 0.86912
758 0.919296
759 1.006848
760 1.295936
761 1.291392
762 1.4382
763 1.608768
764 1.510272
765 1.230272
766 1.488384
767 1.241216
768 1.564992
769 1.383488
770 1.455552
771 1.368
772 1.077056
773 1.368
774 1.153664
775 1.455552
776 1.6416
777 1.295936
778 1.685376
779 1.328768
780 1.554048
781 1.328768
782 1.466496
783 1.284992
784 1.411776
785 1.455552
786 0.97856
787 1.225728
788 1.42272
789 1.153664
790 1.400832
791 1.263104
792 1.608768
793 1.328768
794 1.488384
795 1.619712
796 1.405376
797 1.368
798 1.055168
799 1.192896
800 1.138176
801 0.967616
802 1.192896
804 1.192896
805 0.97856
806 1.116288
807 1.192896
808 1.011392
809 1.116288
810 1.160064
811 1.088
812 1.236672
813 1.274048
814 1.575936
815 1.608768
816 1.295936
817 1.554048
818 0.628352
819 1.335168
820 1.302336
821 1.077056
822 1.138176
823 1.400832
824 1.30688
825 1.236672
826 0.967616
827 1.247616
828 1.181952
829 1.000448
830 1.192896
831 1.378944
832 1.14272
833 1.335168
834 1.028736
835 0.748736
836 0.952128
837 0.897408
838 0.8208
839 0.672128
840 0.60192
841 0.678528
842 0.853632
843 0.836288
844 0.908352
845 0.76608
846 0.645696
847 0.612864
848 0.453248
849 0.87552
850 0.798912
851 0.798912
852 0.825344
853 1.105344
854 0.963072
855 0.847232
856 1.028736
857 0.787968
858 0.5472
859 0.426816
860 0.43776
878 0.070208
880 0.032832
881 0.142272
882 0.131328
883 0.415872
884 0.733248
885 0.634752
886 0.744192
887 0.70496
888 1.718208
889 1.492928
890 1.510272
891 0.755136
892 1.25216
893 1.03968
894 1.247616
895 0.825344
896 0.634752
897 0.623808
898 1.171008
899 1.230272
900 0.842688
901 0.700416
902 0.65664
903 0.858176
904 1.444608
905 1.247616
906 0.497024
907 0.2736
908 0.908352
909 1.72276
910 2.035584
911 1.766528
912 1.69632
913 1.865024
914 1.564992
915 0.481536
916 0.66116
917 0.842688
918 0.361152
920 0.251712
929 0.131072
930 1.493208
931 0.251456
932 0.66784
933 0.426816
934 0.525312
936 0.580032
937 0.2736
938 0.901952
939 0.733248
940 0.809856
941 0.897408
942 0.442304
943 0.525312
944 0.404928
945 0.415872
946 0.142272
947 0.536256
948 0.503424
949 0.415872
950 0.175104
951 0.234368
952 0.525312
953 0.667584
954 0.98496
955 1.219328
956 1.050624
957 0.952128
958 0.755136
959 0.409472
961 1.14912
962 1.400832
963 1.14272
964 0.634752
965 0.590976
966 0.580032
967 0.459648
968 0.196992
969 0.310976
970 1.160064
971 1.127232
972 0.350208
975 0.14048
976 0.827136
977 0.459648
978 0.38304
979 0.306432
980 0.514368
981 0.5472
982 0.737792
983 0.941184
984 1.072512
985 0.71136
986 0.481536
988 0.300008
989 1.072512
990 1.53216
991 1.886936
992 1.783872
993 1.700864
994 1.886912
995 1.652544
996 1.372544
997 2.013696
998 1.558568
999 2.155968
1000 1.18652
1001 0.71136
1002 0.667584
1003 0.76608
1004 0.612864
1005 0.27788
1006 1.313536
1007 1.554048
1008 1.164608
1009 1.061568
1010 1.328768
1011 1.269504
1012 2.007296
1013 2.374848
1014 1.492928
1016 2.685824
1017 3.2768
1018 1.433664
1019 1.843136
1020 3.572288
1021 2.692224
1022 1.30688
1023 2.740544
1024 2.970368
1025 1.80576
1026 1.919744
1027 2.652992
1028 2.199744
1029 2.12768
1030 2.456
1031 3.408128
1032 3.287744
1033 4.031936
1034 3.791168
1035 2.521664
1036 2.40128
1037 2.29824
1038 1.919744
1039 2.324672
1040 2.35296
1041 2.959424
1042 3.22208
1043 2.269952
1044 2.221632
1045 2.029184
1046 2.313728
1047 2.34656
1048 3.22208
1049 3.419072
1050 3.075264
1051 2.390336
1052 2.412224
1053 2.23712
1054 2.593728
1055 1.96352
1056 1.821248
1057 2.932992
1058 2.390336
1059 2.445056
1060 2.423168
1061 2.67488
1062 2.560896
1063 2.860928
1064 2.970376
1065 2.521664
1066 2.685824
1067 2.882816
1068 2.725056
1069 1.821248
1070 2.357504
1071 2.199744
1072 1.832192
1073 2.89376
1075 2.445056
1076 3.49568
1077 4.327424
1078 3.320576
1079 3.090752
1080 3.233024
1081 3.375296
1082 3.900608
1083 3.681728
1084 2.871872
1085 3.014144
1086 2.609216
1087 3.320504
1088 4.06484
1089 3.824
1090 3.2768
1091 2.707712
1092 3.955328
1093 3.856832
1094 3.609664
1095 3.594176
1096 3.561344
1097 3.528512
1098 3.49568
1099 4.15232
1100 4.53536
1101 3.347008
1102 3.2768
1103 3.791168
1104 4.305536
1105 4.185152
1106 2.7296
1107 2.849976
1108 3.33152
1109 3.134528
1110 3.49568
1111 2.860928
1112 2.215232
1113 2.549952
1114 1.711656
1115 2.25916
1116 3.178304
1117 3.140928
1118 3.423616
1119 3.813056
1120 3.71456
1121 2.806208
1122 2.495232
1123 2.138624
1124 2.01824
1125 2.663936
1126 2.746944
1127 2.543552
1128 2.23712
1129 2.707712
1130 2.429568
1131 2.105792
1132 2.718656
1133 3.254912
1134 2.959424
1135 2.532608
1136 2.495232
1137 2.269952
1138 2.598272
1139 2.707712
1140 2.07936
1141 1.897856
1142 2.751488
1143 2.849984
1144 2.320128
1145 2.062016
1146 2.696768
1147 2.78432
1148 3.129984
1149 3.309632
1150 3.347008
1151 2.495232
1152 2.29184
1153 3.397184
1154 4.250816
1155 2.817152
1156 3.71456
1157 3.981768
1158 3.922496
1159 3.156416
1160 2.751488
1161 2.779776
1162 1.788416
1163 1.985408
1164 3.287744
1166 3.265856
1167 2.79072
1168 2.094848
1169 1.9088
1170 3.025088
1171 3.287744
1172 3.250368
1173 2.390336
1174 2.828096
1175 3.222056
1176 2.7734
1177 2.970368
1178 2.795264
1179 2.981312
1180 2.506176
1181 2.313728
1182 2.543544
1183 2.1824
1184 2.593728
1185 1.974464
1186 1.510272
1187 1.514816
1188 1.58688
1189 2.1824
1190 2.609216
1191 2.83904
1192 1.838592
1193 1.131776
1194 1.871424
1195 1.875968
1196 1.9152
1197 2.07296
1198 1.985408
1199 1.761984
1200 1.503872
1201 2.451456
1202 2.280896
