0 1.69632
1 1.68992
2 2.965824
3 2.685824
4 2.56544
5 2.762432
6 2.62016
7 2.685824
8 2.95488
9 2.817152
10 2.532608
11 1.930688
12 1.937088
13 1.9088
14 2.29184
15 2.24352
16 2.412224
17 2.368448
18 2.177856
19 1.897856
20 2.215232
21 2.659392
22 2.313728
23 1.919744
24 2.232576
25 1.79936
26 1.488384
27 1.678976
28 2.587328
29 2.849984
30 2.998656
31 2.652968
32 2.55452
33 2.543552
34 2.412224
35 2.867328
36 2.773376
37 2.609216
38 2.740544
39 2.631104
40 2.631104
41 2.834496
42 2.149568
43 2.149568
44 2.549952
45 2.554496
46 2.62016
47 2.554496
48 2.313728
49 2.582784
50 2.40128
51 2.532608
52 2.248064
53 2.528064
54 2.368448
55 2.051072
56 2.287296
57 2.083904
58 2.215232
59 2.473344
60 2.226176
61 2.226176
62 2.488832
63 2.40768
64 1.941632
65 2.002752
66 1.843136
67 2.040128
68 2.396736
69 2.302784
70 2.423168
71 2.477888
72 2.604672
73 2.34656
74 2.456
75 2.860928
76 2.94848
78 2.992256
79 3.2768
80 3.265856
81 3.22848
82 2.674888
83 2.718656
84 2.499776
85 1.996352
86 2.768832
87 2.7296
88 2.67488
89 2.795264
90 2.860928
91 2.937536
92 2.89376
93 2.812608
94 2.532608
95 2.576384
96 2.521664
97 2.663936
98 2.451456
99 2.259008
100 2.34656
101 2.714112
102 2.609216
103 2.806208
104 2.795264
105 2.806208
106 2.335616
107 2.779776
108 2.510712
109 2.445056
110 1.919744
111 2.440512
112 2.116736
113 2.313728
114 2.549952
115 2.390336
116 2.379392
117 2.302784
118 2.451456
119 2.1824
120 2.445056
121 2.718656
122 3.200192
123 3.06432
124 2.806208
125 2.587328
126 2.51072
127 2.456
128 2.746944
129 2.324672
130 2.488832
131 2.477888
132 2.396736
133 2.21508
134 1.60252
135 2.374848
136 2.248072
137 2.094848
138 1.838592
139 1.208384
140 1.740096
141 2.1824
142 2.51072
143 2.823552
144 2.324672
145 2.29184
146 1.893312
147 1.25216
148 0.842688
150 0.131072
151 2.729856
152 1.948032
153 1.711808
154 1.700864
155 1.882368
156 1.700864
157 2.221632
158 1.930688
159 2.068416
160 1.755584
161 1.646144
162 1.685376
163 1.481984
164 1.47744
165 1.674432
166 1.274048
167 1.225728
168 0.744192
169 0.661184
170 1.028736
171 1.192896
172 1.03328
173 1.225728
174 1.561304
175 1.56228
176 1.74464
177 1.783872
178 1.514808
179 1.663488
181 1.569536
182 1.663488
183 1.47744
184 1.175552
185 1.20384
186 1.03328
187 1.280448
188 1.269504
189 1.153664
190 1.357056
191 1.280448
192 0.891008
193 0.864576
194 0.897408
195 0.689472
196 0.59552
197 0.76608
198 0.864576
199 1.083456
200 1.131776
201 1.378944
202 1.186496
203 1.14912
204 0.897408
205 0.689472
206 0.639296
207 0.744192
208 0.514368
209 0.733248
210 0.880064
211 0.897408
212 0.864576
213 0.853632
214 0.836288
215 0.974016
216 1.03968
217 0.897408
218 0.584576
219 0.580032
220 0.755136
221 0.700416
222 0.667584
223 0.131072
224 0.16896
225 0.809856
226 0.733248
227 0.831744
228 1.098944
229 1.521216
230 1.400832
231 1.274024
232 1.247616
233 1.055192
234 1.247616
235 1.302336
236 1.055168
237 1.42272
238 1.263104
239 1.510272
240 1.554048
241 1.427264
242 1.740096
243 1.481984
244 1.630656
245 1.153672
246 1.302336
247 1.116288
248 0.86912
249 0.76608
250 0.689472
251 0.569088
253 0.5654
254 0.5226
255 0.700416
256 0.733248
257 0.503424
258 0.43776
259 0.387584
260 0.459648
261 0.569088
262 0.38304
263 0.404928
279 0.306432
281 0.634752
282 0.59552
283 1.31328
284 1.575936
285 1.547648
286 2.040128
287 2.287296
288 2.248064
289 2.07296
290 2.232576
291 1.52576
292 1.444608
293 0.131072
294 1.733952
295 0.744192
296 0.262656
297 0.175104
298 0.262656
299 0.317376
302 0.120384
303 0.240768
304 0.295488
305 0.142272
306 0.065664
308 0.081152
309 0.295488
310 0.306432
311 0.284544
312 0.207936
313 0.240768
314 0.339264
315 0.372096
316 0.448704
317 0.317376
318 0.295488
319 0.332864
320 0.689472
321 0.601216
322 0.92
323 0.733248
324 1.088
325 1.028736
326 1.028736
327 0.672128
328 0.426816
329 0.49248
330 0.831744
331 0.590976
332 0.49248
333 0.453248
334 0.908352
335 1.575936
336 1.52576
337 1.882368
338 1.678976
339 1.897856
340 2.002752
341 1.766528
343 1.772928
344 1.427264
345 1.652544
346 1.4382
347 1.608768
348 1.481984
349 1.772928
350 1.411776
351 0.934784
352 1.192896
353 0.952128
354 0.891008
355 0.886464
356 0.426816
366 0.131072
367 0.153472
368 0.153216
369 0.153216
370 0.142272
371 0.142272
373 0.120384
374 0.065664
375 0.10944
376 0.098496
377 0.256256
378 0.744192
379 0.76608
395 0.339264
396 0.196992
397 1.000448
398 0.952128
399 0.294144
404 0.27424
405 1.478144
406 1.328768
407 1.75104
408 1.821248
409 2.083904
410 2.473344
411 2.12768
412 1.718208
413 1.733696
414 1.777472
415 1.816704
416 1.810304
417 1.75104
418 1.219328
419 1.652544
420 1.657088
421 2.29824
422 2.040128
423 1.707264
424 1.569536
425 1.411776
426 1.865024
427 2.423168
428 2.849984
429 2.309184
430 2.094848
431 2.149576
432 1.958976
433 1.996352
434 1.926144
435 1.613312
436 1.75104
437 1.460096
438 2.382104
439 1.956264
440 1.843136
441 2.07936
442 2.521664
443 2.040128
444 2.707712
445 3.097152
446 2.926592
447 2.882816
448 2.609216
449 2.40128
450 2.456
451 2.287296
457 0.131072
460 0.836544
461 1.116288
462 2.423168
463 2.823552
464 2.7296
465 2.663936
466 2.904704
467 2.992256
468 2.904704
469 2.554496
470 3.031488
471 2.806208
472 2.751488
473 2.67488
474 2.456
475 2.488832
476 3.151872
477 2.576384
478 1.930688
479 1.597824
480 1.503872
481 1.685376
482 1.788416
483 2.101248
484 2.07296
485 2.456
486 2.642048
487 2.718656
488 2.210688
489 2.248064
490 2.466944
491 2.79072
492 2.740544
493 2.904704
494 2.795264
495 2.663936
496 2.34656
497 2.495232
498 2.171456
499 2.434112
500 2.199744
501 1.547648
502 1.302336
503 0.372096
504 0.354752
505 0.798912
506 1.619712
507 1.865024
508 2.259008
509 2.07936
510 1.514816
511 2.166912
512 2.40128
513 1.711808
514 2.068416
515 1.514816
516 2.013696
517 1.755584
519 2.434112
520 2.035584
521 1.624256
531 1.192896
532 0.32832
533 0.372096
534 0.251712
535 0.459392
536 0.562944
537 0.952128
547 0.93024
548 0.38304
549 0.43776
550 0.497024
551 1.269504
552 1.47744
553 0.934784
554 1.324224
555 1.181952
557 0.507968
558 1.017792
559 0.963072
560 1.077056
561 1.181952
562 0.8208
563 0.798912
564 0.75968
565 1.0944
566 0.864576
567 1.120832
568 0.952128
574 0.459648
575 0.065664
576 0.043776
577 0.032832
578 0.043776
579 0.032832
581 0.043776
582 0.032832
583 0.043776
584 0.032832
585 0.032832
586 0.043776
588 0.032832
589 0.043776
590 0.043776
591 0.032832
592 0.032832
593 0.043776
594 0.032832
596 0.043776
597 0.043776
598 0.043776
600 0.043776
601 0.043776
602 0.032832
603 0.043776
604 0.043776
606 0.043776
607 0.032832
608 0.043776
609 0.043776
610 0.032832
612 0.032832
613 0.032832
614 0.032832
615 0.043776
616 0.043776
618 0.043776
619 0.043776
620 0.043776
621 0.083864
622 0.008232
623 0.043776
633 0.010944
634 0.722304
635 1.083456
636 0.908352
637 0.715896
638 1.269504
639 0.864576
640 0.945728
641 1.6416
642 1.624256
643 1.816704
644 1.492928
645 1.138176
646 0.974016
647 0.645696
648 0.350208
649 0.453248
650 0.71136
651 0.470592
652 0.339264
654 0.087552
657 0.350208
658 1.000448
659 0.831744
660 1.31328
661 1.624256
662 1.794816
663 1.503872
664 1.499328
665 1.138176
666 0.956672
667 0.995904
668 1.03968
669 1.263104
670 1.14912
671 1.083456
672 1.03328
673 1.171008
674 1.028736
675 0.989504
676 1.072512
677 1.105344
678 0.770624
679 1.25856
680 1.466496
681 0.683072
682 0.404928
683 0.481536
685 0.131072
686 2.894016
687 1.225728
688 0.956672
689 1.444608
690 1.52096
691 1.132032
692 1.171008
693 1.186496
694 1.575936
695 1.389888
696 1.077056
697 0.700416
698 0.700416
699 0.536256
701 0.573632
702 1.006848
703 1.247616
704 1.219328
705 1.904256
706 1.79936
707 2.090304
708 2.051072
709 2.368448
710 2.473344
711 2.105792
712 2.259008
713 2.177856
714 1.30688
715 1.575936
716 1.481984
717 2.177856
718 1.755584
719 1.766528
720 1.86048
721 1.460096
722 1.718208
723 0.229824
724 0.645696
726 0.251712
727 0.306432
728 0.179648
729 0.503424
730 0.689472
731 0.689472
732 0.787968
733 0.584576
734 0.645696
735 0.481536
736 0.569088
737 0.514368
738 0.372096
739 0.525312
740 0.573632
741 0.470592
742 0.436416
743 0.242112
744 0.645696
745 1.274048
746 1.674432
747 1.646144
748 2.418624
749 1.678976
750 1.225728
751 0.8208
752 0.891008
753 1.138176
754 1.339712
755 0.580032
756 0.470592
760 0.131072
761 2.292096
763 0.043776
764 0.251712
766 0.2736
767 0.61376
768 0.228928
769 0.274496
770 0.360256
771 0.120384
772 0.38304
774 0.529856
775 0.372096
776 0.514368
777 0.700416
778 0.645696
779 0.404928
780 0.481536
781 0.43136
782 0.536256
783 0.339264
784 0.317376
785 0.415872
786 0.569088
787 0.49248
788 0.332872
789 0.634752
790 0.361152
791 0.425472
792 0.898752
793 1.000448
794 0.678528
795 1.083456
796 0.590976
797 0.580032
799 0.343808
800 0.952128
801 2.1888
802 2.346536
803 1.821272
804 2.477888
805 2.648448
806 2.1824
807 2.302784
808 2.090304
809 1.766528
810 1.368
811 0.836288
812 1.20384
813 1.619712
814 1.19744
815 2.445056
816 2.549952
817 2.368448
818 2.543552
819 2.379368
820 2.506176
821 1.974488
822 2.07296
823 2.265408
824 2.12768
825 2.149568
826 1.9152
827 1.788392
828 1.948032
829 2.149592
830 2.029176
831 1.937088
832 1.350656
833 1.324224
834 1.663488
835 0.737792
836 0.5472
837 0.38304
838 0.919296
839 1.449152
840 1.324224
841 1.481984
842 1.630656
843 0.744192
844 1.055168
845 0.65664
846 0.623808
848 0.612864
849 1.219328
850 1.937088
851 1.79936
852 1.9152
853 1.077056
854 1.105344
855 1.389888
856 0.38304
857 0.442304
858 0.777024
859 0.5472
860 0.65664
861 0.634752
862 0.442304
863 1.488384
864 1.974464
865 2.199744
866 1.810304
867 2.002752
868 1.41632
869 1.400832
870 1.657088
871 2.232576
872 1.52576
873 1.105344
874 0.847232
875 1.368
876 1.816704
877 1.47104
878 1.630656
879 1.449152
880 1.86048
881 1.624256
882 1.761984
883 1.503872
884 1.247616
885 0.989504
886 1.346112
887 1.53216
888 1.536704
889 1.597824
890 1.14272
891 1.061568
892 1.061568
893 0.989504
894 1.171008
895 0.678528
898 0.131072
899 0.88032
900 0.415872
901 0.886464
902 0.43776
903 0.590976
904 0.584576
905 0.678528
906 0.514368
907 0.536256
908 1.225728
909 0.562688
910 0.38304
911 0.787968
912 1.006848
913 0.934784
914 0.2736
915 0.569088
916 0.60192
917 0.612864
918 1.050624
919 0.70496
920 0.897408
921 1.499328
922 1.865024
923 1.678976
924 1.75104
925 2.12768
926 2.309184
927 1.766528
928 1.875968
929 1.86048
930 1.58048
931 2.429568
932 2.160512
933 2.07296
934 2.506176
935 2.445056
936 2.543552
937 2.280896
938 2.002752
939 1.832192
940 2.40768
941 2.16052
942 1.602368
943 1.499328
944 0.733248
946 0.65024
947 1.871424
948 2.007296
949 2.090304
950 2.1824
951 1.821248
952 1.991808
953 1.536704
954 2.035584
955 1.788416
956 1.761984
957 0.694016
958 0.623808
959 1.455552
960 1.405376
961 2.068416
962 2.456
963 1.821248
964 2.549952
965 1.481984
966 2.40128
967 2.506176
968 1.886912
969 2.313728
970 2.265408
971 2.456
972 2.685824
973 1.783872
974 2.434112
975 1.569536
976 2.199744
977 2.718584
978 3.933512
979 2.817152
980 3.178304
981 3.046976
982 3.123584
983 3.101696
984 3.254912
985 2.324672
986 2.812608
987 2.926592
988 3.517568
989 2.78432
990 2.587328
991 2.926592
992 3.517568
993 3.342464
994 2.959424
995 2.609216
996 2.335616
997 2.736
998 3.451904
999 3.375296
1000 2.67488
1001 2.510712
1002 2.083904
1003 2.83904
1004 3.151872
1005 2.412224
1006 2.642048
1007 2.521664
1008 2.860928
1009 3.49568
1010 3.364352
1011 2.477888
1012 2.725056
1013 2.587328
1014 3.627008
1015 4.167808
1016 3.44096
1017 3.22208
1018 3.16736
1019 3.086208
1020 2.981312
1021 2.390336
1022 2.849984
1023 3.419072
1024 3.254912
1025 3.0032
1026 2.149568
1027 2.57184
1028 2.324672
1029 2.07296
1030 2.363904
1031 2.029184
1032 1.558592
1033 1.521216
1034 1.521216
1035 1.41632
1037 1.674432
1038 2.313728
1039 2.762432
1040 2.062016
1041 2.199744
1042 1.832192
1043 1.937088
1044 2.01824
1045 3.05792
1046 2.29184
1047 2.440512
1048 1.284992
1049 1.335168
1050 1.208384
1051 1.236672
1052 1.302336
1053 1.405376
1054 1.389888
1055 1.449152
1056 2.29824
1057 1.514816
1058 1.31328
1059 1.383488
1060 2.746944
1061 3.046984
1062 2.642048
1063 2.7296
1064 2.893608
1065 2.116888
1066 3.189248
1067 3.265856
1068 3.140928
1069 2.576384
1070 2.423168
1071 2.499776
1072 2.62016
1073 3.22208
1074 2.812608
1075 2.56544
1076 2.751488
1077 3.397184
1078 4.185128
1079 3.850456
1080 4.305536
1081 3.71456
1082 4.163264
1083 4.22252
1084 4.141376
1085 4.174208
1086 3.5504
1087 2.423168
1088 2.685824
1089 2.751488
1090 3.17376
1091 3.200192
1092 3.368896
1093 4.360256
1094 3.944384
1095 3.517568
1096 2.707712
1097 3.05792
1098 2.78432
1099 3.791168
1100 4.568192
1101 4.047424
1102 4.513472
1103 4.69952
1104 4.31008
1105 4.502528
1106 4.901056
1107 4.75424
1108 4.9184
1109 4.52896
1110 5.02784
1111 4.331968
1112 4.721408
1113 4.04288
1114 4.299136
1115 4.907456
1116 4.342912
1117 4.907456
1118 4.922944
1119 4.841792
1120 4.787072
1121 4.20064
1122 4.798016
1123 4.321024
1124 4.929344
1125 4.732352
1126 3.937984
1127 4.250816
1128 3.834944
1129 3.353408
1130 2.828096
1131 3.375296
1132 3.539456
1133 3.648896
1134 3.123592
1135 3.38624
1136 3.068864
1137 3.22208
1139 3.079808
1140 3.813056
1141 3.98816
