0 0.065664
1 0.131072
2 2.298496
3 1.865024
4 1.783872
5 1.68992
6 2.040128
7 2.254464
8 2.280896
9 2.456
10 2.57184
11 2.23712
12 2.160512
13 2.342016
14 2.07296
15 2.07296
16 2.287296
17 2.040128
18 2.215232
19 2.418624
20 2.105792
21 2.193344
22 2.29184
23 2.659392
24 2.390336
25 2.740544
26 2.762432
27 2.554496
28 2.582784
29 2.116736
30 2.040128
31 2.112192
32 1.711808
33 1.904256
34 2.1386
35 1.58688
36 1.142744
37 1.991808
38 2.248064
40 2.379392
41 2.652992
42 2.84544
43 2.554496
44 2.56544
45 2.456
46 2.29184
47 2.84544
48 2.280896
49 2.269952
50 2.445056
51 2.670336
52 2.51072
53 2.51072
54 2.1824
55 2.342016
56 1.810304
57 1.740096
58 1.602368
59 1.904256
60 1.58048
61 1.80576
62 2.083904
63 2.357504
64 1.400832
65 0.97856
66 1.006848
67 1.433664
68 1.098944
69 1.400832
70 0.744192
71 0.956672
72 0.8208
73 1.03968
74 1.427264
75 0.919296
76 1.302336
77 1.646144
78 2.51712
79 2.434112
80 2.477888
81 1.58688
82 1.25216
83 1.521216
84 1.613312
85 1.75104
86 1.098944
87 2.199744
88 2.521664
89 2.609216
90 2.40128
91 2.506176
92 1.481984
93 1.794816
94 2.248064
95 2.423168
96 2.193344
97 1.69632
98 1.843136
99 2.40768
100 1.678984
101 2.226176
102 2.145024
103 1.832192
104 1.9152
105 1.821248
106 2.02464
107 1.79936
108 1.941632
109 2.177856
110 1.930688
111 2.193344
112 2.320128
113 2.029184
114 2.062016
115 2.090304
116 1.668032
117 1.652544
118 1.438208
119 1.335168
120 1.499328
121 1.263104
123 1.25856
124 1.022336
125 0.897408
126 0.798912
127 0.995904
128 0.86912
129 1.192896
130 1.466496
131 1.514816
132 1.685376
133 1.503872
134 1.006848
135 1.055168
136 0.65664
137 0.612864
138 0.777024
139 0.842688
140 0.70496
141 0.60192
142 0.459648
143 0.317376
144 0.251712
145 0.623808
146 0.678528
147 0.310976
148 0.470592
149 0.831744
150 0.8208
151 0.86912
152 1.072512
153 1.138176
154 1.066104
155 1.368
156 1.707264
157 1.558592
158 1.247616
159 0.634752
160 0.748736
161 1.127232
162 0.963072
163 0.770624
164 0.995904
165 1.171008
166 0.92384
167 0.777024
168 0.87552
169 0.831744
170 0.880064
171 1.6416
172 1.996352
173 2.166912
174 1.9088
175 1.919744
176 1.816704
177 1.514816
178 0.995904
179 1.061568
180 0.8208
181 0.989504
182 0.886464
183 0.700416
184 0.536256
185 0.715904
186 1.03968
187 1.03968
188 0.722304
189 0.628352
191 0.372096
192 0.240768
193 0.251712
194 0.207936
201 0.131072
202 1.744896
203 0.251712
204 0.284544
205 0.306432
206 0.251712
207 0.251712
208 0.306432
209 0.32832
210 0.426816
211 0.306432
212 0.284544
214 0.245312
215 0.317376
216 0.361152
217 0.350208
218 0.359808
219 0.307776
220 0.240768
221 0.251712
226 0.043776
236 1.017792
237 0.847232
238 1.25856
239 1.208384
240 1.444608
241 1.488384
242 1.547648
243 1.937088
244 1.427264
245 1.127232
246 0.839008
247 0.785248
248 0.744192
249 0.295488
250 0.32832
251 0.580032
252 0.628352
253 1.03968
254 1.291392
255 1.263112
256 1.006848
257 0.864576
258 1.14272
259 1.521216
260 1.225728
261 1.208384
262 0.897408
263 0.733248
264 0.448704
265 0.372096
268 0.190592
269 0.098496
271 0.010944
272 0.590976
276 0.131072
277 2.270208
278 1.400832
279 1.875968
280 2.123136
281 1.678976
282 2.101248
283 2.029184
284 1.897856
285 1.827648
286 1.389888
287 0.945728
288 0.941184
289 0.722304
290 0.612864
291 0.617408
292 0.755136
293 0.71136
294 0.8208
295 0.683072
296 0.722304
298 0.558144
299 0.339264
300 0.404928
301 0.722304
302 0.43136
303 0.470592
306 0.16416
307 0.558144
308 0.689472
309 0.700416
310 0.59552
311 0.71136
312 0.43776
313 0.317376
314 0.284544
315 0.2736
316 0.21888
317 0.21888
332 0.043776
333 0.912896
334 1.575936
335 1.20384
336 1.011392
337 1.488384
338 1.438208
339 0.798912
340 1.050624
341 0.558144
342 0.481536
343 0.86912
344 0.908352
345 1.247616
346 1.3616
347 1.0944
348 1.175552
349 0.897408
350 1.499328
351 1.394432
352 1.378944
353 1.481976
354 2.057472
355 1.68992
356 1.225728
357 1.460096
358 0.98496
359 0.787968
361 0.131072
362 2.861184
363 1.788416
364 1.9152
365 1.58048
366 1.937088
367 1.700864
368 2.002752
369 1.284992
370 1.192896
371 1.711808
372 1.017792
373 1.105344
374 1.230272
375 1.554048
377 1.427264
378 1.838592
379 1.766528
380 1.871424
381 1.865024
382 2.199744
383 2.051072
384 1.514816
385 1.926144
386 1.405352
387 1.236672
388 1.685376
389 1.886936
390 1.711808
391 2.068416
392 1.810304
393 1.69632
394 1.711808
395 2.51344
396 2.5144
397 2.554504
398 2.543552
399 2.609216
400 2.79072
401 2.62016
402 2.609216
403 1.766528
404 1.783872
405 1.722752
406 2.068416
407 1.74464
408 2.762432
409 2.648448
410 2.40128
411 2.29184
412 2.488832
413 2.762432
414 3.108096
415 2.871872
416 2.94848
417 2.882816
418 2.860928
419 2.707712
420 2.488832
421 2.637504
422 2.062016
423 2.160512
424 2.528064
425 1.624248
426 1.564992
427 1.668032
428 2.248064
429 2.123136
430 2.324672
431 2.959424
432 2.981312
433 2.94848
434 2.970368
435 2.970368
436 3.239424
437 2.817152
438 2.652992
439 2.62016
440 2.269952
441 2.904704
442 2.889216
443 2.357504
444 2.915648
445 2.83904
446 2.817152
447 2.959424
448 2.762432
449 1.80576
450 1.547648
451 2.495232
452 2.193352
453 1.777472
454 2.659392
455 2.740544
456 2.740544
457 2.795264
458 2.7296
459 2.648448
460 1.96352
461 2.860928
462 2.828096
463 2.762432
464 2.915648
465 2.757888
466 2.663936
467 2.160512
469 2.62016
470 2.871872
471 2.889216
472 2.499776
473 2.40128
474 2.007296
475 2.13408
476 2.083904
477 2.34656
478 2.539008
479 2.532608
480 2.89376
481 2.882816
482 2.89376
483 2.554496
484 3.06432
489 0.131072
492 0.070464
493 1.575936
494 1.919744
495 1.772928
496 1.766528
497 2.13408
498 2.193344
499 1.810304
500 2.199744
501 2.105792
502 2.046528
503 1.821248
504 1.657088
505 1.630656
506 1.85408
507 1.357056
508 1.646144
509 1.926144
510 1.58048
511 1.444608
512 1.466496
513 1.394432
514 1.25856
515 1.077056
516 1.20384
517 0.21888
518 0.415872
533 0.10944
534 0.722304
535 0.792512
536 1.028736
537 0.634752
538 0.632704
539 0.57568
540 0.941184
541 1.225728
542 0.93024
544 0.989504
545 0.634752
546 0.798912
547 0.470592
548 0.295488
549 0.168704
550 0.5472
551 0.470592
552 0.426112
553 0.898112
554 0.934784
555 0.886464
556 0.897408
557 0.941184
558 0.672128
559 1.006848
560 0.733248
561 0.569088
562 0.426816
563 0.420416
564 0.580032
565 0.77568
566 0.668928
567 0.339264
568 0.23072
569 0.382272
571 0.299904
574 0.010944
575 0.798912
576 1.028736
577 0.876288
578 1.043456
579 0.8208
580 0.8208
581 1.061568
582 0.92384
583 1.510272
584 1.3616
585 1.619712
586 1.449152
587 1.389888
588 1.269504
589 1.25216
590 1.685376
591 1.481984
592 1.849536
593 1.274048
594 1.630656
595 1.438208
596 1.6416
597 1.930688
598 2.342016
599 2.051072
600 1.96352
601 2.440512
602 2.01824
603 1.766528
604 2.002752
605 1.646144
606 1.80576
607 1.47104
608 1.75104
609 1.47104
610 1.619712
611 1.241216
612 1.488384
613 1.744632
614 1.685376
615 1.58048
616 1.761984
617 1.324224
618 1.350656
619 1.543104
620 1.208384
621 1.58688
622 1.30688
623 1.729152
624 1.30688
625 1.378944
627 0.98496
628 0.901952
629 1.926144
630 1.383488
631 1.510272
632 1.597824
633 1.427264
634 1.378944
635 1.372544
636 2.090304
637 1.875968
638 1.832192
639 2.035584
640 1.624256
641 1.958976
642 1.153664
643 1.389888
644 1.521216
645 1.295936
646 1.674432
647 1.624256
648 1.324224
649 0.989504
650 2.112192
651 1.733696
652 1.838592
653 2.171456
654 2.116736
655 2.342016
656 1.449152
657 2.40128
658 2.07936
659 1.68992
660 1.958976
661 1.613312
662 2.385792
663 1.832192
664 2.204288
665 2.495232
666 2.083904
667 1.941632
668 2.35296
669 1.843136
670 1.85408
671 2.057472
672 1.755584
673 1.685376
674 1.098944
675 1.14912
676 0.98496
677 0.131072
678 1.941888
679 1.116288
680 1.066112
681 1.20384
682 0.864576
683 1.0944
684 0.770624
686 0.787968
687 0.65664
688 0.415872
689 0.175104
690 0.2736
691 0.262656
692 0.124928
693 0.32832
694 0.2736
695 0.361152
696 0.415872
697 0.503424
698 0.415872
699 0.394112
700 0.35008
701 0.398528
702 0.38304
703 0.372096
704 0.2736
709 0.16416
710 0.393984
711 0.2736
712 0.2736
713 0.196992
714 0.470592
715 0.245312
716 0.262656
717 0.404928
719 0.186048
720 0.678528
721 0.71136
722 1.274048
723 2.166912
724 1.897856
725 2.123136
726 1.52576
727 0.842688
728 0.897408
729 1.230272
730 1.761984
731 1.252168
732 0.908352
733 0.372096
734 0.350208
735 0.372096
736 0.196992
737 0.10944
738 0.116696
739 0.117672
740 0.240768
742 0.065664
743 0.426816
744 0.153216
745 0.05472
746 0.370624
747 0.253184
748 0.393984
749 0.219392
750 0.174592
751 0.229824
752 0.196992
753 0.16416
754 0.420416
755 0.755136
756 0.65664
757 0.361152
758 0.414784
759 0.482624
760 0.497
762 0.897408
763 1.346112
764 1.865048
765 1.96992
766 1.449152
767 0.809856
768 0.853632
769 0.683072
770 0.787968
771 0.798912
772 0.700416
773 0.858176
774 1.160064
775 1.575936
776 1.339712
777 1.58688
778 0.891008
779 1.302336
780 0.853632
781 1.241216
782 1.871424
783 2.007296
784 1.838592
785 0.880064
786 1.433664
787 1.670744
788 1.409064
789 1.816704
790 1.175528
791 1.740096
792 1.766552
793 1.740096
794 1.733696
795 1.597824
796 1.164608
797 1.499328
798 1.328768
799 1.86048
800 1.383464
801 1.378944
802 1.361624
803 1.75104
804 1.324224
805 1.10988
806 1.980864
807 1.558592
808 1.663488
809 1.865024
810 1.85408
811 2.287296
812 1.886912
813 2.057472
814 1.558592
815 1.75104
816 1.68992
817 1.42272
818 1.624256
819 2.105792
820 1.849536
821 1.58048
822 1.652544
823 1.368
824 0.661184
825 0.995904
826 0.361152
827 0.853632
828 0.891008
829 0.974016
831 1.061568
832 0.777024
833 0.562688
834 0.98496
835 1.79936
836 1.6416
837 0.908352
838 0.569088
839 0.234368
840 0.634752
841 1.346112
842 1.061568
843 1.011392
844 1.20384
845 1.383488
846 1.378944
847 1.608768
848 1.85408
849 1.558592
850 1.663488
851 1.68992
852 1.740096
853 1.449152
854 1.948032
855 1.536704
856 1.772928
857 1.295936
858 1.926144
859 1.591424
860 1.729152
861 1.602368
862 1.6416
863 1.339712
864 1.827648
865 1.930688
866 2.13408
867 1.843136
868 1.608768
869 0.48608
870 0.393984
871 0.426816
872 0.372096
873 0.580032
874 0.886464
875 0.503424
876 0.168704
877 0.842688
878 0.8208
879 0.787968
880 0.71136
881 0.37664
882 0.558144
883 0.38304
884 0.590976
885 1.25856
887 0.65024
888 0.65664
889 0.842688
890 0.71136
891 0.726848
892 0.71136
893 0.798912
894 0.908352
895 1.131776
896 1.160064
897 1.31328
898 1.219328
899 0.131328
900 1.31328
901 1.350656
902 1.181952
903 1.324224
904 0.858176
905 1.116288
906 0.722304
907 0.590976
908 0.518912
909 0.503424
910 0.317376
911 0.481536
912 0.459648
913 0.43776
914 0.777024
915 0.65024
916 1.335168
917 1.346112
918 0.792512
919 1.181952
920 1.438208
921 1.937088
922 1.339712
923 1.575936
924 1.652544
925 0.7378
926 0.886464
927 0.722304
928 0.350208
929 0.525312
930 0.43136
931 1.017792
932 1.31328
933 0.86912
934 0.645696
935 0.38304
936 0.8208
937 0.842688
938 1.055168
939 2.166912
940 1.547648
942 2.12768
943 2.068416
944 1.79936
945 1.980864
946 1.96352
947 2.226176
948 2.1888
949 1.832192
950 2.313728
951 2.155968
952 1.624256
953 2.123136
954 1.58048
955 1.772928
956 1.405376
957 1.389888
958 1.372544
959 2.068416
960 1.700864
961 2.466944
962 2.35296
963 1.68992
964 1.991808
965 1.58048
966 1.816704
967 1.58048
968 2.057472
969 1.700792
970 1.624328
971 2.123136
972 1.843136
973 2.374848
974 2.423168
975 2.083904
976 1.75104
977 3.036032
978 2.652992
979 2.094848
980 1.9152
981 2.01824
982 3.243968
983 2.970368
984 2.40128
985 3.093464
986 2.536296
987 2.01824
988 2.007296
989 2.736
990 1.810304
991 2.149568
992 3.053376
993 3.357952
994 2.84544
995 3.0032
996 2.631104
997 2.94848
998 1.843128
999 1.58688
1000 1.52576
1001 1.740096
1002 1.400832
1003 2.1824
1004 3.572288
1005 3.025088
1006 1.646144
1007 2.210688
1008 2.040128
1009 1.85408
1010 2.615616
1011 3.211136
1012 3.966272
1013 4.025536
1014 3.517568
1015 2.313728
1016 3.2768
1017 3.747392
1018 3.65984
1019 4.272704
1020 4.086656
1021 4.113088
1023 3.845888
1024 3.49568
1025 3.079808
1026 2.685824
1027 3.05792
1028 3.2768
1029 3.287744
1030 3.572288
1031 3.539456
1032 3.616064
1033 3.648896
1034 2.937536
1035 2.663936
1036 2.959424
1037 3.265856
1038 4.217984
1039 4.141376
1040 4.053824
1041 3.49568
1042 3.233024
1043 3.101696
1044 2.87188
1045 2.7296
1046 2.795264
1047 2.215232
1048 3.189248
1049 2.823552
1050 2.587328
1051 3.627008
1052 4.069312
1053 4.655744
1054 3.462848
