0 0.146816
1 0.284544
2 0.207936
3 0.503424
4 0.71136
5 1.225728
6 0.518912
7 0.5472
8 0.689472
9 0.777024
10 1.208384
11 2.166912
12 2.138624
13 2.1058
14 1.740096
15 2.40128
16 1.718208
17 1.109888
20 0.38304
22 2.51072
23 0.339264
24 0.010944
25 1.25856
26 1.930688
27 2.232576
28 2.609216
29 2.56544
30 2.412224
31 2.62656
32 2.390336
33 1.897856
34 1.794816
35 1.865024
36 2.248064
37 2.287296
38 1.74464
39 2.057472
40 2.466944
41 2.652992
42 2.849984
43 3.71456
44 3.134528
45 3.375296
46 3.101696
47 3.298688
48 2.663936
49 1.96992
50 1.919744
51 2.499776
52 3.079808
53 3.156416
54 2.823552
55 3.036032
56 3.375296
57 3.309632
58 3.265856
59 3.353408
60 2.434112
61 2.62016
62 2.631104
63 2.554496
64 3.265856
65 4.48064
66 4.874624
67 4.375744
68 4.798016
69 3.76928
70 3.178296
71 2.762432
72 2.324672
73 2.215232
74 2.976768
75 1.930688
76 2.685824
77 2.67488
78 2.670336
79 2.860928
80 2.62016
81 2.390336
82 2.849984
83 3.134528
84 3.014144
85 2.94848
86 3.129984
87 2.67488
88 2.248064
89 3.025088
91 2.029184
92 2.429568
93 1.74464
94 1.893312
95 1.843136
96 2.466944
97 2.729608
98 2.549952
99 2.40128
100 1.941632
101 2.035584
102 1.449152
103 1.761984
104 1.74464
105 2.499776
106 3.195648
107 2.280896
108 2.89376
109 2.40128
110 3.05792
111 2.860928
112 2.970368
113 3.419072
114 2.320128
115 1.985408
116 2.554496
117 1.389888
118 1.214784
119 0.420416
120 2.911104
121 2.94848
122 2.587328
123 2.466944
124 2.193344
125 2.922048
126 3.43456
127 3.287744
128 3.265856
129 3.129984
130 2.981312
131 3.719104
132 3.802112
133 2.560896
134 2.631104
135 2.456
136 2.368448
137 1.761984
138 1.547648
139 2.342016
140 2.56544
141 2.48868
142 1.701016
143 1.531328
144 1.051456
145 1.03328
146 1.849536
147 1.372544
148 1.663488
149 1.547648
150 1.718208
151 1.405376
153 1.127232
154 0.974016
155 0.995904
156 1.492928
157 1.897856
158 2.090304
159 0.98496
160 1.230272
161 1.028736
162 1.028736
163 0.540792
164 0.678528
165 0.634752
166 0.678528
167 0.525312
168 0.475136
169 0.415872
170 0.229824
171 0.908352
172 1.225728
173 0.847232
174 0.481536
175 0.809856
178 0.842688
179 1.14272
180 1.269504
181 0.995904
182 0.426816
183 0.310976
184 0.448704
185 0.831744
188 0.076608
189 1.919744
192 0.755136
193 1.400832
194 0.415872
195 0.551744
196 0.667584
197 0.645696
198 1.433664
199 0.92384
201 1.269504
202 0.38304
203 0.306432
204 0.897408
205 0.420416
206 0.995904
207 1.827648
208 1.602368
209 1.685376
210 1.624256
211 1.700864
212 1.937088
213 1.700864
214 0.908352
215 0.306432
216 0.448704
217 1.263104
218 2.495232
219 2.62016
220 1.52576
221 2.889216
222 2.226176
223 1.48196
224 2.265408
225 1.919768
226 2.068416
227 2.215232
228 2.718656
229 2.051072
230 2.528064
231 2.193344
232 2.543552
233 2.806208
234 3.046976
235 3.506624
236 2.849984
237 3.243968
238 3.22208
239 2.834496
240 2.456
241 2.040128
242 1.80576
243 1.274048
244 1.499328
246 0.131072
247 1.86528
248 0.131328
249 0.5472
250 1.006848
251 0.426816
252 0.365696
253 0.372096
254 0.295488
255 0.569088
256 0.733504
257 0.623552
258 0.5472
259 0.507968
260 0.689472
261 0.897408
262 1.291392
263 1.077056
264 0.372096
265 0.481536
266 0.8208
267 0.551744
268 0.645696
270 0.645696
271 0.667584
272 0.65664
273 0.393984
274 0.825344
275 1.42336
276 1.295296
277 1.25856
278 1.138176
279 0.60192
280 0.32192
