0 2.812608
1 2.56544
2 2.434112
3 2.543552
4 2.762432
5 2.834496
6 2.477888
7 2.56544
8 2.543552
9 2.67488
10 2.736
11 2.29184
12 2.379392
13 2.423168
14 2.62656
15 2.587328
16 2.652992
17 2.827944
18 2.412376
19 2.659392
20 2.970368
21 2.89376
22 2.40128
23 2.83904
24 2.89376
25 3.014144
26 3.250368
27 2.882816
28 2.89376
29 2.926592
30 2.915648
31 2.78432
32 2.871872
33 2.576384
34 3.101696
35 3.217536
36 2.882816
37 2.882816
38 2.663936
39 2.62016
40 2.696768
42 2.696768
43 2.922048
44 2.116736
45 2.259008
46 2.78432
47 3.016856
48 2.65668
49 2.609216
50 2.554496
51 2.412224
52 2.670336
53 2.324672
54 2.335616
55 2.302784
56 2.002752
57 1.722752
58 2.615616
59 2.335616
60 2.324672
61 2.248064
62 2.287296
63 2.149568
64 2.313728
65 2.342016
66 1.460096
67 1.499328
68 1.30688
69 1.14912
70 1.127232
71 1.383488
72 1.740096
73 1.68992
74 1.958976
75 1.865024
76 1.919744
77 2.046528
78 1.449152
79 1.80576
80 1.427264
81 1.80576
82 1.14272
83 1.75104
84 1.657088
85 1.685376
86 1.733688
87 2.166912
88 1.558592
89 2.101248
90 1.821248
91 1.996352
92 2.155968
93 1.668032
94 1.663488
95 1.372544
98 0.8096
99 1.909056
100 1.280448
101 1.685376
102 1.678976
103 1.827648
104 1.3616
105 1.510272
106 1.646144
107 1.904256
108 1.788416
109 1.722752
110 2.101248
111 1.865024
112 2.145024
113 2.051072
114 1.733696
115 1.827648
116 1.569536
117 1.838592
118 1.755584
119 1.794816
120 1.241216
121 1.400832
128 0.131072
161 1.460352
162 0.295488
164 0.2736
165 0.186048
166 0.10944
167 0.065664
176 0.021888
177 0.525312
178 0.700416
179 0.809856
180 0.617408
181 0.558144
182 0.744192
183 0.919296
184 0.726848
185 0.722304
186 0.93024
188 0.974016
189 0.86912
190 1.160064
191 1.006848
192 1.000448
193 0.809856
194 0.886464
195 0.974016
196 0.880064
197 0.952128
198 0.897408
199 0.842688
200 0.70496
201 0.87552
202 0.8208
203 0.131072
204 1.657344
205 0.87552
206 0.65664
207 0.689472
208 1.011392
209 1.171008
210 1.269504
211 0.945728
212 0.98496
213 1.192896
214 0.792512
215 0.787968
217 0.777024
218 0.897408
219 0.672128
220 0.974016
221 0.941184
222 0.897408
223 0.803456
224 1.03968
225 0.558144
226 0.864576
227 0.715904
228 0.689472
229 0.481536
230 0.459648
231 0.459648
232 0.514368
233 0.10304
234 0.207936
235 1.160064
236 1.181952
237 0.737792
238 1.050624
239 0.87552
240 0.974016
241 0.628352
242 1.20384
243 1.127232
244 0.858176
245 1.236672
246 1.346112
247 0.858176
248 0.974016
249 0.886464
250 1.077056
251 1.291392
252 1.357056
253 0.858176
254 1.400832
255 1.53216
256 1.164608
257 1.324224
258 1.109888
259 1.0944
260 1.03968
261 0.667584
262 0.529856
263 0.71136
264 0.886464
266 0.131072
267 2.018504
268 0.886464
269 1.017792
270 0.781568
271 1.105344
272 1.105344
273 0.92384
274 1.017792
275 1.14912
276 0.963072
281 0.245288
284 0.065664
285 0.558144
286 0.995904
287 0.941184
288 0.650264
289 0.995904
290 1.061568
291 1.105344
292 0.989504
293 1.31328
294 1.25216
295 1.302336
296 1.25856
297 1.077056
298 1.14912
299 1.14912
300 0.989504
301 1.247616
302 1.346112
303 1.153664
304 1.236672
305 0.514368
306 0.737792
307 0.667584
308 0.404928
309 0.186048
310 0.207936
312 0.142272
313 0.131328
315 0.087552
316 0.623808
317 0.284544
319 0.289088
320 0.21888
321 0.207936
322 0.207936
323 0.229824
324 0.16416
325 0.175104
326 0.184704
327 0.187392
328 0.317376
329 0.207936
330 0.262656
331 0.207936
332 0.27104
333 0.298048
334 0.135872
335 0.087552
352 0.032832
353 0.645696
354 0.536256
355 0.196992
356 0.744192
357 1.03328
358 1.25856
359 0.963072
360 0.481536
361 0.2736
362 0.38756
363 0.777024
364 0.689472
365 0.634752
366 0.569088
367 0.393984
368 0.135896
369 0.10944
370 0.306432
374 0.229824
375 2.418624
376 0.464192
377 1.761984
378 1.821248
379 2.35296
380 1.843136
382 1.788392
383 0.700416
384 0.284544
385 0.21888
386 0.393984
387 0.93024
388 0.792536
389 0.525312
390 0.32832
391 0.491776
392 0.416576
393 0.558144
394 0.580032
395 0.376632
396 0.262656
397 0.196992
398 0.175104
399 0.10944
400 0.43776
401 0.043776
402 0.043776
407 0.098496
408 1.488384
410 0.350208
411 0.343808
412 0.525312
413 0.448704
414 0.426816
415 0.306432
416 0.240768
417 0.295488
418 0.207936
419 0.317376
420 0.234368
421 0.262656
422 0.262656
423 0.393984
424 0.525312
425 0.306432
426 0.350208
427 0.438272
428 0.491968
429 0.365696
430 0.5472
431 0.5568
432 0.548544
433 0.568384
434 0.526016
435 0.420416
436 0.415872
437 0.393984
438 0.317376
439 0.404928
444 0.131072
445 1.32448
446 0.234368
447 0.21888
448 0.229824
449 0.240768
450 0.317376
451 0.481536
452 0.415872
453 0.536256
454 0.514368
455 0.475136
456 0.536256
457 0.5472
458 0.569088
459 0.536256
460 0.5472
461 0.387584
462 0.503424
463 0.481536
464 0.525312
465 0.470848
466 0.349952
467 0.273856
468 0.15296
471 0.076608
473 0.442304
474 0.065664
475 0.131072
476 0.208192
477 0.229824
478 0.306432
479 0.2736
480 0.16416
481 0.087552
482 0.131328
483 0.240768
484 0.284544
485 0.21888
487 0.153216
488 0.86912
489 1.061568
490 1.160064
491 0.967616
492 1.03968
493 0.853632
494 0.93024
495 1.077056
496 1.368
497 0.886464
498 0.475136
499 0.393984
500 0.700416
501 1.247616
502 0.787968
503 0.354752
504 0.196992
506 0.15296
507 0.131072
508 0.744704
510 0.262656
511 0.16416
512 0.645696
513 0.792512
514 1.357056
515 1.138176
516 1.066112
517 1.455552
518 1.438208
519 1.455552
520 1.411776
521 0.945728
522 1.072512
523 1.072512
524 0.737792
525 0.897408
526 0.963072
527 0.886464
528 0.507968
529 0.2736
530 0.196992
531 0.175104
532 0.10944
570 0.010944
571 0.645696
572 0.590976
573 0.251712
574 0.262656
575 0.207936
577 0.021888
578 0.10944
579 0.142272
580 0.15776
581 0.21888
582 0.207936
583 0.175104
584 0.120384
605 0.021888
606 0.098496
607 0.065664
608 0.744192
609 0.886464
610 0.737792
615 0.470592
616 0.481536
618 0.809856
619 0.744192
633 0.934784
634 0.503424
635 0.667584
636 0.864576
637 1.25216
638 1.138176
639 0.787968
640 1.175552
641 1.400832
642 1.455552
643 1.350656
644 1.630656
645 1.503872
646 1.9152
647 1.777472
648 1.871424
649 1.383488
650 1.707264
651 1.481984
652 1.80576
653 1.58048
654 1.707264
655 1.120832
656 0.5472
657 0.361152
658 0.667584
659 0.634752
661 1.066112
662 0.87552
663 1.646144
664 1.893312
665 1.678976
666 1.499328
667 1.569536
668 2.068416
669 1.733696
670 2.07936
671 1.52576
672 1.499328
673 1.427264
674 1.488384
675 1.274048
676 1.619712
677 1.58048
678 1.630656
679 1.608768
680 0.945728
681 1.269504
682 1.098952
683 0.8208
684 0.678528
685 1.061568
686 1.383488
687 1.400832
688 1.208384
689 1.378944
690 1.006848
691 0.361152
692 0.529856
694 0.71136
695 0.426816
696 0.93024
697 0.71136
698 0.497024
699 0.21888
700 0.207936
701 0.207936
702 0.2736
703 0.196992
704 0.316032
705 0.242112
706 0.306432
707 0.175104
708 0.065664
709 0.49248
710 0.229824
711 0.387584
712 0.798912
713 0.634752
715 0.361152
716 0.415872
717 0.120384
718 0.415872
719 0.306432
721 0.021888
722 0.256256
723 0.032832
724 0.153216
725 0.196992
726 0.087552
727 0.21888
728 0.186048
729 0.186048
731 0.032832
732 0.38304
735 0.131328
736 0.60192
737 0.32832
738 0.186048
739 0.207936
740 0.131072
741 0.2784
742 0.251712
743 0.16416
790 0.142272
791 0.93024
792 1.378944
793 0.92384
794 0.755136
795 0.2736
796 0.853632
797 0.715904
798 0.974016
799 1.499328
800 1.241216
801 1.181952
803 0.2736
809 0.032832
810 0.350208
811 0.992216
812 0.402216
813 0.590976
814 0.962816
815 0.999232
816 0.723776
817 2.385792
818 1.668032
819 2.116736
820 1.980864
822 1.284992
823 0.415872
825 0.131072
826 2.992512
827 2.221632
828 1.295936
829 1.280448
831 1.668032
832 2.604672
833 2.335616
834 2.16044
835 2.418624
836 2.062088
837 2.215232
838 2.374848
839 2.07296
840 1.843136
841 2.648448
842 2.29184
843 2.215232
844 1.893312
845 1.58048
846 1.772928
847 1.350656
848 1.96992
849 2.083904
850 2.07296
851 2.456
852 2.276352
853 1.755584
854 1.127232
855 0.755136
856 0.858176
857 0.755136
858 0.798912
859 1.52576
860 1.466496
861 0.558144
862 0.361152
863 0.634752
864 0.683072
865 1.061568
866 1.028736
867 1.120832
868 1.783872
869 1.427264
870 0.798912
871 0.87552
872 0.459648
873 0.415872
874 0.584576
875 0.65664
876 0.612864
877 0.590976
878 0.689472
879 1.230272
880 1.893312
881 1.657088
882 1.893312
883 1.47104
885 1.86048
886 1.21932
887 1.69632
888 1.328768
889 1.31328
890 1.372544
891 1.488384
892 0.678528
893 1.109888
894 0.317376
895 0.798912
896 0.131072
897 3.878976
898 1.591424
899 1.280448
900 1.42272
901 1.241216
902 0.995904
903 1.14912
904 0.934784
905 0.919296
906 0.831744
907 0.901952
908 1.171008
909 1.575936
910 1.219328
911 1.160064
912 1.072512
913 0.880064
914 1.181952
915 1.433664
916 1.186496
918 1.510272
919 0.70496
920 1.357056
921 1.80576
922 1.077056
923 1.729152
924 1.219328
925 0.448704
926 1.105344
927 1.098944
928 1.608768
929 0.722304
930 0.945728
931 0.87552
932 0.153216
933 1.794816
934 1.317824
936 1.948032
937 1.624256
938 1.214784
939 1.088
940 1.937088
941 1.514816
942 0.8208
943 0.952128
944 1.131776
945 1.31328
946 1.543104
947 1.19744
948 1.050624
949 1.138176
950 0.387584
951 1.061568
952 1.192896
953 0.945728
954 1.291392
955 1.236672
956 1.186496
957 1.214784
958 1.624256
959 2.57184
960 1.613312
961 2.368448
962 1.80576
963 2.335616
964 2.696768
965 2.1888
966 1.788416
967 2.002752
968 1.569536
969 1.433664
970 1.624256
971 2.155968
972 2.23712
973 1.733696
974 2.374848
975 2.105792
976 1.952576
977 2.549952
978 1.9088
979 1.74464
980 1.948032
981 2.07296
982 2.7296
983 1.871424
984 2.040136
985 2.280896
986 2.801664
987 2.280896
988 2.959424
989 2.51072
990 2.56544
991 2.232576
992 1.066112
993 1.871424
994 2.34656
995 2.51072
996 2.779776
997 1.930688
998 1.886912
999 2.210688
1000 2.116736
1001 2.970368
1002 2.740544
1003 3.036032
1004 3.386216
1005 3.408152
1006 3.233024
1007 2.860928
1009 3.075264
1010 2.652992
1011 2.34656
1012 2.707704
1013 2.532608
1014 3.068864
1015 2.834496
1016 2.904704
1017 3.11264
1018 2.423168
1019 3.046824
1020 2.062168
1021 1.849536
1022 2.970368
1023 3.616064
1024 3.2768
1025 3.025088
1026 2.598272
1027 2.456
1028 2.725056
1029 2.576384
1030 2.67488
1031 2.707712
1032 2.390336
1033 2.429568
1034 1.120832
1035 1.597824
1036 1.85408
1037 2.484288
1038 2.368448
1039 2.29184
1040 2.762432
1041 2.78432
1042 3.76928
1043 3.528512
1044 2.488832
1045 2.746944
1046 2.456
1047 2.094848
1048 2.13408
1049 2.280896
1050 2.445056
1051 2.83904
1052 2.576384
1053 3.287744
1054 2.768832
1055 3.156416
1056 3.894208
1057 3.184704
1058 1.952576
1059 3.101696
1060 3.254912
1061 2.07296
1062 2.232576
1063 2.499776
1064 2.718656
1065 1.919744
1066 2.221632
1067 2.204288
1068 2.12768
1069 2.429568
1070 1.897856
1071 2.226176
1072 2.593728
1073 2.488832
1074 2.795264
1075 2.302784
1076 3.025088
1077 3.020544
1078 2.302784
1079 2.138624
1081 2.269952
1082 1.772928
1083 1.668032
1084 1.948032
1085 2.051072
1086 2.390336
1087 2.429568
1088 2.324672
1089 2.357504
1090 2.718656
1091 3.020544
1092 2.543552
1093 2.860928
1094 3.320584
1095 3.189248
1096 2.7296
1097 2.532608
1098 2.615616
1099 2.040128
1100 2.324672
1101 2.313728
1102 2.95488
1103 2.871872
1104 3.156416
1105 3.692672
1106 3.079808
1107 2.795264
1108 2.56544
1109 2.860928
1110 2.248064
1111 2.593728
1112 2.631104
1113 2.904704
1114 2.89376
1115 2.696768
1116 2.652992
1117 3.2768
1118 3.287744
1119 3.484736
1120 3.911552
1121 3.145472
1122 3.594176
1123 2.89376
1124 3.791168
1125 3.539456
1126 3.254912
1127 2.762432
1128 2.112192
1129 1.843136
1130 2.860928
1131 3.484736
1132 3.025088
1133 3.068864
1134 2.379392
1135 2.68128
1136 2.598272
1137 3.430016
1138 3.98816
1139 3.686272
1140 3.725496
1141 2.817152
1142 3.276648
1144 3.276952
1145 3.086208
1146 3.320576
1147 3.145472
1148 3.565888
1149 4.020992
1150 4.185152
1151 4.20704
1152 3.93344
1153 3.303232
1154 3.758336
1155 4.020992
1156 2.696768
1157 3.265856
1158 2.642048
1159 3.2768
1160 4.141376
1161 3.69268
1162 4.141376
1163 3.736448
1164 3.824
1165 3.401728
1166 2.867328
1167 1.569536
1168 1.991808
1169 2.29184
1170 1.886912
1171 2.385792
1172 3.156416
1173 3.522112
1174 3.703616
1175 2.89376
1176 3.692672
1177 3.364352
1178 3.375296
1179 3.189248
1180 3.736448
1181 3.616064
1182 3.692672
1183 3.648896
1184 3.375296
1185 2.116736
1186 2.1824
1187 3.33152
1188 3.22208
1189 3.2768
1190 3.572288
1191 3.38624
1192 3.211136
1193 3.637952
1194 3.561344
1195 3.736448
1196 4.414976
1197 3.970816
1198 4.217984
1199 3.758336
1200 4.020992
1202 4.397632
1203 3.79116
1204 3.397184
1205 3.648896
1206 3.955328
1207 3.65984
1208 3.889664
1209 3.451904
1210 3.686272
1211 3.2768
1212 3.287744
1213 3.517568
1214 3.178304
1215 3.134528
1216 3.747392
1217 3.65984
1218 2.499752
1219 3.309656
1220 3.87872
1221 3.287744
1222 3.068864
1223 3.079816
1224 2.84544
1225 2.357504
1226 3.0032
1227 2.806208
1228 2.762432
1229 3.0032
1230 3.16736
1231 2.94848
1232 2.615616
1233 1.624256
1234 2.477888
1235 2.83904
1236 3.206592
1237 3.16736
1238 3.437272
1239 3.295976
1240 3.517568
1241 3.145472
1242 3.200192
1243 3.233024
1244 3.287592
1245 3.097152
1246 1.722904
1247 3.681728
1248 4.04288
1249 2.89376
1250 2.335616
1251 2.138624
1252 3.025088
1254 3.2768
1255 3.2768
1256 3.287744
1257 3.217536
1258 3.587776
1259 3.539456
1260 2.78432
1261 3.233024
1262 3.725504
1263 3.38624
1264 3.5504
1265 4.075712
1266 2.740544
1267 2.1824
1268 1.389888
1269 1.886912
1270 3.075264
1271 2.904704
1272 2.762432
1273 3.068864
1274 3.561344
1275 3.046976
1276 2.456
1277 2.642024
1278 2.860952
1279 3.020544
1280 2.981312
1281 3.419072
1282 2.368448
1283 2.12768
1284 2.302776
1285 3.287744
1286 3.430016
1287 3.955328
1288 4.502528
1289 3.473792
1290 3.123584
1291 3.506624
1292 2.762432
1293 2.379392
1294 2.751488
1295 2.320128
1296 1.3616
1297 1.47744
1298 0.131072
1299 1.733952
1300 0.908352
1301 0.831744
1302 1.230272
1303 1.948032
1304 2.062016
1305 2.215232
1306 2.123136
