0 1.4278
1 2.02464
2 1.352512
3 1.53784
5 1.1998
6 1.251208
7 1.434328
8 1.381
9 1.755968
10 1.788208
11 1.835688
12 2.11524
13 2.168656
14 2.6252
15 2.711608
16 3.979632
17 2.06068
18 1.597112
19 1.66552
20 1.597824
21 1.487808
22 1.324688
23 1.557504
24 1.740096
25 1.441104
26 1.586632
27 2.0718
28 1.904256
29 1.543456
30 1.688288
31 2.688632
32 2.946864
33 2.375624
34 2.466808
36 2.39756
37 2.24352
38 2.206896
39 2.542344
40 2.94732
41 2.110712
42 3.018624
43 2.878272
44 2.576152
45 2.924776
46 2.364664
47 2.602384
48 2.627472
49 2.689016
50 3.389168
51 3.552128
52 3.86368
53 3.705832
54 3.549296
55 3.021888
56 2.812608
57 2.17132
58 1.969888
59 2.04584
60 2.604672
61 2.136536
62 2.44604
63 2.775456
64 1.214784
65 1.328048
66 2.199744
68 2.782848
69 2.641272
70 2.04336
71 2.068416
72 1.58528
73 1.904256
74 1.572152
75 2.221632
76 2.425328
77 1.491928
78 2.670336
79 2.151304
80 1.992336
81 2.31916
82 2.801664
83 1.7032
84 2.215616
85 2.029072
86 1.980864
87 1.47744
88 1.328808
89 2.343472
90 2.967032
91 3.152672
92 2.702976
93 2.29824
94 1.532608
95 1.61112
96 1.652544
97 1.368
98 0.791136
99 1.072512
100 1.127232
101 1.028736
102 0.936344
103 0.974016
104 1.105344
105 0.91448
106 1.357056
107 1.136232
108 1.009704
109 1.454568
110 1.050624
111 1.302336
112 1.005824
113 1.0944
114 1.072512
115 0.933528
116 1.138176
118 1.02112
119 0.87552
120 0.928664
121 0.908352
122 0.944648
123 1.247616
124 1.070608
125 1.499328
126 1.387992
127 1.47744
128 1.058272
129 1.772928
130 2.683064
131 2.215544
132 2.08904
133 2.16212
134 1.71016
135 1.446944
136 2.2718
137 2.451456
138 1.67916
139 1.923192
140 2.035584
141 1.444608
142 1.56404
143 1.335168
144 2.166912
146 1.396424
147 1.838592
148 2.199744
149 1.466496
150 1.26056
151 1.4416
152 2.29824
153 1.632056
154 2.216656
155 2.506176
156 1.880216
157 1.868688
158 2.112192
159 1.620848
160 2.341656
161 2.40768
162 1.82724
163 1.389888
164 1.119984
165 1.444608
166 1.30532
167 1.6416
168 1.356704
169 1.9152
170 1.238952
171 1.772928
172 1.790472
173 1.980864
174 2.066872
175 3.0096
176 2.0262
177 1.855744
178 3.108096
179 1.927
180 1.942008
181 2.807512
182 3.086848
183 3.381696
184 2.993752
185 2.592112
186 2.567424
187 2.331072
188 1.998656
189 1.895376
190 2.287296
191 2.105968
192 2.380016
193 2.37192
194 2.976768
197 1.967264
198 5.8198
199 2.725448
200 3.360912
201 3.731904
202 2.54132
203 3.844432
204 3.644352
205 3.562968
206 3.267568
207 3.204936
208 3.08108
209 3.2304
210 3.195752
211 3.069304
212 3.019296
213 4.075168
214 2.624336
215 3.863096
216 2.973288
217 4.640256
218 3.461424
219 4.02588
221 4.254728
222 4.54176
223 0.326752
224 8.339056
225 2.692224
226 4.673088
227 4.038336
228 3.42304
229 3.731904
230 2.345
231 3.644352
232 2.849808
233 2.84544
234 2.228744
235 2.506176
236 2.776976
237 3.761752
238 0.216936
239 6.602392
240 2.61332
241 2.254464
242 2.2252
243 2.932992
244 1.829592
245 2.101248
246 1.910088
247 2.447368
248 1.797088
250 2.138536
251 2.244296
252 2.221632
253 1.554056
254 1.460168
255 2.276352
256 1.488352
257 1.986888
258 2.539232
259 3.075264
260 2.452968
261 2.281552
262 2.792384
263 2.860736
264 2.877176
265 2.57184
266 1.816288
267 1.965872
268 1.236672
269 1.368
270 1.508512
271 1.827648
272 2.482256
273 2.495232
275 2.075008
276 2.19396
277 1.80396
278 1.707264
279 1.5922
280 1.652544
281 1.564688
282 1.926144
283 2.123136
284 1.688344
285 1.619712
286 1.569216
287 1.761984
288 1.85952
289 1.718208
290 2.090304
291 1.782712
292 1.980864
293 2.47848
294 2.479064
295 2.401736
296 2.373752
297 2.963848
298 3.021144
299 2.250384
300 1.848488
301 1.776408
302 2.271432
303 2.491536
304 2.68128
305 2.52748
306 2.582784
307 2.593728
308 1.58756
309 1.682096
310 2.02464
311 2.116776
312 3.102976
313 4.155136
314 3.12952
315 2.813984
316 2.13408
317 1.934552
318 2.068416
319 2.304224
320 2.452488
321 2.867328
322 2.216432
323 2.45532
324 2.430856
325 2.745568
326 2.07936
327 1.632744
328 1.734336
329 1.872592
331 2.056288
332 2.664368
333 2.521416
334 2.074536
335 2.367528
336 2.177848
337 2.331072
338 1.79492
339 1.958848
340 2.35296
341 1.376408
342 2.121432
343 2.144096
344 2.898808
345 2.058848
346 2.053224
347 1.976224
348 1.378944
349 1.283872
350 1.368
351 1.42272
352 1.91596
353 2.84544
354 2.013656
355 2.456256
356 2.461552
357 1.96992
359 0.711856
360 5.989336
361 2.776216
362 2.923728
363 3.44328
364 2.550904
365 3.261576
366 2.692848
367 2.605648
368 2.583504
369 2.588736
370 2.651016
371 2.426896
372 2.052704
373 0.536256
375 0.05472
376 1.616344
377 2.0296
378 2.568136
379 2.82
380 2.73968
381 2.779776
382 2.376864
383 2.62656
384 2.537144
385 2.525224
386 2.511896
387 2.528064
388 2.05444
389 2.281112
390 1.856344
391 2.418624
392 1.974984
393 1.954608
394 1.746632
395 2.639392
396 2.998656
397 2.791984
398 3.487456
399 2.99104
400 3.11948
401 2.628912
402 2.834496
403 2.370976
404 2.366344
405 1.208032
406 2.210688
407 2.100312
408 2.014528
410 2.21116
411 2.101248
412 1.713352
413 1.819984
414 1.991808
415 1.2484
416 1.127232
417 0.718168
418 0.744192
419 0.229824
420 1.509224
421 1.324224
422 1.269504
423 1.169112
424 1.236672
425 1.510272
426 0.809592
427 1.03968
428 1.138176
429 0.890264
430 1.116288
431 1.03968
432 0.79632
433 0.98496
434 0.735264
435 1.192896
436 0.791848
437 1.072512
438 1.078128
439 1.355712
440 1.862456
441 1.856272
442 1.300008
443 1.46
444 1.565336
445 1.612152
446 1.794672
447 2.327808
448 1.484288
449 1.791072
450 2.203968
451 1.6416
452 0.766456
453 1.138176
454 0.448704
455 0.289672
456 0.262656
457 0.240768
458 0.2736
459 0.295488
581 0.132688
582 1.321344
583 1.12964
584 1.269928
586 0.71312
587 1.446536
588 1.381584
589 1.332384
590 1.305672
591 1.39136
592 0.981728
593 1.261896
594 1.476384
595 1.649488
596 2.032632
597 2.443656
598 2.95488
599 2.775072
600 3.06884
601 2.2784
602 2.2398
603 3.113752
604 2.89816
605 2.68156
606 3.08432
607 3.478328
608 3.268424
609 4.094464
611 3.959112
612 3.565376
613 3.267264
614 3.558528
615 2.440512
616 2.3154
617 3.425472
618 2.16404
619 2.059896
620 2.309184
621 1.827616
622 2.539008
625 1.98852
626 5.727872
627 1.006848
628 1.455552
629 0.786464
630 0.864576
631 0.864576
632 0.645064
633 1.958976
634 1.295936
635 1.546744
636 1.455552
637 1.17116
638 1.685376
639 1.225568
640 2.112192
641 2.446416
642 2.464592
643 1.378944
644 1.491744
645 2.276352
646 1.390304
647 1.871424
648 2.79224
649 2.753856
650 1.938464
651 1.866016
652 1.871424
653 1.74212
654 2.240056
655 2.560896
656 1.97748
657 2.217128
658 2.253424
659 2.330592
660 1.926144
661 1.835744
662 2.308464
663 2.151352
664 2.779776
665 2.433088
666 2.577432
667 1.887016
668 2.109816
669 2.823552
670 2.651992
671 2.258968
673 2.581896
674 3.129984
675 2.170888
676 2.66788
677 2.917176
678 2.956984
679 3.151872
680 2.939208
681 3.202424
682 3.295384
683 2.859784
684 2.33872
685 3.1012
686 3.479688
687 3.49492
688 3.055608
689 3.767416
690 3.088592
691 2.393104
692 3.578688
694 0.94892
695 5.665656
696 2.057472
697 1.772928
699 2.06372
700 1.820528
701 2.775976
702 2.495232
703 2.32616
704 1.414488
705 1.86048
706 1.783952
707 1.576336
708 1.864272
709 2.035584
710 1.63616
711 1.621056
712 2.199744
713 1.91268
714 1.628424
715 1.928504
716 1.699312
717 1.730944
718 2.287296
719 1.787888
720 1.820368
721 1.946736
722 2.046528
723 1.566104
724 2.023584
725 2.782384
726 2.177856
727 1.977552
728 2.1888
729 1.733808
730 1.948032
731 1.198424
732 1.619712
733 1.872976
734 2.112192
735 1.368
736 1.116288
737 0.689472
742 0.390672
743 5.52672
744 0.539584
746 0.404928
747 0.306432
748 0.2736
749 0.240768
750 0.142272
772 0.065664
773 0.448704
775 0.445256
776 0.466968
777 0.515928
778 0.584176
779 0.67844
780 0.556208
781 0.447904
782 0.3056
783 0.339264
784 0.30092
785 0.295488
786 0.40884
787 0.262656
788 0.229824
789 0.171792
790 0.306432
791 0.260104
792 0.322936
793 0.350208
794 0.258544
795 0.361152
796 0.305232
798 0.3978
799 0.361152
800 0.25964
801 0.317376
802 0.188016
803 0.120384
805 0.043776
806 0.043776
807 0.05472
808 0.142272
810 0.150232
811 0.196992
812 0.153216
813 0.142272
814 0.13928
816 0.076608
817 0.021888
879 0.021888
880 0.05472
882 0.065664
883 0.032832
885 0.032832
887 0.031984
888 0.032832
889 0.021888
890 0.032832
913 0.010944
923 0.010944
924 0.010944
926 0.065664
927 0.05472
928 0.065664
929 0.065664
931 0.039608
932 0.05472
933 0.065664
934 0.065664
938 0.021888
940 0.098496
941 0.142336
943 0.142272
944 0.175104
945 0.098496
946 0.097416
947 0.087552
948 0.120384
957 0.032832
958 0.706872
959 1.732688
960 1.77712
961 2.036704
962 1.267352
963 1.780552
964 2.13644
965 1.871856
966 1.997552
967 2.22804
968 1.917704
969 2.152536
970 2.298424
971 2.263648
972 2.531488
973 2.749664
974 2.6112
975 2.786792
976 2.804464
977 3.237024
978 2.29468
979 3.625416
980 2.963792
981 3.014128
982 3.7622
983 3.371776
984 3.039912
985 2.767464
986 2.925712
987 2.608272
988 2.827944
990 2.231576
991 3.347576
992 2.34876
993 3.383512
994 2.880248
995 3.217624
996 3.268816
997 3.054224
998 3.40316
999 3.713976
1000 3.635264
1001 3.71564
1002 3.98676
1003 3.006096
1004 4.045144
1005 3.545336
1006 3.343336
1007 2.578248
1008 3.52176
1009 3.03172
1010 2.990008
1011 2.798368
1012 2.55496
1013 3.206592
1015 2.272568
1016 5.751512
1017 3.170472
1018 3.059328
1019 2.709144
1020 3.003568
1021 2.97892
1022 2.816536
1023 3.369448
1024 2.943936
1025 2.262024
1026 2.535376
1027 1.913968
1028 2.873424
1029 2.24352
1030 1.510272
1031 1.851328
1032 2.342016
1033 3.398992
1034 2.9526
1035 2.094544
1037 3.207552
1038 2.856384
1039 1.434288
1040 1.006848
1041 0.733248
1042 2.537032
1043 2.533024
1044 2.867328
1045 1.724552
1046 1.575936
1047 0.678336
1048 2.35296
1049 1.94184
1050 2.385936
1051 2.648448
1052 0.400944
1053 1.783872
1055 1.695512
1056 1.926144
1057 1.480528
1058 1.96992
1059 1.557824
1060 2.221632
1061 2.288544
1062 2.09552
1063 1.706192
1064 2.309184
1065 1.751008
1066 1.780232
1067 2.40116
1068 2.418624
1069 1.553568
1070 1.608984
1071 2.035584
1072 1.584184
1073 1.636872
1074 1.980864
1075 1.58136
1076 2.269848
1077 2.881336
1078 3.185904
1079 4.501232
1080 3.92568
1081 3.890408
1082 3.508056
1083 2.982968
1084 3.7772
1085 2.576856
1086 3.19924
1087 3.174968
1088 2.876848
1089 2.78344
1090 2.984632
1091 3.22848
1092 2.217736
1093 2.615616
1094 2.428704
1095 2.276712
1096 1.499328
1098 1.76812
1099 1.499328
1100 1.048064
1101 1.291392
1102 1.335168
1103 1.268136
1104 1.45916
1105 2.363648
1106 1.583688
1107 1.40096
1108 1.476008
1109 2.227544
1110 3.097408
1111 3.040912
1112 2.246928
1113 0.98496
1114 0.886464
1115 0.372096
1116 0.393984
1117 0.809856
1118 1.142088
1119 1.083456
1120 1.2026
1121 2.483016
1122 2.848616
1123 2.13228
1124 1.192896
1127 0.251712
1128 0.076608
1129 0.114928
1130 0.580032
1131 0.689472
1132 0.43672
1133 1.028736
1134 1.496664
1135 2.211032
1145 0.309872
1146 0.350208
1147 0.470592
1148 0.426816
1149 0.317376
1150 0.360152
1151 0.428584
1152 0.790208
1153 1.000912
1154 0.732896
1156 1.188264
1157 1.100256
1158 1.379864
1159 1.410688
1160 1.158896
1161 1.182872
1162 0.974016
1163 0.372096
1164 0.240768
1165 0.065664
1166 0.349152
1167 0.722304
1168 0.249632
1169 0.689472
1170 0.6748
1171 0.509928
1172 0.926632
1173 0.645696
1174 0.305864
1176 0.142272
1177 0.667584
1178 0.982
1179 1.26248
1180 1.046264
1181 1.220896
1182 1.068328
1183 1.47744
1184 1.051288
1185 1.005408
1186 1.269504
1187 0.91664
1188 0.842688
1189 0.505704
1190 0.207936
1191 0.120384
1192 0.514368
1193 0.767488
1194 1.017792
1195 0.804544
1196 0.699896
1197 1.13144
1198 0.951176
1199 1.057688
1200 1.412312
1201 1.57184
1203 1.345424
1204 1.491384
1205 2.035584
1206 1.840744
1207 1.353136
1208 1.389888
1209 1.144224
1210 1.19392
1211 1.18248
1212 1.366744
1213 1.302336
1214 0.64208
1215 0.525312
1216 0.284544
1217 0.207936
1218 0.142272
1219 0.10944
1220 0.098496
1221 0.131328
1223 0.131328
1229 0.010944
1231 0.033192
1234 0.009016
1235 0.05472
1236 0.43776
1237 0.512784
1238 0.237144
1239 0.309032
1240 0.207936
1242 0.16416
1243 0.146544
1244 0.065664
1245 0.43268
1246 1.041336
1247 0.740328
1248 0.67448
1249 0.687208
1250 1.053408
1251 1.089624
1252 0.821784
1253 0.945664
1254 0.976592
1255 1.235368
1256 0.724904
1257 0.908304
1258 0.995904
1259 0.58796
1260 0.580032
1261 0.365184
1263 1.015488
1264 1.06408
1265 1.10676
1266 0.843944
1267 1.074704
1268 1.247616
1269 0.905608
1270 0.739432
1271 0.87552
1272 0.707184
1273 0.748984
1274 0.10944
1276 0.087552
1277 0.977672
1278 1.12708
1279 1.050448
1281 0.974112
1282 1.107512
1283 0.514368
1284 0.453152
1285 0.240768
1286 0.38304
1287 0.502632
1288 0.49248
1289 0.285656
1290 0.623808
1291 0.422408
1292 0.534016
1293 0.536256
1294 0.571088
1295 0.645696
1296 0.442088
1297 0.372096
1299 0.21888
1300 0.214512
1301 0.240768
1302 0.032832
1303 0.374632
1304 0.789808
1305 0.911584
1306 0.825224
1307 1.181
1308 1.004152
1309 0.731432
1310 0.897408
1311 0.269568
1312 0.186048
1313 0.686928
1314 1.079
1315 0.941184
1316 0.675728
1317 0.958288
1318 1.331232
1319 1.4728
1320 0.93108
1321 1.466496
1322 1.397536
1323 1.597824
1324 1.300336
1325 1.507136
1326 1.6416
1327 1.049224
1328 1.171008
1329 1.466168
1330 1.849536
1331 1.578192
1332 1.636248
1333 2.02464
1335 1.27204
1336 1.346112
1337 0.601192
1338 1.072512
1339 1.198072
1340 1.652544
1341 1.214328
1342 1.729152
1343 1.005296
1344 0.995904
1345 0.886464
1346 0.401176
1347 0.809856
1348 0.733248
1349 0.777024
1350 0.365168
1351 0.43776
1352 0.722304
1353 0.87552
1354 0.580336
1355 0.974016
1356 0.821816
1357 0.93024
1358 0.65896
1359 0.558144
1360 0.38304
1361 0.503424
1362 0.412064
1363 0.569088
1364 0.445208
1365 0.722304
1366 0.574088
1367 0.76608
1368 0.639224
1369 0.645432
1370 0.697776
1371 0.693392
1372 0.744192
1373 0.461296
1374 0.558144
1375 0.43964
1377 0.645696
1378 0.582472
1379 0.470592
1380 0.348856
1381 0.350208
1382 0.306432
1383 0.154256
1384 0.317376
1385 0.120384
1386 0.05472
1417 0.01204
1419 0.043776
1421 0.032832
1422 0.032832
1423 0.032832
1425 0.021888
1426 0.032832
1427 0.021888
1429 0.032832
1431 0.043776
1437 0.032832
1439 0.219272
1440 0.043776
1441 0.043776
1442 0.043776
1443 0.065664
1448 0.043776
1449 0.087552
1450 0.142272
1452 0.077616
1453 0.120384
1454 0.098496
1458 0.174848
1465 0.147992
1466 0.393984
1467 0.458568
1468 0.534256
1469 0.431312
1470 0.553472
1471 0.43776
1472 0.269592
1473 0.153216
1474 0.175104
1475 0.17592
1476 0.372096
1477 0.328872
1478 0.38304
1479 0.388552
1480 0.611048
1481 0.588
1482 0.558144
1483 0.624368
1484 0.789248
1485 0.618112
1486 0.684528
1487 0.408792
1489 0.787288
1490 0.832288
1491 0.868688
1496 0.574456
1497 0.065664
1498 0.240768
1499 0.361152
1500 0.350208
1501 0.361152
1502 0.279192
1503 0.38304
1505 0.131072
1506 0.566008
1507 0.306432
1508 0.282448
1509 0.350784
1510 0.350208
1511 0.339264
1512 0.280384
1513 0.361152
1514 0.285344
1515 0.372096
1516 0.293696
1517 0.372096
1518 0.28752
1519 0.176744
1520 0.372096
1521 0.253592
1522 0.2714
1523 0.262656
1524 0.359
1525 0.076608
1526 0.3378
1527 0.282968
1528 0.278448
1530 0.372096
1531 0.287536
1532 0.271208
1533 0.300512
1534 0.34976
1535 0.361152
1536 0.24432
1537 0.34072
1538 0.361592
1539 0.372096
1540 0.183704
1541 0.368952
1542 0.306432
1543 0.290488
1545 0.248104
1546 0.39436
1547 0.361152
1548 0.27756
1549 0.282512
1550 0.372096
1551 0.279248
1552 0.284336
1553 0.361152
1554 0.176296
1555 0.372096
1556 0.297512
1557 0.142272
1560 0.196992
1565 0.20328
1566 0.5472
1570 0.029296
1571 0.470592
1572 0.365704
1573 0.459648
1574 0.536256
1575 0.47616
1576 0.65664
1577 0.557544
1578 0.656616
1579 0.537216
1580 0.85412
1581 0.669432
1582 0.996784
1583 0.776344
1584 0.478216
1585 0.225184
1586 0.153216
1587 0.16416
1589 0.1256
1590 0.16416
1593 0.229568
1595 0.327048
1596 0.175104
1597 0.229824
1598 0.295488
1599 0.301952
1600 0.536256
1601 0.388024
1602 0.53032
1603 0.512408
1604 0.207936
1605 0.7748
1606 0.939544
1607 0.71908
1608 1.000344
1609 0.953248
1610 0.878088
1611 1.181952
1612 0.615976
1613 0.730072
1614 0.732968
1615 0.834864
1616 0.85576
1617 0.852624
1618 0.62088
1619 0.686504
1620 0.7728
1621 0.69444
1622 0.644816
1624 0.7214
1625 0.644856
1626 0.905728
1627 0.851552
1628 0.969976
1629 1.098864
1630 0.969976
1631 1.4116
1632 1.47424
1633 1.487264
1634 1.536472
1635 1.47024
1636 1.509944
1638 2.079
1639 2.487344
1640 2.53056
1641 1.924376
1642 2.107224
1643 1.99836
1644 1.85636
1645 1.864744
1646 2.35296
1647 2.3906
1648 2.531936
1649 1.965888
1650 2.84544
1651 2.190864
1652 2.473472
1653 2.4248
1654 2.692224
1655 2.143688
1656 2.059344
1657 2.521672
1658 2.952376
1659 2.752656
1660 2.648448
1661 1.912888
1662 1.883944
1663 1.818944
1664 1.9152
1665 1.27204
1666 1.266136
1667 1.0944
1668 1.302336
1669 0.982424
1670 1.58688
1672 0.810216
1673 0.733248
1674 0.481536
1675 1.280448
1676 1.3258
1677 1.673968
1678 1.707264
1679 1.55584
1680 1.574336
1681 1.229296
1682 1.10952
1683 1.3862
1684 1.34228
1685 1.319136
1686 1.489064
1687 1.772928
1688 1.384544
1689 1.9152
1690 1.537296
1691 1.312192
1692 1.754736
1693 1.31452
1694 1.133208
1695 1.597824
1696 1.316336
1697 1.761984
1699 1.577104
1700 1.335168
1701 1.368
1702 1.088736
1703 1.499328
1704 1.118576
1705 1.292984
1706 1.385336
1707 1.740096
1708 1.505512
1709 1.55468
1710 1.729152
1711 1.455824
1712 2.221632
1713 1.488512
1714 1.856824
1715 2.440512
1716 1.909104
1717 2.539008
1718 2.349032
1719 2.1888
1720 1.307592
1721 1.554048
1722 1.540344
1723 2.177856
1724 1.397872
1725 1.663488
1726 1.263592
1727 1.904256
1728 1.5134
1729 1.663488
1730 1.376576
1731 1.357056
1732 0.926544
1733 1.160064
1734 1.280448
1735 0.835816
1736 0.974016
1737 0.612864
1738 0.404256
1739 0.404928
1740 0.317376
1741 0.251712
1742 0.16416
1759 0.131328
1764 1.579816
1765 0.66032
1766 0.803288
1767 0.943072
1768 1.19648
1769 1.050976
1770 1.529296
1771 1.79592
1772 1.47744
1773 1.936976
1774 1.760088
1775 1.715336
1776 1.37316
1777 1.735056
1778 1.841616
1779 1.79108
1780 1.772368
1781 1.76032
1782 1.808144
1784 2.009056
1785 1.827648
1786 1.527944
1787 1.581416
1788 1.44916
1789 1.90016
1790 1.882368
1791 1.414408
1792 1.608864
1793 2.002752
1794 1.58436
1795 1.720088
1796 1.882368
1797 1.650696
1798 2.276352
1799 1.43864
1800 1.415984
1801 1.386032
1802 1.707264
1803 1.392824
1804 1.96992
1805 1.702664
1806 1.86048
1807 1.347504
1808 2.013696
1809 1.746152
1810 1.657168
1811 2.002304
1812 1.975
1813 1.91664
1814 2.429568
1815 1.903472
1816 2.13408
1817 1.86116
1818 2.35296
1820 2.165736
1821 2.736
1823 1.1912
1824 2.412896
1825 2.818448
1826 3.20816
1827 2.867328
1828 2.305488
1829 2.476272
1830 2.221632
1831 1.158584
1832 1.893312
1833 1.553848
1834 1.772928
1835 1.240032
1836 2.832696
1837 2.506176
1838 0.892152
1839 0.580032
1840 0.536256
1842 0.131072
1843 2.521728
1844 0.5472
1845 0.393984
1847 0.251712
1852 0.131328
1853 0.131328
1854 0.2736
1855 0.448704
1856 0.190152
1857 0.131328
1858 0.175104
1859 0.817232
1860 0.69132
1861 0.646304
1862 0.893896
1863 0.871336
1864 0.865352
1865 0.744688
1867 0.531672
1868 0.995904
1869 0.989016
1870 1.044328
1871 1.225992
1872 1.283912
1873 0.777024
1874 0.686952
1875 0.963072
1876 0.813816
1877 1.344336
1878 1.219304
1879 1.462144
1880 0.65664
1881 0.838328
1882 0.393984
1883 0.2736
1884 0.196992
1886 0.098496
1887 0.105784
1935 0.076608
1936 0.317376
1937 0.50088
1938 0.876784
1940 0.953816
1941 1.168424
1942 0.807272
1943 1.126456
1944 0.695752
1945 0.905712
1946 0.85436
1947 1.212632
1948 1.099952
1949 1.14708
1950 0.567072
1952 0.558144
1953 0.207936
1954 0.245088
1955 0.262656
1956 0.623808
1957 0.580696
1958 0.371744
1959 0.481912
1960 0.602984
1961 0.586672
1962 0.67136
1963 0.789112
1964 0.671472
1965 0.926728
1966 1.51624
1967 1.285736
1968 1.552224
1969 1.17496
1971 0.448704
1972 0.667584
1973 0.490664
1974 0.856624
1975 1.0636
1976 1.42696
1977 0.959824
1978 1.373552
1979 0.95332
1980 1.234768
1981 0.922496
1982 0.65664
1983 0.5472
1985 0.306672
1986 0.404928
1987 0.043776
1989 1.802888
1991 0.032832
1992 0.612864
1993 0.653688
1994 0.498232
1995 0.901216
1996 1.348936
1997 1.21248
1998 1.688872
1999 1.516728
2000 1.49768
2001 1.218672
2002 1.35864
2003 1.194992
2004 1.291392
2005 1.040968
2006 1.129928
2007 1.03068
2008 1.20384
2009 0.858296
2010 1.440192
2011 2.254112
2012 2.11416
2014 1.782968
2015 1.960528
2016 2.198472
2017 1.540672
2018 1.43712
2019 1.26624
2020 0.844376
2021 1.077032
2022 1.980864
2023 0.790264
2024 0.941184
2025 0.784848
2026 1.061568
2027 0.822248
2028 1.138176
2030 0.05472
2031 0.916152
2032 1.891392
2033 2.083432
2034 1.972992
2035 2.820088
2036 2.486232
2037 2.40892
2038 2.355376
2039 2.216232
2040 1.712928
2041 3.567744
2042 3.178424
2043 2.013696
2045 1.989744
2046 1.69632
2047 1.564992
2048 1.893312
2049 3.491136
2050 2.73656
2051 2.061208
2052 1.6416
2053 1.183352
2054 1.853096
2055 1.236672
2056 0.481536
2057 0.558144
2058 0.415872
2059 0.298
2060 0.470592
2061 0.284544
2062 0.689472
2063 0.60192
2064 0.4924
2065 0.415872
2066 0.339264
2067 0.251712
2068 0.186048
2069 0.350208
2071 0.444456
2072 0.777024
2073 0.58716
2074 0.678528
2075 1.038984
2076 1.47552
2077 1.240792
2078 0.980728
2079 0.914056
2080 0.917568
2081 0.90692
2082 0.984136
2083 1.172584
2084 1.0838
2085 1.692392
2086 1.38184
2087 1.127232
2088 0.86556
2089 1.158968
2090 1.560192
2091 1.736016
2092 1.534312
2093 1.645472
2095 2.050704
2096 2.155968
2097 1.18472
2098 1.630656
2099 0.88464
2100 1.061568
2101 0.497024
2102 0.787968
2103 0.525312
2105 0.131072
