0 1.752264
1 2.42248
3 0.540736
4 0.505344
5 1.29508
6 1.0048
7 1.2292
8 0.854752
9 1.223984
10 1.131264
11 1.76632
12 1.32132
13 1.940136
14 1.827216
15 1.650472
16 1.802168
17 1.963576
18 1.908096
19 1.933104
20 1.6258
21 1.62684
22 1.654072
23 1.725928
24 1.68584
25 1.138176
26 0.900864
28 1.58688
29 1.222224
30 1.575688
31 1.729152
32 1.447992
33 1.565344
34 1.797728
35 2.21804
36 2.191728
37 2.173472
38 2.270568
39 1.875832
40 1.883736
41 2.002208
42 1.920736
43 1.690064
44 2.131128
45 1.7716
47 1.958976
48 1.650624
49 2.287296
50 1.1206
51 0.229824
52 2.191528
53 1.072512
54 2.200504
55 2.875984
56 2.835408
57 3.061112
58 3.028016
59 2.6
60 3.086656
61 2.917864
62 3.126432
63 3.629456
64 3.196992
65 4.3054
67 4.190832
68 3.89852
69 3.255896
70 3.377376
71 3.155696
72 2.5968
73 2.451456
74 2.203512
75 1.922976
76 1.902656
77 2.40768
78 1.59404
79 1.849536
80 1.302336
81 0.882224
82 1.488384
83 0.32832
84 1.480984
85 2.177856
86 1.822984
87 1.56552
88 2.35296
89 1.509304
90 1.466496
91 1.309216
92 1.701248
93 1.893312
94 1.547536
95 1.718208
96 1.937088
97 1.219368
98 1.358512
99 1.455552
100 0.997112
101 1.685376
102 1.828448
103 1.892312
105 1.751848
106 1.455552
107 1.34656
108 0.864576
109 0.755136
110 0.733248
111 0.538608
112 0.744192
113 0.755136
114 0.603904
115 0.93024
116 0.87552
117 0.968888
118 1.608768
119 1.309384
120 1.661544
121 1.619712
122 1.283304
123 0.962088
124 1.663488
125 0.929216
126 0.93024
127 0.963072
128 0.240768
129 1.163352
131 2.3344
132 1.423088
133 1.453608
134 0.769544
135 1.69632
136 2.121232
137 0.742296
138 0.787968
139 0.580032
140 1.017792
141 1.13488
142 1.783872
143 1.172792
144 1.280448
145 0.912
146 1.194104
147 1.585616
148 1.94324
149 2.169808
151 1.589216
152 1.357056
153 1.5092
154 1.903384
155 1.502216
156 0.645696
157 0.76608
158 0.580032
159 1.057088
160 1.58688
161 1.564992
162 1.262696
163 1.433664
164 1.302336
165 0.581024
166 0.864576
167 1.111032
168 1.338584
169 1.359968
170 1.378944
171 2.440368
172 2.231688
173 2.175584
174 2.130928
175 2.28952
176 2.484288
177 1.611752
178 1.827296
179 1.937088
180 1.994088
181 2.145024
182 1.910856
183 2.604672
184 2.08876
185 1.488384
186 1.69788
187 2.195008
188 2.013696
189 1.609624
190 1.685376
191 1.602744
192 2.385792
193 1.581784
194 1.981504
195 1.991808
196 1.910296
197 2.232576
198 1.935472
199 2.648448
200 1.57152
201 2.331072
202 1.834496
203 2.28936
204 1.762416
205 1.656832
206 2.051696
207 2.287296
208 2.295312
209 2.4488
210 1.783872
211 0.580032
212 1.652544
213 0.982552
214 2.002752
216 0.93024
217 0.67892
218 2.309184
219 1.996864
220 1.869552
221 2.670336
222 2.010624
223 2.068064
224 2.09092
225 2.419848
226 2.10588
227 2.274864
228 2.355152
229 1.767296
230 1.772928
232 1.14316
233 1.116288
234 0.972768
235 1.017792
236 0.809856
237 1.20784
238 1.671528
239 1.282232
240 1.17992
241 1.51372
242 1.931008
243 2.310704
244 2.272264
245 2.07096
246 2.150232
250 1.151056
251 6.251608
252 1.521216
253 2.399008
254 2.853936
255 2.966
256 2.891992
257 2.581944
258 3.299808
259 3.751496
260 3.75736
261 4.051224
262 3.8034
263 4.625224
264 3.136712
265 3.853072
266 4.207112
267 3.731872
268 3.081512
269 4.83876
270 4.251112
271 3.995552
272 5.504832
273 0.569352
274 6.236856
275 2.62656
276 2.171704
277 3.11904
278 3.25244
279 5.14368
280 0.66748
281 2.692224
282 2.90016
283 2.556136
284 3.316032
285 3.856104
286 5.264064
287 3.142296
288 4.274656
289 3.764736
290 3.395904
291 4.158944
292 4.32288
293 3.07352
294 0.689472
295 7.558688
296 1.652544
297 2.385792
298 2.714112
299 2.014568
300 3.491136
301 3.770648
302 4.071168
305 3.498392
306 3.961728
307 3.183592
308 3.108096
309 3.195648
310 2.588848
311 2.101248
312 1.974224
313 2.002752
314 1.657752
315 1.400832
316 0.851656
318 0.295488
319 2.287896
320 1.619712
321 1.310536
322 1.476104
323 1.531112
324 1.612248
325 1.904256
326 2.01972
327 2.086608
328 2.495232
329 1.991224
330 2.604672
331 2.233256
332 2.593728
333 1.846256
334 1.832232
335 1.80576
336 1.264384
337 1.564992
338 1.670848
339 1.937088
340 1.739632
341 2.232576
343 2.069792
344 2.57184
345 1.923608
346 2.363904
347 1.833632
348 1.99284
349 1.543104
350 1.400832
351 1.132976
352 2.363904
353 1.601688
354 1.291392
355 1.062856
356 1.893312
357 1.158688
358 1.58688
359 0.790056
360 0.897408
361 0.738432
362 1.20384
363 0.955984
364 1.095168
365 1.160064
366 0.666624
367 1.373304
368 1.346112
369 0.93212
370 0.987192
371 1.303096
372 1.378944
373 1.12112
375 1.364376
376 1.466496
377 1.07812
378 1.013352
379 1.116288
380 0.81512
381 0.8906
382 1.138176
383 0.965856
384 1.335168
385 1.124736
386 1.256448
387 0.722304
388 1.105816
389 1.160064
390 1.097312
391 1.25856
392 1.357056
393 0.818728
394 0.514368
395 0.415872
397 0.131328
398 0.147072
412 0.087552
413 0.021888
420 0.021888
421 0.350208
422 0.240768
424 0.687048
