0 1.006176
1 2.289608
2 1.502088
3 1.560496
4 1.373528
5 1.161184
6 1.026992
7 1.137184
8 1.359208
9 1.312744
10 1.405408
12 1.426248
13 1.511216
14 1.314088
15 1.483592
16 1.7976
17 1.538648
18 1.286064
19 1.670312
20 1.599792
21 1.31628
22 0.93844
23 0.898584
24 0.431592
25 0.153216
26 0.523424
27 0.321672
28 0.517048
30 0.317376
31 0.207416
32 0.43968
33 0.497448
34 0.426816
35 0.284896
36 0.328264
37 0.372096
38 0.211856
39 0.284544
40 0.210312
41 0.43776
42 0.445656
43 0.401712
44 0.742544
46 0.527184
47 0.503424
48 0.37092
49 0.530008
50 0.46724
51 0.525312
52 0.448208
53 0.3172
54 0.481536
55 0.676192
56 0.639136
57 0.470872
58 0.404928
59 0.317272
60 0.635264
61 0.564688
62 0.595736
63 0.580032
64 0.457744
65 0.404448
66 0.488096
67 0.459648
68 0.28312
69 0.262656
71 0.210376
72 0.352384
73 0.787144
74 0.820304
75 0.951168
76 0.893824
77 0.720256
78 0.4796
79 0.423736
81 0.229824
82 0.726776
83 0.891616
84 0.662344
85 0.636672
86 0.271672
87 0.706488
89 0.662776
90 0.697256
91 0.863984
92 0.780744
93 0.88388
94 0.769744
95 0.944264
96 0.832472
97 1.235416
98 0.96928
99 1.057664
100 0.972344
101 0.699424
102 0.910728
103 0.965888
104 0.709864
105 0.85644
106 0.703016
107 0.723544
108 0.682712
109 0.743592
110 0.7852
111 0.823304
112 0.667752
113 1.014136
114 1.091304
116 1.076008
117 1.24512
118 0.796344
119 0.864576
120 1.06376
121 1.169928
122 0.938944
123 0.996272
124 1.231544
125 0.684472
126 1.090352
127 0.796176
128 0.968136
129 1.09712
131 0.8694
132 0.81204
133 0.862904
134 0.628864
135 1.098048
136 0.783896
137 1.0186
138 1.119512
139 0.711312
140 0.925616
141 0.634376
142 1.08224
143 1.043032
144 0.887296
145 0.704512
146 0.375704
147 0.682688
148 0.5304
149 0.514736
150 0.577904
151 0.350208
152 0.243456
154 0.327456
155 0.738248
156 0.640616
157 0.729752
158 0.704808
159 0.377432
160 0.348408
161 0.507744
162 0.595152
163 0.66912
164 0.010944
165 0.706488
166 0.871984
167 0.743784
168 0.580032
169 0.728104
171 0.990232
172 1.26152
173 0.932624
174 1.261096
175 0.99488
176 1.189
177 1.02852
178 1.020208
179 0.814928
180 1.201768
181 0.789496
182 1.25588
183 0.982296
184 0.643912
185 0.404928
186 0.754216
187 0.944552
188 0.963552
189 1.06072
190 1.389336
191 1.227048
193 1.050296
194 1.171824
195 1.10388
196 0.884568
197 0.83324
198 0.688448
199 0.524816
200 0.361152
201 0.098496
202 1.023064
203 1.28848
205 1.342624
206 1.364792
207 0.958248
208 1.334264
209 1.000984
210 1.23836
211 0.636952
212 1.180896
213 0.814216
214 0.799248
215 0.516488
216 0.751808
217 0.887152
218 1.150312
219 1.12696
220 0.987776
221 1.48312
222 1.176952
223 1.053264
225 1.05328
226 0.85904
227 0.929912
228 1.100016
229 0.966272
230 0.984616
231 0.87248
232 0.96136
233 0.920256
234 0.692328
235 1.034488
236 0.801616
237 0.392072
238 0.584016
239 0.174112
240 0.46856
242 0.475776
243 0.947224
244 0.972224
245 0.623808
246 0.404912
247 0.487296
248 0.956208
249 1.217192
250 0.886888
251 0.88848
252 1.28212
253 1.20648
254 1.238288
256 1.108216
257 1.192056
258 0.966512
259 0.975008
260 0.909424
261 1.00372
262 1.115056
263 0.810808
264 0.945672
265 0.9942
266 1.007616
267 1.27056
269 1.28332
270 1.199752
271 1.07788
272 0.75492
273 1.343272
274 0.865912
275 1.123608
276 1.0122
277 0.959304
278 1.126616
279 0.718152
280 1.036176
281 0.941024
282 0.767216
283 1.078016
284 0.913688
285 1.076248
287 0.664432
288 0.781928
289 0.825384
290 0.56804
291 0.903928
292 1.183224
293 0.989056
294 0.894096
295 1.07028
296 0.927152
297 0.896056
298 0.741128
299 0.973248
300 0.710056
301 0.861168
302 0.503936
304 0.5472
305 0.352056
306 0.374864
307 0.372096
308 0.232832
309 0.94572
310 1.204704
311 1.026464
312 1.05048
313 0.477104
314 0.837536
315 0.989784
316 1.069496
318 0.966632
319 0.906424
320 0.901224
321 0.542736
322 0.853768
323 0.775792
324 1.064056
325 0.678648
326 0.426816
327 0.098496
328 0.304224
329 0.339264
330 0.121832
332 0.065664
334 0.120384
335 0.992096
336 1.316224
337 1.300272
338 1.282568
339 1.415576
340 1.445208
341 1.097408
342 1.023424
343 1.128032
344 1.366984
345 1.064504
346 1.432648
347 1.19616
348 1.396616
349 0.904896
350 0.284544
351 0.010944
352 0.6424
353 1.258784
354 1.206152
355 0.618232
357 0.724392
358 0.649336
359 0.612864
360 0.388552
361 0.314392
362 0.450152
363 0.663064
364 0.490328
365 0.429928
366 0.621808
367 0.377008
368 0.31332
369 0.295488
370 0.130016
371 0.448704
372 0.357872
373 0.259184
375 0.175104
376 0.852832
377 1.130288
378 1.030216
379 1.43408
380 1.144328
381 1.227856
382 1.107928
383 1.158672
384 1.224128
385 1.02032
386 1.199968
387 0.78228
388 0.889336
389 1.031144
390 0.757296
391 0.534424
392 0.882768
393 0.95104
395 1.016312
396 0.682648
397 0.671936
398 0.487464
399 0.774224
400 0.475968
401 0.441672
402 0.458456
403 0.350208
404 0.223328
405 0.432248
406 0.573768
407 0.38304
408 0.15944
409 0.21888
413 0.065664
414 0.065664
417 0.142016
420 0.216104
421 0.16416
423 0.087552
424 0.618696
425 0.569088
426 0.358104
427 0.304504
428 0.295488
430 0.175104
431 0.016808
432 0.076608
433 0.098496
434 0.196992
435 0.141584
436 0.175104
437 0.120384
438 0.142272
440 0.07236
441 0.207936
442 0.302008
443 0.16416
444 0.16416
445 0.175104
446 0.131328
447 0.098496
448 0.13608
449 0.43776
450 0.184688
451 0.284544
452 0.21056
453 0.306432
473 0.043776
474 0.153216
475 0.093104
476 0.087552
502 0.010944
503 0.34944
504 0.470592
505 0.53328
506 0.588632
507 0.612744
508 0.472944
509 0.552832
510 0.544016
511 1.194008
512 1.306336
513 1.088864
514 1.142976
516 1.192656
517 1.546368
518 1.26052
519 1.585304
520 1.585792
521 1.600744
522 1.502384
523 1.20536
524 1.705424
525 1.814056
526 1.9382
527 1.49912
528 1.923752
529 1.427952
530 1.41448
532 0.919392
533 1.868016
534 1.735768
535 1.597152
536 1.742808
537 1.593648
538 1.744752
539 1.916424
540 2.053088
541 2.055936
542 1.72432
543 2.266576
544 2.509856
545 1.3566
546 1.145672
547 1.649248
548 1.439144
549 1.573336
550 2.040352
551 1.443312
552 1.782328
553 1.567304
554 1.250864
555 1.390536
557 1.553728
558 1.066336
559 1.47864
560 1.668584
561 1.800664
562 2.01152
563 1.928056
564 1.697608
565 1.660608
566 2.070528
567 1.52448
568 1.497888
569 1.889272
570 1.955688
571 1.758336
572 2.153088
573 1.60036
574 1.701504
575 1.707368
577 1.925208
578 2.002016
579 1.946608
580 2.086144
581 1.453304
582 1.386456
583 1.370752
584 0.137192
585 0.986408
586 1.658576
587 1.49652
588 0.766504
589 0.537352
590 0.56948
591 0.339264
593 0.187056
594 0.694936
595 0.87244
596 1.263056
597 0.724568
598 0.952944
599 0.728368
600 0.928424
601 0.905376
602 0.908912
603 0.843968
604 0.985264
605 1.261744
606 1.423264
607 1.651088
608 0.926424
609 1.224208
610 1.331808
611 1.016
612 0.869192
614 0.71104
615 0.643544
616 0.59888
617 0.58488
618 0.65724
619 1.148232
620 1.160032
621 1.05108
622 1.314008
623 1.251232
624 1.381952
625 1.294144
626 1.241224
627 1.373568
628 1.05
629 1.336616
630 1.580816
631 0.96024
633 1.441864
634 1.569928
635 1.487432
636 1.582696
637 1.035032
638 1.36528
639 0.916416
640 1.206416
641 1.097992
642 0.993344
643 0.914984
644 0.807552
645 0.67912
646 0.918832
647 0.731832
648 0.785048
649 0.924696
650 0.987536
652 1.113232
653 1.480024
654 1.385432
655 1.04564
656 0.989672
657 0.879432
658 0.988912
659 0.692664
660 1.038936
661 1.08472
662 0.657488
663 0.617592
664 0.708056
665 0.606328
666 0.670608
667 0.724976
668 0.72528
669 0.447536
670 0.356568
671 0.32832
672 0.286776
674 0.359024
675 0.426816
676 0.308224
677 0.295384
678 0.173168
679 0.240768
680 0.20792
681 0.186048
682 0.186048
683 0.142808
684 0.21888
685 0.205624
686 0.251712
687 0.098496
688 0.10944
690 0.069008
691 0.076608
692 0.098496
693 0.065664
694 0.087552
695 0.05472
696 0.021888
699 0.031232
700 0.05472
701 0.087552
703 0.142272
704 0.142272
705 0.201112
706 0.251712
707 0.10956
708 0.142272
709 0.16416
710 0.117776
711 0.16416
712 0.142272
713 0.115704
714 0.131328
715 0.120384
716 0.131328
717 0.175104
718 0.13492
719 0.131328
720 0.142272
721 0.153216
722 0.175104
723 0.116352
724 0.16416
725 0.16416
727 0.131568
728 0.186048
729 0.240768
730 0.262648
731 0.207544
732 0.175104
733 0.087552
735 0.010944
737 0.187096
738 0.032832
739 0.032832
740 0.076608
741 0.032832
743 0.021888
753 0.131072
761 0.466848
762 0.912992
763 1.417512
764 1.364216
765 0.874136
766 1.282568
767 1.297424
768 0.988368
769 0.946888
770 1.130368
771 0.961984
772 1.052792
774 1.198904
775 1.354168
776 1.172896
777 1.358024
778 1.630344
779 1.369528
780 0.966344
781 0.875112
782 1.30344
783 0.939456
784 1.079608
785 1.126128
786 1.336176
787 1.354768
788 1.300856
789 1.38676
790 1.324384
791 1.251768
792 0.917592
793 1.123928
794 1.23656
795 0.875552
796 0.989744
798 1.164376
799 1.17684
800 1.185888
801 1.173768
802 1.28008
803 1.163568
804 1.032632
805 1.185888
806 1.1078
807 1.189384
808 1.276264
809 1.100888
810 1.251344
811 1.15392
812 0.956144
813 1.210728
814 0.824312
816 0.97888
817 1.070024
818 1.11744
819 1.144248
820 0.977992
821 1.201256
822 1.093872
823 1.564224
824 1.337912
825 1.414432
826 1.276264
827 1.270376
828 1.1572
829 1.438584
830 0.682416
831 1.331664
833 1.33364
834 1.270968
835 1.206376
836 1.051352
837 1.377584
838 0.86364
839 1.170712
840 1.146672
841 1.320992
842 0.9862
843 1.31732
844 1.377024
845 1.143336
846 1.162544
847 1.208488
849 1.095336
850 1.33904
851 1.197032
852 0.897984
853 0.888112
854 0.943632
855 1.073104
856 1.032232
857 1.107312
858 1.043056
859 0.781968
861 1.067192
862 0.898592
863 0.943296
864 0.810864
865 0.910792
866 0.98396
867 0.986072
868 0.398992
869 0.43776
870 0.136904
871 0.49928
872 0.317376
873 0.103488
874 0.098496
875 0.295872
876 0.295488
877 0.399376
878 0.43528
879 0.550776
881 0.514368
882 0.27316
883 0.350208
884 0.301784
885 0.429568
886 0.448704
887 0.286832
888 0.432304
889 0.450208
890 0.470592
891 0.257224
892 0.2736
893 0.179776
894 0.186048
895 0.207936
896 0.335632
897 0.465752
898 0.510872
899 0.404928
900 0.347744
901 0.631024
902 0.251712
903 0.144536
904 0.295488
905 0.3494
906 0.654552
907 0.52836
908 0.461792
910 0.537888
911 0.262656
912 0.16416
913 0.074064
914 0.087552
915 0.131328
916 0.251712
917 0.18724
918 0.262656
919 0.137872
920 0.153216
921 0.16416
922 0.178496
923 0.240768
924 0.16416
925 0.06324
926 0.16416
927 0.229824
929 0.05568
930 0.415872
931 0.231808
932 0.317376
933 0.248072
934 0.306432
935 0.087552
936 0.040064
937 0.89216
938 0.393984
939 0.62748
940 0.8814
942 0.937032
943 1.126608
944 1.071696
945 0.687496
946 0.83508
947 0.629584
948 0.76216
949 0.498808
950 0.426872
951 0.431864
952 0.432704
954 0.405504
955 0.251712
956 0.010944
976 0.021888
977 0.187232
978 0.21888
979 0.29968
980 0.240768
982 0.153216
983 0.087552
986 0.18556
987 0.404928
988 0.349224
990 0.294896
992 0.229824
993 0.299168
994 0.376088
995 0.526488
996 0.517144
997 0.573696
998 0.466784
999 0.251712
1001 0.171864
1002 0.21888
1003 0.196992
1004 0.075544
1006 0.218624
1007 0.207744
1008 0.284544
1009 0.366728
1010 0.453312
1011 0.529168
1012 0.393984
1013 0.262656
1014 0.191712
1015 0.415872
1016 0.339264
1017 0.261832
1018 0.251712
1019 0.164496
1020 0.240768
1021 0.21888
1022 0.14928
1023 0.430496
1025 0.499208
1026 0.542288
1027 0.511224
1028 0.5472
1029 0.628368
1030 0.610376
1031 0.603776
1033 0.444192
1035 0.518872
1036 0.491504
1037 0.717608
1038 0.525488
1039 0.429984
1041 0.503776
1042 0.2736
1043 0.396936
1044 0.590976
1045 0.318672
1046 0.338824
1047 0.16416
1048 0.087552
1049 0.153216
1050 0.098496
1051 0.195736
1052 0.393984
1053 0.2048
1054 0.459648
1055 0.231568
1056 0.361152
1057 0.141512
1059 0.440768
1060 0.569896
1061 0.531256
1062 0.43776
1063 0.309464
1064 0.37184
1065 0.612248
1066 0.657472
1067 0.73608
1068 0.708528
1069 0.6304
1070 0.545368
1071 0.77148
1072 0.780752
1073 0.439472
1074 0.262656
1075 0.558392
1076 0.350208
1078 0.262656
1079 0.383624
1080 0.996136
1081 0.448704
1082 0.372096
1083 0.2758
1084 0.691616
1085 0.793288
1086 1.168272
1087 0.830856
1088 1.173448
1089 0.94544
1090 1.126904
1091 1.240544
1092 1.277232
1093 1.157016
1094 1.10236
1095 1.233336
1096 1.294376
1097 1.288488
1098 1.252152
1099 1.031656
1100 1.063704
1102 0.876536
1103 1.272496
1104 1.087912
1105 0.545736
1106 0.912584
1107 1.02172
1108 1.102392
1109 0.975176
1110 0.973024
1111 0.850792
1112 1.172464
1113 1.070024
1114 1.02168
1116 0.591616
1117 1.01632
1118 0.680888
1119 0.574304
1120 0.512864
1121 0.541016
1122 0.426816
1123 0.544192
1124 0.494104
1125 0.460712
1126 0.33464
1127 0.563048
1128 0.78944
1129 0.863952
1130 0.641272
1131 0.671712
1132 0.62368
1133 0.588848
1134 0.572496
1135 0.713952
1136 0.691792
1138 0.671744
1139 0.852856
1140 0.717992
1141 0.8136
1142 0.998704
1143 0.915512
1144 0.80788
1145 1.053184
1146 0.738144
1147 1.065592
1148 0.788424
1149 1.08332
1150 0.821528
1151 0.943008
1152 1.097568
1153 0.856584
1154 1.085728
1155 1.000248
1156 0.665096
1157 0.819432
1159 0.997648
1160 0.849
1161 0.713248
1162 0.890112
1163 0.921848
1164 0.977744
1165 0.850936
1166 0.789368
1167 0.882728
1168 0.708304
1169 1.017288
1170 0.752104
1171 0.866184
1172 0.952376
1174 0.929536
1175 0.560168
1176 0.921968
1177 1.036856
1178 0.972904
1179 0.934144
1180 1.040072
1181 1.17528
1182 1.115
1183 1.348872
1184 1.661848
1185 1.259304
1186 1.337488
1187 1.517544
1188 1.186632
1190 1.273088
1191 1.023128
1192 1.045872
1193 0.905056
1194 0.915816
1195 1.088528
1196 1.094288
1197 0.836648
1198 0.9026
1199 0.862
1200 0.998336
1201 0.975744
1202 0.98524
1203 1.008584
1204 1.230936
1205 0.813008
1206 1.091664
1207 0.767768
1208 1.004528
1209 1.093096
1210 1.014848
1211 1.058384
1212 0.897512
1213 0.931664
1214 1.175608
1215 1.251216
1216 1.212208
1217 1.125184
1218 0.877848
1220 0.848896
1221 0.331336
1222 1.112768
1223 0.55456
1224 0.938432
1225 1.20652
1226 0.769456
1227 0.818192
1228 1.017824
1229 0.97336
1230 1.115264
1231 1.162856
1232 0.840056
1233 0.802544
1234 0.684032
1235 0.628096
1236 0.697112
1237 1.038008
1238 1.220304
1239 1.26436
1240 1.01292
1241 0.95864
1242 0.923016
1244 0.834144
1245 1.194496
1246 1.077984
1247 1.064512
1248 1.040608
1249 0.980256
1250 1.217352
1251 0.9156
1252 0.886488
1253 0.939064
1254 1.03912
1255 1.146136
1256 1.106848
1257 1.101568
1258 1.08124
1260 0.945024
1261 1.119376
1262 0.725344
1263 1.083976
1264 1.105352
1265 1.134872
1266 1.436432
1267 1.304312
1268 1.227448
1269 1.248288
1270 1.156496
1271 1.402104
1272 1.307408
1273 1.278352
1274 1.386576
1275 1.20424
1276 1.227992
1277 1.18588
1278 1.09584
1279 1.252592
1280 1.366568
1281 1.07528
1282 1.430672
1283 1.149768
1284 1.410488
1285 1.195768
1286 1.428896
1287 0.7914
1289 0.977064
1290 1.422264
1291 1.053248
1292 1.164952
1293 1.192488
1294 1.245656
1295 1.391264
1296 1.767888
