0 1.684704
1 2.529056
3 1.176688
4 1.197744
5 1.143704
6 1.248736
7 0.99416
8 1.191904
9 1.249768
10 1.400296
11 1.394464
12 1.338696
13 1.445552
14 1.379752
15 1.453688
16 1.254576
17 1.266744
19 1.561976
20 1.483784
21 1.294496
22 1.3234
23 1.163064
24 0.93844
25 0.810464
26 0.966528
27 1.013824
28 0.997304
29 1.012168
30 0.988824
31 1.07184
32 1.056704
33 1.205712
34 1.0432
35 1.189544
36 0.79824
37 1.085504
38 1.127512
39 1.083352
41 0.67464
42 0.836504
43 0.950224
44 0.859712
45 0.93976
46 0.551816
47 0.555248
48 0.69564
49 0.84808
50 1.51752
51 0.64376
52 0.990888
53 1.219256
54 1.22564
55 0.711352
56 0.859704
57 1.206816
59 1.214248
60 1.20492
61 1.043344
62 1.224888
63 1.086848
64 1.456952
65 1.24852
66 1.291136
67 1.167104
68 1.211016
69 1.160888
70 1.020392
71 1.045104
72 1.137576
73 1.203576
74 1.302504
75 1.13452
76 1.347224
77 1.321016
79 1.245048
80 1.131648
81 1.474136
82 1.332928
83 1.560232
84 1.330168
85 1.182312
86 1.116168
87 1.226488
88 1.044504
89 1.08564
90 0.974752
92 1.177304
93 0.980888
94 1.248424
95 1.280288
96 1.038392
97 0.886552
98 0.6508
99 1.011008
100 1.016584
101 0.913744
103 0.533016
104 0.77024
105 0.62536
106 0.890368
107 0.82136
108 0.803048
109 0.813224
110 0.754136
111 0.961856
112 0.961272
113 0.310752
114 0.979728
115 1.111416
116 0.841976
117 1.031304
118 1.004872
119 1.003152
120 1.062984
121 0.770008
122 1.154392
123 0.859696
124 0.952456
125 0.766632
126 0.891544
127 0.966016
128 1.341704
129 0.905344
130 0.894544
131 1.161328
132 1.060288
134 0.916592
135 0.883016
136 0.72912
137 0.755616
138 0.811248
139 0.667576
140 0.750184
141 0.658808
142 0.4938
143 0.5802
144 0.396288
145 0.240768
146 0.128528
147 0.99852
148 0.909344
149 0.881272
150 0.876056
151 1.016768
153 1.10684
154 1.142984
155 1.057128
156 1.243984
157 1.04604
158 0.800376
159 0.997296
160 1.091152
161 1.008112
162 1.041368
163 1.030936
164 1.057256
165 1.146128
166 1.312072
167 1.084144
168 1.11748
169 1.116016
170 1.119104
171 1.184
172 0.830496
173 0.967784
175 1.141608
176 0.555176
177 0.716768
178 0.753648
179 0.482696
180 0.412448
181 0.381136
182 0.425544
183 0.415872
184 0.555896
185 0.623808
186 0.279976
187 0.38304
189 0.3688
190 1.389392
191 0.91444
192 0.533024
194 0.151352
195 0.43776
196 0.568464
197 0.807944
198 0.823792
199 0.709328
200 0.628312
201 0.804048
202 0.930032
203 0.634736
204 0.82656
205 0.945264
206 0.954536
207 0.843112
208 0.866592
209 1.260232
210 1.157888
211 0.936536
212 0.8236
213 0.700624
214 0.830904
215 0.93368
217 0.985952
218 0.795352
219 0.880152
220 0.752008
221 0.634432
222 0.283632
223 0.021888
224 0.909304
225 0.681992
226 0.296512
227 0.374416
228 0.393984
229 0.357128
230 0.364968
231 0.4566
232 0.448704
233 0.420096
234 0.741024
236 0.84556
237 0.600912
238 0.620728
239 0.629176
240 0.701096
241 0.732352
242 0.62004
243 0.502408
244 0.580032
245 0.375376
246 0.317376
247 0.30396
248 0.339264
249 0.228672
250 0.330312
251 0.339264
252 0.27696
253 0.229824
254 0.290584
255 0.460784
256 0.295488
258 0.10944
259 0.4262
260 0.306432
261 0.201176
263 0.196736
264 0.571952
265 0.237264
266 0.339264
267 0.240768
268 0.138464
269 0.386688
270 0.485248
271 0.49248
272 0.391408
273 0.392024
274 0.54372
275 0.530648
276 0.40696
277 0.43776
278 0.286248
279 0.293248
281 0.480624
282 0.563048
283 0.449544
284 0.503424
285 0.299232
286 0.305384
287 0.490072
288 0.195064
289 0.242616
290 0.15128
292 0.10944
294 0.316384
295 0.2736
296 0.330584
297 0.459648
298 0.315696
299 0.542032
300 0.452464
301 0.594848
302 0.442232
303 0.376336
304 0.642608
305 0.699064
306 0.600528
307 0.57836
308 0.590208
310 0.650784
311 0.715912
312 0.554736
313 0.394496
314 0.65664
315 0.516216
316 0.298256
317 0.375104
318 0.284544
319 0.175104
320 0.16416
321 0.113976
322 0.142272
323 0.10944
325 0.21888
326 0.32832
327 0.088416
328 0.251712
329 0.251712
330 0.196992
331 0.190248
333 0.693944
334 0.601776
335 0.623808
336 0.66408
337 0.716224
338 0.738072
339 0.713576
340 0.618576
342 0.229824
343 0.123856
345 0.175104
346 0.186136
347 0.186048
348 0.131072
349 0.274224
350 0.16416
352 0.15092
353 0.21888
354 0.229824
355 0.189864
356 0.240768
357 0.171328
358 0.306432
359 0.327632
360 0.28468
361 0.350208
362 0.240208
363 0.38304
364 0.19632
365 0.339264
366 0.155704
367 0.426816
368 0.221304
369 0.426816
370 0.249408
372 0.45744
373 0.470592
374 0.220328
375 0.207936
376 0.38304
377 0.258848
378 0.372096
379 0.404352
380 0.282608
381 0.361152
382 0.169616
383 0.295488
384 0.193368
385 0.229824
386 0.153216
387 0.242328
388 0.43096
389 0.698392
391 0.962272
392 0.858232
393 1.087368
394 0.8806
395 0.953576
396 1.118904
397 1.11524
398 1.088424
399 0.925224
400 1.08244
401 1.040264
402 1.050656
403 1.05116
404 1.12932
405 1.26724
406 0.866024
407 0.962856
409 1.171088
410 1.300544
411 1.070976
412 1.054896
413 1.029848
414 1.139032
415 0.370784
416 0.978208
417 0.962504
418 1.0932
419 1.279928
420 1.384264
421 1.136768
422 1.346736
423 1.260384
424 1.214752
425 1.154016
426 1.294992
427 1.393288
428 1.174952
429 1.360552
430 1.38436
431 1.27936
433 1.162704
434 1.3022
435 0.90764
436 0.827472
437 1.031992
438 0.929408
439 1.177232
440 1.033472
441 0.695432
442 0.993976
443 0.771256
444 0.67428
445 0.302008
446 0.584784
447 1.13944
448 1.372784
449 1.483064
450 1.178872
451 1.40248
453 1.29324
454 1.440944
455 1.222344
456 1.345408
457 1.299864
458 1.364688
459 1.26468
460 1.406896
461 1.247096
462 1.427528
463 1.152176
464 0.753384
465 1.380048
466 0.843016
467 1.151288
468 1.094248
470 1.462944
471 1.34616
472 1.281376
473 1.083096
474 1.063584
475 0.917912
476 1.320216
477 1.3062
478 1.280008
479 1.080488
480 1.066952
481 1.155768
482 1.270456
483 1.02232
484 0.921536
485 0.676512
486 1.057296
487 0.772392
488 0.8376
489 0.756064
491 0.426816
492 0.298184
493 0.747128
494 0.781656
495 0.650472
496 1.057736
497 1.03868
498 1.122904
499 1.121784
500 1.052072
501 1.129464
502 0.797536
503 0.87644
504 1.122496
505 0.664712
506 0.909216
507 1.073104
508 0.937248
509 0.840472
510 0.82924
511 0.869344
512 1.364568
513 0.866712
514 0.778104
516 0.889416
517 1.036416
518 1.038656
519 1.137368
520 1.18768
521 0.775984
522 0.898128
523 1.088224
524 1.062768
525 1.029728
526 0.818776
527 0.448704
528 0.217544
529 0.878608
531 0.656048
532 0.86964
535 0.28812
536 0.71884
537 0.941808
538 1.044432
539 0.783552
540 0.805504
541 0.814824
542 0.990216
543 1.071576
544 0.96928
545 0.670368
546 0.816824
547 1.036488
548 1.07504
549 0.735784
550 0.395824
552 1.012208
553 0.921592
554 0.762512
555 0.363768
556 0.32832
557 0.030136
558 0.558144
559 0.238824
560 0.339264
561 0.197136
562 0.2736
563 0.228744
564 0.196992
565 0.10944
566 0.09104
567 0.207936
569 0.264848
570 0.565944
571 0.557424
572 0.527952
573 0.021888
574 0.59424
576 0.5472
577 0.545256
578 0.943232
579 0.372096
580 0.196992
581 0.175848
582 1.508592
583 1.130608
584 1.509776
585 1.406736
586 1.193192
587 0.251712
588 0.291032
589 1.431416
590 1.200408
591 1.22848
592 1.519312
593 1.020024
595 1.750304
596 1.719728
597 1.63752
598 1.7634
599 1.765064
600 1.166128
601 2.030792
602 1.402672
603 1.13848
604 1.283632
605 1.543648
606 1.136568
607 0.667256
608 1.233336
609 0.961552
610 1.123872
611 1.19408
612 1.130752
614 1.001032
615 1.221048
616 1.151304
617 1.088464
618 0.906448
619 0.681328
620 1.06928
621 1.080088
622 1.46748
623 0.927608
624 1.467512
625 1.526784
626 1.290768
627 0.887424
628 0.952616
629 0.625656
630 0.942064
631 1.14512
632 1.313856
633 1.4386
634 1.29044
635 0.8256
636 0.98692
637 0.750488
638 1.190176
639 1.157184
640 1.54568
641 1.205712
643 0.925088
644 1.21412
645 1.519704
646 1.254224
647 1.485296
648 1.315552
649 1.354616
650 1.14644
651 1.103752
652 1.265984
653 1.057552
654 1.38352
656 1.07316
657 0.920336
658 0.855744
659 1.18668
660 1.172112
661 1.222456
662 1.324056
663 0.96072
664 1.039344
665 1.0814
666 1.180176
667 0.86632
668 1.142416
669 1.032392
670 1.050184
671 0.941416
672 0.810512
673 0.849632
674 0.923936
675 0.650752
676 0.65732
677 0.38304
678 0.172272
679 0.240768
680 0.217928
682 0.295488
683 0.322232
684 0.639456
685 0.66412
686 0.902992
687 0.775536
688 0.456224
689 0.397392
690 0.647136
691 0.825064
692 0.659416
693 0.663624
694 1.022584
695 1.16236
696 0.847008
697 0.704096
698 0.496856
700 0.43776
701 0.349968
702 0.385168
703 0.38304
704 0.255296
705 0.317376
706 0.20532
707 0.361152
708 0.350208
709 0.276568
710 0.262656
711 0.295488
712 0.27032
713 0.481536
714 0.678944
715 0.471704
716 0.254984
717 1.1706
718 1.128336
719 1.158336
720 1.123384
721 1.144064
722 1.132192
723 1.228144
724 1.248576
725 1.352024
726 1.138888
727 0.771232
728 0.731624
729 0.60136
731 0.562776
732 0.525312
733 0.44024
734 0.355368
735 0.43776
736 0.439512
737 0.348344
738 0.389096
739 0.2736
740 0.158136
741 0.16416
752 0.065664
755 0.010944
756 0.141296
757 0.186048
758 0.2736
759 0.180864
760 0.284544
761 0.262032
762 0.448704
763 0.256648
764 0.32832
765 0.131072
766 0.239272
767 0.240768
769 0.1608
770 0.131328
771 0.153216
772 0.10944
774 0.199216
776 0.5708
777 0.207936
778 0.306432
779 0.158744
780 0.306432
781 0.259888
782 0.426816
783 0.285216
784 0.513328
785 0.5512
786 0.579536
787 0.448784
788 0.769896
789 0.590576
790 0.50776
791 0.516216
792 0.536864
793 0.543504
794 0.831928
795 0.904168
796 0.91484
797 0.520096
798 0.372096
799 0.323744
800 0.39656
802 0.196992
803 0.836544
805 1.076528
806 0.936336
807 1.076816
808 1.121152
809 1.190408
810 0.876672
811 0.936312
812 1.174984
813 1.288808
814 1.017264
815 1.054016
816 1.002688
817 0.70316
818 1.064224
819 1.352872
820 1.182824
821 1.09584
822 0.77272
823 0.496256
824 0.406072
825 0.32832
826 0.210792
827 0.32832
828 0.318408
830 0.3392
831 0.393984
832 0.302992
833 0.372096
834 0.312448
835 0.385656
836 0.383824
837 0.372096
838 0.247888
839 0.339264
840 0.257
841 0.295488
842 0.253336
843 0.383952
844 0.480768
845 0.889888
846 0.926952
847 1.235312
848 0.886592
849 1.310832
850 1.117944
851 0.94976
852 0.830464
853 0.562184
854 0.284544
855 0.213952
856 0.648704
857 0.848832
858 0.415728
859 0.71052
861 0.844176
862 0.775312
863 1.06804
864 1.133952
865 1.4696
866 1.335744
867 1.369376
868 1.009136
869 0.887488
870 0.54272
871 0.391016
872 0.374064
873 0.633368
874 1.073408
875 1.229216
876 1.380128
877 1.220576
878 0.916624
879 0.680968
880 0.622808
881 0.614128
885 0.043776
886 0.153216
891 0.78188
894 0.021888
895 0.32832
896 0.301064
897 0.33512
899 0.40992
900 0.460032
901 1.162976
902 1.185088
903 1.067864
904 0.582784
905 0.828576
906 0.931744
907 0.487048
908 0.256384
909 0.368464
910 0.640856
911 1.1894
912 0.79272
913 0.920752
914 1.026648
915 0.68372
916 0.942816
917 0.753784
918 0.929232
919 0.862152
921 0.517312
922 0.339264
923 0.131072
924 0.138888
925 0.032832
926 0.806144
927 1.100096
928 0.835416
929 0.706296
930 0.816648
931 1.10472
932 0.951312
933 1.19092
934 0.994072
935 0.9482
936 1.210232
937 0.90892
938 0.990336
939 1.191424
941 0.988048
942 1.209008
943 0.817088
944 0.5326
945 0.871216
946 0.689024
947 0.377672
948 0.891072
949 0.841264
950 1.126408
951 0.970416
953 1.006312
954 1.042568
955 1.175568
956 0.78548
957 0.883808
958 0.999432
959 1.002328
960 1.031904
961 0.911656
963 1.149976
964 1.330776
965 1.106328
966 1.174824
967 1.026768
968 1.149528
969 0.831296
970 0.473424
971 0.26076
972 0.524376
973 1.090048
974 0.80248
975 0.594704
976 1.041392
977 1.379192
978 1.062384
979 1.140376
980 0.864784
981 0.663896
982 0.949392
983 1.093512
984 1.170216
985 1.214816
986 1.31628
987 1.268096
988 1.176056
989 0.38304
991 0.73944
992 0.831608
993 0.938752
994 0.690688
995 0.974344
996 0.993536
997 0.989496
998 1.053544
999 1.111496
1000 1.080456
1001 1.039048
1002 0.923976
1003 0.564976
1004 0.808376
1005 0.99956
1006 0.874424
1007 0.5136
1008 0.547264
1009 0.438704
1010 0.455368
1011 0.780464
1012 0.76324
1014 1.183408
1015 1.102856
1016 1.10592
1017 1.074992
1018 1.04204
1019 1.098112
1020 1.249368
1021 1.02048
1022 1.226008
1023 1.325072
1024 1.276024
1025 1.295392
1026 1.039536
1027 1.243008
1028 1.075896
1029 1.23236
1031 1.119736
1032 1.1156
1033 1.147144
1034 1.299456
1035 1.075928
1036 1.204296
1037 1.494912
1038 0.940296
1039 1.149064
1040 1.305288
1041 1.578208
1042 0.964928
1043 1.0602
1044 1.150864
1045 1.284888
1046 0.948592
1047 1.162616
1048 1.207568
1050 1.1916
1051 1.028656
1052 1.098128
1053 0.910296
1054 0.580408
1055 0.817056
1056 0.678776
1057 0.627824
1058 0.520744
1059 0.494352
1060 0.823472
1061 1.135352
1062 1.237952
1063 1.347872
1065 0.652848
1066 0.971624
1067 1.322592
1068 1.09716
1069 1.191192
1070 0.623872
1071 0.38304
1072 0.038136
1073 1.114576
1074 1.525848
1075 1.346208
1076 1.144872
1077 0.791552
1078 1.132568
1079 0.4972
1080 0.862752
1081 1.189416
1082 1.022864
1084 1.33784
1085 1.27956
1086 0.823984
1087 1.278368
1088 1.1578
1089 1.31356
1090 0.789704
1091 1.360368
1092 1.33748
1093 0.714544
1094 0.42532
1095 0.730928
1096 0.646184
1097 0.611072
1098 0.788352
1099 0.817472
1101 0.616392
1102 0.682864
1103 0.59896
1104 0.606304
1105 0.60084
1106 0.530992
1107 0.32832
1108 0.50596
1109 0.59204
1110 0.636616
1111 0.520872
1112 0.376184
1113 0.453512
1114 0.779352
1115 1.319488
1116 0.842184
1117 0.82816
1118 0.729072
1120 0.879624
1121 1.11008
1122 0.827776
1123 0.689504
1124 0.91864
1125 0.943232
1126 0.894336
1127 0.878312
1128 0.766992
1129 0.751592
1130 0.589168
1131 1.022232
1132 1.1338
1133 1.169928
1134 1.02364
1135 1.058296
1136 0.997816
1138 1.050064
1139 0.811992
1140 0.845088
1141 1.04128
1142 1.06704
1143 0.97696
1144 0.964
1145 0.939736
1146 0.78416
1147 1.163184
1148 0.702496
1149 0.901368
1150 1.038792
1151 0.743632
1152 1.025752
1153 1.042456
1154 0.669664
1155 0.88972
1156 0.82756
1157 0.80528
1158 0.78932
1159 0.814984
1161 0.736856
1162 0.915856
1163 0.777032
1164 0.936376
1165 0.93412
1166 1.018184
1167 0.625784
1168 0.822264
1169 0.514624
1170 0.372776
1171 0.547192
1172 0.372096
1173 0.131072
1174 0.825568
1175 0.933104
1176 0.745464
1177 1.033808
1178 1.086232
1179 0.890192
1180 1.093432
1182 0.679376
1183 0.382592
1184 0.40504
1185 0.768232
1186 0.756104
1187 0.418832
1188 0.71496
1189 0.807696
1190 0.642112
1191 0.643312
1192 0.677096
1193 0.597552
1194 0.450832
1195 0.372096
1196 0.613672
1197 1.065936
1198 0.709432
1199 0.71464
1200 0.997768
1201 1.177808
1202 1.16624
1203 1.327656
1205 1.282832
1206 1.529304
1207 0.7258
1208 0.80584
1209 0.545352
1210 0.920888
1211 0.864944
1212 0.787384
1213 1.301968
1214 1.185912
1215 1.229792
1216 0.89316
1218 0.84832
1219 0.816872
1220 0.794328
1221 0.678832
1222 0.594792
1223 0.805336
1224 0.707616
1225 0.401904
1226 0.496112
1227 0.525312
1228 0.259672
1229 0.415872
1230 0.287544
1231 0.361152
1232 0.370848
1233 0.274384
1234 0.60192
1235 0.2956
1236 0.251712
1237 0.37168
1238 0.59972
1239 0.472368
1240 0.423408
1241 0.534024
1242 0.718944
1244 0.58552
1245 0.527856
1246 0.251712
1247 0.327056
1248 0.467936
1249 0.21888
1250 0.412232
1251 0.367728
1252 0.272224
1253 0.325912
1254 0.47456
1255 0.503488
1256 0.359216
1257 0.240192
1258 0.38304
1259 0.473184
1260 0.142272
1261 0.105776
1262 0.49248
1263 0.37884
1265 0.284544
1266 0.445864
1267 0.624896
1268 0.832344
1269 0.89364
1270 0.798296
1271 0.638304
1272 0.752112
1273 0.612864
1274 0.544344
1275 0.967984
1276 0.984504
1277 0.759152
1278 0.832384
1279 0.654072
1280 0.838296
1281 1.012704
1282 0.667752
1283 0.434416
1284 0.317592
1285 0.406512
1286 0.901464
1287 0.988656
1287 0.032832
