0 2.703168
1 3.616064
2 4.189696
3 4.765184
4 4.397632
5 4.951232
6 4.721408
7 4.397632
8 4.852736
9 4.3648
10 4.896512
11 4.58368
12 4.513472
13 4.3712
14 4.222528
15 3.681728
16 4.283624
17 4.1414
18 4.174208
19 3.456448
20 3.922496
21 3.824
22 4.250816
23 3.637952
24 3.937984
25 3.287744
26 3.2768
27 3.813056
28 2.981312
29 3.703616
30 4.130432
31 3.922496
32 3.747392
33 3.905152
34 4.217984
35 4.677632
36 4.244416
37 3.900608
38 3.517568
39 3.484736
40 3.2768
41 3.025088
42 3.036032
43 3.079808
44 2.725056
45 2.751488
46 2.642048
47 2.78432
48 2.259008
49 2.817152
50 2.976768
51 2.576384
52 2.48884
53 2.576384
54 2.488832
55 2.035584
56 1.9088
57 1.9152
58 1.875968
60 2.083904
61 1.980864
62 1.514816
63 1.991808
64 2.269952
65 1.86048
66 1.241216
67 1.904256
68 1.394432
69 1.80576
70 1.58048
71 1.849536
72 3.44096
73 2.937536
74 2.313728
75 2.01824
76 2.62656
77 2.259008
78 1.678976
79 2.451456
80 1.843136
81 1.79936
82 3.11264
83 2.254464
84 1.339712
85 2.560896
86 2.379384
87 2.313728
88 2.101248
89 1.58048
90 1.740096
91 1.952576
92 1.58048
93 1.838592
94 2.062016
95 2.51072
96 2.057472
97 2.269952
98 2.226176
99 2.363904
100 1.30688
101 1.302336
102 1.58048
103 1.958976
104 1.339712
105 2.276352
106 2.083904
107 1.674432
108 1.52576
109 2.013696
110 1.919744
111 1.711808
112 1.991808
113 1.657088
114 2.451456
115 2.29184
116 2.652992
117 2.499624
118 2.718808
119 2.528064
120 2.70772
121 1.974464
122 2.057472
123 2.171456
124 1.941632
125 2.309184
126 1.821248
127 2.13408
128 2.083904
129 2.335616
130 2.1824
131 2.309184
132 2.357504
133 2.554496
134 2.385792
135 1.547648
136 1.794816
137 1.678976
138 1.974464
139 2.254464
140 2.07296
141 2.357504
142 2.937536
144 2.396736
145 2.083904
146 2.40128
147 2.057472
148 1.591424
149 1.280448
150 1.558592
151 1.948032
152 1.821248
153 2.013696
154 1.897848
155 1.985408
156 2.13408
157 1.547648
158 1.729152
159 1.295936
160 1.597824
161 1.52576
162 1.357056
163 1.083456
164 1.055168
165 1.302336
166 1.0944
167 0.8144
168 0.755136
169 0.87552
170 0.733248
171 0.617408
172 0.733248
173 0.974016
174 0.49248
175 0.317376
176 0.372096
177 0.295488
178 0.201536
179 0.317376
200 0.175104
201 0.864576
202 2.160512
203 2.68128
204 2.226176
205 1.722752
206 2.692224
207 2.302784
208 2.56544
209 2.379392
210 2.703168
211 2.379368
212 2.44508
213 1.843136
214 1.838592
215 1.503616
216 2.25472
217 1.164608
218 1.564992
219 1.810304
220 2.035584
221 1.854088
222 2.272664
223 2.032872
224 2.269952
225 2.324672
226 2.703168
227 2.29184
228 2.1824
229 2.598272
230 2.615616
232 2.379392
233 2.423168
234 2.40128
235 2.615616
236 2.466944
237 2.357504
238 2.434112
239 2.714112
240 2.412224
241 2.423168
242 2.412224
243 2.659392
244 2.01824
245 2.379392
246 2.609216
247 2.648448
248 2.423168
249 2.423168
250 2.335608
251 2.648448
252 2.12768
253 2.105792
254 2.320128
255 1.68992
256 1.6416
259 0.92384
260 4.108544
261 1.827648
262 1.481984
263 0.700416
264 0.8208
270 0.131072
272 0.398784
273 1.192896
274 3.627008
275 4.228928
276 4.244416
277 4.349312
278 4.743296
279 3.992704
280 4.031936
281 3.834944
282 4.075712
283 3.65984
284 3.867776
285 3.325128
286 3.780224
287 3.309632
288 2.981312
290 3.036032
291 3.287744
292 3.627008
293 3.44096
294 3.101696
295 3.2768
296 3.834944
297 3.944384
298 3.93344
299 3.955328
300 3.451904
301 3.456448
302 3.506624
303 4.04288
304 3.506624
305 3.309632
306 3.98816
307 3.922496
308 3.992704
309 4.42592
310 3.87872
311 4.294592
312 4.124032
313 4.196096
314 3.977216
315 3.419072
316 4.130432
317 3.544
318 4.130432
319 4.064768
320 4.130432
321 3.616064
322 3.795712
323 4.393088
324 4.6448
325 4.025536
326 4.228928
327 4.601024
328 4.715008
329 4.874624
330 3.856832
331 3.905152
332 3.572288
333 3.287744
334 3.834944
335 4.546304
336 4.305536
337 3.620608
338 4.404032
339 4.349304
340 4.244416
341 4.601024
342 4.677632
343 4.375744
344 4.995008
345 4.47424
346 4.436864
347 4.327424
348 4.03648
349 4.020992
350 4.513472
351 4.572736
352 4.721408
353 4.830848
354 4.660288
355 4.787072
356 3.92704
357 3.44096
358 4.524416
359 4.404032
360 4.014592
361 3.999104
362 4.349312
363 3.98816
364 3.38624
365 3.900608
366 3.511168
367 3.2768
368 4.349312
370 3.758336
371 3.375296
372 3.408128
373 3.4738
374 3.430016
375 3.397184
376 4.042856
377 4.485208
378 4.469696
379 3.364352
380 3.692672
381 1.85408
382 1.105344
383 0.748736
384 1.302336
385 1.03968
387 0.16416
388 0.803456
389 0.700416
390 0.667584
391 0.634752
392 0.65664
393 0.284544
394 0.300032
395 0.393984
396 0.240768
397 0.831744
398 0.65664
399 0.886464
400 0.617408
401 0.612864
402 1.017792
403 0.339264
404 1.5914
405 2.71868
406 3.353408
407 3.484736
408 3.451904
409 3.222056
410 3.26588
412 3.02508
413 2.943936
414 2.696768
415 2.762432
416 2.368448
417 3.44096
418 3.780224
419 3.451904
420 3.123584
421 2.696768
422 2.598272
423 3.572288
424 2.740544
425 2.276352
426 2.029184
427 1.897856
428 1.575936
429 1.499328
430 1.230272
431 1.564992
432 1.974464
433 1.996352
434 2.549952
435 2.226176
436 2.860928
437 3.911552
438 3.156416
439 2.7296
440 2.543552
441 2.878272
442 2.07296
443 2.269952
444 2.280896
445 2.145024
446 2.094848
447 2.642048
448 2.768832
449 2.499776
450 3.320576
451 3.583232
452 2.423168
453 2.062016
454 2.363904
459 0.131072
462 0.179904
463 1.006848
464 3.254912
465 4.20704
466 4.239872
467 3.686272
468 3.2768
469 4.163264
470 3.93344
471 4.250824
472 4.03648
473 4.3712
474 4.196096
475 4.086656
476 3.795712
477 3.87872
478 3.867776
479 3.922496
480 3.98816
481 3.60512
483 3.631552
484 3.802112
485 4.075712
486 3.824
487 4.04288
488 3.894136
489 3.725576
490 4.075712
491 4.15232
492 4.239872
493 4.069312
494 3.889664
495 3.999104
496 3.725504
497 4.156864
498 4.119488
499 4.053824
500 4.20704
501 4.003648
502 4.108544
503 4.130432
504 4.04288
505 3.867776
506 3.51116
507 3.867776
508 2.685824
509 3.287744
510 2.801664
511 1.832192
512 2.423168
513 2.145024
514 1.843136
515 2.149568
516 3.178304
517 3.2768
518 3.71456
519 1.86048
520 1.295936
521 1.433664
522 1.517536
523 1.463776
524 1.821248
526 1.6416
527 1.510272
528 1.832192
529 2.1824
530 2.663936
531 2.177856
532 2.926592
533 2.51072
534 2.718656
535 2.757888
536 3.036032
537 3.320576
538 3.375296
539 2.313728
540 1.974464
541 2.412224
542 3.0096
543 2.78432
544 2.89376
545 2.959424
546 2.67488
547 2.248064
548 2.62656
549 2.280896
550 2.34656
551 2.83904
552 3.802112
553 2.269952
554 1.849536
555 1.886912
556 2.40768
557 2.062016
558 1.346112
559 1.19744
560 1.58688
561 1.14272
562 1.20384
563 1.25856
564 0.584576
565 0.404928
566 0.689472
567 0.995904
568 0.777024
569 0.584576
570 1.138176
571 1.444608
572 1.416328
573 0.919296
574 0.49248
575 0.317376
576 0.49248
577 0.135872
578 0.251712
579 0.43776
580 0.536256
581 0.536256
582 0.49248
583 0.634752
584 0.365696
585 0.667584
586 1.116288
587 0.875648
588 0.35008
589 1.219328
591 0.404928
592 0.372096
593 0.404928
594 0.306432
595 0.361152
596 0.361152
597 0.201536
598 0.361152
599 0.065664
601 0.295488
602 0.634752
603 1.225728
604 1.85408
605 2.368448
606 2.342016
607 2.23712
608 1.919744
609 1.86048
610 1.536704
611 1.707264
612 1.328768
613 1.827648
614 1.492928
615 1.619712
616 2.051072
617 2.549952
618 2.116736
619 2.12768
620 2.434088
621 2.889216
622 2.434136
623 2.587328
624 2.12768
625 2.84544
626 2.302784
627 2.040128
628 2.145024
629 1.941624
630 2.587328
631 2.215232
632 1.871424
633 1.974464
634 1.718208
635 0.919296
636 0.332864
637 0.60192
638 1.69632
639 2.499776
640 2.138624
641 2.473344
642 1.19744
643 1.80576
644 1.591424
645 1.96992
646 1.591424
647 1.794816
648 1.317824
649 1.488384
650 1.230272
651 1.466496
652 1.241216
653 1.346112
654 1.368
655 0.934784
656 1.03968
657 0.569088
658 0.623808
659 0.901952
660 1.619712
661 1.875968
662 1.455552
663 1.284992
664 2.79072
665 2.12768
666 1.85408
667 1.14912
668 1.85408
669 1.893312
670 1.569536
671 2.02464
672 1.700864
673 2.484288
674 2.094848
675 2.280896
676 1.740096
677 1.460096
678 2.145024
679 2.642048
680 2.062016
681 2.302784
682 2.506176
683 2.313728
684 1.810304
685 2.484288
686 2.335616
687 1.96352
689 2.166912
690 1.919744
691 1.96352
692 2.232576
693 2.248064
694 1.160064
695 1.241216
696 2.473344
697 1.930688
698 2.062016
699 2.539008
700 2.740544
701 2.56544
702 2.368448
703 2.663936
704 2.287296
705 1.897856
706 2.368448
707 2.549952
708 2.215232
709 2.23712
710 2.68128
711 2.215232
712 1.821248
713 1.9152
714 1.843136
715 2.145024
716 2.259008
717 2.259008
718 2.062016
719 2.396736
720 2.412224
721 2.390336
722 2.67488
723 3.11904
724 2.7296
725 2.335616
726 2.335616
727 2.320128
728 2.51072
729 2.78432
730 2.992256
731 3.156416
732 2.7296
733 2.674888
734 2.549952
735 1.832192
736 2.215232
737 2.812608
738 2.871872
739 3.451904
740 3.65984
741 3.576832
742 3.87872
743 3.583232
744 2.434112
745 2.959424
746 3.60512
747 2.878272
748 1.930688
749 1.843136
750 1.543104
751 1.930688
752 2.631104
753 3.298688
754 3.977216
755 3.200192
756 2.630952
757 2.692224
758 1.263256
759 2.35296
760 1.952576
761 1.79936
762 2.145024
763 1.9088
764 2.232576
765 2.051072
766 1.85408
767 2.013696
768 1.777472
769 2.046528
770 2.193344
771 2.248064
772 2.652992
773 2.582784
774 2.193344
775 2.795264
776 2.762432
778 2.740544
779 3.178304
780 3.025088
781 2.987712
782 3.419072
783 2.904704
784 2.335616
785 2.34656
786 2.477888
787 2.29824
788 1.646136
789 2.488832
790 2.473344
791 2.324672
792 3.2768
793 3.561344
794 4.414976
795 3.76288
796 4.393088
797 3.725504
798 4.846336
799 4.951232
800 4.868224
801 5.049728
802 4.780672
803 4.874624
804 4.250816
805 4.047432
806 4.732352
807 4.196096
808 3.71456
809 3.33152
810 3.539456
811 2.915648
812 2.685824
813 2.663936
814 2.543552
815 3.802112
816 4.053824
817 3.462848
818 2.981312
819 3.911552
820 4.189696
821 4.15232
822 3.76928
823 3.561344
824 4.539904
825 4.885568
826 4.557248
827 4.03648
828 4.15232
829 5.126336
830 4.507072
831 5.421824
832 4.397632
833 4.962176
834 4.627456
835 5.564096
836 4.463296
837 5.02784
838 5.163712
839 5.196536
840 5.750144
841 4.835392
842 4.75424
843 4.331968
844 4.010048
845 3.703616
846 4.15232
847 4.518016
848 4.469696
849 4.42592
850 4.769552
851 3.244144
852 5.126336
853 4.222528
854 5.06068
855 4.868224
856 4.951232
857 4.725952
858 5.213888
859 4.933888
860 5.235776
861 4.780672
862 5.312384
863 4.550848
864 5.005952
865 4.41952
866 4.852736
867 4.85728
868 4.688576
869 4.819904
870 4.85728
871 5.284096
872 5.08256
873 4.96672
874 5.126336
875 4.496128
876 3.042432
877 2.67488
878 4.572736
879 5.08256
880 4.463296
881 4.907456
882 4.15232
883 3.861376
884 4.349312
885 4.086656
886 4.338368
887 3.76288
888 4.042856
889 3.254936
890 3.014144
891 3.090752
892 2.959424
893 3.0096
894 2.313728
896 2.849976
897 2.89376
898 2.751488
899 2.685824
900 3.036032
901 2.779776
902 3.014144
903 3.145472
904 3.036032
905 4.196096
906 3.068864
907 2.29184
908 2.94848
909 3.955328
910 4.0976
911 3.353408
912 3.544
913 3.473792
914 2.959424
915 2.02464
916 1.821248
917 3.025088
918 4.23988
919 3.397184
920 3.342464
921 3.856832
922 3.616064
923 3.977216
924 3.992704
925 3.824
926 3.725504
927 3.758336
928 3.616064
929 3.93344
930 3.65344
931 3.5504
932 4.414976
933 4.688576
934 4.014592
935 3.76928
936 3.7144
937 2.20444
938 3.856832
939 4.688576
940 3.802112
941 3.681728
942 3.686272
943 3.451904
944 3.408128
945 3.506624
946 3.561344
947 3.090752
948 2.576384
949 2.889216
950 3.43456
951 4.469696
952 4.633856
953 3.539456
954 2.981312
955 3.046976
956 3.0032
957 3.561344
958 3.05792
959 2.598272
960 3.22208
961 2.7296
962 3.014144
963 3.068864
964 3.49568
965 3.65984
966 3.76928
967 3.243968
968 3.05792
969 2.652992
970 2.740544
971 3.38624
972 3.16736
973 3.265856
974 3.375296
975 4.163264
976 3.2768
977 2.499784
978 3.031488
979 2.313728
980 2.882816
981 3.594176
982 3.375296
983 3.014144
984 3.834944
985 3.068864
986 3.594176
987 3.594176
988 3.265856
989 3.2768
990 2.751488
991 2.751488
992 3.16736
993 3.824
994 3.156416
995 2.67488
996 2.40128
997 2.488832
998 2.90016
999 3.036032
1000 2.7296
1001 3.014144
1002 3.200192
1003 2.882816
1004 3.506624
1005 3.539456
1006 3.156416
1007 1.668032
1008 1.718208
1009 1.952576
1010 2.773376
1011 3.108096
1012 3.412672
1013 3.364352
1014 3.473792
1015 3.243968
1017 3.014144
1018 3.184704
1019 3.189248
1020 2.871872
1021 3.200192
1022 3.014144
1023 2.740544
1024 3.101688
1025 3.561344
1026 3.616064
1027 4.0976
1028 3.59872
1029 3.108096
1030 2.707712
1031 2.981312
1032 3.046976
1033 2.663936
1034 2.226176
1035 2.670336
1036 2.477888
1037 2.466944
1038 2.412224
1039 2.652992
1040 3.233024
1041 2.232576
1042 2.302784
1043 2.630952
1044 2.653144
1045 2.801664
1046 3.583232
1047 2.904704
1048 2.685824
1049 3.036032
1050 2.652992
1051 3.145472
1052 3.036032
1053 3.0032
1054 4.086656
1055 5.02784
1056 3.145472
1057 4.167808
1058 3.845888
1059 3.845888
1060 3.254912
1061 3.65984
1062 3.287744
1063 2.740544
1064 3.046976
1065 4.721408
1066 3.178304
1067 3.233024
1068 3.11264
1069 3.681728
1070 3.2768
1071 3.046976
1072 2.937536
1073 2.751488
1074 3.156416
1075 3.036032
1076 2.78432
1077 2.937536
1079 2.013696
1080 0.59552
1081 1.794816
1082 1.346112
1083 1.613312
1084 2.335616
1085 2.363904
1086 2.368448
1087 2.62016
1088 2.981312
1089 3.670784
1090 2.083904
1091 3.5504
1092 3.681728
1093 4.020992
1094 3.025096
1095 3.38624
1096 2.609216
1097 3.05792
1098 3.101696
1099 3.911552
1100 3.101696
1101 3.900608
1102 4.458752
1103 4.211584
1104 3.561344
1105 4.185152
1106 4.59008
1107 4.780672
1108 4.108544
1109 4.349312
1110 4.539904
1111 4.491584
1112 2.937536
1113 3.922496
1114 4.058368
1115 4.469696
1116 3.462848
1117 3.397184
1118 4.907456
1119 4.080256
1120 4.414976
1121 4.3712
1122 3.5504
1123 2.981312
1124 3.561344
1125 3.357952
1126 3.287744
1127 3.06432
1128 2.740544
1129 3.594176
1130 3.697216
1131 3.484736
1132 3.156416
1133 3.108096
1134 3.357952
1135 4.108544
1136 3.528512
1137 3.44096
1138 4.611968
1139 4.20064
1140 4.568192
1141 3.944384
1142 3.024936
1143 2.007448
1144 2.849984
1145 3.036032
1146 3.151872
1147 2.313728
1148 2.280896
1149 3.200192
1150 2.937536
1151 2.499768
1152 2.112192
1153 1.58048
1154 2.560896
1155 2.598272
1156 1.919744
1157 1.882368
1158 1.821248
1159 2.269952
1160 2.29824
1161 2.215232
1162 1.79936
1163 2.746944
1164 2.248064
1165 2.248064
1166 1.96992
1167 1.908728
1168 1.963592
1169 1.9152
1170 1.427264
1171 1.663488
1172 1.646144
1173 1.58688
1174 1.668032
1175 1.0944
1176 1.466496
1177 1.066112
1178 1.116288
1179 1.061568
1180 1.25216
1181 1.050624
1182 1.181952
1183 0.836288
1185 0.897408
1186 1.247616
1187 1.295936
1188 1.389888
1189 1.20384
1190 0.726848
1191 0.569088
1192 0.558144
1193 0.2736
1194 0.689472
1195 0.792512
1196 1.028736
1197 1.411776
1198 1.394432
1199 1.69632
1200 1.591424
1201 1.794816
1202 1.569536
1203 1.980864
1204 1.832192
1205 1.79936
1206 1.488384
1207 1.554048
1208 0.891008
1209 0.8208
1210 0.634752
1211 1.241216
1212 1.192896
1213 1.105344
1214 0.448704
1215 0.584576
1216 1.03968
1217 1.455552
1218 1.372544
1219 1.740096
1220 1.3616
1221 1.96992
1222 1.843136
1223 1.400832
1224 1.120832
1225 2.02464
1226 1.077056
1227 0.755136
1228 0.60192
1229 1.302336
1230 1.875968
1232 1.875968
1233 0.974016
1235 0.700416
1236 1.985408
1237 2.736
1238 2.226176
1239 2.149568
1240 2.904704
1241 2.860928
1242 2.911104
1243 2.871872
1244 2.663936
1245 2.937536
1246 2.434112
1247 2.068416
1248 1.153664
1249 1.433664
1250 1.153672
1251 1.47744
1252 1.280448
1253 1.30688
1254 0.8208
1255 0.689472
1256 0.372096
1257 0.415872
1258 0.507968
1259 0.404928
1260 0.339264
1261 0.590976
1262 1.444608
1263 1.668032
1264 1.788416
1265 1.96992
1266 1.700864
1267 2.62656
1268 2.324648
1269 1.832216
1270 0.689472
1271 0.590976
1272 1.48196
1273 2.976768
1274 2.138648
1275 1.547648
1276 1.849536
1277 0.415872
1278 1.339712
1279 2.598272
1280 2.473344
1281 0.967616
1282 1.236672
1284 1.875968
1285 1.772928
1286 1.558592
1287 1.729152
1288 1.755584
1289 1.849536
1290 1.274048
1291 1.740096
1292 1.777472
1293 2.123136
1294 1.766528
1295 1.958976
1296 1.41632
1297 2.215232
1298 2.210688
1299 2.368448
1300 2.215232
1301 2.29824
1302 1.996352
1303 2.01824
1304 2.363904
1305 1.74464
1306 2.210688
1307 1.25216
1308 1.718208
1309 1.591424
1310 1.75104
1311 1.74464
1312 2.007296
1313 1.96992
1314 1.547648
1315 2.07936
1316 1.96352
1317 2.34656
1318 1.80576
1319 1.357056
1320 0.836288
1321 0.21888
1322 1.608768
1323 1.74464
1324 1.783872
1325 1.394432
1326 1.608768
1327 1.646144
1328 1.9152
1329 1.6352
1330 2.029184
1331 1.80576
1332 1.503872
1333 1.368
1334 1.58688
1335 1.230272
1336 1.6416
1337 1.30688
1338 1.357056
1339 0.864576
1340 1.503872
1341 2.215232
1342 1.181952
1344 2.105792
1345 3.265856
1346 2.418624
1347 1.722752
1348 2.013696
1349 1.930688
1350 2.040128
1351 2.62656
1352 2.007296
1353 2.357504
1354 2.1888
1355 2.248064
1356 2.631104
1357 2.94848
1358 2.368448
1359 2.232576
1360 1.6352
1361 1.411776
1362 1.394432
1363 2.13408
1364 1.74464
