0 1.433664
1 0.989312
2 1.302528
3 2.112192
4 1.733696
5 2.259008
6 2.396736
7 1.886912
8 1.838592
9 1.678976
10 2.040128
11 2.07936
12 1.788416
13 1.948032
14 1.492928
15 1.0944
16 0.38304
17 1.613312
18 1.466496
19 1.230272
20 1.608768
21 1.668032
22 1.849536
23 1.602368
24 2.090304
25 1.832192
27 0.65664
28 0.995904
29 1.077056
30 1.214784
31 1.269504
32 1.175552
33 1.444608
34 1.350656
35 1.849536
36 1.383488
37 1.794816
38 1.755584
39 2.221632
40 1.405376
41 1.740096
42 1.274048
43 1.663488
44 1.438208
45 1.53216
46 1.291392
47 1.087976
48 1.0944
49 1.181952
50 1.044248
51 1.225728
52 1.055168
53 1.411776
54 1.028736
55 0.777024
56 0.573632
57 1.03968
58 1.543104
59 0.223424
60 0.481536
61 0.700416
62 1.411776
63 0.639296
64 0.120384
65 0.38304
66 0.963072
67 1.663488
68 1.077056
69 1.214784
70 0.634752
71 0.295488
72 0.737792
73 1.006848
74 0.995904
75 0.792512
76 0.897408
77 0.744192
78 0.809856
79 0.525312
80 0.43136
81 0.153216
83 0.131328
84 0.798912
85 0.897408
86 1.109888
87 1.302336
88 1.006848
89 0.967616
90 1.0944
91 1.368
92 1.186496
93 1.378944
94 1.47744
95 1.109888
96 1.400832
97 0.798912
98 0.606464
99 0.952128
100 1.017792
101 0.645696
102 0.398528
103 0.634752
104 0.65664
105 0.689472
106 0.71136
107 0.256256
108 0.842688
109 1.083456
110 0.415872
111 0.755136
112 0.617408
113 0.689472
114 0.733248
116 0.853632
117 0.75968
118 0.809856
119 0.700416
120 0.93024
121 0.847232
122 1.072512
123 1.20384
124 1.153664
125 1.58688
126 1.492928
127 1.9152
128 1.788416
129 1.86048
130 1.41632
131 1.69632
132 1.394432
133 1.608768
134 1.274048
135 1.619712
136 1.543104
137 1.230272
138 1.893312
139 1.722752
140 1.996352
141 1.948032
142 1.79936
143 1.838592
144 1.558592
145 1.53216
146 1.295936
147 1.729152
148 1.460096
149 1.685376
150 1.766528
151 2.210688
152 1.733696
153 2.002752
154 1.766528
155 2.062016
156 2.035584
157 1.514816
158 2.451456
159 1.974472
160 2.062016
161 2.495232
162 2.29184
163 2.083904
164 2.390336
165 2.35296
166 1.865024
167 1.882368
168 1.624256
169 1.772928
170 1.350656
171 1.937088
172 1.777472
173 1.608768
174 1.088
175 1.58688
176 1.131776
177 1.302336
178 1.269504
179 1.109888
180 0.952128
181 1.116288
182 0.726848
183 0.393984
184 0.350208
185 0.93024
186 1.3616
187 1.740096
188 1.602368
189 1.619712
190 1.591424
191 1.871424
192 1.405376
193 2.002752
194 2.083904
195 2.232576
196 1.974464
197 1.536704
198 2.265408
199 1.79936
200 1.761984
201 1.810296
202 2.101248
203 1.678976
205 1.68992
206 1.006848
207 0.93024
208 1.339712
209 1.389888
210 1.225728
211 1.077056
212 1.564992
213 1.30688
214 1.455552
215 1.466496
216 1.25216
217 1.433664
218 1.503872
219 1.160064
220 1.433664
221 0.847232
222 1.20384
223 1.25856
224 1.109888
225 1.105344
226 1.14272
227 1.105344
228 1.028736
229 1.0944
230 1.088
231 1.685376
232 1.241216
233 1.619712
234 1.295936
235 1.269504
236 1.25856
237 1.30688
238 1.411776
239 1.317824
240 1.510272
241 1.280448
243 0.365696
244 1.455552
245 1.602368
246 1.214784
247 1.116288
248 0.689472
249 0.398528
250 0.415872
251 0.470592
252 0.317376
253 1.302336
254 1.120832
257 0.667584
258 2.116736
259 1.280448
260 1.99636
261 2.582784
262 2.116736
263 2.269952
264 2.265408
265 1.47104
266 1.575936
267 0.590976
268 0.365696
269 0.21888
271 0.10944
276 0.60192
286 2.215232
287 1.613696
288 1.592896
289 0.825344
290 1.116288
291 1.503872
292 2.035584
293 1.766528
294 2.13408
295 1.875968
296 2.062016
297 2.506176
298 2.280896
299 2.1824
300 2.221632
301 1.843136
302 2.07296
303 2.24352
304 2.062016
305 2.1824
306 2.276352
307 1.85408
309 2.34656
310 2.506176
311 2.062016
312 2.193344
313 2.166912
314 1.886904
315 2.283616
316 2.120416
317 2.051072
318 2.390336
319 2.62656
320 2.259008
321 2.116736
322 2.396736
323 2.105792
324 2.12768
325 2.331072
326 1.919744
327 2.357504
328 2.560896
329 2.062016
330 2.116736
331 2.429568
332 1.865024
333 1.843136
334 2.385792
335 2.335616
336 1.91972
337 2.155968
338 1.919768
339 2.040128
340 1.871424
341 1.602368
342 1.96992
343 1.6352
344 1.652544
345 1.109888
346 1.389888
347 1.488384
348 0.923848
349 0.5472
350 0.481536
351 0.919296
352 1.339712
353 1.47744
354 0.634752
355 0.617408
356 1.729152
357 1.602368
358 2.112192
359 1.68992
360 1.958976
361 1.58048
362 2.090304
363 1.460096
364 1.674432
365 1.295936
366 1.608768
367 1.536704
368 2.1888
369 1.941632
370 1.996352
371 1.20384
373 1.821248
374 1.6416
375 1.6352
376 1.685376
377 1.591424
378 1.674432
379 1.602368
380 1.794816
381 1.646144
382 0.678528
383 1.619712
384 1.153664
385 1.411776
386 1.488384
387 1.350656
388 1.740096
389 1.668032
390 1.985408
391 2.232576
392 1.974464
393 2.193336
394 2.528064
395 1.865024
396 2.1824
397 2.287296
398 1.985408
399 1.96992
400 1.492928
401 1.718208
402 1.427264
403 1.926144
404 1.58048
405 1.357056
406 1.000448
407 0.700416
408 2.193344
409 2.101248
411 1.175552
412 1.630656
413 1.646144
414 1.794816
415 1.777472
416 1.707264
417 1.58048
418 1.816704
419 1.558592
420 1.718208
421 1.186496
422 0.71136
423 0.93024
424 1.25856
425 0.86912
426 0.558144
427 0.995904
428 1.127232
429 0.529856
430 0.470592
431 0.306432
432 0.514368
433 1.236672
434 0.409472
435 1.6416
436 1.514816
437 1.893312
438 1.6352
439 1.69632
440 1.41632
441 1.674432
442 1.47744
443 1.295944
444 0.963072
445 0.777024
446 1.219328
447 1.346112
448 1.044224
449 1.521216
450 1.630656
451 1.492928
452 1.85408
453 1.160064
454 0.809856
455 0.919296
456 0.792512
457 1.028736
458 0.21888
459 0.755136
460 0.901952
461 1.225728
462 1.20384
463 0.912896
464 1.783872
465 0.87552
466 0.836288
467 1.827648
468 1.061568
469 0.639296
470 0.60192
471 0.623808
472 1.160064
473 0.825344
474 1.740096
476 1.514816
477 1.619712
478 1.3616
479 0.612864
480 0.798912
481 0.733248
482 0.590976
483 0.672128
484 0.65664
485 0.71136
486 0.404928
487 0.612864
488 0.350208
489 0.32192
490 0.448704
491 0.49248
492 0.569088
493 0.372096
494 0.5472
495 0.470592
496 0.453248
497 0.590976
498 0.71136
499 0.634752
500 0.8208
501 0.606464
502 0.71136
503 0.787968
504 0.864576
505 0.672128
506 0.744192
507 0.755136
508 0.755136
509 0.49248
511 0.507968
512 0.536256
513 0.689472
514 0.689472
515 0.645696
516 0.678528
517 0.507968
518 0.634752
519 0.634752
520 0.744192
521 0.569088
522 0.628352
523 0.645696
524 0.798912
525 0.689472
526 0.590976
527 0.43136
528 0.49248
529 0.470592
530 0.580032
531 0.689472
532 0.678528
533 0.453248
534 0.853632
535 0.787968
536 0.796608
537 0.674432
538 0.689472
539 0.831744
540 0.787968
541 0.825344
542 0.71136
543 0.787968
544 0.744192
545 0.87552
546 0.770624
547 0.689472
548 0.65664
549 0.886464
550 0.70496
551 0.76608
552 0.43776
553 0.590976
554 0.65664
555 0.48608
556 0.284544
557 0.251712
558 0.317376
559 0.32832
562 0.175104
564 0.2736
565 0.993216
566 0.674816
567 0.470592
568 0.470592
569 1.116288
570 1.19744
571 0.995904
572 1.017792
573 1.214784
574 0.825344
575 1.247616
576 1.25216
577 0.908352
578 0.623808
579 0.5472
580 0.678528
581 0.901952
582 1.411776
583 1.400832
584 0.912896
585 1.03968
586 0.777024
587 0.880064
588 1.105344
589 0.908352
590 0.919296
591 0.726848
592 1.061568
593 0.744192
594 0.372096
595 0.229824
596 0.175104
597 0.10304
598 0.38304
599 0.448704
600 0.393984
601 0.503424
602 0.886464
603 0.617408
604 0.98496
605 1.181952
607 1.050624
608 0.584576
609 0.941184
610 0.689472
611 0.645696
612 0.726848
613 0.777024
614 0.864576
615 0.733248
616 0.748736
617 0.722304
618 0.809856
619 0.733248
620 0.912896
621 0.886464
622 0.98496
623 0.8208
624 0.912896
625 1.171008
626 1.181952
627 0.825344
628 0.569088
629 0.798912
630 0.908352
631 0.901952
632 0.995904
633 0.995904
634 1.03968
635 0.59552
636 1.302336
638 0.317376
639 0.755136
640 0.420416
641 0.240768
642 0.678528
643 0.853632
644 0.907328
647 0.596544
648 0.175104
735 0.032832
736 0.076608
737 0.087552
738 0.098496
740 0.10944
741 0.10944
742 0.076608
743 0.10944
744 0.087552
745 0.087552
746 0.065664
748 0.043776
749 0.043776
750 0.032832
751 0.05472
752 0.043776
754 0.043776
755 0.032832
756 0.043776
758 0.043776
759 0.05472
760 0.05472
761 0.043776
763 0.065664
769 0.032832
770 0.076608
853 0.196736
920 1.061824
932 0.010944
936 0.032832
938 0.010944
939 0.032832
940 0.021888
941 0.021888
943 0.032832
948 0.026272
951 0.032352
952 0.021568
954 0.032352
955 0.021568
956 0.021568
958 0.032352
959 0.032352
961 0.032352
962 0.032352
963 0.032352
964 0.032352
966 0.032352
968 0.032352
969 0.032352
971 0.010784
972 0.021568
973 0.010784
975 0.032352
976 0.021568
978 0.021568
979 0.021568
981 0.021568
982 0.032352
984 0.010784
985 0.021568
986 0.021568
987 0.021568
989 0.010784
990 0.021568
991 0.021568
993 0.032352
995 0.010784
996 0.032352
998 0.021568
1000 0.032352
1001 0.021568
1003 0.043136
1005 0.021568
1006 0.021568
1008 0.021568
1010 0.032352
1011 0.032352
1013 0.021568
1016 0.032352
1021 0.01696
1024 0.021568
1027 0.047744
1029 0.021568
1031 0.021568
1033 0.010784
1035 0.021568
1037 0.010784
1038 0.021568
1044 0.010784
1080 0.010784
1081 0.010784
1083 0.021568
1084 0.027744
1086 0.032352
1087 0.026176
1088 0.194112
1090 0.043136
1091 0.280384
1092 0.032352
1093 0.043136
1095 0.021568
1096 0.064704
1101 0.021568
1102 0.043136
1103 0.097056
1105 0.075488
1106 0.075488
1107 0.086272
1108 0.097056
1109 0.086272
1110 0.05392
1111 0.140192
1112 0.118624
1114 0.05392
1115 0.064704
1116 0.086272
1121 0.0416
1122 0.075488
1123 0.086272
1124 0.086272
1125 0.086272
1126 0.086272
1127 0.086272
1128 0.097056
1129 0.097056
1130 0.064704
1131 0.075488
1132 0.075488
