0 3.45244
2 0.584512
3 1.282368
4 1.63024
5 1.384472
6 1.729936
7 2.405816
8 2.832512
9 3.262016
10 4.35528
11 2.791536
12 3.171256
13 4.166184
14 3.183664
15 3.109416
16 4.224272
17 3.863184
18 4.191304
19 3.374488
20 3.534232
22 4.321424
23 3.916576
24 3.262136
25 4.168944
26 3.913672
27 4.312408
28 3.603904
29 3.928768
30 3.66548
31 3.93292
32 3.335632
33 3.127416
35 3.767176
36 3.835152
37 3.820032
38 4.4214
39 3.209192
40 3.984072
41 4.194432
42 3.323232
43 4.303464
44 3.154504
45 3.312496
46 3.97588
47 4.180088
48 3.280112
49 3.220352
50 3.222
51 4.31392
52 3.39456
53 3.218448
54 4.497
55 3.05564
56 2.728384
57 1.705688
58 2.246984
59 2.263504
60 2.974872
61 4.122592
62 3.2558
63 3.075208
64 3.869384
65 2.87256
66 3.226536
67 4.79636
68 3.983272
69 4.083104
70 2.95304
71 3.5924
73 4.07028
74 4.101728
75 3.30416
76 3.107448
77 3.879712
78 3.558424
79 4.2716
80 3.243904
81 4.033968
82 4.262136
83 3.538592
84 4.461984
85 3.428576
86 2.988968
87 3.247488
88 4.259712
89 3.348776
90 4.273216
91 4.277232
92 3.72848
93 4.11556
94 3.103008
95 3.316736
96 4.07648
97 3.547336
98 3.11352
99 3.315784
100 3.072632
101 3.324408
102 2.9298
103 4.346704
104 4.095024
105 3.069696
115 0.131072
116 1.522008
117 0.043776
118 0.043776
119 0.043776
121 0.021888
122 0.05472
123 0.065664
125 0.043776
126 0.032832
127 0.021888
128 0.032832
129 0.065664
131 0.065664
132 0.426816
133 0.404928
134 0.279976
135 0.339264
136 0.32832
137 0.448704
138 0.372096
139 0.29968
141 0.372096
142 0.32832
143 0.393984
144 0.284544
145 0.312008
146 0.284544
147 0.2736
148 0.207936
149 0.339264
150 0.295488
151 0.372096
152 0.372096
153 0.2854
154 0.306432
155 0.43776
156 0.350208
157 0.38304
158 0.284544
159 0.284544
160 0.284544
162 0.339264
163 0.179984
164 0.284544
165 0.2736
166 0.372096
167 0.372096
168 0.372096
169 0.361152
170 0.372096
171 0.372096
172 0.361152
173 0.28428
174 0.361152
175 0.372096
176 0.372096
177 0.296224
178 0.38304
179 0.415872
180 0.372096
181 0.260088
182 0.350208
183 0.2736
184 0.284544
185 0.216264
186 0.2736
187 0.251712
188 0.306432
189 0.282888
190 0.372096
191 0.372096
192 0.237688
193 0.426816
195 0.404928
196 0.311144
197 0.372096
198 0.339264
199 0.404928
200 0.283392
201 0.372096
202 0.361152
203 0.404928
204 0.286336
205 0.372096
206 0.372096
207 0.339264
208 0.415872
209 0.175096
210 0.372096
211 0.372096
212 0.339264
213 0.311632
214 0.372096
215 0.372096
216 0.32832
218 0.40304
219 0.306432
220 0.284544
221 0.2736
222 0.284544
236 0.181256
238 0.032832
239 0.043776
240 0.043776
241 0.05472
242 0.065664
244 0.05472
245 0.043776
246 0.021888
247 0.043776
248 0.032832
250 0.043776
292 0.05472
293 0.021888
294 0.076608
296 0.021888
298 0.176728
299 0.043776
300 0.05472
301 0.05472
303 0.065664
304 0.043776
305 0.087552
307 0.05472
1302 0.0
