0 1.117512
1 1.27336
2 1.346112
3 1.067968
4 1.526896
5 1.36396
6 1.305928
7 2.067312
8 2.340152
9 2.442752
10 2.382888
12 2.760504
13 2.442688
14 2.125368
15 2.27736
16 2.243376
17 2.4624
18 1.721416
19 2.790008
20 2.332528
21 2.99912
22 2.4768
23 3.01704
24 2.330824
25 2.225016
26 2.15632
27 2.15888
28 2.47268
29 3.738464
30 2.88784
31 2.784016
32 4.233
33 3.374088
34 3.54924
35 3.730424
36 3.686208
37 2.970136
38 2.749672
39 2.46316
40 2.657104
41 3.349776
42 3.126776
43 2.82008
44 2.720384
45 2.648896
46 3.18052
48 2.623008
49 3.272256
50 3.094544
51 3.791032
52 3.983584
53 3.3044
54 2.7494
55 3.113624
56 3.377376
57 3.122864
58 3.176832
59 3.199416
60 2.634336
61 2.154368
62 2.611832
63 4.012208
64 3.888664
65 3.847624
66 3.426
67 2.31916
68 2.03152
69 2.259392
70 2.101248
71 1.788304
72 2.528064
73 1.985448
74 3.208048
75 3.624472
76 4.049088
77 3.940288
78 3.438768
79 2.772
80 2.51228
81 3.004784
82 3.187072
83 3.12528
84 3.182992
85 3.249336
86 3.36664
87 2.4624
88 1.96992
89 0.924128
90 1.740096
91 1.885128
92 1.768408
94 2.871088
95 3.786312
96 4.179864
97 3.931544
98 3.623936
99 3.024632
100 2.48312
101 2.12608
102 3.11904
103 2.525536
104 3.005048
105 3.670968
106 4.254264
107 4.39852
108 4.060224
110 2.918504
111 7.890624
112 3.058632
113 4.191552
114 3.641224
115 4.138248
116 3.928896
117 4.453808
118 4.204104
119 5.165568
120 3.683248
121 3.360968
123 0.131328
124 6.49496
125 3.961728
126 3.135624
127 3.436416
128 2.694632
129 2.84544
130 3.294144
131 2.530656
132 3.327048
133 3.950784
134 3.890648
135 3.742848
136 3.127416
137 3.381696
138 3.1854
139 4.26816
141 3.047152
142 6.537456
143 2.396736
144 3.239424
145 2.516048
146 3.140928
147 2.87392
148 3.655296
149 3.051216
150 3.58412
151 3.896064
152 3.726072
153 3.140928
154 2.002752
155 2.266112
157 0.131072
158 7.14356
159 3.326976
160 2.8742
162 0.120384
163 5.679672
164 2.254464
165 1.521648
166 2.00704
167 1.876592
168 1.748112
169 2.013696
170 1.584224
171 2.615616
172 1.707264
173 1.343704
174 1.564992
175 1.324224
176 1.455944
177 2.51712
178 2.583888
179 2.81492
180 3.031488
181 2.60776
182 2.549952
183 2.041752
184 1.991808
185 1.396144
186 0.525312
187 0.558144
188 0.612864
189 1.114632
190 1.433664
191 1.230896
192 1.53216
193 1.379592
194 2.046528
195 1.895232
196 1.991912
197 2.637504
198 1.920184
199 1.8264
200 1.776928
201 1.794816
210 0.558144
211 0.250072
212 0.612864
213 0.737928
214 1.036872
215 1.493056
217 1.92176
218 2.174136
219 2.413288
220 2.312808
221 2.059224
222 2.09084
223 2.20612
224 2.70736
225 2.073992
226 2.069272
227 2.40768
228 1.984432
229 2.396736
230 1.512216
231 1.827648
232 1.17684
233 1.466496
234 1.199752
235 1.302336
236 1.11856
237 0.71136
238 1.558504
239 1.767512
240 1.503608
241 1.20288
242 1.192896
243 1.18708
244 1.208872
245 1.619712
246 1.375784
247 1.368608
248 1.53948
249 1.479704
250 1.604112
251 1.752288
252 1.609024
253 1.630056
254 1.522136
256 1.520264
257 1.171008
258 0.65664
259 0.735744
260 1.127232
261 0.623808
262 0.131328
263 0.295488
264 0.766328
265 1.061568
266 0.97744
267 1.067784
268 1.177544
269 0.831744
270 0.515776
271 0.853632
272 0.842688
273 0.804664
274 0.744192
275 0.777024
276 0.684328
277 0.678528
278 0.678528
279 0.442072
280 0.908352
281 0.965552
282 1.192896
283 1.270152
284 1.53216
285 1.667832
286 1.655976
287 1.788344
288 2.148232
289 1.686192
290 1.065128
291 1.20384
292 1.367992
293 2.688208
294 2.063856
295 1.761984
297 1.602384
298 1.53216
299 0.886464
300 0.131072
301 1.348192
302 0.590976
303 0.645696
304 0.420856
305 0.558144
306 0.49248
307 0.404928
465 0.330936
466 1.302336
468 1.980584
469 1.94188
470 1.758336
471 1.45692
472 1.84444
473 1.594152
474 1.6124
475 2.195648
476 1.635336
477 1.926144
478 0.980344
479 1.521984
480 1.73812
481 1.556472
482 1.541208
483 2.049928
484 3.08912
485 2.536936
486 2.532864
487 2.213176
488 2.962168
489 2.347144
490 2.098424
491 1.73692
492 1.904416
494 2.34244
495 2.365624
496 2.029792
497 1.935584
498 2.342016
499 2.566848
500 2.4978
501 1.715536
502 2.457632
503 2.365496
504 2.590024
505 2.71056
507 2.871008
508 2.714112
509 2.081376
510 3.195648
511 2.548088
512 2.153128
513 2.665112
514 2.743912
515 2.615616
516 2.215448
517 2.436376
518 2.18292
519 2.906736
520 2.906696
521 3.20848
522 2.9362
523 2.329128
524 2.23984
525 2.673664
526 2.834936
527 2.867328
528 1.895664
529 2.075488
530 2.410272
531 2.838536
532 2.79072
533 2.319192
534 2.59456
535 2.616088
536 2.709256
537 3.100432
538 2.76548
539 3.271208
540 3.259416
541 3.11904
543 1.418832
544 6.164528
545 2.101248
546 2.279752
547 2.388056
548 2.437872
549 2.747472
550 3.072288
551 2.685056
552 2.655192
553 2.30968
554 2.749072
556 3.298816
557 3.197584
558 2.241104
559 1.825568
560 2.099304
561 3.024752
569 2.273256
570 1.597824
571 1.803536
572 2.616976
573 2.46364
574 2.945528
575 3.659344
576 4.34368
577 4.199704
578 4.25628
579 4.14036
580 3.897296
581 3.837168
582 3.278952
583 4.211064
584 3.520208
585 3.584232
586 3.510176
587 5.264064
588 4.531
590 3.763584
591 8.473096
592 3.469248
593 4.169664
594 4.574592
595 2.834896
596 2.943936
597 2.582376
598 3.261312
600 3.760712
601 3.086208
602 2.221632
605 1.282576
606 5.644104
607 1.86048
608 1.75132
609 1.683488
610 1.926144
611 1.803896
612 1.637768
613 1.47744
614 1.006848
615 0.472
616 0.393984
617 0.339264
618 0.262656
619 0.229824
629 0.131072
630 1.806016
646 0.065664
647 0.413264
648 0.647664
649 1.107176
650 0.651624
651 0.837112
652 0.953848
653 0.639992
654 0.852616
655 0.736528
656 0.588504
657 0.611712
658 0.40692
659 0.361152
660 0.1128
661 0.339264
662 0.257752
663 0.339264
664 0.362288
665 0.470592
667 0.550768
668 0.845296
669 0.696912
670 0.722144
671 0.485248
672 0.306432
673 0.47896
674 0.589016
675 0.685992
676 0.685896
678 0.527016
679 0.142272
680 0.098496
681 0.05472
682 0.131328
683 0.074368
684 0.16416
685 0.316464
686 0.350208
687 0.377
688 0.285384
689 0.448704
690 0.39788
691 0.622608
692 0.345872
693 0.24068
694 0.120384
695 0.186048
718 0.010944
719 0.05472
720 0.043776
721 0.032832
749 0.032832
751 0.032832
752 0.011888
803 0.009008
804 0.065664
805 0.065664
807 0.032832
808 0.065664
809 0.065664
810 0.81044
811 0.961664
812 1.124632
813 1.259712
814 0.863224
815 0.730184
816 0.95136
817 1.21348
818 1.320808
819 1.479112
820 1.110984
821 1.527432
822 1.580688
823 2.07936
824 1.339176
826 1.380752
827 1.663488
828 1.602784
829 1.617184
830 1.393568
831 1.853992
832 1.576888
833 1.505888
834 1.652544
835 1.334304
836 1.4646
837 1.163512
838 1.58384
839 1.378552
840 1.437552
842 1.394984
843 1.543104
844 1.222104
845 1.239008
846 1.440912
847 1.446368
848 1.827648
849 1.267336
850 1.309992
851 1.785056
852 1.729152
853 1.240784
854 1.543104
855 0.966616
856 1.411776
857 1.344592
858 1.31812
859 2.002752
860 1.685376
861 0.915312
862 1.378944
863 1.772928
864 1.126224
865 1.53216
866 1.134712
867 1.190496
868 1.528688
869 1.433664
870 1.1316
871 1.597824
872 1.128392
873 1.411776
874 1.072376
875 1.247616
876 0.795832
877 1.171008
878 1.01608
879 1.444608
880 1.193296
881 1.466496
882 0.9152
883 1.510272
884 1.208008
885 1.183576
886 1.357056
887 1.172024
888 1.193696
889 1.368
890 0.99812
891 1.225728
892 0.962408
893 1.160064
894 1.171816
895 1.099656
897 1.20384
898 0.973072
899 1.306744
900 1.291392
901 0.717288
902 0.963072
903 0.512432
904 1.434232
905 1.444608
906 1.405088
907 1.193096
908 1.75104
909 1.316656
910 1.267728
911 1.225456
912 1.685376
913 1.362088
914 2.172824
916 2.256984
917 2.123136
918 1.974576
919 1.8784
920 2.096096
921 2.206472
922 2.649536
923 1.400832
924 0.612864
925 0.262144
926 2.55412
927 2.49712
928 2.002752
929 1.740656
930 1.734464
931 2.07936
932 1.521552
933 1.707264
934 1.746048
935 2.048216
936 1.974688
937 2.00012
938 1.980864
939 1.55312
940 1.482632
941 1.90276
943 2.03104
944 1.849536
945 1.450984
946 1.908344
947 2.484288
948 0.898096
949 1.9152
950 1.785832
951 1.894376
952 2.703168
953 2.13672
954 2.090304
955 1.827144
956 1.966704
957 2.013696
958 2.145024
959 1.430608
960 1.882368
961 1.478416
962 1.729152
963 1.498232
964 1.75104
965 1.404192
966 2.199744
967 1.964424
968 1.823536
969 1.933576
970 2.4624
971 1.97024
972 1.932568
973 2.40768
974 2.39776
975 2.744424
976 2.690856
977 2.9476
978 2.290896
979 2.718504
980 2.330072
981 2.483
982 2.589528
983 2.57184
984 1.479256
985 2.057472
986 3.077328
988 3.00616
989 2.046528
990 1.664336
991 1.893312
992 1.54268
993 2.177856
994 1.718208
995 1.240632
996 2.210688
997 1.621568
998 1.680056
999 2.429568
1000 2.115336
1001 1.91028
1002 2.09172
1003 1.783872
1004 1.721472
1005 2.06236
1006 2.74508
1007 2.610088
1008 1.939432
1009 0.715424
1010 1.291392
1011 0.689472
1012 0.29328
1013 0.339264
1014 0.262656
1015 0.295488
1016 1.401064
1017 1.368
1018 1.113144
1019 1.292408
1020 2.232576
1021 1.45556
1022 1.53216
1023 1.233056
1024 1.619712
1025 1.787872
1026 1.836712
1028 1.777864
1029 1.806152
1030 1.674432
1031 1.441392
1032 1.49752
1033 1.948032
1034 1.212376
1035 1.13432
1036 1.302336
1037 1.230584
1038 1.488384
1039 1.066384
1040 1.14164
1041 0.87552
1042 1.006848
1043 0.88916
1044 0.864576
1045 0.393984
1046 0.361152
1047 0.373472
1048 0.381096
1049 0.809856
1050 0.805456
1051 1.160064
1052 1.357808
1054 1.256736
1055 1.291392
1056 0.90212
1057 1.058352
1058 1.642576
1059 1.378944
1060 1.244024
1061 1.050624
1062 0.538032
1063 0.240768
1064 0.372096
1065 0.87552
1066 0.713688
1067 0.733248
1068 0.797128
1069 1.050624
1070 0.706024
1071 0.831744
1072 0.57524
1073 0.786024
1074 1.0176
1075 1.521216
1076 1.2136
1077 1.235696
1078 1.27984
1079 1.495336
1080 1.391248
1081 1.630656
1082 1.19888
1083 1.251024
1084 1.350784
1085 1.794816
1086 1.080824
1087 1.067008
1088 1.324224
1089 0.883968
1090 1.006848
1091 0.349536
1093 0.131328
1094 1.160064
1095 1.073808
1096 1.086464
1097 1.400832
1098 0.694784
1099 1.201776
1100 1.214784
1101 1.126368
1102 1.606568
1103 1.520752
1104 1.49568
1105 1.693408
1106 1.39288
1107 1.2332
1108 1.25856
1109 0.89044
1110 1.236672
1111 1.001472
1112 1.335168
1113 0.35724
1114 1.368
1115 0.945432
1117 0.912072
1118 0.612864
1119 0.32832
1120 0.142272
1121 0.186048
1122 0.120384
1123 0.131328
1124 0.131328
1127 0.021888
1130 0.207936
1132 0.065664
1133 0.240768
1134 0.49248
1135 0.57236
1136 0.707744
1137 1.039728
1138 1.2376
1139 1.061208
1140 0.701656
1141 0.72308
1142 0.378952
1143 0.399576
1144 0.262656
1146 0.196992
1147 0.94392
1148 1.229592
1149 1.237592
1150 1.014504
1151 0.951088
1152 1.209216
1153 1.124088
1154 0.748888
1155 1.612208
1156 1.640592
1157 1.357056
1158 0.936968
1159 0.948056
1161 0.981296
1162 0.908352
1163 0.716968
1164 1.291392
1165 0.9158
1166 1.36056
1167 1.357056
1168 0.744776
1169 0.98496
1170 0.853168
1171 1.433664
1172 0.742712
1173 0.952128
1174 0.481536
1175 0.131072
1176 0.104304
1177 0.864576
1178 1.184
1179 1.467728
1180 1.212384
1181 1.15004
1182 1.118384
1183 1.048544
1184 0.512584
1185 0.348264
1186 1.243176
1187 0.959464
1188 1.017224
1189 1.299376
1190 1.04608
1192 1.245768
1193 1.220272
1194 1.162048
1195 1.521216
1196 0.807888
1197 0.490536
1198 1.14912
1199 0.787968
1200 0.798912
1201 1.35324
1202 1.957536
1203 1.015136
1204 0.93252
1205 0.963072
1206 0.767488
1207 0.831744
1208 1.050624
1209 0.870112
1210 0.38304
1211 0.349952
1212 0.732616
1213 1.58688
1215 1.084344
1216 1.134864
1217 1.141056
1218 0.936416
1219 1.3442
1220 1.47744
1221 1.112088
1222 1.31424
1223 1.958976
1224 1.45824
1225 1.75104
1226 1.402768
1227 1.904256
1228 1.572016
1229 1.198944
1230 1.379968
1231 1.062096
1232 1.335168
1233 1.30108
1234 1.451936
1235 1.530576
1236 1.181952
1237 0.92088
1238 1.116288
1239 0.611304
1240 0.908352
1241 0.777024
1242 0.615864
1243 0.809856
1244 0.87552
1245 0.730768
1246 0.81544
1247 1.291392
1248 0.579512
1249 0.503424
1250 0.306432
1251 0.440464
1252 0.393984
1254 0.153216
1255 0.317376
1256 0.50256
1257 0.678528
1258 0.438808
1259 0.770352
1260 0.712808
1261 0.962888
1262 0.939232
1263 1.100888
1264 0.989344
1265 0.78352
1266 0.905608
1267 1.05768
1268 1.400832
1269 1.22848
1270 1.142904
1272 1.148064
1273 0.963072
1274 0.93816
1275 1.138176
1276 0.804608
1277 1.160064
1278 0.826656
1279 0.815528
1280 1.0944
1281 0.60044
1282 0.787968
1283 0.420648
1284 0.481536
1285 0.32832
1286 0.251712
1287 0.142272
1299 0.168808
1300 0.470592
1301 0.415872
1302 0.287736
1303 0.393984
1304 0.326688
1305 0.312136
1306 0.405816
1309 0.098496
1310 0.043776
1311 0.333288
1312 0.229824
1313 0.187592
1314 0.405592
1315 0.604968
1316 0.813776
1318 0.690824
1319 0.913472
1320 0.6048
1321 0.887
1322 1.02676
1323 0.782088
1324 0.756968
1325 0.60192
1326 0.481536
1327 0.521688
1328 0.503424
1329 0.433208
1330 0.919296
1331 0.757904
1332 0.811928
1333 0.925352
1334 1.080104
1335 0.435816
1336 0.525312
1337 0.21888
1338 0.605896
1339 0.936472
1340 1.090368
1341 1.765928
1342 1.69352
1343 1.4836
1344 1.634672
1345 1.389784
1346 1.968872
1347 1.559648
1348 1.152192
1349 1.368
1351 1.948032
1352 1.052224
1353 1.444608
1354 1.266464
1355 1.324224
1356 1.071112
1357 1.42272
1358 0.88588
1359 0.328576
1360 2.355216
1361 1.116288
1362 1.280448
1363 0.322968
1364 0.32832
1365 0.306432
1366 0.689472
1367 0.755136
1368 0.306432
1369 0.637288
1370 0.525312
1372 0.700416
1373 0.441376
1374 0.536256
1375 0.605608
1376 0.908352
1377 0.698008
1378 0.724464
1379 1.171008
1380 1.051576
1381 1.155432
1382 0.897408
1383 0.374136
1384 0.864576
1385 0.785336
1386 1.066688
1387 0.917912
1388 0.86108
1389 1.225728
1390 0.840784
1391 0.49248
1392 0.569088
1393 0.477264
1394 0.5472
1395 0.376568
1396 0.32832
1397 0.347568
1398 0.890384
1400 0.744192
1401 0.713008
1402 0.866456
1403 0.76852
1404 1.0944
1405 0.655288
1406 0.712392
1407 0.752008
1408 0.98496
1409 0.80576
1410 0.835888
1411 0.95164
1412 1.072688
1413 1.22432
1414 1.291392
1415 1.345568
1416 1.378448
1417 1.47744
1418 1.105184
1419 1.169536
1420 1.317416
1421 1.346112
1422 0.978776
1423 1.59808
1424 1.225728
1425 0.952432
1426 1.280448
1427 1.049536
1428 1.368
1429 1.147304
1430 1.521216
1431 1.280632
1432 1.53216
1433 1.290192
1434 1.318504
1435 1.298656
1436 1.394712
1437 1.411776
1438 1.510272
1440 0.990944
1441 1.324224
1442 0.99368
1443 1.444608
1444 1.510272
1445 1.551104
1446 1.499328
1447 1.499328
1448 1.192984
1449 1.685376
1450 1.398184
1451 1.400832
1452 1.575936
1453 1.110744
1454 1.564992
1455 1.31404
1456 1.022848
1457 0.952128
1458 1.645032
1459 1.772928
1460 1.336272
1461 0.777024
1462 0.658688
1463 0.941184
1464 0.861904
1465 1.127232
1466 1.37908
1467 0.74808
1468 0.733248
1469 0.182824
1481 0.186048
1482 0.317376
1483 0.525312
1484 0.386864
1485 0.304968
1486 0.392408
1487 0.431664
1488 0.593968
1489 0.57172
1490 0.944288
1492 1.063464
1493 0.870032
1494 0.910672
1495 1.187776
1496 1.108464
1497 1.227944
1498 1.07856
1499 0.953824
1500 1.108112
1501 1.11356
1502 1.460104
1503 1.53216
1504 0.865208
1505 0.93024
1506 1.389888
1507 1.181952
1508 0.852488
1509 1.181952
1510 1.171008
1511 0.8348
1512 1.050624
1513 0.72588
1514 0.846304
1515 0.857312
1516 1.097112
1517 1.160064
1518 0.970632
1519 1.082768
1521 1.27712
1522 0.88452
1523 0.875368
1524 0.976288
1525 0.910152
1526 1.184664
1527 1.14912
1528 0.741824
1529 0.459648
1530 0.459648
1534 0.131072
1535 1.172248
1536 0.196992
1540 0.043776
1541 1.54708
1542 0.585016
1543 0.541264
1544 0.501464
1545 0.575848
1546 0.540152
1547 0.435824
1548 0.468952
1549 0.533248
1550 0.621088
1551 0.729248
1552 0.789088
1553 0.732288
1554 0.77036
1555 1.14912
1556 0.725968
1558 0.858912
1559 1.210552
1560 1.138368
1561 0.948192
1562 1.00388
1563 0.893184
1564 1.048432
1565 1.358104
1566 1.433432
1567 0.95296
1568 0.076608
1569 1.088232
1570 1.031336
1571 0.939672
1572 1.088272
1573 1.2942
1574 1.405624
1575 1.31708
1576 1.20064
1577 1.26848
1578 1.236576
1579 1.051672
1580 1.400832
1581 1.137224
1582 1.471568
1583 1.400832
1584 1.170648
1585 1.47744
1586 0.900464
1588 1.348608
1589 1.575936
1590 1.16924
1591 1.22076
1592 1.488384
1593 1.188504
1594 0.949952
1595 1.180008
1596 1.428248
1597 1.310064
1598 1.6416
1599 1.359896
1600 1.283536
1601 1.80576
1602 1.16408
1603 1.455552
1604 0.44412
1605 1.357056
1606 1.016072
1607 1.225728
1608 0.91792
1609 1.400832
1610 1.008344
1611 1.433664
1612 1.096896
1613 1.212144
1614 1.517496
1615 1.53216
1616 1.167064
1617 1.23272
1618 1.582968
1619 1.600512
1620 1.393704
1622 1.742384
1623 2.057472
1624 1.25676
1625 1.375432
1626 1.849072
1627 2.21248
1628 1.836992
1629 1.820272
1630 1.853712
1631 1.677256
1632 1.970448
1633 1.8636
1634 2.1888
1635 1.611992
1636 2.210688
1637 1.52444
1638 2.166912
1639 1.358496
1640 2.177856
1641 1.708968
1642 1.665496
1643 1.914464
1644 2.200072
1645 2.090304
1646 2.177856
1647 1.668104
1648 1.948032
1649 1.389888
1650 1.027864
1651 1.017792
1652 0.963072
1653 0.569088
1654 0.415872
1655 0.426816
1656 0.238504
1657 0.153216
1658 0.131328
1659 0.262656
1660 0.426816
1662 0.514368
1663 0.963072
1664 0.921584
1665 0.734392
1666 1.236672
1667 1.209008
1668 0.876736
1669 1.521216
1670 1.261712
1671 1.295216
1672 1.718208
1673 1.17636
1674 1.260664
1675 1.510272
1676 1.361224
1677 1.472368
1678 1.677256
1679 1.718208
1680 1.35892
1681 1.4408
1682 1.466496
1683 1.137176
1684 1.365968
1685 1.654872
1686 1.794816
1687 1.273592
1688 1.457544
1689 1.663488
1690 1.465824
1691 1.904256
1692 1.251488
1693 1.519872
1694 2.187112
1695 1.772168
1697 2.124112
1698 2.331072
1699 2.237424
1700 1.954296
1701 2.604672
1702 1.707264
1706 1.060424
1707 6.62112
1708 1.154168
1709 1.849536
1710 2.202976
1711 1.072512
1712 1.335168
1713 1.215432
1714 1.882368
1715 1.532512
1716 2.265408
1717 1.32392
1718 1.871424
1719 1.30132
1720 1.80576
1721 1.380944
1722 1.904256
1723 1.58088
1725 1.796368
1726 1.839952
1727 2.02464
1728 1.53096
1729 1.826504
1730 1.937088
1731 1.380976
1732 1.4922
1733 1.958976
1734 1.65084
1735 1.839832
1736 1.280448
1737 1.879416
1738 0.853632
1739 1.991808
1740 1.8692
1741 2.008232
1742 2.018248
1743 1.976768
1744 1.753672
1745 1.8168
1746 1.827648
1747 1.332648
1748 1.499872
1749 1.630592
1750 1.937088
1751 1.350208
1752 1.448824
1753 1.386032
1754 1.980864
1755 1.775864
1757 1.549448
1758 1.926144
1759 1.50072
1760 1.838592
1761 1.636712
1762 1.718208
1763 1.099024
1764 1.33472
1765 1.03968
1766 0.941184
1767 0.464728
1768 0.590976
1769 0.427888
1770 0.317376
1771 0.317376
1772 0.229824
1773 0.196992
1774 0.306432
1775 0.153216
1777 0.284544
1778 0.251712
1779 0.131328
1780 0.10944
1781 0.131328
1782 0.229824
1783 0.014528
1784 0.120384
1785 0.120384
1786 0.316752
1787 0.339264
1788 0.311368
1789 0.295488
1790 0.251712
1793 0.085648
1795 0.554936
1796 0.404928
1797 0.770016
1798 1.173768
1799 1.28008
1800 1.03224
1801 1.6746
1802 1.587184
1803 1.550472
1804 1.581624
1805 1.62972
1806 1.408072
1807 1.696632
1808 1.98908
1809 1.889608
1810 1.601496
1811 1.4162
1812 1.674432
1813 0.849064
1814 1.303448
1815 1.936232
1817 1.763096
1818 1.907384
1819 1.971344
1820 1.99356
1821 2.288208
1822 1.937088
1823 1.21608
1824 1.937088
1825 1.479976
1826 1.565912
1827 1.849536
1828 1.351416
1829 1.811296
1830 1.866296
1831 1.672328
1832 1.760664
1833 1.693968
1834 1.674672
1835 1.609696
1837 1.53492
1838 1.50312
1839 1.565792
1840 1.849536
1841 1.343968
1842 1.510272
1843 0.602976
1844 0.98496
1845 0.800288
1846 1.887304
1847 1.840912
1848 2.262624
1849 1.798936
1850 1.75104
1851 1.194528
1852 1.156784
1853 1.291392
1854 0.987096
1855 1.685376
1856 1.471272
1857 1.58688
1858 0.307448
1860 0.010944
1861 2.158336
1862 0.678528
1863 1.083456
1864 0.874304
1865 0.886464
1866 0.71136
1867 0.301888
1868 0.142272
1874 0.120384
1875 1.247616
1876 0.229824
1877 0.283392
1878 0.38304
1879 0.375872
1880 0.449848
1881 0.45156
1882 0.799944
1884 0.60936
1885 0.870592
1886 0.747592
1887 0.948288
1888 0.94996
1889 0.812424
1890 1.075504
1891 0.700416
1892 0.363184
1893 0.514368
1894 0.420112
1895 0.426816
1896 0.225048
1897 0.80044
1898 1.640768
1899 1.080088
1901 0.840792
1902 0.859896
1903 0.682136
1904 0.678528
1905 0.87644
1906 0.580032
1907 0.38304
1908 0.57708
1909 0.968824
1910 1.163872
1911 0.831832
1912 1.401264
1913 1.574864
1914 1.717376
1915 1.24656
1916 0.914352
1918 0.934128
1919 0.558144
1920 0.5472
1921 0.526896
1922 1.03968
1923 0.571184
1924 0.536256
1925 0.339264
1926 0.274888
1927 0.229824
1928 0.098496
1996 0.032832
1997 0.415872
1998 0.47928
1999 0.532664
2000 0.644816
2001 0.88224
2002 1.4696
2004 1.7916
2005 1.1414
2006 1.215472
2007 1.62024
2008 0.971912
2009 1.13316
2010 1.156464
2011 1.193864
2012 1.171008
2013 0.35428
2014 0.623808
2015 0.689472
2016 0.604992
2017 0.60192
2018 0.426816
2019 0.306432
2022 0.212552
2023 0.361152
2024 0.854984
2025 0.821032
2026 1.095352
2027 1.196016
2028 0.582472
2029 0.589976
2030 0.831744
2031 1.242792
2032 1.485024
2033 1.47848
2034 1.633288
2035 1.800208
2036 1.660728
2037 1.82756
2038 2.342016
2039 1.773696
2040 2.47896
2041 2.146168
2042 1.871144
2043 2.064864
2044 2.93956
2045 2.591784
2046 2.162456
2047 2.501488
2048 2.84964
2049 2.815696
2050 2.62416
2052 2.434232
2053 2.232576
2054 1.358176
2055 1.729152
2056 1.36004
2057 2.276352
2058 2.062448
2059 2.99096
2060 2.895208
2061 2.7816
2062 3.234256
2063 3.240072
2064 3.9154
2065 2.82936
2066 2.372656
2067 2.867328
2068 2.216416
2069 2.329528
2070 2.943936
2071 2.739256
2072 2.757144
2073 2.68128
2074 2.418584
2075 2.962304
2076 2.57184
2077 1.752832
2078 1.775288
2079 1.674432
2080 0.963072
2082 0.131072
2083 2.061192
2084 1.105344
2085 0.806904
2086 0.71136
2087 0.229824
2088 0.207936
2090 0.021888
2100 0.05472
2128 0.010944
2129 0.16416
2197 0.15296
2198 0.567224
2200 0.065664
2201 0.032832
2202 0.032832
2204 0.032832
2229 0.010944
2231 0.010944
2232 0.065664
2233 0.065664
2235 0.098496
2236 0.041576
2237 0.087552
2238 0.076608
2239 0.153216
2241 0.087552
2242 0.109664
2243 0.098496
2251 0.10944
2252 0.572424
2253 1.16192
2254 1.310648
2255 0.939248
2256 1.330176
2257 1.694256
2258 2.213184
2259 2.410056
2260 1.998408
2261 2.059104
2262 1.944584
2263 2.068696
2264 2.57248
2265 3.545584
2266 4.3776
2267 3.15872
2268 3.2954
2269 1.816672
2270 1.281376
2271 2.155968
2272 0.05732
2273 1.31328
2274 1.487544
2275 2.703168
2276 1.950816
2277 1.574136
2278 1.499328
2280 1.463824
2281 1.105344
2282 1.171008
2283 0.913288
2284 1.017792
2285 0.842688
2286 0.755136
2287 0.2736
2300 0.021888
2316 0.011784
2317 0.553632
2318 0.803416
2319 0.705688
2320 1.03208
2321 0.613216
2322 1.195848
2323 1.040536
2324 0.882072
2325 1.171984
2326 1.467336
2327 1.579408
2328 0.640112
2329 0.443608
2330 0.120384
2331 0.952128
2332 0.372512
2333 0.941504
2334 0.908352
2336 0.740232
2337 0.77228
2338 0.573224
2339 0.645696
2340 0.45688
2341 0.76608
2342 0.787448
2343 0.796224
2344 0.881152
2345 0.9318
2346 1.139144
2347 1.488384
2348 1.52972
2349 1.602904
2350 1.47744
2351 1.324224
2352 1.571896
2353 1.433368
2354 1.53216
2355 1.083456
2356 1.261048
2358 1.9072
2359 2.35296
2360 1.796584
2361 1.598128
2362 1.653408
2363 1.330736
2364 1.674432
2365 1.257384
2366 0.995904
2367 1.554048
2368 1.6416
2369 0.832664
2370 1.282752
2371 1.24284
2372 1.937088
2373 1.75104
2374 1.371528
2375 1.882368
2376 1.427648
2377 1.455552
2378 1.948032
2379 1.230408
2380 1.75104
2381 1.451072
2382 1.540096
2383 1.794816
2384 1.364408
2385 0.995904
2386 0.993152
2387 1.410784
2388 1.83048
2389 0.580032
2390 0.71136
2391 0.32832
2401 0.131072
2403 0.671256
2404 0.31712
2405 0.363528
2406 0.635616
2407 0.459112
2408 0.425112
2409 0.469928
2410 0.350208
2411 0.08656
2412 0.478048
2413 0.337336
2415 0.166712
2416 0.175104
2417 0.05472
2418 0.10944
2419 0.066032
2420 0.207936
2421 0.098496
2423 0.065664
2424 0.11652
2426 0.535328
2427 0.486536
2428 0.534776
2429 0.299912
2430 0.317376
2431 0.1384
2432 0.10944
2434 0.087552
2435 0.087552
2436 0.076608
2437 0.068904
2438 0.10944
2439 0.087552
2440 0.05472
2441 0.05472
2442 0.032832
