0 0.725232
1 0.945264
2 0.90796
3 0.851584
4 0.824272
5 0.964192
6 0.973688
7 0.749136
8 1.046704
9 1.059472
10 0.967408
11 1.0464
12 1.008168
13 1.174056
14 1.214784
15 0.875088
16 0.958768
17 0.952528
18 1.0142
19 1.14472
20 0.928296
21 0.901248
22 1.181952
23 0.915312
24 1.280448
25 1.001992
26 1.144328
27 0.99688
29 1.150648
30 1.299112
31 1.399184
32 1.368
33 1.064424
34 1.175528
35 1.466496
36 0.881384
37 1.236672
38 1.054008
39 1.25856
40 0.89776
41 0.934248
42 1.247616
43 1.025144
44 1.42272
45 1.064256
46 0.903064
47 1.346112
48 1.04484
49 1.230136
50 1.455552
51 1.106712
52 1.061024
53 0.87552
54 0.870112
55 1.192896
56 0.8208
57 0.234512
58 1.14912
59 0.886464
60 0.237816
61 0.229824
62 0.361152
64 0.874192
65 1.127232
66 0.735
67 1.050624
68 0.10944
69 0.076608
70 1.054672
71 0.921392
72 0.93024
73 0.776224
74 1.114704
76 0.393984
77 0.186048
78 0.2736
79 0.087552
80 0.26776
81 0.590976
82 0.736176
83 0.87552
84 0.517552
85 0.448704
86 0.590976
87 0.521592
88 0.514368
89 0.38304
90 0.175104
91 0.28964
92 0.777024
93 0.667352
94 0.590976
95 0.678528
96 0.709568
97 0.733248
98 0.447464
99 1.20384
101 1.310488
102 1.555208
103 1.390016
104 1.028736
105 0.429896
106 0.65664
107 0.689992
108 1.03968
109 0.755136
110 0.798352
111 1.083456
112 0.743896
113 1.01504
114 0.963072
115 0.925552
116 1.083456
117 0.874632
118 1.467752
119 1.524288
120 1.761984
121 1.190992
122 1.329832
123 1.685376
125 1.592088
126 1.575936
127 1.207544
128 1.261672
129 1.11664
130 1.443352
131 1.335168
132 1.083456
133 0.641632
134 1.050624
135 0.550744
136 1.101208
137 1.379992
138 1.651888
139 1.568464
140 1.623176
141 1.58788
142 2.0704
143 2.068416
144 1.734968
145 1.725256
146 1.803816
148 1.732008
149 0.831744
150 0.700416
151 0.972304
152 1.444608
153 1.42272
154 1.148096
155 1.646984
156 0.895464
157 1.389888
158 1.119312
159 0.983536
160 1.192896
161 1.546568
162 1.37704
164 1.86048
165 1.267608
166 1.608768
167 1.24432
168 1.521216
169 1.118072
170 1.42272
171 1.119936
172 1.302336
173 0.85484
174 0.874256
175 1.083456
176 0.4658
177 0.558144
178 1.03968
179 0.426816
180 0.320272
181 0.744192
182 0.700416
183 1.020128
184 0.994832
185 1.335168
186 1.01692
187 1.247616
188 1.042568
189 1.368
190 1.47744
191 1.08992
192 1.357056
193 0.897408
194 0.715496
195 1.061568
196 1.160064
197 1.20384
198 1.029728
199 1.045368
200 0.98496
201 0.681944
202 0.87552
203 0.495392
204 0.71136
205 0.525312
206 0.645552
207 0.722304
208 0.634752
209 0.525312
211 0.361728
212 0.525312
213 0.38304
214 0.339264
215 0.372096
216 0.3378
217 0.503424
218 0.678528
219 0.457624
220 0.590976
221 0.623808
222 0.490504
223 0.8208
224 0.612704
225 0.853632
226 0.743632
227 0.87552
228 0.700624
229 0.831744
230 0.6176
231 0.842688
232 0.831744
233 0.670376
234 0.963072
235 0.734384
236 0.777024
237 0.755136
238 0.571376
239 0.71136
240 0.809856
241 0.681936
242 0.8208
243 0.728944
244 0.963072
245 0.6526
246 0.908352
247 0.818024
248 0.831744
249 0.598496
250 1.006848
251 0.892808
252 1.181952
253 0.8208
254 0.419592
255 0.459648
256 0.503424
257 0.536256
259 0.3504
260 0.590976
261 0.49248
262 0.347008
263 0.404928
264 0.404928
265 0.196312
266 0.768392
267 0.711088
268 0.744192
269 0.637192
270 0.566008
271 0.700416
272 0.372096
273 0.191064
274 0.514368
275 0.590976
276 0.62708
277 0.842688
278 0.670608
279 0.756952
280 1.050624
281 0.838832
283 1.143016
284 0.514368
285 0.196992
287 0.142272
288 0.623624
289 0.481536
291 0.186048
293 0.426816
294 0.585576
295 0.87112
296 0.798912
297 0.529344
298 0.651128
299 1.093384
300 1.35264
301 1.327912
302 1.139672
303 1.260872
304 1.186072
305 1.07768
306 0.908352
307 0.520928
308 0.339264
309 0.971976
310 1.459336
311 1.61416
312 1.518928
313 1.487048
314 1.40696
315 0.131072
316 4.021976
317 1.353088
318 1.373656
320 1.43392
321 1.490296
322 1.398952
323 1.41328
324 1.478296
325 2.276352
326 1.723088
327 2.068416
328 0.875256
329 1.276328
330 1.840128
331 1.826616
332 1.83088
333 1.767512
334 1.59116
335 1.607808
336 1.860448
337 1.926144
338 1.44964
339 1.433888
340 1.521216
341 1.291392
342 0.877032
343 1.291392
344 1.233584
345 1.51856
346 1.80576
347 1.096064
348 1.58688
349 1.361408
350 1.411776
351 1.979768
352 2.385528
353 1.346112
355 0.481536
356 1.637248
357 0.470592
358 0.415872
359 0.623808
360 0.689472
362 0.295488
363 0.2736
364 0.40332
365 1.138176
366 1.521464
367 0.963072
369 0.2736
370 1.286376
371 1.368
372 1.133376
373 1.368112
374 1.092456
375 1.147776
376 1.499328
377 1.255632
378 1.707264
379 1.318288
380 1.718208
381 1.267912
382 1.42272
383 1.033824
384 1.346112
385 1.019296
386 1.14912
387 1.14912
388 0.61844
389 1.247616
390 1.312592
391 1.269504
392 0.958224
393 0.893024
394 1.335168
395 0.883112
396 0.952944
397 1.171008
398 1.032296
399 0.99996
400 1.002784
401 1.236672
402 0.959056
403 0.913392
404 0.744192
406 0.898752
407 0.809856
408 0.853632
409 0.919296
410 0.781584
411 1.138176
412 1.357056
413 1.14
414 1.58688
415 0.968056
416 0.798912
417 0.3966
418 1.050624
419 0.876352
420 0.623808
421 0.733248
422 0.831744
423 0.61232
424 0.733248
425 0.733248
426 0.525088
427 0.71136
428 0.645696
429 0.525312
430 0.555144
431 0.65664
432 0.558144
433 0.415872
434 0.221848
435 0.207936
436 0.689472
438 1.010184
439 1.411776
440 1.28104
441 1.111
442 1.427384
443 1.60476
444 1.49184
445 1.410192
446 1.60396
447 1.448464
448 1.631424
449 1.8048
450 1.548408
451 1.457432
452 1.621944
453 1.718968
454 1.591712
455 1.510272
456 0.510744
457 0.995904
458 1.236672
459 0.903016
460 0.553704
461 0.623808
462 0.990224
463 1.645736
464 1.86048
465 1.621088
466 1.265256
467 1.411776
468 1.288696
469 1.420776
470 1.491808
471 1.302336
472 0.941184
473 0.93024
474 0.471352
475 0.514368
476 0.853632
477 0.71136
479 0.621736
480 0.76608
481 0.733248
482 0.508224
483 0.919296
484 0.69196
485 0.87552
486 0.787968
487 0.773368
488 1.072512
489 0.777024
490 1.0944
491 0.782152
492 0.590976
493 0.908352
494 0.796088
495 1.136552
496 0.777024
497 0.8208
498 0.830192
499 0.755296
500 0.71136
501 0.66868
502 0.612864
503 0.65664
504 0.535584
505 0.612864
506 0.406648
507 0.897408
508 0.925024
509 1.104768
510 0.963072
511 0.841184
512 1.280448
513 0.89112
514 1.346112
515 1.128352
516 1.038672
517 1.089496
518 1.050624
519 1.180728
520 0.613808
521 1.499328
522 1.092088
523 1.25032
524 1.324224
525 0.572752
526 1.346112
527 0.958304
528 1.0944
529 0.908352
531 0.131072
532 1.788792
533 0.689472
534 0.76608
535 0.652736
536 0.908352
537 0.82876
538 1.171008
539 0.966096
540 1.6416
541 1.554824
542 0.948152
543 1.609528
544 1.674432
545 1.06784
546 0.7712
547 0.777024
548 0.952712
549 1.838592
550 1.390176
551 1.904256
552 1.43732
554 1.276392
555 0.963072
556 0.503424
557 0.632752
558 0.908352
559 0.941184
560 0.787936
561 1.455552
562 0.829104
563 0.798912
565 0.186048
566 0.415968
567 0.43776
568 0.569088
569 0.5472
571 0.307128
572 0.700416
573 0.633704
574 0.886464
575 0.880808
576 1.072512
577 1.03272
578 1.03736
579 0.906392
580 1.324224
581 0.609024
583 0.229824
584 0.393984
585 0.429712
586 0.503424
587 0.43776
588 0.355984
589 0.514368
590 0.60192
591 0.567768
592 0.919296
593 1.181952
594 0.849784
595 0.93024
596 0.952128
597 0.684448
598 0.995904
599 0.778728
601 1.190296
602 1.302336
603 1.1388
604 1.141208
605 0.858376
606 0.910176
607 0.842688
608 0.596104
609 1.105344
610 0.889784
611 0.636424
612 1.04428
613 1.261624
614 0.612864
615 0.372096
616 0.131072
617 0.972704
618 0.707184
619 0.98496
620 0.809296
621 1.171008
622 0.904608
623 1.554048
624 1.295616
626 1.173112
627 1.267336
628 1.281808
629 1.209232
630 1.243464
631 1.33612
632 1.192896
633 0.87616
634 1.199608
635 1.14912
636 0.974016
637 0.467928
638 0.897408
639 0.669544
640 0.853632
641 0.689472
642 0.470592
643 0.153216
644 0.087552
645 0.358104
646 0.229824
648 0.120384
649 0.087552
697 0.021888
698 0.032832
700 0.05472
701 0.065664
702 0.05472
703 0.043776
704 0.16416
705 0.131328
706 0.142272
707 0.131328
709 0.16416
710 0.10944
712 0.0846
713 0.142272
714 0.175104
715 0.175104
716 0.153216
717 0.074432
718 0.131328
720 0.186048
721 0.131328
722 0.114256
723 0.21888
724 0.131328
725 0.143752
726 0.142272
727 0.098496
728 0.10944
729 0.04584
730 0.041848
732 0.10944
733 0.098496
734 0.076608
735 0.076608
736 0.043776
737 0.035496
739 0.043776
740 0.043776
741 0.087552
742 0.05472
744 0.05472
745 0.05472
746 0.043776
747 0.043776
748 0.032832
749 0.021672
750 0.05472
751 0.065664
752 0.065664
753 0.076608
754 0.076608
756 0.087976
757 0.05472
758 0.05472
759 0.065664
760 0.065664
761 0.065664
763 0.05472
764 0.05472
765 0.05084
766 0.131328
767 0.098496
768 0.131328
770 0.05776
771 0.153216
772 0.10944
773 0.120384
775 0.07232
776 0.098496
777 0.076608
778 0.065664
779 0.05472
780 0.05472
781 0.05472
782 0.043776
784 0.029616
785 0.065664
787 0.043776
788 0.05472
789 0.043776
790 0.043776
792 0.032832
793 0.032832
819 0.010944
821 0.076608
823 0.063912
825 0.05472
826 0.065664
827 0.065664
828 0.120384
829 0.120384
830 0.090296
831 0.131328
833 0.153216
834 0.142272
835 0.151592
836 0.074672
837 0.142272
838 0.153216
839 0.153216
841 0.137896
842 0.04184
843 0.142272
844 0.16416
845 0.16416
846 0.162968
847 0.074672
848 0.16416
849 0.207936
850 0.16416
852 0.175104
853 0.098176
854 0.16416
855 0.153216
856 0.175104
857 0.108528
858 0.16416
859 0.16416
860 0.175104
861 0.13228
862 0.16416
863 0.16416
864 0.16416
865 0.112904
866 0.16416
867 0.153216
868 0.15424
870 0.175104
871 0.16416
872 0.16416
873 0.100816
874 0.16416
875 0.175104
876 0.127304
877 0.16416
878 0.16416
879 0.06948
880 0.175104
881 0.16416
882 0.153216
883 0.106392
884 0.175104
886 0.087552
888 0.299712
889 0.065664
890 0.098496
891 0.098496
892 0.10944
893 0.087552
895 0.10944
896 0.084384
897 0.153216
898 0.16416
899 0.175104
901 0.133296
902 0.16416
905 0.065664
906 0.42772
907 0.142272
908 0.186048
909 0.153216
911 0.119376
912 0.175104
913 0.16416
914 0.120384
915 0.130184
916 0.04184
917 0.175104
919 0.142272
920 0.153216
921 0.136696
922 0.142272
924 0.120384
925 0.065664
926 0.087552
927 0.098496
928 0.065664
929 0.066344
930 0.065664
932 0.065664
933 0.05472
934 0.05472
935 0.05472
936 0.065664
938 0.05472
939 0.021888
940 0.065664
942 0.031936
943 0.043776
944 0.043776
945 0.032832
947 0.05472
948 0.043776
949 0.032832
964 0.010944
968 0.065664
969 0.207936
971 0.076608
974 0.01812
975 0.065664
976 0.131328
977 0.153216
978 0.10944
980 0.10944
981 0.05472
982 0.065664
983 0.04276
984 0.05472
985 0.05472
986 0.05472
987 0.065664
988 0.05472
990 0.065664
991 0.087552
992 0.087552
993 0.131328
994 0.10944
995 0.090832
996 0.153216
997 0.10944
998 0.142272
999 0.142272
1000 0.096024
1001 0.16416
1002 0.142272
1003 0.153216
1004 0.064512
1005 0.153216
1006 0.153216
1008 0.13332
1009 0.131328
1010 0.153216
1011 0.10944
1012 0.1128
1013 0.098496
1014 0.120384
1015 0.131328
1016 0.104536
1017 0.065664
1018 0.10944
1020 0.120384
1021 0.098496
1023 0.123456
1024 0.074672
1025 0.142272
1026 0.153216
1027 0.120384
1029 0.087552
1030 0.076608
1031 0.076608
1032 0.04316
1034 0.076608
1035 0.05472
1036 0.153216
1037 0.043776
1038 0.120384
1040 0.080792
1041 0.087552
1041 0.076608
