0 2.036808
1 2.513888
2 0.838368
3 1.389496
4 1.119504
5 1.235
6 1.87032
7 1.54516
9 1.755968
10 1.926256
11 2.018064
12 2.637504
13 1.991376
14 1.449016
15 1.867832
16 1.963576
17 1.926
18 2.588872
19 2.043648
20 1.958264
21 2.147056
22 1.673856
23 1.784336
24 2.09376
25 2.053968
27 2.090056
28 2.170296
29 1.970272
30 2.15888
31 2.21804
32 2.191728
33 2.162528
34 2.281512
35 2.039992
36 2.05884
37 1.892768
38 2.15056
39 2.082696
40 2.40768
41 2.093688
42 1.760504
43 1.53216
44 0.884544
45 1.871424
46 2.740312
47 2.99044
48 2.703928
49 3.828112
50 3.590544
51 3.444152
52 3.242224
53 3.721408
54 3.147688
55 2.579232
56 2.994704
57 3.590976
58 4.425784
59 3.99384
60 3.821912
61 3.507608
62 2.337696
63 3.484016
64 4.435392
66 4.312536
67 4.189952
68 4.340984
69 3.038192
70 2.093848
71 2.506176
72 1.582216
73 1.576464
74 1.980864
75 1.487416
76 1.761984
77 1.418656
78 1.663488
79 1.613696
80 1.116288
81 1.602256
82 3.627048
83 2.934448
84 2.945144
85 2.79152
86 2.833496
87 2.96708
88 2.563248
89 3.0096
90 2.575008
91 2.118296
92 3.092336
93 3.20896
94 2.818848
95 2.690512
96 3.0414
97 3.0096
98 2.21752
99 2.539008
100 0.95696
101 1.444608
102 1.491144
103 1.554048
105 1.275928
106 0.8208
107 1.324224
108 1.04344
109 1.302336
110 1.466496
111 1.258248
112 1.597824
113 1.564992
114 1.071768
115 1.357056
116 1.368
117 1.29404
118 1.718208
119 1.44608
120 1.488384
121 1.433664
122 1.218872
123 0.907088
124 1.050624
125 1.768136
126 2.391024
127 2.581712
128 2.461528
129 2.782664
130 2.983232
131 2.389928
132 1.444608
133 0.853632
134 2.146016
135 1.802752
136 1.543104
137 1.25996
138 1.138176
139 1.619712
140 1.02376
141 1.20384
142 0.448704
144 0.435608
145 1.6416
146 1.784448
147 2.318664
148 2.482016
149 1.682224
150 1.57816
151 2.108224
152 1.765304
153 1.25856
154 0.607456
155 1.499328
156 1.101584
157 1.597824
158 1.515656
159 1.677872
160 1.926144
161 1.143336
162 1.280448
163 0.831064
164 0.98496
165 0.776672
166 1.105344
167 1.62664
168 1.361976
169 2.528064
170 2.722904
171 2.676168
172 2.306016
173 2.0096
174 1.389888
175 1.512336
177 1.751472
178 1.864768
179 2.106416
180 2.64552
181 2.834496
182 2.4488
183 2.604672
184 1.901848
185 2.51712
186 2.287688
187 2.189904
188 2.604672
189 2.32244
191 0.2624
192 5.551952
193 2.145024
194 2.030808
195 2.320128
196 2.282608
197 1.935432
198 2.385792
199 2.084528
200 1.828296
201 2.256384
202 1.718208
203 1.707368
204 2.522104
205 2.046528
206 1.88112
207 1.448608
208 0.05472
209 2.035584
210 1.563352
211 1.695736
212 1.95884
213 2.126408
214 2.182048
215 2.670336
216 1.931896
217 2.03612
218 1.875688
219 2.139848
220 3.075264
221 2.370208
222 2.539008
223 2.549952
224 2.114776
225 2.256736
226 2.07936
227 1.343664
229 1.378944
230 0.908528
231 1.58688
232 1.239448
233 2.068416
234 1.69548
235 1.833312
236 1.761984
237 1.201544
238 0.525312
239 1.192896
240 2.33464
241 2.4624
242 2.155968
243 1.884312
244 1.789704
245 1.783872
246 1.188808
247 2.005024
248 1.488384
249 0.661096
250 2.244296
251 3.611528
252 4.185192
253 3.628488
254 2.39696
255 3.011112
256 3.345776
257 3.949792
258 2.98112
259 4.168568
260 3.622048
261 1.342064
262 2.101248
263 2.29648
264 2.670336
265 2.974736
266 3.58528
267 3.34128
268 3.748168
269 4.705616
270 4.490008
271 4.513152
272 4.552704
273 3.759704
274 4.538072
275 3.677184
276 3.522856
277 0.207936
278 7.130608
279 4.104
280 3.375056
281 3.37596
282 3.348216
283 4.378312
284 4.767152
285 4.420648
286 4.294584
287 3.25848
288 4.114944
289 3.443656
291 2.507032
292 10.097312
293 4.15872
294 4.694976
295 4.477592
296 3.831288
297 4.224384
298 3.458016
299 3.800648
300 3.99456
301 3.693552
302 3.907008
305 3.048896
306 3.534912
307 3.523968
309 1.190304
310 6.629408
311 1.564992
312 1.926144
313 1.346112
314 1.31328
316 0.98496
317 0.306432
318 1.516824
319 1.597824
320 1.533192
321 2.002752
322 1.69112
323 2.287296
324 1.678296
325 2.299528
326 2.101248
327 1.071136
328 1.884456
329 2.002752
330 1.778112
331 1.588048
332 1.717024
333 1.9152
334 1.340144
335 1.58688
336 1.350408
337 1.70244
338 1.689
339 2.254456
340 2.385792
341 1.948136
342 1.958848
343 2.057472
344 1.650008
345 2.03388
346 2.056544
347 2.067064
348 1.719584
350 1.761984
351 0.980712
352 1.061568
353 1.006848
354 1.056928
355 1.783872
356 1.261984
357 1.554048
358 1.084216
359 0.853632
360 0.448704
361 0.317376
362 0.372096
363 0.459648
364 0.393984
365 0.326248
366 0.448704
367 0.481536
368 0.33404
369 0.558144
370 0.612864
371 0.520944
372 0.557104
373 0.853632
374 0.604744
375 0.76608
376 0.508056
377 0.594608
378 0.667584
379 0.541336
380 0.604856
381 0.714264
383 0.580032
384 0.441624
385 0.499904
386 0.65664
387 0.4644
388 0.590976
389 0.402856
390 0.569088
391 0.4592
392 0.393984
393 0.354952
394 0.306432
395 0.295488
396 0.032832
415 0.087552
417 0.01676
419 0.153216
420 0.2736
421 0.212784
422 0.25528
423 0.350208
424 0.086184
