0 0.052784
1 1.051888
3 3.109088
4 1.286128
5 1.41868
6 1.294984
7 1.70652
8 1.005856
9 1.079768
10 0.951768
11 1.209504
12 1.00048
13 1.146176
14 1.018208
15 1.117168
16 1.101328
17 0.851768
18 1.21968
19 1.30824
20 0.849176
21 1.176792
22 1.100744
24 1.105656
25 1.032288
26 1.208168
27 1.200856
28 0.895912
30 0.847464
31 0.807968
32 0.266952
33 0.317376
34 0.320056
35 0.142272
36 0.130808
37 0.4944
38 0.142272
39 0.262656
40 0.431784
41 0.361504
42 0.339208
43 0.448704
44 0.354128
45 0.516744
46 0.325272
47 0.58776
48 0.62216
49 0.388136
50 0.730024
51 0.911872
52 1.080104
53 0.79824
54 0.884128
55 0.661024
56 0.65692
57 0.525312
59 0.832152
60 0.991504
61 0.508184
62 0.479632
63 0.590496
64 0.674144
65 0.43776
66 0.2284
67 0.38548
68 0.439936
69 0.599024
70 0.450776
71 0.540352
72 0.46504
73 0.696832
74 0.415872
75 0.229824
77 0.131072
78 0.129536
79 0.621872
81 0.697336
83 0.524272
84 0.837256
85 0.650848
86 0.771784
87 0.492472
88 0.432256
89 0.56972
90 0.56428
91 0.514368
92 0.401768
93 0.491888
94 0.700472
95 0.93132
96 0.856912
97 0.857096
98 0.773104
99 0.781672
101 0.799056
102 1.164872
103 0.926336
104 0.884792
105 0.428232
106 0.652736
107 0.868448
108 0.725608
109 0.906368
110 0.774312
111 0.916472
112 0.683952
113 0.864048
114 0.730408
115 1.08596
116 0.68964
117 0.948472
118 0.9162
119 0.649904
120 0.666872
121 1.201344
122 0.905784
123 0.798912
124 1.00904
125 1.290312
126 0.884224
127 1.23704
129 0.848504
130 0.58956
131 0.237184
132 0.306432
133 0.192944
134 0.503424
135 0.442168
136 0.321176
137 0.619888
138 0.7094
139 0.839736
140 0.765632
141 0.481712
142 0.196992
143 0.168096
144 0.1294
145 0.436088
146 0.429224
147 0.484184
149 0.69312
150 0.907888
151 0.549144
152 0.525312
153 0.827
154 0.700256
155 1.038392
156 1.039304
157 1.115072
158 1.360408
159 1.044608
160 1.167832
161 0.975568
162 0.562048
163 0.556016
164 0.570912
165 0.77108
166 0.298856
168 0.319872
169 0.631256
170 0.939968
171 1.085976
172 0.61704
173 0.811392
174 0.73932
175 0.467056
176 0.517192
177 0.511136
178 0.585832
179 0.60192
180 0.392008
181 0.576336
182 0.470592
183 0.287504
184 0.7626
185 0.81572
187 0.727576
188 0.500688
189 0.896384
190 0.612072
191 0.522208
192 0.485192
193 0.422944
194 0.207936
195 0.096504
196 1.053568
197 1.449072
199 1.28172
200 1.583072
201 1.496264
202 1.27608
203 1.36144
204 1.151184
205 1.36528
206 1.054112
207 0.910824
208 0.973832
209 0.950328
210 1.016328
211 1.192496
212 1.3232
213 1.38044
215 1.0784
216 1.238464
217 1.221144
218 0.964536
219 1.013024
220 1.071608
221 1.000984
222 1.161752
223 0.680728
224 0.881544
225 0.529176
226 0.554888
227 0.664592
228 1.052744
229 0.781024
230 0.86888
231 0.676288
232 0.528744
234 0.446472
235 0.875576
236 1.112112
237 1.268256
238 0.962952
239 0.387872
240 0.840496
242 0.593632
243 1.001312
244 0.864248
245 0.815472
246 1.04288
247 1.400488
248 1.4508
249 1.254664
250 1.034584
251 0.973392
252 0.932312
253 0.970992
254 0.967576
255 0.8916
256 1.181728
257 0.859392
258 0.967152
259 1.009256
260 1.379368
262 1.22172
263 1.362576
264 1.452968
265 0.963592
266 1.312864
267 1.37144
268 1.135608
269 1.380448
270 1.388656
271 1.361472
272 1.218128
273 1.200584
274 1.259616
276 1.261432
277 1.22164
278 1.308384
279 1.253896
280 1.35604
281 0.996712
282 0.963912
283 0.841144
284 1.182472
285 1.090248
286 1.22936
287 1.134592
288 0.87292
289 0.019952
290 0.70788
291 0.924632
292 0.901144
293 1.12408
294 1.158608
295 0.95108
296 0.99148
297 0.778296
299 0.89056
300 0.912112
301 0.566488
302 0.562384
303 1.299248
304 1.058824
305 0.67528
306 0.706312
307 0.825352
308 0.828336
309 0.372608
310 0.623808
311 0.111288
312 0.196992
313 0.14504
315 0.186048
316 0.769088
317 0.880056
318 0.97488
319 0.971744
320 1.286816
321 1.078304
322 0.97884
323 1.08044
324 0.966632
326 0.810224
327 0.3698
328 0.310248
329 0.554368
330 0.78728
331 0.689048
333 0.350208
334 0.6694
335 0.637176
336 0.533952
337 0.415872
339 0.098496
340 0.18384
341 0.58148
342 0.8208
343 0.751328
344 0.944128
345 1.223664
346 1.118408
347 1.421088
348 1.47584
349 1.15976
350 1.439296
351 1.326992
352 1.285416
353 0.706344
354 1.290376
356 1.316544
357 1.560776
358 1.218976
359 1.313504
360 1.246576
361 0.568872
362 0.45764
363 0.481536
364 0.188136
365 0.725944
366 1.272032
367 1.397536
368 1.016976
369 1.149976
370 0.403616
371 0.770272
372 0.721504
373 0.656872
374 0.637576
375 0.532232
376 0.640256
377 0.803832
378 0.575528
379 0.567968
380 0.423144
382 0.393984
383 0.221144
384 0.382904
385 0.459648
386 0.449464
387 0.486912
388 0.46704
389 0.357408
390 0.207936
391 0.40728
392 1.125632
393 1.044144
394 1.057616
395 1.137448
396 1.1014
397 1.118696
398 0.864904
399 1.19332
400 1.071832
401 0.983072
403 0.97388
404 0.861248
405 0.7824
406 0.46356
407 0.666392
408 0.754072
409 1.050584
410 1.06948
411 0.73908
412 0.981912
413 0.6168
414 0.710672
415 0.477288
416 0.378616
417 0.459648
418 0.333072
419 0.317376
420 0.228464
421 0.32832
422 0.330944
423 0.240768
427 0.087552
428 0.010944
430 0.043776
433 0.08216
434 0.021888
435 0.415872
437 0.108672
439 0.196992
440 0.05472
441 0.021888
442 0.010944
450 0.183072
451 0.273408
452 0.174432
453 0.283064
454 0.142272
455 0.21888
457 0.076608
458 0.098496
459 0.16404
460 0.418224
461 0.38304
462 0.312064
463 0.296728
464 0.38304
465 0.258232
466 0.331216
467 0.404928
468 0.293704
469 0.372096
470 0.224448
471 0.262656
472 0.2736
473 0.12976
474 0.16416
475 0.251712
476 0.107344
477 0.175104
492 0.087552
493 0.087552
494 0.065664
495 0.065664
497 0.084112
498 0.404928
499 0.295544
500 0.934984
501 1.306576
502 1.149408
503 1.335624
504 1.051472
505 1.023856
506 1.051992
508 1.359976
509 1.16312
510 0.939432
511 0.49248
512 0.200264
513 0.38764
514 0.442088
515 0.875696
516 1.226984
517 1.620472
518 1.473888
519 1.440792
520 1.55848
521 1.48632
523 1.421408
524 1.426584
525 1.639232
526 1.57188
527 1.52532
528 1.492096
529 1.470856
530 1.124864
531 1.517056
532 1.577048
533 1.473056
534 1.43552
535 1.37172
537 1.625184
538 1.658184
539 1.732832
540 2.12268
541 1.798152
542 1.814
543 1.127456
544 1.549328
545 1.536776
546 0.921272
547 1.464456
549 1.434936
550 1.49412
551 1.085248
552 1.55184
553 1.569624
554 1.540464
555 1.42436
556 1.463136
557 1.644096
559 1.723384
560 1.668864
561 1.588168
562 1.386344
563 1.430352
564 1.582408
565 1.416408
566 1.619048
567 1.613144
568 1.53752
570 1.30368
571 1.439968
572 1.290456
573 1.315816
574 1.5264
575 1.738152
576 1.55684
577 1.469824
578 1.416976
579 1.567192
580 1.296016
581 1.465032
582 1.453304
583 1.372304
584 1.292272
585 1.2852
586 1.491112
587 1.375984
588 0.602496
589 1.424208
590 1.242064
591 1.567488
592 1.48052
594 1.95228
595 1.825232
596 1.527744
597 1.672672
598 1.613424
599 0.869952
600 0.721824
601 0.817464
602 0.873424
603 1.040256
604 1.058208
605 1.35988
606 1.245144
607 1.249424
608 0.963672
609 1.004032
610 1.118184
611 1.05108
612 1.532888
613 1.338576
614 1.631152
615 1.220256
616 1.443784
617 1.575336
618 0.900736
620 0.621904
621 1.063416
622 1.04056
623 0.882464
624 0.498784
625 0.585248
626 0.558144
627 0.4034
628 0.509888
629 0.175104
630 1.246664
631 0.862616
632 0.367912
633 0.428776
634 0.361152
635 0.315736
636 0.861568
637 0.470376
638 0.358648
639 0.295488
641 0.149216
642 0.207936
643 0.504544
644 1.009424
645 1.108936
646 0.916736
647 0.84932
648 1.028072
649 0.957768
650 0.965448
651 1.226552
652 1.098512
653 1.304608
654 1.321784
655 0.864392
656 1.166552
657 1.122248
658 1.077224
659 1.087368
660 0.989672
661 1.29204
663 1.228032
664 1.15712
665 1.191576
666 1.266232
667 1.313112
668 1.28904
669 1.24524
670 1.09492
671 1.018824
672 0.965592
673 1.048136
674 0.929152
675 1.156272
676 1.20344
677 0.982008
678 1.366752
679 1.322072
681 1.174912
682 0.792672
683 0.93772
684 0.826384
685 0.772112
686 1.086864
687 0.76084
688 0.582808
689 0.536616
690 0.531936
691 0.858424
692 1.095008
693 0.881528
694 0.890144
695 0.792104
696 0.625936
697 0.616448
698 0.851016
699 0.845656
700 0.742848
701 0.742672
702 1.153504
703 1.247208
704 0.986064
705 1.256832
706 1.03568
707 0.728344
708 0.967024
709 0.668592
711 0.652928
712 0.739376
713 0.619104
714 0.70608
715 0.914264
716 1.073224
717 1.187104
718 0.95628
719 0.928536
720 0.98744
721 0.8496
722 0.934432
723 0.802856
724 0.804672
725 1.000216
726 0.928488
727 0.874384
728 1.096112
729 0.637512
730 0.865248
731 0.911312
732 1.050208
733 1.2186
734 0.857568
735 0.822648
736 0.927152
737 0.843464
738 0.991904
739 1.094896
740 1.004848
741 1.033536
742 0.938344
743 0.7462
744 1.161008
745 1.097608
746 1.046952
747 1.089544
748 1.025128
749 1.212416
751 0.966832
752 0.962296
753 1.232008
754 1.273648
755 1.03148
756 0.900064
757 0.47244
758 0.667584
759 0.608056
760 0.820448
761 0.678904
762 0.548264
763 0.455344
764 0.529088
765 0.87952
766 0.865608
767 0.88296
768 0.859648
769 0.60532
770 0.860752
771 0.63072
772 0.766992
773 0.767736
774 0.84176
775 0.994544
776 0.81944
777 0.596584
778 0.904024
779 1.264088
780 0.915952
781 1.053792
782 0.93428
783 1.081536
784 1.122584
786 0.732112
787 1.064048
788 1.091696
789 0.674056
790 0.746008
791 0.957032
792 0.754104
793 0.764152
794 1.013488
795 0.570736
796 0.665384
797 0.83596
798 1.08
799 1.082456
800 0.6662
801 0.694232
802 0.740328
803 0.85712
804 0.744424
805 0.668536
806 1.129344
807 1.062576
808 0.953568
809 1.08472
810 0.935096
811 0.629384
812 0.85448
813 0.968848
814 0.741712
815 0.72588
817 0.8376
818 1.077552
819 0.848176
820 0.785976
821 0.523376
822 0.540928
823 0.670056
824 0.959576
825 0.77456
826 0.6114
827 0.536256
833 0.012072
835 0.009008
836 0.545112
837 1.165256
838 1.12632
839 1.11308
840 1.106312
841 1.108288
842 1.28404
843 1.508696
844 1.619784
845 1.39144
846 0.926704
847 1.491104
849 1.425408
850 1.280944
851 1.275968
852 1.143064
853 1.322648
854 1.234576
855 1.41916
856 0.78092
857 0.972504
858 0.92948
859 1.15864
860 1.564504
861 1.203584
862 0.855448
863 1.085312
864 0.907912
865 0.842056
866 0.663072
867 0.453208
868 0.622832
869 0.553448
871 0.416048
872 0.626976
873 0.755488
874 0.506376
875 0.38304
876 0.296784
877 0.339264
878 0.371656
879 0.622552
880 0.489344
881 0.844432
882 0.54644
883 0.375104
884 0.318184
885 0.43776
886 0.290488
887 0.309464
888 0.459648
889 0.502552
890 0.668864
891 0.59336
892 0.610968
893 0.42588
894 0.361152
895 0.477184
896 0.435928
897 0.640152
898 0.580032
899 0.463376
900 0.330032
902 0.711608
903 0.580032
904 0.4274
905 0.722304
906 0.62404
907 0.527512
908 0.415872
909 0.481536
910 0.273808
911 0.38304
912 0.269912
913 0.350208
914 0.270864
915 0.284544
916 0.262656
917 0.11684
918 0.142272
919 0.16416
920 0.087552
921 0.142272
922 0.188704
923 0.251712
924 0.210376
925 0.306432
926 0.281312
927 0.196992
928 0.120384
929 0.186048
930 0.251712
931 0.346752
933 0.244256
934 0.2736
935 0.215064
936 0.470592
937 0.422688
938 0.5472
939 0.325376
940 0.45024
941 0.509616
942 0.524168
943 0.589072
944 0.67568
945 0.820664
946 0.852232
947 0.64588
948 0.712224
949 0.667048
950 0.588456
951 0.535416
952 0.891992
953 0.473512
954 0.477672
955 0.524384
956 0.464648
957 0.2736
958 0.2174
959 0.262656
960 0.201416
961 0.21888
963 0.149344
964 0.16416
965 0.827664
966 0.548256
967 0.532144
968 0.518488
969 0.508768
970 0.526128
971 0.571928
972 0.775928
973 0.809152
974 0.883128
975 1.01356
976 1.000736
977 0.986416
978 1.037192
979 0.919872
980 1.053104
981 0.688808
982 0.92232
983 0.671296
984 0.847448
985 0.764696
987 0.843752
988 0.755416
989 0.404928
990 0.275072
992 0.131072
993 0.7876
994 0.29416
995 0.404928
996 0.325224
998 0.354336
999 0.536256
1000 0.306304
1001 0.479408
1002 0.833728
1003 0.45272
1004 0.317376
1005 0.374416
1006 0.662728
1007 0.522608
1008 0.642824
1009 0.3816
1010 0.417592
1011 0.680552
1012 0.470296
1013 0.572184
1014 0.346424
1015 0.361152
1016 0.255496
1017 0.372096
1018 0.235008
1019 0.724864
1020 0.858528
1021 0.64972
1022 0.59896
1023 0.649112
1024 0.798776
1025 0.65236
1026 0.628816
1028 0.789792
1029 1.064736
1030 0.889416
1031 0.998176
1032 1.117768
1033 1.120832
1034 0.951424
1035 0.999128
1036 0.932128
1037 1.196544
1038 1.090528
1039 1.638168
1040 1.037288
1041 1.310224
1042 1.331632
1043 0.920904
1044 1.258808
1046 1.248936
1047 1.217456
1048 1.255736
1049 0.953408
1050 1.194808
1051 1.229992
1052 0.939896
1053 1.365776
1054 1.360336
1055 1.35712
1056 1.095144
1057 0.910672
1058 1.362216
1059 1.10544
1060 1.111264
1061 1.253368
1062 0.829464
1063 0.723776
1064 0.692904
1065 0.985696
1066 0.73832
1067 0.85352
1068 0.736032
1069 0.973128
1070 1.130416
1071 0.742112
1072 0.532264
1073 0.757248
1074 0.54856
1075 0.633288
1077 0.910088
1078 1.044888
1079 1.053776
1080 1.324672
1081 1.200024
1082 0.96356
1083 0.95072
1084 0.959744
1085 0.3908
1086 0.3022
1087 0.540592
1088 0.503424
1098 0.06464
1099 0.1292
1100 0.262656
1103 0.201568
1104 0.40416
1105 0.273288
1107 0.509104
1108 0.49248
1122 0.12292
1123 1.13924
1124 0.785392
1125 0.971968
1126 0.987288
1127 1.1474
1128 1.135544
1129 0.965368
1130 1.131184
1131 0.672472
1132 1.114928
1133 0.927664
1134 1.279792
1136 1.279424
1137 1.381736
1138 0.861944
1139 0.84088
1140 1.024168
1141 0.695024
1142 1.039944
1143 0.698152
1144 1.154968
1145 0.894136
1146 0.910264
1147 1.071952
1148 1.050792
1149 1.140296
1150 1.050984
1151 1.210848
1152 1.126856
1153 1.153872
1154 1.200032
1155 1.265688
1156 0.997936
1157 1.19652
1158 1.488712
1159 1.176344
1161 1.133128
1162 1.19068
1163 0.846528
1164 1.128392
1165 1.033704
1166 0.843208
1167 1.039688
1168 1.15676
1169 1.206608
1170 1.140152
1171 1.107064
1173 1.149792
1174 1.50384
1175 1.342616
1176 1.165856
1177 0.885208
1178 1.034808
1179 0.697104
1180 0.9092
1181 0.95168
1182 0.790232
1183 0.777992
1184 0.903968
1185 1.176208
1186 1.28048
1187 1.589608
1188 0.609056
1192 0.96008
1193 0.295488
1194 0.223968
1195 0.523384
1196 0.479024
1197 0.551064
1198 0.618656
1199 0.652712
1200 0.6358
1201 0.585784
1202 0.411816
1203 0.382328
1204 0.446024
1205 0.498592
1206 0.5094
1207 0.577104
1208 0.55748
1209 0.514576
1210 0.524176
1211 0.507184
1212 1.006016
1213 1.20756
1214 1.063528
1216 1.301752
1217 1.531792
1218 1.076472
1219 1.564336
1220 0.97648
1221 0.925832
1222 0.853168
1223 1.120408
1224 1.19932
1225 0.978192
1226 1.193544
1227 0.736248
1228 0.721056
1229 0.963856
1230 0.5692
1231 0.568672
1232 0.656216
1233 0.883056
1234 0.62916
1235 0.935728
1237 0.953408
1238 0.934888
1239 0.849264
1240 0.466808
1241 0.96704
1242 0.665136
1243 0.987552
1244 0.703496
1245 1.102504
1246 0.808176
1247 1.006448
1248 1.093784
1249 1.17456
1250 1.00132
1251 0.913064
1252 1.050016
1254 1.043696
1255 1.060664
1256 0.905904
1257 1.025768
1258 0.739104
1259 0.710112
1260 0.589264
1261 0.729792
1262 0.884464
1263 0.276776
1264 0.547872
1265 0.702928
1267 0.88968
1268 0.869
1269 0.999984
1270 1.04444
1271 0.9088
1272 0.849992
1273 0.790432
