0 2.806208
1 2.889216
2 2.083904
3 2.040128
4 2.210688
5 1.865024
6 2.280896
7 2.834496
8 2.116736
9 2.718656
10 2.554496
11 2.62016
12 2.95488
13 2.554496
14 2.554488
15 2.412224
16 2.631104
17 2.812608
18 2.598272
19 2.040128
20 2.379392
21 2.714112
22 2.488832
23 2.62016
24 2.248064
25 2.145024
26 1.996352
27 2.215232
28 2.670336
29 2.576384
30 2.335616
31 2.313728
32 2.593728
33 2.23712
34 2.204288
35 2.320128
36 2.29184
37 2.718656
38 2.663936
39 2.609064
40 2.593728
41 1.05532
42 2.808928
43 2.503464
44 2.379392
45 2.642048
46 2.554496
47 2.539008
48 2.56544
49 2.56544
50 2.390336
51 2.582784
52 2.7296
53 2.718656
54 2.488832
55 2.642048
56 2.762432
58 2.998656
59 2.445056
60 2.466944
61 2.609216
62 2.576384
63 2.692224
64 2.40128
65 2.67488
66 2.521664
67 2.440512
68 2.226176
69 2.12768
70 2.576376
71 2.4624
72 2.29184
73 2.34656
74 2.740544
75 2.79072
76 2.423168
77 2.149568
78 2.1888
79 1.58048
80 1.455552
81 1.41632
82 1.214784
83 1.153664
84 1.47744
85 1.79936
86 2.101248
87 1.996352
88 2.265408
89 1.996352
90 1.897856
91 2.090304
92 1.777472
94 2.259008
95 2.342016
96 2.30276
97 2.2262
98 2.429568
99 2.083904
100 2.248064
101 2.495232
102 1.886912
103 2.138624
104 2.692224
105 2.390344
106 2.269952
107 1.996352
108 2.331072
109 2.083904
110 1.86048
111 1.886912
112 1.668032
113 2.528064
114 2.226176
115 2.280896
116 2.440512
117 1.85408
118 2.269952
119 2.418624
120 2.1824
121 2.23712
122 2.331072
123 2.07296
124 2.171456
125 2.385792
126 2.094848
127 2.07296
128 2.466944
129 2.615616
130 2.269952
131 2.193344
132 2.440512
133 2.160512
134 2.062016
135 2.210688
136 1.996344
137 2.029184
138 2.123136
139 1.96352
140 2.34656
141 2.746944
142 2.390336
143 2.204288
144 2.29184
145 1.991808
146 1.875968
147 2.145024
148 1.897856
149 2.160512
150 2.418624
151 2.23712
152 1.657088
153 1.116288
154 1.03968
155 0.131072
156 2.270208
158 1.9152
159 1.460096
160 1.105344
161 1.000448
162 1.53216
163 1.602368
164 1.718208
165 1.214784
166 1.164608
167 2.07936
168 1.996352
169 1.96352
170 2.265408
171 1.79936
172 1.882368
173 1.14272
174 1.050624
175 1.061568
176 1.06612
177 0.98496
178 1.061568
179 0.858176
180 0.787968
181 0.634752
182 0.71136
183 0.689472
184 0.453248
185 0.536256
186 0.60192
187 1.006848
188 0.967616
189 1.225728
190 1.357056
191 1.088
192 1.357056
193 1.263104
194 1.729152
195 1.678976
196 2.166912
197 1.865024
198 2.057472
199 1.547648
200 1.521216
201 0.97856
202 0.963072
203 0.623808
204 0.481536
205 0.426816
206 0.387584
207 0.919296
208 0.777024
209 0.886464
210 0.858176
211 1.192896
212 1.072512
213 1.044224
214 1.214784
215 1.269504
216 1.03328
217 1.14912
218 0.809856
219 0.836288
220 0.76608
221 0.787968
222 0.76608
223 0.755136
224 0.584576
225 0.678528
226 0.71136
227 0.853632
229 0.715904
230 0.941184
231 1.006848
232 0.831744
233 0.770624
234 0.963072
235 0.952128
236 1.022336
237 1.42272
238 1.138176
239 1.14272
240 1.072512
241 0.678528
242 0.60192
243 0.518912
244 0.317376
259 0.010944
260 0.32832
261 0.645696
262 0.700416
263 0.722304
264 0.518912
265 0.755136
266 0.8208
267 0.963072
268 0.667584
269 0.21248
270 0.2736
271 0.251712
274 0.098496
275 0.71136
276 0.87552
277 0.8208
278 0.278144
279 0.569088
280 0.623808
281 0.470592
282 0.667584
283 1.14272
284 0.974016
285 0.612864
286 0.393984
287 0.733248
288 0.475136
289 0.76608
290 1.160064
291 1.131776
292 1.400832
293 1.0944
294 0.934784
295 0.733248
296 0.8208
297 0.963072
298 1.044224
299 1.302336
300 1.389888
301 1.219328
302 1.083456
303 1.098944
304 1.083456
305 1.324224
306 1.25216
307 1.214784
308 1.42272
309 1.164608
310 1.225728
311 1.061568
312 1.011392
313 1.302336
314 1.000448
315 0.995904
316 0.777024
317 0.481536
345 0.076608
346 0.38304
348 0.562688
349 0.459648
350 0.175104
352 0.16416
353 0.317376
354 0.348864
355 0.362496
356 0.678528
357 0.240768
358 0.43776
359 0.234368
360 0.38304
361 0.481536
362 0.317376
368 0.032832
369 0.131328
370 0.623808
371 0.831744
372 0.43136
373 0.612864
374 0.514368
375 0.777024
376 1.072512
377 0.912896
378 1.433664
379 1.131776
380 0.60192
384 0.065664
385 2.707712
386 1.127232
387 0.43616
393 0.131072
394 0.977728
395 0.173248
404 0.043776
405 0.065664
406 0.065664
408 0.10944
409 0.124928
410 0.755136
411 0.317376
412 1.127232
413 1.295936
414 1.783872
415 1.733696
416 2.24352
417 1.875968
418 1.69632
419 1.481984
420 1.20384
421 0.792512
422 0.995904
426 0.514368
427 1.985408
428 1.751296
429 1.73344
430 1.499328
431 0.853632
432 0.2736
433 0.223424
434 0.240768
435 0.251456
437 2.784576
438 2.07936
439 1.19744
440 2.396736
441 0.880064
444 0.120384
445 0.941184
446 0.10944
447 0.16416
451 0.142016
452 0.864832
453 0.295488
454 0.229824
455 0.131328
456 0.310976
457 0.623808
460 0.382784
461 0.700672
462 0.722304
463 1.449152
464 2.046528
465 1.755584
466 1.893312
467 1.263104
468 0.798912
469 0.350208
471 0.16416
472 0.229824
473 0.262656
474 0.43136
475 0.43776
476 0.251712
479 0.021888
480 0.514368
489 0.317632
490 0.470336
491 0.580032
492 0.92384
493 2.374848
494 2.412224
495 2.040128
496 2.374848
497 1.85408
498 1.761984
499 1.492928
500 2.543544
501 2.67488
502 3.031488
503 2.01824
504 2.094848
505 2.576384
506 3.053376
507 2.67488
508 2.740544
509 2.762432
510 2.83904
511 2.89376
512 2.7296
513 2.615616
514 2.773376
515 2.817152
516 2.795264
517 2.67488
518 2.539008
519 1.85408
520 1.733696
521 1.948032
528 0.131072
530 1.022592
531 1.685376
532 2.499776
533 2.499776
534 2.987712
535 2.40128
536 2.379392
537 2.740544
538 2.532608
539 2.801664
540 2.412224
541 2.01824
542 2.385792
543 1.886912
544 2.12768
545 0.886464
546 0.667584
547 0.831744
548 0.92384
549 1.236672
550 1.116288
551 0.880064
552 1.14912
553 1.378944
554 1.339712
555 1.400832
556 1.175552
557 1.072512
558 0.87552
559 1.022336
560 1.302336
561 1.291392
562 0.97856
563 0.995904
564 0.864576
565 0.733248
566 0.792512
567 0.864576
568 0.678528
569 0.361152
570 0.38304
571 0.420416
572 0.831744
573 1.160064
574 0.941184
575 0.92384
576 0.908352
578 0.87552
579 0.842688
580 0.847232
581 1.017792
582 1.006848
583 1.164608
584 0.87552
585 0.941184
586 0.803456
587 0.612864
588 0.831744
589 1.335168
590 1.263104
591 1.31328
592 1.175552
604 1.006848
605 0.426816
606 0.974016
607 0.858184
608 0.908352
609 1.061568
610 1.138176
611 1.186496
612 1.291392
613 1.164608
614 1.061568
615 0.131072
616 1.32448
617 0.617384
618 1.160064
619 1.061568
620 1.24124
621 1.6416
622 1.47104
623 1.302336
624 0.777024
625 0.831744
627 0.737792
628 0.8208
629 0.76608
630 1.214784
631 0.639296
632 0.76608
633 0.798912
634 0.558144
635 0.525312
636 0.770624
637 0.722304
638 0.623808
676 0.10944
677 0.908352
678 0.901952
679 1.510272
680 1.492928
681 1.543104
682 1.274048
683 0.995904
684 1.280448
685 1.274048
686 1.25856
687 1.028736
688 0.49248
690 0.475136
691 1.006848
692 1.083456
693 1.164584
694 1.466496
695 1.510272
696 1.285016
697 1.368
698 0.748736
699 0.634752
700 0.317376
701 0.10944
702 0.908352
703 0.569088
704 0.672128
705 0.98496
706 0.010944
707 0.207936
708 0.306432
712 0.087552
787 0.05472
788 0.39424
789 0.64544
790 0.584576
791 1.006848
792 0.952128
793 0.974016
794 0.737768
795 0.842688
796 1.017792
797 1.02236
798 1.269504
799 1.42272
800 0.967608
801 0.525312
802 0.503424
803 0.525312
804 0.689472
806 0.38304
807 0.186048
808 0.113984
809 0.229824
810 0.809856
811 1.171008
812 1.03328
813 0.481536
814 0.098496
815 0.995904
816 0.60192
817 0.426816
818 0.49248
819 0.2672
820 0.43776
821 0.459648
823 0.284544
824 0.251712
825 0.317376
826 0.711616
827 0.770368
828 1.017792
829 1.236672
830 1.19744
831 1.160064
832 0.87552
833 0.831744
834 0.497024
835 0.853632
836 1.20384
837 0.912896
838 1.061568
839 0.60192
840 0.558144
841 0.634752
842 0.48608
844 0.448704
845 0.361152
846 0.284544
854 0.131328
855 1.608768
856 1.449152
857 2.248064
858 2.440512
859 2.149568
860 2.062016
861 2.35296
862 1.821248
863 2.068416
864 1.755584
865 2.062016
866 2.51712
867 2.434112
868 2.652992
869 2.685824
870 2.521664
871 2.998656
872 2.7296
873 2.685824
874 2.466944
875 1.926144
876 0.70496
877 0.8208
878 0.426816
879 0.503424
880 0.733248
881 0.43136
882 0.678528
883 0.809856
884 0.623808
885 0.777024
886 0.661184
887 0.941184
888 1.455552
889 2.488832
890 2.12768
891 2.423168
892 2.342016
893 2.040128
894 2.248064
895 2.68128
896 2.34656
897 2.379392
898 2.56544
899 2.615616
900 2.138624
901 2.138624
902 2.35296
903 1.96352
904 1.843136
905 1.674432
906 1.481984
907 1.236672
908 0.481536
909 0.481536
910 2.445056
911 0.853632
912 0.974016
913 0.190592
914 2.101248
915 1.3616
916 1.389888
917 1.5586
918 2.101248
919 1.832192
920 1.488384
922 1.120832
923 1.619712
924 1.766528
925 2.090304
926 2.171456
927 2.193344
928 2.363904
929 2.01824
930 1.554048
931 0.97856
932 1.575936
933 1.678976
934 2.823552
935 1.974464
936 1.378944
937 0.945728
938 1.31328
939 1.219328
940 2.232576
941 1.624256
942 1.575936
943 1.897856
944 2.335616
945 1.80576
946 1.492928
947 1.499328
948 0.131072
949 3.386496
950 1.919744
951 2.210688
952 1.646144
953 1.575936
954 1.47104
955 1.346112
956 1.372472
957 1.324224
958 0.481536
959 0.295488
960 0.71136
961 1.416392
962 1.958976
963 1.613312
964 1.761984
965 1.547648
966 1.619712
967 1.328768
968 2.160512
969 2.123136
970 2.248064
971 1.991808
972 1.066112
973 0.755136
974 0.645696
975 0.956672
976 1.357056
977 1.707264
978 1.68992
979 1.85408
980 1.9152
981 2.1824
982 2.254464
983 2.149568
984 2.171456
985 2.177856
986 1.295936
987 1.783872
988 1.536704
989 1.564992
990 1.624256
991 1.707264
992 1.52576
993 1.630656
994 1.657088
996 1.991808
997 1.569536
998 1.974464
999 2.342016
1000 2.248064
1001 2.729592
1002 2.532608
1003 2.528064
1004 2.062016
1005 1.941632
1006 1.904256
1007 1.372544
1008 2.057472
1009 1.897856
1010 2.101248
1011 1.832192
1012 2.105792
1013 2.166912
1014 1.930688
1015 2.652992
1016 2.549952
1017 1.613312
1018 2.013696
1019 2.226176
1021 2.248064
1022 1.718208
1023 1.503872
1024 2.160512
1025 2.221632
1026 2.259008
1027 2.248064
1028 2.506176
1029 2.642048
1030 3.572288
1031 3.2768
1032 2.40128
1033 2.642048
1034 3.11264
1035 2.817152
1036 2.451456
1037 2.116736
1038 3.211136
1039 2.78432
1040 2.34656
1041 2.62656
1042 2.456
1043 1.6352
1044 2.123136
1045 2.379392
1046 2.576384
1047 2.587328
1048 2.221632
1049 1.996352
1050 2.62016
1051 3.134528
1052 2.998656
1053 1.865024
1054 1.85408
1055 2.363904
1056 2.171456
1057 3.243968
1058 3.178152
1059 1.93084
1060 2.648448
1061 2.32468
1062 2.445056
1063 2.871872
1064 2.707712
1065 3.075264
1066 2.762432
1067 2.521664
1068 2.532608
1069 3.16736
1070 3.5504
1071 2.740544
1072 2.707712
1073 2.593728
1074 2.259008
1075 2.915648
1076 3.561344
1077 2.89376
1078 3.200168
1079 3.26588
1080 3.397184
1081 3.98816
1082 3.71456
1083 3.845888
1084 2.8062
1085 3.287744
1086 3.49568
1087 2.806208
1088 3.068864
1089 3.309632
1090 2.335616
1091 2.521664
1092 2.871872
1093 3.261312
1094 2.762432
1095 2.795264
1096 2.94848
1097 2.762432
1098 3.243968
1099 3.506624
1100 3.506624
1101 3.484736
1102 2.806208
1103 2.598272
1104 2.773376
1105 2.871872
1106 2.51712
1107 2.259008
1108 2.62016
1109 2.642048
1110 3.068864
1111 2.867328
1112 2.78432
1113 2.445056
1114 2.663936
1115 2.466944
1116 2.90016
1117 2.970368
1118 2.89376
1119 2.324672
1120 3.320576
1121 3.353408
1122 3.561344
1123 2.860928
1124 2.335616
1125 2.506176
1126 2.817152
1127 3.22208
1128 2.576384
1129 2.423168
1130 2.423168
1131 3.265856
1132 3.506624
1133 3.046976
1134 2.834496
1135 2.89376
1136 2.89376
1137 2.882816
1138 2.849984
1139 2.849984
1140 2.609216
1141 3.123584
1143 3.2768
1144 3.162816
1145 3.233024
1146 2.576384
1147 2.149568
1148 2.07296
1149 2.342016
1150 2.828096
1151 3.22208
1152 2.685824
1153 2.598272
1154 2.374848
1155 2.751488
1156 2.62016
1157 2.26996
1158 2.696768
1159 2.363904
1160 2.543552
1161 2.773376
1162 1.886912
1163 3.06432
1164 3.481048
1165 3.285032
1166 3.151872
1167 3.423616
1168 4.743296
1169 3.889664
1170 3.298688
1171 3.889664
1172 3.817448
1173 3.276952
1174 2.878272
1175 3.675328
1176 4.349312
1177 3.802112
1178 3.430016
1179 3.977216
1180 4.113088
1181 4.174208
1182 4.75424
1183 4.178752
1184 4.228928
1185 4.69952
1187 4.167808
1188 4.447808
1189 5.016896
1190 4.375744
1191 4.951232
1192 4.222528
1193 4.929344
1194 4.82444
1195 4.404032
1196 4.513472
1197 4.20064
1198 4.688576
1199 4.841792
1200 3.992704
1201 4.491584
1202 4.382144
1203 3.937984
1204 4.196096
1205 3.791168
1206 4.185152
1207 4.0912
1208 4.196096
1209 3.977216
1210 3.922496
1211 3.36436
1212 3.780224
1213 2.663936
1214 2.67488
1215 2.521664
1216 2.718656
1217 2.84544
1218 3.0032
1219 2.817152
1220 2.532608
1221 3.123584
1222 3.200192
1223 3.101696
1224 3.397184
1225 2.83904
1226 3.243968
1227 3.583232
1228 3.76928
1229 4.414976
1230 3.806656
1231 3.71456
1232 3.87872
1233 4.491584
1234 4.167808
1235 3.265856
1236 2.779776
1237 2.904704
1238 3.068864
1239 2.696768
1240 2.762432
1241 2.543552
1242 2.451456
1243 2.445056
1244 2.970368
1245 3.211136
1246 2.959424
1247 3.287744
1248 3.178304
1249 3.342464
1250 3.145472
1251 2.981312
1252 3.692672
1253 4.502528
1254 4.031928
1255 3.036032
1256 3.090752
1257 2.7296
1258 2.587328
1259 2.576384
1260 2.817152
1261 2.849984
1262 2.812608
1263 2.554496
1264 3.090752
1265 3.594176
1266 4.331968
1268 3.2768
1269 4.611968
1270 4.601024
1271 3.916096
1272 4.338368
1273 3.430016
1274 3.079808
1275 3.134536
1276 3.2768
1277 3.703616
1278 4.196096
1279 4.31008
1280 4.053824
1281 3.71456
1282 3.506624
1283 2.817152
1284 3.036032
1285 3.342464
1286 3.287744
1287 3.134528
1288 2.78432
1289 3.101696
1290 3.206592
1291 2.40128
1292 3.189248
1293 3.025088
1294 2.390336
1295 2.40128
1296 2.84544
1297 2.642048
1298 2.488832
1299 2.423168
1300 2.576384
1301 3.16736
1302 3.031488
1303 3.025088
1304 2.587328
1305 2.532608
1306 2.62016
1307 3.156416
1308 3.123584
1309 3.265856
1310 3.342464
1311 3.134528
1312 3.473792
1313 3.254912
1314 2.78432
1315 2.90016
1316 2.78432
1317 2.466944
1318 2.642048
1319 2.663936
1320 2.915648
1321 2.714112
1322 2.313728
1323 3.134528
1324 3.71456
1325 3.834944
1326 3.375296
1327 3.861376
1328 3.265856
1329 3.250368
1330 3.014144
1331 2.685824
1332 2.94848
1333 2.773368
1334 2.379392
1335 2.62016
1336 2.746944
1337 2.652992
1338 3.036032
1339 2.806208
1340 2.663936
1341 2.499776
1342 2.725056
1343 2.34656
1344 2.34656
1345 2.379392
1346 2.714112
1347 2.423168
1348 2.488832
1349 2.56544
1350 2.856384
1351 2.7296
1352 2.434112
