0 0.350208
1 0.884768
1 0.114064
3 0.595048
4 1.088128
5 0.590976
6 0.625656
7 0.861272
8 0.8438
9 0.761392
10 0.602184
11 0.196992
12 0.567032
13 0.968024
14 1.553792
15 1.20776
17 1.294712
18 1.497232
19 1.324336
20 1.303656
21 1.195944
22 1.411344
23 1.407472
24 1.652944
25 0.98384
26 1.543024
27 1.530648
28 1.53764
29 1.026688
30 1.099168
31 1.13352
32 1.248952
33 0.8978
34 0.764984
35 0.951376
36 1.083008
37 1.311088
38 1.334792
39 1.342096
40 1.423328
41 1.274888
42 1.6404
43 1.199736
44 1.81372
46 1.913208
47 1.58104
48 1.846424
49 1.279792
50 1.376664
51 1.60196
52 1.096472
53 1.674448
54 1.406472
55 1.68168
56 1.862024
57 1.085616
58 1.408064
59 1.981528
60 1.162056
61 1.303504
62 1.615104
63 1.762328
64 1.401032
65 0.95988
66 1.564056
68 1.444464
69 0.470592
70 0.565912
71 0.798912
72 0.506632
73 0.623808
74 0.812448
75 1.09768
76 0.645696
77 0.21888
78 0.221088
79 0.590976
80 0.229824
82 0.175104
83 1.513656
84 0.715016
85 0.673736
86 0.77752
87 0.80652
88 0.834616
89 0.994496
90 0.306432
91 0.098496
92 0.350208
93 0.286016
95 0.393984
96 0.71136
97 0.604432
98 0.350208
99 0.350208
100 0.525312
101 0.312808
102 0.448704
103 0.426816
104 0.251712
105 0.219936
106 0.700416
107 0.803208
108 0.721504
109 0.678528
110 0.526472
111 0.798912
112 0.634752
113 0.47132
114 0.590976
115 0.5514
116 0.2372
117 0.306432
118 0.745504
119 0.853632
120 0.319728
121 0.38304
122 0.8208
123 0.642432
124 0.831744
125 0.574568
126 0.731048
127 0.589032
128 0.726008
129 0.842688
130 0.733496
131 0.856248
132 0.86616
133 0.838192
134 0.897408
135 0.647736
136 0.69292
137 0.818608
138 0.87552
139 0.641424
140 0.87552
142 0.704824
143 0.941184
144 0.798912
145 0.521528
146 0.809856
147 0.590928
148 0.647656
149 0.655904
150 0.662272
151 0.809856
152 0.69884
153 0.74408
154 0.90472
155 1.010888
156 1.007688
157 1.132872
158 1.013144
159 1.118792
160 0.942824
161 1.373952
162 0.764136
163 0.708384
164 0.700416
165 0.56656
166 0.700416
167 0.603224
168 0.744192
169 0.598464
170 0.722304
171 0.627112
172 0.867312
173 1.108248
174 1.003
175 1.171008
176 1.07848
177 1.036504
179 0.970816
180 0.744192
181 0.54652
182 0.768392
183 0.732976
184 0.777024
185 0.54964
186 0.4894
187 0.623808
188 0.65664
189 0.442776
190 0.262656
191 0.142272
192 0.558144
193 0.123656
194 0.32832
195 0.426816
196 0.517392
198 1.315096
199 1.497416
200 1.092456
201 0.82564
202 0.864576
203 0.984776
204 0.935784
205 0.608464
206 0.733248
207 0.430848
208 0.60192
209 0.415872
210 0.213368
211 0.38304
212 0.361152
213 0.349192
214 0.459648
215 0.459648
216 0.389568
217 0.536256
218 0.452392
219 0.5472
220 0.296984
221 0.426816
222 0.481536
223 0.319688
224 0.251712
225 0.196992
226 0.22928
227 0.153216
228 0.10944
230 0.766416
231 0.768488
232 0.914648
233 0.94072
234 0.888408
235 0.88172
236 1.159904
237 1.158864
238 1.318384
239 1.101912
240 1.204672
241 1.145872
242 1.295728
243 1.160128
244 1.209832
245 0.681576
246 0.777328
247 0.786168
249 0.514368
250 0.339264
251 0.200256
252 0.415872
253 0.229824
254 0.14948
255 0.186048
256 0.186048
257 0.279424
258 0.43776
259 0.424152
260 0.558144
261 0.513464
262 0.530648
264 0.41616
265 0.42488
266 0.398
267 0.343592
268 0.448704
269 0.39552
270 0.076608
273 0.240768
274 0.175104
278 0.038904
279 0.240768
280 0.393984
281 0.42328
282 0.528136
283 0.642464
284 0.835568
285 0.9156
286 1.119248
287 1.107728
288 0.869848
289 0.708624
290 0.55712
291 0.776232
292 0.963624
293 0.82588
294 0.998848
295 1.122824
296 0.927232
297 1.091536
298 1.03
299 1.158784
300 0.905648
301 1.053992
302 0.459648
303 0.676096
304 0.81416
305 0.820792
306 0.82896
307 0.93156
309 0.910824
310 0.99572
311 1.103544
312 0.874056
313 0.86268
314 0.974832
315 0.962232
316 1.12156
317 1.12984
318 1.238464
319 1.122648
320 1.128696
321 1.030128
322 1.091152
323 0.909616
324 1.01948
325 0.855832
326 0.91824
327 0.978376
328 1.282904
329 1.142176
331 1.107408
332 1.0956
333 1.171064
334 1.265328
335 1.158816
336 1.17572
337 1.065152
338 1.0748
339 0.501936
340 0.942344
341 0.662256
342 0.534984
344 0.540728
345 0.496704
346 0.459648
347 0.29092
348 0.664544
349 0.939472
350 0.668544
351 0.651784
352 0.445472
353 0.05472
354 0.95788
355 1.06236
356 1.031728
358 0.988112
359 0.27292
360 0.652416
361 0.633168
362 0.7768
363 0.859392
364 0.826216
365 0.6356
366 0.882952
367 0.704576
368 0.694528
369 0.795872
370 0.6802
371 0.928064
373 0.772376
374 0.930376
375 0.713808
376 0.613288
377 0.193112
378 0.375136
379 0.794624
380 0.520344
381 0.735992
382 0.784408
383 0.770712
384 0.828616
385 0.6016
386 0.68856
387 0.661056
388 0.75616
389 0.582352
390 0.689264
391 0.642648
392 0.638976
393 0.631584
394 0.669552
395 0.70132
396 0.589968
397 0.65356
398 0.618232
399 0.733928
400 0.655744
401 0.521544
402 0.436744
403 0.536256
404 0.681808
406 0.740568
407 0.855624
408 0.600376
409 0.537392
410 0.75452
411 0.671768
412 0.724912
413 0.642192
414 0.707536
415 0.52172
416 0.459648
418 0.317088
419 0.147912
420 0.43776
421 0.457072
422 0.315416
423 0.196992
424 0.204456
425 0.596312
426 0.593008
427 0.680232
428 0.784816
429 0.738152
430 0.755976
431 0.626336
432 0.8208
433 0.160552
434 0.696632
435 1.013408
436 0.87552
437 0.829336
439 0.903416
440 0.72836
441 0.60192
442 0.439864
443 0.525312
444 0.263216
445 0.372096
446 0.627984
447 1.424192
448 1.125288
449 1.147192
450 1.244544
451 0.99776
452 0.695592
453 1.110376
454 1.32632
455 1.238344
456 1.269504
457 0.946824
458 1.034952
459 0.798912
460 0.569088
461 0.639504
462 0.8208
463 0.68872
464 0.864576
465 0.813384
467 0.919296
468 0.723384
469 0.76976
470 0.865016
471 0.969192
472 0.834064
473 0.470592
474 0.6636
475 0.66628
476 0.842688
477 0.658672
478 0.590976
479 0.33768
480 0.631896
481 0.8248
482 0.8572
483 0.634752
484 0.295624
486 0.76608
487 0.479112
488 0.573464
489 0.733248
490 0.66708
491 0.722464
492 0.777136
493 1.03176
494 0.77508
495 0.83312
496 0.841008
497 1.145344
498 0.906408
499 0.826744
500 1.030648
501 1.050624
502 0.719728
503 0.897408
504 0.80836
505 1.03968
506 0.885448
507 0.986584
508 1.001552
509 0.993512
510 0.96708
511 1.149096
512 1.177528
514 1.153712
515 1.225728
516 0.59728
517 0.64772
518 0.700416
519 0.40664
520 0.481536
521 0.459648
522 0.608728
523 0.470592
524 0.021888
525 0.716744
526 0.650712
527 0.65664
528 0.36728
529 0.16416
530 1.094472
531 0.835152
532 0.982296
533 0.856728
534 0.84896
536 0.91412
537 0.886464
538 0.509584
539 0.645696
540 0.087552
541 0.404928
542 1.0498
543 1.224344
544 1.209792
545 1.067288
546 1.367432
547 1.342504
548 1.42272
549 0.821584
550 1.20384
551 1.056536
552 1.061568
554 1.184472
555 1.214784
556 1.192896
557 0.858288
558 1.25856
559 0.871552
560 1.433664
561 1.056416
562 1.400832
563 0.934744
564 1.008976
565 1.357056
566 0.99956
567 1.42272
568 1.378944
569 1.107232
570 1.138176
571 0.689472
572 0.678528
573 0.591536
574 0.908352
575 0.963072
576 1.006848
577 0.880832
578 1.269504
579 1.37928
580 1.575936
581 1.384896
582 1.674432
583 1.227416
585 1.466496
586 0.842688
587 0.974016
588 1.041352
589 1.58688
590 1.433664
591 1.192896
592 0.732888
593 1.357056
594 1.171008
595 1.411776
596 1.35344
597 1.608768
598 1.597824
599 1.116288
600 0.5836
601 1.47744
602 1.740096
603 1.158584
604 1.006848
605 0.8208
606 0.5472
607 0.339264
608 0.10944
609 0.087552
610 0.207936
670 0.032832
671 0.076608
672 0.16416
673 0.16416
676 0.065808
677 0.076608
678 0.120384
679 0.10944
680 0.142272
681 0.120384
682 0.262656
683 0.131328
684 0.153216
686 0.16416
687 0.16416
688 0.153216
689 0.142272
690 0.153216
691 0.10944
692 0.142272
693 0.131328
694 0.142272
696 0.098496
697 0.142272
698 0.16416
699 0.21888
700 0.21888
701 0.207936
702 0.207936
703 0.21888
704 0.229824
705 0.21888
706 0.21888
707 0.206864
708 0.052776
709 0.186048
710 0.21888
711 0.21888
712 0.21888
713 0.186048
714 0.21888
715 0.229824
716 0.21888
717 0.207936
718 0.131328
719 0.16416
721 0.21888
722 0.196992
723 0.207936
724 0.175104
725 0.240768
726 0.251712
727 0.207936
728 0.175104
729 0.186048
730 0.186048
731 0.175104
732 0.153216
733 0.175104
734 0.175104
735 0.153216
736 0.16416
738 0.140768
740 0.009
741 0.098496
743 0.087552
744 0.065664
745 0.065664
746 0.043776
748 0.043776
749 0.010944
750 0.043776
752 0.032832
753 0.032832
770 0.05472
771 0.120384
773 0.175104
774 0.142272
775 0.120384
776 0.076608
777 0.076608
778 0.065664
780 0.05472
781 0.065664
782 0.065664
783 0.065664
784 0.098496
785 0.10944
786 0.087552
788 0.10944
789 0.098496
790 0.131328
791 0.142272
792 0.131328
793 0.10944
794 0.131328
795 0.142272
796 0.120384
797 0.16416
798 0.065664
799 0.142272
800 0.098496
802 0.16416
803 0.10944
804 0.10944
805 0.076608
806 0.087552
807 0.087552
808 0.120384
816 0.010944
818 1.217752
819 0.142272
820 0.16416
823 0.142016
824 0.405184
825 0.16416
826 0.153216
827 0.16416
828 0.16416
829 0.16416
830 0.131328
831 0.153216
832 0.16416
833 0.16416
834 0.16416
835 0.16416
836 0.153216
842 0.196736
843 0.700672
844 0.076608
845 0.065664
846 0.05472
847 0.05472
848 0.076608
871 0.032832
872 0.010944
873 0.043776
874 0.120384
876 0.131328
877 0.131328
878 0.153216
879 0.131328
880 0.120384
881 0.131328
882 0.120384
883 0.207936
884 0.186048
885 0.175104
886 0.131328
887 0.186048
888 0.101512
890 0.16416
891 0.207936
892 0.16416
893 0.16416
894 0.16416
895 0.186048
896 0.196992
897 0.196992
898 0.207936
899 0.207936
900 0.175104
901 0.186048
902 0.175104
903 0.186048
904 0.186048
906 0.175104
907 0.175104
908 0.142272
909 0.196992
910 0.186048
911 0.153216
912 0.142272
913 0.186048
914 0.196992
915 0.186048
916 0.175104
918 0.142272
919 0.16416
920 0.131328
921 0.153216
922 0.153216
923 0.186048
926 0.14672
927 0.065664
928 0.142272
931 0.20768
932 0.33952
933 0.120384
934 0.120384
935 0.098496
937 0.098496
938 0.10944
939 0.10944
940 0.076608
944 0.032832
945 0.087552
946 0.120384
947 0.153216
948 0.142272
949 0.142272
950 0.142272
952 0.153216
953 0.10944
954 0.153216
955 0.153216
956 0.175104
957 0.120384
958 0.131328
959 0.142272
960 0.076608
961 0.087552
963 0.087552
964 0.076608
965 0.065664
966 0.098496
967 0.087552
968 0.120384
969 0.153216
970 0.10944
971 0.087552
972 0.05472
973 0.076608
975 0.076608
976 0.076608
977 0.076608
978 0.076608
979 0.076608
980 0.076608
981 0.076608
982 0.076608
983 0.065664
1000 0.010944
1001 0.131328
1002 0.120384
1004 0.186048
1007 0.966464
1008 0.043776
1009 0.043776
1010 0.076608
1012 0.065664
1013 0.076608
1014 0.05472
1015 0.065664
1017 0.043776
1018 0.043776
1019 0.043776
1020 0.043776
1021 0.065664
1022 0.065664
1030 0.0
