0 2.719192
6 0.131072
29 0.66436
30 3.189784
31 2.571376
32 1.418224
33 1.439192
34 2.406696
35 2.383928
36 2.843456
37 3.021248
38 4.08168
39 3.178168
41 2.88312
42 4.439784
43 2.822512
44 3.415848
45 3.567632
46 3.582144
47 2.546448
48 2.604424
49 2.137464
50 2.684544
51 3.292888
52 3.417088
53 3.0564
55 3.424072
56 3.35872
57 3.594128
58 3.01796
59 4.019784
60 2.903544
61 2.73452
62 2.821632
63 3.265624
64 3.1546
65 2.51712
66 1.401592
67 1.904256
68 1.573648
69 2.32104
70 2.37164
71 2.918576
72 2.440512
73 2.16224
74 2.101696
75 3.410344
76 1.7256
77 3.246416
78 3.514368
79 2.696632
80 3.009568
81 3.96104
82 2.25692
83 2.11772
84 2.155712
85 4.154656
86 2.72888
87 2.5968
88 3.308856
89 2.853216
90 3.139328
91 3.038648
92 3.202352
93 2.969368
95 3.420808
96 3.382224
97 3.90604
98 3.623328
99 4.053712
100 3.999144
101 3.909672
102 3.645152
103 3.676992
104 4.224832
105 4.379952
106 4.069496
107 4.646384
108 3.81712
109 4.157008
111 3.894776
112 6.135728
113 1.591712
114 3.625224
115 4.26364
116 4.414192
117 4.22012
118 5.493888
119 4.38776
120 5.461056
121 3.677608
122 4.457136
123 4.716864
124 3.38292
125 4.008056
126 3.821952
127 4.970152
128 4.497984
129 3.90724
130 0.992152
131 6.720216
132 4.226224
133 5.165568
134 4.15628
135 4.54176
136 3.706472
137 5.012352
138 4.251528
144 0.131072
145 6.224264
147 1.980864
148 3.797568
149 3.306504
150 3.983216
151 4.180608
152 3.602184
153 4.290048
154 1.702128
155 5.74504
156 1.24208
157 1.405728
158 1.717872
159 1.636368
161 2.005608
162 1.950896
163 2.009472
164 2.119784
165 2.236568
166 1.92804
167 2.127424
168 1.844176
169 2.071336
170 1.800648
171 2.043728
172 1.808936
173 1.609336
174 2.016648
175 1.457704
176 1.745808
177 1.623312
178 1.718128
179 1.494616
180 0.976536
182 1.122
183 1.567528
184 1.312872
185 1.4156
186 1.768712
187 1.521408
188 1.812944
189 1.50616
190 1.66444
191 1.874952
192 1.717992
193 1.845088
194 1.89576
195 1.654416
196 1.461536
198 1.853192
199 1.906376
200 1.693056
201 1.170608
202 1.771408
203 1.835528
204 1.971856
205 1.408512
206 1.675824
207 1.464512
208 1.84248
209 2.017
210 2.38492
211 1.731032
212 1.923968
213 2.056928
214 1.247448
215 1.327656
217 0.850664
218 0.901328
219 1.114024
220 1.172304
221 1.87108
222 1.648752
223 2.098912
224 1.96276
225 1.880616
226 1.957168
227 1.531056
228 1.585552
229 1.582112
230 1.728648
231 1.571424
232 1.316152
233 1.885208
234 1.493384
235 1.58616
236 1.923192
237 1.928024
238 2.40768
239 2.107488
240 2.455976
242 2.584832
243 2.443968
244 2.703168
245 1.614424
246 1.783872
247 1.650544
248 1.882648
249 2.252576
250 1.989944
251 2.907272
252 2.901568
253 3.359808
254 2.766216
255 2.552648
256 2.161848
257 2.560896
258 1.910208
259 2.157696
260 2.473344
261 1.954248
262 2.506176
263 1.791944
264 2.342016
265 1.884792
266 2.265408
267 1.926112
268 2.101248
269 1.835304
271 0.010944
272 5.738816
273 2.90016
274 2.701032
275 3.101696
276 3.254008
277 3.699224
278 2.604512
279 2.34792
280 2.1888
281 1.490576
282 1.557408
283 1.991808
284 1.565408
285 2.002752
286 1.621232
287 2.13408
288 1.933056
289 2.244896
290 2.270944
292 0.941184
293 1.238696
294 2.287296
296 2.075896
297 1.627272
298 1.882368
299 1.199336
300 1.521216
301 1.410736
302 1.870944
303 1.882368
304 1.069664
305 0.963072
306 0.131072
307 1.476976
308 0.536256
309 0.580032
310 0.548376
311 0.798912
312 0.777024
313 0.666768
314 0.908352
315 0.54884
316 0.722304
317 0.76608
319 0.602648
320 0.5472
321 0.428448
322 0.470592
323 0.6688
324 0.448704
325 0.38304
326 0.271192
327 0.38304
328 0.317376
329 0.295488
330 0.24676
331 0.426816
332 0.339264
333 0.248736
334 0.22264
335 0.240768
336 0.24464
337 0.186048
338 0.21888
339 0.157688
341 0.186048
342 0.2736
343 0.190288
344 0.2736
345 0.262656
346 0.23768
347 0.284544
348 0.295488
349 0.162808
350 0.196992
351 0.14088
352 0.251712
353 0.381368
354 0.567512
355 0.531208
356 0.540808
357 0.415872
358 0.259248
359 0.251712
360 0.251712
361 0.230336
362 0.251712
363 0.32832
364 0.286392
365 0.295488
366 0.221648
367 0.320384
368 0.459648
369 0.584568
370 0.745056
371 0.803112
372 0.448704
373 0.376568
374 0.459648
375 0.39384
376 0.35672
377 0.361152
378 0.186976
380 0.229824
381 0.21888
382 0.114304
383 0.186048
384 0.186048
385 0.193528
386 0.306432
387 0.238112
388 0.306432
389 0.210152
390 0.21888
395 0.098496
396 0.536424
397 0.676584
398 0.393984
399 0.2736
401 0.207936
402 0.525312
403 0.842688
404 0.80772
405 0.5472
406 0.470592
407 0.251712
408 0.10944
416 0.021888
417 0.021888
418 0.05472
419 0.043776
420 0.076608
422 0.076608
423 0.076608
424 0.065664
425 0.120384
426 0.120384
427 0.087552
428 0.065664
430 0.05472
431 0.05472
432 0.05472
555 0.032832
