0 1.520544
1 2.646752
2 0.41856
3 1.26424
4 1.068472
5 1.294984
7 1.259232
8 1.398424
9 1.364312
10 1.285752
11 1.54768
12 1.419776
13 1.156536
14 1.255552
15 1.4272
16 1.195264
17 1.242576
18 1.451096
20 1.264176
21 1.166528
22 1.469648
23 1.285536
24 1.310296
25 1.223664
26 1.419528
27 1.107504
29 1.37524
30 1.437528
31 1.265616
32 1.371448
33 0.794512
34 0.78172
35 0.937832
36 0.951456
37 1.07456
38 1.433944
39 0.843096
40 1.193256
41 1.310896
42 1.373136
43 1.099016
44 0.922568
45 0.859024
46 0.99232
47 0.873472
48 0.676592
49 0.893288
51 1.01236
52 0.95728
53 0.78272
54 0.673024
55 0.799544
56 0.703392
57 0.754544
58 0.733304
60 0.93132
61 1.0324
62 1.217864
63 0.952856
64 0.941328
65 1.449416
66 1.32032
67 0.818136
68 1.21716
69 0.97732
70 1.139
71 0.834344
72 0.968496
73 1.181352
74 1.137912
75 1.1274
76 1.046968
77 1.401944
78 1.408568
79 1.124664
80 1.192896
81 1.162256
83 1.257432
84 1.453728
85 1.472312
86 0.990904
87 0.98532
88 1.09428
89 1.324984
90 1.340168
91 1.291728
92 0.89152
93 1.097584
94 1.24956
95 1.278928
96 1.105296
97 1.30828
98 1.35584
99 1.33396
100 1.158608
101 1.102168
102 0.979472
104 1.04024
105 0.989096
106 0.87044
107 0.9968
108 1.00124
109 0.648216
110 0.627984
111 0.931776
112 0.969144
113 0.699704
114 0.861344
115 0.859432
116 0.858904
117 1.2068
118 1.08584
119 1.250152
120 0.94016
121 1.101448
122 0.776808
123 1.05304
125 1.17608
126 1.310272
127 1.091536
128 1.183216
129 1.299272
130 1.287024
131 1.19728
132 0.987872
133 0.557296
134 0.943416
135 0.653856
136 0.844008
137 0.856104
138 0.839888
139 1.007664
140 1.235208
141 1.028336
142 1.082432
143 1.084952
144 1.121096
146 1.03524
147 1.025104
148 0.777168
149 0.554936
150 0.569032
151 0.39504
152 0.344384
153 0.422032
154 0.452584
155 0.485352
156 0.295488
157 0.175104
158 0.484728
159 0.520224
160 0.869424
161 0.779224
162 0.940128
163 0.836104
164 1.10568
165 0.852424
166 0.941872
167 1.139368
168 1.07224
169 0.99872
170 1.227776
171 0.983712
172 0.945896
174 1.141608
175 0.555176
176 0.957536
177 1.028408
178 1.132848
179 1.03616
180 0.969448
181 1.428912
182 1.309384
183 1.29724
184 1.102808
185 0.987952
186 0.922448
187 0.958168
188 0.994112
189 1.072016
190 0.876232
191 0.996752
192 0.893896
193 0.792128
195 0.72736
196 0.642656
197 0.508344
198 0.500176
199 0.380864
200 0.530128
201 0.625032
202 0.812912
203 0.472304
204 0.195064
205 0.207936
206 0.339688
207 0.590136
208 0.89312
209 0.498456
211 0.517112
212 0.587416
213 0.661272
214 0.6754
215 0.787648
216 0.787056
217 0.690424
218 0.660104
219 0.274624
220 0.54952
221 0.794888
222 0.657408
223 0.737472
224 0.708192
225 0.680496
226 0.75604
227 0.754128
229 0.74648
230 0.865256
231 0.819904
232 0.740424
233 0.852616
234 0.723112
235 0.863424
236 0.607272
237 0.520408
239 0.515504
240 0.765464
241 0.606104
242 0.506032
243 0.587472
244 0.569088
245 0.536096
246 0.507136
247 0.522736
248 0.501464
249 0.554664
250 0.585368
252 0.560176
253 0.43776
254 0.461352
255 0.577792
256 0.616856
257 0.832584
258 0.703112
259 0.53192
260 0.569
261 0.557152
262 0.505688
263 0.393984
264 0.282864
265 0.268432
266 0.44152
267 0.262656
269 0.131072
270 0.157344
271 0.175104
272 0.321848
273 0.49672
274 0.448704
275 0.372096
276 0.270512
277 0.447352
278 0.4692
279 0.415872
280 0.173432
282 0.120384
283 0.076608
284 0.09692
285 0.2736
286 0.05472
287 0.230632
288 0.289632
290 0.51892
291 0.642288
292 0.73376
293 0.809856
294 0.45332
295 0.714368
296 0.43776
297 0.310968
298 0.503424
299 0.493344
300 0.628008
301 0.645696
302 0.343736
304 0.306288
305 0.470592
306 0.5756
307 0.394912
308 0.409792
309 0.521848
310 0.511712
311 0.472808
312 0.46536
313 0.448704
314 0.35368
315 0.317464
316 0.2736
318 0.208048
319 0.424776
321 0.529128
322 0.42304
323 0.34952
324 0.66772
325 0.939952
326 1.031224
327 0.886584
328 1.082696
329 1.05776
330 0.971504
331 0.749648
332 0.565464
333 0.49404
334 0.529456
335 0.490456
336 0.568288
337 0.568256
339 0.175104
340 0.454136
341 0.229824
342 0.207936
343 0.131072
345 0.288712
346 0.10944
347 0.281232
348 0.229824
349 0.21888
350 0.117832
351 0.196896
353 0.207936
354 0.136984
355 0.21888
356 0.21888
357 0.181936
358 0.120384
359 0.186048
360 0.206736
361 0.415872
362 0.211752
363 0.251712
364 0.172088
365 0.262656
366 0.262656
367 0.166128
368 0.361152
369 0.194008
370 0.240768
371 0.172112
372 0.251712
373 0.153216
374 0.097648
375 0.21888
376 0.356984
377 0.339328
378 0.339264
379 0.425736
380 0.444216
381 0.366224
382 0.404928
383 0.287224
384 0.303784
385 0.404928
386 0.556576
387 0.669688
388 0.54164
389 0.565792
390 0.632488
391 0.615352
392 0.60088
394 0.692824
395 0.486904
396 0.757224
397 0.868216
398 0.837256
399 0.655104
400 0.739672
401 0.52316
402 0.484648
403 0.5452
404 0.40984
405 0.31332
407 0.35984
408 0.229824
409 0.770272
410 1.11572
411 1.119112
412 0.887944
414 1.083872
415 1.137056
416 0.720896
417 1.007472
418 1.096224
419 1.12584
420 1.139536
421 0.803808
422 1.04328
423 0.98836
424 1.053496
425 1.151528
426 1.18228
427 1.167312
428 1.016704
429 1.016312
430 1.026264
431 0.979944
432 0.856208
433 1.239392
435 1.04956
436 1.291352
437 1.305136
438 1.176976
439 1.209016
440 1.140448
441 1.218176
442 1.24408
443 1.264184
444 1.28268
445 1.228176
446 1.401944
447 1.361056
448 1.384408
449 1.2688
450 1.388632
451 1.280736
452 0.985416
453 1.24604
454 1.189824
455 0.919392
457 1.07732
458 0.997264
459 0.738424
460 0.895448
461 1.00468
462 0.52564
463 0.882128
464 1.154712
465 1.171768
466 1.331616
467 1.34616
468 1.244968
469 1.3834
470 1.050016
471 1.134168
472 1.437528
473 1.42364
474 1.122904
475 1.351496
476 1.080776
477 1.2716
478 1.273864
479 1.11
480 0.74384
481 1.275816
483 1.276288
484 1.307968
485 1.304192
486 1.410016
487 1.131712
488 1.396504
489 1.176504
490 1.29284
491 1.139032
492 1.106264
493 1.156616
494 1.331872
495 1.28104
496 1.046688
497 0.991184
498 1.427488
500 1.512096
501 1.026144
502 0.928168
503 0.94508
504 1.045416
505 1.024664
506 1.001768
507 0.563872
508 0.495488
509 0.153216
511 0.849584
512 0.588712
513 0.883272
514 0.635304
515 0.832392
516 0.778016
517 0.72028
518 0.545864
519 0.63784
520 0.634032
521 0.678656
522 0.738312
523 0.299064
524 0.521848
525 0.963696
526 1.022544
527 0.728832
529 0.882112
530 1.111856
531 0.624472
532 0.597944
533 0.542344
534 0.575296
535 0.858752
536 0.582912
537 0.505176
538 0.414656
539 0.556168
540 0.987488
541 1.00028
542 0.49248
543 0.484768
545 0.901832
546 1.090832
547 0.667504
548 0.796968
549 0.788112
550 0.294408
551 0.353696
552 0.549392
553 0.598776
554 0.732528
555 0.429456
556 0.421072
557 0.118448
558 0.350208
559 0.26764
560 0.56216
561 0.702464
562 0.536256
563 0.526056
564 0.777648
565 0.435456
566 0.519376
567 0.808224
568 0.7948
569 0.594592
570 0.633336
571 0.521688
572 0.295488
573 0.599224
574 0.604912
575 0.466136
576 0.590976
577 0.243096
578 0.229824
579 0.21888
580 0.25808
581 0.350208
582 0.205904
583 0.295488
584 0.239368
585 0.393984
586 0.259448
587 0.49248
589 0.624688
590 1.063016
591 1.56008
592 1.759176
593 1.063088
594 1.402232
595 1.25
596 1.35688
597 1.39764
598 1.155184
599 1.330376
600 1.36856
602 0.818144
603 1.240912
604 1.338352
605 1.635312
606 1.033632
607 1.309944
608 1.289872
609 1.101984
610 1.314464
611 0.964392
612 1.253368
613 1.231176
614 1.168192
615 1.238568
616 0.930696
618 1.34684
619 1.338576
620 1.38216
621 1.206592
622 1.903432
623 1.739472
624 1.336616
625 1.413624
626 1.14932
628 1.463752
629 1.613704
630 1.421768
631 1.547904
632 1.05888
633 1.496608
634 1.397
635 1.307608
636 1.18124
637 1.155752
638 0.874856
639 1.220424
640 1.103824
641 1.337952
642 1.02396
643 1.271656
644 1.036648
645 1.267416
646 1.224136
647 1.058048
649 1.276296
650 1.50404
651 0.712008
652 1.074816
653 1.529216
654 1.36668
655 1.485112
656 1.127064
657 1.396352
658 1.685112
659 1.469992
660 0.914808
661 0.9
662 1.44352
663 1.145328
664 1.115888
665 0.839736
666 1.38864
668 1.333016
669 1.317184
670 1.380184
671 1.142272
672 1.19288
673 1.680136
674 1.093216
675 1.296184
676 0.94348
677 1.26656
678 1.32836
679 1.111056
680 1.376328
681 1.0722
682 1.29292
683 1.175416
684 0.589432
685 0.529784
687 0.532888
688 0.415872
689 0.16684
690 0.2736
691 0.159752
692 0.229824
693 0.215952
694 0.229824
695 0.283624
696 0.361152
697 0.5402
698 0.67348
699 0.644912
700 0.68032
701 0.444992
702 0.389168
703 0.426816
704 0.49872
705 0.673248
706 0.616664
707 0.582144
708 0.59668
709 0.388992
710 0.426816
711 0.24592
712 0.262656
713 0.262656
714 0.184424
715 0.229824
716 0.158992
717 0.153216
719 0.240768
720 0.179712
721 0.262656
722 0.519
723 0.6044
724 0.464808
725 0.691224
726 0.786104
727 0.656672
728 0.781656
729 0.557672
730 0.229824
731 0.131328
732 0.076608
734 0.032832
735 0.212872
736 0.131328
737 0.207936
738 0.142272
739 0.129576
740 0.196992
743 0.05472
744 0.05472
745 0.226464
746 0.262656
747 0.21888
748 0.221104
749 0.472304
751 0.596504
752 0.295488
753 0.2736
754 0.369328
755 0.29616
756 0.350208
757 0.207936
758 0.086512
759 0.153216
760 0.229824
761 0.135328
776 0.120384
777 0.601424
779 1.612264
780 1.637448
781 1.594904
782 1.632368
783 1.918928
784 1.792688
785 2.067872
786 1.780048
787 1.700656
788 1.731272
789 1.846176
790 1.568632
791 1.57452
792 1.79932
794 1.844376
795 1.715344
796 1.846368
797 1.929688
798 1.48796
799 1.385856
800 1.162632
801 1.06976
802 1.104696
803 0.957488
804 1.363672
805 1.398888
806 1.473792
807 1.423768
808 1.278808
809 1.092168
810 1.095048
811 1.005136
812 1.17748
813 1.276224
814 1.217888
815 1.061992
816 0.663944
817 0.845928
818 1.43788
819 0.948672
820 1.115288
821 0.99928
823 0.946128
824 1.19852
825 1.172192
826 1.42584
827 2.0164
828 2.184144
829 2.032928
830 2.143512
831 1.883456
832 2.310896
833 1.916456
834 1.936456
835 1.820984
836 1.937272
837 1.237192
838 1.579528
839 1.815128
840 1.501056
841 1.782432
842 1.773448
844 1.85856
845 1.696944
846 2.170816
847 1.98912
848 2.03592
849 1.967648
850 2.306936
851 2.031296
852 1.360096
853 1.468568
854 1.577784
855 1.778376
856 2.18756
858 1.82088
859 1.864472
860 2.132048
861 2.092072
862 2.006576
863 1.57412
864 1.512232
865 2.355976
866 2.434296
867 2.146576
868 2.054272
869 1.772984
870 2.160648
871 1.800344
872 1.676512
873 1.48548
874 1.263096
875 1.1044
876 1.458144
877 1.22952
878 1.299624
879 1.402632
880 1.3618
882 1.562104
883 1.280552
884 1.4746
885 1.234912
886 1.241288
887 1.04032
888 1.124944
889 0.927688
890 1.130488
891 0.686464
892 0.889152
893 1.127512
894 1.358528
895 1.067464
896 1.273504
897 0.98624
898 0.910944
900 0.905128
901 0.589736
902 0.612088
903 0.609992
904 0.886744
905 0.921024
906 1.257872
907 1.048648
908 1.047744
909 0.911768
910 1.20088
911 1.283728
912 1.198672
913 1.214728
914 1.239624
915 1.457824
916 1.085312
917 1.158696
918 0.931984
919 1.15356
920 1.211248
921 1.22828
922 0.923024
923 0.87288
924 0.887808
925 0.64196
926 0.353864
927 0.245
930 0.153216
931 1.128672
932 1.171384
933 0.544096
935 0.361152
936 0.791592
937 1.058872
938 1.275472
939 1.093248
940 0.773336
941 1.085368
942 1.035736
943 1.26548
944 1.86324
945 1.628952
946 1.23748
948 1.403
949 0.848
950 1.258656
951 1.165984
952 1.165816
953 1.070232
954 1.026912
955 1.079976
956 1.187024
957 0.995792
958 0.7032
959 0.60404
960 0.672776
961 0.629736
962 0.665504
963 0.926248
964 0.669312
966 0.897688
967 1.041416
968 1.362264
969 1.01
970 1.062016
971 0.567592
972 0.043776
973 0.5996
974 0.843176
975 0.786176
976 0.580416
977 0.7924
978 0.926008
979 0.789344
980 0.836128
981 0.699336
982 0.49816
984 0.298024
985 0.448704
986 0.85656
987 1.269152
988 1.320416
989 1.289672
990 1.190264
991 1.251336
992 0.834424
993 1.043056
994 1.266928
995 1.785264
996 1.827368
997 1.6718
998 1.12324
999 1.579104
1000 1.212784
1001 1.609472
1002 1.47028
1003 1.454992
1004 1.120824
1005 1.413376
1006 1.17648
1007 1.009792
1009 1.18128
1010 0.9928
1011 1.151688
1012 1.28772
1013 1.540984
1014 1.285288
1015 1.558112
1016 1.276672
1017 1.014976
1018 0.82524
1019 1.030088
1020 0.902184
1021 1.127752
1022 1.050632
1023 1.134872
1024 1.173776
1025 1.424696
1026 1.238392
1027 1.138848
1028 1.156496
1029 1.434936
1030 1.165136
1031 1.239448
1032 1.174736
1033 1.050504
1034 0.951792
1035 1.174128
1036 0.779984
1037 0.8244
1038 0.523152
1039 0.324736
1041 0.295488
1042 0.28216
1043 1.213352
1044 1.4752
1045 1.096416
1046 1.051856
1047 1.04296
1048 1.161928
1049 1.090256
1050 0.936416
1051 0.883784
1052 0.487648
1053 0.542232
1054 0.937592
1055 0.86172
1056 0.738936
1057 0.787136
1058 0.98868
1059 1.095992
1060 0.657008
1061 0.34788
1063 0.361152
1064 0.789344
1065 1.298968
1066 1.335616
1067 1.287144
1068 0.979496
1069 0.75136
1070 1.155784
1071 1.170304
1072 0.915552
1073 0.55512
1074 0.68216
1075 0.730264
1076 0.626808
1077 0.67728
1078 0.580816
1079 0.634864
1080 0.667168
1082 0.120384
1083 0.75664
1084 0.837352
1085 0.672936
1086 0.957616
1087 0.087552
1088 0.8768
1089 1.153768
1091 1.097192
1092 1.21688
1093 1.085472
1094 1.239752
1095 1.169256
1096 1.160664
1097 1.122664
1098 1.10908
1099 1.417192
1100 1.3946
1101 1.063104
1102 1.587848
1103 1.288944
1104 1.120264
1105 0.980696
1106 1.161864
1107 1.158128
1108 0.936056
1109 0.922616
1110 0.728584
1111 0.726728
1112 0.728864
1114 0.724584
1115 0.89428
1116 0.705896
1117 0.5526
1118 0.549664
1119 0.58352
1120 0.888952
1121 1.081904
1122 1.199984
1123 1.144232
1124 1.23104
1125 1.193152
1126 0.994384
1127 1.31976
1128 1.197024
1129 1.139776
1130 0.679528
1131 0.932584
1132 1.039568
1133 1.097072
1134 1.10856
1135 1.17584
1136 1.266624
1137 1.20324
1138 1.267144
1139 1.186968
1140 1.317264
1141 1.164008
1142 1.190168
1143 1.197144
1144 1.109128
1145 1.12064
1146 1.073704
1147 1.058576
1148 1.081112
1149 1.140112
1151 1.21148
1152 1.225192
1153 1.355152
1154 1.16964
1155 1.087224
1156 1.202464
1157 1.020392
1158 0.569504
1159 0.93536
1160 1.013632
1161 1.067168
1162 1.177856
1163 1.082904
1164 0.953048
1165 1.059376
1166 1.144016
1167 1.096184
1168 1.086288
1169 0.970728
1170 1.159336
1171 1.08176
1173 1.086672
1174 1.115192
1175 1.185144
1176 0.975312
1177 0.964632
1178 0.983144
1179 1.065776
1180 1.14116
1181 1.146992
1182 1.04376
1183 1.126408
1184 0.926
1185 0.965368
1186 1.1894
1187 0.964976
1188 1.058008
1189 1.072968
1190 1.188048
1192 1.298824
1193 1.072624
1194 0.640912
1195 0.696992
1196 0.751184
1197 0.587824
1198 0.634696
1199 0.654008
1200 0.74908
1201 0.565968
1202 0.781504
1203 0.88692
1204 1.032584
1205 0.927608
1206 0.79944
1207 1.016432
1208 0.981496
1209 1.034336
1210 0.94168
1211 1.240776
1212 1.253376
1213 1.115472
1214 1.218504
1215 0.995928
1216 1.025072
1217 1.171968
1218 1.041952
1219 1.227512
1220 1.105024
1221 0.842224
1222 0.73404
1224 0.952472
1225 1.25868
1226 1.256656
1227 1.179808
1228 1.210056
1229 1.236912
1230 1.181904
1231 1.149512
1232 0.916096
