0 2.232576
1 3.583232
2 3.60512
3 3.751936
4 4.743296
5 5.02144
6 4.710464
7 5.111712
8 4.379424
9 5.038784
10 3.697216
11 4.633856
12 4.655744
13 4.605568
14 4.798016
15 4.25536
16 4.65572
17 5.005976
18 3.916096
19 4.031936
20 5.08256
21 4.496128
22 5.268608
23 4.375744
24 5.52032
25 4.463296
27 5.378048
28 3.751936
29 5.607872
30 4.944832
31 5.476544
32 5.065216
33 4.868224
34 5.071616
35 5.02144
36 5.202944
37 4.507072
38 4.48064
39 4.80896
40 5.141824
41 5.163712
42 5.35616
43 4.389408
44 4.56548
45 4.951232
46 3.970816
47 4.633856
48 4.824448
49 5.257664
50 5.437312
51 5.443712
52 4.485184
53 4.622912
54 3.93344
55 4.25536
56 4.776128
57 4.38668
58 4.9184
59 4.933888
60 5.202944
61 4.605568
62 5.170112
63 3.014144
64 5.07616
65 5.08256
66 4.594624
67 5.115392
68 4.382144
69 4.791616
70 5.060672
71 3.620608
72 3.670792
73 5.52032
74 4.671232
75 5.060672
76 3.98176
77 4.86368
78 4.977664
79 4.42592
80 4.42592
81 4.539904
82 5.159168
83 4.375744
84 5.443712
85 4.52896
86 3.462848
87 4.55724
88 4.944832
89 5.257664
90 5.02144
91 5.071616
92 4.539904
93 5.104448
94 4.791616
95 5.071616
96 4.550848
97 4.688552
98 4.863704
99 3.565888
100 3.977216
101 5.76564
102 5.213888
103 4.239872
104 4.824448
105 4.896512
106 4.791616
107 4.732352
108 4.058368
109 4.874624
110 4.53536
111 4.222528
112 4.874624
113 4.74784
114 4.524416
115 4.69952
116 3.67532
117 5.859584
118 4.594624
119 4.776128
120 4.397632
121 4.874624
122 5.07616
123 4.9184
124 4.725952
125 5.57504
126 4.813504
127 5.509376
128 4.999552
130 5.305984
131 4.163272
132 5.67808
133 5.126336
134 4.725952
135 4.830848
136 4.958488
137 4.488872
138 4.436864
139 4.671232
140 5.071616
141 4.277096
142 3.331672
143 4.26176
144 5.476544
145 5.07616
146 4.791616
147 5.290496
148 4.539904
149 5.4656
150 4.769728
151 5.049728
152 4.561792
153 5.08256
154 4.912
155 4.787072
156 4.704064
157 5.290496
158 4.491584
159 4.550848
160 5.192
161 4.69312
162 4.984064
163 4.299136
164 5.224832
165 4.441408
166 4.31648
167 4.20704
168 4.003648
169 5.323328
170 4.660288
171 4.557248
172 4.6448
173 3.773824
174 5.498432
175 4.857272
176 5.476544
177 4.616512
178 5.421824
179 4.824448
180 5.327872
181 5.235776
182 4.627456
183 4.940288
184 4.85728
185 5.585984
186 5.065216
187 5.202944
188 4.649344
189 5.08256
190 4.266304
191 4.360256
192 5.119936
193 5.181056
194 4.769728
195 4.765184
196 4.944832
197 5.115392
198 4.955776
199 5.312384
200 4.594624
201 4.272704
202 4.633856
203 3.791176
204 4.835392
205 4.185128
206 4.419544
207 4.97312
208 4.524416
209 4.539904
210 5.371496
211 3.320728
212 3.71456
213 5.279528
214 4.835416
215 4.327424
216 4.655744
217 4.539904
218 5.115384
219 4.211584
220 5.016896
222 4.14592
223 4.9184
224 4.901056
225 5.148224
226 4.682176
227 5.071616
228 4.3712
229 4.52896
230 4.841792
231 4.441408
232 4.97312
233 4.305536
234 4.879168
235 5.196544
236 5.016896
237 4.677632
238 4.682176
239 5.192
240 3.828544
241 4.830848
242 5.393536
243 4.776128
244 4.189696
245 3.889664
246 5.148224
247 4.080256
248 5.082568
249 4.74784
250 2.210688
251 4.331968
252 4.885568
253 4.955776
254 5.388992
255 4.955776
256 5.159168
257 4.736896
258 5.202944
259 4.912
260 4.97312
261 4.627456
262 5.191928
263 4.813576
264 5.312384
265 4.430464
266 5.093504
267 4.616512
268 5.279552
269 4.649344
270 5.388992
271 5.02144
272 4.798016
273 4.605568
274 5.071616
275 4.52896
276 5.170112
277 3.3534
278 4.03648
279 4.940288
280 4.813504
281 5.005952
283 4.813504
284 3.484736
285 5.005952
286 4.6384
287 3.813056
288 5.08256
289 4.342912
290 4.874624
291 4.787072
292 4.03648
293 4.086656
294 4.393088
295 4.47424
296 5.334272
297 4.518016
298 3.692672
299 5.290496
300 4.868224
301 5.196544
302 5.268608
303 4.85728
304 5.126336
305 4.561792
306 5.509376
307 3.703616
308 4.364808
309 5.7392
310 5.108992
311 5.163712
312 5.761088
313 4.890112
314 5.4656
315 4.572736
316 5.284096
317 5.564072
318 4.933912
319 5.312384
320 4.791616
321 5.531256
322 5.152768
323 5.152768
324 5.4656
325 4.715008
326 5.257664
327 3.462848
328 3.839488
329 4.404032
330 3.966272
331 4.119488
332 3.92704
333 4.163264
334 4.185152
335 3.539456
336 4.141376
337 4.244416
338 4.119488
339 4.393088
340 4.85728
341 5.213888
342 4.550848
343 5.290496
344 4.408576
345 5.159168
346 4.715008
347 4.830848
348 4.047424
349 5.202944
350 4.627456
351 5.443712
352 4.485184
353 4.84164
354 2.773528
356 5.13728
357 3.59872
358 5.268608
359 4.485184
360 5.13728
361 4.780672
362 5.367104
363 4.375744
364 5.13728
365 4.704064
366 5.4656
367 4.39764
368 5.13728
369 4.671232
370 5.268608
371 4.539904
372 5.016896
373 4.813504
374 5.30144
375 4.824448
376 5.476544
377 4.704064
378 4.601024
379 4.58368
380 5.24672
381 4.58368
382 4.787072
383 5.054272
384 5.159168
385 4.912
386 5.30144
387 5.119936
388 5.104448
389 4.277248
390 4.776128
391 4.660288
392 5.290496
393 4.141376
394 4.791616
395 4.962168
396 3.751936
397 4.502528
398 4.42592
399 5.032384
400 4.86368
401 4.649344
402 4.929344
403 4.3648
404 5.005952
405 4.130432
406 3.970816
407 5.509376
408 4.74784
409 5.202944
410 4.200648
411 5.421824
412 5.065216
413 4.819904
414 5.065216
415 4.3712
416 4.758784
417 4.787072
418 4.163264
419 4.572736
420 5.08256
421 5.13088
422 5.399936
423 3.572288
424 3.32512
426 3.2768
427 5.454656
428 4.375744
429 4.622912
430 4.48064
431 3.900608
432 4.518016
433 5.257664
434 4.627456
435 4.6448
436 4.0912
437 4.502528
438 5.229376
439 4.819904
440 4.568192
441 3.156408
442 3.839488
443 3.889664
444 4.130432
445 3.87872
446 3.966272
447 4.85728
448 5.367104
449 4.769728
450 4.436864
451 3.802112
452 3.76288
453 3.99908
454 3.26588
455 4.743296
456 3.38624
457 3.5504
458 3.69268
459 3.456448
460 4.633856
461 4.80896
462 3.87232
463 3.966272
464 3.342464
465 4.020992
466 4.185152
467 3.795712
468 5.443712
469 4.988608
470 5.399936
471 3.883264
472 5.279552
473 4.605568
474 5.181056
475 4.627456
476 5.35616
477 4.715008
478 5.334272
479 4.167808
480 5.257664
481 5.108992
482 5.7392
483 5.087104
484 5.02144
485 4.732352
486 5.049728
487 3.839488
488 4.655744
489 4.660288
490 5.432768
491 4.824424
492 4.830872
493 4.901056
494 5.367104
495 4.715
496 5.542208
497 4.922944
498 5.202792
499 2.521816
500 4.550848
501 5.060672
502 4.441408
503 4.436864
504 5.268608
505 3.948928
506 5.443712
507 4.069312
508 4.513472
509 4.031936
510 4.649352
511 4.984064
512 4.485184
513 5.115392
514 4.911976
515 5.575064
516 4.85728
517 4.940288
518 4.846336
519 4.830848
520 4.233472
521 4.940288
522 3.419072
523 5.065216
524 4.655744
525 4.868216
526 4.524416
528 5.159168
529 4.704064
530 5.24672
531 4.715008
532 4.995008
533 4.41952
534 5.202944
535 4.660288
536 5.51392
537 5.388992
538 4.780672
539 5.651648
540 4.74784
541 5.312384
542 5.065216
543 5.108992
544 5.345216
545 4.507072
546 5.454656
547 4.890112
548 5.542208
549 4.96672
550 5.338816
551 5.202944
552 4.999552
553 5.651656
554 5.098048
555 5.262208
556 5.4656
557 4.80256
558 5.35616
559 4.933888
560 5.104448
561 4.616512
562 4.743296
563 4.649344
564 5.334272
565 4.134976
566 5.159168
567 4.480488
568 2.75164
569 5.119936
570 5.378048
571 4.999552
572 4.890112
573 5.62976
574 4.999552
575 5.585984
576 4.58368
577 5.367104
578 5.108992
579 5.163712
580 5.454656
581 4.901048
582 5.432768
583 4.999552
584 5.02144
585 5.290496
586 5.218432
587 5.487488
588 4.85728
589 5.115392
590 4.715008
591 5.360704
592 4.97312
593 4.830848
594 3.87232
595 4.6448
596 4.627456
597 4.688576
598 2.204288
599 4.929344
600 4.561792
601 5.093504
602 4.736896
603 5.290496
604 4.561792
605 5.367104
606 4.52896
607 5.093504
608 4.6384
609 4.819904
610 5.02144
611 5.30144
612 4.518016
613 5.181056
614 4.382144
615 4.616512
616 4.732352
617 4.441408
618 5.279552
619 4.353856
620 5.41088
621 4.20064
622 5.257664
623 4.605576
624 5.235776
625 4.605568
626 4.896512
627 4.677632
628 4.452352
629 4.404032
630 4.561792
631 4.655744
632 4.42592
633 4.397632
634 5.060672
635 4.39748
636 3.211288
637 3.813056
638 5.224832
639 4.561792
640 5.049728
641 4.824448
642 5.060672
643 4.758784
644 5.487488
645 4.835392
646 4.053824
648 4.736896
649 4.819904
650 5.010496
651 4.841792
652 4.327424
653 4.134976
654 4.59008
655 5.13088
656 4.995008
657 4.736896
658 4.984064
659 4.846336
660 4.666688
661 5.163712
662 5.235776
663 4.605568
664 4.04288
665 5.202944
666 4.6384
667 4.655744
668 5.349752
669 5.388992
670 4.901056
671 5.13088
672 4.688576
673 4.819904
674 3.609664
675 5.22476
676 4.594696
677 4.185152
678 5.656192
679 5.08256
680 4.736896
681 4.896512
682 4.655744
683 4.780672
684 5.159168
685 4.014592
686 5.24672
687 4.233472
688 4.940288
689 4.671232
690 5.126336
691 4.272704
692 4.988608
693 5.049728
694 4.660288
695 5.224832
696 4.463296
697 4.995008
698 4.813504
699 4.984064
700 4.638408
701 4.787072
702 4.594624
703 5.181056
705 4.321024
706 5.564072
707 4.266328
708 3.265856
709 5.312384
710 4.988608
711 4.80896
712 4.922944
713 5.4656
714 4.879168
715 5.08256
716 4.605568
717 4.020992
718 4.776128
719 4.156864
720 5.115392
721 4.660288
722 5.279552
723 4.452352
724 5.038784
725 3.900608
726 4.868224
727 4.951232
728 3.725504
729 3.98176
730 4.732352
731 4.52896
732 4.984064
733 4.922944
734 5.02784
735 4.605568
736 4.250816
737 5.579584
738 4.962176
739 4.879168
740 4.798016
741 5.032376
742 5.071616
743 4.579136
744 4.660288
745 5.268608
746 4.80256
747 5.098048
748 5.421824
749 5.207488
750 5.181056
751 4.288192
752 4.732352
753 4.660288
754 4.611968
755 5.229376
756 4.633856
757 5.038784
758 4.507072
759 4.513472
760 4.244416
761 4.228928
762 4.885568
763 4.025536
764 5.115392
765 4.846336
767 4.283648
768 5.371648
769 5.35616
770 4.485184
771 5.345224
772 4.813504
773 5.049728
774 4.901056
775 5.224832
776 5.108992
777 5.16996
778 2.762584
779 4.550848
780 5.432768
781 4.977664
782 5.202944
783 4.518016
784 5.181056
785 4.321016
786 5.202944
787 5.1856
788 5.060672
789 4.846336
790 5.224832
791 4.189696
792 5.159168
793 4.58368
794 3.813056
795 4.9184
796 4.561792
797 4.338368
798 4.31648
799 4.41952
800 4.73236
801 4.397632
802 4.622912
803 5.071616
804 4.178752
805 4.787072
806 4.485184
807 4.6448
808 4.305536
809 3.419072
810 4.408576
811 5.005952
812 4.156864
813 4.852736
814 4.977664
815 3.977216
816 3.966272
817 4.721408
818 4.03648
819 4.743296
820 3.44096
821 4.141376
822 3.751936
823 3.93344
824 3.911552
825 4.294592
826 4.119488
827 3.390784
828 4.053824
829 4.42592
830 4.010048
831 4.441408
832 3.9006
833 4.053824
834 3.484736
835 3.375296
836 3.911552
837 3.839488
838 3.60512
839 4.798016
840 3.736448
841 3.506624
842 2.817152
843 2.806208
844 2.7296
845 2.652992
846 2.67488
847 2.648448
848 2.248064
849 2.269928
850 2.560896
851 2.17148
852 2.062016
853 2.707712
854 2.51712
855 2.652992
856 2.751464
857 2.543576
858 2.357504
859 2.746944
860 2.215232
861 1.580328
862 1.685376
864 1.591576
865 1.783872
866 1.569536
867 2.79072
868 2.34656
869 1.777472
870 1.324224
871 1.514816
872 1.53216
873 1.466496
874 1.886912
875 3.539456
876 3.036032
877 3.134528
878 3.178304
879 3.802112
880 2.981312
881 1.777472
882 1.488384
883 1.919744
884 2.801664
885 1.865024
886 2.598272
887 2.313728
888 3.097152
889 2.83904
890 2.302784
891 2.01824
892 2.736
893 2.248064
894 1.9088
895 2.396736
896 1.514816
897 2.259008
898 2.374848
899 1.974464
900 2.357504
901 2.374848
902 2.499776
903 2.67488
904 2.368448
905 2.637504
906 2.248064
907 2.357504
908 2.335616
909 2.539008
910 2.543552
911 2.335616
912 2.434112
913 2.604672
914 2.094848
915 2.16052
916 2.568152
917 2.722344
918 2.78432
919 2.587328
920 2.576384
921 2.992256
922 3.375296
923 2.926592
924 2.981312
925 3.031488
926 2.642048
927 2.663936
928 2.434112
929 2.456
930 2.123136
931 2.313728
932 2.149568
933 2.768832
934 2.007296
935 2.094848
936 2.342016
937 1.974464
938 2.434112
939 2.67488
940 2.812608
941 2.598272
942 4.353848
943 5.126336
944 4.688576
945 3.675328
946 3.889664
947 3.254912
948 2.51072
949 2.604672
950 1.843136
951 3.243968
952 2.390336
953 2.210688
954 1.700864
956 2.1824
957 2.177856
958 2.12768
959 2.412224
960 2.40768
961 2.204288
962 2.915648
963 2.926592
964 2.488832
965 2.736
966 1.985408
967 1.919752
968 1.991808
969 1.821248
970 2.155968
971 1.777472
972 1.996352
973 1.707264
974 1.591424
975 1.564992
976 1.652544
977 1.350656
978 1.269504
979 0.781568
980 1.247616
981 1.42272
982 0.694016
983 0.678528
984 0.65664
985 0.569088
986 0.514368
987 0.645696
988 0.310976
989 0.32832
990 0.251712
991 0.262656
992 0.251712
994 0.120384
1028 0.153216
1029 1.378944
1030 1.131776
1031 2.385792
1032 2.105792
1033 1.788416
1034 2.637504
1035 2.324672
1036 2.40128
1037 2.324672
1038 2.68128
1039 2.412224
1040 2.423168
1041 2.412224
1042 2.7296
1043 2.604672
1044 2.456
1045 2.160512
1046 2.609216
1047 2.62656
1048 2.434112
1049 2.34656
1050 2.412224
1052 1.378944
1053 2.434112
1054 1.685376
1055 2.718656
1056 3.616064
1057 3.637952
1058 2.34656
1059 1.85408
1060 2.331072
1061 2.226176
1062 2.1824
1063 1.729152
1064 1.569536
1065 1.543104
1066 1.52576
1067 1.882368
1068 1.668032
1069 1.729152
1070 1.657088
1071 2.254464
1072 2.445056
1073 2.587328
1075 2.149568
1076 2.210688
1077 2.149568
1078 2.56544
1079 2.29824
1080 2.029176
1081 1.875968
1082 2.320128
1083 1.755584
1084 2.342016
1085 1.865024
1086 2.007296
1087 1.849536
1088 1.6352
1089 2.221632
1090 1.897856
1091 2.302784
1092 2.210688
1093 2.1824
1094 1.886912
1095 2.757888
1096 2.67488
1097 2.543552
1098 2.806208
1099 2.543552
1100 2.385792
1101 2.248064
1102 2.226176
1103 2.663936
1104 3.079808
1105 3.2768
1106 2.648448
1107 1.788416
1108 2.685824
1109 2.549952
1110 2.007304
1111 2.138624
1112 2.94848
1113 2.89376
1114 2.615616
1115 2.40128
1116 2.412224
1117 2.412224
1118 3.151872
1119 2.445056
1120 2.674856
1121 2.707736
1122 2.302784
1123 3.265856
1124 2.549952
1125 2.707712
1126 2.718656
1127 2.488832
1128 2.210688
1129 2.007296
1130 1.974464
1131 1.80576
1132 1.317824
1133 1.652544
1134 1.302336
1135 0.715904
1136 1.761984
1137 0.934784
1138 2.13408
1139 1.865024
1140 2.445048
1141 2.68128
1142 1.788416
1143 1.96992
1144 0.989504
1145 1.050624
1146 1.602368
1147 2.604672
1148 2.029184
1149 2.083904
1150 2.637504
1151 2.34656
1152 2.762432
1153 2.12768
1154 2.440512
1155 2.456
1156 2.576384
1157 2.007296
1158 2.746944
1159 2.598272
1160 2.543552
1161 2.23712
1162 1.488384
1163 1.357056
1164 1.098944
1166 1.554048
1167 1.492928
1168 1.050624
1169 0.284544
1170 0.229824
1171 0.459648
1172 0.284544
1173 0.146816
1174 0.284544
1175 0.207936
1176 0.503424
1177 0.71136
1178 1.225728
1179 0.518912
1180 0.5472
1181 0.689472
1182 0.777024
1183 1.208384
1184 2.166912
1185 2.138624
1186 2.1058
1187 1.740096
1188 2.40128
1189 1.718208
1190 1.109888
1193 0.38304
1195 2.51072
1196 0.339264
1197 0.010944
1198 1.25856
1199 1.930688
1200 2.232576
1201 2.609216
1202 2.56544
1203 2.412224
1204 2.62656
1205 2.390336
1206 1.897856
1207 1.794816
1208 1.865024
1209 2.248064
1210 2.287296
1211 1.74464
1212 2.057472
1213 2.466944
1214 2.652992
1215 2.849984
1216 3.71456
1217 3.134528
1218 3.375296
1219 3.101696
1220 3.298688
1221 2.663936
1222 1.96992
1223 1.919744
1224 2.499776
1225 3.079808
1226 3.156416
1227 2.823552
1228 3.036032
1229 3.375296
1230 3.309632
1231 3.265856
1232 3.353408
1233 2.434112
1234 2.62016
1235 2.631104
1236 2.554496
1237 3.265856
1238 4.48064
1239 4.874624
1240 4.375744
1241 4.798016
1242 3.76928
1243 3.178296
1244 2.762432
1245 2.324672
1246 2.215232
1247 2.976768
1248 1.930688
1249 2.685824
1250 2.67488
1251 2.670336
1252 2.860928
1253 2.62016
1254 2.390336
1255 2.849984
1256 3.134528
1257 3.014144
1258 2.94848
1259 3.129984
1260 2.67488
1261 2.248064
1262 3.025088
1264 2.029184
1265 2.429568
1266 1.74464
1267 1.893312
1268 1.843136
1269 2.466944
1270 2.729608
1271 2.549952
1272 2.40128
1273 1.941632
1274 2.035584
1275 1.449152
1276 1.761984
1277 1.74464
1278 2.499776
1279 3.195648
1280 2.280896
1281 2.89376
1282 2.40128
1283 3.05792
1284 2.860928
1285 2.970368
1286 3.419072
1287 2.320128
1288 1.985408
1289 2.554496
1290 1.389888
1291 1.214784
1292 0.420416
1293 2.911104
1294 2.94848
1295 2.587328
1296 2.466944
1297 2.193344
1298 2.922048
1299 3.43456
1300 3.287744
1301 3.265856
1302 3.129984
1303 2.981312
1304 3.719104
1305 3.802112
1306 2.560896
1307 2.631104
1308 2.456
1309 2.368448
1310 1.761984
1311 1.547648
1312 2.342016
1313 2.56544
1314 2.48868
1315 1.701016
1316 1.531328
1317 1.051456
1318 1.03328
1319 1.849536
1320 1.372544
1321 1.663488
1322 1.547648
1323 1.718208
1324 1.405376
1326 1.127232
1327 0.974016
1328 0.995904
1329 1.492928
1330 1.897856
1331 2.090304
1332 0.98496
1333 1.230272
1334 1.028736
1335 1.028736
1336 0.540792
1337 0.678528
1338 0.634752
1339 0.678528
1340 0.525312
1341 0.475136
1342 0.415872
1343 0.229824
1344 0.908352
1345 1.225728
1346 0.847232
1347 0.481536
1348 0.809856
1351 0.842688
1352 1.14272
1353 1.269504
1354 0.995904
1355 0.426816
1356 0.310976
1357 0.448704
1358 0.831744
1361 0.076608
1362 1.919744
1365 0.755136
1366 1.400832
1367 0.415872
1368 0.551744
1369 0.667584
1370 0.645696
1371 1.433664
1372 0.92384
1374 1.269504
1375 0.38304
1376 0.306432
1377 0.897408
1378 0.420416
1379 0.995904
1380 1.827648
1381 1.602368
1382 1.685376
1383 1.624256
1384 1.700864
1385 1.937088
1386 1.700864
1387 0.908352
1388 0.306432
1389 0.448704
1390 1.263104
1391 2.495232
1392 2.62016
1393 1.52576
1394 2.889216
1395 2.226176
1396 1.48196
1397 2.265408
1398 1.919768
1399 2.068416
1400 2.215232
1401 2.718656
1402 2.051072
1403 2.528064
1404 2.193344
1405 2.543552
1406 2.806208
1407 3.046976
1408 3.506624
1409 2.849984
1410 3.243968
1411 3.22208
1412 2.834496
1413 2.456
1414 2.040128
1415 1.80576
1416 1.274048
1417 1.499328
1419 0.131072
1420 1.86528
1421 0.131328
1422 0.5472
1423 1.006848
1424 0.426816
1425 0.365696
1426 0.372096
1427 0.295488
1428 0.569088
1429 0.733504
1430 0.623552
1431 0.5472
1432 0.507968
1433 0.689472
1434 0.897408
1435 1.291392
1436 1.077056
1437 0.372096
1438 0.481536
1439 0.8208
1440 0.551744
1441 0.645696
1443 0.645696
1444 0.667584
1445 0.65664
1446 0.393984
1447 0.825344
1448 1.42336
1449 1.295296
1450 1.25856
1451 1.138176
1452 0.60192
1453 0.32192
