0 2.083904
-1 2.35296
-2 2.23712
-3 2.051072
-4 2.823552
-5 2.718656
-6 3.145472
-7 1.580632
-8 2.68128
-9 3.265704
-10 2.642048
-11 2.434112
-12 2.62016
-13 2.609216
-14 2.915648
-15 3.648896
-16 2.801664
-17 2.357504
-18 2.806208
-19 2.51072
-20 2.423168
-21 2.703168
-22 2.29184
-23 2.642048
-24 2.89376
-25 3.966272
-26 4.907456
-27 4.955776
-28 4.874624
-29 5.054272
-30 4.765184
-31 5.174656
-32 4.360256
-33 3.572288
-34 3.784768
-35 3.364352
-36 3.506624
-37 3.408128
-38 3.38624
-39 3.583232
-40 4.33836
-41 4.119488
-42 3.287744
-43 3.265856
-44 3.2768
-45 3.222104
-46 3.350672
-47 3.89692
-48 2.773376
-49 2.823552
-50 2.532608
-51 3.014144
-52 2.94848
-53 3.05792
-54 3.233024
-55 2.718656
-56 3.484736
-57 3.856832
-58 3.692672
-59 3.430016
-60 3.681728
-61 3.342472
-62 3.93344
-63 3.861376
-64 3.539456
-65 3.572288
-66 3.353408
-67 3.320576
-68 3.309632
-69 3.265856
-70 4.04288
-71 4.458752
-72 4.124032
-73 3.911552
-74 4.20704
-75 4.185152
-76 3.254912
-77 2.751488
-79 3.287744
-80 2.915648
-81 2.12768
-82 2.193344
-83 2.692224
-84 2.313728
-85 2.12768
-86 2.539008
-87 2.521664
-88 2.23712
-89 2.259008
-90 2.396736
-91 2.40128
-92 2.138624
-93 2.448736
-94 2.327392
-95 1.843136
-96 2.795264
-97 2.84544
-98 2.904704
-99 2.193344
-100 2.379392
-101 2.89376
-102 2.736
-103 2.652992
-104 3.014144
-105 3.287744
-106 3.517568
-107 2.849984
-108 3.528504
-109 2.94848
-110 2.795264
-111 2.34656
-112 2.560896
-113 1.87612
-114 2.072808
-115 2.604672
-116 2.466944
-117 2.094848
-118 2.051072
-119 2.13408
-120 1.96352
-121 2.02464
-122 1.657088
-123 1.827648
-124 1.919744
-125 2.116736
-126 2.166912
-127 1.492928
-128 1.740096
-129 1.68992
-130 1.575936
-131 1.30688
-132 1.53216
-133 1.952576
-134 2.002752
-135 1.153664
-136 2.440512
-137 2.806208
-138 2.094848
-139 2.062016
-140 2.528064
-141 2.390408
-142 2.247992
-143 3.156416
-144 3.791168
-145 4.86368
-146 3.806656
-147 4.622912
-148 4.0976
-149 4.0976
-150 3.328808
-151 4.082968
-152 3.123584
-153 3.134528
-154 3.211136
-155 3.648896
-156 4.196096
-157 3.692672
-158 3.079808
-159 3.5504
-160 3.659848
-161 3.922496
-162 4.3648
-163 4.272704
-164 4.48064
-165 4.058368
-166 4.294592
-167 4.141376
-168 3.419072
-169 3.747392
-170 4.463296
-171 3.999104
-172 4.010048
-173 3.900608
-174 3.500224
-176 3.76928
-177 3.944384
-178 3.528512
-179 3.594176
-180 3.703616
-181 3.71456
-182 3.92704
-183 4.228928
-184 4.3712
-185 4.31648
-186 4.342912
-187 4.633856
-188 4.211584
-189 4.174208
-190 3.856832
-191 4.42592
-192 4.299136
-193 4.305536
-194 4.272704
-195 4.042872
-196 3.37984
-197 3.977216
-198 4.469696
-199 4.491584
-200 3.948928
-201 3.375296
-202 4.239872
-203 4.217984
-204 3.98816
-205 4.299136
-206 4.787072
-207 4.020992
-208 4.069336
-209 4.21796
-210 3.703616
-211 2.456
-212 1.25856
-213 0.590976
-214 0.032832
-247 0.070216
-248 0.087552
-249 0.142272
-250 0.10944
-251 0.144064
-253 0.129536
-254 0.16416
-255 0.196992
-256 0.789568
-257 0.131072
-259 0.206592
-260 0.120384
-261 0.098496
-262 0.21888
-263 0.175104
-264 0.142272
-265 0.229824
-266 0.256256
-267 0.350208
-268 0.350208
-269 0.415872
-270 0.361152
-271 0.38304
-272 0.415872
-273 0.32832
-274 0.262656
-275 0.32832
-276 0.32192
-277 0.32832
-278 0.32832
-279 0.426816
-280 0.372096
-281 0.5472
-282 0.612864
-284 0.43136
-285 0.49248
-286 0.525312
-287 0.612864
-288 0.569088
-289 0.514368
-290 0.459648
-291 0.37664
-292 0.295488
-293 0.229824
-294 0.207936
-295 0.21888
-296 0.251712
-297 0.2736
-298 0.317376
-299 0.32832
-300 0.317376
-301 0.372096
-302 0.32192
-303 0.404928
-304 0.339264
-305 0.2736
-306 0.2736
-307 0.262656
-308 0.2736
-309 0.240768
-310 0.251712
-311 0.251712
-312 0.262656
-313 0.21888
-314 0.124928
-315 0.186048
-316 0.175104
-317 0.207936
-318 0.251712
-319 0.284544
-320 0.2736
-321 0.262656
-322 0.251712
-324 0.207936
-325 0.21888
-326 0.251712
-327 0.196992
-328 0.175104
-329 0.142272
-330 0.113984
-331 0.142272
-332 0.16416
-333 0.229824
-334 0.262656
-335 0.306432
-336 0.306432
-337 0.306432
-338 0.339264
-339 0.459648
-340 0.404928
-341 0.43136
-342 0.700416
-343 0.623808
-344 0.689472
-345 0.787968
-346 0.551744
-347 0.71136
-348 0.733248
-349 0.525312
-350 0.623808
-351 0.518912
-352 0.864576
-353 0.853632
-354 0.689472
-355 0.722304
-356 0.715904
-357 0.831744
-358 0.941184
-359 0.897408
-360 0.825344
-361 0.974016
-362 1.072512
-363 0.8144
-364 0.963072
-365 0.8208
-366 0.744192
-367 0.65024
-368 0.787968
-369 0.787968
-370 0.733248
-371 0.770624
-372 0.700416
-373 0.678528
-374 0.733248
-375 0.689472
-376 0.694016
-377 0.65664
-378 0.974016
-379 0.963072
-380 0.967616
-382 1.127232
-383 1.280448
-384 1.000448
-385 1.03968
-386 0.941184
-387 1.000448
-388 0.974016
-389 1.138176
-390 1.153664
-391 1.335168
-392 1.269504
-393 1.055168
-394 1.083456
-395 0.995904
-396 1.19744
-397 1.138176
-398 1.31328
-399 1.19744
-400 1.269504
-401 1.25216
-402 1.181952
-403 1.247616
-404 1.131776
-405 1.433664
-406 1.449152
-407 1.729152
-408 1.383488
-409 1.171008
-410 1.028736
-411 0.886464
-412 0.956672
-413 0.87552
-414 0.87552
-415 0.803456
-416 0.93024
-417 0.809856
-418 0.76608
-419 0.92384
-420 0.809856
-421 1.160064
-422 1.274048
-423 1.214784
-424 1.061568
-425 0.8144
-426 1.324224
-427 1.280448
-428 0.989504
-429 1.0944
-430 1.20384
-441 1.324224
-442 1.14912
-443 1.066112
-444 1.14912
-445 1.181952
-446 1.274048
-447 1.31328
-448 1.109888
-449 1.061568
-450 0.952128
-451 1.120832
-452 1.017792
-453 1.050624
-454 0.787968
-455 0.6174
-456 0.689472
-457 0.678528
-458 0.722304
-459 0.700416
-460 0.639296
-461 0.919296
-462 1.028736
-463 1.274048
-464 1.050624
-465 0.842688
-466 0.85092
-467 0.609176
-468 0.798912
-469 1.368
-470 1.098944
-471 1.127232
-472 0.98496
-473 0.989504
-474 1.25856
-475 1.083456
-476 0.97856
-477 1.171008
-478 1.083456
-480 0.65024
-481 0.908352
-482 1.171008
-483 1.164608
-484 1.291392
-485 0.963072
-486 0.952128
-487 1.350656
-488 1.072512
-489 0.853632
-490 0.617408
-491 0.60192
-492 0.032832
-494 0.634752
-495 0.120384
-496 0.251712
-497 0.667584
-498 0.518912
-500 0.798912
-501 1.006848
-502 1.613312
-503 4.666944
-504 0.131072
-505 0.503424
-506 0.612864
-507 0.365696
-508 0.65664
-509 1.20384
-510 1.25856
-511 0.901952
-512 0.667584
-513 1.554048
-514 1.514816
-515 2.035584
-516 2.083904
-517 1.952576
-518 2.40768
-519 2.23712
-520 2.171456
-521 2.210688
-522 1.60252
-523 2.072808
-524 2.429568
-525 2.094848
-526 1.996352
-527 2.363904
-528 2.357504
-529 2.445056
-530 2.445056
-531 2.725056
-532 2.56544
-533 2.34656
-534 2.434112
-535 2.746944
-536 2.959424
-537 3.780224
-538 3.303232
-539 3.250368
-540 2.849984
-541 2.806208
-542 2.609216
-544 2.652992
-545 2.390336
-546 2.757888
-547 2.663936
-548 3.451904
-549 3.408128
-550 3.681728
-551 2.718656
-552 2.78432
-553 3.200192
-554 2.849984
-555 2.795264
-556 2.123136
-557 0.21248
-558 1.75104
-559 2.521664
-560 2.718656
-561 2.828096
-562 3.195648
-563 3.178304
-564 3.730048
-565 3.462848
-566 3.2768
-567 3.451904
-568 3.2768
-569 2.560896
-570 2.280896
-571 2.171456
-572 2.112192
-573 2.29184
-574 2.445064
-575 2.631104
-576 2.4624
-577 2.116736
-578 2.051072
-579 2.40128
-580 2.670336
-581 2.215232
-582 2.040128
-583 2.560896
-584 2.116736
-585 1.488384
-586 0.792512
-587 1.028736
-588 0.995904
-589 0.573632
-590 0.995904
-591 1.006848
-592 0.514368
-593 0.694016
