0 1.543104
1 1.58688
2 1.317824
3 1.346112
4 1.131776
5 1.31328
6 1.378944
7 1.263104
8 1.554048
9 1.339712
10 1.324224
11 1.25856
12 1.011392
13 1.192896
14 1.098944
15 1.138176
16 1.214784
17 0.967616
18 0.98496
19 0.809856
20 0.87552
21 0.715904
22 0.733248
23 0.590976
24 0.49248
25 0.481536
26 0.415872
27 0.409472
28 0.295488
29 0.38304
30 0.372096
31 0.359808
32 0.460992
33 0.404928
34 0.350208
35 0.49248
36 0.420408
37 0.60192
38 0.448704
39 0.49248
41 0.470592
42 0.372096
43 0.393984
44 0.32192
45 0.514368
46 0.459648
47 0.393984
48 0.372096
49 0.623808
50 0.32832
51 0.48192
52 0.485696
53 0.558144
67 0.240768
68 0.65664
69 1.138176
70 1.000448
71 1.302336
72 1.19744
73 1.291392
74 1.14912
75 0.131072
76 1.339968
77 0.426816
78 0.525312
79 0.580032
80 0.689472
81 0.464192
82 0.580032
83 0.350208
84 0.251712
85 0.284544
86 0.295488
87 0.262656
88 0.2736
89 0.284544
90 0.284544
91 0.262656
92 0.10304
93 0.032832
97 0.021888
98 0.076608
99 0.251712
100 0.32832
101 0.49248
102 0.787968
103 0.809856
104 0.606464
105 0.361152
106 0.21888
107 0.175104
108 0.153216
109 0.10944
135 0.05472
136 0.700416
137 0.974016
138 0.748736
139 1.005504
140 1.238016
141 1.295936
142 1.510272
143 1.41632
144 1.6416
145 1.52576
146 1.652544
147 1.514816
148 1.958976
149 1.755584
150 2.1888
151 2.171456
152 2.368448
153 1.6416
154 2.171456
155 1.904256
156 1.930688
157 1.886912
158 1.378944
159 1.25856
160 1.164608
161 1.619712
162 0.836288
163 0.809856
164 0.886464
165 1.503872
166 2.035584
167 1.68992
168 2.057472
169 1.47104
170 1.554048
171 0.777024
172 0.75968
173 1.181952
174 1.444608
175 1.865024
176 2.1824
177 1.455552
178 1.186496
179 1.324224
180 0.667584
181 0.43776
183 0.65664
184 1.41632
185 1.192896
186 1.52576
187 1.96992
188 1.755584
189 2.171456
190 1.904256
191 1.6352
192 1.521216
193 1.74464
194 1.028736
195 0.514368
196 0.65664
197 0.8144
198 1.718208
199 1.346112
200 1.14272
201 2.357504
202 2.057472
203 2.215232
204 2.232576
205 2.01824
206 1.96352
207 2.02464
208 1.383488
209 1.499328
210 1.646152
211 1.75104
212 1.755584
213 1.69632
214 1.449152
215 1.96992
216 1.875968
217 2.29184
218 2.506176
219 2.259008
220 2.029184
221 2.057472
222 2.29184
223 1.843136
224 1.53216
225 1.466496
226 1.875968
227 1.116288
228 1.241216
229 1.948032
230 1.131776
231 0.908352
232 1.006848
233 1.284992
234 2.429568
235 2.313728
236 2.663936
237 2.554496
238 2.806208
239 2.84544
240 2.488832
241 2.051072
242 2.149568
243 1.827648
244 1.006848
245 1.219328
246 1.794816
247 2.105792
248 1.867736
249 1.28868
250 1.14912
251 1.514816
252 2.609216
253 2.440512
254 2.379392
255 2.83904
256 2.587328
257 2.860928
258 3.184704
259 2.871872
260 2.828096
261 2.762432
262 2.882816
263 2.762432
264 2.368448
265 2.582784
266 2.828096
267 2.204288
268 1.47744
269 1.000448
270 1.324224
271 1.652544
272 2.324672
273 2.67488
275 1.766528
276 2.287296
277 2.685824
278 2.609208
279 2.860928
280 2.587328
281 3.0096
282 2.882816
283 2.773376
284 2.871872
285 2.882816
286 2.926592
287 2.915648
288 2.751488
289 3.101696
290 3.0096
291 2.685824
292 2.642048
293 2.56544
294 2.068416
295 1.339712
296 2.057472
297 1.832192
298 1.897856
299 2.1888
300 1.591424
301 2.046528
302 2.29184
303 2.466944
304 2.499776
305 2.473344
306 2.040128
307 2.051072
308 2.604672
309 2.543552
310 2.532608
311 2.970216
312 2.029336
313 2.014336
314 2.006656
315 1.96992
316 2.116736
317 1.554048
318 1.317824
319 0.131328
320 0.744192
321 1.263104
322 1.794816
323 2.029184
324 1.6416
325 1.492928
326 1.685376
327 1.646144
328 1.816704
329 1.821248
330 1.958976
331 1.722752
332 1.674432
333 1.055168
334 1.630656
335 1.25216
336 1.80576
337 1.460096
338 0.93024
339 1.718208
340 1.569536
341 1.783872
342 1.011392
343 1.006848
344 1.25856
345 1.263104
346 1.247616
347 1.547648
348 1.849536
349 0.912896
350 1.214784
351 1.324224
352 1.03328
354 1.050624
355 1.346112
356 1.284992
357 1.138176
358 1.400832
359 0.912896
360 0.93024
361 1.072512
362 1.19744
363 0.963072
364 1.072512
365 0.934784
366 1.466496
367 1.302336
368 0.836288
369 0.87552
370 0.98496
371 0.86912
372 0.744192
373 0.415872
374 0.678528
375 0.131072
376 1.766784
377 0.71136
378 0.60192
393 0.120384
394 0.196992
396 0.317376
397 0.404928
399 0.190592
400 0.229824
401 0.350208
402 0.295488
403 0.32832
404 0.393984
405 0.470592
406 0.186048
407 0.21888
408 0.339264
409 0.032832
410 0.43136
412 0.2736
413 0.98496
414 0.733248
415 0.448704
416 0.503424
417 0.332864
418 0.514368
419 0.612864
420 0.404928
421 0.38304
422 0.339264
423 0.459648
424 0.781568
425 1.269504
426 1.269504
427 1.011392
428 1.69632
429 1.68992
430 1.543104
431 1.164608
432 1.269504
433 1.368
434 1.241216
435 1.597824
436 1.460096
437 1.47744
438 1.668032
439 1.69632
440 1.481984
441 1.510272
442 1.061568
443 0.650248
444 0.842688
445 1.181952
446 0.131072
447 2.08416
448 1.389888
449 1.164608
450 1.017792
451 1.017792
452 0.97856
453 1.247616
454 1.740096
455 1.678976
456 1.875968
457 2.232576
458 2.007296
459 2.226176
460 2.29824
461 1.711808
462 1.948032
463 1.952576
464 2.302784
465 2.703168
466 2.379392
467 2.259008
468 2.105792
469 2.057472
471 1.591424
472 2.101248
473 1.974464
474 1.707264
475 0.75968
476 0.98496
477 0.722304
478 0.941184
479 1.668032
480 1.865024
481 2.035584
482 1.646144
483 1.368
484 1.503872
485 1.772928
486 1.433664
487 1.131776
488 1.20384
489 0.71136
490 0.803456
491 0.755136
492 0.623808
493 0.777024
494 0.847232
495 0.700416
496 0.448704
497 0.470592
498 0.284544
499 0.153216
500 0.120384
501 0.229824
502 0.262656
503 0.37664
504 0.415872
506 0.284544
507 0.207936
508 0.186048
509 0.306432
510 0.426816
511 0.426816
512 0.448704
513 0.32832
514 0.245312
515 0.295488
516 0.295488
517 0.262656
521 0.207936
522 0.470592
523 0.339264
526 0.131072
528 1.274304
529 0.16416
530 0.251712
531 0.284544
532 0.207936
533 0.196992
534 0.272896
535 0.361856
536 0.536256
537 0.448704
538 0.551744
539 0.645696
540 0.306432
541 0.240768
542 0.21888
543 0.240768
544 0.284544
545 0.131328
546 0.853632
548 1.14272
549 1.685376
550 1.832192
551 1.794816
552 1.47104
553 2.199744
554 1.722752
555 1.613312
556 0.87552
557 0.667584
558 0.569088
559 0.71136
560 0.453248
561 0.393984
562 0.21888
563 0.339264
564 0.175104
565 0.645696
566 0.569088
567 0.886464
568 1.175552
569 1.42272
570 1.263104
571 1.335168
572 1.368
573 1.098944
574 1.302336
575 0.912896
576 1.017792
577 1.225728
578 1.153664
579 1.389888
580 1.6416
581 1.832192
582 1.788416
583 2.199744
584 1.74464
585 1.499328
586 1.668032
587 2.309184
588 1.6352
589 1.740096
590 1.58048
591 2.138624
592 2.276352
593 1.843136
594 1.893312
595 1.788416
596 1.875968
597 1.794816
598 1.941632
599 1.849536
600 1.613312
601 0.470592
602 2.007296
603 1.937088
604 1.941632
605 2.177856
606 1.952576
607 2.105792
608 2.002752
609 1.208384
610 0.787968
612 0.295488
613 0.448704
614 0.580032
615 0.448704
616 0.339264
617 0.113984
618 0.317376
619 0.569088
620 0.534912
621 0.340608
622 0.306432
623 1.208384
624 1.53216
625 0.612864
626 0.645696
627 0.404928
628 0.387584
629 0.295488
630 0.60192
631 1.674432
632 1.843136
633 2.083904
634 2.593728
635 2.23712
636 1.678976
637 1.991808
638 2.20428
639 2.013696
640 0.92384
641 1.017792
642 0.689472
643 0.781568
644 1.499328
645 0.886464
646 1.164608
647 2.385792
648 1.657088
649 1.86048
650 1.777472
651 2.040128
652 1.904256
653 1.646144
654 2.123136
655 2.521664
656 2.609216
657 2.412152
658 2.506176
659 2.062088
660 2.412224
661 2.587328
662 2.62656
663 2.083904
664 1.85408
665 1.718208
666 0.831744
667 0.70496
668 1.69632
670 1.58048
671 1.674432
672 1.865024
673 1.991808
674 1.186496
675 1.521216
676 1.028736
677 1.088
678 1.280448
679 0.8208
680 0.781568
681 1.6416
682 1.503872
683 1.53216
684 0.908352
685 0.891008
686 0.744192
687 0.426816
688 1.0944
689 1.350656
690 1.53216
691 1.350656
692 1.324224
693 0.908352
694 0.886464
695 0.92384
696 0.908352
697 0.580032
698 1.208384
699 1.543104
700 1.722752
701 1.926144
702 1.284992
703 1.597824
704 1.25856
705 1.733696
706 1.69632
707 1.536704
708 1.0944
709 0.634752
710 0.606464
711 1.072512
714 0.470592
715 0.612864
716 0.683072
717 0.886464
718 0.98496
719 0.864576
720 0.792512
721 0.995904
722 1.31328
723 1.602368
724 1.707264
725 1.613312
726 2.177856
727 2.01824
728 2.324672
729 1.96992
730 1.591424
731 1.105344
732 0.580032
733 0.584576
734 1.03968
735 0.623808
736 0.864576
737 0.770624
738 0.98496
739 1.116288
740 1.25216
741 1.433664
742 0.777024
743 0.755136
744 0.5408
745 0.5472
746 0.689472
747 0.842688
748 1.175552
749 1.368
750 0.897408
751 0.858176
752 1.050624
753 0.897408
754 1.098952
755 1.444608
756 1.74464
757 1.86048
758 0.93024
759 0.880064
760 1.521216
761 0.952128
762 0.551744
763 1.061568
764 1.685376
765 1.657088
766 2.007296
767 1.444608
768 1.575936
770 0.420392
771 0.186048
772 1.47744
773 1.072512
774 0.5846
775 1.214784
776 1.378944
777 1.328744
778 1.225728
779 0.995904
780 1.142744
781 1.269504
782 0.853632
783 1.066112
784 1.444608
786 0.967616
787 0.897408
788 0.777024
789 0.897408
790 0.891008
791 1.269504
792 1.225728
793 1.011392
794 0.76608
795 0.963072
796 1.0944
797 1.569536
798 3.145472
799 2.631104
800 2.521664
801 2.51712
802 2.23712
803 1.772928
804 2.029184
805 2.970368
806 3.025088
807 1.291392
808 1.03328
809 2.057472
810 1.68992
811 2.313728
812 2.07936
813 1.274048
814 1.685376
815 1.52576
816 1.827648
817 1.711808
818 1.554048
819 1.302336
820 0.86912
821 1.302336
822 1.25216
823 1.291392
824 1.280448
825 0.825344
826 0.995904
827 1.072512
828 1.6352
829 1.783872
830 1.481984
831 1.521216
832 1.192896
833 1.000448
834 1.14912
835 1.547648
836 1.6416
837 1.591424
838 1.740096
839 2.707712
840 3.430016
841 3.287744
842 3.44096
843 3.211136
844 3.2768
845 2.532608
846 2.002752
847 2.259008
848 3.101696
849 1.788416
850 2.915648
851 2.95488
852 2.543552
853 2.379392
854 3.200192
855 3.594176
856 2.62016
857 3.364352
858 3.254912
859 2.609216
860 2.374848
861 3.298688
862 3.11264
863 2.806208
864 2.663936
865 2.521656
866 2.56816
867 2.45968
868 2.412224
869 1.930688
870 2.4624
871 2.488832
872 2.029184
873 2.62016
874 3.075264
875 2.423168
876 1.996352
877 2.324672
878 2.867328
879 2.335616
881 2.29184
882 2.499776
883 2.506176
884 1.96352
885 2.543552
886 2.539008
887 2.23712
888 2.1824
889 2.368448
890 2.998656
891 2.357504
892 1.996352
893 2.331072
894 2.51072
895 2.193344
896 2.456
897 2.94848
898 2.823552
899 2.445056
900 2.959424
901 3.648896
902 3.955328
903 2.83904
904 2.94848
905 2.67488
906 3.254912
907 3.079808
908 2.554496
909 2.926592
910 2.746944
911 2.598272
912 2.171456
913 2.685824
914 2.587328
915 2.320128
916 2.62016
917 2.1824
918 2.615616
919 2.280896
920 2.685832
921 2.171456
922 2.757888
923 2.335616
924 2.259008
925 2.67488
926 2.609216
927 2.834496
928 2.87172
929 1.679128
930 3.670784
931 3.408128
932 3.900608
933 3.583232
934 3.320576
935 3.16736
936 2.849984
937 2.959424
938 3.517568
939 4.414976
940 3.70816
941 3.594176
942 2.926584
943 3.2768
944 3.627008
945 4.086656
946 4.305536
947 4.349312
948 4.156864
949 4.294592
950 3.101696
951 3.955328
952 4.167808
953 4.228928
954 4.469696
955 4.408576
956 4.338368
957 2.215232
958 2.451456
959 2.83904
960 2.543552
961 3.616072
962 2.226176
963 2.1888
964 1.777472
965 2.445056
966 3.539456
967 4.239872
968 4.119488
969 4.058368
970 4.185152
971 3.670784
972 4.163264
973 4.196096
974 3.8176
975 4.228928
976 4.677632
977 4.025536
978 4.53536
979 3.813056
980 3.999104
982 3.839488
983 4.42592
984 3.473792
985 2.904704
986 2.313728
987 4.677632
988 4.568192
989 3.861376
990 4.26176
991 3.506624
992 3.637952
993 3.76928
994 2.915648
995 2.379392
996 2.51072
997 2.943936
998 3.44096
999 3.401728
1000 3.265848
1002 3.2768
1003 2.309184
1004 2.280896
1005 2.56544
1006 2.685824
1007 2.856384
1008 2.499776
1009 4.031936
1010 3.850432
1011 4.951232
1012 4.736896
1013 4.611968
1014 4.557248
1015 3.959872
1016 4.798016
1017 5.02144
1018 4.557248
1019 4.217984
1020 4.331944
1021 4.841664
1022 2.281048
1023 2.981312
1024 3.736448
1025 3.517568
1026 3.594176
1027 3.046976
1028 3.375296
1029 2.576384
1030 3.0032
1031 3.233024
1032 3.134528
1033 4.26176
1034 2.773376
1036 2.78432
1037 3.287744
1038 3.265856
1039 3.2768
1040 2.922048
1041 1.843136
1042 2.718656
1043 2.521664
1044 3.101696
1045 3.239424
1046 2.926592
1047 2.817152
1048 2.762432
1049 2.663936
1050 2.718656
1051 2.642048
1052 3.053376
1053 3.401728
1054 3.977216
1055 3.38624
1056 3.375296
1057 3.802112
1058 3.090752
1059 3.298688
1060 2.7296
1061 2.78432
1062 2.867328
1063 2.817152
1064 2.926592
1065 2.904712
1066 3.462848
1067 3.845888
1068 3.298688
1069 3.156416
1070 3.189248
1071 3.11264
1072 3.999104
1073 2.959424
1074 3.828544
1075 3.703616
1076 3.616064
