0 1.729152
1 1.52576
2 1.96992
3 1.788416
4 2.177856
5 1.777472
6 1.225728
7 1.41632
8 2.254464
9 1.755584
10 1.937088
11 1.30688
12 0.864576
13 1.186496
14 1.368
15 1.280448
16 0.989504
18 1.291392
19 1.324224
20 1.098944
21 1.389888
22 1.394432
23 1.20384
24 1.127232
25 1.328768
26 2.057472
27 1.460096
28 1.42272
29 1.514816
30 1.324224
31 1.3616
32 1.324224
33 1.6416
34 1.449152
35 1.6416
36 0.891008
37 1.225728
38 1.389888
39 1.284992
40 1.619712
41 1.219328
42 1.564992
43 1.284992
44 1.718208
45 1.547648
46 1.707264
47 1.427264
48 1.521216
49 1.75556
50 1.871424
51 1.679
52 1.86048
53 1.591424
54 1.948032
55 1.449152
56 1.729152
57 1.328768
58 2.057472
59 1.449152
60 1.652544
61 1.317824
62 1.335168
63 1.236672
64 0.836288
65 1.488384
66 1.383488
67 1.554048
68 1.722752
69 2.090304
70 1.514816
71 1.718208
72 1.47104
73 1.871424
74 1.208384
75 1.466496
76 1.608768
77 1.3616
78 1.630656
79 1.339712
80 1.882368
81 0.836288
82 0.76608
83 1.03968
84 0.941184
85 0.672128
86 0.448704
87 0.93024
89 0.689472
90 0.503424
91 0.256256
92 1.280448
93 1.783872
94 1.602368
95 1.85408
96 2.13408
97 1.886912
98 1.849536
99 1.733696
100 2.248064
101 2.232576
102 1.547648
103 2.309184
104 2.062016
105 2.062016
106 1.904256
107 1.47104
108 2.287296
109 1.777472
110 1.985408
111 1.488384
112 1.072512
113 0.956672
114 1.554048
116 1.481984
117 1.400832
118 1.368
119 1.055168
120 1.269504
121 1.400832
122 0.956672
123 1.006848
124 0.93024
125 0.726848
126 0.361152
127 1.58688
128 1.219328
129 1.608768
130 1.346112
131 1.317824
132 1.674432
133 1.372544
134 1.510272
135 1.372544
136 1.389888
137 1.350664
138 1.53216
139 1.521216
140 1.186496
141 1.291392
142 0.744192
143 0.442304
144 0.284544
145 0.459648
146 0.995904
149 0.131072
150 1.383744
151 0.777024
152 0.87552
154 0.153216
155 0.963072
156 1.700864
157 1.192896
158 1.109888
159 1.072512
160 1.510272
161 1.186496
162 1.335168
163 1.164608
164 0.65664
165 0.295488
166 0.207936
167 0.580032
168 0.908352
169 0.5408
170 0.60192
171 0.470592
172 0.700416
173 1.192896
174 0.934784
175 0.87552
177 0.941184
178 0.43776
179 0.497024
180 0.5472
181 0.908352
182 1.722752
183 1.893312
184 1.624256
185 1.652544
186 0.798912
187 0.606464
188 1.072512
189 1.14912
190 1.03328
191 1.017792
192 1.072512
193 1.127232
194 1.055168
195 1.444608
196 1.241216
197 1.619712
198 1.3616
199 1.6416
200 1.488384
201 1.3616
202 1.630656
203 1.547648
204 1.904256
205 1.657088
206 1.76652
207 1.980864
208 1.460096
209 1.893312
210 1.821248
211 2.07936
212 1.79936
213 2.07296
214 2.057472
215 1.230272
216 1.904256
218 1.3616
219 1.400832
220 1.554048
221 1.295936
222 1.663488
223 1.514816
224 1.980864
225 0.989504
226 1.564992
227 1.175552
228 1.400832
229 1.630656
230 1.098944
231 1.69632
232 1.558592
233 1.794816
234 1.678976
235 1.630656
236 0.825344
237 1.335168
238 1.543104
239 0.847232
240 0.459648
241 0.503424
242 1.171008
243 0.748736
244 0.196992
245 0.372096
246 0.831744
247 0.919296
248 0.661184
250 0.251712
251 1.411776
252 1.613312
253 1.991808
254 1.843136
255 1.849536
256 1.657088
257 2.035584
258 1.624264
259 1.707264
260 1.52576
261 1.740096
262 1.558592
263 1.838592
264 1.547648
265 2.010008
266 1.67172
267 1.886912
268 2.013696
269 1.602368
270 2.35296
271 2.083904
272 1.985408
273 2.199744
274 1.996352
275 2.116736
276 1.871424
277 1.678976
278 2.418624
279 2.248064
280 2.171456
281 2.046528
282 1.777472
283 1.930688
284 2.046528
285 1.919744
286 2.254464
287 2.094848
288 2.116736
289 2.046528
290 1.766528
291 1.958976
292 1.449152
293 1.674432
294 1.49292
295 1.455552
296 1.263104
297 0.995904
298 0.8208
300 0.131072
301 1.832448
302 1.42272
303 1.284992
304 2.1888
305 1.755584
306 1.882368
307 1.47104
308 1.729152
309 1.41632
310 1.521216
311 1.000448
312 0.525312
313 1.324224
314 1.055168
315 1.25856
317 1.324224
318 0.715904
319 0.612864
320 0.952128
321 1.42272
322 0.945728
323 0.459648
324 0.459648
325 0.908352
326 0.748736
327 0.853632
328 0.908352
329 0.98496
330 0.956672
331 1.138176
332 1.017792
333 0.726848
334 0.733248
335 0.809856
336 0.864576
337 0.836288
338 0.798912
339 0.831744
340 0.700416
341 0.49248
342 0.726824
343 0.38304
344 0.908352
345 0.853632
346 0.8582
347 1.225728
348 0.864576
349 1.171008
350 0.901952
351 0.919296
352 0.76608
353 0.5472
354 0.551744
355 0.974016
356 1.138176
357 0.934784
358 1.236672
359 1.31328
360 1.077056
361 1.25856
362 1.269504
363 0.945736
364 1.225728
365 1.302336
366 0.989504
368 1.171008
369 1.105344
370 0.97856
371 1.083456
372 1.061568
373 1.164608
374 1.225728
375 1.088
376 1.181952
377 1.214784
378 1.120832
379 1.455552
380 1.572248
381 1.354344
382 1.663488
383 1.503872
384 1.937088
385 1.700864
386 1.79936
387 2.145024
388 1.919744
389 2.254464
390 1.569536
391 1.813016
392 1.551336
393 1.733696
394 1.488384
395 1.788416
396 1.9152
397 1.514816
398 1.991808
399 1.733696
400 2.090304
401 1.832192
402 2.029184
403 1.75104
404 1.569536
405 1.761984
406 1.481984
407 1.652544
408 1.722744
409 1.663488
410 1.503872
411 1.80576
412 1.47104
413 1.729152
414 1.711808
415 1.838592
416 1.558592
417 1.302336
418 1.68992
419 1.597824
420 1.083456
421 0.770624
422 0.809856
423 0.667584
424 0.590976
425 0.350208
427 0.229824
429 0.453248
430 0.864576
431 0.908352
432 0.974016
433 0.240768
434 0.289088
435 0.87552
436 1.31328
437 1.131776
438 1.14912
439 1.280448
440 1.131776
441 1.357056
442 1.181952
443 0.901952
444 1.171008
445 1.171008
446 1.000448
447 1.47744
448 1.241216
449 1.236672
450 0.755136
451 1.0944
452 1.109888
453 1.31328
454 1.19744
455 1.357056
456 1.25856
457 0.956672
458 0.842688
459 0.426816
460 0.240768
461 0.207936
462 0.098496
463 0.153216
464 0.05472
466 0.858176
467 0.963072
468 1.072512
469 1.116288
470 0.770624
471 0.645696
472 0.831744
473 0.864576
474 0.803456
475 1.050624
476 1.160064
477 0.934784
478 1.214784
479 1.31328
480 0.84724
481 1.0944
482 1.324224
483 0.989504
484 1.160064
485 1.357056
486 1.263104
487 1.58688
488 1.427264
489 1.488384
490 1.219328
491 1.324224
492 1.017792
493 1.088
494 1.357056
495 1.291392
496 0.639296
497 0.240768
498 0.569088
502 0.131072
503 2.073216
504 0.49248
505 0.38304
506 0.175104
507 0.098624
508 0.065536
541 0.010944
542 0.043776
544 0.065664
545 0.043776
546 0.0656
547 0.087616
548 0.043776
550 0.087552
551 0.076608
552 0.087552
553 0.065664
554 0.076608
555 0.065664
556 0.043776
557 0.087552
558 0.120384
563 0.087552
564 0.32832
566 0.332704
567 0.118624
568 0.118624
569 0.118624
570 0.129408
571 0.075488
572 0.10784
573 0.075488
574 0.140192
575 0.150976
576 0.16176
577 0.150976
579 0.129408
584 0.10784
585 0.32352
586 0.237248
587 0.452928
588 0.150976
589 0.172544
590 0.150976
591 0.129408
593 0.073952
594 0.118624
595 0.10784
596 0.10784
597 0.10784
598 0.10784
599 0.10784
600 0.150976
601 0.16176
602 0.150976
606 0.021568
607 0.603904
608 0.10784
609 0.118624
610 0.10784
611 0.10784
612 0.10784
613 0.10784
614 0.10784
616 0.129408
619 0.064704
620 0.280384
621 0.289632
622 0.097056
623 0.10784
625 0.140192
626 0.129408
627 0.150976
628 0.129408
629 0.140192
630 0.10784
631 0.118624
632 0.118624
633 0.10784
642 0.060096
643 0.163424
645 0.42352
646 0.05392
647 0.021568
649 0.021568
651 0.010784
655 0.010784
664 0.021568
665 0.075488
666 0.086272
667 0.097056
668 0.097056
669 0.075488
670 0.10784
675 0.021568
676 0.097056
678 0.483744
679 0.10784
680 0.10784
681 0.150976
682 0.118624
684 0.150976
685 0.150976
686 0.150976
687 0.140192
688 0.129408
693 0.129408
694 0.092448
695 0.274208
696 0.388224
698 0.086272
699 0.129408
700 0.129408
701 0.118624
702 0.118624
703 0.129408
706 0.097056
707 0.118624
708 0.25728
709 0.05392
710 0.129408
711 0.10784
712 0.129408
714 0.118624
715 0.140192
716 0.172544
717 0.075488
719 0.140192
721 0.097056
722 0.05392
723 0.129408
726 0.097056
727 0.258816
728 0.506848
730 0.183328
731 0.194112
732 0.172544
733 0.172544
735 0.043136
736 0.300416
737 0.129408
738 0.129408
739 0.086272
740 0.10784
741 0.129408
742 0.097056
744 0.140192
745 0.140192
746 0.150976
751 0.163424
753 0.613024
755 0.064704
757 0.021568
758 0.140192
759 0.172544
760 0.150976
761 0.172544
762 0.150976
764 0.194112
765 0.237248
767 0.084736
768 0.172544
769 0.204896
770 0.237248
771 0.2696
772 0.204896
773 0.237248
778 0.081664
779 0.619296
780 0.21568
783 0.174208
784 0.559104
785 0.226464
786 0.073952
787 0.129408
788 0.172544
789 0.248032
790 0.21568
791 0.204896
793 0.21568
796 0.172544
797 0.301952
798 0.496064
799 0.097056
800 0.118624
801 0.118624
802 0.150976
803 0.10784
806 0.010784
808 0.516096
809 0.129408
810 0.140192
811 0.194112
812 0.140192
813 0.140192
814 0.150976
815 0.172544
816 0.172544
820 0.118624
821 0.301952
822 0.399008
823 0.140192
824 0.118624
825 0.10784
826 0.10784
827 0.086272
829 0.129408
830 0.086272
831 0.05392
832 0.10784
836 0.075488
837 0.129408
839 0.084736
840 0.097056
841 0.118624
843 0.140192
844 0.140192
845 0.16176
846 0.129408
847 0.10784
848 0.129408
849 0.16176
850 0.140192
854 0.106176
855 0.249696
856 0.506848
857 0.150976
859 0.16176
860 0.16176
862 0.10784
863 0.140192
864 0.238912
865 0.136992
866 0.150976
867 0.129408
868 0.129408
869 0.140192
870 0.16176
871 0.140192
872 0.16176
873 0.150976
875 0.140192
878 0.021568
879 0.280384
880 0.409792
881 0.10784
882 0.10784
883 0.10784
884 0.097056
886 0.150976
887 0.150976
890 0.021568
892 0.494528
893 0.118624
894 0.129408
895 0.129408
896 0.172544
897 0.140192
898 0.150976
902 0.174208
903 0.483616
904 0.16176
905 0.129408
906 0.172544
908 0.204896
909 0.140192
910 0.10784
911 0.129408
912 0.10784
913 0.10784
914 0.097056
916 0.118624
917 0.172544
919 0.127872
