0 2.489368
1 2.899696
2 1.68088
3 1.537688
4 1.795928
5 2.07208
6 1.828872
7 2.188912
8 2.091624
9 2.0466
10 1.203408
11 1.20384
12 0.372096
13 0.385216
14 0.886464
15 0.40716
16 0.393984
17 0.2736
18 0.401336
19 1.580536
20 1.251456
21 1.499328
22 1.385904
23 1.450696
24 1.658696
25 1.883344
27 0.85516
28 1.397608
29 1.05992
30 1.138176
31 0.94404
32 1.022312
33 1.647464
34 1.608768
35 1.119672
36 1.488384
37 1.532512
38 1.88528
39 2.49164
40 1.7868
41 1.943648
42 1.843752
43 1.470904
44 1.302336
45 1.784696
46 1.909792
47 1.58688
48 1.504016
49 1.455552
50 1.146168
51 1.311952
52 1.249368
53 1.838592
54 1.290112
55 0.755136
56 0.300128
57 0.536256
58 0.645696
59 0.63344
60 0.952128
61 0.842688
62 0.261392
63 0.5472
64 1.259696
65 0.700416
66 0.572016
67 1.160064
68 1.228912
69 1.703544
70 0.979112
71 1.050392
72 1.585088
73 1.388648
74 1.69632
75 1.213664
76 1.382504
77 2.0442
78 1.856616
79 1.42272
80 0.830272
81 1.12928
82 1.783872
83 1.30236
84 2.782904
85 3.041904
86 1.531544
88 1.912032
89 2.811008
90 1.980864
91 2.08652
92 2.320128
93 1.451312
94 1.729152
95 1.262104
96 1.280448
97 1.116288
98 1.168288
99 1.355112
100 1.806288
101 1.761984
102 1.421752
103 1.987744
104 1.521216
105 1.46048
106 1.652544
107 1.186384
108 1.849536
109 1.269504
110 1.131816
111 1.393432
112 1.73596
113 1.325272
114 1.060912
115 1.677904
116 1.995272
117 2.036584
118 2.212672
119 2.374848
120 2.0198
121 2.205872
122 2.672704
123 2.216928
124 2.60296
125 3.513024
126 2.38476
127 2.097136
128 2.62656
129 2.040416
131 1.42272
132 0.919296
133 0.746952
134 1.138176
135 1.571416
136 2.199744
137 1.940848
138 2.451144
139 2.29824
140 2.188056
141 2.363904
142 1.885016
143 2.374848
144 2.026112
145 2.532152
146 2.461232
147 2.23552
148 2.550384
149 2.393776
150 2.403128
151 2.29824
152 1.821432
153 2.16396
154 2.40768
155 2.0018
156 2.002752
157 1.466496
158 1.378944
159 0.969608
160 0.842688
161 0.722304
162 0.372096
163 0.470592
164 0.350208
166 0.32832
167 0.21888
168 0.229824
169 0.229824
170 0.229824
171 0.295488
172 0.21888
178 0.10944
179 0.087552
181 0.098496
182 0.098496
183 0.089568
184 0.786976
185 1.293768
186 1.064872
187 1.270328
188 1.434424
189 1.68952
190 1.875432
191 1.879392
192 1.983152
193 2.203152
194 1.954672
195 1.29104
196 1.40776
198 1.335168
199 1.09932
200 1.181952
201 1.168856
202 2.002752
203 1.855368
204 1.747872
205 2.159368
206 2.046232
207 2.003552
208 1.98132
209 2.073584
210 1.999824
211 2.659392
212 1.84688
213 2.637504
214 2.000344
215 2.090304
216 1.926536
217 2.528064
218 2.058576
219 2.506176
220 1.972232
221 2.495232
222 2.027728
224 0.05472
225 5.255712
226 1.171368
227 1.378824
228 1.084216
229 1.471496
230 1.335504
231 1.187008
232 1.148696
233 1.368808
234 1.345952
236 1.333968
237 1.394992
238 1.550616
239 1.143104
240 1.102168
241 1.17256
242 1.098864
243 1.251752
244 1.096768
245 1.2464
246 0.910872
247 1.186128
248 0.494016
249 0.290616
250 1.18124
251 1.195464
252 1.471768
253 1.794296
254 1.748496
256 1.398864
257 0.730296
258 1.146912
259 0.987904
260 1.503792
261 1.670632
262 1.675696
263 1.4844
264 1.806696
265 1.512336
267 1.487832
268 1.380432
269 1.435784
270 1.7192
271 0.989752
272 1.44508
273 1.59932
274 1.176896
275 1.424512
276 1.243032
277 1.019256
278 0.931632
279 1.047376
281 1.226992
282 1.033992
283 1.175664
284 1.062176
285 1.266512
286 1.027528
287 1.204528
288 1.00804
289 1.269232
290 1.042496
291 1.620512
292 1.296104
293 0.966656
294 1.047504
295 1.077592
296 1.43928
297 1.1456
298 1.469832
299 1.56424
300 1.513128
301 1.015152
302 0.92848
303 1.073472
304 1.36156
306 1.02272
307 1.43316
308 1.509312
309 1.781944
310 1.871016
311 1.83432
312 1.85692
313 1.884328
314 2.552312
315 2.84324
316 2.007848
317 1.95108
318 2.406488
319 2.316288
320 1.951392
321 2.126472
322 1.73772
323 1.970856
324 1.95428
325 2.155968
326 1.725912
327 1.551888
328 2.021792
329 2.757888
330 2.51436
331 2.433176
332 2.757888
333 1.978736
334 2.725056
335 2.779776
336 1.8102
338 2.423952
339 2.24352
340 1.561272
341 1.761984
342 1.54876
343 1.433664
344 0.744192
345 0.534256
346 0.339264
347 0.021888
348 0.87552
349 0.481536
350 1.1494
351 2.176176
352 2.597472
353 2.359336
354 2.035584
355 0.63292
356 0.678528
357 0.897408
358 1.028672
359 1.346112
360 1.020696
361 1.225728
362 0.963808
363 1.324224
364 1.093816
365 2.123136
366 1.8046
367 1.594672
368 1.871424
369 1.600816
370 1.653136
371 2.177856
372 1.261792
373 1.346112
374 1.42272
375 0.932896
376 1.116288
378 0.761832
379 0.448704
381 0.131328
382 0.229824
383 0.175104
396 0.010944
408 0.032832
409 0.295464
410 2.856384
411 4.0576
412 4.29428
413 4.443264
414 4.187
415 4.212072
416 4.995864
417 5.482944
418 4.111992
419 4.982552
420 4.582576
421 4.896
422 5.099608
423 4.789032
424 2.265408
426 3.002528
427 3.11904
428 2.724176
429 4.793472
430 4.766448
431 4.712832
432 4.673808
433 4.749488
434 4.29592
435 4.804648
436 4.97952
437 3.781336
438 3.822264
441 6.60696
442 3.39264
443 2.739232
444 2.17228
445 1.986264
446 2.390904
447 1.523864
448 2.608176
450 2.550184
451 2.481872
452 1.97876
453 2.088104
454 1.895288
455 1.975976
456 2.289232
457 2.611048
458 2.069296
460 2.539496
461 2.369936
462 1.781568
463 2.11496
464 1.575888
465 1.947448
466 1.335352
467 1.406752
468 1.734536
469 1.515072
470 1.82416
471 2.107416
472 1.56288
473 1.836136
474 2.104872
475 2.34632
476 1.987432
477 2.164232
478 2.205744
479 1.762912
480 1.807144
481 1.919144
483 1.924112
484 1.874864
485 1.490848
486 1.29452
487 1.694664
488 1.512696
489 2.219712
491 2.232776
492 1.987888
493 1.746912
494 1.941944
495 1.507192
496 1.531872
497 1.665704
498 1.592344
499 1.301632
500 1.30108
501 1.302624
502 1.155656
503 1.546392
504 1.058496
505 1.072608
506 0.935048
507 0.911408
508 0.895656
509 0.670856
510 0.60652
511 0.81436
512 1.304504
513 1.29124
514 1.605216
515 1.696368
516 0.931168
517 1.303216
518 1.21148
519 1.14496
520 1.083552
521 1.408368
522 1.65916
523 1.428104
524 0.584904
525 0.51568
526 0.605304
527 0.967488
528 1.474472
529 0.923864
530 1.115912
531 1.571232
532 3.334424
534 2.324216
535 2.655696
536 1.411776
537 1.369344
538 1.543104
539 2.000656
540 2.829872
541 3.001768
542 2.6132
543 2.241544
544 1.69632
545 1.941832
546 1.980864
547 0.987016
548 1.138176
549 0.942056
550 1.368
551 0.949648
552 1.368
553 1.645944
554 1.80252
555 1.368
556 0.884568
557 1.904256
558 0.679208
559 0.49248
560 0.503424
561 1.05892
562 1.92892
563 1.210304
564 1.105344
565 0.43776
566 0.705976
568 0.65664
569 1.849536
570 1.791
571 1.892384
572 1.589784
573 1.838592
574 1.517224
575 1.289984
576 1.280448
577 1.170624
578 1.47744
579 1.196848
580 2.101248
581 1.6526
582 1.813632
583 1.65404
584 2.062672
585 1.904256
586 1.270408
587 1.630656
588 1.483456
589 1.9152
590 1.315968
591 1.871424
592 1.499328
593 1.29104
594 1.904256
595 1.980864
596 1.792624
597 1.746376
598 1.200424
599 1.597824
600 1.755112
601 1.856072
602 1.787544
603 2.112192
604 1.12992
605 1.685376
606 1.515248
607 1.958976
608 1.504992
609 2.035584
610 1.177472
611 0.38304
613 0.251712
614 0.995904
615 0.84796
616 1.236672
617 1.082784
618 1.269504
619 0.887296
620 1.036464
621 1.707264
622 1.22808
623 1.460208
624 1.352816
625 1.416056
627 1.637704
628 0.733248
629 0.908352
630 0.697312
631 1.028736
632 1.06656
633 1.012976
634 1.557456
635 1.575688
636 1.433376
637 1.343872
638 1.926144
639 2.125136
640 2.143488
641 1.65036
642 1.530192
643 1.543904
644 1.958976
645 1.506376
646 1.410592
647 1.599752
648 1.625592
649 1.619712
650 0.43544
651 1.03968
652 1.139152
653 1.327192
654 1.378944
655 0.69232
656 0.842688
657 0.548608
658 0.864576
659 0.374296
660 0.339264
661 0.645696
662 0.93116
663 0.375056
665 0.49248
666 0.2736
667 0.284544
668 0.09232
669 0.339264
670 0.284544
671 0.473192
672 0.558144
673 0.374264
674 0.733248
675 0.376544
676 0.85284
677 0.832856
678 0.5472
679 0.175104
680 0.367688
681 0.774784
682 0.614864
683 0.8208
684 0.74852
685 0.433384
686 0.525312
687 0.580032
688 0.307536
689 0.240768
690 1.290216
691 2.088976
692 1.766824
693 0.809856
694 0.301544
695 0.744192
696 0.49248
697 0.581144
699 0.934216
700 0.700416
701 0.43776
702 0.043776
703 1.227928
703 0.5472
