0 1.236
1 1.895624
2 1.169688
3 1.286128
4 1.208688
6 0.946712
7 1.194016
8 0.983216
9 1.279456
10 1.216936
11 1.203304
12 1.43824
13 1.376
14 1.211256
15 1.27744
16 1.339648
17 1.24216
18 1.151904
19 1.18844
20 1.30812
21 1.485664
22 1.051848
23 1.367176
24 1.360056
26 1.081888
27 1.361872
28 0.946232
29 1.527584
30 1.368296
31 1.242968
32 1.000584
33 1.050848
34 1.251136
35 1.254712
36 1.17944
37 1.339552
39 0.88664
40 0.777536
41 1.122832
42 0.845544
43 1.017312
44 0.924432
45 0.902024
46 0.852808
47 0.820304
48 1.002304
49 0.829696
50 0.645696
51 0.687536
52 0.586856
53 0.826312
54 0.836896
55 0.826504
56 0.437752
57 0.377536
58 0.350208
60 0.619632
61 1.003688
62 0.86404
63 1.20492
64 1.0324
65 1.235832
66 1.097792
67 1.544504
68 0.978824
69 0.970112
70 0.525056
71 0.719896
72 0.549576
73 0.83456
74 0.874024
75 1.091688
76 1.2132
77 1.05428
78 1.058728
79 1.067568
80 0.99812
81 1.202488
83 1.43716
84 1.102848
85 0.708792
86 1.061568
87 0.9456
88 0.807632
89 0.797784
90 1.048432
91 1.188136
92 1.330168
93 1.171368
94 1.118104
95 1.035784
96 1.003896
97 1.07224
98 0.853968
99 1.033792
100 1.010032
101 1.0854
102 1.166264
103 0.919136
104 1.082168
105 1.126856
106 0.939968
107 1.301128
108 1.060112
109 0.850456
110 1.128784
111 1.227504
113 1.09028
114 1.045544
115 0.784472
116 0.929024
117 0.757656
118 0.89064
119 1.08012
120 1.003312
121 0.53908
122 0.717728
123 0.70756
124 0.818824
126 0.798176
127 0.773544
128 0.804776
129 0.858904
130 0.774288
131 0.513344
132 0.896616
133 0.39088
134 0.601704
135 0.207936
137 0.457656
138 0.431224
139 0.381576
140 0.525312
141 0.50996
142 1.036672
143 1.0312
144 0.664904
145 0.906968
146 0.918016
147 0.708656
148 0.970568
149 0.858016
150 0.8456
151 0.666736
152 0.746424
154 0.730464
155 0.803312
156 0.566176
157 0.691776
158 0.697616
159 0.6702
160 0.643896
161 0.50196
162 0.611928
163 0.535296
164 0.592472
165 0.60124
166 0.55924
167 0.4796
168 0.450696
169 0.594256
170 0.559672
171 0.581112
172 0.508848
173 0.346576
174 0.207936
175 0.86472
176 0.642488
177 0.810856
178 0.843024
179 0.937936
180 0.964336
181 0.96476
182 0.976216
183 0.962016
184 0.956488
186 1.293848
187 1.164064
188 1.107408
189 1.084656
190 1.16012
191 1.134
192 1.2792
193 1.121
194 1.141608
195 0.555176
196 1.012256
198 0.711032
199 0.957744
200 0.999104
201 1.106944
202 0.837704
203 0.928528
204 0.668544
205 0.481536
206 0.42196
207 0.401696
208 0.414008
209 0.598592
210 0.712152
211 0.64968
213 0.338272
214 0.807824
215 0.81436
216 0.705552
217 0.645488
218 0.53624
219 0.859392
220 0.760552
221 0.513032
222 0.37428
223 0.328544
224 0.306432
225 0.237032
226 0.939456
227 1.003808
228 0.756808
229 0.840512
230 0.683344
231 0.6034
232 0.492616
233 0.26532
234 0.306216
235 0.657064
236 0.612024
237 0.805568
239 0.586008
240 0.571832
241 0.565528
242 0.62844
243 0.569088
244 0.533128
245 0.645376
246 0.765168
247 0.792384
248 0.821824
249 0.764376
250 0.985728
251 1.27056
252 1.151088
253 0.711256
254 1.003768
255 0.903456
256 0.852736
257 0.740424
258 0.557128
260 0.583312
261 0.610392
268 0.131072
270 0.393088
271 0.494472
272 0.463008
273 0.470592
274 0.400024
276 0.120384
277 0.209072
278 0.459648
279 0.327704
280 0.343448
281 0.538864
282 0.620304
283 0.514368
284 0.368288
285 0.496128
286 0.507136
287 0.511792
288 0.501464
289 0.313896
290 0.404928
291 0.366488
292 0.339264
293 0.18808
294 0.306432
295 0.3738
296 0.512128
297 0.316464
298 0.333224
300 0.504264
301 0.64944
302 0.4586
303 0.490072
304 0.337336
305 0.164072
306 0.153216
309 0.120384
310 0.10944
312 0.206944
313 0.877784
314 0.633072
315 0.45824
316 0.485408
317 0.540728
318 0.393984
319 0.33256
320 0.49248
321 0.478448
322 0.207936
323 0.348856
324 0.392592
325 0.762832
326 0.4714
327 0.431904
328 0.229824
329 0.223432
330 0.339264
331 0.423408
332 0.613376
333 0.590976
334 0.251712
335 0.220728
337 0.210704
339 0.16416
340 0.386048
341 0.580032
342 0.683064
343 0.602784
344 0.671784
345 0.759608
346 0.94104
347 0.88296
348 1.019192
349 1.192456
350 0.851872
352 0.897864
353 0.621512
354 0.693288
355 0.575568
356 0.919432
357 0.645136
358 0.61468
359 0.415872
360 0.188472
361 0.21888
362 0.229824
363 0.183744
364 0.56688
365 0.6362
366 0.415872
367 0.444896
368 0.623808
369 0.533744
370 0.651152
371 0.543576
372 0.625368
373 0.660784
374 0.588952
375 0.513568
376 0.601088
377 0.46508
379 0.306432
380 0.343176
381 0.503424
382 0.325008
383 0.769088
384 0.619696
385 0.535056
386 0.551016
388 0.511352
389 0.562048
390 0.53432
391 0.563112
392 0.655792
393 0.630584
394 0.53524
395 0.871032
396 0.705488
397 0.601952
398 0.852064
399 0.850176
400 0.948832
401 0.741928
402 0.823288
403 0.68084
404 0.83912
405 0.809936
406 0.955768
407 0.73876
408 0.544216
409 0.664512
410 0.752984
412 0.756248
413 0.88732
414 0.46928
415 0.4892
416 0.543728
417 0.841888
418 0.747248
419 0.599832
420 0.58904
421 0.640256
422 0.38796
423 0.7178
424 0.84884
425 0.604184
426 0.339264
427 0.579896
428 0.662776
429 1.025184
430 0.7428
431 0.49384
432 0.38304
433 0.303472
434 0.51128
435 0.530928
436 0.665568
437 0.630968
438 0.663824
439 0.595856
441 0.687464
442 0.615272
443 0.779184
444 0.306432
445 0.424984
446 0.412176
447 0.558144
448 0.44188
449 0.574824
450 0.540784
451 0.45364
452 0.60604
453 0.470456
454 0.667056
455 0.601736
456 0.725064
457 0.571808
458 0.825248
459 0.699584
460 1.210064
461 0.976816
462 1.014744
463 0.693408
464 1.00616
465 0.62608
466 0.759888
467 1.040944
468 1.034288
469 0.751392
470 1.037336
471 0.73548
472 0.915224
474 0.972488
475 0.9394
476 0.662208
477 0.860912
478 0.959632
479 0.77088
480 0.684024
481 0.738456
482 0.759616
483 0.732032
484 0.609552
485 0.84796
486 0.668432
487 0.697992
488 0.58852
489 0.557528
490 0.494464
491 0.753248
492 0.63956
493 0.514368
494 0.198352
495 0.461344
496 0.835224
497 0.81884
498 0.829576
499 0.503752
500 0.707024
502 0.380528
503 0.588136
504 0.865336
505 0.930304
506 0.893792
507 0.950048
508 0.797176
509 0.858424
510 0.678168
511 0.87676
512 0.631448
513 0.882304
515 0.878368
516 0.879384
517 0.943848
518 0.892376
519 0.750512
520 0.832312
521 0.8292
522 0.674232
523 0.920912
524 0.625904
525 0.833512
526 0.615104
527 0.85864
528 0.835664
529 0.7072
530 0.914552
531 0.356064
532 0.679456
533 0.845384
534 0.933176
535 0.680384
537 0.948736
538 0.718472
539 0.915856
540 0.68744
541 0.963216
542 0.738744
543 0.946464
544 0.76448
545 0.919296
546 0.469216
547 0.21072
548 0.972152
549 0.94868
551 0.400768
552 0.558144
553 0.86544
554 0.755728
555 0.729312
556 1.037464
557 0.754832
558 0.735816
559 1.512096
560 0.949536
561 0.962928
562 0.901056
563 0.839424
564 0.808832
566 1.00604
567 1.067296
568 0.58304
569 0.992576
570 1.02256
571 1.0074
572 0.991512
573 0.951168
574 0.42084
575 0.611528
576 0.769168
577 0.940592
578 1.004544
580 1.097576
581 1.115024
582 1.122816
583 0.95872
584 1.1228
585 1.076224
586 0.797976
587 1.072896
588 0.82368
589 1.149656
590 1.11684
591 0.637288
592 0.450544
593 0.670816
594 1.317704
595 1.036112
596 0.155832
597 0.426816
598 0.599224
599 0.950328
600 1.151528
601 1.258824
602 1.164032
603 1.092456
604 1.534952
605 1.464816
606 1.404208
608 1.269008
609 1.30824
610 1.247912
611 1.431536
612 1.350448
613 1.243008
614 1.160944
615 0.96452
616 1.142136
617 1.055024
618 1.045488
619 0.592536
620 0.567952
621 0.603408
622 0.514368
623 0.564616
624 0.81972
626 0.479536
627 0.518864
628 0.564416
629 0.56508
630 0.591792
631 0.262656
632 0.580584
633 0.454216
634 0.525312
635 0.446888
636 0.447664
637 0.337328
638 0.372656
640 0.470592
641 0.8768
642 0.847936
643 1.104264
644 1.061432
645 0.803024
646 1.187176
647 0.415544
648 0.470592
649 0.335928
650 0.632656
651 0.733824
653 0.575872
654 0.525312
655 0.351008
656 0.600128
657 0.758112
658 0.98628
659 1.417528
660 1.056072
661 1.157248
663 1.38944
664 1.22492
665 1.10968
666 1.152528
667 1.283664
668 1.2832
669 1.8322
670 1.274472
671 1.261888
672 1.154736
673 1.38532
674 1.090176
675 1.346688
676 1.427656
677 1.432712
678 1.329024
679 0.799232
680 1.244392
681 0.803352
682 1.302504
683 1.110616
684 1.028864
686 1.01264
687 1.037376
688 1.145456
689 1.053
690 0.741272
691 1.0998
692 1.261136
693 0.905296
694 1.27168
695 1.190808
696 1.18036
697 1.181312
698 1.196808
699 1.364048
701 0.830112
702 1.35936
703 1.318856
704 1.423824
705 1.2752
706 1.216592
707 1.188416
708 1.137928
710 1.051144
711 0.985992
712 0.943704
713 1.05908
714 1.1152
715 1.45176
716 0.87512
717 1.157112
718 1.2792
719 1.278296
720 0.885512
721 0.863192
722 1.189432
723 0.94528
724 1.061552
725 1.340872
726 0.966208
727 0.76176
728 0.781816
729 0.536864
730 0.58172
731 0.361152
732 0.196992
733 0.098496
735 0.124704
736 0.131328
737 0.207936
738 0.299168
739 0.569088
740 0.529448
741 0.790096
742 0.48512
743 0.426816
744 0.238152
745 0.536256
746 0.550168
747 0.839408
748 0.755552
749 0.73436
750 0.801384
751 0.580424
752 0.38304
753 0.157688
754 0.229824
755 0.283112
757 0.085616
759 0.295488
761 0.087552
762 0.287224
763 0.21888
764 0.094088
765 0.131328
766 0.142272
795 0.098496
796 0.084624
797 0.175104
798 0.065664
799 0.087552
800 0.207016
801 0.295488
802 0.310376
803 0.363096
804 0.229824
805 0.131328
806 0.277552
807 0.010944
808 0.480752
810 0.207936
811 0.308224
812 0.153216
813 0.306432
815 0.08384
817 0.142272
818 0.2736
819 0.268784
820 0.2736
821 0.214176
822 0.415872
824 0.257376
825 0.474392
826 0.470592
827 0.46176
828 0.257416
829 0.580032
830 0.213888
831 0.350208
832 0.158368
833 0.448704
834 0.359528
835 0.339264
836 0.246544
837 0.278208
838 1.109976
839 0.839384
840 1.12712
842 0.820832
843 0.677552
844 0.77184
845 0.732624
846 0.75832
847 1.060432
848 1.178248
849 1.168912
850 1.184912
851 1.050208
852 1.305752
853 1.166248
854 1.069424
855 1.084232
856 0.761304
857 0.761624
858 0.848416
859 0.8188
861 0.978816
862 1.004008
863 1.107352
864 0.792272
865 0.96292
866 1.29392
867 1.574072
868 1.232448
869 1.524976
870 1.203312
871 1.564224
872 1.683968
873 1.928768
874 1.719456
875 1.430424
876 1.332
877 1.325192
878 1.329416
880 1.09136
881 1.473408
882 1.107912
883 1.267216
884 1.334232
885 1.292248
886 1.353568
887 0.981616
888 0.867096
889 0.897744
890 0.807352
891 1.136536
892 1.115152
893 1.162544
894 1.124528
895 0.947656
896 0.849408
897 1.268472
898 0.972088
899 1.02064
900 0.93348
901 0.956344
903 1.08
904 1.0934
905 1.10396
906 0.745088
907 1.08132
908 0.771936
909 1.215736
910 0.771872
911 0.940952
912 1.137176
913 1.19416
914 0.940672
915 0.942032
916 0.897792
917 0.637664
918 0.802488
919 0.87508
920 0.553496
921 0.703168
922 0.155504
923 0.443248
924 0.81136
925 0.87476
926 1.578408
927 1.423976
928 1.511728
929 1.239776
930 1.554328
931 1.517784
933 1.443912
934 1.556032
935 1.793424
936 1.079304
937 1.32412
938 1.430352
939 1.486552
940 1.425128
941 1.609392
942 1.580824
943 1.57804
944 1.507272
945 1.464056
946 1.426784
947 1.841776
948 1.60828
949 1.378688
950 1.158736
951 1.186512
952 0.993416
953 0.61472
954 0.487968
956 0.572616
957 1.30876
958 1.527688
959 1.357912
960 1.494936
961 1.350104
962 1.582688
963 1.129392
964 0.668416
965 0.953064
966 1.537816
967 1.561344
968 1.928104
969 2.375664
970 1.69504
971 1.679096
972 1.566856
973 1.780088
974 1.743968
975 1.560632
976 1.811816
977 1.760768
979 1.46512
980 1.169352
981 1.277952
982 1.773136
983 1.359368
984 1.3434
985 1.358856
986 1.274248
987 1.321336
988 1.08012
989 1.462264
990 1.221072
991 1.135688
992 1.149696
993 0.943664
994 1.523576
995 1.277976
996 1.235288
997 0.948568
998 1.100776
999 1.300384
1000 1.095432
1001 1.212528
1002 0.943168
1004 0.8928
1005 0.705816
1006 0.60068
1007 0.631104
1008 0.633312
1009 0.65836
1010 0.702144
1011 0.918608
1012 1.109128
1013 0.92704
1014 0.858528
1015 0.81388
1016 0.240768
1017 0.131072
1018 0.544496
1019 0.802192
1020 0.92596
1021 0.339264
1022 0.191056
1023 0.943008
1024 0.944352
1025 0.944136
1026 1.359328
1027 1.096256
1028 1.082088
1030 0.931984
1031 1.000344
1032 0.76984
1033 0.615848
1034 0.383704
1035 0.139528
1036 0.32832
1037 0.213232
1038 0.2736
1039 0.20136
1040 0.207936
1041 0.065664
1042 0.152576
1043 0.5472
1044 0.216184
1045 0.05472
1047 0.021888
1048 0.2846
1049 0.712704
1050 0.87544
1051 1.000136
1052 0.535752
1053 0.555112
1054 0.920904
1055 1.039928
1056 0.6716
1057 0.774328
1058 1.020464
1059 1.025912
1060 0.90724
1061 0.812248
1063 0.691384
1064 0.777016
1065 1.099016
1066 1.429808
1067 1.241656
1068 1.15836
1069 0.859
1070 0.805296
1071 0.768928
1072 0.524784
1073 0.60708
1074 0.801024
1075 0.91728
1076 0.728224
1077 0.628168
1078 0.548592
1079 0.426816
1080 0.15716
1081 0.284544
1082 0.256432
1083 0.240768
1084 0.209408
1085 0.306432
1086 0.20464
1087 0.229824
1088 0.21888
1089 0.31316
1091 0.329056
1092 0.521944
1093 0.873016
1094 0.503312
1095 0.32832
1096 0.232608
1097 0.032832
1098 0.459648
1099 0.691592
1100 0.51956
1102 0.47652
1103 0.363592
1104 0.207936
1105 0.087552
1106 0.098496
1107 0.115864
1108 0.43776
1109 0.589096
1110 0.50304
1111 0.350208
1112 0.472336
1113 0.605704
1114 0.361152
1115 0.2482
1116 0.372096
1117 0.306432
1118 0.410136
1119 0.26076
1120 0.552248
1122 0.511632
1123 0.251712
1124 0.48472
1125 0.512872
1126 0.512048
1127 0.536256
1128 0.558632
1129 0.556352
1130 0.64608
1131 0.532928
1132 0.631568
1133 0.553912
1134 0.551536
1135 0.500464
1136 0.562528
1137 0.580032
1138 0.371016
1139 0.27928
1140 0.350208
1141 0.254248
1142 0.38304
1143 0.37316
1144 0.833608
1145 0.85328
1146 0.847496
1147 0.47292
1148 0.465856
1149 0.987976
1150 0.696896
1151 0.707776
1153 0.971264
1154 1.27692
1155 1.22176
1156 1.476816
1157 1.687424
1158 1.280168
1159 1.511272
1160 1.502648
1161 1.217032
1162 1.169928
1163 1.294032
1164 0.798848
1165 0.975928
1166 1.14856
1167 1.061736
1168 1.0418
1169 1.061928
1170 1.002912
1171 0.858528
1172 0.953056
1173 1.002144
1174 1.053192
1176 0.674832
1177 0.881296
1178 0.583992
1179 0.8418
1180 0.76552
1181 1.110744
1182 0.56348
1183 0.710088
1184 0.550552
1185 0.430632
1186 0.513808
1187 0.58932
1188 0.493248
1189 0.38304
1190 0.29856
1191 0.41024
1192 0.444552
1193 0.672904
1194 0.660248
1195 0.609424
1196 0.186048
1197 0.46248
1198 0.911664
1199 1.525096
1200 1.392256
1201 1.36972
1202 1.106016
1204 1.353488
1205 1.339752
1206 1.128992
1207 1.398736
1208 1.189584
1209 0.712208
1210 1.181616
1211 0.910504
1212 0.843656
1213 0.626768
1214 0.561744
1215 0.457488
1216 0.3904
1217 0.3916
1218 0.65664
1220 0.50584
1221 0.499424
1222 0.20372
1223 0.448704
1224 0.4906
1225 0.519184
1226 0.898616
1227 0.408088
1228 0.326392
1229 0.393984
1230 0.152632
1231 0.10944
1232 0.354072
1233 0.855496
1234 1.188752
1236 1.100576
1237 1.015112
1238 0.942328
1239 0.981368
1240 1.102488
1241 1.21964
1242 0.93596
1243 0.645288
1244 0.580032
1245 0.52568
1246 0.84036
1247 0.920672
1248 0.740824
1249 0.882848
1250 0.824864
1251 0.839896
1252 0.447248
1253 0.691464
1254 0.452344
1255 0.440656
1256 0.376216
1257 0.203352
1259 0.284544
1261 0.131072
1262 0.704792
1263 1.341592
1264 1.098576
1265 1.138824
1266 1.04268
1267 0.743728
1268 0.78808
1269 0.689056
1270 0.785768
1271 0.548976
1272 0.563448
1273 0.565728
1274 0.870064
1275 0.954672
1276 0.532336
1277 0.642056
1278 0.77128
1279 0.789528
1280 0.829872
1282 0.789984
1283 0.849968
1284 0.988864
1285 0.85472
1286 0.799512
1287 0.773256
1288 0.92944
1289 0.736984
1290 0.894384
1291 1.058712
1292 0.967984
1294 1.041368
1295 1.042192
1296 1.015224
1297 0.969624
1298 0.92624
1299 0.81988
1300 0.861448
1301 0.58752
1302 0.698568
1303 0.780048
1304 0.76288
1305 0.758456
1306 0.93
1308 1.306416
1309 1.511904
1310 1.181888
1311 1.100352
1312 1.328448
1313 1.276088
1314 1.135424
1315 1.080792
1316 1.13668
1317 1.253576
1318 1.135504
1319 1.21032
1320 1.153248
1321 0.997656
1322 0.950688
1323 0.715992
1324 0.547088
1325 0.68952
1326 0.549784
1327 0.601
1328 0.72648
1329 0.695616
1330 0.840472
1331 0.69844
1332 1.085696
1333 1.1422
1334 0.936392
1335 1.137304
1336 1.110784
1337 1.065512
1338 0.884864
1340 0.392856
1341 0.814104
1342 0.672264
1343 0.885568
1344 0.79232
1345 1.06276
1346 0.971024
1347 1.081112
1348 1.140112
1349 1.200536
1350 1.093864
1351 1.333264
1352 1.294192
1353 0.832344
1354 1.08108
1355 1.064168
1356 1.061984
1358 0.93536
1359 1.03552
1360 1.023392
1361 1.320128
1362 0.85308
1363 0.692816
1364 0.44628
1365 0.63256
1366 0.620664
1367 0.864424
1368 1.102344
1369 1.129792
1370 1.13676
1371 1.077888
1372 1.102528
1373 1.367608
1374 1.015352
1375 1.033016
1376 1.10216
1377 1.076992
1378 1.075936
1379 1.143176
1380 1.150808
1381 1.367032
1382 1.104672
1383 1.178984
1384 1.073384
1385 1.178456
1387 1.097616
1388 1.0594
1389 1.05932
1390 0.848784
1391 0.896328
1392 0.131072
1393 1.070448
1394 0.892624
1395 1.010416
1396 1.047472
1397 0.938496
1398 1.11468
1399 1.102256
1400 1.138632
1401 1.157024
1402 1.207304
1403 1.113808
1404 0.951104
1405 1.3736
1406 1.259056
1407 1.350216
1408 1.132992
1409 0.86376
1410 1.218504
1411 0.908376
1413 1.014128
1414 1.106304
1415 0.965344
1416 1.325856
1417 0.851144
1418 0.930752
1419 0.77916
1420 1.127576
1421 1.249672
1422 0.81696
1423 1.025496
1424 0.823024
1425 0.936992
1426 0.998736
1427 0.922664
1428 1.11468
1428 0.142272
