0 1.662816
1 1.952656
2 0.258648
3 0.2736
4 0.241144
6 0.485616
7 0.496016
8 0.740264
9 1.207056
10 1.235
11 1.051296
12 1.230688
13 1.050512
14 1.356696
15 1.286656
16 1.34504
17 0.96076
18 1.30328
19 1.248424
21 1.494536
22 1.235616
23 1.332664
24 1.348384
25 1.248416
26 1.357368
27 1.34808
28 1.327224
29 1.015048
30 1.264512
31 1.031144
32 0.910512
33 1.02468
35 1.580152
36 1.301664
37 1.346344
38 1.374544
39 1.511616
40 1.244608
41 1.558712
42 1.434072
44 1.25892
45 1.289008
46 1.38408
47 1.194616
48 1.1334
49 1.249424
50 0.84064
51 0.851696
52 1.046504
53 1.345832
54 1.406528
55 0.960136
57 0.562344
58 1.298584
59 1.37172
60 1.226424
61 1.316744
62 1.2252
63 1.647808
64 1.86752
65 0.905688
66 1.184328
67 0.944488
68 0.952952
69 0.70584
70 0.788312
71 0.94344
72 0.853032
73 1.072248
74 1.083624
75 1.101688
76 1.347224
77 1.334456
78 0.747768
79 0.898096
80 1.045712
81 0.82952
82 0.786888
83 0.809808
84 0.818608
85 0.602288
86 0.947
87 0.775608
88 0.565504
89 0.722664
91 1.127112
92 1.160824
93 1.110168
94 0.99608
95 0.952464
96 0.913408
97 0.966256
98 0.855576
99 1.275704
100 0.93008
101 1.115
102 0.743816
103 1.19168
104 1.401552
105 1.014408
106 0.905176
107 0.931792
108 0.99768
109 0.997728
110 1.037104
111 1.071512
112 1.060352
114 0.867096
115 1.00008
116 1.24428
117 1.353112
118 1.437488
119 1.52048
120 1.3098
121 1.149312
122 0.804976
123 1.07284
124 1.094952
125 1.103888
127 1.307408
128 1.157992
129 1.063096
130 1.09172
131 0.982296
132 1.255856
133 1.229096
134 0.916864
135 0.967376
136 0.919288
137 0.861792
138 0.854952
139 0.910824
140 0.973832
141 1.114488
142 0.83028
143 0.939288
144 0.766896
146 1.016952
147 1.231
148 1.042288
149 1.132656
150 0.740704
151 1.00364
152 0.887464
153 0.8868
154 1.025488
155 0.854896
156 0.953816
157 0.866776
158 0.97296
160 1.04404
161 1.28484
162 0.870256
163 0.90904
164 1.051816
165 1.07224
166 0.99872
167 1.315328
168 0.742944
169 1.121
170 1.11972
171 0.741224
172 0.846608
173 1.081192
174 1.058392
175 0.971768
176 1.243048
177 1.155312
178 0.898368
179 0.728392
181 0.607768
182 0.598592
183 0.615568
184 0.370184
185 0.4308
186 0.372096
187 0.108448
188 0.479504
189 0.497664
190 0.406176
191 0.551992
192 0.90656
193 0.995888
194 0.470112
195 0.810568
196 0.679376
197 1.01428
198 1.048896
199 1.04156
200 1.340688
201 0.738064
203 0.756752
204 0.954576
205 0.86112
206 0.907104
207 0.522096
208 0.556136
209 0.845688
210 0.780032
211 0.684408
212 0.918976
213 0.819888
214 0.745144
215 0.660104
217 0.561488
218 0.4994
219 0.372096
220 0.354024
221 0.544152
222 0.354432
223 0.372096
224 0.281376
225 0.339264
226 0.26656
227 0.37016
228 0.42772
229 0.546192
230 0.620728
231 0.53068
232 0.701096
233 0.361152
234 0.305536
235 0.361152
236 0.171336
237 0.86356
238 0.835024
239 0.85116
240 0.723144
242 0.298848
243 0.021888
244 0.55324
245 0.32832
246 0.39512
247 0.601304
248 0.912536
249 0.743296
250 1.050464
251 1.018928
252 1.165568
253 1.047048
255 1.0282
256 0.967064
257 1.14276
258 0.524264
259 0.499088
260 0.415784
261 0.087552
262 0.535264
263 0.361152
264 0.626072
265 0.551296
266 0.87928
268 0.588376
269 0.671824
270 0.686384
271 0.699064
272 0.4692
274 0.229824
275 0.19532
276 0.186048
277 0.10944
279 0.162584
280 0.131328
281 0.087552
282 0.05472
283 0.043776
284 0.099304
285 0.229824
286 0.300576
287 0.361152
288 0.179656
289 0.251712
290 0.261184
291 0.129392
292 0.21888
293 0.262656
294 0.18656
295 0.229824
296 0.175104
297 0.2736
298 0.187896
299 0.251712
300 0.14504
301 0.262656
303 0.131328
304 0.178112
305 0.38304
306 0.431352
307 0.65664
308 0.230688
309 0.229824
311 0.076608
312 0.682728
313 0.2736
314 0.19052
315 0.503424
316 0.273456
317 0.229824
319 0.131328
320 0.098496
321 0.050288
322 0.175104
323 0.427744
324 0.573952
325 0.817336
326 0.612424
327 0.826512
328 0.758696
329 0.678896
330 0.512072
331 0.623848
332 0.863888
333 0.656216
334 0.820128
335 0.823288
336 0.678648
337 1.1688
338 0.679976
339 0.313568
340 0.175104
344 0.131072
345 0.435504
346 0.153216
348 0.629264
349 0.751512
350 0.723864
351 0.779144
352 1.23504
353 1.253048
354 0.854232
355 0.708808
356 0.585592
357 0.63064
358 0.604536
359 0.64268
360 0.47256
361 0.251712
362 0.314392
363 0.52232
365 0.447856
366 0.306432
367 0.214712
368 0.240768
369 0.15328
370 0.229824
371 0.142272
372 0.05472
374 0.05364
376 0.5646
377 0.240768
378 0.251712
379 0.180176
380 0.32832
381 0.243448
382 0.34756
383 0.339264
385 0.162592
387 0.669688
388 0.2736
389 0.37748
390 0.447344
391 0.227888
392 0.196992
393 0.175104
394 0.22756
395 0.131328
397 0.120384
399 0.21888
400 0.03532
401 0.2736
403 0.339264
404 0.228784
405 0.295488
406 0.032832
407 0.1894
408 0.229824
409 0.204368
410 0.284544
411 0.227816
412 0.32832
414 0.30852
415 0.196992
416 0.131072
417 0.408824
418 0.306432
419 0.257224
420 0.372096
421 0.391
422 0.41732
423 0.422296
424 0.284544
425 0.216728
426 0.32832
428 0.276712
429 0.262656
430 0.140272
431 0.196992
432 0.16416
433 0.475504
434 0.357096
435 0.130016
436 0.719024
437 0.84936
438 1.086512
439 1.145096
440 0.787448
441 1.133672
442 0.717512
443 1.118416
444 1.034872
445 1.141824
447 1.163776
448 1.143072
449 1.154736
450 0.913496
451 0.789088
452 0.917288
453 0.85604
454 0.985288
455 1.265808
456 0.907264
457 0.906872
458 0.883992
459 0.837672
460 0.842504
461 1.01352
462 1.021048
463 1.049792
464 1.06476
465 1.545888
466 1.032672
467 1.056632
468 1.247944
469 1.128496
470 1.14296
471 1.178976
472 0.643232
474 1.042032
475 0.9108
476 0.681424
477 1.131016
478 1.189232
479 1.134792
480 1.21408
481 1.158808
482 1.160352
483 1.05108
485 1.029584
486 1.056688
487 1.1286
488 1.181144
489 1.143264
490 1.00108
491 0.862616
492 1.026568
499 0.131072
502 0.274184
503 0.783632
504 1.110936
505 1.226488
506 1.189344
507 1.149168
508 1.29232
509 1.280088
510 1.179888
511 1.2544
512 1.291488
513 1.289728
514 1.18324
515 1.423288
516 1.175112
517 1.128184
518 0.89292
520 0.974328
521 1.344096
522 1.462336
523 1.259672
524 1.4154
525 1.309064
526 1.156368
527 0.997944
528 1.28936
529 1.355632
530 1.146688
531 1.698552
532 1.170552
533 1.255112
534 1.309984
535 1.313872
536 1.24368
537 1.36328
538 1.339936
539 1.336992
540 1.026696
541 1.2834
542 1.21884
543 1.28732
544 1.233248
546 1.108376
547 1.32196
548 1.244976
549 1.210392
550 0.7104
551 0.69444
552 0.811608
553 0.852912
554 0.777152
555 0.698112
556 0.49996
557 0.531952
558 0.49248
559 0.223808
560 0.229824
562 0.131072
563 0.355216
564 0.434976
566 0.370464
567 0.531016
568 0.427704
569 0.69444
570 0.604128
571 0.791016
572 0.583952
573 0.64084
574 0.433024
575 0.60704
576 0.725184
577 0.908888
578 1.029288
579 1.195432
580 0.90248
581 1.120712
582 0.83912
583 1.006768
584 1.070712
586 1.195304
587 0.918344
588 1.085376
589 1.430968
590 0.958192
591 0.558144
592 0.438504
593 0.60192
594 0.493104
596 0.922
597 0.43776
598 0.348576
600 0.240768
601 0.444592
602 0.955744
603 0.826704
604 0.153216
605 0.10944
606 0.087552
607 0.098496
608 0.098496
610 0.084856
611 0.612864
612 0.232816
613 1.02428
614 0.899736
615 0.737584
616 0.841288
617 0.642488
618 0.651656
619 0.54212
620 0.669032
621 0.925192
622 0.678664
623 0.549528
624 0.404928
625 0.2028
626 0.372096
627 0.27516
628 0.797776
629 0.767568
630 0.953136
631 0.606304
632 0.632752
633 0.5472
634 0.1796
635 0.306432
636 0.207936
637 0.203264
638 0.295488
639 0.18204
640 0.295488
641 0.252528
642 0.339264
643 0.252264
644 0.240768
645 0.279112
647 0.764264
648 0.503424
649 0.292512
650 0.558144
651 0.558704
652 1.0808
653 0.912592
654 0.671448
655 0.623128
657 0.602464
658 0.857744
659 0.946408
660 0.667256
661 1.0254
662 0.98344
663 0.729088
664 0.459648
665 0.635552
666 0.843872
667 0.745832
668 0.9606
670 1.23848
671 0.898008
672 0.748768
673 0.792976
674 0.906448
675 0.8236
676 0.883232
677 0.71532
678 0.61648
679 0.579824
680 0.559336
681 0.636776
682 1.013136
683 0.898424
684 0.908352
685 0.5856
687 0.897408
688 0.61224
689 0.87648
690 0.85412
691 0.313952
692 0.21888
693 0.706792
694 0.907448
695 0.944168
696 1.077728
697 0.655112
698 0.750656
699 0.661624
700 0.867624
701 1.125008
702 1.2758
703 1.405056
704 1.78404
705 1.090576
707 1.261208
708 1.20296
709 1.138768
710 1.028272
711 1.013456
712 1.285848
713 1.081328
714 1.260208
715 1.14076
716 1.122776
717 1.067528
718 1.361768
719 1.25548
720 1.053664
721 0.5784
723 1.151424
724 1.200896
725 1.176224
726 1.069
727 1.272176
728 0.789776
729 0.838104
730 0.799016
731 1.38964
732 1.059776
733 0.97576
735 1.303968
736 1.454464
737 1.265712
738 0.98456
739 0.839736
740 0.978656
741 1.176744
742 1.134392
743 1.26812
744 1.337288
745 1.242704
746 1.054032
747 1.176712
748 1.15888
749 1.044472
750 1.16236
751 1.343168
753 1.74636
754 1.29236
755 0.91132
756 0.894128
757 1.171424
758 0.890848
759 1.00644
760 1.051728
761 0.994176
762 0.872592
763 0.371176
764 0.354152
765 0.262656
767 0.166104
768 0.16416
769 0.120384
783 0.010944
784 0.332272
786 0.96408
787 1.096816
788 0.630048
789 0.738912
790 0.518168
791 1.11316
792 1.111296
793 0.68368
794 0.523688
795 0.323152
796 0.409536
797 0.481536
798 0.40956
799 0.691952
800 0.672744
801 0.755024
802 0.831776
803 1.000688
804 1.33948
805 1.548936
806 1.268024
807 1.387792
808 0.976976
809 1.203424
810 1.152536
812 1.08964
813 0.613472
814 1.01428
815 0.84328
816 0.751136
817 0.95784
818 0.454432
819 0.290912
821 0.240768
822 0.243344
823 0.196992
824 0.196992
825 0.155488
826 0.196992
827 0.207936
828 0.1448
829 0.16416
830 0.16416
831 0.117544
832 0.521224
833 0.415872
834 0.1812
835 0.38304
836 0.31832
837 0.339264
839 0.16416
840 0.63796
841 0.650712
842 0.404928
843 0.078864
844 0.49248
845 0.542344
847 0.570352
848 0.555128
849 0.523456
850 0.236384
851 0.207936
852 0.352224
853 0.721304
854 0.932024
855 0.96552
856 0.999296
857 1.138904
858 1.055272
859 1.365712
860 1.122424
861 0.951776
862 0.887904
863 1.433136
864 1.132264
865 1.59432
866 1.081928
867 1.546192
868 1.061712
870 0.909848
871 1.420248
872 1.2092
873 1.516888
874 1.256616
875 1.473792
876 1.328264
877 1.394264
878 1.674784
880 1.8114
881 1.680272
882 1.458656
883 1.237248
884 0.986608
885 0.987408
886 0.809424
887 0.773568
888 1.036712
889 0.985544
890 0.94208
891 1.097888
892 1.00708
893 0.988024
894 1.097344
895 0.679032
896 1.016792
897 0.668848
899 0.89132
900 0.793544
901 0.586832
902 0.530688
903 1.077904
904 0.865672
905 0.98452
906 0.665688
907 1.0748
908 0.510416
909 0.694984
910 0.814528
911 0.46696
912 0.553304
913 1.058072
914 1.090472
915 1.474544
916 1.36388
917 1.537352
919 1.424648
920 1.647176
921 1.694744
922 1.805832
923 1.39092
924 0.918328
925 0.753312
926 1.21728
927 0.67028
928 0.73324
929 0.772472
930 0.650744
931 0.553664
932 0.869952
933 0.907864
934 0.797336
935 0.916024
936 1.043632
937 1.04048
938 1.352304
939 1.60092
941 1.70116
942 1.156464
943 1.061032
944 0.976904
945 1.285008
946 1.1266
947 0.914784
948 0.900936
949 0.772504
950 0.889632
951 0.81316
952 0.822096
953 1.005152
954 1.23528
955 1.118536
956 1.090208
957 0.801944
958 0.952536
960 1.03112
961 1.649712
962 1.312496
963 1.745536
964 1.872256
965 1.326656
966 1.466704
967 1.460072
968 1.347664
969 0.762848
970 0.707904
971 0.780512
972 0.849816
973 0.813728
974 1.21632
975 0.793016
976 0.925488
977 1.026168
978 0.984056
979 0.669704
980 0.460512
982 0.16416
983 0.676288
984 0.710696
985 0.261664
986 0.434272
987 0.48216
988 0.926744
989 0.978088
990 0.878464
991 0.831112
992 0.945864
993 0.882352
994 0.70988
995 0.854448
996 0.759064
997 0.927288
999 0.668744
1000 0.32832
1001 0.131328
1002 0.094064
1003 0.452144
1004 0.043776
1005 0.659912
1006 0.617696
1007 0.76944
1008 0.771904
1009 1.077128
1011 1.073152
1012 1.059432
1013 0.933264
1014 0.715072
1015 0.525312
1016 0.735
1017 0.91104
1018 1.138456
1019 1.194368
1020 0.764128
1021 0.817704
1022 0.682656
1023 0.481408
1024 0.701696
1025 0.863152
1026 0.398
1027 0.297808
1028 0.300888
1029 0.469352
1030 0.926592
1031 0.897688
1032 0.789992
1033 0.976816
1034 0.897408
1035 1.001088
1036 0.593536
1037 0.476096
1038 0.469984
1039 0.737272
1041 0.897864
1042 1.225592
1043 0.85436
1044 1.008672
1045 1.147184
1046 0.697528
1047 0.251712
1051 0.131072
1052 1.188824
1053 0.71944
1054 0.580408
1055 0.452872
1056 0.36656
1057 0.322208
1058 0.393984
1059 0.095408
1060 0.448704
1061 0.540696
1062 1.057368
1063 1.048544
1064 0.885336
1065 0.94864
1066 0.897464
1067 0.68708
1068 1.0804
1069 1.117728
1071 1.364632
1072 1.488632
1073 1.041
1074 1.494352
1075 1.415488
1076 1.492288
1077 1.189352
1078 1.166984
1079 2.005512
1080 1.847896
1081 1.481032
1082 1.887
1083 1.528008
1084 1.535744
1085 1.465608
1086 1.427624
1087 1.658352
1088 1.534832
1089 1.159176
1090 1.187576
1091 1.107776
1092 1.349584
1093 1.021576
1095 1.304032
1096 1.141328
1097 0.949392
1098 0.888152
1099 1.56316
1100 1.691584
1101 1.480968
1102 1.406592
1103 1.569592
1104 1.119888
1105 0.960496
1106 1.037632
1107 1.49692
1108 1.48788
1110 1.239856
1111 1.36116
1112 1.535384
1113 0.851208
1114 1.66488
1115 1.8602
1116 1.365368
1117 0.862768
1118 0.709176
1119 0.564768
1120 0.631296
1121 0.447784
1123 0.41512
1124 1.083128
1125 1.13888
1126 1.001976
1127 0.936752
1129 1.065288
1130 0.998304
1131 1.194496
1132 1.056096
1133 0.987904
1134 0.964
1135 1.133472
1136 1.104792
1137 0.721728
1138 0.914128
1139 0.6606
1140 0.414984
1141 1.06608
1142 0.9634
1143 0.790528
1144 0.462424
1145 0.4146
1146 0.320728
1147 0.393984
1148 0.430632
1149 0.914552
1150 1.100768
1151 0.843848
1152 0.454024
1154 0.098496
1155 0.437408
1156 1.007368
1157 1.2914
1158 1.069208
1159 1.13
1160 1.0526
1161 0.98668
1162 0.93092
1163 0.777016
1164 0.880032
1165 0.86744
1166 0.701688
1167 1.033808
1168 1.020568
1169 1.196624
1170 1.050504
1171 0.84224
1172 0.645808
1173 0.812008
1174 0.923224
1175 1.04112
1176 1.132208
1177 1.300904
1178 1.245376
1179 1.226384
1180 0.628328
1181 1.12472
1182 1.071224
1183 1.14624
1184 1.293088
1185 1.080064
1186 0.97516
1187 0.981368
1188 1.047768
1189 0.977512
1190 0.959208
1191 1.093992
1192 1.289432
1193 1.281824
1194 1.463128
1195 1.094848
1196 1.25384
1197 0.881624
1198 1.145192
1199 0.92596
1200 1.126528
1202 1.3752
1203 0.941792
1204 1.171024
1205 1.10488
1206 1.312976
1207 1.26908
1208 1.282392
1209 1.307824
1210 1.060192
1211 1.239608
1212 1.02892
1213 1.223024
1216 0.328576
1217 0.309024
1218 0.423152
1219 0.641496
1220 1.168168
1221 1.030424
1222 1.472872
1223 1.251352
1225 1.253032
1226 1.099112
1227 1.247008
1228 1.11
1229 1.45156
1230 1.393864
1231 1.090136
1232 1.244376
1233 1.533856
1234 0.915576
1235 0.917952
1236 1.236712
1237 1.228008
1239 1.062016
1240 1.123592
1241 1.078464
1242 1.042168
1243 0.884912
1244 0.904496
1245 1.100456
1246 1.227984
1247 0.906856
1248 0.947144
1249 1.01512
1250 1.057104
1251 1.065696
1252 1.074264
1253 1.191456
1254 1.102864
1255 0.718408
1256 0.703
1257 0.722344
1258 0.824016
1259 1.143008
1260 1.025856
1261 1.115688
1262 1.409416
1264 1.186968
1265 1.273488
1266 1.218728
1267 1.179224
1268 1.000152
1269 1.240456
1270 1.17536
1271 1.161256
1272 0.992912
1273 1.081112
1274 1.129168
1275 0.861864
1276 0.885872
1277 0.623272
1278 0.873616
1279 0.867376
1280 1.363832
1281 0.944952
1282 1.09508
1283 1.106304
1285 1.143296
1286 1.2544
1287 0.837344
1288 0.816704
1289 0.723704
1290 0.731296
1291 0.649192
1292 0.668024
1293 0.706152
1294 0.706256
1295 0.680336
1296 0.72228
1297 0.708384
1299 0.582592
1300 0.809816
1301 0.731872
1302 0.56352
1303 0.693992
1304 0.682136
1305 0.732856
1306 0.999752
1307 0.72696
1308 0.737528
1309 1.167824
1310 1.024088
1311 0.916136
1312 0.968624
1313 1.064552
1314 0.89528
1315 0.59948
1316 0.728824
1317 0.766928
1318 0.54568
1319 0.555176
1320 0.538192
1321 0.868064
1322 1.109864
1323 1.205432
1324 1.029944
1325 1.206824
1326 1.288624
1327 0.884448
1328 1.095496
1329 1.2004
1330 1.200688
1330 0.175104
