0 1.301664
1 2.488912
2 0.63112
3 1.503016
4 1.38216
5 1.388216
6 1.224984
7 1.470544
8 1.419832
9 1.52068
11 1.2252
12 1.409464
13 1.314224
14 1.095208
15 1.4318
16 1.276464
17 1.288888
18 1.414048
19 1.25936
20 1.3902
21 0.769632
22 1.470824
23 1.220072
24 1.434272
25 1.0146
26 1.413936
28 1.079752
29 1.229592
30 0.929568
31 1.034816
32 0.964944
33 1.158888
34 0.964416
35 1.049952
36 1.184
37 1.193176
38 1.039576
39 0.827856
40 1.250472
41 1.20992
43 1.10636
44 0.98424
45 1.076016
46 0.883576
47 1.077824
48 1.125296
49 0.794792
50 1.078024
51 1.00676
52 0.744184
53 0.892536
54 0.72844
55 0.938024
56 0.7546
57 0.49248
58 0.71244
59 1.284112
60 1.126392
61 0.95552
62 1.030136
63 1.18676
64 1.331264
66 0.743936
67 0.630848
68 0.91504
69 0.207936
76 0.131072
77 0.186792
78 0.906368
79 0.785256
80 0.872696
81 0.629232
82 0.962544
83 0.719464
84 1.075016
86 0.63492
87 1.02508
88 1.24452
89 1.05412
90 1.16364
91 1.248304
92 1.220816
93 1.353752
94 1.376704
95 1.231912
96 1.264504
97 1.182312
98 1.105224
99 1.2046
100 1.36188
101 1.239112
102 0.810336
103 1.352408
105 0.975496
106 1.519696
107 1.433616
108 1.111288
109 1.312064
110 1.323016
111 1.322768
112 1.019704
113 1.226096
114 1.225424
115 1.168432
116 1.22912
117 1.1636
118 0.595296
120 1.154832
121 1.17708
122 1.006136
123 1.162632
124 1.198168
125 1.228688
126 1.053008
127 0.760408
128 0.872784
129 0.55712
130 0.732456
131 0.598816
132 0.485192
133 0.324448
134 0.227832
135 0.573496
136 0.83028
137 0.991496
138 0.424744
139 0.338328
140 0.823264
141 0.796232
142 0.55676
143 0.65536
144 0.632968
145 0.81988
146 0.861128
147 0.81424
148 1.054928
150 0.963064
151 0.947176
152 0.53188
153 0.872608
154 0.929744
155 1.149936
156 1.125768
157 1.015896
158 1.084272
159 1.345272
160 1.199696
161 1.122792
162 1.320736
163 1.036472
164 0.8218
165 1.061904
166 0.773776
167 0.92056
168 0.953816
170 0.87772
171 0.983904
172 1.033096
173 1.237008
174 0.688264
175 0.86096
176 0.70472
177 0.59968
178 0.550336
179 0.53628
180 0.589072
181 0.737968
182 0.976064
183 0.539888
184 0.410992
185 0.350088
186 0.38304
187 0.30032
188 0.665392
189 0.771704
190 0.2378
191 0.42128
192 0.32832
193 0.447216
194 0.82948
195 0.917392
196 0.681728
197 1.022016
198 0.8898
199 0.90664
200 0.777984
201 0.75028
202 0.620576
203 0.50156
204 0.51568
205 0.543352
206 0.496464
207 0.52432
209 0.361152
210 0.096464
211 0.142272
212 0.207936
213 0.1584
214 0.426136
215 0.455424
216 0.44712
217 0.43776
218 0.262448
219 0.48152
220 0.535776
221 0.454944
222 0.322792
223 0.513032
224 0.494664
225 0.503648
226 0.401192
227 0.507584
228 0.503424
229 0.464704
230 0.675488
231 0.256632
233 0.32832
234 0.314128
235 0.38304
236 0.249536
237 0.284544
238 0.168976
239 0.428296
240 0.481672
241 0.462312
242 0.48132
243 0.525736
244 0.510488
245 0.429856
246 0.499136
247 0.445488
248 0.633
249 0.75788
250 0.6796
251 0.686344
252 0.776704
253 0.32832
254 0.262656
256 0.108528
257 0.361152
258 0.197944
259 0.583496
260 0.536256
261 0.26368
262 0.27592
264 0.098496
267 0.076608
269 0.302408
270 0.474408
271 0.544152
273 0.617088
274 1.279248
275 1.182856
276 0.980872
277 0.935608
278 0.656424
279 0.663816
280 0.797896
281 0.966352
282 0.82812
283 0.724296
284 0.731704
285 0.657776
286 0.49248
293 0.131072
295 0.010584
296 0.218784
297 0.251712
298 0.11372
299 0.120384
300 0.131328
301 0.087552
302 0.131328
303 0.079216
304 0.10944
305 0.120384
306 0.10944
308 0.22632
309 0.503424
310 0.488672
311 0.3648
312 0.660352
313 0.619272
314 0.620328
315 0.72764
317 0.35224
318 0.680232
319 0.828592
320 0.86948
321 0.635592
322 0.518112
323 0.217832
324 0.707024
325 0.590888
326 0.382048
328 0.31964
330 0.010944
331 0.393984
332 0.184368
333 0.295488
334 0.202768
335 0.33208
336 0.306432
337 0.18992
338 0.16416
339 0.21888
340 0.179576
341 0.207936
342 0.207936
343 0.234064
344 0.372096
346 0.30528
347 0.030896
348 0.131328
349 0.120384
350 0.120384
351 0.11952
352 0.163488
353 0.087736
354 0.21888
355 0.184656
357 0.10944
358 0.098496
359 0.131328
360 0.08588
361 0.229568
362 0.228504
363 0.284544
364 0.793864
365 0.931384
366 0.78848
368 1.208456
369 1.163072
370 1.012248
371 1.20804
372 1.000232
373 1.287888
374 0.964472
375 1.03924
376 1.059808
377 0.930696
378 0.942704
379 0.914832
380 1.072088
381 1.10716
383 1.182072
384 1.2578
391 0.131072
392 0.729696
393 1.07
394 1.491776
395 1.381064
396 1.3992
397 1.42112
399 1.291088
400 1.384576
401 1.414544
402 1.46052
403 0.925288
404 1.406208
405 1.285552
406 1.401368
407 1.40292
408 1.35728
409 1.213528
410 1.171088
411 1.300544
413 1.070976
414 1.219056
415 0.821912
416 0.781936
417 0.541832
418 0.959792
419 0.9588
420 1.05368
421 1.194376
422 1.32464
423 1.385096
424 1.217672
425 1.30416
426 1.479344
427 1.163024
428 1.360656
429 1.365336
430 1.575
432 1.314944
433 1.390312
434 1.400152
435 1.14064
436 1.2426
437 0.878096
438 1.316
439 1.076128
440 1.39308
441 1.502112
442 1.317216
443 1.238256
444 1.568384
445 1.288624
447 1.416632
448 1.22796
449 1.30672
450 1.203016
451 1.20784
452 1.46096
453 1.252416
454 1.345872
455 1.152384
456 1.118248
457 1.390736
458 1.133296
459 1.159544
460 1.2962
461 1.185008
462 0.928488
463 0.90528
464 0.836248
465 1.07912
466 1.0742
467 1.18668
468 1.375328
469 1.01784
470 1.423648
472 1.128112
473 1.15676
474 1.101184
475 1.10544
476 1.10368
477 0.968984
478 1.051512
479 0.531312
481 0.404928
487 0.097888
488 0.009008
489 0.229824
490 0.300376
492 0.691232
493 0.756088
494 1.066096
495 1.09664
496 0.924304
497 0.732896
498 1.06168
499 0.89852
500 1.215712
501 0.870208
502 0.964928
503 0.95968
504 0.981128
505 1.307808
506 1.180528
507 0.970136
508 0.537704
509 1.28268
510 1.062976
511 1.0878
513 1.222856
514 1.0296
515 0.95272
516 0.902296
517 0.579936
518 0.546632
519 0.777288
520 0.251712
521 0.407496
522 0.729816
523 1.143432
524 0.883872
525 0.56964
526 0.544576
528 0.551096
529 1.034472
530 1.009448
531 1.051472
532 0.84676
533 0.550208
534 0.56504
535 0.394704
536 0.434776
537 0.751944
538 0.5094
539 0.38856
540 0.296136
541 0.356112
542 0.84872
543 0.523288
545 0.404928
546 0.337928
547 0.386128
548 0.732528
549 0.656768
550 0.851328
551 1.16324
552 0.989888
553 0.614832
554 0.852
555 0.663232
556 0.74916
557 0.549408
558 0.415872
559 0.619832
560 1.139528
561 1.261344
563 1.089208
564 1.78696
565 1.28552
566 1.492808
567 1.542152
568 1.133536
569 0.765144
570 0.835232
571 0.74324
572 0.964992
573 1.064832
574 0.742248
575 1.436456
576 1.324848
577 1.03144
578 1.0996
579 1.087072
580 0.848592
581 1.368296
582 1.354928
583 1.38328
584 1.429056
585 1.31416
587 1.033488
588 1.217512
589 1.102536
590 1.149544
591 1.391376
592 1.28584
593 1.458048
594 1.052888
595 1.117656
596 1.318792
597 0.816008
598 0.71192
599 0.98624
600 1.209088
601 0.951048
602 1.148984
603 1.689488
605 0.749088
606 0.839352
607 1.20232
608 1.36464
609 1.314464
610 1.240192
611 0.869704
612 1.221048
613 1.151304
615 1.35156
616 1.248072
617 1.34684
618 1.338576
619 1.644816
620 1.616072
621 1.909824
623 1.523944
624 1.406448
625 1.49476
626 0.980736
627 1.094976
628 1.460488
629 1.421768
630 1.110144
631 1.09472
632 1.036456
633 1.087896
634 1.576104
635 1.3204
637 1.230304
638 0.830248
639 1.225008
640 1.093936
641 1.24328
642 1.340568
643 1.037552
644 0.877168
645 0.933008
646 0.689288
647 1.089944
648 1.078472
649 1.033448
650 1.032648
651 1.121
652 0.952776
653 0.7124
654 0.745456
655 0.876368
656 0.57624
657 0.804128
658 0.90484
659 0.573736
660 0.393984
662 0.184072
663 0.262656
664 0.221856
665 0.284544
666 0.327152
667 0.55356
668 0.593208
669 0.689136
670 1.026696
671 0.525832
672 0.544888
673 0.495824
674 0.425216
675 0.463768
676 0.777144
677 0.638408
678 0.649288
679 0.652608
680 0.580272
681 0.393976
686 0.153216
687 0.131328
688 0.174712
744 0.207456
745 0.494008
746 0.608864
747 1.197536
748 0.990696
749 1.04684
750 1.257176
751 1.53428
752 1.39592
753 0.96792
754 1.134272
755 0.948168
756 1.241464
757 1.523512
758 1.50076
759 1.468384
760 1.423688
761 1.915304
762 1.208224
763 1.542696
764 1.229512
765 1.010456
766 1.327248
767 1.187848
768 1.354352
769 1.391312
770 1.3358
771 1.456264
772 1.448136
774 1.207912
775 1.857176
776 1.0894
777 1.410536
778 1.028112
779 1.064752
780 0.773664
781 0.682464
782 0.815384
783 0.697648
784 0.755808
785 0.801872
786 0.940768
787 0.934056
788 0.901344
789 1.261016
790 1.145608
791 1.166824
792 1.24316
793 1.13096
794 1.252416
795 1.347216
796 0.699424
797 0.725664
798 0.9082
799 0.784296
801 0.980104
802 0.898672
803 0.62988
804 0.674144
805 0.566504
806 0.82916
807 1.159288
808 0.794248
809 1.021936
810 1.30508
811 1.403488
812 1.463536
813 1.641624
814 1.32476
815 1.44964
816 2.150152
817 2.005
818 1.547296
819 1.781584
821 1.339416
822 1.582552
823 1.201896
824 1.692672
825 1.8626
826 1.745256
827 1.849312
828 2.191048
829 2.109232
830 2.06356
831 2.091064
833 2.213064
834 2.111816
835 2.14832
836 1.645048
837 1.236936
838 1.83808
839 1.577168
840 1.582424
841 1.507936
842 1.408608
843 1.41252
844 1.687848
845 1.80928
846 1.816856
847 1.467728
848 1.587064
849 1.390408
850 1.50292
851 2.34632
852 2.074584
853 1.78108
855 1.931336
856 1.762472
857 1.797648
858 1.714208
859 1.9706
860 1.944528
861 2.038232
862 2.522296
863 1.851096
864 2.33
866 2.0474
867 2.165912
868 2.44432
869 1.846128
870 1.662304
871 1.776368
872 1.477928
873 1.754864
874 2.25436
875 2.56196
876 2.504896
877 2.425944
878 2.155208
879 2.134136
881 2.215368
882 2.11772
883 1.85108
884 1.983032
885 1.924272
886 1.744168
887 1.696848
888 1.698936
889 1.861456
890 1.926312
891 2.285912
893 2.186888
894 2.13892
895 2.34748
896 2.044592
897 1.919624
898 2.156872
899 1.525088
900 1.363536
901 1.364352
902 1.173312
903 1.509288
904 1.63124
905 1.956952
906 2.46272
907 1.50188
908 2.282472
910 2.22576
911 2.014072
912 2.057712
913 1.791608
914 2.15388
915 2.126784
916 1.946608
917 2.03528
918 1.97776
920 1.877528
921 1.989776
922 2.357656
923 2.56424
924 2.575432
925 2.138808
926 2.3318
927 2.097144
928 2.179448
929 2.21548
931 1.677048
932 1.436096
933 1.207312
934 1.696592
935 1.857896
936 1.793768
937 1.878744
938 2.28788
939 2.282112
940 1.879624
941 2.271728
942 2.287904
943 1.936752
944 2.153864
946 2.315536
947 2.803432
948 1.883368
949 1.771928
950 1.321032
951 1.316864
952 1.758712
953 1.356824
954 1.33692
955 1.556168
956 1.235048
957 1.864352
958 1.997496
959 1.53736
960 1.436736
961 1.564432
962 1.564784
963 1.811096
964 1.389
965 0.840128
966 1.161232
967 1.710264
969 1.701136
970 1.788752
971 1.67576
972 1.171936
973 1.481952
974 1.35356
975 1.2056
976 1.661392
977 1.464032
978 1.772592
979 1.4288
980 1.577376
981 1.351088
982 1.263704
983 1.068704
984 1.025744
985 1.22696
986 1.12536
987 1.244736
989 1.555032
990 1.152552
991 1.491432
992 0.415208
993 0.97116
994 0.857128
995 0.860712
996 1.083048
997 1.333208
998 1.24936
999 1.232936
1000 1.35344
1001 0.967136
1002 0.816552
1003 0.927824
1004 1.334704
1005 1.455152
1006 1.558224
1007 1.4562
1008 1.44636
1009 0.963968
1010 1.387272
1011 1.167144
1012 1.162552
1013 0.877704
1014 1.188976
1015 0.997464
1016 1.411464
1018 1.694672
1019 1.601728
1020 1.213104
1021 1.137776
1022 0.743576
1023 1.327776
1024 0.979432
1025 0.727016
1026 0.350208
1027 0.295336
1028 0.492024
1029 0.262656
1030 0.177248
1031 0.603792
1032 0.973112
1033 0.546176
1034 1.12284
1035 1.133088
1036 1.069552
1037 1.298968
1038 1.15088
1039 1.247064
1040 1.597584
1041 1.04376
1042 0.311192
1043 0.78484
1044 1.242152
1045 0.642616
1046 0.506912
1047 0.649016
1048 0.6466
1049 0.697128
1050 0.46952
1051 0.402144
1052 0.580064
1053 0.465672
1054 0.306432
1055 0.229824
1056 0.979328
1057 1.16032
1059 1.213264
1060 1.269312
1061 0.64776
1062 0.21888
1063 0.076608
1064 0.555936
1065 0.691224
1066 0.426816
1067 0.646544
1068 0.626152
1069 0.868408
1070 0.816904
1071 0.560768
1072 0.622848
1073 0.67176
1074 0.619008
1075 0.381728
1076 0.511528
1077 0.350208
1078 0.262616
1079 0.415872
1080 0.461888
1081 0.500584
1082 0.696336
1083 0.581752
1085 0.529744
1086 0.81044
1087 0.6222
1088 0.552792
1089 1.098344
1090 1.244888
1091 1.142424
1092 1.218568
1093 1.295744
1094 1.248808
1095 1.112024
1096 1.314888
1097 1.29888
1098 1.321552
1099 1.137816
1100 1.436464
1101 0.854232
1102 0.905976
1103 0.866632
1104 0.887008
1105 0.624224
1106 0.4364
1107 0.55368
1108 0.48832
1110 0.021888
1111 1.164992
1112 1.134752
1113 1.25996
1114 0.909896
1115 1.00208
1116 1.15496
1117 1.08524
1118 0.998736
1119 0.94884
1120 1.071784
1121 1.13648
1122 0.896816
1123 0.96688
1124 0.75404
1125 0.82592
1126 0.44652
1127 0.767632
1129 1.030296
1130 0.983144
1131 0.572512
1132 0.493264
1133 0.21888
1134 0.496696
1135 0.953816
1136 1.032192
1137 1.178376
1138 1.252648
1139 1.21708
1140 1.309784
1141 1.118192
1143 1.005992
1144 0.927992
1145 1.012944
1146 1.005768
1147 1.20152
1148 0.88168
1149 1.010416
1150 1.047472
1151 1.036992
1152 1.016184
1153 1.255472
1154 0.974472
1155 1.058528
1157 1.065032
1158 0.756456
1159 0.775664
1160 0.340648
1161 1.21596
1162 0.977664
1163 1.045024
1164 1.390136
1165 1.084152
1166 0.622992
1167 0.890184
1168 0.962112
1169 0.97804
1170 1.110544
1171 1.022304
1172 0.97356
1173 1.03704
1174 0.855952
1175 0.665776
1177 0.921432
1178 0.963416
1179 1.20396
1180 1.286248
1181 1.260784
1182 1.18704
1183 1.138416
1184 1.181904
1185 1.1714
1186 1.134408
1187 1.167456
1188 1.214832
1190 1.330528
1191 1.225544
1192 1.058544
1193 1.051256
1194 1.154528
1195 1.13948
1196 1.103664
1197 1.12644
1198 1.14468
1199 1.107792
1201 1.079848
1202 1.005424
1203 0.99516
1204 1.0862
1205 1.22008
1206 0.918416
1207 0.704064
1208 0.534288
1209 1.07576
1210 0.915448
1211 0.968128
1212 0.913336
1213 0.935112
1214 1.12488
1215 0.848016
1216 0.798288
1217 0.948024
1218 1.095512
1219 0.613616
1220 0.911912
1221 0.997432
1223 1.169968
1224 1.009296
1225 1.3186
1226 1.186936
1227 1.113216
1228 1.043768
1229 1.212848
1230 1.1226
1231 1.066512
1232 1.090744
1233 1.121304
1234 1.110624
1236 1.424112
1237 1.147152
1238 1.164872
1239 1.302672
1240 1.130976
1241 1.009312
1242 0.708632
1243 0.93952
1244 1.071928
1245 1.12844
1246 1.14336
1247 1.090648
1248 1.333184
1249 1.087816
1250 1.056296
1251 1.129
1252 1.241056
1253 1.091704
1254 1.037216
1255 1.02976
1256 1.033512
1257 0.997656
1258 1.16968
1259 1.009296
1260 1.251848
1261 1.14904
1262 0.762576
1263 1.207352
1264 1.152296
1265 1.24088
1266 1.191656
1267 1.281976
1268 1.238568
1269 1.086192
1270 0.861632
1271 0.688472
1272 0.714392
1273 0.616624
1274 0.698848
1275 0.658072
1276 0.84252
1277 0.747472
1278 0.724528
1279 0.663424
1280 0.598232
1282 0.655704
1283 0.666224
1284 0.669352
1285 0.773104
1286 0.6974
1287 1.08992
1288 0.895424
1289 1.0636
1290 1.113
1291 1.127352
1292 1.084344
1293 1.002536
1294 1.104512
1295 1.019072
1296 1.054048
1297 1.339296
1298 0.909616
1299 1.186408
1300 1.235096
1301 1.112872
1302 1.327224
1303 1.525128
1304 1.320304
1305 1.55308
1306 1.424712
1307 1.483336
1308 1.170376
1310 1.484448
1311 1.316952
1312 1.375424
1313 1.543664
1314 1.237224
1315 1.686864
1316 1.314888
1317 1.190576
1318 1.254592
1319 1.422072
1320 1.205744
1321 1.281024
1322 1.346208
1323 1.828992
1324 1.306536
1325 1.646008
1326 1.22092
1327 1.678376
1328 1.592888
1329 1.292432
1330 1.332048
1331 1.120144
1332 1.274584
1333 1.326448
1335 1.415448
1336 1.680256
1337 1.482936
1338 1.448184
1339 1.511352
1340 1.4822
1341 1.184024
1342 1.412896
1343 1.555712
1344 1.424896
1345 1.532424
1346 1.296688
1348 1.376632
1349 1.295
1350 1.060376
1351 1.33648
1352 1.273864
1353 1.195184
1354 1.111856
1355 0.987232
1356 1.13312
1357 0.960272
1358 1.133672
1359 0.967224
1360 0.96672
1361 0.81944
1362 0.922624
1363 1.154912
1365 1.208744
1366 1.31452
1367 1.237576
1368 1.216608
1369 1.134232
1370 1.022336
1371 1.041328
1372 0.821872
1373 0.51784
1374 0.283424
1376 0.207936
1377 0.664208
1378 0.38304
1379 0.299816
1381 0.466512
1382 0.38304
1383 0.262656
1384 0.20068
1385 0.503424
1386 0.14016
1387 0.415872
1387 0.083064
