0 0.92052
1 1.645456
2 1.82056
3 0.768624
4 0.806528
5 0.554216
6 0.707256
7 0.593032
8 0.506896
9 0.470712
10 0.306432
11 0.197992
12 0.207936
13 0.175104
14 0.262656
15 0.448376
16 0.628768
17 0.594552
18 0.55224
19 0.626024
20 0.487368
21 0.536256
22 0.285864
23 0.339264
24 0.32832
25 0.276648
26 0.558144
27 0.405472
29 0.415872
30 0.343296
31 0.432656
32 0.505584
33 0.400456
34 0.617752
35 0.762136
36 0.727128
37 0.685456
38 0.657304
39 0.50088
40 0.459648
41 0.450048
42 0.511248
43 0.899472
44 0.796408
45 1.129504
46 0.93564
47 0.805256
48 1.149056
49 0.852432
50 1.020456
51 0.61704
52 0.916312
53 0.941184
54 0.648968
55 0.087552
56 0.05472
57 0.05472
59 0.16416
60 0.16416
64 0.131072
66 0.782896
67 0.861904
68 0.777632
69 1.23348
70 0.76876
71 0.986344
72 1.192912
73 1.048816
74 0.784472
75 0.514368
76 0.446936
77 0.558144
78 0.424888
79 0.636296
80 0.32832
81 0.120384
83 0.229824
84 0.196992
85 0.154136
86 0.153216
87 0.16416
88 0.195344
89 0.56324
90 0.543976
91 0.262656
92 0.142272
93 0.10944
94 0.0426
95 0.076608
96 0.16416
98 0.120384
99 0.300184
100 0.142272
101 0.010944
102 0.926888
103 0.63408
104 0.229824
105 0.131328
107 0.10944
108 0.118048
109 0.076608
110 0.142272
111 0.131328
112 0.043776
114 0.05472
115 0.032832
116 0.032832
118 0.021888
119 0.245152
120 0.21888
121 0.240768
122 0.229824
126 0.087832
127 0.393984
129 0.142272
130 0.131224
131 0.065664
132 0.131328
133 0.131328
134 0.438272
135 0.295488
136 0.2692
137 0.2736
138 0.317376
139 0.27836
140 0.186048
141 0.142272
143 0.238864
144 0.076608
145 0.295488
146 0.174624
147 0.5472
148 0.28016
149 0.481536
150 0.414448
151 0.431432
152 0.412976
153 0.428888
154 0.441856
155 0.772432
156 0.750592
157 1.179904
158 1.034664
159 0.644656
160 0.727816
161 0.87552
162 1.09556
163 1.445184
164 0.672088
165 0.685752
166 0.32832
167 0.262656
168 0.186048
169 0.121696
170 0.153216
171 0.229824
185 0.10944
186 0.065664
187 0.076608
188 0.065664
189 0.065664
190 0.076608
191 0.076608
193 0.188408
195 0.500264
196 0.63416
197 1.163784
198 1.138872
199 1.229192
200 1.07324
201 1.554192
202 0.85844
203 0.317376
204 1.418936
206 0.919296
207 0.78792
208 0.647656
209 1.017056
210 1.001536
211 0.600344
212 0.623808
213 0.229712
214 0.120384
215 1.50664
216 2.270288
217 1.270496
218 1.816912
219 1.20384
220 0.913088
221 1.195688
222 1.938224
223 1.564992
225 0.944624
226 1.061568
227 1.138176
228 1.165224
229 1.389208
230 2.286944
231 1.926144
232 2.053456
233 2.511096
234 2.241368
235 1.592712
236 1.901088
237 2.35636
238 2.527768
239 2.091104
240 1.869144
241 2.484144
242 2.399232
243 2.429568
244 1.571064
245 1.504112
246 1.80576
247 1.54816
248 1.75104
249 1.39896
250 1.575936
251 1.2336
252 1.86048
253 1.40048
255 2.134696
256 1.882368
257 1.500552
258 1.537328
259 1.20384
260 1.14912
261 0.591624
262 0.634752
263 0.569088
264 0.877712
265 0.93024
266 0.49248
267 0.415872
268 0.41024
269 0.229824
270 0.536256
271 1.04836
272 0.886464
273 0.295488
274 0.076608
276 0.18276
277 0.481536
278 0.505736
279 0.940632
280 1.04436
281 0.733248
282 0.708552
283 0.891136
284 1.017792
285 1.111904
286 1.699848
288 1.513968
289 1.658672
290 2.478616
291 2.567872
292 2.168664
293 2.244056
294 1.264936
295 0.79216
296 1.680008
297 2.199744
298 1.828504
299 1.164944
300 1.050624
301 1.138176
302 1.094136
303 0.612864
304 0.798912
305 0.915176
306 1.181952
307 1.796352
308 1.312248
309 1.491616
310 1.143704
311 1.306616
312 1.180992
313 1.411776
314 1.154248
315 1.219816
316 1.017792
317 0.9818
318 1.42272
319 0.58064
321 1.597824
322 1.322864
323 1.53216
324 1.144464
325 1.019296
326 1.236672
327 0.940584
328 1.291392
329 1.040752
330 1.674432
331 1.399728
332 1.085952
333 1.31328
334 0.974016
335 0.525408
337 0.16416
357 0.153216
358 0.459392
359 1.401088
360 0.520456
361 0.31384
362 1.11588
364 1.503152
365 1.706528
366 1.775312
367 1.8878
368 2.112384
369 2.0604
370 1.589208
371 2.0644
372 2.007792
373 2.102592
374 1.821264
375 1.47744
376 0.777024
377 0.569088
378 0.503424
379 0.15504
380 0.087552
381 0.098496
382 0.186048
383 0.21888
384 0.131328
385 0.16416
386 0.153216
387 0.21888
388 0.207936
389 0.186048
390 0.186048
391 0.158208
392 0.207936
393 0.16416
395 0.131328
396 0.068128
397 0.153216
398 0.229824
399 0.158832
400 0.175104
401 0.196992
402 0.16416
403 0.14492
404 0.229824
405 0.250328
406 0.21888
407 0.295488
408 0.567808
409 0.195208
410 0.448704
411 0.228904
412 0.175104
413 0.098496
415 0.032832
416 0.043776
420 0.131072
421 0.150024
422 0.098496
454 0.05472
455 0.393984
456 0.639136
457 1.512336
458 1.487832
459 1.424208
460 1.764104
461 2.126472
462 2.870424
463 2.329176
464 2.788152
465 4.35364
466 3.59692
467 2.77612
468 3.233608
469 2.786272
470 3.694992
471 2.408632
472 2.9554
474 2.725424
475 3.141904
476 3.141648
477 2.282304
478 3.09972
479 3.024048
480 3.509656
481 3.492392
482 2.374848
483 2.042976
484 2.717792
485 2.53008
486 1.630656
487 1.707264
488 1.575936
489 0.818936
490 1.160064
491 0.623808
492 0.777024
493 0.949288
494 0.952128
495 0.514368
496 0.404928
497 0.312152
498 0.908352
499 1.053648
500 1.335168
501 0.810632
502 1.324224
503 0.893432
504 1.400832
505 0.974776
506 0.678528
507 0.52064
508 1.006848
509 0.650816
510 1.214784
511 0.788552
512 1.521216
513 0.984528
514 1.698456
515 1.878504
516 1.767632
518 2.466512
519 2.037008
520 2.307984
521 1.25736
522 1.57028
523 2.490336
524 2.63872
525 2.99944
526 2.534872
527 1.815656
528 1.707264
529 0.952128
530 1.705368
531 2.418624
532 1.812816
533 1.214784
534 0.93024
535 0.8208
536 0.755136
537 0.196992
538 0.087552
539 0.10944
540 0.131328
541 0.16416
542 0.153216
544 0.098496
555 0.010944
565 0.010944
566 0.112504
567 1.145224
568 0.806624
569 0.676664
570 0.535632
571 0.709448
573 0.79096
574 0.46856
575 0.262656
576 0.224064
577 0.91632
578 0.554632
582 0.251712
583 0.120384
584 0.0764
585 0.251712
587 0.284544
588 0.229808
589 0.32784
590 0.2736
591 0.137568
592 0.530728
593 0.502088
594 0.48372
595 0.64592
596 0.4778
597 0.474752
598 0.475648
599 0.467552
600 0.530232
602 0.62056
603 1.217424
604 1.314896
605 1.328392
606 1.49584
607 1.557392
608 1.251888
609 1.50704
610 1.430712
611 1.435544
612 2.035584
613 1.38604
614 1.871424
615 1.48196
616 1.816704
617 1.556096
618 1.634112
619 1.734472
620 1.904256
621 1.135424
622 1.14216
623 1.180272
624 1.083456
625 0.207936
627 0.131072
628 0.309624
629 0.240768
630 0.175104
631 0.16416
632 0.098496
633 0.175104
634 0.131328
637 0.021888
639 0.354408
640 0.580032
641 0.3216
642 0.368928
643 0.768048
644 1.094296
645 1.222648
646 0.684576
647 0.97312
648 1.156288
649 1.357384
650 1.409248
651 1.125496
652 1.28884
653 1.137016
654 1.272296
655 1.671568
656 1.723232
657 1.701144
658 1.46764
659 1.769872
660 1.783872
661 1.319952
662 1.342824
663 1.53216
664 1.268072
665 1.291136
666 1.584488
667 1.455552
668 1.170712
669 1.291392
670 0.96884
671 1.214784
672 1.01436
673 1.137856
674 1.368
675 0.973648
677 1.18756
678 1.389888
679 0.986
680 1.149232
681 1.247616
682 1.12384
683 1.619712
684 1.301672
685 1.314768
686 1.585488
687 1.539288
688 1.652544
689 1.000328
690 1.050624
691 0.786256
692 0.93024
693 0.93024
694 0.998944
695 1.368
696 0.91308
697 0.83748
698 0.98496
699 0.808408
700 1.389888
701 1.059752
702 1.231976
703 1.794816
704 0.979272
705 1.543104
706 1.338192
707 1.627312
708 1.803808
709 2.181472
711 1.913552
712 2.398296
713 2.191568
714 2.377688
715 2.331072
716 2.049208
717 2.037968
718 2.40768
719 1.83496
720 2.276352
721 1.704056
722 2.24352
723 2.725056
724 1.40844
725 2.101248
726 1.505576
727 2.035584
728 1.481264
729 1.6416
730 1.221928
731 1.357056
732 0.842688
733 0.575272
734 0.755136
735 0.974016
736 1.184512
737 1.444608
738 1.215736
739 1.243232
740 1.181088
741 1.803864
742 1.674432
743 1.163512
744 1.31024
745 1.203448
746 1.163952
747 1.099496
748 1.455552
749 1.15644
750 0.932576
751 0.809856
752 0.32832
753 0.576336
755 1.64336
756 1.488384
757 1.540936
758 1.091112
759 1.028736
760 1.02992
761 0.755136
762 0.623808
763 0.131072
764 1.51464
765 1.499576
766 0.645696
767 0.2736
768 0.2736
769 0.158792
771 0.16416
773 0.032832
775 1.7264
776 1.280448
777 1.223152
778 1.465
779 1.235656
780 1.479064
781 1.349368
782 1.51428
783 1.149096
784 1.03968
785 0.816376
786 0.880112
787 1.291392
788 0.97652
789 1.08376
790 1.236672
791 1.171
792 1.132032
793 1.239176
794 1.383464
795 1.652544
796 1.217
797 0.798248
798 1.072512
799 0.93024
800 0.438568
801 0.49248
802 0.525312
803 0.809856
809 0.059976
810 0.590976
811 0.811912
812 0.415024
813 0.372096
814 0.488376
816 0.513288
817 0.503424
818 0.23628
819 0.350208
820 0.344336
821 0.243448
822 0.2736
823 0.270952
824 0.393984
825 0.304864
826 0.407032
827 0.552584
828 0.576736
829 0.77476
830 0.702904
831 0.688432
832 0.649048
833 0.642128
834 0.501416
835 0.680616
836 0.715
837 0.749704
838 0.839688
840 0.601008
841 0.85736
842 0.691488
843 0.76608
844 0.699064
845 0.639632
846 0.590976
847 0.403888
848 0.567064
849 0.514368
850 0.469712
852 0.8134
853 0.853632
854 0.698096
855 0.800064
856 0.839048
857 1.001848
858 1.14912
859 0.741056
860 0.812872
861 1.302968
862 1.429064
863 1.49856
864 1.695472
865 1.006848
866 0.794
867 1.225728
868 0.7598
869 0.857464
871 1.181608
872 0.831744
873 0.32832
874 0.372096
875 0.66456
876 0.963072
877 0.709072
878 0.969624
879 1.619712
880 0.942144
881 1.185632
882 0.295488
883 0.361152
884 1.102728
885 0.776368
886 1.138176
887 0.907384
888 1.147104
889 1.006848
890 0.549984
891 0.941184
892 0.46804
893 0.393984
894 0.262656
895 0.21888
897 0.309752
898 0.43776
899 0.525312
900 0.441592
901 0.393984
902 0.374488
903 0.426816
904 0.393984
905 0.45712
906 0.403096
907 0.404928
908 0.226128
909 0.186048
910 0.10944
911 0.087552
912 0.131328
914 0.12644
915 0.162224
916 0.377832
917 0.628336
918 0.45364
919 0.142272
920 0.321496
922 0.941048
923 0.850304
924 0.826176
925 0.40884
926 0.350208
927 0.392792
928 0.72124
929 1.017752
930 1.518184
931 1.191368
933 1.267872
934 1.270144
935 1.467936
936 0.942096
937 0.760024
938 0.913856
939 1.488384
940 1.18016
941 1.3202
942 1.448
943 1.138176
944 1.3512
945 1.039752
946 1.337864
947 1.324224
948 1.291392
949 0.73268
950 1.247616
951 1.01152
952 1.346112
953 1.085416
954 1.42272
955 1.159112
956 1.466496
957 1.168088
958 0.744192
959 0.787968
960 0.606424
961 0.8208
962 0.580032
963 0.469232
964 0.71136
965 0.262656
966 0.426816
968 0.612864
969 0.237176
970 0.295488
971 0.32832
972 0.622616
973 0.523368
974 0.426816
975 0.338864
976 0.612864
977 0.481536
978 0.36488
979 0.5472
980 0.508776
981 0.381096
982 0.65664
983 0.53576
984 0.442504
985 0.350208
986 0.224376
987 0.377304
988 0.595456
989 0.5472
990 0.173888
991 0.21888
992 0.10944
993 0.110944
995 0.131328
996 0.087552
997 0.087552
999 0.131072
1000 0.26904
1001 0.16416
1002 0.180376
1003 0.196992
1004 0.262656
1005 0.235904
1006 0.21888
1007 0.115152
1008 0.207936
1009 0.175104
1010 0.087552
1012 0.032832
1014 0.074184
1015 0.470072
1016 0.184112
1017 0.284544
1018 0.174488
1019 0.21888
1020 0.220864
1021 0.393984
1022 0.23888
1023 0.416952
1024 0.49248
1026 0.069392
1027 0.54856
1028 0.459648
1029 0.351904
1030 0.298968
1031 0.350208
1032 0.312144
1033 0.364424
1034 0.49708
1035 0.562472
1036 0.645872
1037 0.838352
1038 0.477096
1039 0.608048
1040 0.92396
1042 0.926688
1043 0.720224
1044 0.7682
1045 1.116288
1046 0.86152
1047 0.400912
1048 0.813608
1049 0.645696
1050 0.839616
1051 0.70436
1052 0.828488
1053 0.703384
1054 0.727896
1055 0.65652
1056 0.842688
1057 0.626144
1058 0.426816
1059 0.153216
1060 0.32248
1061 0.295488
1062 0.350208
1063 0.536256
1064 0.318544
1065 0.33292
1066 0.206
1067 0.306432
1068 0.39224
1069 0.34692
1070 0.487856
1071 0.550784
1072 0.522296
1073 0.43776
1074 0.44616
1075 0.245656
1076 0.49424
1078 0.417488
1079 0.44804
1080 0.54996
1081 0.625576
1082 0.549792
1083 0.612512
1084 0.497488
1085 0.376016
1086 0.542928
1087 0.667696
1088 0.575288
1089 0.67344
1090 0.701344
1091 0.714056
1092 0.74712
1093 0.678528
1094 0.424416
1095 0.777024
1096 0.54812
1097 0.569088
1098 0.56024
1099 0.49248
1100 0.446624
1101 0.580032
1102 0.51064
1104 0.575592
1105 0.634752
1106 0.488872
1107 0.43776
1108 0.131328
1109 0.995488
1110 0.7864
1111 0.630872
1112 0.49776
1113 0.641864
1114 0.89964
1115 1.194304
1116 1.131568
1117 1.240216
1118 0.667584
1119 0.52
1120 0.974016
1121 0.568568
1123 0.978224
1124 1.268552
1125 1.134296
1126 0.739424
1127 1.061568
1128 0.131072
1129 0.819144
1130 0.87552
1131 0.739992
1132 0.787968
1133 0.644856
1134 0.908352
1135 0.254712
1136 0.569088
1137 1.337072
1138 1.416024
1139 1.063048
1140 0.96316
1141 1.503168
1142 1.305016
1143 0.79976
1144 0.777024
1145 0.32024
1146 0.2736
1147 0.350208
1148 0.525312
1149 0.322456
1150 0.21888
1151 0.689472
1152 0.569512
1153 0.59796
1155 0.911912
1156 1.086144
1157 0.902152
1158 0.858552
1159 0.689472
1160 0.449752
1161 0.809856
1162 0.551472
1163 0.395432
1164 0.667584
1165 0.492296
1166 0.74224
1167 0.700416
1168 0.455192
1169 0.682912
1170 0.623808
1171 0.498976
1173 0.686728
1174 0.43776
1175 0.321856
1176 0.72488
1177 0.854272
1178 0.534312
1179 0.580032
1180 0.298088
1181 0.186048
1183 0.021888
1184 0.262656
1185 0.32828
1186 0.240768
1187 0.16416
1188 0.098496
1189 0.054848
1190 0.683592
1191 0.317376
1192 0.145848
1193 0.503424
1194 0.182584
1195 0.196992
1196 0.142272
1197 0.094192
1199 0.076608
1200 0.076608
1201 0.043776
1202 0.010944
1204 0.032832
1205 0.087552
1206 0.076608
1207 0.076608
1208 0.059648
1209 0.065664
1210 0.065664
1211 0.098496
1212 0.098496
1214 0.120384
1215 0.44236
1216 0.260024
1217 0.512736
1218 0.498184
1219 0.47148
1220 0.497448
1221 0.734792
1222 0.715072
1223 0.726224
1224 0.745544
1225 0.93536
1226 0.637632
1228 0.821336
1229 0.961096
1230 0.8368
1231 1.312096
1232 1.386264
1233 1.28684
1234 1.250384
1235 1.085528
1236 1.594432
1237 1.55516
1238 0.623808
1239 0.295488
1240 0.16416
1241 0.426816
1242 0.832328
1243 1.166296
1244 1.101312
1245 1.256016
1246 1.254104
1247 1.179152
1248 0.958288
1249 0.91536
1250 0.936544
1251 1.239456
1252 0.972072
1254 0.959776
1255 1.017792
1256 0.65664
1257 0.689472
1258 0.610864
1259 0.65664
1260 0.580032
1261 0.623808
1262 0.522176
1263 0.5472
1264 0.623808
1265 0.438408
1266 0.8208
1267 0.533096
1268 0.65664
1269 0.306432
1270 0.208456
1271 0.207936
1272 0.558144
1273 0.453944
1274 0.470592
1276 0.076608
1277 0.076608
1278 1.147472
1279 0.97992
1280 1.16036
1281 1.354928
1282 1.361392
1283 0.589576
1284 0.664368
1285 0.897408
1286 0.609368
1287 0.612864
1288 0.464648
1289 0.667584
1290 0.46412
1291 0.601656
1292 0.525312
1293 0.336624
1294 0.393984
1295 0.262656
1296 0.16808
1297 0.361152
1299 0.251712
1300 0.262656
1301 0.23148
1302 0.186048
1303 0.10944
1304 0.098496
1305 0.05472
1306 0.057048
1308 0.542064
1309 0.888024
1310 0.831704
1311 0.799304
1312 0.613872
1313 0.443224
1314 0.392904
1315 0.556144
1316 0.704912
1317 0.63008
1318 0.926232
1319 0.898216
1320 0.968752
1321 0.89536
1322 1.06112
1323 1.138176
1324 0.88412
1325 0.740208
1326 0.87552
1327 0.615048
1328 0.941184
1329 0.477016
1330 0.810184
1331 0.859288
1332 0.915384
1333 0.971808
1334 1.0944
1335 1.201272
1336 1.411776
1337 1.692808
1338 2.002752
1339 1.83336
1341 1.630656
1342 1.080808
1343 1.597824
1344 0.558144
1345 0.974016
1346 0.738648
1347 1.105344
1348 0.93024
1349 0.526224
1350 0.71136
1351 0.514368
1352 0.387944
1353 0.503424
1354 0.700416
1355 0.71644
1356 1.138176
1357 0.760688
1358 0.744192
1359 0.569088
1360 0.387104
1361 0.831744
1362 0.350208
1363 0.196824
1364 0.350208
1365 0.229824
1366 0.222552
1367 0.10944
1368 0.607176
1369 0.838336
1371 0.806816
1372 1.025632
1373 0.965256
1374 1.359016
1375 1.452704
1376 1.262984
1377 1.47836
1378 1.376176
1379 1.849648
1380 1.266672
1381 2.22816
1382 2.118088
1383 2.268208
1384 2.409056
1385 2.271888
1386 2.17276
1387 2.725056
1388 2.106304
1389 2.396736
1391 0.131072
1392 6.016176
1393 2.702952
1394 3.459648
1395 2.08964
1396 3.019512
1397 2.878776
1398 3.185152
1399 3.649288
1400 4.3776
1401 2.280792
1402 2.703168
1405 1.636056
1406 4.9744
1407 1.991808
1408 1.792272
1409 2.057472
1410 1.57052
1411 1.974624
1412 2.276352
1413 1.91296
1414 2.404408
1415 2.371384
1416 2.825848
1417 2.221632
1418 1.804616
1419 2.670336
1420 2.367168
1421 2.137232
1422 2.396736
1423 1.600776
1424 1.816704
1425 1.423288
1426 2.268008
1427 2.159144
1428 1.985816
1429 1.73584
1430 1.900416
1431 1.971488
1432 1.708072
1433 1.715792
1434 1.547752
1435 1.723104
1436 1.97412
1437 1.794816
1438 1.246864
1440 1.820688
1441 1.714832
1442 1.688272
1443 1.756696
1444 2.155968
1445 1.813416
1446 2.112192
1447 1.594656
1448 1.53208
1449 1.704008
1450 1.780032
1451 1.627552
1452 2.057472
1453 1.525312
1454 1.407104
1455 1.499328
1456 1.496992
1457 1.926144
1458 1.731256
1459 2.101248
1460 1.738896
1461 1.85148
1462 2.473344
1463 1.566616
1464 1.575904
1465 1.300392
1466 1.726368
1467 1.783872
1468 1.241888
1469 1.96992
1470 2.050832
1471 1.785568
1472 1.974184
1474 2.817416
1475 3.03536
1476 2.703168
1477 1.83456
1478 1.58688
1479 0.37416
1480 1.849536
1481 1.050624
1482 0.63488
1483 1.958976
1484 2.271584
1485 2.209352
1486 2.331072
1487 1.238544
1488 1.619712
1489 1.416328
1490 1.225728
1491 1.171008
1492 1.168504
1493 1.597824
1494 0.8484
1495 1.58688
1496 1.091936
1497 1.42272
1498 0.5434
1499 1.407864
1500 1.3488
1501 1.4922
1502 1.73144
1503 1.729152
1504 1.497528
1505 1.627144
1506 1.673968
1507 1.411776
1508 1.06336
1509 1.432064
1510 1.491952
1511 1.8756
1512 1.419032
1513 1.528328
1514 1.647456
1515 1.53284
1516 1.58688
1517 1.31888
1518 1.909392
1519 2.001664
1520 1.71096
1521 2.1224
1523 2.408008
1524 2.757888
1525 2.53268
1526 2.440512
1527 2.067544
1528 2.484288
1529 1.737832
1530 2.57184
1531 2.171408
1532 2.185552
1533 2.625072
1534 2.035584
1535 1.66536
1536 2.002752
1537 1.54512
1538 2.29824
1539 2.013984
1540 2.123136
1541 1.816704
1542 1.382528
1543 1.86048
1544 1.430712
1545 1.937088
1546 1.937088
1547 1.504176
1548 2.13408
1549 1.82372
1550 2.270664
1551 2.582784
1552 2.175096
1553 2.032624
1554 2.320128
1555 1.8874
1556 2.17004
1558 2.306816
1559 2.484288
1560 2.020944
1561 1.809832
1562 2.177856
1563 1.570208
1564 1.783872
1565 2.254464
1566 2.036696
1567 1.959264
1568 2.703168
1569 1.762536
1570 1.776584
1571 2.276352
1572 1.93864
1573 1.920048
1574 2.101248
1576 0.92556
1577 5.53652
1578 1.608768
1579 1.80576
1580 2.112192
1581 1.236672
1582 1.13228
1583 1.58688
1584 2.232576
1585 1.55728
1586 1.816704
1587 1.1826
1588 1.521216
1589 1.455904
1590 1.849536
1591 1.411472
1592 1.707264
1594 1.41076
1595 1.75104
1596 1.512272
1597 2.193744
1598 2.396736
1599 1.818256
1600 1.982224
1601 1.673232
1602 1.903112
1603 1.783872
1604 1.304368
1605 2.083176
1606 2.35296
1607 2.077656
1608 2.419864
1609 2.251512
1610 2.593728
1611 2.066192
1612 1.843024
1613 2.077616
1614 1.980864
1615 1.417216
1616 1.619712
1617 1.893312
1618 1.174464
1619 1.324224
1620 1.160064
1621 1.552488
1622 1.591616
1623 1.20384
1626 0.65664
1627 2.157848
1628 1.280384
1629 1.564992
1630 1.361152
1631 1.251832
1632 0.901152
1633 0.842688
1634 1.021624
1635 1.171008
1636 0.847016
1637 1.083456
1638 0.536256
1639 0.229824
1641 0.256888
1642 0.260712
1645 0.065664
1649 0.21888
1650 0.448704
1651 0.415872
1652 0.448704
1653 0.29592
1654 0.424952
1655 0.542312
1656 0.355128
1657 0.196992
1659 0.119408
1660 0.618624
1661 1.039056
1663 0.878704
1664 0.9816
1665 0.824736
1666 0.998656
1667 1.08136
1668 0.65664
1669 0.765728
1670 1.162392
1672 0.614088
1673 1.116464
1674 1.094496
1675 1.116592
1676 1.090824
1677 1.100088
1678 0.995904
1679 0.42588
1680 0.010944
1683 0.010944
1710 0.10944
1766 0.010944
1772 0.010944
1776 0.010944
1826 0.021888
1827 0.38304
1828 0.928336
1829 0.402992
1831 0.646472
1832 0.925464
1833 1.205112
1834 1.53016
1835 1.632616
1836 1.78584
1837 2.25676
1838 2.167208
1839 2.207032
1840 2.212936
1841 3.137256
1842 2.836448
1843 3.154392
1844 2.885624
1845 3.070592
1846 3.23728
1847 2.944992
1848 2.935192
1849 3.503072
1850 4.14692
1851 3.97708
1852 4.366288
1853 4.066304
1854 3.996856
1855 3.404408
1856 3.501744
1857 4.253688
1858 4.9248
1860 1.946888
1861 7.266416
1862 4.59648
1863 3.84988
1864 4.297584
1865 3.375184
1866 3.184704
1867 2.61608
1868 4.202496
1869 3.627376
1870 3.3744
1871 4.633112
1872 5.1984
1873 4.000976
1874 3.702592
1875 0.426816
1876 6.464048
1877 4.125744
1878 4.060224
1879 3.35616
1880 4.283808
1881 4.771584
1882 2.89508
1883 3.916688
1884 4.607424
1885 3.868168
1886 3.681072
1888 4.256504
1889 3.950784
1890 1.708112
1891 3.087024
1892 3.49364
1893 3.437032
1894 2.396736
1895 2.196912
1896 3.622464
1897 1.94244
1899 0.667584
1900 6.36752
1901 2.714112
1902 3.096816
1903 3.448784
1904 3.062048
1905 2.638592
1906 3.517968
1907 3.554432
1908 3.607656
1909 3.269384
1910 3.266256
1911 4.59648
1912 2.9896
1913 2.943936
1914 2.88108
1915 4.694976
1916 3.964288
1918 2.69536
1919 6.406936
1920 2.427648
1921 2.546368
1922 3.027208
1923 3.491136
1924 2.264592
1925 3.461384
1926 3.246672
1927 2.911104
1928 1.976928
1929 1.7458
1930 1.291392
1931 1.126336
1932 1.25856
1933 1.080608
1935 0.908352
1936 0.545824
1937 0.897408
1938 1.050624
1939 0.583384
1940 0.623808
1941 0.32832
1942 0.886464
1943 1.37164
1944 1.335168
1945 0.926968
1946 1.116288
1947 0.614464
1948 1.81356
1949 2.177856
1950 1.814784
1951 2.255656
1952 1.811808
1953 1.666832
1954 1.733664
1955 2.62656
1956 2.520264
1957 2.53348
1958 3.338152
1959 3.156536
1960 2.45192
1961 2.36904
1962 2.867328
1963 2.51084
1965 3.458304
1966 2.657328
1967 3.11904
1969 0.295488
1970 6.718416
1971 2.610168
1972 2.62796
1973 2.006464
1974 2.51712
1975 2.037944
1976 1.849248
1977 2.320128
1978 1.447088
1979 1.718208
1980 1.424768
1981 2.090304
1982 1.884736
1983 2.331072
1984 2.081896
1985 1.953184
1986 2.2032
1987 2.495232
1988 1.644784
1989 1.8136
1990 2.090304
1991 1.591504
1992 2.057472
1993 0.772568
1994 0.809856
1995 1.006848
1996 0.94744
1997 1.14912
1998 0.733248
1999 0.857832
2000 0.98496
2001 0.580032
2002 0.798912
2003 0.525952
2004 0.503424
2005 0.426816
2007 0.474408
2008 0.755136
2009 0.581016
2010 0.459648
2011 0.350208
2012 0.306432
2013 0.239672
2014 0.262656
2015 0.262656
2016 0.251712
2017 0.175624
2018 0.153216
2202 0.021888
