0 1.984552
1 1.533584
2 2.244632
3 1.991768
5 1.865408
6 1.816816
7 1.521848
8 1.468512
9 1.311336
10 1.444176
11 1.816704
12 1.525624
13 1.747448
14 1.722808
15 2.0832
16 2.283312
17 1.873264
18 2.361024
20 2.113512
21 2.188224
22 1.707728
23 2.057472
24 1.852992
26 2.797912
27 2.72844
28 3.020896
29 2.659744
30 2.493976
31 3.097152
32 2.257024
33 1.972944
34 2.342016
35 0.742792
36 2.165824
37 2.127632
38 2.35296
39 1.938296
40 1.67064
41 1.96992
42 1.623048
43 2.013696
44 1.14156
45 1.596344
46 1.564992
47 1.20192
48 1.871424
49 2.182168
50 1.838592
51 1.097128
52 1.42272
53 1.357816
54 1.619712
55 1.717864
56 1.749096
57 1.489296
58 1.80576
59 1.704056
60 2.43704
61 2.621888
62 3.480192
63 0.317376
64 3.178624
65 2.123136
66 1.582696
67 1.988256
68 2.232576
69 1.9988
70 2.201088
71 2.068416
72 2.035584
73 1.291392
75 0.462936
76 0.393984
77 3.272224
78 2.122448
79 2.363904
80 2.027096
81 1.559576
82 2.385792
83 2.670336
84 1.874776
85 2.199744
86 1.9628
87 1.765056
88 2.593728
89 2.17068
90 2.615616
91 1.844752
92 2.51712
93 2.213944
94 2.484288
95 2.239736
96 2.819312
97 3.239424
98 2.372816
99 2.429568
101 1.652544
102 3.246032
103 1.828176
104 2.145024
105 2.123136
106 2.136784
107 2.239456
108 2.128064
109 2.549952
110 2.517136
111 2.757888
112 1.772928
113 2.002752
114 2.560384
115 3.042432
116 2.333904
117 1.948032
118 2.616824
119 2.036384
120 2.002752
121 1.843216
122 2.057472
123 1.8394
124 2.29824
125 1.521216
126 1.267832
127 2.092656
128 2.812608
129 2.301408
130 2.873432
131 3.710016
132 1.861512
133 2.823552
134 1.862992
135 1.958976
136 2.029176
137 1.455552
138 2.265408
139 1.697728
140 2.166912
141 2.29824
142 0.131072
143 4.13172
144 2.057472
145 1.659528
146 2.823552
148 2.721552
149 2.1888
150 2.287296
151 2.416864
152 2.199744
153 1.820464
154 1.554048
155 1.619712
156 1.849536
157 1.5498
158 1.368
159 1.554048
160 1.772184
161 1.991808
162 1.523864
163 1.718208
164 1.697792
165 1.783872
166 1.547192
167 1.597824
168 1.706096
169 1.41472
170 1.608768
171 1.368432
172 1.444608
173 0.861616
174 1.543104
175 1.12268
176 1.433664
177 1.164792
178 1.105344
179 1.017792
180 0.76608
181 0.489528
182 0.580032
183 0.38304
184 0.306432
185 0.317376
186 0.207936
187 0.131328
196 0.010944
260 0.098496
261 0.612864
262 0.864576
264 0.863624
265 2.29408
266 2.389064
267 2.159392
268 1.65744
269 2.164064
270 2.05532
271 1.986904
272 2.450512
273 3.06804
274 2.359552
275 2.895536
276 2.106408
277 2.593584
278 2.979264
279 3.387768
280 3.014384
281 3.211648
282 3.160944
283 3.247296
284 3.42512
285 3.40984
286 3.494648
287 3.710664
288 2.529984
289 3.699176
290 4.672528
291 4.662144
292 3.542872
293 2.160872
294 3.633408
295 3.956664
296 4.549168
297 4.769512
299 3.699344
300 3.43128
301 4.640256
302 4.21656
303 3.763224
304 4.134344
305 4.0696
306 4.530816
307 3.687856
308 2.396736
309 2.29824
310 2.768832
311 3.66624
312 2.536576
313 4.060224
314 3.143912
315 3.92232
316 4.027136
317 3.958152
318 4.473296
319 4.257216
320 3.475264
321 3.975832
322 4.935744
323 4.001768
324 4.374192
325 4.935744
326 4.806696
327 4.957208
328 4.684032
329 3.661664
330 3.516576
331 3.695208
332 4.508928
333 4.11892
334 4.137704
335 2.688968
336 3.162816
337 3.65148
338 3.882752
339 4.574592
340 3.664784
341 3.600312
342 3.425472
343 2.6314
344 3.0096
345 1.959968
347 2.35296
348 2.626824
349 2.385792
350 2.340792
351 3.699072
352 3.25516
353 3.819456
354 3.252592
355 3.523712
356 4.388544
357 2.66752
358 1.76004
359 2.648448
360 3.363624
361 5.1984
362 4.225752
363 4.022944
364 2.637504
365 4.358976
366 4.104224
367 4.26816
368 3.204848
369 2.342016
370 2.51712
371 2.4624
372 1.999136
373 2.4624
375 0.864576
376 4.969448
377 3.545856
378 3.25628
379 5.176512
380 3.771992
381 4.235328
382 3.303976
383 1.225728
384 4.328944
385 2.757888
386 3.309392
387 3.113152
388 3.764736
389 0.940688
390 2.549952
391 2.244232
392 3.042432
393 2.742512
394 1.171008
395 0.919296
396 0.71136
398 1.00612
399 1.061568
400 0.897408
401 0.448704
402 0.10944
403 1.098936
404 1.685376
405 1.660656
406 1.980864
407 1.80576
408 1.736392
409 2.637504
410 1.87228
411 1.926144
414 2.145024
415 6.39824
416 1.980864
417 2.714112
418 2.40768
419 2.539008
427 0.131072
428 0.964824
429 2.385792
430 4.104888
431 4.957344
433 5.176512
434 3.658376
435 4.963056
436 4.038336
437 4.548224
438 5.85504
439 4.692384
440 4.681376
441 5.69088
442 4.723416
443 4.618272
444 5.773776
444 0.142272
