0 1.073736
3 0.131072
4 2.335184
5 0.744192
6 0.520768
7 0.759216
8 0.734848
9 0.69432
10 0.904728
11 0.917624
12 1.106344
13 0.895664
14 0.85264
15 0.86088
16 1.15584
17 0.997224
18 0.955176
19 1.214784
20 0.8532
21 0.558144
22 0.849328
23 0.60232
24 0.795208
25 0.899992
26 0.952048
27 0.98496
28 0.720792
29 1.220264
31 1.220936
32 1.281424
33 1.303864
34 1.280448
35 1.058344
36 0.961424
37 1.25856
38 0.856488
39 0.82532
40 0.98496
41 0.645696
42 0.520232
43 0.700416
44 0.885904
45 0.93024
46 0.656768
47 0.787968
48 0.58404
49 1.269504
50 1.66988
51 1.337856
52 1.318936
53 1.531896
54 1.337864
55 1.369368
56 1.247072
57 1.674432
58 1.49392
59 1.394576
61 1.6416
62 1.277496
63 1.344784
64 1.44636
65 1.718208
66 0.841408
67 1.361696
68 1.72784
69 1.882368
70 1.563728
71 1.609904
72 1.578752
73 1.561416
74 1.5154
75 1.804656
76 1.923856
78 2.027216
79 2.155968
80 1.505128
81 1.673312
82 1.568552
83 1.540776
84 1.681512
85 1.94656
86 1.687424
87 1.783872
88 1.324248
89 1.608768
90 1.228856
91 1.290864
92 1.564992
93 1.181336
94 1.061568
95 1.270576
97 1.513152
98 1.663488
99 1.171768
100 1.499328
101 1.111784
102 1.444608
103 1.06404
104 1.619712
105 1.099864
106 1.201008
107 1.368
108 0.819336
109 0.995904
110 1.181952
111 0.556072
112 1.323136
113 1.652544
114 1.284744
115 1.926144
116 1.400312
117 1.385752
118 1.335168
119 1.084504
120 1.115632
121 1.141648
122 1.283912
123 0.995904
124 0.87652
125 1.521216
126 0.735232
127 1.160064
128 1.280448
129 0.859448
130 1.181952
131 0.937288
132 1.171008
133 0.93924
134 1.0944
136 0.900264
137 1.301352
138 0.974016
139 0.842688
140 0.470592
141 0.536256
142 1.202816
143 1.249032
144 1.707264
145 0.373848
146 1.321912
147 1.313168
148 1.716304
149 2.177856
150 1.639704
151 1.725856
152 1.904256
153 1.336952
154 1.67808
155 1.991808
157 1.674376
158 1.593032
159 2.166912
160 1.359952
161 1.523552
162 1.410704
163 1.39996
164 1.53216
165 1.206728
166 1.630656
167 1.232192
168 1.543104
169 1.575936
170 1.05476
171 1.269504
172 1.192896
173 0.722304
174 0.6248
175 0.623808
176 0.443448
177 0.514368
178 0.580032
179 0.78044
180 0.777024
182 0.454976
183 1.717968
184 0.984848
185 1.011128
186 1.400832
188 0.578008
189 0.536256
190 0.569088
191 0.348232
192 1.028736
193 1.03952
194 1.061008
195 1.236672
196 0.85384
197 0.858368
206 0.10944
207 1.466496
208 0.393984
209 0.079408
210 0.175104
211 0.16416
212 0.16416
214 0.131256
215 0.021888
217 0.45688
218 0.339264
219 0.26516
220 0.361152
221 0.320872
222 0.532928
223 0.443304
224 0.448704
225 0.253456
226 0.32832
227 0.193896
228 0.262656
229 0.240768
230 0.179312
231 0.49248
232 0.218168
233 0.306432
234 0.295488
235 0.446208
236 0.52044
237 0.385344
238 0.175104
239 0.120696
240 0.07468
242 0.240768
243 0.16416
244 0.056336
245 0.076608
246 0.196992
247 0.23424
248 0.503424
249 0.2276
250 0.262656
251 0.2736
252 0.239688
253 0.38304
254 0.24072
255 0.38304
256 0.251712
257 0.151024
259 0.21888
260 0.207936
261 0.241136
262 0.251712
263 0.229824
264 0.251712
265 0.159032
266 0.372096
267 0.228408
268 0.350208
269 0.33568
270 0.521264
271 0.58444
272 0.481536
274 0.375896
275 0.48856
276 0.348248
277 0.681248
278 0.869848
279 0.678256
280 0.757144
281 0.46892
282 0.30884
283 0.284544
284 0.19964
285 0.415872
286 0.397632
287 0.710896
288 0.445096
289 0.224432
290 0.372096
291 0.339264
297 0.008136
298 0.337328
299 0.229824
300 0.16932
301 0.085616
302 0.131328
303 0.21888
304 0.117
305 0.196992
306 0.186048
307 0.120384
308 0.134664
310 0.043776
311 0.356528
312 0.47068
314 0.262656
315 0.349744
316 0.2736
317 0.180672
318 0.153216
319 0.240768
320 0.207936
321 0.135488
322 0.120384
323 0.196992
324 0.207936
325 0.123736
326 0.262656
327 0.262656
328 0.148656
329 0.229824
330 0.10944
332 0.147664
333 0.474688
334 0.452312
335 0.404928
336 0.157376
341 0.240512
342 0.125728
344 0.10944
345 0.065664
346 0.10944
347 0.120384
348 0.171568
349 0.262656
350 0.233728
351 0.2736
352 0.216752
353 0.372096
354 0.210624
355 0.305568
356 0.21888
357 0.2736
358 0.11444
360 0.175104
361 0.266024
362 0.330816
363 0.350208
364 0.237272
365 0.317376
366 0.19044
367 0.262656
368 0.16416
369 0.01628
371 0.567288
372 0.562464
373 0.660816
374 1.041216
375 0.932776
376 0.995496
377 1.26436
378 1.245632
379 1.28532
380 1.337096
381 1.379712
382 1.374488
384 1.809192
385 1.317752
386 1.402616
387 1.293272
388 1.254152
389 1.086384
390 1.251672
391 1.221664
392 1.35304
393 1.449648
394 1.774272
395 1.991808
396 1.668048
397 2.35296
398 1.730976
399 1.63564
400 1.720824
401 1.565824
402 1.9152
403 1.586336
404 1.750816
405 1.977864
406 2.101248
407 1.639064
408 2.210688
409 1.877408
410 2.57184
411 1.927176
412 2.046528
413 2.008496
414 2.127
415 2.374848
416 2.014984
417 1.62928
418 1.95012
419 2.193984
420 2.310352
421 2.373664
422 2.451456
423 1.635632
424 1.405128
426 1.625832
427 1.729152
428 1.426344
429 1.564984
430 1.652544
431 1.335272
432 1.543104
433 1.138048
434 0.831744
435 0.76608
436 0.131072
437 3.11232
438 1.920464
439 2.116328
440 2.038368
441 2.075112
442 2.030944
444 2.56432
445 2.440512
446 1.324984
447 2.374848
448 2.13404
449 2.320128
450 1.832448
451 1.870576
452 2.495232
453 2.003248
454 2.506176
455 1.84156
456 2.1888
457 1.922584
458 1.873104
459 2.02056
460 2.24048
461 1.711256
462 1.762504
463 1.9378
464 2.002408
465 2.232576
466 1.664464
467 1.69704
468 2.07936
469 1.56
470 1.753608
471 1.660816
472 1.838592
473 1.625888
474 1.485016
476 1.526176
477 1.455552
478 0.809856
479 0.565384
480 0.60192
483 0.032832
484 2.16336
485 1.357056
486 1.240336
487 1.505504
488 1.324224
489 1.225728
490 0.913016
491 1.346112
492 0.948224
493 1.072512
494 0.612864
496 0.544216
497 0.722304
498 0.834768
499 1.181952
500 0.741584
501 0.777024
502 0.470432
503 1.072512
504 1.14404
505 1.25068
506 1.388144
507 0.779976
508 0.612864
509 0.49248
510 0.2736
511 0.49248
512 0.513936
513 1.0944
514 0.689472
515 0.45084
516 0.317376
517 0.415872
518 0.353552
519 0.503424
520 0.394168
521 0.569088
522 0.339264
523 0.245416
524 0.569088
525 0.409136
526 0.404928
527 0.681536
528 0.401952
529 0.952128
530 0.5788
531 0.403432
532 0.339264
533 0.34808
534 0.372096
536 0.434336
537 0.545296
538 0.747392
539 0.693696
540 0.816232
541 0.81776
542 1.58556
543 1.950104
544 1.707888
545 0.897408
546 0.68156
547 0.634752
548 0.409672
549 0.448704
550 0.559968
551 1.06128
552 0.634752
553 0.437432
554 0.645696
555 0.685144
556 0.562736
557 0.6344
558 0.722304
559 0.356888
560 0.60192
561 0.934912
563 1.017792
564 0.525952
565 0.900944
566 1.296776
567 0.582024
568 0.588024
569 0.948448
570 1.183704
571 0.802
572 0.434264
573 0.339264
574 0.6852
575 1.331024
576 1.979248
577 1.68608
578 1.927168
579 1.788968
580 1.940136
581 1.662296
582 1.681536
583 1.754696
584 1.507848
585 1.480792
586 1.310608
587 1.746992
588 1.697096
589 1.152352
591 1.720016
592 2.002752
593 1.332768
594 1.68852
595 2.166912
596 1.69136
597 0.328576
598 2.784296
599 1.247616
600 1.326272
602 1.42272
603 1.459008
604 1.81108
605 2.0
606 1.864464
607 1.497648
608 1.786808
609 1.72996
610 2.385792
611 1.861888
612 2.309184
613 1.967304
614 2.191496
615 2.659392
616 1.7022
617 2.090304
618 1.592832
619 2.013696
620 1.533888
621 2.07936
622 1.757256
623 2.210688
624 1.649672
625 2.166912
626 1.830072
627 2.166912
628 1.586848
629 2.123136
630 1.999464
631 2.309184
632 2.4624
633 2.017856
634 2.439008
635 2.253832
636 2.302784
638 2.279992
639 2.703168
640 1.970072
641 1.893152
642 2.725056
643 1.899216
644 1.88456
645 2.287296
646 1.852896
647 1.642016
648 1.86048
649 1.69784
650 1.991808
651 1.659456
652 1.730528
653 2.265408
654 1.559584
655 1.818728
656 2.29824
657 2.19628
658 2.163528
659 1.499328
660 1.177448
661 1.619712
662 1.2028
663 1.597824
664 1.192416
665 1.507424
666 1.794816
667 1.301616
668 1.663488
669 1.171008
670 0.444088
671 0.448704
672 0.38304
673 0.32832
674 0.240768
675 0.262656
676 0.2736
677 0.32832
678 0.5472
679 0.649064
681 1.1114
682 1.105344
683 0.755864
684 0.800544
685 0.853632
686 0.690688
687 0.952128
688 1.030752
689 1.388136
690 1.488384
691 1.077032
692 0.92016
693 1.064248
694 0.886624
695 0.536256
696 0.569088
697 0.395808
698 0.306432
699 0.284544
700 0.372096
701 0.372096
702 0.32832
703 0.404928
704 0.626536
705 0.731168
706 0.864576
707 0.602072
708 0.555072
709 0.582896
710 0.642752
711 0.73036
712 0.393984
713 0.240768
715 0.196992
717 0.202032
718 0.21888
719 0.196992
720 0.16416
721 0.095088
722 0.207936
770 0.120384
771 0.372608
772 1.27412
773 1.594424
774 1.74516
775 1.718104
776 2.038816
777 1.76764
778 2.044056
779 2.076744
780 1.276744
781 1.5482
782 1.53216
783 1.43004
784 1.808096
785 1.79112
786 1.719968
787 1.978696
788 1.835304
789 1.828832
790 1.809872
792 1.787416
793 1.980864
794 1.782352
795 2.068416
796 1.66504
797 2.002752
798 1.948032
799 1.846224
800 2.374848
801 2.101248
802 1.721536
803 2.287296
804 1.86596
805 2.089952
806 2.244432
807 2.24044
808 2.484288
809 1.730376
810 2.013696
811 1.517176
812 1.69632
813 1.574304
814 2.911104
815 2.585728
816 3.302304
817 4.160488
818 3.667504
819 4.577512
820 4.193176
821 4.526288
822 4.041984
823 3.532024
824 4.625144
825 3.28752
827 4.16712
828 6.87744
829 4.465152
830 3.91944
831 4.131904
832 4.859136
833 3.240792
834 3.197336
835 2.000808
836 2.265408
837 2.020168
838 3.17376
839 4.21344
840 4.356984
841 4.804472
842 5.264064
843 2.045112
844 5.30784
845 4.261552
846 4.198184
847 5.08896
848 4.265456
849 4.04828
850 4.3816
851 4.57428
852 5.52672
854 1.280336
855 6.805104
856 5.03424
857 3.953728
858 4.374216
859 4.214736
860 4.317872
861 4.202496
862 3.63508
863 3.819096
864 3.465632
865 3.414528
866 2.99128
867 3.161336
868 3.2832
873 0.056808
875 0.030888
876 2.304616
877 2.707408
878 2.593728
879 1.587416
880 2.037544
881 2.320128
882 1.587944
883 1.895952
884 2.374848
885 1.87092
886 1.893312
887 0.525312
888 0.481536
889 1.430448
890 1.926144
891 1.68232
892 2.40768
893 2.222608
894 2.177856
895 1.388792
896 2.363904
897 1.491744
898 1.614216
899 2.177856
900 2.1628
901 2.27284
902 1.838912
903 1.028736
904 0.10944
905 0.448704
907 0.240768
908 0.71136
909 1.30876
910 1.731168
911 1.372512
912 1.827648
913 1.097504
914 1.1536
915 1.630656
916 0.943648
917 1.324224
918 1.036032
919 1.158248
920 1.433664
921 1.201184
922 0.947144
923 1.411776
924 1.244624
925 1.88076
926 1.829704
927 1.691976
928 1.31328
929 1.476336
930 2.086808
931 2.309184
932 1.819776
933 1.971752
934 2.014144
935 2.07156
936 2.140104
937 2.506176
938 1.916616
939 1.819968
940 1.874968
941 1.828992
942 1.147256
943 1.132648
944 1.499328
945 1.348456
946 1.050624
947 0.802976
948 0.569088
949 1.22352
950 0.667584
951 0.667584
952 0.429472
953 1.105344
954 0.93804
955 0.952128
956 0.876536
958 1.006848
959 0.580032
960 0.021888
961 0.963072
962 0.842696
963 0.667584
964 0.558144
965 0.580032
966 0.571432
967 0.908352
968 0.700416
969 0.44028
970 0.514368
971 0.60256
972 0.647136
973 0.514368
974 0.40584
975 0.404928
976 0.563032
977 1.344584
978 1.550632
979 1.599176
980 1.327616
981 1.46064
982 1.510344
983 1.477056
984 1.393
985 1.389888
986 1.25856
987 1.361728
988 1.512232
989 1.80576
990 1.739144
991 1.704344
992 1.930648
994 1.771568
995 2.221632
996 2.270984
997 2.13368
998 2.024296
999 1.80576
1000 1.624464
1001 2.363904
1002 1.838736
1003 2.090304
1004 1.2108
1005 1.663488
1006 0.721496
1007 1.0944
1008 1.247616
1009 0.798912
1010 1.524304
1011 0.949552
1012 0.755136
1013 0.5472
1014 0.370408
1015 0.525312
1016 0.43776
1017 0.5472
1018 0.448704
1020 0.131072
1021 0.901864
1022 0.756496
1023 0.853632
1024 0.564024
1025 0.5472
1026 0.558144
1027 0.476744
1028 0.65664
1029 0.6008
1030 0.49528
1031 0.722304
1032 0.943472
1033 1.0496
1034 0.7344
1035 0.459648
1036 0.297056
1037 0.83656
1038 1.09112
1039 1.105568
1040 1.087512
1041 1.252784
1042 1.247544
1043 1.115896
1044 1.389888
1045 1.309632
1046 1.277536
1047 1.163056
1048 1.135952
1049 1.113968
1050 1.460752
1051 1.232536
1052 1.269504
1053 0.628056
1054 0.864576
1055 0.66036
1056 1.302336
1058 1.105592
1059 1.192896
1060 0.536256
1061 0.488824
1062 1.006848
1063 0.978864
1064 0.952128
1065 1.095408
1066 1.400832
1067 1.22564
1068 1.147472
1069 1.321304
1070 1.366976
1071 1.274056
1072 1.450824
1074 1.323944
1075 1.417072
1076 1.444608
1077 1.043872
1078 1.035608
1079 1.236672
1080 1.088184
1081 1.03968
1082 1.25856
1083 0.971432
1084 0.87552
1085 0.721064
1086 1.488384
1087 1.104072
1088 1.597824
1089 1.171496
1090 1.064256
1091 1.554048
1092 1.42092
1093 1.231216
1094 1.03864
1095 1.368
1096 1.171192
1097 1.196
1098 1.091776
1099 1.444608
1100 0.92044
1101 1.53216
1102 1.223
1104 1.275184
1105 1.411776
1106 1.02944
1107 1.102576
1108 1.21748
1109 1.105344
1110 1.214784
1111 1.098456
1112 1.510272
1113 1.123488
1114 1.357056
1115 1.036192
1116 1.145424
1117 1.455552
1118 1.444608
1119 0.657984
1120 1.324224
1121 1.30024
1122 1.444608
1123 1.15544
1124 1.324224
1125 1.17412
1126 1.20384
1127 1.104944
1128 1.291392
1129 1.146592
1130 1.794816
1131 0.877944
1132 0.689472
1133 0.580888
1134 1.280448
1135 1.057032
1136 1.218328
1137 1.747864
1138 1.333224
1139 1.386648
1141 1.40988
1142 1.761984
1143 1.379624
1144 1.365352
1145 1.611544
1146 1.505792
1147 1.838592
1148 1.439224
1149 1.718208
1150 1.495512
1151 1.663488
1152 1.410848
1153 1.491288
1154 1.364008
1155 1.893312
1156 1.902848
1157 2.155584
1158 1.94104
1159 1.838592
1160 1.58824
1161 1.948032
1162 1.547312
1163 1.403
1164 1.564992
1165 1.20744
1166 1.564992
1167 1.060168
1168 1.455552
1169 1.31328
1170 0.837616
1171 1.488384
1172 1.335424
1173 1.794816
1174 1.29408
1175 1.718208
1176 1.118224
1177 1.389888
1178 1.287472
1179 1.374048
1180 1.6864
1181 1.56552
1182 1.552792
1183 1.62704
1184 1.9152
1185 1.81512
1186 1.566576
1187 1.563432
1188 1.882368
1189 1.297856
1190 2.101248
1191 1.789144
1192 1.9352
1193 2.129192
1194 2.363904
1195 1.94648
1196 2.146752
1197 1.978032
1198 2.24352
1199 2.085992
1200 1.796144
1201 1.648184
1202 2.272696
1203 2.166912
1204 1.78768
1205 1.821952
1207 2.050248
1208 2.046528
1209 1.938192
1210 2.122688
1211 1.88532
1212 1.929736
1213 1.980864
1214 1.523208
1215 1.630656
1216 1.498432
1217 1.871424
1218 1.507936
1219 1.96992
1220 1.69996
1221 2.002752
1222 1.569944
1223 1.93944
1224 1.827648
1225 1.477952
1226 1.707264
1227 1.573832
1228 1.652712
1229 1.718208
1230 1.276288
1231 1.882368
1232 1.78496
1233 1.84256
1234 1.768656
1235 2.012608
1236 0.93924
1237 1.525984
1238 1.889872
1239 1.92416
1240 1.280448
1241 1.236672
1242 0.721928
1243 0.777024
1244 1.729152
1245 0.680792
1246 1.377128
1247 1.455552
1248 0.818984
1250 0.525312
1251 0.580032
1252 0.419984
1253 0.525312
1254 0.667584
1255 0.440056
1256 0.833384
1257 1.0944
1258 0.455136
1259 0.612864
1259 0.453336
