0 1.843672
1 2.663248
2 0.98064
3 1.779376
4 1.548752
5 2.723952
6 2.208824
7 2.552192
8 2.35664
9 3.217608
10 2.661136
11 2.442744
12 1.631664
13 2.334912
14 1.86744
15 1.324224
16 1.337008
17 1.36512
18 1.45484
19 1.608512
20 1.501616
21 1.367424
22 1.171472
23 1.47744
24 0.594432
25 1.630656
26 1.079952
27 1.072512
28 0.886216
29 2.02464
30 1.283832
31 1.795168
32 2.136992
33 1.61612
34 1.904256
35 1.40376
36 1.7576
37 1.821864
38 1.941496
39 1.413144
40 1.43312
41 1.975456
42 1.887056
43 2.417616
44 1.56172
45 2.103
46 2.198464
48 3.04516
49 2.813368
50 2.998656
51 2.295952
52 2.277264
53 1.780664
54 2.057472
55 1.56152
56 1.87964
57 1.552104
58 1.554496
59 1.444608
60 1.462312
62 0.131072
63 4.25392
64 1.548904
65 1.465376
66 2.0282
67 1.945704
68 1.834728
69 1.904256
70 1.596352
71 1.545152
72 1.488384
73 1.346136
75 1.524344
76 1.586352
77 1.937088
78 1.437432
79 1.674432
80 1.178784
81 1.904256
82 1.771328
83 2.035584
84 1.473656
85 1.882368
86 1.659248
87 1.948032
88 1.612312
89 2.057472
90 1.691656
91 1.554576
92 2.02464
93 1.574968
94 2.276352
95 1.670368
96 1.67936
97 2.1888
98 1.94152
99 2.210688
100 1.657128
101 1.59928
102 1.78508
103 2.24352
104 1.795616
105 1.782872
106 1.828456
107 2.233024
108 2.155968
109 1.709616
110 2.155968
111 1.984032
112 1.997912
113 2.495232
114 2.129264
115 2.016064
116 2.03088
117 2.199744
118 2.033872
119 1.499328
120 0.721272
121 1.03968
122 1.346112
123 1.593712
124 1.357056
125 1.554048
126 1.324224
127 0.869408
128 2.049288
129 2.221632
130 1.516696
131 2.312944
132 2.057472
133 1.31328
134 1.630344
135 2.396736
136 1.48764
137 1.849536
139 1.25856
140 0.867224
141 1.25856
142 1.400832
143 0.723776
144 1.763192
145 1.585616
146 1.702472
147 2.25736
148 1.906592
149 1.552976
150 1.826776
151 2.1888
152 2.027528
153 1.648064
154 2.013696
155 1.65668
156 1.96992
157 2.068416
158 1.69832
159 2.470336
160 2.528064
161 1.938488
163 1.144144
164 1.214784
165 1.116288
166 0.829592
167 0.361152
171 2.72232
172 0.963072
173 1.016328
174 2.035584
175 1.081184
176 0.700416
177 0.426816
178 0.434608
179 0.60192
180 0.503424
181 0.43776
182 0.196992
183 0.199216
184 0.131072
185 2.278552
186 1.905896
187 1.776936
188 1.047648
189 1.38736
190 1.117592
191 1.222272
193 1.231768
194 1.152024
195 1.192896
196 0.733248
197 0.654488
198 0.809856
199 1.772928
200 1.986696
201 1.926336
202 1.665504
203 2.346048
204 2.244408
205 2.179456
206 2.582592
207 2.288576
208 2.987712
209 2.704272
210 2.716424
211 2.199744
212 2.155968
213 1.918288
214 2.418624
215 1.603992
216 2.320128
217 1.82296
218 1.674432
219 1.771272
220 1.723376
221 2.199744
222 1.861128
223 1.64352
224 1.893312
225 1.24772
226 1.31328
227 1.127232
228 0.683512
229 0.514368
230 1.269504
231 0.863328
233 0.76608
234 0.610248
235 0.426816
236 1.10244
237 1.840376
238 1.595792
239 0.798912
240 1.010296
241 0.97888
242 0.897408
243 1.20384
244 0.690992
247 0.131072
248 1.265672
249 0.295488
250 0.196992
309 0.021888
310 0.503424
311 0.260384
312 0.10944
313 0.996712
315 1.236512
316 1.038392
317 0.962696
318 1.202624
319 1.11964
320 0.799728
321 0.864256
322 0.65664
323 0.603968
324 1.41664
325 1.472024
326 1.874472
327 1.340664
328 1.738208
329 2.402888
330 2.120744
331 2.113696
332 1.717608
333 1.905328
334 2.286192
335 2.705664
336 2.375096
338 2.856384
339 2.184448
340 1.225728
342 0.43776
343 0.311592
344 1.574104
345 1.957632
346 2.20776
348 3.080272
349 2.98612
350 2.93808
351 2.956384
352 3.015176
353 3.14024
354 2.610768
355 2.472248
356 2.384416
357 2.393992
358 2.001416
359 1.979816
360 1.798296
361 2.161992
362 2.396736
363 1.922448
364 2.24352
365 1.553464
367 1.663488
368 1.335168
369 1.6416
370 0.854312
371 1.03968
372 1.017792
373 1.277168
374 1.707264
375 0.420456
376 0.262656
377 1.236672
378 0.744192
379 1.220608
380 0.908352
381 1.006848
382 1.48784
383 1.466272
384 0.5472
385 0.5472
386 0.448704
387 0.065664
388 0.48948
389 1.51324
390 1.937088
391 1.480776
392 1.904848
393 1.669144
394 1.883024
395 1.863936
396 1.902672
397 1.437072
398 1.72992
400 1.673472
401 1.192896
402 1.220088
403 1.20572
404 1.534392
405 0.81256
406 0.589032
407 0.678528
408 0.584864
409 0.580032
410 0.777024
411 0.674904
412 1.236672
413 1.49808
414 1.277848
415 1.584904
416 1.282872
417 0.979536
418 1.127232
419 0.835272
420 1.382344
421 1.43864
422 1.543104
423 1.494488
424 1.285248
425 1.315768
426 1.521216
427 0.992248
428 1.357056
429 1.368
430 0.74932
431 1.455552
432 1.562168
433 1.114664
434 1.027184
435 1.411936
436 1.247616
437 0.416968
438 0.186048
439 0.16416
440 0.05472
442 0.021888
445 0.05472
448 0.153216
449 0.131328
450 0.076608
451 0.175104
452 0.141616
453 0.350208
454 0.465808
455 0.554896
456 0.673256
457 0.772616
458 0.723992
459 0.779224
460 1.115232
461 1.284808
462 1.302664
463 1.315808
466 1.907192
467 1.576112
468 1.704496
469 1.888232
470 1.965248
471 1.75616
472 1.675016
473 2.320128
474 1.56528
476 1.776584
477 1.247616
478 1.265448
479 1.278448
480 1.816704
481 0.678496
483 0.470592
484 1.846896
485 1.576032
486 1.587728
487 2.086856
488 1.96608
489 1.921752
490 1.914696
491 1.87264
493 1.756104
494 1.535056
495 1.52772
496 1.849536
497 1.547896
498 1.674432
499 1.083192
500 2.07936
501 1.459352
502 1.816704
503 1.634056
504 2.123136
505 1.238936
506 1.86048
507 1.332528
508 1.707264
509 1.18248
510 1.69632
511 1.35408
512 1.306112
513 1.335168
514 1.013584
515 1.070184
516 1.383392
517 1.46684
518 1.765368
519 1.739952
520 1.616448
521 1.582784
522 2.064672
523 1.849536
524 1.569216
525 1.556544
526 1.40596
528 1.965336
529 1.734544
530 1.714056
531 1.434616
532 1.357696
533 1.801528
534 2.002752
535 1.354392
536 1.216744
537 1.729152
538 1.430616
539 1.80812
540 1.783872
541 0.785768
542 0.558144
543 0.580032
544 0.831744
545 0.65664
546 0.20052
548 0.076608
549 1.918248
550 1.429432
551 1.950512
552 1.38032
553 1.725512
554 1.373224
555 1.208176
556 1.62988
557 2.316792
558 2.51472
559 2.07156
560 2.271648
561 3.140928
562 2.692224
563 2.598168
564 1.745424
565 2.779776
566 2.382072
567 2.599384
568 2.95288
569 2.703448
570 2.745056
571 3.423608
572 2.250632
573 3.076672
574 2.219016
575 2.320128
576 1.414472
577 1.772928
578 1.592608
579 2.177856
580 0.969176
581 1.96992
582 1.927872
583 2.593728
585 2.523336
586 3.444488
587 3.296568
588 3.711928
589 3.23748
590 3.061032
591 3.99456
592 2.608832
593 2.47184
594 2.067784
595 2.149568
596 2.148664
597 2.057624
598 2.801504
599 2.736
600 1.231632
601 1.03968
602 0.777024
603 0.623808
604 0.43776
605 0.658832
606 0.240768
607 0.284544
608 0.60192
610 0.722048
611 1.098016
612 1.269504
613 1.090128
614 1.444608
615 0.937896
616 1.07108
617 0.886464
618 0.787968
619 0.120128
620 0.251712
622 0.196992
623 1.814312
624 1.734904
625 1.313376
626 1.786704
627 1.394608
628 1.508912
629 2.012456
630 2.002504
631 1.818192
632 1.760592
633 1.867608
634 1.777352
635 1.607056
636 1.765024
637 1.799544
638 1.80576
639 0.884776
640 0.38304
641 0.38304
642 0.153216
644 0.021888
645 1.234216
646 1.160224
647 1.0944
648 0.778848
649 0.963072
650 0.823528
651 0.590976
652 0.503424
653 0.612864
654 0.704976
655 0.590976
656 0.39444
657 0.372096
658 0.240768
660 0.317376
661 0.350744
662 0.536256
663 0.309296
664 0.401984
665 0.426816
666 0.196992
667 0.128456
683 0.087552
684 0.387592
685 0.6204
686 0.580032
687 0.8432
688 0.606536
689 0.812864
690 1.044216
691 1.19796
692 1.645928
693 1.358736
694 1.694656
695 1.114984
696 0.963072
698 0.412856
699 1.398272
700 0.958272
701 0.700416
702 0.098496
703 0.05872
704 0.32832
705 0.496048
707 0.820936
708 0.952128
709 0.271176
710 0.814232
711 0.7218
712 1.017952
713 0.853632
714 0.492592
715 1.029816
716 1.073888
717 1.333488
718 1.209064
719 1.472072
720 2.0
721 2.659392
722 2.214208
723 2.15496
724 1.378944
725 1.736632
726 1.934688
727 1.988336
728 1.9524
729 1.905416
730 2.155832
731 2.768832
732 2.307552
733 2.07136
734 2.615616
735 1.890528
736 2.29824
737 1.927912
738 1.954408
739 2.35296
740 1.756872
741 2.08228
742 2.386896
743 2.101248
744 1.97044
745 2.293712
746 2.345664
747 1.948032
748 1.508864
749 1.904256
750 1.136696
751 0.558144
753 0.196992
754 0.448704
755 0.481536
756 0.313208
757 0.262656
758 0.240768
759 0.339264
760 0.684456
761 0.65664
762 0.520528
763 0.76608
764 0.61204
765 0.952128
766 0.786584
767 0.919296
768 0.476544
770 0.175104
771 1.548824
772 1.274856
773 2.042256
775 1.649536
776 1.860936
777 1.854712
778 1.295528
779 1.687232
780 1.712928
781 1.653768
782 2.015648
783 2.266688
784 2.03272
785 1.671032
786 1.934864
787 1.911616
788 2.197112
789 2.1888
790 1.673504
791 1.296584
793 1.749544
794 1.958976
795 1.549504
796 1.593256
797 1.904256
798 1.547344
799 1.423256
800 1.663488
801 1.610728
802 1.827648
803 1.325288
804 1.378944
805 1.294032
806 1.729152
807 1.96992
808 1.290888
809 1.849536
810 1.583664
811 1.937088
812 1.824592
813 1.718208
814 1.783872
815 1.5988
816 2.101248
817 1.487288
818 1.849536
819 1.437024
820 1.663488
821 1.253064
822 1.269504
823 1.035568
824 1.42272
825 0.915784
826 1.249216
827 1.028736
828 1.212096
829 1.53216
830 0.593144
831 1.783872
832 1.569656
833 1.66644
834 2.051008
835 2.596192
836 2.020992
838 2.042056
839 2.775576
840 3.306904
841 3.099128
842 2.790808
843 3.00616
844 3.108096
846 2.704016
847 3.315608
848 3.374712
849 2.321984
850 2.818232
851 2.703168
852 2.268552
853 2.73108
854 2.90484
855 1.929688
856 2.058816
857 2.022776
858 2.084776
859 1.96132
860 1.919264
861 2.066208
862 2.079592
863 2.289592
864 2.418624
865 1.649248
867 0.131072
868 4.941008
869 2.057472
870 1.816704
873 0.17132
874 5.248088
875 1.871424
876 1.561704
877 2.068416
878 1.570944
879 1.581912
880 2.090304
881 1.427632
882 1.950184
883 2.101248
884 2.11612
885 2.07936
886 1.749736
887 1.772928
888 1.638216
889 1.882368
890 1.419088
891 1.937088
892 1.61848
893 1.779024
894 2.13408
895 2.015488
897 1.816704
898 2.337424
899 2.615616
900 1.726872
901 0.963072
902 0.886464
903 1.744336
904 1.0944
905 0.831744
906 1.467456
907 1.127232
908 1.1974
909 1.466496
910 0.9836
911 1.14912
912 1.253192
913 1.608768
914 0.951728
915 1.47744
916 0.932008
917 1.160064
918 1.028736
919 0.65868
920 1.050624
922 0.765216
923 0.864576
924 0.995904
925 0.709144
926 1.280448
927 0.920944
928 0.131072
929 3.17492
930 1.060592
931 0.984352
932 0.8096
933 0.817064
934 0.700416
935 0.700416
936 0.636112
937 0.5472
938 0.323256
939 0.612864
940 0.525312
941 0.312584
942 0.251712
943 0.914472
944 1.403632
945 1.370288
947 1.203968
948 1.533728
949 1.65408
950 1.751264
951 1.379168
952 1.70532
953 1.401544
954 1.62576
955 1.794752
956 1.620352
957 1.499832
958 1.660016
959 1.71124
960 1.691096
961 1.659424
962 1.7334
964 1.831368
965 2.057472
966 1.535424
967 1.991808
968 1.259248
969 1.433664
970 1.357056
971 0.973152
972 1.160064
973 1.193696
974 0.961128
975 1.20384
976 0.889248
977 1.219928
978 1.247616
979 1.064512
980 1.291392
981 1.055656
982 1.186504
983 1.374216
984 1.14884
985 1.41692
987 1.613112
988 1.269504
989 1.265584
990 1.663488
991 1.263136
992 1.255976
993 1.466496
994 1.158824
995 1.707264
996 1.158792
997 1.29188
998 1.269504
999 1.162752
1000 1.214528
1001 0.8302
1006 0.569088
1007 0.508912
1008 0.981608
1010 1.519384
1011 1.747896
1012 1.966952
1013 1.55824
1014 1.130512
1015 0.867536
1016 1.342616
1017 1.433664
1018 0.933744
1019 1.138176
1020 0.981472
1021 1.31328
1022 0.762384
1023 1.247616
1024 1.357056
1025 1.227072
1026 1.58688
1027 1.125136
1028 1.521216
1029 1.133552
1030 1.466496
1031 1.185064
1032 1.520816
1033 1.718208
1034 1.234144
1036 1.611192
1037 1.905112
1038 1.943496
1039 1.918744
1040 2.139904
1041 2.108952
1042 1.978968
1043 1.948032
1044 2.056616
1045 1.943712
1046 1.925688
1047 1.64684
1048 1.827648
1049 0.131072
1050 4.224504
1051 2.068416
1052 1.753
1053 2.29824
1055 1.873792
1056 1.707976
1057 2.02464
1058 1.254504
1059 1.794816
1060 1.294776
1061 1.181952
1062 0.590976
1063 0.350208
1064 0.339264
1065 0.339264
1066 0.2736
1067 0.120384
1068 0.10944
1069 0.2736
1070 0.393984
1071 0.221984
1072 0.251712
1073 0.295488
1074 0.580032
1075 0.570144
1076 0.2826
1077 0.415872
1078 0.5472
1079 0.704624
1080 0.666632
1081 0.619928
1083 0.787968
1084 0.77756
1085 0.528544
1086 0.5472
1087 0.393984
1088 0.321144
1089 0.295488
1090 0.317376
1091 0.52448
1092 0.262656
1093 0.404928
1094 0.659208
1095 0.696984
1096 0.2898
1097 0.229824
1098 0.555024
1099 0.547728
1100 0.427368
1101 0.435136
1113 0.032832
1114 0.18068
1115 0.361152
1116 0.457968
1117 0.662376
1118 1.024664
1119 1.21136
1120 1.381976
1121 1.420456
1122 1.472288
1123 1.521144
1124 1.568736
1125 1.95716
1126 1.828688
1127 1.7012
1128 2.099064
1129 2.175888
1131 2.24432
1132 2.294344
1133 1.127232
1134 1.97968
1135 2.015624
1136 2.08524
1137 2.033264
1138 2.12708
1140 2.247488
1141 2.239248
1142 2.284264
1143 1.887136
1144 1.900664
1145 1.9152
1146 0.621976
1147 1.411776
1148 1.422496
1149 1.740096
1150 1.304448
1151 1.31328
1152 1.467208
1153 1.280448
1154 1.19108
1155 0.98496
1156 0.79208
1157 0.87976
1158 0.88452
1159 0.941128
1160 1.208352
1161 1.389888
1162 1.204816
1163 1.389888
1164 1.077608
1166 1.36632
1167 1.794816
1168 0.865848
1169 1.14912
1170 1.389888
1171 0.837976
1172 1.20384
1173 0.93948
1174 0.131072
1175 2.815264
1177 1.108984
1178 1.20384
1179 0.948736
1180 0.974016
1181 0.646808
1182 0.645696
1183 0.449288
1184 0.853632
1185 0.798912
1186 0.74632
1187 0.755136
1188 0.71028
1189 0.853632
1190 0.832624
1191 0.976192
1192 1.0944
1193 0.728888
1194 1.389888
1195 0.78204
1196 0.72632
1197 1.138176
1198 0.656536
1199 0.404928
1200 0.612864
1201 0.40388
1202 0.5472
1203 0.361152
1204 0.301088
1205 0.306432
1206 0.284544
1207 0.295488
1209 0.33876
1210 0.284544
1211 0.262656
1212 0.284544
1213 0.295488
1214 0.51384
1215 0.503424
1216 0.37272
1217 0.525312
1218 0.402624
1219 0.344272
1220 0.624112
1221 0.654704
1222 0.619696
1223 0.61648
1224 0.567672
1225 0.4998
1226 0.380344
1227 0.569088
1228 0.331312
1229 0.306432
1230 0.214424
1231 0.251712
1232 0.207936
1233 0.1446
1234 0.16416
1238 0.131072
1239 0.76176
1240 0.229824
1242 0.129296
1243 0.2736
1244 0.392584
1245 0.500216
1246 0.262656
1247 0.312392
1248 0.415872
1249 0.301352
1250 0.375272
1251 0.490752
1252 0.638056
1253 0.788624
1254 0.748592
1255 0.739056
1256 0.669144
1257 0.69928
1258 0.69096
1259 1.029744
1261 1.045304
1262 1.024096
1263 1.171008
1264 0.889736
1265 0.889056
1266 1.087344
1267 1.110504
1268 0.99064
1269 1.357056
1270 1.099416
1271 1.302336
1272 1.465456
1273 1.343024
1274 1.740096
1275 1.38764
1276 1.477624
1277 1.893312
1278 1.684176
1279 0.475816
1280 1.342176
1281 1.548184
1282 1.6416
1283 1.619712
1285 1.242656
1286 1.58688
1287 1.300112
1288 1.575936
1289 1.433664
1290 1.124288
1292 1.214784
1293 2.49532
1294 1.575936
1295 1.310632
1296 1.608768
1297 1.674432
1298 1.20924
1299 0.131072
1300 2.671504
1301 1.14308
1302 1.543104
1303 1.251048
1304 1.192896
1305 0.832848
1306 0.908352
1307 0.868568
1308 0.88452
1310 0.76608
1311 0.566416
1312 0.831744
1313 0.547336
1314 0.926392
1315 1.008312
1316 1.133528
1317 0.967216
1318 1.2004
1319 1.339344
1320 1.211456
1321 1.394096
1322 0.559968
1323 1.19972
1324 1.28324
1325 1.239944
1326 0.886464
1327 1.031688
1328 1.145768
1329 1.081512
1330 0.97304
1331 1.069744
1332 1.214896
1333 1.16556
1334 1.228344
1335 1.266832
1336 1.724104
1337 2.002752
1338 1.108144
1339 1.500704
1340 1.455552
1341 1.068048
1342 1.783872
1343 1.40668
1344 1.849536
1345 1.335168
1346 0.935296
1347 0.744192
1348 0.787968
1349 0.722304
1350 0.8208
1351 0.60192
1353 0.65664
1354 0.557608
1355 0.755136
1356 0.853632
1357 0.71304
1358 0.846304
1359 0.999584
1360 1.108056
1361 1.269504
1362 0.817416
1363 1.301648
1364 1.253288
1365 1.422568
1366 1.249888
1367 1.468296
1368 1.075224
1369 1.284312
1370 1.707264
1371 1.42272
1372 1.358384
1373 1.849536
1374 1.073856
1375 1.707264
1376 1.214256
1377 1.466496
1378 1.013488
1379 1.324224
1380 1.00396
1381 0.634752
1382 0.842688
1383 1.104728
1384 1.309832
1385 1.105344
1386 1.031592
1387 1.619712
1388 1.457464
1389 1.122248
1390 1.31328
1391 0.829264
1392 1.707264
1393 1.019472
1394 1.47744
1395 1.291568
1396 1.409504
1397 0.733248
1398 0.514368
1399 0.768456
1400 1.42272
1401 0.956944
1402 1.083456
1403 0.970936
1404 0.914624
1405 0.763056
1406 1.017792
1407 0.797376
1408 0.631688
1409 0.519832
1410 0.785072
1411 0.978688
1412 0.812904
1413 1.477192
1415 1.15812
1416 0.657688
1417 0.711128
1418 0.71136
1419 0.5152
1420 0.131072
1421 1.3428
1422 1.466496
1423 1.092888
1424 1.318096
1425 1.222384
1426 1.229528
1427 1.222528
1428 1.43264
1429 1.017696
1430 0.831744
1431 0.650008
1432 0.8208
1433 1.120032
1434 1.323896
1435 1.199568
1436 1.335168
1437 1.165624
1438 1.151616
1439 1.389888
1440 1.180184
1441 1.560024
1442 0.995904
1443 0.339264
1444 1.265112
1445 0.904232
1446 1.083456
1447 0.902936
1448 1.543104
1449 1.35384
1450 1.58972
1451 1.579024
1452 2.112192
1453 1.481608
1454 1.363264
1455 1.017792
1457 0.92852
1458 0.503424
1459 0.700416
1460 0.612864
1461 0.567712
1462 0.87552
1463 0.842688
1464 0.745688
1465 1.07584
1466 1.529192
1467 1.292928
1468 1.46596
1469 1.490672
1470 1.261464
1471 1.53856
1472 1.487264
1473 1.319808
1474 1.252464
1475 1.619712
1476 1.1564
1477 1.214472
1478 0.831744
1479 1.06336
1480 1.411776
1481 1.125632
1483 1.229296
1484 1.361232
1485 1.626968
1486 1.583048
1487 1.319136
1488 0.919296
1489 0.722984
1490 1.980864
1491 1.603424
1492 1.854672
1493 1.509184
1494 1.25856
1495 1.05432
1496 1.577176
1497 1.680408
1498 2.137136
1499 2.24352
1500 1.467664
1501 1.236672
1502 1.110624
1503 1.006848
1504 0.678528
1506 0.404928
1507 0.812144
1508 1.346112
1509 0.614456
1510 0.8208
1511 0.673976
1512 0.809856
1513 1.179136
1514 1.026792
1515 1.017792
1516 0.692624
1517 1.411776
1518 1.546928
1519 1.843944
1520 1.4686
1521 1.619712
1522 0.945352
1523 1.236672
1524 1.253488
1525 1.206664
1526 1.171008
1527 1.117024
1528 1.049808
1529 1.548
1531 1.201808
1532 1.050624
1533 0.899736
1534 0.974016
1535 0.623808
1536 0.240768
1537 0.288632
1538 0.240768
1539 0.153216
1540 0.16416
1541 0.175104
1549 0.131072
1550 0.828656
1551 0.196992
1552 0.220568
1553 0.361152
1554 0.310752
1555 0.240768
1556 0.317376
1557 0.342944
1558 0.393984
1559 0.321752
1560 0.295248
1561 0.494608
1562 0.426816
1563 0.299072
1564 0.393984
1565 0.522696
1566 0.834712
1567 1.047344
1568 0.85516
1569 1.185216
1571 1.1234
1572 0.908496
1573 0.974912
1574 1.320888
1575 1.143512
1576 1.161336
1577 1.3378
1579 1.411312
1580 1.330384
1581 1.335168
1582 1.04276
1583 1.278832
1584 1.3922
1585 1.278272
1586 1.516472
1587 1.733704
1588 1.998656
1589 2.199744
1590 1.55668
1591 1.685472
1592 2.065896
1593 1.79536
1594 1.783808
1595 1.86048
1596 1.426816
1597 1.361264
1598 1.163808
1599 1.47744
1600 1.076344
1601 1.328552
1602 1.619712
1603 1.196128
1604 1.269504
1605 0.795224
1606 1.276496
1607 1.31436
1608 1.31152
1609 1.31328
1610 1.193968
1611 1.488384
1612 1.316856
1614 1.262408
1615 1.357056
1616 1.017792
1617 0.679368
1618 0.339264
1619 0.229824
1620 0.831744
1621 0.503424
1622 0.376032
1623 0.65664
1624 0.76608
1625 0.526144
1626 0.689472
1627 0.590728
1628 0.514368
1629 0.470592
1630 0.536256
1631 0.453928
1632 0.5472
1633 0.450552
1634 0.5472
1635 0.481536
1636 0.23976
1637 0.393984
1638 0.404928
1639 0.271504
1640 0.393984
1641 0.415872
1642 0.393648
1643 0.44176
1645 0.502928
1646 0.481536
1647 0.306512
1648 0.496296
1649 0.568688
1650 0.650032
1651 0.592824
1652 0.492936
1653 0.456104
1654 0.459648
1655 0.427
1656 0.383632
1658 0.290712
1659 0.415872
1660 0.350984
1661 0.388752
1662 0.43776
1663 0.355936
1664 0.378464
1665 0.407504
1666 0.494752
1667 0.516896
1668 0.522472
1669 0.543112
1670 0.520464
1671 0.712304
1672 0.594336
1673 0.678376
1674 0.72732
1675 0.757392
1677 0.618952
1678 0.789216
1679 1.020432
1680 0.918832
1681 0.77536
1682 0.784072
1683 0.689472
1684 0.674424
1685 0.594288
1686 0.615328
1687 0.689472
1688 0.590184
1689 0.481536
1690 0.23352
1691 0.700416
1692 0.49604
1693 0.65608
1694 0.97448
1695 1.329976
1696 1.503264
1697 1.329776
1698 1.158024
1699 1.289376
1700 1.421376
1702 1.308344
1703 1.466496
1704 1.323472
1705 1.068928
1706 1.0838
1707 1.740096
1708 1.082296
1709 1.269504
1710 0.49524
1711 0.448704
1712 0.580032
1713 0.986024
1714 1.124272
1715 1.31708
1716 1.21256
1717 1.138176
1718 0.960624
1719 0.838968
1720 0.71136
1721 0.67692
1722 0.645696
1724 0.906752
1725 1.14912
1726 0.52476
1727 0.525312
1728 0.481536
1729 0.35416
1730 0.470592
1731 0.131072
1732 1.261384
1733 0.878512
1734 1.140208
1735 1.061032
1736 0.80044
1737 0.881072
1738 1.066128
1739 0.915928
1740 0.932504
1741 1.020992
1742 1.225968
1743 1.521216
1744 1.255688
1745 1.21644
1746 1.267432
1747 1.309136
1749 1.588736
1750 1.52148
1751 1.521736
1753 1.490576
1754 1.444608
1755 1.016024
1756 1.47744
1757 1.01668
1758 1.303128
1759 1.564992
1760 1.224376
1761 1.4688
1762 1.499328
1763 0.68924
1764 0.842688
1765 0.794184
1766 1.105344
1767 0.885832
1768 1.236672
1769 0.928896
1770 1.346112
1771 0.956792
1772 1.324224
1773 1.0462
1775 1.195304
1776 1.510272
1777 1.5244
1778 1.69632
1779 1.289496
1780 1.772928
1781 1.338496
1782 1.431848
1783 1.564992
1784 0.691824
1785 0.448704
1786 0.251712
1787 0.383952
1788 0.470592
1789 0.514368
1790 0.368832
1792 0.426816
1794 0.131072
1797 0.789912
1798 0.87016
1799 0.570112
1800 0.717672
1801 0.358336
1802 0.768048
1803 0.758512
1804 0.8826
1805 0.944672
1806 0.8648
1807 0.864576
1808 0.52076
1809 0.744192
1810 0.38304
1811 0.269928
1812 0.864576
1813 0.843248
1814 0.78088
1815 0.741536
1816 1.236672
1817 1.807008
1818 2.393416
1819 1.727784
1820 2.209064
1821 2.406608
1822 2.15864
1823 2.484208
1825 2.622312
1826 1.813512
1827 1.740864
1828 1.980864
1829 1.666024
1830 2.226784
1831 1.882368
1832 1.71072
1833 2.038768
1834 1.761984
1835 1.343008
1836 2.67496
1837 2.983256
1838 2.615616
1839 1.833904
1840 1.569192
1841 1.991808
1842 1.863568
1843 2.07936
1844 1.661088
1845 1.887032
1846 2.177856
1847 1.905376
1848 1.863464
1849 2.363904
1850 1.723184
1851 2.22488
1853 2.391784
1854 2.24352
1855 2.037408
1856 2.435344
1857 2.331072
1858 1.828296
1859 2.035584
1860 1.584328
1861 2.254464
1862 1.592688
1863 1.705072
1864 2.145024
1865 1.997536
1866 3.139384
1867 3.261312
1868 2.80492
1869 2.549208
1870 3.17376
1871 2.90012
1872 2.360384
1873 2.343808
1874 2.484288
1875 2.377208
1876 2.684744
1877 2.776824
1878 3.10596
1879 2.809504
1880 3.275168
1881 3.596864
1882 3.8682
1883 2.412392
1884 2.77384
1886 2.735472
1887 3.493928
1888 2.742384
1889 3.396344
1890 3.183808
1891 2.822888
1892 2.826944
1893 2.646696
1894 2.42396
1895 2.117832
1896 2.834496
1897 2.249752
1898 1.903216
1899 1.904208
1900 1.828216
1901 1.96208
1902 2.274856
1903 2.659824
1904 1.967976
1905 2.047496
1906 2.50308
1908 0.16416
1909 6.055544
1910 2.528064
1911 2.1888
1912 2.709496
1913 2.889216
1914 2.244776
1915 2.374816
1916 1.773856
1917 2.125736
1918 2.724216
1919 2.924832
1921 2.89836
1922 2.736
1923 1.89064
1924 2.346952
1925 2.550776
1926 2.490168
1927 2.427072
1928 1.75104
1929 1.720736
1930 1.83756
1931 2.293408
1932 2.957368
1933 3.348864
1934 2.369104
1935 2.306008
1936 3.226296
1937 3.316032
1938 2.858808
1939 2.690624
1940 1.91688
1941 2.95488
1942 2.222368
1943 2.263672
1944 1.851536
1945 2.812608
1946 2.146328
1947 2.435192
1948 2.3918
1949 2.93888
1950 2.90016
1951 2.447688
1952 2.307912
1953 2.144608
1954 2.210592
1955 1.919344
1956 2.812608
1957 2.310864
1958 1.806328
1959 2.549952
1960 1.826056
1961 2.0788
1963 2.473344
1964 2.039248
1965 2.560896
1966 1.889936
1967 2.451456
1968 2.703168
1970 0.436008
1971 5.800464
1972 1.280448
1973 1.882368
1974 2.123136
1975 1.936288
1976 2.4624
1977 1.746456
1978 2.07936
1979 1.473256
1980 2.495232
1981 1.89056
1982 1.899168
1983 2.27756
1984 2.385792
1985 1.903872
1986 2.51712
1987 1.845848
1988 2.768832
1989 2.27492
1991 2.14956
1992 2.233864
1993 3.06432
1994 2.506176
1996 1.2914
1998 5.805616
1999 1.827648
2000 2.123136
2001 2.151456
2002 2.637504
2003 2.90016
2004 2.487816
2005 3.356704
2006 2.507416
2007 1.389888
2008 0.611352
2009 0.514368
2010 0.10944
2011 1.814512
2013 3.232264
2014 3.162816
2015 3.056848
2016 3.36532
2017 1.898552
2018 1.729152
2019 1.488552
2020 2.295968
2021 1.89396
2022 2.005056
2023 2.232576
2024 1.221128
2025 1.403096
2026 2.002752
2027 1.5546
2028 1.663456
2029 1.62228
2030 2.035584
2031 1.781432
2032 1.862992
2033 1.93616
2034 1.628224
2035 1.831576
2036 1.904384
2037 1.63244
2038 1.676008
2039 1.719904
2040 2.418624
2041 1.84208
2042 1.93724
2043 2.083816
2044 2.057912
2045 2.224728
2046 2.125168
2047 2.024272
2048 2.004784
2050 2.145056
2051 2.965824
2052 2.319008
2053 2.550248
2054 2.834496
2055 2.359056
2056 2.274696
2057 2.477224
2058 2.681896
2059 2.90016
2060 2.032592
2061 2.05676
2062 2.115568
2063 2.56364
2064 2.703168
2065 1.918952
2066 1.948064
2067 2.221632
2068 2.053072
2069 2.258664
2070 2.598416
2071 2.747696
2072 2.193464
2073 2.63512
2074 2.834496
2075 0.773344
2076 2.549048
2077 2.560896
2078 2.357336
2079 2.714112
2080 1.668936
2081 2.153664
2082 1.819656
2083 2.124152
2084 2.24352
2085 1.895192
2087 2.237736
2088 2.220216
2089 2.560896
2090 2.004576
2091 1.870144
2092 1.8698
2093 1.875408
2094 2.194984
2095 0.131072
2096 3.741464
2097 1.720216
2098 1.591096
2099 1.624544
2100 2.493832
2102 2.615
2103 2.741464
2104 2.549952
2105 1.805488
2106 1.833504
2107 1.80576
2108 1.406504
2109 1.389888
2110 1.225728
2111 0.701688
2112 1.072512
2113 1.849536
2114 1.497824
2115 1.783872
2116 1.613552
2117 2.276352
2118 1.691944
2119 2.473344
2120 1.500088
2121 2.057472
2122 1.25916
2123 1.389888
2124 1.308064
2125 1.42272
2126 1.433664
2127 1.028736
2129 0.77808
2130 0.667584
2131 0.889616
2132 1.44432
2133 1.399336
2134 1.761984
2135 1.138848
2136 1.214784
2137 0.629448
2138 0.722304
2139 0.678528
2140 0.251712
2141 0.142272
2142 0.065664
2144 0.021888
2145 1.614512
2146 1.344488
2147 1.291672
2148 1.264712
2149 1.239504
2150 1.061192
2151 0.9464
2152 0.9272
2153 1.344112
2154 1.236936
2156 1.476712
2157 1.259904
2158 1.0368
2159 1.037136
2160 0.995904
2161 0.441712
2166 0.043776
2186 0.010944
2188 0.372096
2189 0.792568
2190 0.415872
2191 0.393192
2192 0.292792
2194 0.404928
2195 0.240824
2196 0.504768
2197 0.186048
2199 0.087552
2200 0.05472
2202 0.021888
2205 0.010944
2206 0.116648
2207 0.131328
2208 0.10944
2209 0.10944
2212 0.021888
2213 0.093144
2214 0.107504
2215 0.43776
2216 0.474824
2217 0.625248
2218 0.963448
2220 0.959968
2221 1.021416
2222 0.960376
2223 1.00952
2224 1.036856
2225 1.143136
2226 0.6476
2227 0.564848
2228 0.415872
2229 0.436424
2230 0.808512
2231 0.889928
2232 1.146768
2233 1.284208
2234 1.457128
2235 1.378944
2236 1.294776
2237 1.734952
2238 1.980864
2239 1.438672
2240 1.543104
2241 1.16528
2242 1.488384
2243 0.975552
2244 0.725312
2245 1.138176
2247 1.055832
2248 1.171008
2249 1.247616
2250 0.95932
2251 1.291392
2252 1.434832
2253 1.707264
2254 1.509088
2255 1.871424
2256 1.481328
2257 1.596424
2258 1.980864
2259 1.368656
2260 1.386736
2261 1.761984
2262 1.101608
2263 1.301936
2264 1.652544
2265 1.343912
2266 1.359032
2267 1.500184
2268 1.719256
2269 1.663488
2270 1.119064
2271 1.247616
2272 0.802712
2273 1.14912
2274 0.828512
2275 1.335168
2276 1.546824
2278 0.131072
2279 3.555648
2280 1.415256
2281 1.324224
2282 0.972312
2283 0.982456
2284 1.138176
2285 0.77264
2286 1.001728
2287 1.230128
2288 1.575936
2289 1.053144
2290 1.050624
2291 0.962512
2292 1.247616
2293 0.291024
2294 1.427712
2295 1.357056
2297 1.66564
2298 1.884856
2299 1.824728
2300 1.86584
2301 2.190384
2302 2.170728
2303 1.752104
2304 1.7514
2305 1.750592
2306 1.874128
2307 1.936784
2308 2.55124
2309 2.276352
2310 1.795872
2311 2.568296
2313 3.342776
2314 3.3946
2315 2.932992
2316 1.966616
2317 1.91184
2318 2.725056
2319 2.511328
2320 2.71484
2321 2.885712
2322 2.808248
2323 2.915224
2324 3.075264
2325 2.721368
2326 2.439904
2327 2.378848
2328 2.363584
2329 3.22848
2330 2.850496
2331 2.442144
2332 3.359808
2333 2.835728
2334 3.139088
2336 2.384872
2337 1.827648
2338 1.491752
2339 2.4624
2340 2.757344
2341 3.33436
2342 3.548752
2343 3.691208
2344 3.749472
2345 3.651728
2346 4.091344
2347 4.311936
2348 3.746696
2349 4.147776
2350 4.552704
2351 0.34428
2352 6.21032
2353 3.699072
2354 2.77772
2356 3.526208
2357 4.158976
2358 2.523688
2359 3.020544
2360 2.809392
2361 3.305344
2363 0.814136
2364 6.567392
2365 1.433664
2366 2.287296
2367 2.166912
2368 1.619896
2369 1.985296
2371 2.615616
2372 1.923192
2373 1.872512
2374 1.740096
2375 1.302072
2376 2.013696
2377 1.488384
2378 1.135624
2379 1.759528
2380 2.127472
2381 2.276352
2382 1.877592
2383 2.354808
2384 2.90968
2385 2.306912
2386 3.940448
2387 2.550472
2388 1.565256
2389 2.385792
2390 2.313952
2391 1.734552
2392 2.237448
2393 2.408824
2394 2.796056
2395 2.897512
2396 2.506176
2398 1.972456
2399 0.131072
2400 5.076784
2401 2.156344
2402 1.893312
2403 1.827648
2404 1.593728
2405 1.488384
2406 1.267704
2407 1.948032
2408 1.5858
2409 1.794816
2410 1.35072
2411 1.652544
2412 1.495632
2413 1.480768
2414 2.013696
2415 2.123136
2417 1.224104
2418 2.07936
2419 1.980864
2421 0.099736
2422 5.01484
2423 1.948032
2424 0.977144
2425 1.105344
2426 0.526576
2429 0.32832
2430 2.374072
2431 1.69632
2432 1.14204
2433 1.324224
2434 1.540296
2435 1.572192
2436 1.53204
2437 1.05372
2438 0.707552
2439 0.350208
2440 0.21888
2441 0.186048
2443 0.043776
2444 0.747616
2445 0.142272
2446 0.240768
2447 0.120384
2450 0.076608
2452 0.175104
2453 0.066848
2454 0.229824
2455 0.203976
2456 0.196992
2458 0.109248
2459 0.120384
2487 0.076608
2489 0.010944
2490 0.021888
2492 0.043776
2493 0.032064
2494 0.051792
2495 0.009016
2497 0.05472
2498 0.05472
2499 0.043776
2500 0.043776
2501 0.065664
2503 0.065664
2504 0.03248
2505 0.05472
2506 0.065664
2507 0.043776
2508 0.05472
2510 0.05472
2511 0.05472
2512 0.05472
2513 0.05472
2514 0.047736
2516 0.043776
2517 0.076608
2518 0.05472
2519 0.05472
2520 0.043776
2521 0.043776
2523 0.05472
2524 0.05472
2525 0.043776
2527 0.05472
2529 0.05128
2530 0.043776
2531 0.043776
2532 0.021888
2534 0.032832
2535 0.032832
2536 0.032832
2539 0.021888
2540 0.120384
2541 0.175104
2542 0.07944
2543 0.16416
2552 0.05472
2553 0.566264
2554 1.288088
2555 1.363872
2556 1.137568
2557 1.708192
2558 1.98824
2559 2.256544
2560 2.446472
2561 2.521544
2562 1.619096
2563 0.867168
2564 0.798912
2565 1.67276
2566 1.75104
2567 1.183784
2569 2.057472
2570 1.397048
2571 1.816704
2572 2.214456
2573 1.4594
2574 1.378944
2575 1.247
2576 1.053
2577 1.269504
2578 1.216696
2579 1.772992
2580 1.95152
2581 1.646128
2582 1.783872
2583 1.344432
2584 1.740096
2585 1.508184
2586 1.444464
2587 1.539264
2588 1.523984
2589 1.573424
2590 1.572136
2591 1.793288
2592 1.675832
2593 1.793824
2594 1.934176
2595 1.834104
2596 2.123136
2597 1.658328
2598 2.126576
2599 2.101248
2600 1.572424
2601 1.794816
2602 1.513856
2604 1.638424
2605 1.761984
2606 1.39424
2607 1.99048
2608 2.569832
2609 1.836648
2610 2.051768
2611 1.886672
2612 2.090304
2613 1.775216
2614 1.785016
2615 2.07936
2616 1.79844
2617 1.81124
2618 1.900328
2619 1.937088
2620 1.425152
2621 1.477176
2622 1.772928
2623 1.451024
2624 1.838592
2625 1.980864
2626 1.578816
2627 1.849536
2628 1.598872
2629 1.980864
2630 1.89664
2631 2.473344
2632 1.996432
2633 2.823552
2634 2.206248
2635 2.40768
2636 1.662224
2637 2.746944
2638 2.064552
2639 3.481216
2640 2.918208
2641 2.986704
2642 1.96164
2643 2.945568
2644 2.809568
2645 2.659672
2648 2.302816
2649 5.846176
2650 2.619576
2651 2.801664
2652 2.697016
2653 2.976768
2654 2.340072
2655 2.650016
2656 2.965824
2657 2.108864
2658 2.410416
2659 2.72068
2660 2.91604
2661 3.255744
2662 2.761176
2663 2.23532
2664 2.036864
2665 2.188992
2666 2.714368
2667 2.180248
2668 2.374848
2669 2.433272
2671 2.57876
2672 2.405368
2673 2.265408
2674 2.536248
2675 2.055
2676 2.13976
2677 2.21284
2678 2.402128
2679 2.78804
2680 2.757888
2681 2.26488
2682 1.974328
2683 2.683288
2684 2.62656
2685 2.078416
2686 2.385792
2687 1.69792
2688 1.700776
2689 1.673096
2690 2.210688
2691 1.351592
2692 1.630656
2693 1.125392
2694 1.47744
2695 1.47744
2696 1.252528
2697 1.608768
2698 1.75104
2699 1.52408
2700 1.827648
2701 2.123136
2702 1.5214
2703 1.871424
2704 1.34352
2708 0.831744
2709 1.167632
2710 1.488736
2711 1.352808
2712 1.466496
