0 0.395584
1 0.556152
2 0.586872
3 0.361152
4 0.423192
5 0.425024
6 0.470712
7 0.526304
8 0.580032
9 0.623808
10 0.479448
11 0.426816
12 0.206504
13 0.284544
14 0.49972
15 1.167088
16 0.556048
17 1.624048
18 1.179048
19 1.56804
20 1.56456
21 1.42936
22 1.379344
23 1.005728
24 1.47736
25 1.519704
26 1.384424
27 1.158016
28 1.383712
30 1.320904
31 1.532552
32 1.607672
33 1.432464
34 1.5628
35 1.345736
36 1.374928
37 1.18624
38 1.150824
39 1.279248
40 1.337832
41 1.3284
42 1.357344
43 1.494064
44 1.27644
45 1.31928
46 1.52056
47 1.641072
48 1.063952
49 1.419072
51 1.209576
52 1.015984
53 0.948632
54 1.092632
55 0.983032
56 1.205384
57 1.051528
58 1.259816
59 1.101072
60 1.618992
61 1.654536
62 1.983976
63 1.462232
64 1.543304
65 0.95988
66 1.564992
67 1.279512
68 1.291248
69 1.08028
70 1.064776
71 1.00944
72 1.349392
73 1.140384
74 0.908352
75 0.692856
76 1.32788
77 1.177656
79 0.64236
80 0.621336
81 0.968416
82 1.158656
83 0.855104
84 0.842688
86 0.32832
87 0.363664
88 1.192896
89 1.057
90 1.029792
91 0.846984
92 0.612064
93 1.083456
94 0.537416
95 0.295488
96 0.459648
97 0.153216
98 0.284544
99 0.329048
100 0.689472
101 0.71556
102 0.302864
103 0.645696
104 0.317376
105 0.253024
106 0.175104
107 0.590976
108 0.232176
110 0.21888
111 1.058304
112 1.378944
113 0.71684
114 0.597776
115 0.623808
116 0.561848
117 0.404928
118 0.339264
119 0.405176
120 0.404928
121 0.527928
122 0.645696
123 0.559728
124 0.809856
125 0.684976
126 0.800952
127 1.152568
128 0.949936
129 1.155792
130 1.31328
131 0.934648
132 1.171008
133 1.079672
134 1.324176
135 0.767304
136 1.494016
137 1.05988
138 1.572304
139 1.648424
141 1.141872
142 1.407128
143 1.348616
144 1.030376
145 1.207848
146 1.288416
147 1.245088
148 1.040984
149 1.46304
150 1.436968
151 1.187592
152 1.49548
153 1.46152
154 1.485208
155 1.671232
156 1.69564
157 1.162104
158 1.400192
159 1.613784
160 1.94036
161 1.655568
162 1.555864
163 1.675416
164 1.43348
165 1.165608
166 0.974016
167 0.389584
168 0.744192
170 0.660672
171 1.17644
172 1.57492
173 1.257832
174 1.522712
175 1.402592
176 1.818576
177 1.55872
178 1.991064
179 1.23656
180 1.634352
181 2.11664
182 1.308
183 1.827504
184 1.03404
185 1.678576
186 1.216496
187 1.393784
188 1.510272
189 0.855992
191 1.031
192 1.304384
193 0.737584
194 0.843216
195 1.017328
196 1.078504
197 0.823848
198 0.941488
200 1.19436
201 0.795176
202 0.64252
203 0.8298
204 0.972376
205 1.001352
206 1.70156
207 1.839024
208 0.199552
209 1.294272
210 1.4502
211 1.409896
212 1.211144
213 1.71416
214 1.66236
215 1.580808
216 1.446536
217 1.412544
218 1.483928
219 1.385432
220 1.28284
221 1.151504
222 1.638528
223 1.1142
225 1.306576
226 1.318216
227 1.242448
228 1.066648
229 1.413824
230 1.313312
231 0.989288
232 0.837232
233 0.964536
234 1.001856
235 0.98496
236 0.541304
237 0.884216
238 0.908352
239 0.58944
240 0.700416
241 0.301504
242 0.370152
243 0.612864
244 0.43652
245 0.689472
246 0.785208
248 0.66268
249 0.855656
250 0.889856
251 0.918368
252 0.933784
253 1.03104
254 0.973816
255 0.79544
256 0.715936
257 0.710416
258 0.977496
259 0.857312
260 0.809856
261 0.656936
262 0.814944
263 0.600112
264 0.728912
265 0.536256
267 0.34088
268 0.251712
269 0.448704
270 0.2736
276 0.043776
277 0.515848
278 1.268704
279 1.373536
280 1.731144
281 1.133112
283 1.286704
284 1.246576
285 1.075336
286 0.87552
287 0.065664
288 0.179736
289 0.777024
290 0.331952
291 0.60192
292 0.256792
293 0.32832
294 0.120384
295 0.867512
296 0.59388
297 1.105688
298 0.84744
299 0.722304
300 0.424744
301 0.590976
302 0.437312
303 0.825544
304 0.99076
305 0.860808
307 0.5602
308 0.840728
309 0.645696
310 0.546696
311 0.665328
312 0.76608
313 0.465304
314 0.556688
315 0.733248
316 0.626384
317 0.691592
318 0.664256
319 0.609248
320 0.65
321 0.632512
322 0.625008
323 0.757096
324 0.632848
325 0.595696
326 0.625856
327 0.62744
328 0.65176
329 0.623688
330 0.639584
332 0.671168
333 0.719032
334 0.355768
335 0.62232
336 0.811016
337 0.684144
338 0.753864
339 0.752888
340 0.525312
341 0.334696
342 0.426816
343 0.456608
344 0.5472
345 0.457936
346 0.49344
347 0.542344
348 0.500192
349 0.589112
350 0.587648
351 0.626512
353 0.505496
354 0.502432
355 0.578
356 0.585216
357 0.568408
358 0.575808
359 0.458064
360 0.536048
361 0.62524
362 0.442072
363 0.415872
364 0.268072
365 0.392648
366 0.494664
367 0.416096
368 0.131328
369 0.36836
370 0.759296
371 0.650752
372 0.910232
373 1.110864
374 0.519184
375 0.49396
376 0.602056
377 0.681192
378 0.58024
380 0.87468
381 0.922736
382 0.996896
383 1.134616
384 0.822304
385 1.181632
386 1.224808
387 1.429312
388 1.14428
389 1.372936
390 1.164312
391 1.171288
392 1.430696
393 1.443488
394 1.461896
395 1.29764
396 0.53132
397 1.298768
398 1.323592
400 1.3862
401 1.215392
402 1.205624
403 1.214784
404 0.58036
405 0.952128
406 0.89488
407 0.906616
408 0.701024
409 0.965552
410 1.016
411 1.110632
412 1.190264
413 1.236248
414 1.233696
415 1.196552
416 1.255112
417 1.320632
418 1.340512
419 1.237024
420 1.442856
421 0.777024
423 1.09908
424 1.338888
425 1.128232
426 1.14776
427 1.027496
428 1.017792
429 0.579784
430 0.465992
432 0.882856
433 0.729464
434 1.144736
435 1.179544
436 1.50532
437 1.004152
438 0.844792
439 1.302896
440 1.459728
441 1.40036
442 1.376864
443 0.905432
444 0.987824
445 0.806912
446 0.89452
447 0.836776
448 1.085552
449 1.2274
450 1.028736
451 0.606048
452 0.317376
453 0.318888
454 0.796128
455 0.873576
456 1.2852
458 1.105344
459 1.279696
460 1.470024
461 1.336248
462 1.273624
463 1.385064
464 1.333504
465 0.93988
466 1.129264
467 1.289808
468 1.430808
469 1.101968
470 1.477576
471 1.271456
472 1.564648
473 1.44472
474 1.47852
475 1.54448
476 1.283992
477 1.138176
478 0.520312
479 1.140088
480 1.25856
481 0.47896
483 0.2736
484 0.361152
485 1.060072
486 1.498312
487 1.446232
488 1.40648
489 1.43528
490 1.247592
491 1.199416
492 1.131824
493 1.14912
494 0.947488
495 0.877544
496 1.28216
497 1.144984
498 0.968456
499 1.011864
500 1.012976
501 0.667656
502 0.678528
503 0.517776
504 0.741528
505 0.900496
506 1.050624
507 0.861288
508 0.990728
509 0.837904
511 1.148296
512 1.280448
513 0.491096
514 0.361152
515 0.558144
516 0.553152
517 0.612864
518 0.55292
519 0.733248
520 0.667016
521 0.700416
522 0.718696
523 0.744192
524 0.798912
526 0.602704
527 0.744192
528 0.76608
529 0.58372
530 0.842688
531 0.68312
532 0.755136
533 0.809856
534 0.646448
535 0.919296
536 0.62808
537 0.864576
538 0.884632
539 0.952128
540 0.701896
541 0.853632
542 0.621784
543 0.831744
544 0.6732
545 0.93024
546 0.506344
547 0.755136
548 0.71136
549 0.494952
550 0.634752
551 0.131072
552 1.24096
553 0.897408
554 0.686608
555 0.853632
556 0.675128
557 0.864576
559 0.87552
560 0.599696
561 0.8208
562 0.653056
563 0.897408
564 0.783576
565 1.225728
566 0.973056
567 0.8208
568 0.590872
569 0.426816
570 0.021888
571 0.54744
572 0.93024
573 0.796248
574 0.755136
576 0.468512
577 1.006848
578 0.948104
579 1.247616
580 1.116288
581 0.755672
582 1.083456
583 1.52512
584 1.059624
585 1.543104
586 0.942248
587 0.580032
588 0.120384
589 1.127232
590 1.09704
591 1.53216
592 1.42272
593 1.148616
594 1.324224
595 1.346112
596 1.003632
597 0.864576
598 1.028736
599 1.192896
600 1.058512
601 1.127232
602 1.0944
603 1.181952
604 0.536256
605 0.756112
606 0.558144
607 0.8208
608 0.787968
609 0.744192
610 0.777024
611 0.853632
612 1.006848
613 0.900128
614 1.368
615 1.302336
616 1.25856
617 1.217152
618 1.028736
620 1.25856
621 1.433664
622 1.674432
623 1.346632
624 1.893312
625 1.849536
626 1.312608
627 1.75104
628 1.050624
629 1.193848
630 1.31328
631 1.543104
632 1.575936
633 1.210168
634 0.908352
635 1.225728
636 1.488384
637 1.378944
638 0.786648
639 1.389888
640 1.346112
641 1.269504
642 1.346112
643 0.937392
644 1.20384
645 1.280448
646 1.368
647 1.214784
648 0.995904
649 0.378256
650 0.196992
651 0.295488
652 0.339264
653 0.207936
655 0.142272
703 0.032832
704 0.098496
706 0.142272
707 0.142272
708 0.131328
709 0.142272
710 0.16416
711 0.186048
712 0.175104
713 0.196992
714 0.186048
715 0.186048
716 0.175104
718 0.186048
719 0.207936
720 0.207936
721 0.251712
722 0.21888
723 0.207936
724 0.240768
725 0.186048
789 0.175104
790 0.032832
792 0.087552
793 0.536256
794 0.142272
795 0.2736
796 0.284288
797 0.153472
801 0.244152
802 0.043776
804 0.065664
806 0.087552
807 0.032832
822 0.021888
823 0.032832
824 0.065664
827 0.010944
828 0.076608
829 0.229824
830 0.10944
831 0.186048
833 0.153216
834 0.153216
835 0.153216
836 0.142272
837 0.131328
838 0.175104
839 0.120384
840 0.142272
841 0.153216
842 0.153216
843 0.10944
844 0.142272
845 0.196992
846 0.196992
847 0.16416
848 0.207936
850 0.142272
851 0.21888
852 0.196992
853 0.175104
854 0.02316
855 0.207936
856 0.175104
857 0.186048
858 0.207936
859 0.207936
860 0.196992
861 0.251712
862 0.175104
863 0.251712
865 0.207936
866 0.196992
867 0.196992
868 0.207936
869 0.142272
870 0.186048
871 0.186048
872 0.207936
873 0.186048
874 0.21888
875 0.229824
877 0.21888
878 0.175104
879 0.196992
881 0.163904
883 0.342584
884 0.030888
885 0.120384
886 0.196992
887 0.196992
889 0.207936
890 0.2736
891 0.21888
892 0.21888
893 0.175104
894 0.262656
895 0.207936
896 0.262656
897 0.229824
898 0.251712
899 0.21888
901 0.16416
902 0.240768
903 0.207936
904 0.21888
905 0.240768
906 0.21888
907 0.21888
908 0.229824
909 0.240768
910 0.229824
911 0.196992
912 0.21888
914 0.065664
915 0.339264
916 0.240768
917 0.074272
918 0.153216
919 0.21888
920 0.229824
921 0.207936
922 0.196992
924 0.240768
925 0.240768
926 0.240768
927 0.229824
928 0.21888
929 0.207936
930 0.229824
931 0.21888
932 0.21888
933 0.229824
934 0.196992
935 0.240768
936 0.229824
937 0.207936
938 0.21888
939 0.21888
940 0.083904
941 0.207936
942 0.207936
943 0.229824
944 0.207936
946 0.21888
947 0.207936
948 0.186048
949 0.186048
950 0.229824
959 0.142272
960 0.21888
961 0.49248
962 1.028736
967 0.675176
968 0.142272
969 0.186048
970 0.21888
971 0.240768
973 0.229824
974 0.207936
975 0.229824
976 0.186048
977 0.229824
978 0.207936
979 0.207936
980 0.196992
981 0.207936
982 0.240768
983 0.196992
985 0.207936
986 0.16416
987 0.16416
988 0.186048
989 0.207936
990 0.229824
991 0.175104
992 0.229824
997 0.120384
999 0.92232
1000 0.087552
1001 0.16416
1002 0.186048
1004 0.229824
1005 0.207936
1006 0.153216
1007 0.175104
1008 0.153216
1009 0.142272
1010 0.131328
1011 0.142272
1012 0.142272
1013 0.142272
1014 0.142272
1015 0.120384
1017 0.153216
1018 0.10944
1019 0.120384
1021 0.098496
1022 0.065664
1023 0.076608
1024 0.05472
1026 0.076608
1027 0.05472
1031 0.010944
1041 0.010944
1042 0.229824
1044 1.302336
1045 0.05472
1046 0.120384
1047 0.131328
1048 0.175104
1049 0.175104
1050 0.131328
1051 0.142272
1052 0.087552
1053 0.087552
1055 0.076608
1056 0.098496
1057 0.065664
1058 0.05472
1059 0.098496
1061 0.076608
1064 0.120384
1067 0.167832
1068 0.05472
1069 0.120384
1070 0.131328
1071 0.10944
1072 0.142272
1073 0.066736
1074 0.142272
1076 0.10944
1077 0.120384
1078 0.120384
1079 0.067
1080 0.10944
1081 0.098496
1086 0.131072
1087 0.254128
1088 0.065664
1089 0.087552
1091 0.065664
1092 0.142272
1093 0.076608
1094 0.065664
1095 0.063832
1097 0.05472
1098 0.087552
1099 0.098496
1100 0.10944
1101 0.087552
1102 0.076608
1104 0.061968
1105 0.05472
1106 0.10944
1107 0.120384
1108 0.098496
1109 0.087552
1110 0.10944
1111 0.098496
1113 0.087552
1114 0.047896
1115 0.098496
1116 0.10944
1117 0.098496
1118 0.120384
1119 0.12612
1120 0.153216
1121 0.142272
1122 0.153216
1123 0.124912
1124 0.16416
1125 0.16416
1126 0.103432
1127 0.142272
1128 0.16416
1129 0.131328
1131 0.091672
1132 0.16416
1133 0.16416
1134 0.124736
1135 0.098496
1136 0.175104
1137 0.120384
1138 0.148728
1139 0.153216
1140 0.131328
1142 0.087024
1143 0.153216
1144 0.16416
1145 0.10664
1146 0.153216
1147 0.153216
1148 0.101112
1150 0.131328
1151 0.142272
1152 0.101256
1153 0.153216
1154 0.10944
1155 0.148112
1156 0.052792
1157 0.142272
1158 0.10944
