0 0.032832
1 0.098496
2 0.125496
3 0.171216
4 0.065664
6 0.065664
7 0.05472
8 0.087552
9 0.131328
10 0.10944
11 0.087552
12 0.087552
13 0.120384
14 0.142272
15 0.098496
16 0.065664
17 0.087552
19 0.120384
20 0.426816
21 0.43776
22 0.317376
23 0.251712
25 0.196992
26 0.196992
28 0.05472
29 0.098496
30 0.087552
31 0.032832
32 0.043776
33 0.065664
34 0.032832
35 0.065664
36 0.098496
37 0.05472
39 0.021888
40 0.032832
41 0.021888
42 0.047632
43 0.06952
44 0.051488
46 0.025744
48 0.05472
49 0.065664
50 0.021888
51 0.032832
52 0.021888
53 0.021888
55 0.032832
56 0.043776
57 0.045696
58 0.032832
59 0.043776
60 0.076608
61 0.05472
63 0.05472
64 0.065664
65 0.087552
66 0.076608
67 0.032832
69 0.036912
70 0.043776
71 0.05472
72 0.05472
73 0.043776
82 0.131072
83 0.603776
84 0.227832
85 0.32832
86 0.269496
87 0.16416
88 0.153216
90 0.056776
91 0.802384
92 0.897528
93 0.745192
94 0.676784
95 0.805288
96 0.741864
97 0.483752
98 0.33416
99 0.175104
100 0.365896
101 0.749856
102 0.75568
103 0.934272
104 0.653696
106 0.608392
107 0.760024
108 0.816856
109 0.836552
110 0.761984
111 0.844736
112 1.182064
113 1.084792
114 0.919296
115 0.755528
116 1.454456
117 1.301136
119 1.597952
120 0.952128
121 0.923304
122 0.744192
123 0.881912
124 0.777024
125 0.626496
126 0.71136
127 0.634752
128 0.2902
129 0.558144
130 0.899112
131 1.180752
132 1.272168
133 0.868752
134 1.222744
135 1.163336
136 0.903088
137 1.090392
138 1.300504
139 1.443584
140 1.651744
141 1.716944
142 1.761984
143 1.139312
144 1.43648
145 1.495752
146 1.581064
147 1.663488
148 1.257456
149 1.398544
150 1.611344
151 1.597824
153 1.242472
154 1.47632
155 1.86048
156 1.382504
157 1.38756
158 1.462632
159 1.651072
160 1.687424
161 2.145024
162 1.597848
163 2.093432
164 2.10072
165 2.024024
166 2.495232
167 1.736928
168 1.705664
169 2.276352
170 1.823864
171 2.440512
172 2.031344
173 2.028184
174 2.440512
175 1.439944
176 1.521744
177 1.608768
178 1.410808
179 1.575936
180 1.357056
181 0.816736
182 1.521216
183 1.13216
184 1.488384
185 1.022224
186 1.280448
187 1.061568
188 0.904288
189 1.152664
190 0.958936
191 0.71136
192 0.74524
193 1.367344
194 1.050624
195 0.660112
197 1.393352
198 1.576936
199 2.057472
200 1.46848
201 1.800632
202 2.057472
203 1.396936
204 1.497384
205 1.753896
206 1.771944
207 2.035584
208 1.673408
209 1.798104
210 2.101248
211 2.265408
212 0.387872
213 1.75104
214 1.337928
215 1.575936
216 1.122712
217 1.69632
218 0.868336
219 1.400832
220 1.070616
221 1.20384
222 1.236672
223 0.80656
224 0.974016
225 1.105344
226 1.107128
227 1.393536
228 1.510272
229 1.23788
230 1.257296
231 1.253768
232 1.575936
233 1.250512
234 1.282784
235 1.597824
236 1.18088
237 1.257688
238 1.499328
239 1.206728
240 1.564992
241 1.25408
242 1.411776
243 1.280448
245 0.824936
246 1.0944
247 1.138176
248 0.995904
249 0.471584
250 0.623808
251 0.49248
252 0.520056
253 1.32468
255 0.980544
256 1.127232
257 1.02824
258 1.491792
259 1.875704
260 0.785944
261 1.62868
262 1.739936
263 1.608208
264 1.554256
265 1.269504
266 0.229824
267 0.3448
268 0.722304
269 0.65664
271 0.196992
272 0.503424
273 0.284544
274 0.423056
275 1.08048
276 1.321696
278 1.028736
279 1.369304
280 1.302184
281 1.797552
282 1.607824
283 1.757008
284 1.912024
285 1.579336
287 1.400832
288 0.776728
289 1.631456
290 1.795272
291 1.46376
292 1.335024
293 1.948032
294 1.403328
295 1.772928
296 1.877496
297 1.832432
298 2.177856
299 1.810816
300 1.968048
301 2.331072
302 2.309184
303 1.743184
304 2.276352
305 1.472664
306 2.276352
307 1.625968
308 1.84788
309 2.451456
310 1.909424
311 1.861128
312 2.542872
313 1.847592
314 1.948136
315 2.171896
316 2.660088
317 2.099304
318 2.017696
319 2.001112
320 1.859896
321 1.991672
322 2.082632
323 1.794816
324 1.415968
325 1.783872
326 1.537912
327 1.839128
328 2.105512
330 2.325896
331 1.871424
332 2.112192
333 1.483744
334 2.210688
335 2.29824
336 1.666072
337 1.9152
338 1.753312
339 1.69632
340 1.0044
341 1.335168
342 1.302512
343 1.357056
344 0.941184
345 0.911128
346 1.25856
347 0.612024
348 0.186048
349 0.5472
350 0.65664
351 0.476168
352 0.10944
353 0.689472
354 0.295488
355 0.131328
356 1.028736
357 1.029592
358 0.60192
359 0.694096
360 0.897408
361 0.963072
362 0.704808
363 0.908352
364 0.569824
365 0.798912
366 0.599352
367 0.93024
368 0.686864
369 0.704752
370 0.711888
371 0.787504
372 0.815848
373 0.96612
374 0.908656
375 0.972216
376 1.053888
377 1.090664
378 1.045504
380 0.828608
381 1.017792
382 0.34232
383 0.897408
384 0.60092
385 0.689472
386 0.646104
387 0.71136
388 0.493216
389 0.678528
390 0.669992
391 0.590976
393 0.703296
394 0.733248
395 0.530904
396 0.558144
397 0.43776
398 0.446824
399 0.525312
400 0.535024
401 0.763672
402 0.83864
403 0.93024
404 0.743064
405 1.006848
406 0.924168
407 0.997832
408 1.335168
409 0.832512
410 1.057112
411 1.050624
412 0.999336
413 1.116288
414 0.912824
415 0.942968
416 0.899288
417 0.787968
418 0.45524
420 1.250544
421 1.210232
422 1.457728
423 1.31992
424 1.367664
425 1.871424
426 1.446856
427 1.794816
428 1.424544
429 1.427704
430 1.816704
431 1.578552
432 1.631488
433 1.695776
434 1.783648
435 1.247616
436 1.017792
437 0.905352
438 0.590976
439 0.43776
440 0.404928
441 0.8502
442 2.081768
443 2.068416
444 1.298896
445 1.251224
446 1.53216
447 1.046608
448 1.247616
449 1.086976
450 1.450896
452 1.609784
453 1.669624
454 1.634512
455 1.324224
456 0.90912
457 1.170048
458 1.41708
460 1.402712
461 1.676664
462 1.4782
463 1.499328
464 1.077344
465 1.298712
466 1.455552
467 1.110952
468 1.013352
469 1.263824
470 1.488384
471 1.10948
472 1.14096
473 1.433664
474 1.24512
475 1.201728
476 1.412248
477 1.663488
478 1.359968
479 1.674432
480 1.267432
481 1.53696
482 1.589368
483 1.999096
484 2.221632
485 1.701448
486 1.824824
487 1.990184
488 2.012144
489 1.824608
490 1.88636
491 2.02516
492 1.99252
493 2.068072
494 2.03656
496 2.638224
497 2.549952
498 1.844544
499 2.070984
500 1.814032
501 1.680608
502 1.846168
503 1.937088
504 1.186912
505 1.725448
506 1.980864
507 1.495776
508 2.104928
509 2.4624
510 1.862496
511 2.363904
512 2.046528
513 1.333304
514 1.86048
515 1.408936
516 1.564992
517 0.88124
518 1.083456
519 1.22464
520 0.643752
521 1.80576
522 1.09916
523 1.116288
524 0.685496
525 0.87552
526 0.865336
527 0.744192
528 0.60192
529 0.476864
530 0.49248
531 0.514368
532 0.251712
533 0.229824
534 0.431936
535 0.755136
537 0.385992
538 0.459648
539 0.831744
540 0.557776
541 0.175104
542 1.07036
543 1.185296
544 1.050808
545 0.891112
546 1.032944
547 1.206832
548 0.668672
549 1.147872
550 0.901024
551 0.459648
552 0.361152
553 0.503424
554 0.824784
555 0.755768
556 0.738056
557 0.88604
558 0.882912
559 0.811912
560 1.124352
561 0.897408
562 0.634752
563 0.565336
564 0.700416
565 0.569088
566 0.534936
568 0.641488
569 0.71136
570 0.597256
571 0.64876
572 0.558144
573 0.483912
574 0.689472
575 0.573424
576 0.618648
577 0.798624
578 0.984632
579 0.16416
580 0.634752
581 0.531928
582 0.551792
583 0.623456
584 0.755136
585 0.575768
586 0.579112
587 0.678528
589 0.46524
590 0.623808
591 0.504064
592 0.689472
593 0.583568
594 0.59636
595 0.560136
596 0.752184
597 0.904672
598 0.89916
599 0.780112
600 0.75164
601 0.76608
602 0.705968
603 0.707216
604 0.742576
605 0.886464
606 0.723672
608 0.918632
609 1.116288
610 0.357344
611 0.32832
612 0.065664
647 0.087552
1098 0.0
