0 1.674432
1 1.865024
2 2.856384
3 2.302784
4 1.96352
5 2.40768
6 2.477888
7 2.029184
8 2.390336
9 2.396736
10 2.280896
11 2.357504
12 2.488832
13 1.42272
14 2.23712
15 2.746944
16 2.23712
17 1.536704
19 2.29824
20 2.07296
21 2.390336
22 2.221632
23 2.34656
24 2.248064
25 2.587328
26 2.648448
27 2.477888
28 2.029184
29 2.473344
30 2.029184
31 2.051072
32 2.265408
33 2.149544
34 2.44508
35 2.302784
36 2.560896
37 2.434112
38 2.390336
39 2.466944
40 2.495232
41 2.12768
42 2.390336
43 2.604672
44 2.34656
45 2.609216
46 2.07296
47 2.342016
48 2.609216
49 2.609216
50 2.324672
51 2.342016
52 1.821248
53 2.171456
54 2.40768
55 2.1824
56 1.96352
57 1.926144
58 1.350656
59 1.652544
60 1.58048
61 2.057472
62 1.79936
63 2.342016
64 2.554496
65 2.685824
66 2.631104
67 2.67488
68 2.765152
69 2.35024
70 2.499776
71 2.499776
72 2.499776
73 2.539008
74 2.248064
75 2.259008
76 2.418624
77 2.357504
78 2.652992
79 2.652992
80 2.554496
81 2.506176
82 2.302784
83 2.335616
84 2.385792
85 2.226176
86 2.171464
87 2.13408
88 2.07296
89 1.68992
90 1.882368
91 1.941632
92 2.090304
93 2.105792
94 2.51072
95 2.456
96 2.484288
97 2.280896
98 1.985408
99 2.265408
100 1.492928
101 2.166912
102 2.083904
103 2.302784
104 2.199744
105 1.985408
106 1.810304
107 2.166912
108 2.23712
109 1.974464
110 2.090304
111 1.9088
112 2.101248
113 1.875968
114 2.062016
115 2.232576
116 1.295936
117 1.225728
118 1.269504
119 0.934784
120 1.740096
121 1.471032
122 2.549952
123 2.062016
124 2.07296
125 2.29824
126 1.985408
127 2.051072
128 2.035584
129 2.083904
130 2.171456
131 2.24352
132 1.85408
133 2.046528
134 1.952576
135 1.952576
136 2.112192
137 1.96352
138 2.040128
139 2.035584
140 1.602368
141 1.6416
142 1.350656
143 1.564992
145 1.657088
146 1.685376
147 1.722752
148 1.893312
149 1.733696
150 2.02464
151 1.79936
152 1.838592
153 1.722752
154 1.904256
155 1.569384
156 1.630656
157 0.858328
158 1.214784
159 1.072768
160 0.682824
161 1.083456
162 0.974016
163 0.781568
164 1.597824
165 1.236672
166 0.912896
167 1.03968
168 1.20384
169 1.066112
170 1.0944
171 0.8208
172 0.858176
173 0.842688
174 1.006848
175 0.941184
176 0.628352
177 0.689472
178 0.722304
179 0.864576
180 0.76608
181 0.48608
182 0.49248
183 0.32832
184 0.393984
189 0.131072
190 2.127936
191 1.674432
192 1.821248
193 1.958976
194 1.613312
195 1.783872
196 1.58048
197 2.057472
198 1.700864
199 1.68992
200 1.69632
201 1.547648
202 1.58688
203 1.646144
204 1.871424
205 1.668032
206 1.718208
207 1.284992
208 1.20384
209 1.138176
210 0.934784
211 0.733248
212 0.612864
213 0.514368
214 0.393984
215 0.361152
216 0.393984
217 0.2672
218 0.426816
219 0.339264
221 0.38304
222 0.481536
223 0.525312
224 0.623808
225 0.43776
226 0.59552
227 0.623808
228 0.43776
229 0.49248
230 0.404928
231 0.470592
232 0.343808
233 0.448704
234 0.426816
235 0.459648
236 0.525312
237 0.426816
238 0.459648
239 0.43776
240 0.551736
241 0.590976
242 0.722304
243 0.569088
244 0.689472
245 0.584576
246 0.536256
247 0.49248
248 0.503424
249 0.459648
250 0.404928
251 0.507968
252 0.645696
253 0.612864
254 0.700416
255 0.590976
256 0.361152
257 0.409472
258 0.963072
259 1.324224
260 1.449152
261 2.07936
262 1.755584
263 2.035584
264 1.449152
265 1.53216
266 1.120832
267 1.083456
268 1.03968
269 0.59552
270 0.361152
285 0.240768
286 0.404928
287 0.612864
288 0.777024
290 0.792512
291 0.634752
292 0.831744
293 0.853632
294 0.908352
295 1.120832
296 0.941184
297 1.263104
298 1.346112
299 1.42272
300 1.219328
301 1.400832
302 1.41632
303 1.346112
304 1.755584
305 1.466496
306 1.127232
307 0.88004
308 0.700416
309 0.853632
310 0.60192
311 0.60192
312 0.321944
313 0.32832
314 0.16416
315 0.098496
316 0.131328
317 0.295488
318 0.404928
319 0.317376
321 0.032832
322 0.733248
323 0.694016
324 1.105344
325 0.864576
326 0.755136
327 0.694016
328 1.25856
329 1.050624
330 0.825344
331 0.908352
332 0.536256
333 0.339264
334 0.251712
335 0.240768
336 0.207936
337 0.16416
338 0.153216
339 0.10944
340 0.142272
381 0.098496
386 0.116704
390 0.008224
391 0.908352
392 1.20384
393 1.164616
394 1.433664
395 1.083456
396 1.30688
397 1.575936
398 1.339712
399 1.685376
400 1.405376
401 1.575936
402 1.411776
403 1.219328
404 1.138176
406 1.083456
407 0.92384
408 0.941184
409 1.050624
410 1.022336
411 0.941184
412 0.93024
413 1.098944
414 1.42272
415 1.53216
416 1.120832
417 1.236672
418 1.241216
419 1.499328
420 1.378944
421 0.891008
422 1.181952
423 1.181952
424 1.131776
425 1.608768
426 0.71136
427 0.529856
428 0.722304
429 1.116288
430 1.011392
431 1.31328
432 1.236672
433 1.14272
434 1.072512
435 0.700416
436 0.733248
437 0.792512
438 1.247616
439 1.269504
440 1.186496
441 1.849536
442 1.41632
443 1.597824
444 1.219328
445 1.14912
446 1.072512
447 0.726848
448 0.755136
449 0.470592
450 0.38304
451 0.49248
455 0.131072
456 1.04448
457 0.361152
458 0.38304
459 0.558144
460 0.404928
461 0.350208
462 0.38304
463 0.372096
464 0.302744
465 0.117664
466 0.240768
467 0.372096
469 0.43776
470 0.426816
471 0.43776
472 0.43776
473 0.415872
474 0.350208
475 0.179648
476 0.372096
477 0.426816
478 0.43776
479 0.415872
480 0.426816
481 0.416256
482 0.316992
483 0.251712
484 0.179648
485 0.262656
486 0.229824
487 0.142272
488 0.10944
489 0.120384
490 0.10944
491 0.087552
492 0.098496
493 0.153216
494 0.186048
495 0.153216
496 0.131328
497 0.065664
498 0.076608
499 0.21888
500 0.175104
501 0.21888
503 0.153216
504 0.142272
505 0.240768
506 0.190592
507 0.2736
508 0.251712
509 0.229824
510 0.196992
511 0.21888
512 0.32832
513 0.339264
514 0.317376
515 0.307328
516 0.327424
517 0.295488
518 0.168704
519 0.240768
520 0.087552
521 0.10944
522 0.196992
523 0.229824
524 0.229824
526 0.098496
527 0.065664
536 0.131072
537 0.098752
541 0.010944
542 0.65664
543 0.262656
544 0.186048
545 0.196992
546 0.16416
547 0.131328
548 0.113984
549 0.5472
550 0.5472
552 0.798912
553 0.908352
554 0.617408
555 0.897408
556 1.0944
557 0.87552
558 0.726848
559 1.53216
560 1.492928
561 1.444608
562 1.455552
563 1.295936
564 1.31328
565 1.098944
566 0.995904
567 1.269504
568 1.449152
569 1.783872
570 1.449152
571 1.630656
572 1.30688
573 1.411776
574 1.499328
575 1.022336
576 0.908352
577 0.372096
578 0.2736
579 0.536256
580 0.332864
581 0.481536
582 0.372096
583 0.2736
584 0.404928
585 0.590976
586 0.678784
587 0.715648
588 0.93024
589 0.963072
590 0.974016
591 0.683072
592 0.733248
593 0.700416
594 0.5472
606 0.32832
607 0.332864
608 0.240768
609 1.181952
610 1.105344
611 0.825344
612 0.131072
613 2.057728
614 0.744192
615 0.59552
616 1.160064
617 1.368
618 0.923848
619 1.083456
620 1.072512
621 1.383488
622 1.378944
624 1.131776
625 1.31328
626 1.171008
627 1.350656
628 1.772928
629 1.503872
630 1.893312
631 1.58048
632 1.510272
633 1.208384
634 2.02464
635 1.897856
636 2.013696
637 1.700864
638 1.996352
639 2.166912
640 2.094848
641 1.827648
642 1.897856
643 2.029184
644 2.057472
645 1.295936
646 0.919296
647 1.674432
648 1.427264
649 0.995904
650 0.908352
651 0.365696
652 1.42272
653 1.85408
654 2.210688
655 1.733696
656 1.991808
657 1.9088
658 1.937088
659 1.711808
660 1.722752
661 1.86048
662 1.766528
663 2.276352
664 2.105792
665 2.07296
666 2.145024
667 2.01824
668 2.029184
669 2.232576
670 1.722752
671 2.046528
672 1.58048
673 1.597824
674 1.208384
675 1.14912
676 1.14912
677 0.945728
678 1.083456
679 1.14912
680 1.186496
681 0.941184
682 0.952128
683 0.748736
684 0.831744
685 1.03968
686 1.372544
687 1.619712
688 1.657088
689 1.96992
690 1.865024
692 1.116288
693 1.171008
694 1.394432
695 1.882368
696 1.03328
697 0.831744
698 0.98496
699 0.989504
700 1.181952
701 1.368
702 1.208384
703 1.335168
704 1.192896
705 0.606464
706 0.426816
707 0.38304
708 0.5472
709 1.061568
710 0.420416
711 1.017792
712 1.290176
713 0.936
714 0.853632
715 0.853632
716 0.65664
717 0.853632
718 0.409472
719 0.744192
720 0.645696
721 0.514368
722 0.525312
723 0.551744
724 0.733248
725 0.590976
726 0.503424
727 0.372096
728 0.229824
729 0.470592
730 0.639296
731 0.65664
732 0.350336
733 0.295488
734 0.153216
735 0.131328
738 0.043776
745 0.087552
757 0.010944
758 1.241088
759 2.166912
760 2.051072
761 2.335616
762 2.309184
763 0.755136
764 1.055168
765 0.623808
766 1.985408
767 2.155968
768 1.919744
769 2.302784
770 2.57184
771 2.477888
772 2.488832
773 2.357504
774 2.418624
775 2.51072
776 2.67488
777 2.477888
778 2.473344
779 2.521664
780 1.832192
781 2.67488
782 2.736
783 2.554496
784 2.357504
785 2.182392
786 2.440512
787 2.094848
788 2.105792
789 2.549952
790 2.62016
791 2.652992
792 2.06176
793 2.703424
794 2.094848
796 2.40128
797 2.795264
798 2.922048
799 2.226176
800 2.587328
801 2.269952
802 2.703168
803 2.532608
804 2.67488
805 2.51072
806 2.477888
807 2.429568
808 1.886912
809 2.105792
810 2.02464
811 1.558592
812 2.615616
813 2.313728
814 2.313728
815 2.269952
816 2.385792
817 1.120832
818 1.663488
819 2.193344
820 1.740096
821 1.41632
822 1.729152
823 0.989504
824 0.8208
825 1.346112
826 1.646144
827 2.287296
828 2.313728
829 1.711808
830 2.123136
831 1.875968
832 2.007296
833 2.342016
834 1.295936
835 0.974016
836 1.630656
837 1.350656
838 0.963072
839 0.853632
840 1.58048
841 1.58688
842 1.175552
843 1.75104
844 1.843136
845 2.379392
846 2.768832
847 2.56544
848 2.685824
849 2.215232
850 0.87552
851 0.470592
852 0.415872
853 2.412224
854 2.105792
855 1.729152
856 1.580488
857 1.882368
858 1.74464
859 2.309184
860 2.12768
861 2.127656
862 1.849536
863 1.56956
864 1.181952
865 1.192896
866 0.628352
867 0.963072
868 0.941184
870 0.733248
871 0.661184
872 0.853632
873 0.755136
874 0.995904
875 0.518912
876 1.42272
878 0.525312
879 1.164608
880 1.368
881 1.685376
882 0.825344
883 0.842688
884 1.083456
885 1.3616
886 1.521216
887 0.645696
888 0.32192
889 0.536256
890 0.974016
891 0.93024
892 0.86912
893 0.76608
894 0.678528
895 0.798912
896 1.109888
897 1.42272
898 0.667584
899 0.831744
900 0.781544
901 1.127232
902 1.400832
903 1.722776
904 1.996352
905 2.002752
906 1.821248
907 2.210688
908 1.985408
910 1.711528
911 2.440768
912 2.00732
913 2.029176
914 2.331072
915 2.357504
916 2.105792
917 2.396736
918 1.821248
919 2.051072
920 2.210688
921 1.68992
922 2.29824
923 2.094848
924 1.930688
925 2.374848
926 2.01824
927 2.083904
928 2.637504
929 2.499776
930 2.302784
931 2.445056
932 2.342016
933 1.996352
934 1.832192
935 1.324224
936 1.521216
937 1.733696
938 1.761984
939 1.9088
940 1.843136
941 1.80576
942 2.335616
943 2.149416
944 2.51712
945 1.361752
946 1.9152
947 2.324672
948 2.937536
949 2.34656
950 1.740096
951 1.427264
952 1.794816
953 2.269952
954 2.62016
955 2.199744
956 1.68992
957 1.357056
958 0.989504
959 1.181952
960 0.251712
962 0.032832
963 2.357504
964 2.101248
965 2.062016
966 1.85408
967 2.199744
968 1.96352
969 2.40128
970 2.692224
971 2.138624
972 2.521664
973 3.0032
974 3.397184
975 2.89376
976 2.692224
977 2.390336
978 2.1824
979 2.272672
980 2.558176
981 2.554504
982 2.083904
983 2.101248
984 2.23712
985 2.105792
986 2.703168
987 3.32512
988 3.38624
989 2.637504
990 2.554496
991 3.627008
992 2.970368
993 3.791168
994 3.970816
995 4.601024
996 3.648896
997 2.335616
998 3.38624
999 4.349312
1000 4.382144
1001 2.423168
1002 3.178232
1003 3.57236
1004 4.299136
1005 4.086656
1006 3.955328
1007 3.265856
1008 4.955776
1009 4.239872
1010 4.852736
1011 4.386688
1012 4.020992
1013 3.046976
1014 2.379392
1015 2.95488
1022 0.131072
1025 0.190848
1026 2.495232
1027 3.49568
1028 3.839488
1029 4.31648
1030 5.170112
1031 4.76972
1032 4.414976
1033 4.408576
1034 4.721408
1035 4.977664
1036 4.53536
1037 4.688576
1038 3.883264
1039 4.48064
1040 5.148224
1041 3.76288
1042 4.228928
1043 4.272704
1044 4.331968
1045 5.148224
1046 4.890112
1047 5.257664
1048 5.010496
1049 5.804864
1050 4.922944
1051 4.951232
1052 3.32512
1053 4.798016
1054 5.043328
1055 5.038784
1056 5.108992
1057 4.338368
1058 3.11264
1059 5.038784
1060 5.05428
1061 5.054272
1062 3.824
1063 4.787072
1064 4.507072
1065 4.688576
1066 4.874624
1067 4.660288
1068 5.170112
1069 3.806656
1070 5.071616
1071 4.85728
1072 4.294592
1073 5.174656
1074 5.323328
1075 4.141368
1076 3.937984
1077 5.257664
1078 4.507072
1079 4.962176
1080 4.715008
1081 4.393088
1082 3.758336
1083 3.681728
1084 4.283648
1085 3.448224
1086 3.558624
1087 4.9184
1088 3.736448
1089 2.959424
1090 3.506624
1091 4.386688
1092 5.312384
1093 4.85728
1094 5.290496
1095 4.353856
1096 3.189248
1097 3.298688
1098 5.443712
1099 4.178752
1100 3.834944
1101 5.4656
1102 5.1856
1103 5.13728
