0 2.451456
1 1.886912
2 2.67488
3 3.419072
4 4.031936
5 3.780224
6 3.539456
7 2.871872
8 2.992256
9 3.101696
10 3.594176
11 4.185152
12 3.211136
13 3.211136
14 3.484736
15 3.911552
16 3.349728
17 3.285024
18 3.287744
19 3.140928
20 3.353408
21 3.036032
22 2.565416
23 3.068888
24 3.791168
25 3.090752
26 2.992256
27 3.627008
28 3.397184
29 3.320576
30 2.981312
31 3.134528
32 3.583232
33 3.134528
34 3.05792
35 2.860928
36 2.598272
37 2.248064
38 2.768832
39 3.123584
40 3.92704
41 4.130432
42 3.911552
43 3.342464
44 3.473792
45 2.587328
46 3.233024
47 3.60512
48 3.408128
49 3.561344
50 2.970368
51 2.29184
52 0.426816
53 1.783872
54 2.094848
55 1.821248
56 1.827648
57 1.602368
58 1.926144
59 1.383488
60 1.335168
61 1.766528
62 1.554048
64 1.116288
65 0.945728
66 1.575936
67 1.41632
68 1.58688
69 1.53216
70 1.30688
71 1.47744
72 0.825352
73 1.072512
74 1.324224
75 1.284992
76 1.214784
77 1.372544
78 1.521216
79 1.236672
80 1.383488
81 1.53216
82 1.153664
83 0.645696
84 0.787968
85 1.58048
86 1.882368
87 1.591424
88 0.777024
89 1.31328
90 1.974464
91 2.123136
92 1.624256
93 1.865024
94 1.80576
95 1.711808
96 2.112192
97 1.985408
98 2.160512
99 2.199744
100 1.700864
101 2.287296
102 1.930688
103 2.226176
104 2.773376
105 2.342016
106 1.821248
107 2.13408
108 1.886912
109 1.766528
110 2.287296
111 2.248064
112 1.886904
113 1.937088
114 1.897856
115 1.96992
116 1.624256
117 1.958976
118 1.711808
119 1.674432
120 1.668032
121 1.9152
122 1.547648
123 1.766528
124 1.871424
125 1.536704
126 2.057472
127 1.766528
128 2.145024
129 1.9088
130 1.821248
131 1.948032
132 1.711808
133 1.96992
134 1.886912
136 2.07936
137 1.952576
138 1.930688
139 1.948032
140 1.711808
141 2.035584
142 1.810304
143 1.941632
144 2.090304
145 1.919744
146 2.068416
147 1.88676
148 1.865176
149 1.827648
150 1.821256
151 2.090304
152 1.591424
153 1.127232
154 0.131072
155 3.025344
156 2.12768
157 2.35296
158 1.766528
159 1.832192
160 2.090304
161 2.01824
162 2.423168
163 1.630656
164 1.897856
165 2.013696
166 2.007296
167 1.838592
168 1.460096
169 2.013696
170 1.602368
171 2.029184
172 1.96992
173 0.580032
174 0.836288
175 0.798912
176 0.514368
177 0.590976
178 0.678528
179 0.497024
180 1.69632
181 1.843136
182 2.013696
184 1.58048
185 2.101248
186 2.083904
187 1.930688
188 2.331072
189 2.138624
190 2.01824
191 1.958976
192 1.54764
193 1.171008
194 0.787968
195 1.274048
196 2.79072
197 2.532608
198 2.379392
199 3.703616
200 2.89376
201 2.828096
202 2.915648
203 2.631104
204 2.976768
205 3.200192
206 2.521664
207 3.5504
208 3.506624
209 2.970368
210 2.204288
211 2.455976
212 2.937304
213 3.17856
214 3.233024
215 2.51712
216 2.226176
217 2.882816
218 2.204296
219 2.834496
220 2.696768
221 2.587328
222 2.357504
223 2.451456
224 2.215232
225 2.007296
226 2.112192
227 2.12768
228 2.412224
229 2.576384
230 2.374848
231 2.116736
232 2.171456
233 2.13408
234 2.083904
235 2.07296
236 2.276352
237 2.40128
238 2.226176
239 2.659392
240 2.959424
241 2.062016
242 2.477888
243 2.598272
245 2.02464
246 2.215232
247 2.466944
248 2.57184
249 2.302776
250 2.379392
251 2.412224
252 2.4624
253 1.843136
254 2.101248
255 1.865024
256 2.094848
257 2.1888
258 1.941632
259 2.149568
260 2.396736
261 2.226176
262 2.335616
263 2.29824
264 2.040128
265 2.313728
266 2.145024
267 1.941632
268 2.269952
269 2.101248
270 1.9088
271 2.390336
272 2.02464
273 1.755584
274 1.96992
275 1.58048
276 1.761984
277 1.098944
278 1.269504
279 1.284992
280 1.619712
281 1.668032
282 1.619712
283 1.368
284 0.945736
285 1.674432
286 1.558592
287 2.013696
288 2.105792
289 1.433664
290 1.405376
291 1.838592
292 1.41632
293 1.236672
294 1.383488
295 1.433664
296 0.897408
297 0.639296
298 0.809856
299 0.919296
300 0.919296
301 0.945728
302 1.006848
303 1.247616
304 2.160512
305 2.456
306 2.543552
307 3.06432
308 2.160512
309 2.051072
310 2.4624
311 2.226176
312 2.313728
313 2.1824
314 2.528064
315 1.996352
316 2.094848
317 2.13408
318 1.985408
319 2.199744
320 2.204288
321 1.700864
322 1.718208
323 2.160512
324 2.23712
325 2.856384
326 2.83904
327 2.029184
328 2.01824
329 2.725056
330 2.149568
331 2.105792
332 2.07936
333 2.226176
335 1.810304
336 2.068416
337 1.689768
338 1.904256
339 1.263256
340 2.090304
341 2.094848
342 2.193344
343 2.4624
344 2.051072
345 2.29184
346 2.385792
347 2.062016
348 2.193344
349 2.177856
350 2.116736
351 2.817152
352 3.0032
353 2.762432
354 2.155968
355 1.460096
356 2.57184
357 2.543552
358 2.94848
359 2.29184
360 2.105792
361 2.539008
362 2.302784
363 2.379392
364 2.609216
365 2.703168
366 2.379392
367 2.171456
368 2.576384
369 1.893312
370 1.613312
371 2.177856
372 2.116736
373 2.160512
374 2.210688
375 1.569536
376 1.674432
377 1.733696
378 1.893312
379 1.700864
380 2.379392
381 1.838592
382 1.74464
383 1.926144
384 1.985408
385 2.149568
386 1.96992
387 1.810296
388 1.926144
389 1.821248
390 2.24352
391 1.9088
392 2.007296
393 2.385792
394 2.280896
395 1.9088
396 1.96992
397 1.624256
398 2.013696
399 1.985408
400 1.79936
401 2.451456
402 1.985408
403 1.882368
404 1.47104
405 1.685376
406 1.449152
407 1.816704
408 1.41632
409 1.564992
410 1.284992
411 1.291392
412 1.105344
413 0.86912
414 1.127232
415 1.03968
416 0.573632
417 1.072512
418 1.050624
419 0.580032
420 0.37664
421 0.623808
422 0.503424
423 0.60192
424 0.32832
425 0.251712
426 0.2736
427 0.240768
483 0.196992
484 0.245312
485 0.864576
486 1.050624
487 0.941184
488 1.055168
489 1.225728
490 1.214784
491 1.011392
492 1.236672
493 1.14912
494 0.75968
495 0.87552
496 0.689472
498 0.49248
499 0.86912
500 0.667584
501 0.76608
502 1.127232
503 0.901952
504 0.853632
505 1.072512
506 1.208384
507 1.411776
508 1.42272
509 1.022336
510 1.225728
511 1.164608
512 1.127232
513 1.247616
514 0.86912
515 1.236672
516 1.302336
517 1.58048
518 1.674432
519 1.022336
520 1.247616
521 1.674432
522 1.14272
523 0.864576
524 0.831744
525 0.86912
526 1.269504
527 1.214784
528 0.770624
529 1.050624
530 0.908352
531 0.934784
532 1.160064
533 0.755136
534 0.733248
535 0.628352
536 0.722304
537 0.689472
538 0.5472
539 0.65664
541 0.683072
542 0.908352
543 0.93024
544 1.006848
545 0.901952
546 1.083456
547 1.017792
548 0.858176
549 0.842688
550 0.71136
551 0.689472
552 0.755136
553 0.639296
554 0.919296
555 0.941184
556 0.880064
557 1.564992
558 1.711808
559 1.926144
560 1.350656
561 1.575936
562 1.499328
563 1.30688
564 1.674432
565 1.186504
566 1.707264
567 1.317824
568 1.31328
569 1.072512
570 0.59552
571 0.76608
572 0.908352
573 0.798912
574 0.88004
575 1.192896
576 1.214784
577 1.055192
578 1.214784
579 1.028736
580 1.022336
581 0.963072
582 0.941184
583 1.14272
584 1.236672
585 1.269504
586 1.03328
587 1.302336
588 1.302336
589 1.19744
590 1.521216
591 1.613312
592 1.466496
593 1.263104
594 1.236672
595 1.181952
596 1.219328
597 1.980864
598 1.295936
599 1.389888
600 1.274048
601 1.291392
602 1.42272
603 1.306856
605 1.389888
606 1.219352
607 2.287296
608 1.722752
609 2.166912
610 1.284992
611 1.575936
612 1.164608
613 1.685376
614 1.492904
615 1.783872
616 2.018264
617 1.729152
618 1.120824
619 1.575936
620 1.492928
621 1.510272
622 1.25856
623 0.672128
624 1.20384
625 1.072512
626 0.661184
627 0.645696
628 0.798912
629 0.667584
630 0.678528
631 0.726848
632 0.831744
633 0.831744
634 1.192896
635 1.25216
636 1.488384
637 1.821248
638 2.105792
639 1.937088
640 1.328768
641 0.886464
642 0.5472
643 0.470592
644 0.5472
645 1.164608
646 1.378944
647 1.466496
648 1.755584
649 1.613312
650 1.86048
651 1.41632
652 1.488384
653 1.116288
654 1.350656
655 1.575936
656 1.098944
657 1.368
658 1.181952
659 0.901952
660 1.247616
661 1.105344
662 0.748736
663 0.700416
664 1.105344
665 0.634752
666 0.75968
668 0.295488
669 0.196992
670 0.043776
671 0.43776
672 0.120384
673 0.590976
674 0.536256
675 0.667584
676 0.295488
677 0.092096
679 0.076608
680 0.76608
681 1.291392
682 1.127232
683 1.317824
684 1.389888
685 0.792512
686 1.357056
687 1.711808
688 1.69632
689 1.061568
690 0.836288
691 1.948032
692 2.01824
693 2.02464
694 2.029184
695 2.412224
696 2.357504
697 2.342016
698 2.160512
699 2.488832
701 2.83904
702 2.95488
703 1.427264
704 2.269952
705 2.582784
706 2.532608
707 2.740544
708 3.11264
709 3.0032
710 3.025088
711 3.068864
712 3.44096
713 3.233024
714 3.430016
715 2.642048
716 2.90016
717 3.025096
718 2.7296
719 2.456
720 1.875968
721 2.539008
722 2.23712
723 1.996352
724 1.455552
725 1.400832
726 1.52576
727 2.29184
728 2.915648
729 3.287744
730 3.955328
731 2.871872
732 2.922048
733 2.576384
734 2.806208
735 2.981312
736 2.806208
737 2.007296
738 1.794816
739 1.481984
740 1.017792
741 0.919296
742 0.700416
743 0.847232
744 1.926144
745 1.777472
746 1.192896
747 1.460024
748 2.199744
749 1.558664
750 1.20384
751 0.689472
752 0.891008
753 1.455552
754 1.740096
755 1.514816
756 1.75104
757 1.897856
758 1.711808
759 2.331072
760 1.208384
761 1.389888
762 1.383488
763 1.794816
764 1.31328
765 1.241216
766 1.597824
767 1.591424
768 2.652992
769 2.915648
771 3.2768
772 3.250368
773 2.434112
774 2.466944
775 2.226176
776 2.440512
777 1.985408
778 2.12768
779 2.374848
780 2.105792
781 2.598272
782 1.871424
783 2.40128
784 2.335616
785 2.620152
786 1.772928
787 1.230272
788 2.057472
789 1.503872
790 0.963072
791 1.028736
792 0.803456
793 1.444608
794 2.029184
795 2.68128
796 2.368448
797 1.941632
798 2.642048
799 2.1888
800 2.598272
801 2.259008
802 2.78432
803 1.718208
804 1.25856
805 0.442304
806 1.411776
807 1.722752
808 2.123136
809 2.29184
810 2.412224
811 2.13408
812 2.105792
813 2.002752
814 3.079808
815 1.9088
816 2.083904
817 2.07936
818 2.532608
819 3.243968
820 1.492928
821 4.31648
822 4.447808
823 3.856832
824 3.76288
825 3.2768
826 3.2768
827 3.129984
828 2.423168
829 2.007296
830 2.707712
831 2.937536
832 3.178304
833 3.572136
834 3.014296
835 3.254912
836 4.020992
837 4.272704
838 4.458752
839 3.959872
841 3.068872
842 5.093504
843 4.616512
844 4.655744
845 4.601024
846 3.839488
847 3.71456
848 2.860928
849 4.053824
850 5.290496
851 1.810304
852 1.930688
853 2.02464
854 1.492928
855 1.794816
856 1.514792
857 2.506176
858 3.123608
859 2.07296
860 2.138624
861 2.254464
862 1.74464
863 2.280896
864 2.418624
865 2.445048
866 4.787072
867 4.331968
868 4.633856
869 3.900608
870 3.451904
871 3.408128
872 3.664384
873 4.48064
874 3.93344
875 3.944384
876 3.156416
877 3.025088
878 3.824
879 3.462848
880 3.22208
881 3.309632
882 3.412672
883 3.637952
884 2.926592
885 2.932992
886 2.56544
887 2.445056
888 1.865024
889 2.057472
890 1.996352
891 2.740544
892 2.101248
893 1.974464
894 2.23712
895 2.57184
896 1.788416
897 2.193344
898 2.703168
899 2.368448
900 1.810304
901 2.725056
902 2.488832
903 2.937536
904 2.62016
905 2.762432
906 2.685824
907 2.473344
908 2.12768
909 1.952576
910 1.871424
911 1.85408
912 1.991808
913 1.427264
914 1.6416
915 1.394432
916 1.893312
917 1.668032
918 1.871424
919 1.6352
920 1.729152
921 1.109888
922 0.886464
923 1.017792
925 0.781568
926 0.678528
927 1.072512
928 1.017792
929 1.219328
930 1.466496
931 0.733248
932 0.70496
933 1.31328
934 0.404928
935 0.76608
936 0.453248
937 1.411776
938 0.755136
939 0.645696
940 0.628352
941 0.667584
942 0.251712
943 1.236672
944 2.226176
945 1.999072
946 1.660768
947 1.624256
948 2.374848
949 1.022336
950 1.302336
951 1.444608
952 1.449152
953 1.127232
954 1.028736
955 0.475136
956 0.590976
957 0.503424
958 0.372096
959 0.448704
960 0.470592
962 0.497024
963 0.558144
964 0.2736
965 0.21888
966 0.284544
967 0.798912
968 1.536704
969 2.123136
970 1.14272
971 0.514368
972 0.426816
973 0.306432
974 0.645696
975 0.667584
976 0.661184
977 1.411776
978 1.52848
979 1.09168
980 1.761984
981 1.492936
982 2.226176
983 2.528064
984 1.624256
985 1.028736
986 0.623808
987 0.748736
988 0.864576
989 0.87552
990 1.536704
991 1.411776
992 1.6416
993 1.755584
994 1.31328
995 0.934784
996 1.80576
997 2.324672
998 1.893312
999 1.886912
1000 1.897856
1001 1.948032
1002 1.569536
1003 1.772928
1004 1.52576
1005 1.105344
1006 1.20384
1007 2.062016
1008 1.79936
1009 1.729152
1010 1.569536
1011 2.068416
1012 2.379392
1014 2.259008
1015 2.692224
1016 2.412224
1017 2.532608
1018 1.985408
1019 2.659392
1020 2.40128
1021 2.280896
1022 2.259008
1023 2.309184
1024 2.149568
1025 2.062016
1026 1.9152
1027 2.01824
1028 2.495232
1029 1.941632
1030 1.788416
1031 1.652544
1032 1.138176
1033 1.19744
1034 2.29184
1035 2.484288
1036 2.215232
1037 2.335616
1038 3.692672
1039 2.56544
1040 2.943936
1041 2.40128
1042 1.317824
1043 2.057472
1044 2.007296
1045 3.068864
1046 2.926592
1047 2.62016
1048 2.331072
1049 1.766528
1050 1.948032
1051 1.613312
1052 1.69632
1053 1.394424
1054 1.904256
1055 1.897856
1056 2.083904
1057 1.619712
1058 1.405376
1059 1.324224
1060 0.864576
1061 0.623808
1063 0.284544
1064 0.48608
1065 0.569088
1066 0.87552
1067 0.251712
1068 0.306432
1069 0.393984
1070 0.317376
1071 0.256256
1072 0.60192
1073 0.93088
1074 0.480896
1075 0.49248
1076 0.912896
1078 1.061568
1079 1.335168
1080 0.847232
1081 1.006848
1082 0.952128
