0 1.028064
1 3.185696
2 1.721896
4 1.371216
5 1.411104
6 1.234928
7 1.426768
8 1.588736
9 1.910464
10 1.609856
11 1.889784
12 1.5008
13 1.643968
14 1.155024
15 1.111832
16 0.91968
17 0.44316
18 0.2736
19 0.07644
20 0.120384
22 0.142272
23 0.175104
24 0.065664
25 0.050288
26 0.590928
27 0.722664
28 0.835296
29 1.208168
30 1.069528
31 1.02724
32 0.83652
33 1.0202
34 0.943344
35 1.00472
36 0.841112
37 0.934104
38 1.246944
40 1.204072
41 1.166608
42 0.913048
43 0.89356
44 0.897232
45 0.954176
46 0.744192
47 0.54748
48 0.864472
49 0.860688
50 1.164824
51 0.895024
52 1.013408
53 0.526328
54 0.82008
55 0.826968
57 0.84808
58 0.904768
59 0.862528
60 0.884528
61 0.805736
62 0.716872
63 0.716512
64 0.70612
65 0.601912
66 0.377536
67 0.361152
68 0.285176
69 0.498616
70 0.49248
71 0.456488
72 0.546608
73 0.5582
74 0.605584
75 0.818216
76 0.627472
77 0.692552
78 0.849712
79 0.780416
80 0.8222
81 0.945992
83 0.948224
84 0.884792
85 0.767016
86 0.456224
87 0.485408
88 0.659456
89 0.961576
90 1.12452
91 0.686648
92 0.592216
93 0.8354
94 1.028664
95 0.66732
96 0.933736
97 0.658856
98 0.680272
99 0.828648
100 0.671792
101 0.841976
102 0.686976
103 0.378168
104 0.418176
106 0.490864
107 0.537872
108 0.540672
109 0.577808
110 0.634752
111 0.458568
112 0.448656
113 0.698224
114 0.657008
115 0.848504
116 0.928824
117 0.729664
118 0.61976
119 0.80712
120 1.055688
121 1.129952
122 0.803736
123 0.824912
124 0.532656
125 0.834152
126 0.407576
127 0.616512
128 0.437296
129 0.390376
131 0.16416
132 0.257264
133 0.761336
134 0.71136
135 0.408152
136 0.368712
137 0.375432
138 0.350208
139 0.148592
140 0.131328
141 0.798536
142 1.099968
144 0.751704
145 0.739632
146 0.95752
147 0.963992
148 0.920848
149 1.030512
150 1.019616
151 0.982384
152 1.016792
153 0.983744
154 0.998424
155 0.595152
157 0.72384
158 0.783096
159 0.718768
160 0.78756
161 1.426544
162 1.484688
163 0.809336
164 0.848552
165 0.470592
166 0.311704
167 0.391248
168 0.240768
172 0.20772
173 0.140344
174 0.306432
175 0.340384
176 0.447912
177 0.489376
178 0.5618
179 0.19312
180 0.567096
181 0.790912
182 0.816392
183 0.676456
184 0.852696
185 0.680992
187 0.355824
188 0.506072
189 0.983576
190 1.353992
191 1.177584
192 1.219168
193 1.019856
194 1.244896
195 1.16548
196 0.91984
197 0.984776
198 1.25676
199 0.905952
200 1.182488
201 0.808832
203 1.095896
204 1.086736
205 0.703024
206 0.76056
207 0.871888
208 0.361296
209 0.4002
210 0.54872
211 0.492424
212 0.219936
213 0.8868
214 0.937936
215 0.942448
216 0.942872
217 0.87772
218 0.426816
219 0.622752
220 1.087816
221 1.173464
222 1.091072
223 0.919984
224 1.215976
226 1.157888
227 1.276272
228 1.268256
229 1.121
230 1.048432
231 0.61552
232 0.837152
233 0.776696
234 1.025312
235 0.576856
236 0.960824
237 1.155496
238 0.916256
239 0.90664
240 0.827848
241 0.936088
242 0.984336
244 0.866648
245 0.131072
246 0.83992
247 0.639936
248 0.557464
249 0.83688
251 1.017568
252 0.848448
253 0.967152
254 0.932648
255 0.937448
256 0.709632
257 1.030616
258 1.2772
259 0.790608
260 0.756752
261 0.856296
262 0.52552
264 0.43388
265 0.317376
266 0.145312
267 0.16416
268 0.280256
269 0.087552
271 0.379824
273 0.479784
274 1.042424
275 0.78904
276 1.11316
277 0.929008
278 1.051576
279 0.704904
280 0.888784
281 0.17108
282 0.087552
283 0.087552
284 0.098496
286 0.146088
287 0.544152
288 1.259616
289 1.261432
290 1.22164
291 1.286496
292 1.166344
293 1.345096
294 0.898216
295 0.963912
296 1.005304
297 1.237192
298 1.079304
299 1.21128
301 0.999456
302 0.53368
303 0.512408
304 0.620328
305 0.519704
306 0.669616
307 0.6474
308 0.751984
309 1.3628
310 0.77972
311 0.914872
312 1.11756
313 1.175104
314 1.134864
315 1.168776
316 1.111848
318 1.21172
319 0.98928
320 1.161208
321 1.622072
322 0.826576
324 0.415872
325 0.50796
326 0.536256
327 0.952992
328 0.897072
329 0.610784
330 0.717872
331 0.74512
332 0.420736
333 0.521848
334 0.566432
335 0.538472
336 0.476304
337 0.649168
338 0.394072
339 0.317744
340 0.380744
341 0.518184
342 0.652864
343 0.557456
344 0.3394
345 0.372096
349 0.021888
350 0.5788
351 1.143088
352 1.04832
353 0.402432
355 0.39572
356 0.755136
357 0.914912
358 0.791488
359 0.961008
360 1.186096
361 0.741368
362 0.601088
363 0.426816
364 0.421304
365 0.51828
366 0.554832
367 0.49248
368 0.478984
369 0.519928
370 0.324208
371 0.392784
372 0.393984
373 0.310248
374 0.47852
376 0.625776
377 0.380056
378 0.196992
379 0.251712
380 0.215888
381 0.305584
382 0.361152
383 0.07244
384 0.21888
385 0.208
387 0.524232
388 0.470592
389 0.312888
390 0.317376
391 0.147344
392 0.142272
393 0.021888
394 0.131328
395 0.10944
396 0.068344
397 0.098496
398 0.05472
400 0.076608
401 0.05472
402 0.10944
403 0.117736
404 0.284544
405 0.217312
406 0.175104
407 0.10944
408 0.098496
409 0.087552
410 0.065664
412 0.04588
414 0.186048
415 0.2736
416 0.1586
417 0.2736
418 0.153216
419 0.075248
421 0.009008
422 0.043776
423 0.284544
425 0.142272
426 0.17284
427 0.284544
428 0.120384
429 0.043776
430 0.451192
431 0.502384
432 0.317376
434 0.255064
435 0.153216
438 0.076608
439 0.248144
440 0.424808
442 0.32832
443 0.339264
444 0.177192
445 0.16416
446 0.087552
447 0.120384
448 0.178744
449 0.21888
450 0.262656
451 0.290056
452 0.456664
453 0.482984
454 0.553624
455 0.621656
456 0.594088
457 0.523312
458 0.541168
460 0.105384
461 0.436448
463 0.467312
464 0.532784
465 1.11572
466 1.14792
467 1.290872
468 1.406152
469 1.235264
470 1.040304
471 1.150944
472 1.114896
473 1.005248
474 1.07504
475 1.13616
476 0.955528
477 1.130104
478 1.252184
479 1.450024
480 1.082368
481 1.491024
482 1.400168
483 1.414352
485 1.221952
486 1.301504
487 1.39308
488 1.611552
489 1.13048
490 1.790896
491 1.52248
492 1.249424
493 1.398368
494 1.431944
495 1.235144
496 1.218568
497 1.134512
498 1.298952
499 1.21408
500 1.115032
501 1.18224
502 1.062024
503 1.01864
504 1.045744
505 1.259928
506 1.141096
507 1.469552
508 1.161584
510 1.442768
511 1.144784
512 1.008536
513 1.208568
514 1.471744
515 1.366264
516 1.547536
517 1.453488
518 1.36384
519 0.711456
520 1.245952
521 1.198808
523 1.57188
524 1.46884
525 0.67096
526 1.348208
527 1.032744
528 1.584864
529 1.188736
530 1.423832
531 1.4154
532 1.208632
533 1.136416
534 1.030776
535 1.081424
537 1.15864
538 1.019192
539 1.246016
540 1.071136
541 1.215704
542 1.342664
543 0.992608
544 1.28104
545 1.451336
546 1.221288
547 1.511608
548 1.720872
549 1.47
550 1.342848
551 1.148096
552 1.084304
553 1.298472
554 1.123904
555 1.044448
556 0.78852
557 1.0134
558 1.115328
559 0.344232
560 1.030488
562 0.918704
563 0.902472
564 0.736824
565 0.878696
566 0.760064
567 0.398736
568 0.434976
569 0.381408
570 0.350208
571 0.3778
572 0.36204
573 0.541224
574 0.362696
575 0.274264
576 0.339264
577 0.331368
579 0.671504
580 1.256016
581 0.8822
582 0.543224
583 0.513152
584 0.818824
585 1.099464
586 1.132304
587 1.008976
589 0.918024
590 0.703032
591 0.741496
592 0.818856
593 0.579096
594 0.977504
595 0.622856
596 0.557424
597 0.527952
598 0.536256
599 0.331584
600 0.508408
601 0.354224
602 0.295488
603 0.439808
604 0.38304
605 0.372096
606 0.361896
607 0.470592
608 0.339888
609 0.326016
610 0.404928
611 0.541264
612 0.370464
613 0.426816
614 0.142272
615 0.076608
616 0.061552
617 0.16416
618 0.306432
620 0.17872
621 0.098496
622 0.153216
623 0.4254
624 0.587352
625 1.13548
626 0.983496
627 1.343864
628 1.200408
630 1.239424
631 1.092496
632 0.99748
633 1.097128
634 1.102536
635 1.171432
636 1.084944
637 1.078984
638 1.102264
639 1.291216
640 1.211592
641 1.122352
642 1.442792
643 1.13576
644 1.146464
645 1.09864
646 1.119472
647 1.460208
649 1.580832
650 1.003512
651 1.03816
652 1.342752
653 1.325408
654 1.281768
656 1.23148
657 1.253064
658 1.168192
659 1.356608
660 1.235864
661 1.315584
662 1.362496
663 1.294608
664 1.39264
665 1.367176
667 1.76136
668 1.325672
669 1.369848
670 1.182152
671 1.392872
672 1.470184
673 1.018296
674 1.07556
675 1.024552
676 0.952448
677 1.014568
678 0.82524
679 1.007968
680 0.776072
681 0.727576
682 0.777152
683 0.858
684 0.7884
685 0.897736
687 0.870216
688 0.956432
689 0.83784
690 0.957528
691 0.910808
692 0.805272
693 0.844336
694 0.910528
695 0.873432
696 0.939224
697 0.481904
698 0.992384
699 1.276432
700 1.065384
701 1.12864
702 0.942224
703 1.041792
704 1.000632
705 1.095504
707 1.06924
708 1.128232
709 1.320704
710 1.181616
711 1.267448
712 1.205408
713 1.239192
714 1.032512
715 1.389448
716 1.149352
717 0.974672
718 1.19984
719 0.885216
720 1.190744
721 0.655688
722 1.191512
723 1.167544
725 0.759232
726 0.926816
727 1.000752
728 1.158088
729 0.742624
730 0.73216
731 1.041848
732 1.063256
733 0.872576
734 0.923672
735 0.776784
736 0.549328
737 0.233408
738 0.599304
739 0.886464
740 0.736216
741 0.740912
742 0.55856
743 0.603032
744 0.62708
745 0.623008
746 0.51476
747 0.387512
748 0.259288
749 0.350208
750 0.22156
751 0.45524
752 0.631824
753 0.633832
754 0.441704
755 0.31932
756 0.507376
758 0.513584
759 0.481536
760 0.209728
761 0.284544
762 0.19328
763 0.262656
764 0.422
765 0.196992
766 0.203232
767 0.251712
768 0.270256
769 0.162224
770 0.262656
771 0.229824
772 0.146072
773 0.229824
774 0.229824
775 0.177216
776 0.251712
778 0.169864
779 0.339264
780 0.290496
781 0.317376
782 0.317376
783 0.180256
784 0.404928
785 0.239144
786 0.251712
787 0.153216
788 0.093328
789 0.240768
790 0.212544
791 0.251712
792 0.256344
793 0.196992
794 0.251712
795 0.243248
796 0.2736
797 0.21888
798 0.016104
800 0.076608
801 0.142272
802 0.196992
803 0.153216
804 0.175104
805 0.111192
806 0.087552
807 0.065664
808 0.359288
809 0.498536
810 0.4974
811 0.568112
812 0.454312
813 0.316904
814 0.514368
815 0.39892
816 0.446952
817 0.76272
818 0.823024
819 0.652936
820 0.588208
822 0.580704
823 0.536256
824 0.447664
825 0.299488
826 0.415376
827 0.372096
828 0.251792
829 0.32832
830 0.3978
831 0.503024
832 0.43776
833 0.277936
834 0.373944
836 0.448704
837 0.296096
838 0.357456
839 0.49248
840 0.426744
841 0.351056
842 0.42204
843 0.44948
844 0.196992
846 0.41064
847 0.339264
848 0.169888
849 0.186048
850 0.25808
851 0.207936
852 0.21888
853 0.254288
854 0.4072
855 0.505952
856 0.32832
857 0.10944
858 0.237928
859 0.350208
860 0.357064
861 0.40008
862 0.504368
863 0.607216
865 0.129392
866 0.339264
867 0.19684
868 0.350208
869 0.34428
870 0.746448
871 0.6756
872 0.469928
873 0.500408
874 0.567232
875 0.345824
876 0.417888
877 0.509768
878 0.419472
880 0.2736
881 0.322136
882 0.226848
883 0.339264
884 0.177304
885 0.186048
886 0.120384
887 0.164408
888 0.262656
889 0.235856
890 0.120384
892 0.413232
893 0.510208
894 0.541144
895 0.545056
896 0.525312
897 0.46644
898 0.444568
899 0.494328
901 0.584944
902 0.570312
903 0.57968
904 0.591352
905 0.503424
906 0.241832
909 0.010944
910 0.378736
911 0.131328
912 0.087552
913 0.153216
914 0.076608
915 0.332096
916 0.307576
917 0.448704
919 0.562032
920 0.372096
923 0.120384
924 0.0656
926 0.098496
927 0.043776
928 0.10944
929 0.237328
930 0.607936
932 0.495096
933 0.547984
934 0.543376
935 0.508712
936 0.70204
937 0.820944
938 0.877944
939 0.436832
940 0.052896
941 0.962424
942 0.83192
943 0.886168
944 1.203328
945 0.882712
946 0.926896
947 1.053792
948 0.616904
949 1.245696
950 1.067568
960 1.149768
961 1.106336
962 1.24044
963 1.298112
964 1.338272
965 1.401408
966 1.279896
967 1.426936
969 1.175528
970 1.46708
971 1.454312
972 1.43952
973 1.371064
974 1.469944
975 1.52148
976 1.624568
977 1.002328
978 1.286224
979 1.117384
981 1.05648
982 1.020544
983 0.817632
984 0.937256
985 1.09544
986 1.133336
987 0.81484
988 0.926512
989 0.658096
990 0.807768
991 0.823848
992 0.638528
993 0.916752
994 0.719096
995 0.876488
996 0.933184
997 1.003208
998 1.003136
999 0.863
1000 1.04556
1002 0.991752
1003 1.071888
1004 0.732432
1005 0.917096
1006 0.71492
1007 0.404088
1008 0.849304
1009 0.707432
1010 0.68492
1011 0.820792
1012 0.87728
1013 1.119992
1014 1.092824
1015 0.926968
1016 1.054576
1018 1.029536
1019 0.904048
1020 0.67808
1021 0.863816
1022 0.868432
1023 1.012512
1024 0.929752
1026 1.050368
1027 1.019608
1028 1.096256
1029 0.907912
1030 0.831112
1032 1.050616
1033 1.001176
1034 1.034016
1035 0.622224
1036 1.086408
1037 0.865432
1038 1.166616
1039 1.171992
1040 1.131048
1041 1.179984
1042 1.116696
1043 1.282832
1044 1.157232
1045 0.803672
1046 1.366184
1047 1.457512
1048 1.642184
1049 1.127464
1050 1.173416
1051 1.361576
1053 1.246728
1054 1.129672
1055 0.94544
1056 1.094072
1057 1.328096
1058 1.266288
1059 1.11324
1060 1.04764
1061 1.309944
1062 1.19588
1063 1.124992
1064 1.02708
1065 0.71944
1066 0.948632
1068 0.9562
1069 0.944128
1070 1.07188
1071 0.993192
1072 1.183752
1073 0.99956
1074 1.224632
1075 1.051016
1076 1.005704
1077 0.627232
1078 0.372096
1079 0.333152
1080 0.791328
1082 0.936064
1083 0.869192
1084 1.073152
1085 1.01632
1086 0.943544
1087 0.890176
1088 0.519128
1089 1.060184
1090 0.9814
1091 0.770984
1092 0.581504
1093 1.147168
1094 1.084488
1095 1.223472
1096 0.986944
1097 1.078848
1098 1.109504
1100 0.979872
1101 1.065312
1102 1.053424
1103 1.006848
1104 1.14592
1105 1.154016
1106 1.259624
1107 1.283728
1108 1.281176
1109 0.986784
1110 1.180016
1112 1.498712
1113 1.347592
1114 1.14272
1115 1.2688
1116 1.030088
1117 1.123032
1118 1.241816
1119 0.997704
1120 1.387248
1121 1.292656
1122 1.306064
1124 1.293712
1125 1.386784
1126 1.082512
1127 1.394408
1128 1.113488
1129 1.347392
1130 1.545008
1131 0.934512
1133 0.907064
1134 1.748816
1135 1.360336
1136 1.307704
1137 1.300624
1138 1.3398
1139 1.302432
1140 1.494304
1141 1.268256
1142 1.28664
1143 1.328392
1144 1.5044
1145 1.436336
1146 1.23304
1147 1.29524
1148 1.158184
1150 1.335064
1151 1.32596
1152 1.382256
1153 1.3922
1154 1.214152
1155 1.368488
1156 1.33376
1157 1.182152
1158 1.424096
1159 1.03204
1160 1.343384
1161 1.261488
1162 1.269152
1163 1.243808
1164 1.20212
1165 1.201208
1166 1.16236
1167 1.14228
1168 1.141552
1169 1.365424
1170 1.369392
1171 1.761704
1172 1.310648
1179 0.131072
1180 0.2556
1181 0.16416
1182 0.339264
1183 0.388544
1184 0.512184
1185 0.889632
1186 1.202168
1187 1.20936
1188 1.277176
1189 1.107256
1190 0.920664
