0 0.460872
1 0.10944
2 0.93024
3 0.350208
4 0.49248
5 0.558144
7 0.562
8 0.415872
9 0.32832
10 0.295488
11 0.301888
12 0.2736
13 0.229824
14 0.22296
16 0.16416
22 0.076608
23 0.406528
24 1.342072
25 1.50292
26 1.498584
27 1.846432
28 2.81272
29 3.002592
30 2.898088
31 2.944944
32 2.943792
33 2.249608
34 2.916544
35 2.617648
36 2.242944
38 0.854096
39 2.7504
40 1.736592
41 2.111944
42 3.38508
43 2.75824
44 2.614936
45 2.749872
46 2.873888
47 2.647072
48 3.21836
49 3.058912
50 2.685968
51 2.370568
52 2.617368
53 3.314752
54 2.761216
55 3.173632
56 3.623648
57 2.78296
58 3.09376
59 3.865808
61 2.35764
62 3.002216
63 2.904912
64 3.172288
65 2.245568
66 3.275408
67 4.081584
68 2.264792
69 2.663344
70 3.480952
71 2.731496
72 1.622184
73 2.23804
74 3.116208
75 2.874736
76 2.789632
77 3.254664
78 2.636984
79 2.634416
80 2.519936
81 2.6738
82 2.310184
83 2.551936
84 2.139896
85 1.51732
86 1.880424
87 1.608768
88 1.43652
89 1.750056
90 1.510272
91 2.450432
92 2.323416
93 1.086784
94 1.421144
96 2.192264
97 2.230672
98 2.057472
99 1.62876
100 1.411776
101 0.69712
102 1.411776
103 2.814392
104 2.598584
105 2.719
106 3.384592
107 2.9452
108 3.676312
109 0.134216
110 3.585152
111 4.545896
112 4.12688
113 3.259472
114 3.067088
115 2.813184
116 1.946568
117 1.901984
118 2.426416
119 2.668592
120 2.870648
121 1.756576
122 2.163152
123 2.013696
124 1.789256
125 1.721648
126 1.97508
127 2.02464
128 1.389208
129 1.422368
130 1.779856
131 2.095224
132 2.733848
133 2.76372
134 3.039264
135 3.2866
137 2.462904
138 0.634752
139 1.43412
140 2.470464
141 3.395136
142 3.245496
143 3.758576
144 3.616576
145 3.401712
146 3.465824
147 2.780392
148 3.174984
150 2.50932
151 2.398928
152 1.920512
153 1.901992
154 1.827648
155 1.711008
156 1.778352
157 2.475128
158 2.299656
159 3.069184
160 2.394168
161 2.640048
162 2.905368
163 2.869264
164 2.694192
165 2.07204
166 1.818456
167 1.806296
168 1.368
169 1.914824
170 2.117768
171 2.408536
172 2.565776
173 2.309184
174 1.65228
175 1.681256
176 1.588416
177 1.662456
178 1.710496
179 1.767512
180 1.525496
182 1.509312
183 1.635784
184 1.767016
185 1.575936
186 1.441448
187 1.751648
188 1.637976
189 1.764248
190 1.866768
191 1.621216
192 1.498728
193 1.554968
194 1.42272
201 0.863624
202 1.6416
203 2.563392
204 2.539256
205 2.785704
206 1.810072
207 1.990464
208 2.185872
209 2.221632
210 1.394896
211 1.86048
212 1.683784
213 1.876512
214 2.529568
215 3.08084
216 3.24968
218 2.354672
219 2.743592
220 2.25884
221 2.932984
222 2.5072
223 2.606016
224 3.34248
225 3.569568
226 2.885872
227 3.5248
228 3.107328
229 2.557896
230 3.060888
231 3.230888
232 3.22504
233 2.418216
234 1.554048
235 1.15264
236 2.304528
237 2.469552
238 3.079888
239 2.450496
240 1.373304
241 1.938968
242 1.983856
243 3.30992
244 3.099136
246 2.28812
247 2.42276
248 2.202528
249 2.416128
250 2.001112
251 2.70608
252 2.6026
253 2.1936
254 2.738488
255 3.37804
256 3.230784
257 3.345688
258 2.85764
259 2.11152
260 1.632376
261 1.40656
262 2.100672
263 2.202896
264 3.207712
265 2.27044
266 2.637224
267 3.127672
268 2.632928
269 4.099232
270 3.473912
271 1.9302
272 2.191824
273 3.086984
274 3.115824
275 3.119488
276 2.846024
277 2.035872
278 2.725056
280 2.035184
281 2.821552
282 3.140896
283 2.415928
284 1.828648
285 1.93364
286 2.053632
287 2.118744
288 2.69172
289 2.589064
290 2.942392
291 3.52876
292 3.3486
293 3.144728
294 3.488544
295 2.763784
296 2.927664
297 2.10188
298 2.742736
299 2.453576
300 2.145368
301 2.41092
302 3.039168
303 2.750048
304 3.0576
305 2.046424
306 2.606032
307 2.19004
308 2.189752
309 2.255104
310 2.357008
311 1.818664
312 2.440512
313 2.120088
314 2.016056
315 1.978664
316 2.007848
317 1.78692
318 1.67324
319 1.451712
320 1.360712
321 1.70484
322 2.115544
323 1.941312
324 2.178632
325 2.399968
326 2.245328
327 2.000352
328 2.181
329 2.008992
331 2.331072
332 1.613288
333 2.013696
334 1.545152
335 1.612224
336 1.674432
337 1.48276
338 1.606016
339 1.755024
340 1.69464
341 1.76492
342 2.080168
343 1.954408
344 2.011864
345 2.254464
346 1.685312
347 1.699224
348 1.937824
349 1.914616
350 2.526904
351 3.072112
352 2.97976
353 2.266
354 2.509408
355 2.287296
356 1.666144
357 1.674432
358 1.254312
359 0.963048
360 1.42272
361 1.156472
362 1.107632
363 1.127232
364 1.007
365 1.47744
366 1.619552
367 2.1888
368 1.669392
369 1.96992
370 1.731344
371 1.674432
372 1.305696
373 1.324224
374 1.006848
376 0.72272
377 0.569088
378 0.393984
379 0.404928
380 0.38304
381 0.393984
382 0.350208
383 0.307952
384 0.558144
385 0.623808
386 0.76608
387 0.60192
388 0.510336
389 0.612864
390 0.536256
391 0.623808
392 0.361152
393 0.242144
394 0.295488
395 0.306432
396 0.306432
397 0.393984
398 0.393984
399 0.459648
400 0.350208
401 0.29008
402 0.306432
403 0.251712
404 0.207936
405 0.251712
411 0.131072
417 0.131584
418 0.076608
419 0.087552
420 0.10944
421 0.10944
422 0.10944
423 0.10944
424 0.120384
425 0.120384
426 0.120384
427 0.120384
428 0.120384
429 0.10944
430 0.098496
431 0.087552
432 0.087552
433 0.0458
434 0.186048
435 0.207936
436 0.2736
437 0.317376
439 0.284544
440 0.229824
441 0.175104
442 0.05472
443 0.142272
444 0.098496
445 0.10944
446 0.120384
465 0.010944
466 0.065664
467 0.065664
469 0.032832
470 0.032832
472 0.032832
478 0.076608
480 0.032832
481 0.032832
482 0.043776
483 0.043776
485 0.05472
486 0.043776
487 0.065664
488 0.032832
490 0.021888
491 0.051256
492 0.05472
493 0.065664
494 0.076608
499 0.010944
500 0.065664
501 0.05472
513 0.032832
514 0.010944
515 0.032832
517 0.076608
518 0.043776
519 0.065664
520 0.032832
522 0.043776
523 0.065664
524 0.076608
525 0.065664
526 0.065664
527 0.076608
528 0.087552
529 0.087552
530 0.098496
531 0.098496
532 0.120384
533 0.10944
535 0.10944
536 0.065664
537 0.10944
538 0.087552
539 0.120384
540 0.10944
541 0.098496
542 0.076608
553 0.131072
555 0.51124
556 0.05472
557 0.065664
558 0.043776
560 0.021888
561 0.087552
562 0.065664
563 0.05472
565 0.05472
566 0.05472
567 0.076608
569 0.05472
570 0.043776
571 0.010944
576 0.043776
577 0.448704
578 0.087552
579 0.065664
580 0.142272
581 0.153216
582 0.098496
583 0.076608
584 0.153216
586 0.076608
587 0.10944
588 0.087552
589 0.120384
590 0.131328
591 0.087552
592 0.043776
594 0.05472
595 0.032832
596 0.032832
598 0.043776
600 0.010944
601 0.065664
602 0.028328
603 0.05472
604 0.087552
606 0.098496
607 0.120384
608 0.16416
610 0.087552
611 0.120384
612 0.10944
613 0.120384
614 0.10944
615 0.021888
616 0.076608
617 0.10944
619 0.05472
626 0.131072
627 0.341096
628 0.041832
629 0.120384
630 0.175104
631 0.207936
632 0.196992
633 0.153216
634 0.16416
635 0.153216
637 0.087552
638 0.131328
639 0.21888
640 0.082216
641 0.207936
642 0.207936
643 0.196992
644 0.240768
645 0.251712
646 0.196992
647 0.251712
648 0.143312
649 0.21888
656 0.065664
657 1.006848
659 0.131328
663 0.16416
664 0.032832
665 0.087552
673 0.022
674 0.10944
675 0.120384
677 0.021888
678 0.065664
680 0.05472
681 0.098496
682 0.065664
683 0.087552
684 0.098496
685 0.120384
686 0.087552
688 0.043776
697 0.131072
698 0.689728
699 0.076608
701 0.032832
702 0.065664
703 0.076608
705 0.018496
706 0.05472
707 0.065664
708 0.065664
709 0.065664
710 0.043776
712 0.05472
717 0.05472
718 0.032832
746 0.032832
748 0.010944
749 0.043776
750 0.065664
751 0.10944
753 0.087552
754 0.10944
755 0.043776
756 0.065664
757 0.087552
762 0.131072
763 0.219136
764 0.043776
766 0.065664
767 0.05472
768 0.043776
769 0.043776
777 0.032832
779 0.131328
780 0.065664
781 0.098496
783 0.207272
785 0.05472
786 0.087552
787 0.098496
788 0.065664
790 0.098496
791 0.10944
792 0.05472
793 0.043776
794 0.032832
795 0.032832
797 0.010944
799 0.010944
800 0.021888
801 0.010944
803 0.010944
807 0.010944
808 0.032832
809 0.043776
811 0.043776
813 0.021888
814 0.032832
815 0.043776
816 0.185792
817 0.076864
818 0.076608
821 0.021888
822 0.170064
823 0.05472
824 0.098496
825 0.076608
827 0.098496
828 0.098496
829 0.098496
830 0.131328
831 0.098496
832 0.120384
834 0.072856
835 0.076608
836 0.065664
837 0.065664
839 0.131072
841 0.131496
842 0.098496
843 0.087552
844 0.065664
845 0.087552
846 0.065664
848 0.065664
849 0.042784
850 0.05472
851 0.076608
852 0.10944
853 0.120384
854 0.153216
855 0.056984
856 0.131328
857 0.098496
859 0.087552
860 0.065664
861 0.010944
862 0.065664
863 0.05472
865 0.020208
866 0.032832
867 0.043776
869 0.032832
870 0.043776
871 0.043776
875 0.010944
876 0.312208
877 0.065664
878 0.098496
880 0.065664
881 0.010944
882 0.065664
883 0.043776
884 0.065664
885 0.047536
886 0.076608
888 0.10944
889 0.098496
890 0.076608
891 0.087552
892 0.08048
901 0.05472
902 0.05472
903 0.065664
904 0.043776
906 0.032832
912 0.15296
924 0.033088
925 0.343736
926 1.467648
927 1.40736
929 0.644928
930 0.442848
931 0.497032
932 0.970608
933 1.501688
934 1.45492
935 1.810816
936 2.106008
937 2.14064
938 2.016016
940 1.323424
941 1.302336
942 1.2446
943 1.656368
944 1.86944
945 1.396576
946 1.666416
947 1.527888
948 2.44776
949 2.40944
950 2.073904
951 2.23376
952 2.247632
953 2.356504
954 2.209168
955 2.068416
956 0.836584
957 0.941184
958 0.49248
959 1.25856
960 1.061568
961 1.10136
962 2.429568
963 2.176848
964 1.670968
965 1.704864
966 1.867952
967 1.908624
968 1.982024
969 2.101248
970 1.68524
971 1.868344
972 1.94632
973 2.123536
974 0.481536
975 0.864576
976 1.79072
977 2.028808
978 2.474968
979 2.498152
980 2.168016
981 2.561416
983 2.528064
984 1.866896
985 1.776576
986 1.6416
987 1.22432
988 1.324224
989 0.941184
990 1.552568
991 1.900088
992 2.111304
993 2.249688
994 2.888112
995 2.4624
996 1.817064
997 0.733248
998 0.49248
999 0.5472
1000 0.131072
1001 0.416712
1002 0.43776
1003 0.240768
1004 1.9184
1005 2.210688
1006 1.071736
1007 0.60192
1008 0.974016
1009 0.933648
1010 0.98496
1011 0.919296
1012 0.43776
1013 0.38304
1014 0.426816
1015 0.536256
1016 0.755136
1017 0.238088
1018 0.186048
1019 1.006848
1020 0.60192
1022 0.569088
1023 0.470592
1024 0.196992
1025 0.415456
1026 1.849536
1027 1.25656
1028 0.809856
1029 1.127232
1030 0.78168
1031 0.426816
1032 0.317376
1033 0.514368
1034 1.0576
1035 1.564992
1036 1.362848
1037 1.471
1038 1.47744
1039 1.304464
1040 1.461216
1041 1.653768
1042 1.86048
1043 1.588832
1044 0.997184
1045 1.31328
1046 0.8836
1047 1.433664
1048 1.20044
1049 1.223504
1050 1.189312
1051 1.685376
1052 1.494936
1053 1.005888
1054 0.875416
1055 1.160064
1056 1.116528
1057 1.157552
1058 1.059336
1059 1.247616
1061 1.346112
1062 0.463888
1063 1.31328
1064 1.37948
1065 2.07936
1066 1.796776
1067 1.050624
1068 0.481536
1069 0.799976
1070 1.280448
1072 0.689472
1073 1.48008
1074 2.703168
1075 2.232072
1076 2.086936
1077 1.761984
1078 1.80576
1079 1.058664
1080 2.506176
1081 2.332048
1082 2.495232
1083 1.925048
1084 1.568352
1085 1.772928
1086 1.581384
1087 1.94392
1088 2.371336
1089 2.385792
1090 2.02496
1091 1.998232
1092 2.813632
1093 2.976768
1094 2.481768
1095 2.351592
1096 2.247184
1097 2.389392
1098 3.112488
1099 3.0086
1100 2.570552
1101 2.874072
1102 2.901976
1103 4.17164
1104 3.327064
1105 2.765392
1106 2.463248
1107 2.779352
1109 2.429312
1110 2.061688
1111 2.637504
1112 3.246904
1113 3.516168
1114 3.343944
1115 3.62388
1116 1.998616
1117 2.474688
1118 2.208824
1119 2.42404
1120 2.267752
1121 2.192864
1122 2.613408
1123 1.99204
1124 2.081656
1125 2.39344
1126 3.053376
1127 2.795728
1128 3.042432
1129 2.644664
1130 2.917016
1131 2.907816
1132 2.81856
1133 2.523096
1134 2.112192
1135 2.182768
1136 1.742248
1137 3.042432
1138 1.700248
1139 2.24352
1140 2.41732
1141 1.714824
1142 1.171008
1143 1.61608
1144 2.199744
1145 1.771696
1146 2.249616
1147 2.29824
1148 1.588672
1149 2.528064
1151 2.151376
1152 3.359808
1153 2.51484
1154 2.171152
1155 2.988672
1156 3.65592
1157 2.57184
1158 2.766856
1159 2.992672
1160 2.895712
1161 2.702824
1162 1.96992
1163 1.396584
1164 1.584936
1165 2.167056
1166 2.101248
1167 1.758
1168 1.652544
1169 1.104536
1170 1.53216
1171 2.06056
1172 2.892992
1173 2.430816
1174 2.932992
1175 2.161184
1176 1.279376
1177 2.221632
1178 1.499296
1179 2.305544
1180 3.00308
1181 2.669856
1182 2.276568
1183 1.890616
1184 2.495232
1185 1.363272
1186 1.58688
1187 1.58136
1188 2.160408
1189 2.213752
1190 2.84544
1191 2.857584
1192 3.128344
1193 2.781448
1194 2.28164
1195 2.878272
1196 2.380824
1198 1.562904
1199 1.68272
1200 1.730672
1201 2.123136
1202 1.909272
1203 2.123136
1204 2.017288
1205 2.967032
1206 2.242096
1207 2.356624
1208 2.798584
1209 0.120384
1210 6.048136
1211 2.84544
1212 1.936072
1213 2.112704
1214 2.07936
1215 2.118328
1216 2.02208
1217 2.363904
1218 2.439144
1219 2.531672
1220 1.813256
1222 2.16704
1223 1.924712
1224 2.911104
1225 1.828912
1226 2.528064
1227 2.049864
1228 3.545856
1229 2.77168
1230 2.637504
1231 1.806864
1232 2.396736
1233 2.385792
1234 1.893312
1236 0.103792
1237 6.893048
1238 1.904256
1239 1.893312
1240 1.6416
1241 1.630656
1242 2.128312
1243 3.458304
1244 2.406896
1245 1.96992
1246 2.351168
1247 3.425472
1248 2.254696
1249 2.40768
1250 1.247616
1251 1.280448
1253 0.420936
1254 5.534824
1255 1.25856
1256 1.017792
1257 0.919296
1258 0.853632
1259 1.181952
1260 0.644992
1261 0.87552
1262 0.908352
1263 1.368
1264 1.273992
1265 1.017792
1266 1.083456
1267 1.160064
1268 0.790448
1269 1.280448
1270 1.389888
1271 2.911104
1272 2.424864
1273 2.867328
1274 2.221968
1275 1.521216
1276 1.03968
1277 1.96992
1279 0.681472
1280 6.09272
1281 2.309184
1282 1.644552
1283 2.440512
1284 2.046184
1285 1.53216
1286 1.171008
1287 0.60192
1288 0.941184
1290 0.131072
1291 3.719056
1292 0.787968
1293 0.372096
1294 1.259008
1295 2.4624
1296 1.999176
1297 1.58688
1298 1.545072
1299 2.867328
1300 2.029424
1301 2.265408
1302 1.335168
1303 1.128048
1304 2.265408
1305 1.761552
1306 1.96992
1307 1.611784
1308 1.827648
1309 1.540688
1310 2.101248
1311 1.880392
1312 2.40148
1314 2.464456
1315 2.299112
1316 2.427088
1316 0.043776
