0 1.225056
1 2.016008
2 1.224408
3 1.481128
4 1.360272
5 1.40016
6 1.679064
7 1.499216
8 1.625016
9 1.635232
10 1.395344
11 1.10436
12 1.594816
13 1.162016
15 1.681392
16 1.695704
17 0.733632
18 1.53296
19 1.269816
20 1.446576
21 1.710192
22 1.453488
23 1.419528
24 1.503408
25 1.52648
26 1.67768
27 1.49956
28 1.696616
29 1.790968
30 1.347984
31 1.948208
32 1.587752
33 1.890928
34 1.408408
35 1.347464
36 1.289936
38 1.841968
39 1.752432
40 1.82756
41 0.837176
42 1.57176
43 1.375248
44 1.566072
45 1.385688
46 1.619184
47 1.89952
48 1.6798
49 1.005856
51 1.263752
52 1.653856
53 1.458152
54 1.143072
55 1.594984
56 1.250288
57 1.733344
58 1.98436
59 1.362936
60 1.38336
61 1.802456
62 1.705024
63 1.56976
64 1.782584
65 1.387832
66 1.472528
67 1.621448
68 1.46988
70 1.601008
71 1.332368
72 1.260328
73 1.058352
74 1.526408
75 1.164224
76 0.692824
77 0.225264
78 0.869968
79 0.751896
80 0.764384
81 0.886832
82 1.062128
83 1.153256
84 1.0346
85 0.931136
86 0.802448
87 0.792288
89 1.045392
90 1.359592
91 1.072104
92 1.317104
93 1.531424
94 1.534544
95 1.370536
96 1.322408
97 1.386568
98 1.425136
99 1.055696
100 1.321216
101 1.26664
102 1.128496
103 1.189832
104 1.27608
105 1.131616
106 1.164368
108 1.155104
113 0.131072
115 0.352632
116 0.350208
117 0.485936
118 0.544288
119 0.907856
120 1.54392
121 1.157664
122 1.477296
123 1.487544
124 1.254416
125 1.483944
126 1.425448
127 1.403352
128 1.295608
129 1.311824
130 1.135456
131 1.321504
132 1.551328
133 1.70972
134 1.25592
135 1.380136
137 1.311104
138 1.440432
139 1.38864
140 1.458072
141 1.118944
142 1.306256
143 1.298168
144 1.458752
145 1.528776
146 1.794064
147 1.261416
148 1.091912
149 1.085528
150 1.069488
151 0.967576
152 1.208768
153 1.08296
154 0.930952
155 0.952976
156 1.069
157 1.158336
158 1.216664
159 1.395408
160 0.7286
161 1.162864
162 1.025064
163 1.365464
164 1.08252
165 1.642672
166 1.309832
168 0.995944
169 1.208328
170 1.202136
171 1.307328
172 1.443408
173 1.203736
174 1.435952
175 1.127016
176 1.111504
177 1.360336
178 1.103712
179 0.972472
180 1.095536
181 0.714928
182 0.49248
183 0.396592
184 0.890096
185 1.123648
186 0.894808
187 0.695
188 1.005208
189 0.656408
190 0.861424
191 0.628712
193 0.38388
194 1.10804
197 0.21888
198 0.553808
199 0.896328
200 0.985544
201 1.136768
202 1.113688
203 1.040832
204 1.15732
205 0.883216
206 1.11124
207 1.621368
208 1.758664
209 1.525752
210 0.679392
212 0.361152
213 0.507624
214 0.584504
215 0.72216
216 0.312944
217 0.493408
218 1.04108
219 1.247176
220 1.213112
221 1.180024
222 1.17036
223 1.345688
224 1.42696
225 1.483872
226 1.398472
227 1.12472
229 0.778856
230 1.242376
231 1.343288
232 1.383544
233 1.47804
234 1.082352
235 1.173624
236 1.11524
237 1.044648
238 0.947112
239 1.169992
240 1.346696
241 1.13664
242 1.397376
243 1.329608
244 0.85612
245 0.557104
246 0.57244
247 0.771448
248 0.757224
249 0.747832
250 0.46516
251 0.489496
252 0.625256
253 0.825072
254 0.714472
255 0.479536
256 0.10944
257 0.46456
258 0.509
259 0.467312
260 1.090128
261 0.919528
262 1.016592
263 1.104824
264 1.199336
265 0.969224
266 0.724568
267 0.580656
269 0.519744
270 0.664032
271 0.762336
272 0.868288
273 1.025776
274 0.823328
275 0.709344
276 0.131328
277 0.466808
278 0.186048
281 0.018128
282 0.6068
284 0.306432
285 0.151208
286 1.029808
287 1.021288
288 1.27492
289 1.202752
290 0.98348
291 0.807384
292 0.91428
293 0.842504
294 0.703176
295 0.517088
296 0.317376
297 0.42032
298 0.508856
299 0.398664
300 0.422096
301 0.752104
302 0.881352
303 1.124184
304 0.956064
305 0.990968
306 0.952456
307 1.027376
308 0.83992
309 0.893664
311 0.741848
312 0.962952
313 0.7084
314 1.091216
315 1.566104
316 1.205744
317 1.638216
318 1.295896
319 1.744864
320 1.527752
321 1.6096
322 1.597304
323 1.636824
324 1.553992
326 1.52232
327 0.904344
328 1.548696
329 1.335992
330 1.756288
331 1.60088
332 1.58776
333 1.378336
334 1.602008
335 1.771264
336 1.089368
337 1.166952
339 1.52532
340 1.492096
341 1.503336
342 1.733808
343 1.916424
344 2.009312
345 1.643456
346 0.950368
347 0.987
348 0.950096
349 1.038256
350 1.227128
351 1.388288
352 1.653952
353 1.362688
354 1.966624
355 1.417256
356 1.660888
357 1.65388
358 1.753704
359 1.568496
360 1.415832
361 1.523008
363 1.573728
364 1.580568
365 1.518576
366 1.676072
367 1.114264
368 1.566024
369 1.35488
370 1.513448
371 0.961808
372 0.991488
373 0.738952
374 0.760992
375 0.680736
376 0.97004
377 1.073864
378 1.009632
379 0.904376
380 1.005632
381 0.810408
382 1.064104
383 0.858704
384 1.008976
385 0.896136
386 1.017712
388 1.158264
389 1.031144
390 1.052816
391 0.926376
392 0.881424
393 1.015848
394 1.205888
395 1.216152
396 1.35976
397 1.59208
398 1.53436
399 1.342784
400 1.705136
401 1.536496
402 1.347464
403 1.550416
404 1.503288
405 1.24688
406 1.598248
407 1.348608
408 1.479824
409 1.86724
410 1.746976
411 1.311464
412 0.949712
413 1.09568
414 1.121536
416 1.344352
417 1.60248
418 1.580832
419 1.309944
420 1.180432
421 1.189536
422 1.02992
423 0.889984
424 0.925888
425 1.102304
426 0.77392
427 0.888648
428 0.957136
429 1.155016
430 0.695416
431 0.68624
432 0.452664
433 0.337232
434 0.2736
435 0.191696
436 0.16416
438 0.186048
439 0.262448
440 0.46084
441 0.415872
442 0.450728
443 0.334608
444 0.372096
445 0.281008
446 0.306432
447 0.2736
448 0.234376
449 0.2736
452 0.251712
453 0.503424
454 0.191616
455 0.196992
457 0.16416
458 0.38304
459 0.415272
460 0.580008
462 0.175104
463 0.287896
464 0.501032
465 0.591464
466 0.675104
467 0.684904
468 0.470368
469 0.480856
470 0.620488
471 0.70672
472 0.760352
473 0.78644
474 0.674048
475 0.803896
476 0.670632
477 0.849448
478 0.71332
479 0.531608
480 0.776808
481 0.796408
482 0.685472
483 0.63492
484 0.80244
485 0.614608
486 0.63488
487 0.502584
488 0.295488
489 0.355416
491 0.37352
492 0.30544
493 0.458336
494 0.635344
495 1.028272
496 0.84832
497 0.799888
498 0.596376
499 0.757592
500 0.621152
501 0.519296
502 0.388776
503 0.38304
504 0.155984
505 0.21888
506 0.196992
507 0.1964
508 0.2736
509 0.208344
510 0.317376
511 0.161664
512 0.851672
513 0.41624
514 0.131328
515 0.476184
516 0.494312
517 0.429696
518 0.496528
519 0.744056
520 0.660592
521 0.572128
522 0.52368
523 0.65768
524 0.515632
525 0.613712
526 0.707568
527 0.588552
528 0.55484
530 0.442168
531 0.550224
532 0.519016
533 0.665608
534 0.637728
535 0.502256
536 0.6324
537 0.829616
538 0.798664
539 1.051144
540 0.985992
541 0.943704
542 0.851144
543 0.684792
544 0.868168
545 0.827712
547 0.897248
548 1.084504
549 0.93088
550 0.8368
551 1.062248
552 0.838904
553 0.880376
554 0.854872
555 1.110928
556 1.045712
557 0.900816
558 0.903112
559 0.8896
560 0.994816
561 1.030904
562 1.205528
563 0.71936
564 1.755176
565 1.338264
566 1.73212
567 0.763216
568 1.073624
569 0.724776
571 1.110208
572 1.071824
573 0.663176
574 0.773176
575 0.5402
576 0.746136
577 0.693424
578 0.657648
579 0.57632
580 0.651824
581 0.651936
582 0.662304
583 0.693272
584 1.025608
585 1.630816
586 1.190712
587 1.692488
588 1.383992
589 1.11632
590 0.715992
591 0.557672
592 0.978952
593 0.84852
594 0.844912
595 0.910064
596 0.801672
598 1.094032
599 0.988464
600 0.952208
601 1.174424
602 1.023976
603 0.89432
604 1.040456
605 1.079456
606 0.946896
607 0.832896
608 0.891312
609 1.039368
610 1.07452
611 1.007792
612 0.900616
613 0.935256
615 0.708872
616 1.22688
617 1.139864
618 1.179368
619 0.71972
620 0.841912
621 1.396168
622 1.158152
623 1.142824
624 1.190608
625 1.143088
626 0.887336
627 1.26
628 1.11576
629 0.791968
630 0.985928
631 1.151696
632 1.010248
633 1.095864
635 0.99844
636 1.030392
637 1.33288
638 0.950768
639 0.793576
640 0.871192
641 0.777024
642 0.21528
643 0.32832
644 0.381224
645 0.309904
646 0.240768
647 0.124512
648 0.448704
649 0.168608
650 0.251712
651 0.2176
652 0.32832
654 0.187664
655 0.153216
656 0.05472
657 0.05472
658 0.111864
659 0.361152
660 0.224896
661 0.186048
662 0.229824
663 0.243776
664 0.350208
665 0.323672
666 0.393688
667 0.491488
668 0.570728
669 0.580032
670 0.362144
671 0.741488
672 0.991432
673 0.805632
675 0.754104
676 0.748328
677 0.372096
678 0.420752
679 0.619504
680 0.368304
681 0.432256
682 0.459376
683 0.381112
684 0.14692
685 0.32832
686 0.152784
689 0.284544
690 0.624832
691 0.692968
692 0.614832
693 0.742808
694 0.617624
695 0.893544
696 0.758624
697 0.755368
698 0.810808
699 0.713472
700 0.452384
701 0.272864
702 0.569592
704 0.611864
705 0.306432
706 0.295488
707 0.307696
708 0.262656
709 0.893248
710 0.901056
711 1.019024
712 1.3928
713 0.94432
714 1.223832
715 0.987248
716 0.773072
718 1.049864
719 1.184424
720 1.329208
721 1.005384
722 1.069616
723 1.064616
724 0.704192
725 0.950776
726 0.991504
727 0.788936
728 0.670528
729 1.112648
730 0.976
731 1.382616
732 1.17108
733 1.040712
734 0.996424
735 0.69688
736 0.82436
737 1.0564
738 1.079528
739 0.991352
740 0.634744
741 0.724064
742 0.759328
743 0.917824
744 0.998992
745 1.02296
746 1.20028
747 0.988704
748 0.688112
749 1.09364
750 1.1092
751 0.957792
753 0.524488
754 0.66792
755 0.853376
756 0.800728
757 1.05248
758 0.940744
759 0.809224
760 0.881952
761 0.714888
762 0.936664
763 0.988128
764 0.856936
765 1.008144
766 0.819104
767 1.246224
768 0.830984
769 0.714368
770 0.569896
771 0.643728
772 0.808984
773 0.8768
774 0.779408
775 0.665688
776 0.568152
777 0.542848
778 0.479704
779 0.541656
780 0.518096
782 0.669296
783 0.634752
784 0.383288
785 0.779552
786 0.589032
787 0.591208
788 0.746392
789 0.798912
790 0.733456
791 0.740504
792 0.803576
793 1.140832
794 0.582472
795 0.434528
796 0.499968
797 0.671072
798 0.598104
799 0.532128
800 0.620864
801 0.569088
802 0.472128
803 0.586224
804 0.752088
805 1.04764
806 1.081024
808 0.865792
809 0.493344
810 0.842152
811 0.916928
812 0.704952
813 0.484088
814 0.558512
815 0.762216
816 0.824872
817 0.86752
818 0.721672
819 0.814536
820 0.751024
821 0.682648
822 0.475936
823 0.569904
824 0.726232
825 0.68652
826 0.909512
827 1.027592
828 0.681952
829 0.814688
831 0.77848
832 1.091912
833 1.094976
834 1.053104
835 1.017128
836 0.82904
837 0.933496
838 0.664576
839 0.8662
840 0.882904
841 0.825704
843 0.865424
844 0.502096
845 0.631656
846 0.507552
847 0.744064
848 0.479408
849 0.430224
850 0.66616
851 0.684864
852 0.912512
853 0.69964
854 0.707048
855 0.71308
856 0.516392
857 0.736048
858 0.740408
859 0.682312
860 0.508608
861 0.3856
862 0.563648
864 0.590368
865 0.616888
866 0.620848
867 0.605336
868 0.733112
869 0.623808
870 0.521032
871 0.699528
872 0.708136
873 0.840752
874 0.8398
875 0.503424
876 0.418144
877 0.836088
878 0.697928
879 0.846856
880 0.677824
881 0.62072
882 0.838056
883 0.647584
884 0.583016
885 0.449368
886 0.358408
887 0.464944
888 0.497
889 0.41508
891 0.555448
892 0.547256
893 0.548544
894 0.598184
895 0.528968
896 0.562376
897 0.39348
898 0.614808
899 0.47656
900 0.393984
901 0.278952
902 0.33552
903 0.339264
904 0.307072
905 0.273208
906 0.474608
907 0.553576
908 0.647568
909 0.69212
910 0.459672
911 0.298784
912 0.37692
913 0.361152
914 0.267624
915 0.519232
916 0.57148
917 0.658552
918 0.612856
919 0.40084
921 0.402344
922 0.492824
923 0.404928
924 0.239136
925 0.21888
926 0.240768
927 0.304208
928 0.372096
929 0.339264
930 0.245752
931 0.153216
932 0.196992
934 0.131072
935 0.534808
936 0.317376
937 0.31744
938 0.2736
939 0.284544
940 0.1038
941 0.10944
942 0.186048
943 0.153216
944 0.170544
945 0.186048
946 0.16416
948 0.156064
949 0.207936
950 0.196992
951 0.229824
952 0.152688
953 0.251712
954 0.196992
955 0.098496
956 0.131328
957 0.125544
958 0.229824
959 0.153216
960 0.275712
961 0.503424
962 0.37008
963 0.411624
964 0.317376
965 0.174328
966 0.207936
968 0.10944
969 0.120384
970 0.087552
971 0.05472
972 0.037192
973 0.065664
974 0.142272
975 0.098496
976 0.087552
977 0.065664
978 0.043776
979 0.034224
981 0.065664
982 0.05472
983 0.05472
984 0.087552
985 0.05472
986 0.076608
987 0.10944
988 0.179048
989 0.16416
990 0.142272
991 0.081328
992 0.142272
994 0.10944
995 0.043776
996 0.264128
997 0.098496
998 0.087552
999 0.032832
1000 0.467296
1001 0.251712
1002 0.09428
1004 0.065664
1005 0.043776
1006 0.05472
1007 0.05472
1008 0.076608
1009 0.087552
1011 0.112112
1012 0.585672
1013 0.654136
1014 1.159952
1015 0.902312
1016 0.577024
1017 0.588232
1018 0.47652
1019 0.308872
1020 0.3238
1021 0.554152
1022 0.428928
1023 0.459264
1024 0.450448
1025 0.512904
1026 0.508672
1027 0.448704
1028 0.335752
1029 0.519576
1030 0.610968
1031 0.672632
1032 0.905616
1033 0.778712
1034 0.993584
1036 1.136872
1037 1.135232
1038 0.99272
1039 0.80996
1040 1.08488
1041 1.186552
1042 0.954664
1043 0.900336
1044 0.914856
1045 0.906304
1046 0.834072
1047 0.837952
1048 0.714376
1049 0.368576
1050 0.482424
1051 0.812152
1052 1.197
1053 0.847424
1054 0.688112
1055 0.818224
1056 0.777024
1057 0.31672
1058 0.525312
1059 0.428864
1060 0.5472
1061 0.281472
1062 0.372096
1063 0.539048
1064 1.00776
1065 0.656728
1066 0.891968
1068 0.639192
1069 0.784512
1070 0.699496
1071 0.896328
1072 1.324928
1073 1.253688
1074 1.1228
1075 1.032304
1076 0.834296
1077 1.194496
1078 1.058024
1079 0.576152
1080 0.196992
1081 0.267552
1082 0.262656
1083 0.224552
1084 0.240768
1085 0.181304
1086 0.775576
1087 0.926432
1088 0.87864
1089 0.762384
1090 0.607696
1091 0.693432
1092 0.798024
1093 0.721744
1094 0.694872
1095 0.615424
1096 0.931744
1098 1.101568
1099 1.146904
1100 0.734016
1101 0.92372
1102 1.077288
1103 1.324744
1104 1.18196
1105 1.517912
1106 1.09928
1107 1.676016
1108 1.412448
1109 1.320656
1110 1.263144
1111 0.9032
1112 1.071256
1113 1.18568
1114 1.269384
1115 1.258224
1116 1.228848
1117 1.199456
1118 1.176208
1119 1.28048
1120 1.151848
1121 0.992096
1122 1.146128
1123 0.920528
1125 1.064848
1126 0.97588
1127 1.1012
1128 1.11152
1129 0.610184
1130 0.898552
1131 1.0818
1132 0.764352
1133 0.823424
1134 0.982768
1135 0.795048
1136 0.864016
1137 0.668104
1138 0.665256
1139 0.580032
1140 0.472336
1141 0.327952
1142 0.514368
1143 0.390616
1144 0.536256
1145 0.488864
1146 1.021856
1147 0.89316
1148 0.859264
1149 0.849704
1150 0.969736
1151 1.37824
1152 0.696672
1153 0.404928
1155 0.369072
1156 0.525312
1157 0.2444
1158 0.295488
1161 0.215896
1162 0.207936
1163 0.2736
1166 0.254712
1167 0.196992
1168 0.16416
1173 0.120384
1176 0.053472
1177 0.38304
1178 0.668368
1179 0.40504
1180 0.557728
1181 0.424616
1182 0.372096
1183 0.17688
1197 0.45624
1198 0.990312
1199 0.937656
1200 0.973368
1201 1.000552
1202 1.110544
1203 1.106904
1204 1.127376
1206 1.20692
1207 1.34436
1208 1.051224
1209 1.319656
1210 1.130968
1211 0.88344
1212 0.905848
1213 0.486248
1214 0.52516
1215 1.052312
1216 1.031248
1217 1.015224
1218 0.969624
1219 0.860576
1220 0.721384
1221 0.861448
1222 0.850176
1223 0.986136
1224 0.89808
1225 0.801424
1227 0.71432
1228 1.346408
1229 0.98724
1230 1.07296
1231 1.167368
1232 1.253568
1233 1.03296
1234 1.41836
1235 1.152392
1236 1.515432
1237 0.641296
1238 0.9362
1239 0.840016
1240 1.31976
1241 1.2408
1242 1.019544
1243 1.476
1244 1.033256
1245 1.0642
1246 0.951208
1247 1.017168
1248 1.079304
1250 1.162264
1251 1.382968
1252 1.264712
1254 1.18108
1255 1.2118
1256 1.1396
1257 0.960344
1258 1.153368
1259 1.328008
1260 1.054976
1261 0.920488
1262 1.157072
1263 1.113944
1264 1.030672
1265 1.003544
1266 1.093864
1267 1.574032
1268 1.064368
1269 0.679128
1270 0.960696
1271 1.194952
1272 0.723264
1273 0.742832
1274 0.82728
1276 0.59776
1277 1.187552
1278 1.4638
1279 1.169056
1280 0.504344
1281 0.845704
1282 0.529832
1283 0.67464
1284 0.352016
1285 0.744168
1286 0.53328
1287 0.869072
1288 0.578056
1289 0.928864
1290 0.67296
1291 0.98948
1292 0.85304
1293 0.786608
1294 0.912424
1295 0.84588
1297 0.931536
1298 0.884712
1299 0.800256
1300 0.35996
1301 0.562912
1302 0.558928
1303 0.409144
1304 0.885232
1305 0.917168
1306 0.956208
1307 1.192224
1308 1.146152
1309 1.165488
1310 1.142696
1311 0.95372
1312 1.146952
1313 1.092152
1314 1.023888
1315 0.937672
1316 0.996016
1317 1.002064
1318 1.02136
1319 0.992752
1320 0.927552
1321 1.038072
1322 1.069424
1323 0.963528
1324 1.069472
1326 1.075976
1327 0.971536
1328 1.043504
1329 0.99708
1330 0.988608
1331 1.110688
1332 1.166192
1333 0.815616
1334 1.115472
1335 1.130952
1336 0.842712
1337 1.217824
1338 0.77128
1339 1.228
1340 1.271288
1341 1.061248
1342 1.10488
1344 1.07176
1345 1.172896
1346 0.733368
1347 1.26436
1348 1.217008
1349 1.101152
1350 0.6112
1351 0.908592
1352 0.941136
1353 1.138568
1355 1.145352
1356 1.150888
1357 0.811584
1358 0.5402
1359 0.98952
1362 0.220624
1363 0.284544
1364 0.432488
1365 0.508512
1366 0.616352
1368 0.639184
1369 0.683008
1370 0.719696
1371 0.80308
1372 0.874192
1372 0.155848
