0 0.92052
1 1.718208
2 2.105728
3 0.907264
4 0.973624
5 1.05952
6 1.108936
7 1.270176
8 1.022736
9 1.320304
10 1.103248
12 1.149232
13 1.456872
14 1.447656
15 1.192464
16 1.221424
17 1.083856
18 0.926536
19 0.86716
20 1.14904
21 1.3446
22 1.231208
23 1.090304
24 0.32832
25 0.461696
26 0.459648
27 0.212704
28 0.251712
29 0.229824
30 0.290832
31 0.580032
32 0.439096
33 0.623808
34 0.295488
35 0.24116
36 0.612864
37 0.633656
38 0.60192
39 0.623056
41 0.875072
42 0.76608
43 0.446512
44 0.744192
45 0.579656
46 0.729232
47 0.963072
48 0.722912
49 0.835424
50 0.809856
51 0.625512
52 0.611664
53 0.645696
54 0.637416
55 1.098576
56 1.04764
57 1.272776
58 0.738928
59 0.72924
60 0.818968
62 1.189784
63 1.167632
64 1.326416
65 1.267752
66 0.813992
67 0.78432
68 0.760856
69 0.809872
70 0.851824
71 0.981464
72 1.006848
73 0.589208
74 0.928312
75 0.833288
76 0.985864
77 0.679784
78 0.893696
79 0.831184
80 1.31328
81 0.721584
82 0.746184
83 0.842688
84 0.73636
85 0.755136
86 0.662976
87 0.645696
88 0.405272
89 0.536256
90 0.503424
91 0.372296
92 0.525312
94 0.393984
95 0.292296
96 0.590976
97 0.459648
98 0.098496
99 0.186048
100 0.765144
101 0.590976
102 0.371952
103 0.284544
104 0.131328
105 0.120384
106 1.036504
107 1.021
109 1.086048
110 0.908352
111 0.692752
112 0.689472
113 0.374304
114 0.21888
115 0.207936
116 0.569088
117 0.736632
118 0.789584
119 0.943224
120 0.783672
121 1.014456
122 0.621336
123 0.672928
124 0.699008
125 0.84416
126 1.105344
127 0.921808
128 1.253992
129 1.072512
130 0.88752
131 0.83604
132 0.87472
133 1.620872
134 1.138752
136 1.208344
137 0.481536
138 0.48876
139 0.690784
140 0.809856
141 0.341616
142 0.525312
143 0.65664
144 0.620544
145 0.755136
146 0.891944
147 1.199696
148 1.174712
149 1.247864
150 1.0986
151 1.24312
152 1.238712
153 1.305784
154 1.464304
155 1.648272
156 1.361464
157 1.145336
158 1.619712
159 0.778936
161 0.91856
162 1.21884
163 1.302224
164 1.090768
165 1.20788
166 1.292232
167 1.176648
168 1.242968
169 1.096904
170 0.920936
171 1.087464
172 1.343136
173 1.201312
174 1.073816
175 1.101888
176 0.919296
177 0.769384
178 1.195632
179 0.987864
180 1.068664
181 1.209808
182 1.24444
183 1.299136
184 1.214104
185 1.577976
186 1.271944
187 1.41964
188 1.580952
189 1.185224
190 1.053648
191 1.10716
192 1.0796
193 1.499328
194 1.09924
195 0.951944
197 0.902952
198 1.09
199 0.689472
200 0.57312
201 0.84812
202 0.558144
203 0.546184
204 0.798912
205 0.542784
206 0.43776
207 0.375784
208 0.481536
209 0.515864
210 0.590976
211 0.451016
212 0.361152
213 0.535704
214 1.04436
215 0.796104
216 0.847736
217 1.039304
218 1.301592
219 1.389776
220 1.612464
221 1.481888
222 1.774088
223 1.328584
224 1.29352
226 1.353432
227 1.890184
228 1.650336
229 1.819064
230 1.5782
231 1.516656
233 1.63072
234 1.625704
235 1.327576
236 1.3662
237 1.152384
238 1.01988
239 1.387224
240 1.166536
241 1.176096
242 1.116288
243 0.132064
244 1.118696
245 1.433664
246 0.856512
248 1.546816
249 1.56376
250 0.884056
251 0.61976
252 0.963072
253 0.78684
254 1.006848
255 0.716232
256 0.76608
257 0.516296
258 0.722304
259 1.532928
260 1.40732
261 1.308824
262 1.171184
263 1.241272
264 1.321152
265 0.95004
266 1.279832
267 0.950976
268 1.078288
269 1.280448
270 1.20892
271 1.12928
272 0.547232
273 0.361152
274 0.759464
275 1.02328
276 0.876984
277 0.853632
278 0.706368
279 0.891512
280 0.667584
281 0.369848
282 0.306432
285 0.120384
293 0.950592
294 0.306432
295 0.503424
296 0.409
297 0.262656
298 0.284544
299 0.021888
300 0.54596
301 0.415872
302 0.153216
303 0.59916
304 0.8208
305 1.089496
306 1.012264
307 1.38896
308 0.682088
309 0.739816
310 0.883552
311 1.35656
312 1.292208
313 0.960672
314 1.204376
315 0.863552
317 1.019288
318 1.13204
319 1.068072
320 1.342624
321 1.014584
322 0.975016
323 1.007184
324 0.937936
326 1.234776
327 1.320328
328 1.495016
329 1.463504
330 1.487176
331 1.136624
332 1.402032
333 1.21956
334 1.526896
335 1.47244
336 1.299656
337 0.62084
338 0.977936
340 1.070232
341 1.591688
342 1.265528
343 1.87348
344 1.6678
345 1.979544
346 1.917272
347 1.844032
348 1.859656
349 1.816416
350 1.253904
352 1.48168
353 1.352792
354 1.361728
355 1.302976
356 1.371536
357 1.211216
358 1.419768
359 1.267576
360 1.323816
361 1.603376
362 1.406016
363 1.719576
364 1.794152
365 1.2954
366 1.639176
367 1.134136
368 0.944312
369 0.9648
371 1.149848
372 0.772808
373 0.780368
374 0.857904
375 0.937952
376 0.645696
378 0.131072
379 0.961088
380 0.842688
381 0.262536
382 0.525312
383 0.623808
384 1.097616
385 0.92252
386 1.375808
387 1.194296
388 1.480688
389 1.321328
390 0.9384
391 1.226752
392 1.127512
393 1.244648
394 1.213664
395 1.341512
396 1.35236
397 1.374008
398 1.44104
399 1.422088
400 1.408696
401 1.621496
402 1.379272
403 1.463968
404 1.028736
405 0.939448
406 0.998992
407 1.18016
408 1.318568
409 1.310648
411 1.287992
412 1.417144
413 1.497616
414 1.284352
415 1.14352
416 1.450152
417 1.39564
418 1.335264
419 1.524048
420 0.912072
421 1.139176
422 1.125872
423 1.487144
424 1.170608
425 0.389688
426 0.590976
427 1.003088
429 1.042456
430 1.135768
431 1.023784
432 1.069528
433 1.061856
434 1.096504
435 1.105904
436 1.142352
437 1.104872
438 1.026656
439 0.864728
440 0.981888
441 0.92216
442 0.771192
443 1.077544
444 1.006848
445 0.516464
446 1.06324
447 1.389888
448 0.131072
449 0.968968
450 1.647816
451 1.810512
452 1.706512
453 1.448136
454 1.460312
455 1.576376
456 1.453048
458 1.745752
459 1.621744
460 1.440168
461 1.673
462 0.939376
463 1.770504
464 1.251488
465 1.663648
466 1.270696
467 1.785248
468 1.603312
469 0.435816
470 0.936184
471 1.216696
472 1.934512
473 0.350208
474 1.083456
475 1.62916
476 1.137016
477 1.490168
478 1.800056
479 1.77344
480 1.703336
481 1.568688
482 1.554112
483 1.63156
484 1.545608
485 1.181952
486 0.799216
487 1.171
489 1.416576
490 1.534664
491 1.580456
492 1.543328
493 1.416384
494 1.696656
495 1.214784
496 1.002352
497 1.063608
498 1.266216
499 1.319048
500 1.53832
501 1.48756
502 1.26812
503 1.220736
504 1.023512
505 1.203272
506 1.353448
507 1.608768
508 1.149904
509 1.229416
510 1.335168
511 1.022384
512 1.423472
513 1.269504
514 0.912624
516 1.20384
517 0.994072
518 1.008328
519 1.42272
520 1.008976
521 1.16568
522 1.272424
523 1.523688
524 1.72224
525 1.562192
526 1.548728
527 1.562552
528 1.483824
529 1.51668
530 1.62868
531 1.630552
532 1.532248
533 0.391624
535 1.354824
536 1.80576
537 1.287368
538 1.612968
539 1.426144
540 1.707264
541 0.755136
548 0.131072
550 0.05604
551 1.378944
552 2.038224
553 2.40768
554 1.65204
555 1.958976
556 1.583664
557 2.068416
558 2.13408
559 1.813648
560 2.090304
561 1.664464
562 2.506176
563 1.892216
564 2.473344
565 1.720576
566 1.707264
567 1.937088
568 1.510792
569 1.324224
570 1.291392
571 0.995904
572 0.919296
581 0.382368
583 4.958584
584 0.87552
585 1.269504
586 1.127232
587 1.400832
588 1.155448
589 1.521216
590 0.809856
591 0.229824
592 0.580032
593 1.028736
594 0.919296
595 0.808536
596 1.225728
597 1.291392
598 1.357056
599 1.521216
600 1.221936
601 1.543104
602 1.368
603 1.346112
604 1.324224
605 1.111504
606 1.368
607 1.499328
608 1.324224
609 1.488384
610 0.988344
611 1.280448
612 1.072512
613 1.050624
619 0.18732
620 5.09008
621 0.76608
622 1.389888
623 1.335168
624 1.236672
625 1.433664
626 1.113952
627 1.400832
628 1.20384
629 1.116288
630 0.696768
631 1.181952
632 1.31328
633 1.34276
634 1.53216
635 1.466496
636 1.400832
637 1.316304
638 1.42272
639 1.389888
640 0.87552
641 0.536256
642 0.65664
643 1.269504
644 0.933904
645 0.98496
646 0.995904
647 1.050624
648 1.072512
649 1.171008
653 0.62932
654 5.424744
655 0.415872
656 0.842688
657 0.787968
658 0.43776
659 0.16416
692 0.05472
694 0.043776
696 0.010944
698 0.021888
699 0.05472
701 0.021888
702 0.010944
706 0.043776
707 0.05472
708 0.065664
709 0.131328
710 0.131328
711 0.10944
712 0.120384
713 0.142272
714 0.142272
715 0.120384
716 0.175104
717 0.142272
718 0.175104
719 0.16416
720 0.142272
721 0.175104
722 0.153216
723 0.186048
724 0.142272
725 0.175104
726 0.153216
727 0.158024
728 0.009
729 0.142272
730 0.153216
731 0.175104
732 0.175104
733 0.142272
734 0.16416
735 0.196992
736 0.186048
737 0.153216
738 0.175104
739 0.131328
740 0.196992
741 0.16416
742 0.16416
743 0.16416
744 0.16416
745 0.153216
746 0.153216
747 0.153216
748 0.196992
749 0.16416
750 0.16416
760 0.131072
761 1.59808
762 0.153216
763 0.120384
764 0.186048
765 0.16416
766 0.153216
767 0.16416
768 0.153216
769 0.175104
770 0.186048
771 0.16416
772 0.153216
774 0.091192
775 0.098496
776 0.16416
777 0.153216
778 0.153216
779 0.142272
780 0.142272
781 0.120384
782 0.120384
783 0.131328
784 0.131328
785 0.142272
786 0.098496
787 0.10944
788 0.098496
789 0.120384
790 0.087552
791 0.098496
792 0.05472
793 0.087552
794 0.076608
795 0.087552
796 0.065664
798 0.076608
799 0.05472
800 0.043776
820 0.043776
821 0.153216
827 0.15296
830 0.897664
831 0.098496
832 0.131328
833 0.131328
834 0.175104
835 0.175104
836 0.175104
837 0.175104
841 0.15296
842 0.536512
843 0.16416
844 0.131328
845 0.131328
846 0.131328
847 0.131328
848 0.175104
850 0.077256
851 0.098496
852 0.153216
853 0.120384
854 0.16416
855 0.120384
856 0.131328
857 0.131328
858 0.142272
859 0.131328
860 0.16416
861 0.16416
862 0.142272
863 0.131328
864 0.153216
865 0.16416
866 0.131328
867 0.16416
868 0.16416
869 0.16416
870 0.16416
871 0.153216
872 0.142272
873 0.186048
874 0.16416
875 0.16416
876 0.16416
877 0.142272
878 0.153216
879 0.16416
880 0.16416
881 0.16416
882 0.16416
883 0.16416
884 0.142272
885 0.175104
886 0.120384
887 0.131328
888 0.131328
889 0.098496
890 0.142272
891 0.131328
892 0.131328
893 0.153216
894 0.16416
895 0.131328
896 0.186048
897 0.153216
898 0.120384
906 0.120384
907 0.8208
909 0.372512
910 0.10944
911 0.196992
912 0.16416
913 0.142272
914 0.196992
915 0.142272
916 0.131328
917 0.175104
918 0.16416
919 0.153216
920 0.196992
921 0.142272
922 0.16416
923 0.142272
924 0.142272
925 0.131328
934 0.174848
935 1.116544
936 0.142272
937 0.153216
938 0.131328
939 0.131328
940 0.10944
941 0.142272
942 0.131328
943 0.10944
944 0.142272
945 0.120384
946 0.131328
947 0.098496
948 0.098496
949 0.098496
950 0.087552
951 0.098496
952 0.065664
953 0.076608
954 0.065664
955 0.065664
956 0.065664
957 0.032832
961 0.032832
963 0.076608
965 0.108736
966 0.098496
967 0.10944
968 0.098496
969 0.098496
970 0.10944
971 0.087552
972 0.10944
973 0.120384
974 0.098496
975 0.076608
976 0.10944
977 0.120384
978 0.186048
979 0.142272
980 0.175104
981 0.131328
982 0.153216
983 0.186048
984 0.16416
985 0.16416
986 0.16416
987 0.16416
988 0.16416
989 0.120384
990 0.196992
991 0.16416
992 0.16416
1002 0.131072
1003 1.554304
1004 0.142272
1006 0.13468
1007 0.131328
1008 0.16416
1009 0.142272
1010 0.16416
1011 0.175104
1012 0.153216
1013 0.16416
1014 0.131328
1015 0.196992
1016 0.131328
1017 0.196992
1018 0.131328
1019 0.16416
1020 0.186048
1021 0.175104
1022 0.142272
1023 0.142272
1024 0.142272
1025 0.079768
1026 0.131328
1027 0.153216
1028 0.131328
1029 0.080728
1030 0.142272
1031 0.142272
1032 0.175104
1033 0.091904
1034 0.16416
1035 0.131328
1037 0.094008
1038 0.142272
1040 0.131072
1041 0.163888
1042 0.120384
1043 0.131328
1044 0.120384
1045 0.062864
1046 0.131328
1047 0.10944
1052 0.10944
