0 1.072512
3 0.131072
4 3.058176
5 1.827648
6 1.919744
7 1.996352
8 2.057472
9 1.700864
10 2.07936
11 1.657088
12 1.86048
13 1.700872
14 2.12768
15 2.342016
16 0.934784
17 1.564992
18 1.481984
19 1.433664
20 1.171008
21 1.230272
22 1.685376
23 0.934784
24 0.361152
25 0.974016
26 1.466496
27 1.164608
28 1.368
29 1.131776
30 1.783872
31 2.280896
32 1.96992
33 1.624256
34 1.75104
35 1.022336
36 1.346112
38 1.30688
39 1.652544
40 1.368
41 1.000448
42 1.247616
43 1.569536
44 1.663488
45 1.41632
46 1.630656
47 1.558592
48 1.663488
49 0.623808
50 0.634752
51 0.781568
52 1.20384
53 1.31328
54 1.19744
55 1.510272
56 1.317824
57 1.80576
58 1.405376
59 1.444608
60 1.492928
61 1.597824
62 1.668024
63 1.75104
64 1.52576
65 1.827648
66 1.624256
67 1.937088
68 1.68992
69 1.816704
70 1.755584
71 2.199744
72 1.974464
73 1.919744
74 2.309184
75 1.85408
76 2.029184
77 2.07936
78 1.777472
79 2.07936
80 1.832192
81 2.062016
82 2.451456
83 1.952576
84 2.204136
85 2.440512
86 1.077208
87 2.210688
88 1.42724
89 1.499328
90 2.269976
91 2.204288
92 2.429568
93 2.226176
94 2.248064
95 2.615616
97 1.996352
98 2.083912
99 2.13408
100 1.766528
101 2.075672
102 2.021928
103 2.23712
104 2.254464
105 2.01824
106 2.116736
107 2.331072
108 2.01824
109 2.259008
110 2.412224
111 1.718208
112 0.908352
113 0.131072
114 0.978816
115 0.558144
116 0.634752
117 0.689472
118 0.470592
119 0.45596
120 0.238056
121 0.2736
123 0.043776
124 0.514368
125 0.317376
126 0.361152
127 0.175104
128 0.21888
129 0.690432
130 0.474176
131 0.919296
132 1.127232
133 1.171008
134 1.077056
135 1.400832
137 1.350656
138 1.03968
139 1.324224
140 0.956672
141 1.181952
142 1.214784
143 1.186496
144 1.368
145 1.109888
146 1.116288
147 1.20384
148 1.066112
149 1.346112
150 1.510272
151 1.328768
152 1.357056
153 1.186496
154 1.181952
155 0.700416
156 0.415872
157 0.361152
158 0.120384
166 0.146816
167 0.459648
168 0.842688
169 0.98496
170 0.989496
171 1.171008
172 1.225728
173 1.164608
174 0.87552
175 0.864576
176 0.98496
177 0.891008
178 1.269504
179 1.335168
180 1.098944
181 1.280448
182 0.937504
183 0.566368
184 0.744192
185 0.974016
186 0.131072
187 1.832448
188 1.247616
189 1.017792
190 0.880064
191 0.93024
193 0.667584
194 0.350208
195 0.153216
196 0.087552
197 0.387584
198 0.93024
199 1.017792
200 0.71136
201 0.48608
202 0.196992
203 0.153216
204 0.087552
238 0.043776
239 0.043776
240 0.087552
242 0.087552
243 0.131328
244 0.120384
245 0.16416
246 0.16416
247 0.153216
248 0.153216
252 0.185792
253 0.21888
254 0.372352
255 0.153216
256 0.175104
257 0.175104
258 0.142272
259 0.16416
261 0.10288
262 0.118624
263 0.194112
265 0.194112
266 0.21568
267 0.172544
268 0.194112
270 0.021568
271 0.289504
272 0.131072
273 0.614688
275 0.237248
276 0.21568
277 0.248032
278 0.226464
280 0.214144
281 0.150976
282 0.194112
283 0.237248
284 0.21568
285 0.204896
288 0.129408
289 0.64704
290 0.16176
291 0.21568
292 0.226464
293 0.21568
294 0.21568
296 0.043136
298 0.408256
299 0.183328
300 0.21568
301 0.204896
302 0.204896
303 0.21568
304 0.204896
306 0.075488
308 0.399008
309 0.496064
310 0.21568
311 0.21568
313 0.129408
314 0.516096
316 0.16176
317 0.194112
318 0.237248
319 0.194112
320 0.226464
321 0.21568
324 0.140192
327 0.679392
328 0.16176
329 0.172544
330 0.172544
331 0.16176
335 0.228128
337 0.331104
338 0.075488
339 0.043136
340 0.05392
342 0.097056
343 0.10784
345 0.05392
346 0.064704
363 0.131072
364 0.455232
365 0.114144
366 0.097568
371 0.097056
372 0.236608
373 0.475136
374 0.10784
375 0.129408
376 0.118624
377 0.129408
378 0.16176
379 0.140192
382 0.032352
383 0.354336
384 0.10784
385 0.16176
386 0.16176
387 0.16176
389 0.150976
390 0.140192
391 0.16176
392 0.118624
393 0.16176
397 0.010784
398 0.679392
399 0.140192
400 0.150976
401 0.172544
402 0.140192
403 0.172544
406 0.097056
408 0.386688
409 0.10784
410 0.194112
411 0.183328
412 0.16176
413 0.16176
414 0.16176
415 0.16176
416 0.16176
419 0.021568
420 0.366656
421 0.43136
422 0.150976
424 0.16176
425 0.16176
426 0.172544
428 0.043136
429 0.47296
431 0.140192
432 0.16176
433 0.16176
434 0.16176
435 0.172544
436 0.16176
437 0.16176
438 0.16176
442 0.064704
443 0.355872
444 0.452928
445 0.16176
446 0.16176
447 0.16176
448 0.183328
450 0.010784
451 0.150976
452 0.3112
453 0.097056
455 0.118624
458 0.131072
459 0.538176
460 0.16112
464 0.238912
465 0.248032
466 0.44048
467 0.118624
468 0.194112
469 0.150976
470 0.16176
471 0.183328
473 0.16176
474 0.172544
475 0.130592
476 0.008064
477 0.118624
478 0.16176
479 0.16176
480 0.10784
481 0.172544
483 0.16176
484 0.16176
485 0.16176
488 0.167936
490 0.231072
491 0.463712
492 0.140192
493 0.172544
494 0.140192
495 0.183328
498 0.05392
500 0.516096
501 0.086272
502 0.150976
503 0.150976
504 0.140192
505 0.150976
506 0.129408
507 0.150976
509 0.16176
514 0.05392
515 0.257152
516 0.454592
517 0.075488
519 0.064704
520 0.075488
521 0.086272
522 0.064704
539 0.131072
541 0.891872
542 0.086272
543 0.097056
544 0.075488
546 0.086272
547 0.075488
548 0.129408
549 0.150976
550 0.140192
551 0.172544
554 0.064704
555 0.301952
556 0.409792
557 0.150976
558 0.140192
559 0.150976
560 0.150976
562 0.16176
564 0.05392
565 0.334304
567 0.34356
568 0.129408
569 0.150976
570 0.150976
571 0.16176
573 0.16176
574 0.16176
575 0.16176
576 0.150976
579 0.086272
581 0.388224
582 0.48528
583 0.16176
584 0.140192
585 0.140192
586 0.140192
587 0.150976
589 0.032352
590 0.321984
591 0.150976
592 0.150976
593 0.16176
595 0.172544
596 0.150976
597 0.150976
598 0.16176
601 0.043136
602 0.668608
604 0.021568
605 0.16176
606 0.140192
607 0.140192
609 0.140192
610 0.150976
611 0.150976
612 0.16176
613 0.140192
614 0.129408
617 0.138656
618 0.10784
619 0.16176
620 0.16176
621 0.150976
622 0.16176
627 0.129408
629 0.545376
630 0.080096
