0 0.800136
1 0.131072
2 2.138192
3 1.192896
4 0.925696
5 0.914032
6 0.978864
7 0.93756
8 1.114616
9 0.930912
10 1.253424
11 1.4188
12 0.6436
14 0.639088
15 1.100864
16 1.621288
17 1.031784
18 0.5472
19 0.21888
20 0.295488
21 0.174672
22 0.262656
23 0.284544
24 0.142272
25 0.207936
26 0.16416
27 0.477232
29 0.613264
30 0.525312
31 0.16416
32 0.445
33 0.965656
34 1.466416
35 1.377432
36 1.533544
37 1.194944
38 1.422832
39 1.500664
40 1.466888
41 1.366904
42 1.290192
43 1.529968
44 1.291016
46 1.4412
47 1.503008
48 1.52292
49 1.172472
50 1.448784
51 1.715224
52 1.519224
53 1.58104
54 1.813592
55 1.126576
56 1.542768
57 1.1732
58 1.375296
59 0.990696
60 1.749232
61 1.198576
62 1.814776
63 1.23912
65 1.836136
66 1.783312
67 0.666864
68 1.33716
69 1.206952
70 1.291392
71 1.11168
72 1.337656
73 1.319088
74 1.815768
75 1.411632
76 0.98496
77 1.364824
78 1.064776
79 1.096736
80 1.38248
81 1.009056
82 0.75852
83 0.87552
84 0.658256
85 0.669624
86 0.509576
87 0.55864
89 0.948792
90 0.703288
91 0.098496
92 0.67712
93 0.372096
94 0.514368
95 0.504896
96 0.831744
97 0.503424
98 0.05472
99 0.582544
100 1.067944
101 1.138176
102 0.624864
103 0.628104
105 0.733248
106 0.5464
107 0.580032
108 0.196992
109 0.032832
110 0.339264
111 0.087552
112 0.307592
113 0.404928
114 0.459648
115 0.2736
116 0.164736
117 0.240768
118 0.262656
119 0.372096
120 0.245272
121 0.372096
122 0.37932
123 0.448704
124 0.317376
125 0.329632
126 0.678528
127 0.560496
128 0.700416
129 0.467328
130 0.38304
132 0.404928
133 0.563624
134 1.168808
135 0.17316
136 0.251712
137 0.21888
138 0.49248
139 0.408632
140 0.788216
141 0.634752
142 0.56076
144 0.680112
145 0.777024
146 0.619312
147 0.857616
148 0.796968
149 0.85708
150 0.818608
151 0.90408
152 0.963072
153 0.80332
154 0.777024
155 0.919296
156 0.729464
157 1.03968
158 0.798864
159 0.712584
160 0.7936
161 0.80828
163 0.995792
164 0.992272
165 1.061568
166 0.77012
167 0.909192
168 0.859272
169 0.805208
170 0.932744
171 0.941184
172 0.614504
173 0.934248
174 1.083456
175 0.850656
176 0.905824
178 1.13948
179 1.214784
180 0.937728
181 0.86788
182 0.867312
183 0.747096
184 1.068664
185 1.160064
186 0.958096
187 1.02556
188 1.25536
189 1.170328
190 1.238984
191 1.07468
192 1.288312
193 1.263576
194 1.305608
195 1.228752
196 1.214784
197 0.702232
198 0.831744
199 0.674672
200 0.924136
201 1.225728
202 0.656456
203 0.716904
205 1.177552
206 0.49248
207 0.671616
208 1.17644
209 1.717192
210 1.55332
211 1.522712
212 1.402592
213 1.679112
214 1.052864
215 1.728776
216 1.26512
217 1.605048
218 1.700768
220 1.894472
221 1.678792
222 1.413904
223 1.243992
224 1.736968
225 1.460392
226 1.371896
227 1.085816
228 1.151704
229 0.877248
230 1.1644
231 1.062096
232 0.918832
233 0.717352
234 0.626856
235 0.831744
236 0.438064
237 0.556344
238 0.470592
239 0.175104
240 0.583296
241 0.499688
243 0.607744
244 0.678528
245 0.577368
246 0.677608
247 0.809856
248 0.587424
250 0.120384
251 0.738336
252 0.569088
261 0.416608
262 0.262656
263 0.339264
264 0.415616
265 0.495144
266 0.678272
267 0.681664
268 0.558144
269 0.509016
271 0.514368
272 0.665704
273 1.410544
274 1.464088
275 1.506224
276 1.623456
277 1.490312
278 1.62048
280 0.32832
283 0.251712
284 0.952128
285 0.4552
286 0.377368
288 0.500688
289 0.545056
290 0.592096
291 0.773128
292 0.846344
293 0.519448
294 0.987904
295 1.27604
296 1.11328
297 1.10248
298 0.953392
299 0.939904
300 0.819016
303 0.021888
304 0.207016
306 0.521864
307 0.597792
308 0.938752
309 0.781328
310 0.8974
311 1.146336
312 1.194216
313 0.929912
314 1.412592
315 1.191432
316 1.072112
317 1.180928
318 0.907856
319 1.15592
320 1.30884
321 1.1128
322 1.134968
323 0.854632
324 0.875856
325 0.905104
327 0.86584
328 1.096088
329 1.074712
330 0.929184
331 0.803272
332 1.149456
333 0.961864
334 0.821488
335 1.39108
336 1.105072
337 0.900224
338 1.107392
339 0.78672
340 1.164776
341 1.108776
342 0.62084
343 0.945104
344 1.04836
345 1.124056
346 0.869048
347 0.689128
348 1.157024
349 0.895696
350 0.745152
351 0.94404
352 0.826552
353 0.48424
355 0.175104
361 0.131072
362 0.09684
364 0.998896
365 0.933392
366 0.93628
367 0.994112
368 1.061072
369 0.887176
370 1.007696
371 0.90484
373 1.103616
374 1.09628
375 0.992656
376 0.87816
378 0.964688
379 0.626472
380 0.864784
381 0.87468
382 0.835168
383 0.812488
384 1.104528
385 1.23036
386 0.89396
387 1.247656
388 1.130696
389 0.867904
391 0.53948
392 0.8208
393 0.8656
394 0.941464
395 1.0586
396 0.951008
397 1.14452
398 1.231976
399 1.166072
400 1.192896
401 0.718736
402 0.776392
403 0.952128
404 0.576344
405 0.49248
406 0.646304
407 1.161848
408 0.98496
409 0.941512
410 1.584352
411 1.431928
412 0.988048
414 1.2896
415 1.24196
416 1.277816
417 1.006424
418 0.719328
419 0.596344
420 1.03968
421 0.786256
422 0.806408
423 0.609272
424 0.634752
425 0.333664
426 0.426816
427 0.8154
428 1.494136
429 1.52132
430 1.262296
431 1.145968
432 1.001648
433 0.77972
434 0.947696
435 1.801376
436 1.338752
437 1.693624
438 1.63276
439 1.175744
440 1.739624
441 0.787968
442 0.676448
443 0.766232
444 1.12416
445 0.615728
446 0.533312
447 0.971128
448 1.383976
449 1.468592
450 0.691144
451 0.87552
452 0.463776
453 0.62532
454 0.580032
455 0.433032
456 0.459648
457 0.514368
459 0.562896
460 0.8208
461 0.973264
462 1.160064
463 0.80244
464 1.183032
465 0.802592
466 0.963512
467 0.941184
468 0.66276
469 0.560464
470 0.576048
471 0.798912
472 0.600616
473 0.638728
474 0.22788
475 0.525312
476 0.44712
477 0.612864
478 0.467736
479 0.507424
480 0.580032
481 0.463216
482 0.590976
484 0.405064
485 0.525312
486 0.45724
487 0.510592
488 0.579344
489 0.61244
490 0.809184
491 0.880432
492 1.15776
493 0.798152
494 1.028736
495 1.321648
496 1.311784
497 1.323208
498 1.369624
499 1.417424
500 1.23428
501 1.273512
502 1.203816
503 1.254136
504 1.088048
505 0.892768
506 1.052648
507 0.997616
508 0.707224
509 1.099784
510 1.066584
511 1.13336
512 1.017864
513 1.141584
514 1.058904
515 1.031832
516 1.22828
517 1.286608
518 0.8208
526 0.131072
527 0.415304
528 0.393984
530 0.043776
532 0.120384
533 0.415872
536 0.229824
537 0.120384
538 0.381656
539 0.580032
540 0.387688
541 0.5472
542 0.45676
543 0.634752
544 0.45624
545 0.44652
546 0.49248
547 0.240768
548 0.38304
549 0.19272
550 0.339264
551 0.38304
552 0.462488
553 0.413928
554 0.426816
555 0.488576
556 0.448704
557 0.448704
558 0.39444
559 0.558144
560 0.530488
561 0.49248
562 0.514368
563 0.389304
564 0.558144
565 0.612864
566 0.483016
567 0.634752
569 0.44668
570 0.569088
571 0.569088
572 0.421488
573 0.514368
574 0.525312
575 0.582952
576 0.5472
577 0.60192
578 0.527784
579 0.744192
580 0.76608
581 0.540288
582 0.722304
583 0.566288
584 0.722304
585 0.585656
586 0.8208
587 0.566648
588 0.700416
589 0.586416
590 0.612864
591 0.673992
592 0.689472
593 0.722272
594 0.566888
595 0.67232
596 0.667584
597 0.481096
598 0.612864
600 0.292496
601 0.65664
602 0.569272
603 0.65664
604 0.65664
605 0.442744
606 0.590976
607 0.520056
608 0.71136
609 0.667584
611 0.201472
612 0.514368
613 0.175104
648 0.076608
649 0.021888
650 0.032832
651 0.032832
652 0.021888
653 0.043776
654 0.032832
656 0.043776
657 0.032832
659 0.021888
663 0.021888
664 0.05472
665 0.098496
666 0.05472
668 0.087552
669 0.076608
670 0.043776
674 0.019
675 0.032832
676 0.065664
677 0.076608
678 0.05472
679 0.032832
680 0.065664
681 0.05472
682 0.043776
683 0.032832
684 0.043776
685 0.043776
686 0.05472
687 0.043776
696 0.142016
697 0.33952
698 0.098496
700 0.05472
701 0.098496
702 0.05472
707 0.196736
708 0.08048
709 0.087552
710 0.098496
711 0.076608
712 0.076608
713 0.05472
714 0.05472
715 0.076608
716 0.087552
717 0.05472
718 0.087552
719 0.065664
720 0.087552
721 0.087552
722 0.087552
723 0.076608
724 0.076608
725 0.065664
726 0.076608
727 0.05472
734 0.032832
735 0.098496
737 0.280096
738 0.087552
739 0.05472
740 0.087552
741 0.087552
742 0.076608
743 0.065664
744 0.065664
745 0.065664
746 0.087552
747 0.065664
748 0.076608
749 0.076608
750 0.076608
751 0.076608
752 0.076608
753 0.076608
754 0.087552
755 0.076608
756 0.076608
757 0.076608
758 0.076608
759 0.076608
760 0.060312
761 0.076608
762 0.087552
763 0.10944
764 0.098496
765 0.10944
766 0.10944
767 0.131328
768 0.131328
769 0.10944
770 0.120384
771 0.076608
772 0.098496
773 0.076608
774 0.076608
775 0.076608
776 0.087552
781 0.131072
782 0.310976
783 0.065664
787 0.174848
789 0.142528
790 0.087552
791 0.05472
792 0.065664
793 0.065664
795 0.043776
796 0.087552
797 0.032832
798 0.065664
800 0.043776
801 0.05472
802 0.065664
803 0.032832
804 0.05472
806 0.032832
813 0.021888
834 0.021888
836 0.032832
837 0.032832
838 0.021888
839 0.032832
840 0.043776
841 0.043776
842 0.043776
844 0.021888
845 0.043776
846 0.065664
848 0.043776
849 0.043776
850 0.05472
851 0.065664
852 0.065664
853 0.032832
854 0.05472
858 0.15296
860 0.043416
861 0.043776
862 0.10944
863 0.05472
864 0.065664
870 0.021888
871 0.339264
872 0.065664
873 0.076608
874 0.087552
875 0.098496
876 0.05472
877 0.043776
878 0.043776
879 0.05472
880 0.065664
881 0.043776
882 0.043776
883 0.043776
889 0.065664
890 0.043776
891 0.065664
892 0.065664
894 0.097496
895 0.043776
896 0.021888
897 0.087552
898 0.05472
899 0.065664
900 0.065664
901 0.065664
902 0.065664
903 0.065664
904 0.087552
905 0.065664
906 0.087552
907 0.076608
908 0.087552
909 0.098496
910 0.098496
911 0.098496
912 0.076608
913 0.098496
914 0.076608
926 0.060752
927 0.032832
928 0.087552
929 0.098496
930 0.087552
931 0.087552
932 0.087552
933 0.098496
934 0.076608
935 0.05472
936 0.098496
937 0.076608
938 0.05472
939 0.065664
940 0.098496
941 0.076608
943 0.087552
944 0.098496
945 0.087552
946 0.10944
947 0.070328
948 0.087552
949 0.153216
950 0.153216
951 0.076608
952 0.098496
953 0.098496
954 0.120384
958 0.010944
959 0.551032
960 0.142272
961 0.098496
962 0.131328
963 0.10944
964 0.120384
965 0.120384
966 0.131328
967 0.153216
968 0.10944
969 0.10944
970 0.06532
971 0.098496
972 0.10944
983 0.131072
984 1.182208
985 0.086472
986 0.009
987 0.065664
988 0.043776
989 0.120384
990 0.120384
991 0.10944
992 0.131328
993 0.120384
994 0.087552
995 0.087552
996 0.043776
997 0.076608
998 0.065664
999 0.076608
1000 0.065664
1001 0.076608
1002 0.076608
1004 0.098496
1005 0.076608
1006 0.05472
1012 0.074328
1013 0.076608
1014 0.098496
1015 0.087552
1016 0.05472
1017 0.05472
1018 0.03264
1023 0.021792
1024 0.114016
1026 0.009008
1027 0.05472
1028 0.05472
1029 0.065664
1030 0.098496
1031 0.076608
1032 0.076608
1033 0.076608
1034 0.065664
1035 0.034192
1036 0.10944
1037 0.098496
1038 0.10944
1039 0.098496
1040 0.076608
1041 0.032832
1043 0.08652
1044 0.01996
1045 0.043776
1046 0.043776
1047 0.05472
1048 0.05472
1049 0.05472
1050 0.05472
1054 0.043776
1055 0.131328
1071 0.029744
1073 0.010944
1074 0.065664
1075 0.065664
1076 0.05472
1077 0.087552
1078 0.065664
1079 0.076608
1080 0.098496
1088 0.01656
1089 0.043776
1091 0.032832
1093 0.021888
1094 0.065664
1095 0.010944
1097 0.032832
1098 0.032832
1099 0.043776
1101 0.032832
1102 0.142272
1103 0.076608
1105 0.076608
1106 0.043776
1108 0.052704
1109 0.043776
1110 0.05472
1111 0.043776
1112 0.032832
1113 0.05472
1114 0.043776
1115 0.05472
1116 0.021888
1117 0.065664
1118 0.065664
1120 0.018104
1121 0.032832
1123 0.043776
1124 0.032832
1125 0.043776
1126 0.043776
1127 0.032832
1128 0.021888
1133 0.0
