0 1.894536
1 2.667104
2 0.827424
3 1.542712
4 1.010064
6 1.356384
7 1.508528
8 1.487376
9 1.37024
10 1.627752
11 1.918248
12 2.013264
13 1.639528
14 1.955384
15 2.073016
16 1.729008
17 2.528064
18 1.369296
19 2.047504
20 1.89484
21 2.002176
22 1.85
23 1.863936
24 1.999248
25 1.93684
26 2.082744
27 2.024992
28 1.972832
29 2.185208
30 2.191728
31 2.162528
32 2.292456
33 2.00716
34 2.223
35 2.024096
36 2.030176
37 1.973256
38 2.363904
39 1.90764
40 1.837112
41 2.07744
42 2.309184
43 1.919512
44 1.980864
48 0.93024
49 0.91108
50 2.537696
51 2.254336
52 3.143744
53 2.54056
54 2.997552
55 2.856672
56 3.409384
57 2.50752
58 2.784184
59 2.703136
60 2.790032
62 2.96828
63 3.113624
64 3.574368
65 3.319856
66 3.078336
67 3.243192
68 2.331072
69 2.130912
70 2.055872
71 2.185016
72 2.363904
73 1.889072
74 2.123136
75 1.612312
76 1.47744
77 1.378944
78 1.144456
79 1.138176
80 1.259088
81 1.859512
82 3.18064
83 2.576768
84 2.937424
85 3.162816
86 2.554536
87 1.281904
88 2.05868
89 2.35376
90 2.4614
92 2.474152
93 2.681728
94 2.473344
95 2.399088
96 2.979936
97 2.873432
98 2.402864
99 3.143296
100 2.30448
101 2.405968
102 2.495232
103 1.640568
104 2.374848
105 1.444608
106 0.729136
107 0.689472
108 1.061568
109 1.31328
110 1.077344
111 1.017792
113 1.436424
114 1.324224
115 1.433664
116 1.1446
117 1.32232
118 1.521216
119 1.256664
120 1.58688
121 1.178656
122 0.963072
123 0.952128
124 0.625592
125 2.378496
126 2.55116
127 2.708056
128 2.3668
129 1.742432
131 0.941184
132 1.757432
133 0.963072
134 1.072512
135 1.000632
136 1.357056
137 1.217672
138 2.002752
139 1.177472
140 0.722304
141 0.503424
142 1.14912
143 1.755176
144 2.507168
145 2.194488
146 1.152536
147 1.819616
148 1.794672
149 1.948032
150 1.335744
151 1.344648
152 1.181952
153 1.2344
154 1.605616
155 1.729152
156 1.326448
157 1.429696
158 1.346112
159 1.119608
160 0.93024
161 0.826336
162 1.47744
163 1.812944
164 2.248904
165 1.951472
166 1.904256
167 1.97508
168 2.386648
169 2.543928
170 3.072112
171 2.504232
172 1.499968
173 1.794816
174 1.341208
175 2.07936
176 1.869808
177 2.145024
178 1.856064
179 2.374848
180 2.129984
181 2.158032
182 2.145456
183 2.28064
184 2.2268
185 1.890384
186 2.199744
187 2.000096
188 2.363904
189 2.470936
190 2.670336
191 2.189192
192 2.594832
193 3.053376
195 2.059784
196 5.814352
197 1.96992
198 2.019864
199 2.199744
200 1.615024
201 1.772928
202 1.705608
203 1.942256
204 2.29824
205 1.116936
206 0.623808
207 0.16416
208 1.654464
209 1.510272
210 1.970024
211 2.467384
212 2.40768
213 2.089056
214 2.017696
215 1.85884
216 2.275768
217 2.057336
218 2.203016
219 2.2696
220 3.190456
221 2.495768
222 2.45572
223 2.697992
224 2.057472
225 1.86048
228 1.067872
229 1.411776
230 0.963072
231 1.455552
232 2.202328
233 2.825824
234 2.210688
235 1.048176
236 0.831744
237 0.393984
238 1.652544
239 2.068592
240 2.355736
241 2.46156
242 2.62128
243 1.75104
244 1.387592
245 3.056944
246 3.184704
247 1.171008
248 1.359
249 1.685376
250 0.5202
251 2.874184
252 4.171936
253 3.354096
254 3.228488
255 3.364424
256 3.42544
257 2.851688
258 3.295656
259 3.214448
260 3.92624
261 3.02656
262 3.008504
263 3.337504
264 2.874224
265 2.4624
266 3.423712
267 3.127952
268 3.3664
269 2.128296
270 3.401784
271 4.251592
272 4.125584
273 3.537872
274 5.712768
275 3.90788
276 4.153688
277 1.542848
278 6.409752
279 2.57184
280 2.976768
281 2.691112
282 4.169664
283 3.092272
284 3.637712
285 4.284312
286 4.005504
287 3.08556
288 2.878984
289 3.633408
290 2.687792
291 2.70244
292 2.882808
293 3.622464
294 2.864496
295 2.765128
296 4.333824
297 3.524824
298 0.5472
301 7.05488
302 2.823552
303 4.257216
304 3.481688
305 2.593728
306 2.648448
307 2.036472
308 2.331072
309 2.079072
310 1.86048
311 0.92512
312 1.0944
313 1.192896
315 0.525312
316 0.612864
317 0.22624
318 0.842688
319 1.761984
320 0.875056
321 2.035584
322 1.938464
323 1.980864
324 1.595288
325 2.320128
326 1.975904
327 2.57184
328 2.025672
329 2.096048
330 2.29824
331 1.776792
332 2.1888
333 1.380232
334 1.707264
335 1.487008
336 1.742184
337 1.865664
338 2.11336
339 2.242336
340 2.686256
341 2.225928
342 2.216808
343 2.07936
344 1.437288
346 1.181944
347 1.608768
348 1.127336
349 0.995904
350 1.050624
351 0.798912
352 0.755008
353 1.466496
354 0.957736
355 1.155624
356 0.847952
357 0.952128
358 0.2736
359 0.080744
360 0.295488
361 0.448704
362 0.43776
363 0.481536
364 0.407712
365 0.38304
366 0.43776
367 0.377616
368 0.525312
369 0.502056
370 0.787968
371 0.740152
372 0.8994
373 1.111224
374 1.063064
375 1.252376
376 1.169968
377 1.064392
378 1.000536
379 0.95576
380 0.76608
381 0.75832
382 0.72528
383 0.71136
384 0.634208
385 0.60008
386 0.831744
387 0.682928
388 0.822696
389 0.654568
391 0.558144
392 0.415872
393 0.13088
394 0.021888
411 0.076608
412 0.558144
414 0.010944
415 0.190808
416 0.43776
