0 0.655968
5 0.131072
6 3.3416
7 0.08512
9 0.584112
10 1.148728
11 0.982912
12 1.163536
13 0.93136
14 0.906608
15 0.940192
16 1.014104
17 1.072152
18 1.329888
19 0.956704
20 0.916352
21 0.99632
22 1.292272
23 0.926224
24 0.983096
25 1.175904
27 1.133136
28 1.13372
29 1.111128
30 1.14452
31 1.1166
32 1.021344
33 1.208168
34 1.069528
36 1.02724
37 0.858408
38 0.987368
39 0.954288
40 1.02468
41 1.05092
42 1.067864
43 1.09908
44 1.032184
45 1.177552
46 1.281792
47 1.422048
48 1.282496
49 1.390064
50 1.364112
51 1.16292
52 1.571072
53 1.163256
54 1.0498
56 1.049168
57 1.515584
58 1.395816
59 1.131704
60 1.477352
61 0.711352
62 0.925368
63 1.11148
64 1.06876
65 1.360776
66 1.117368
67 1.389048
68 1.39328
69 1.084856
70 1.325128
72 1.400576
73 1.028704
74 1.393192
75 1.363304
76 1.147536
77 1.21844
78 0.819896
79 0.668152
80 0.9994
81 0.99812
82 0.907
83 1.229936
84 0.992696
85 1.124664
86 1.061568
87 1.162256
88 1.16988
89 1.103152
90 0.733616
91 1.078328
92 0.990904
93 0.843048
94 0.93404
96 0.7602
97 0.856352
98 0.497752
99 0.557696
100 0.459824
101 0.505432
102 0.4142
103 0.571496
104 0.549848
105 0.6384
106 0.39352
107 0.696808
108 1.0186
109 1.1414
110 0.831696
111 0.816264
112 0.55768
114 0.508992
115 0.617024
116 0.670936
117 0.936624
118 0.874064
119 0.830496
120 0.670744
121 0.674992
122 0.702192
123 0.877344
124 0.993328
125 0.896408
126 1.02752
127 1.129752
129 0.649872
130 1.320888
131 1.18124
132 1.096968
133 1.55932
134 1.520696
135 1.521408
136 1.177072
137 0.733576
138 1.357608
139 0.902488
140 0.8128
141 1.295856
142 1.139704
143 1.14644
144 1.244952
146 1.288688
147 1.218152
148 1.160544
149 1.345264
150 1.093848
151 1.062888
152 1.074984
153 0.669336
154 0.64196
155 0.746984
156 0.58672
157 0.557208
158 0.6134
159 0.504672
160 0.435832
161 0.459304
162 0.360656
163 0.40692
164 0.558144
165 0.506704
166 0.494008
168 0.362232
169 0.399408
170 0.514368
171 0.445072
172 0.448848
173 0.50964
174 0.701936
175 0.471592
176 0.399104
177 0.454864
178 0.474472
179 0.441576
180 0.487208
181 0.361152
182 0.356744
183 0.456488
184 0.409776
185 0.506992
186 0.513
187 0.454728
188 0.474456
189 0.489224
190 0.576704
191 0.50376
192 0.527432
193 0.426816
194 0.434432
196 0.31376
197 0.470592
198 0.310736
199 0.358912
200 0.459648
201 0.35364
202 0.391752
203 0.363112
204 0.490576
205 0.519088
206 0.623808
207 0.450752
208 0.452336
209 0.509488
210 0.536136
211 0.584864
213 0.610672
214 0.404928
215 0.366776
216 0.281576
217 0.607328
218 0.753648
219 0.71252
220 0.596592
221 0.764808
222 0.715832
223 0.678184
224 0.828704
225 0.917584
226 0.777984
227 0.64084
228 0.79568
229 0.52012
230 0.86728
231 0.534344
233 0.561136
234 0.599888
235 0.683712
236 0.568408
237 0.475728
238 0.546992
239 0.634736
240 0.502944
241 0.520608
242 0.410344
243 0.392648
244 0.317376
245 0.221064
246 0.087552
247 0.762568
248 0.846848
249 0.757152
250 1.033656
251 0.913872
253 1.024088
254 0.954928
255 0.897616
256 1.016952
257 0.900848
258 1.051616
259 1.084528
260 1.463048
261 1.247656
262 1.153608
263 1.037976
264 1.390656
265 1.21584
266 1.217656
267 1.155976
268 1.034784
269 1.26484
270 1.41076
271 0.876328
272 0.810696
273 0.961528
274 1.084592
275 0.736816
276 0.768688
277 0.66408
278 0.521504
279 0.671232
280 0.375808
281 0.240768
282 0.281968
283 0.567128
285 0.346728
286 0.38304
287 0.23516
288 0.38304
289 0.319408
290 0.494184
291 0.304192
292 0.2736
293 0.535344
294 0.497384
295 0.318216
296 0.229824
297 0.196992
298 0.277344
299 0.207936
301 0.042728
302 0.448704
303 0.356816
304 0.558056
305 0.6798
306 0.687792
307 0.808448
308 0.966944
309 0.57356
310 0.7156
311 0.773936
312 0.533512
313 0.501752
314 0.556568
315 0.67348
316 1.131784
317 0.927344
318 1.099016
319 1.07552
321 1.0998
322 0.923496
323 1.076984
324 0.881888
325 0.712288
326 0.694336
327 0.55468
328 0.6562
329 0.531024
330 0.415872
331 0.156688
332 0.394072
333 0.788336
335 0.647216
336 0.404928
337 0.412096
338 0.338576
339 0.361288
340 0.415872
341 0.21832
342 0.284544
344 0.283872
345 0.593464
346 0.240768
347 0.166584
349 0.186048
350 0.402624
352 0.120384
353 0.098496
354 0.358944
355 0.558144
356 0.296936
358 0.503424
359 0.269792
360 0.339264
361 0.35864
362 0.448704
363 0.229824
364 0.12584
365 0.153216
366 0.302808
367 0.483096
368 0.415872
369 0.420016
371 0.457624
372 0.38304
373 0.415072
374 0.677696
375 0.508856
376 0.536256
377 0.179016
378 0.16416
379 0.142272
380 0.160848
381 0.251712
382 0.271048
383 0.508984
384 0.448704
386 0.269488
387 0.32832
388 0.16296
389 0.306432
390 0.222696
391 0.251712
392 0.226808
393 0.426816
394 0.297456
395 0.306432
396 0.17212
397 0.2736
398 0.259664
399 0.371248
400 0.350208
401 0.203768
402 0.295488
403 0.120448
404 0.175104
406 0.087552
407 0.141192
408 0.306432
409 0.240768
410 0.170616
411 0.098496
412 0.322448
413 0.538936
414 0.500776
416 0.229824
417 0.73168
418 0.31948
421 0.153216
422 0.37748
424 0.240512
425 0.226784
426 0.196992
427 0.654376
428 0.58252
429 0.448704
430 0.294448
431 0.441112
432 0.175104
435 0.240512
436 0.128016
437 0.32832
438 0.205928
439 0.262656
440 0.262656
441 0.188136
442 0.38304
443 0.266296
444 0.350208
445 0.322888
446 0.393984
447 0.28156
448 0.220328
449 0.207936
450 0.207936
451 0.170584
452 0.229824
453 0.227672
455 0.120384
456 0.196992
457 0.200104
458 0.207936
459 0.098496
460 0.10944
461 0.085552
466 0.174848
467 0.344432
468 0.142272
469 0.076608
471 0.043776
472 0.021888
473 0.043776
474 0.019912
475 0.370016
477 0.075296
479 0.076608
480 0.390704
481 0.532784
482 0.503424
484 0.185248
485 0.2736
486 0.197224
487 0.240768
488 0.032832
489 0.076608
490 0.3202
491 0.10944
492 0.186048
494 0.2258
495 0.372096
496 0.153216
497 0.082112
498 0.043776
499 0.076608
500 0.10944
501 0.10944
502 0.098496
503 0.087552
504 0.070584
506 0.05472
507 0.043776
508 0.05472
509 0.05472
510 0.065664
511 0.098496
512 0.10944
513 0.131328
514 0.06116
516 0.131328
517 0.142272
518 0.120384
519 0.10944
520 0.119264
521 0.251712
522 0.207936
523 0.127656
524 0.372096
525 0.177368
526 0.568952
528 0.591736
529 1.019616
530 1.105888
531 0.80928
532 0.94608
533 1.209456
534 0.913496
535 0.887584
536 0.929304
537 1.086952
538 1.16548
539 1.251736
540 0.918616
541 0.917408
542 0.962936
543 0.915968
544 0.7824
545 1.020512
546 1.071448
547 1.09436
548 1.15192
549 1.231696
550 1.00108
552 1.00912
553 1.371392
554 1.540336
555 1.298592
556 1.18184
557 1.057496
564 0.131072
565 0.2366
566 0.295488
567 0.374992
568 0.448704
569 0.7042
570 1.178288
571 1.298952
572 1.345408
573 1.3558
575 1.2212
576 1.193304
577 0.900696
578 1.17888
579 1.280544
580 1.275672
581 1.209016
582 1.125272
583 1.180112
584 1.013456
585 0.990552
586 0.635512
587 0.514368
588 0.711424
589 0.80624
591 0.742112
592 0.786232
593 1.029952
594 1.153576
595 1.080152
596 1.079296
597 0.864672
598 1.136512
599 1.17692
600 1.290352
601 1.296776
602 0.905672
603 1.21688
604 1.230088
605 1.044336
606 1.29104
607 1.23204
608 1.374784
609 1.417408
610 1.213248
611 1.375112
612 1.115288
613 1.210456
614 1.138008
615 1.235072
616 1.599232
617 1.219128
618 0.975304
620 0.808504
621 0.806272
622 0.483768
623 0.948192
624 1.08968
625 1.04188
626 1.064136
627 0.833568
628 0.949536
629 0.982888
630 0.966968
632 1.045416
633 1.024664
634 1.025312
635 1.035816
636 1.080128
637 1.175776
638 1.215336
639 1.063208
640 0.93916
642 0.513032
643 1.096768
644 1.12148
645 1.17112
646 1.08408
647 1.118256
648 0.917664
649 0.597568
650 0.781992
651 0.516576
652 0.758184
653 0.819864
655 1.040064
656 0.976896
657 0.919832
658 0.796936
659 0.681056
660 0.319912
662 0.10944
663 0.778864
664 0.397216
665 0.65664
666 0.682952
667 1.079888
668 0.897328
669 0.939384
670 1.0202
671 1.093448
672 0.98424
673 0.593616
674 0.70368
675 0.698472
676 0.481536
677 0.330368
678 0.229824
679 0.207936
680 0.110184
681 0.43776
682 0.438384
684 0.588672
685 0.7492
686 0.567456
687 1.002736
688 1.019992
689 1.230352
690 1.388424
691 1.44236
692 1.309848
693 1.683048
695 0.986408
696 1.032696
697 0.658712
698 0.49248
699 0.188376
700 0.21888
701 0.290352
702 0.5472
703 0.340824
704 0.491344
705 0.351304
707 0.361152
708 0.416264
709 0.460656
710 0.279064
711 0.447624
712 0.917296
713 0.792464
714 0.746456
715 0.591792
716 0.67908
717 0.5746
718 0.86276
719 1.266528
720 1.172848
721 0.760384
722 0.896328
723 1.181272
724 1.116832
725 0.857744
726 0.530536
728 0.306104
729 0.795576
730 0.632656
731 0.843264
732 0.521152
733 0.415872
734 0.416672
735 0.52352
736 0.49248
737 0.210912
738 0.286184
739 0.406808
740 0.446504
741 0.817184
742 0.977288
743 0.777624
745 0.223904
746 0.317376
747 0.273152
748 0.550752
749 0.515824
750 0.523408
751 0.489336
752 0.295488
753 0.191992
754 0.51076
755 0.792304
756 1.098016
757 1.19388
758 1.047992
759 1.128248
760 1.275072
761 1.695696
762 1.193856
763 1.206176
764 1.237552
765 0.849632
766 0.843264
767 0.89588
769 1.445112
770 1.143184
771 0.60672
772 0.71332
773 0.676888
774 0.708136
775 1.131672
776 1.302504
777 1.119816
778 0.877392
779 0.934608
780 1.051056
781 0.885744
782 0.958816
783 0.768456
785 0.697496
786 1.077912
787 1.118864
788 0.981904
789 1.140352
790 1.212696
791 1.300744
792 1.123712
793 1.024584
794 1.571984
795 0.655008
796 1.063872
797 1.21184
798 1.176224
799 1.331656
801 1.329872
802 1.36448
803 1.050288
804 1.147064
805 1.344336
806 1.078376
807 1.16852
808 1.191808
809 1.210992
810 1.01844
811 1.729792
812 1.559784
814 1.412848
815 1.577176
816 1.675104
817 1.734
818 1.04672
819 1.126504
820 1.424888
821 1.177016
822 1.33228
823 1.12912
824 0.985928
825 1.4038
826 1.047344
827 1.008376
828 1.217256
829 1.077376
830 0.73256
831 1.295
832 1.175976
833 1.491552
834 1.208048
836 1.139136
837 1.15292
838 0.697288
839 0.936192
840 1.152648
841 0.896848
842 1.147224
843 0.692696
844 0.645696
845 0.362904
846 0.260792
847 0.2736
848 0.115496
849 0.2736
850 0.212856
851 0.327344
852 0.481536
854 0.67272
855 0.661576
856 0.611112
857 0.525312
858 0.303072
859 0.363376
860 0.68024
861 1.04244
862 0.985632
863 0.790928
864 0.6452
865 0.722384
866 0.375912
867 0.404928
868 0.262256
869 0.240768
870 0.23416
871 0.262656
873 0.297336
874 0.393984
875 0.285152
876 0.317376
877 0.31368
878 0.31756
879 0.404928
880 0.383632
881 0.597144
882 0.383816
883 0.41064
884 0.465376
885 0.415872
886 0.115808
887 0.196992
888 0.175104
889 0.188624
890 0.153216
891 0.350208
892 0.319648
893 0.330848
894 0.43492
895 0.426816
896 0.411784
897 0.40008
899 0.339264
900 0.176048
901 0.175104
902 0.196992
903 0.266016
904 0.262656
905 0.207936
906 0.098344
907 0.186048
908 0.207936
909 0.158232
910 0.131328
911 0.175104
912 0.212128
914 0.009008
915 0.142272
916 0.2736
917 0.203192
918 0.10944
919 0.295488
920 0.131216
921 0.186048
922 0.087552
924 0.121648
925 0.153216
927 0.120384
928 0.237752
929 0.076608
930 0.186048
932 0.184192
933 0.10944
934 0.21888
935 0.181664
936 0.10944
937 0.207936
938 0.44612
939 0.5508
940 0.617624
941 0.544224
942 0.604368
943 1.06496
944 1.051352
945 0.534112
946 0.49248
947 0.378888
949 0.433624
950 0.426816
951 0.783784
952 1.149992
953 1.281888
954 1.356528
955 0.726304
956 0.89844
957 0.981456
958 1.157752
959 1.096648
960 1.085992
961 0.94284
963 0.938432
964 1.181304
965 1.012208
966 1.560664
967 1.21284
968 1.015424
969 0.469312
970 0.372096
971 0.275216
972 0.26508
973 0.295488
974 0.246784
975 0.43776
976 0.342272
977 0.455
978 0.525312
979 0.31708
980 0.338272
982 0.505064
983 0.5472
984 0.362144
985 0.358448
986 0.404928
987 0.41228
988 0.393104
989 0.483352
990 0.6506
991 0.808824
992 1.180024
993 0.586672
994 0.652848
995 0.432256
996 0.943632
997 1.029328
998 1.021288
999 0.74616
1000 0.403544
1001 0.175104
1003 0.376856
1004 1.068648
1005 1.415264
1006 1.281632
1007 1.174128
1008 1.325664
1009 1.92132
1010 1.303768
1011 1.148944
1012 1.259656
1013 1.570848
1014 1.143216
1015 1.210832
1016 1.049864
1017 0.598288
1018 0.356312
1019 0.346712
1020 0.350208
1021 0.402464
1022 1.027272
1023 1.605872
1024 1.25444
1026 1.50452
1027 1.446536
1028 1.625288
1029 1.891736
1030 1.862208
1031 1.78436
1032 1.4788
1033 1.415624
1034 1.468704
1035 1.07276
1036 1.111296
1037 1.661424
1038 1.442512
1040 1.557624
1041 0.93688
1042 1.230856
1043 1.398352
1044 1.668328
1045 1.061648
1046 1.55272
1047 1.785944
1048 1.56684
1049 1.493832
1050 1.64512
1051 1.273752
1053 1.374112
1054 1.204824
1055 0.196992
1056 0.32232
1057 0.184112
1058 0.394792
1059 0.350208
1060 0.246712
1061 0.484568
1063 0.611992
1064 0.734528
1065 0.689024
1066 0.66852
1067 0.64476
1068 0.608512
1069 0.840856
1070 0.902808
1071 0.594704
1072 0.362864
1073 0.284544
1074 0.131072
1075 0.6462
1076 0.722888
1077 0.831976
1078 0.777024
1079 0.790168
1080 0.937704
1081 1.047888
1082 1.00596
1083 1.45476
1084 1.488416
1085 1.009848
1086 1.1696
1088 1.165112
1089 1.12248
1090 1.048056
1091 1.423936
1092 0.9634
1093 0.600216
1094 0.480872
1095 0.808864
1096 0.588112
1097 0.832112
1098 0.7394
1099 0.7696
1100 0.38304
1101 0.51492
1102 0.353448
1103 0.736872
1104 0.661248
1105 0.806312
1106 0.77224
1107 0.889304
1108 0.502328
1109 0.918592
1111 0.948792
1112 1.057336
1113 0.858464
1114 0.87888
1115 0.70624
1116 0.956744
1117 0.970704
1118 0.724784
1119 0.6122
1120 0.53928
1121 0.683744
1122 0.933496
1123 1.027352
1124 0.9814
1126 1.199272
1127 1.126608
1128 0.7726
1129 1.218784
1130 0.964352
1131 1.151712
1132 1.069288
1133 1.003888
1134 0.7846
1135 0.933984
1136 1.26852
1137 1.179976
1138 1.14624
1139 1.185368
1140 0.828784
1142 0.45212
1143 0.284544
1144 0.765944
1145 0.887192
1146 0.943008
1147 0.91152
1148 1.023632
1149 0.642808
1150 0.62608
1151 0.372096
1152 0.54868
1153 0.678904
1154 0.496648
1155 0.519776
1156 0.595808
1157 0.572312
1158 0.52344
1159 0.38304
1160 0.3868
1161 0.473576
1162 0.515032
1163 0.544456
1164 0.535128
1165 0.710568
1166 0.796216
1167 0.65804
1168 0.828008
1170 0.763024
1171 0.973512
1172 0.894376
1173 0.767688
1174 0.865216
1175 0.890088
1176 1.083408
1177 1.032056
1178 0.956952
1179 0.535144
1180 0.945088
1181 0.985352
1182 0.923568
1183 0.788312
1184 1.07088
1185 0.851408
1187 0.944464
1188 1.493752
1189 0.849072
1190 0.954976
1191 1.077144
1192 1.2696
1193 1.20976
1194 1.209592
1195 1.212504
1196 1.186856
1197 1.255928
1198 1.02612
1199 1.381728
1200 0.940296
1201 0.92492
1202 0.838168
1203 0.807976
1204 0.82216
1206 1.010632
1207 1.101832
1208 0.661848
1209 0.692624
1210 1.313728
1211 1.068696
1212 1.269992
1213 1.38848
1214 1.182152
1215 1.238048
1216 1.108648
1217 1.190168
1218 0.996968
1219 0.472456
1221 0.21888
1222 0.356712
1223 0.69356
1224 1.024928
1225 1.267784
1226 1.135544
1228 0.965368
1229 0.723728
1230 0.407608
1231 1.240048
1232 0.741584
1233 1.345488
1234 1.424768
1235 1.255488
1236 0.966776
1237 1.050712
1238 1.272824
1239 1.23892
1240 1.25748
1241 1.313984
1242 1.2318
1243 1.407344
1245 1.139928
1246 0.485904
1247 0.731
1248 0.715208
1249 0.302944
1250 0.796928
1251 0.659584
1252 0.974944
1253 1.092952
1254 0.56528
1255 0.845808
1256 0.609168
1257 0.684304
1258 0.682488
1259 0.907464
1260 0.754576
1261 0.60732
1262 0.538816
1263 0.582808
1265 0.52404
1266 0.393984
1267 0.35356
1268 0.747448
1269 0.816616
1270 0.816224
1271 0.778376
1272 0.716488
1273 0.612512
1274 0.583992
1275 0.696976
1276 0.766088
1277 1.014488
1278 1.118664
1279 0.790472
1280 1.01912
1281 0.799168
1282 0.416552
1283 0.492472
1284 0.967584
1286 1.108208
1287 0.65028
1288 0.68616
1289 0.62888
1290 0.659416
1291 0.73932
1292 0.566744
1293 1.170888
1294 1.236224
1295 0.724568
1296 1.1282
1297 0.9368
1298 0.93544
1299 0.960688
1300 0.90692
1301 1.03744
1303 0.650704
1304 0.59772
1305 0.679736
1306 0.657872
1307 0.623224
1308 0.70428
1309 0.625672
1310 0.942232
1311 0.563896
1312 0.739424
1313 0.960392
1314 0.603064
1315 1.090808
1316 1.018
1317 0.834368
1318 0.8528
1319 0.901128
1320 0.745632
1321 0.536776
1322 0.884136
1323 1.095776
1324 1.036312
1325 1.222112
1326 1.120352
1327 0.940856
1328 0.581744
1329 0.773096
1330 0.915016
1331 1.043496
1333 1.009528
1334 0.795888
1335 0.62744
1336 0.653656
1337 0.65664
1338 0.38604
1339 0.207936
1340 0.590512
1341 1.017904
1342 0.829128
1343 1.038048
1344 0.979368
1345 0.957616
1347 0.964352
1348 0.894752
1349 0.495416
1350 0.42544
1351 0.45724
1352 0.47456
1353 0.610992
1354 0.42624
1355 0.582624
1356 0.893744
1357 0.685272
1358 0.686632
1359 0.570176
1360 0.56632
1361 0.452072
1362 0.717736
1363 0.941368
1364 0.539808
1365 1.113264
1366 0.982104
1367 1.088368
1368 0.877208
1369 0.910864
1370 1.11372
1371 1.17756
1372 1.056648
1373 1.047496
1374 0.839232
1375 0.909528
1376 0.937984
1378 0.911672
1379 0.995664
1380 1.26512
1381 0.647976
1382 0.393984
1383 0.45652
1384 0.71684
1385 0.541656
1386 0.339264
1387 0.494944
1388 0.58352
1389 0.549688
1390 0.745928
1391 0.783608
1392 0.708576
1393 0.772136
1394 1.1076
1395 0.933144
1396 0.280144
1397 0.782984
1398 0.85096
1399 0.90816
1400 0.674256
1401 0.597312
1402 0.534048
1403 0.735
1404 1.040528
1406 1.177184
1407 1.23536
1408 1.378024
1409 0.863952
1410 1.035528
1411 1.162264
1412 1.004008
1413 0.92616
1414 0.772232
1415 1.105928
1416 0.627792
1417 1.031256
1418 1.116112
1419 1.327344
1420 1.492168
1421 1.087808
1422 1.161256
1423 0.839696
1424 1.168664
1425 1.640824
1426 1.695192
1427 0.994
1427 0.2736
