0 0.009008
1 1.240248
2 2.136392
3 1.298704
4 1.24036
5 1.179904
7 1.097992
8 1.270176
9 1.186912
10 1.225616
11 1.072152
12 1.40704
13 1.191824
14 1.157752
15 1.30328
16 1.244608
17 1.085408
18 1.252512
19 1.1988
20 1.374488
21 1.318896
22 1.330688
23 1.206992
24 1.312456
26 1.13016
27 1.24612
28 0.759656
29 1.329568
30 1.019192
31 1.09972
32 1.098264
33 1.082784
34 0.947264
35 0.943056
36 1.242128
37 0.793624
38 0.743696
39 0.42664
40 0.80752
41 1.230392
42 1.32412
43 0.882576
44 1.206696
46 1.220864
47 1.10636
48 0.809136
49 0.848856
50 0.84808
51 1.112704
52 1.05952
53 0.610928
54 0.65252
55 1.143688
56 0.4648
57 0.673288
58 0.470584
59 0.55264
60 0.525944
61 0.45484
62 0.481536
63 0.554984
64 0.820264
66 1.20492
67 0.966352
68 0.7586
69 1.07324
70 1.280592
71 1.613576
72 1.263928
73 1.005856
74 1.042056
75 1.03204
76 1.204664
77 1.020392
78 0.990384
79 0.853032
80 1.083192
81 1.1274
82 1.014136
84 1.375848
85 0.78052
86 1.24512
87 0.938616
88 1.120704
89 1.48508
90 1.300096
91 1.193264
92 1.219184
93 1.218096
94 1.047888
95 1.187016
96 1.058616
97 1.07224
98 1.029072
99 1.318336
100 0.9772
101 0.833688
102 1.396088
103 1.185128
104 1.210248
105 1.132336
106 1.255128
107 1.00768
108 1.353816
110 0.968784
111 1.183728
112 0.986784
113 1.192816
114 1.259456
115 1.05416
116 0.792288
117 0.826512
118 1.188024
119 0.710648
120 1.086024
121 1.19092
122 1.101648
123 0.798392
124 1.08932
125 0.921832
126 0.906208
128 0.569416
129 1.084008
130 0.727384
131 0.901816
132 0.858704
133 0.818728
134 1.052152
135 1.14644
137 1.21212
138 1.016008
139 0.969648
140 1.123104
141 0.963552
142 0.929392
143 0.949408
144 0.980584
145 0.894496
146 0.885968
147 0.876336
148 1.125768
149 1.004952
150 0.88728
151 1.027896
152 1.209112
153 1.042288
154 1.066992
155 0.94864
157 0.872312
158 0.887464
159 0.843024
160 0.92892
161 0.496224
162 0.542792
163 0.445544
164 0.453552
165 0.361152
166 0.14584
168 0.262656
170 0.099056
171 0.737344
172 0.788576
173 1.113296
174 1.20596
175 0.813856
176 0.932304
177 1.084656
178 1.017848
179 1.175728
180 0.870256
182 1.045624
183 0.781856
184 0.944616
185 0.588008
186 0.999824
187 1.311016
188 1.32552
189 1.126888
190 1.746288
192 1.178056
193 1.056472
194 0.94056
195 1.019864
196 0.970992
197 0.956632
198 0.902544
200 1.181728
201 0.859392
202 0.869992
203 0.602768
204 0.634976
205 0.565352
206 0.485696
207 0.552256
208 0.511328
209 0.409848
210 0.587728
211 1.02656
212 0.639568
213 0.450184
214 0.328456
215 0.2106
216 0.415872
217 0.4266
218 0.490952
220 0.46076
221 0.67424
222 0.620592
223 0.589224
224 0.396728
225 0.412312
226 0.372096
227 0.13596
228 0.580032
229 0.708232
230 0.775792
231 1.128184
232 0.8034
233 0.83004
234 1.01856
235 1.109568
236 0.786768
237 1.095304
238 0.772936
239 1.07788
240 0.743976
241 1.035912
242 1.093384
243 0.810664
244 0.887304
245 0.950584
246 0.734384
247 0.38304
248 0.272984
249 0.404928
250 0.354392
251 0.374704
253 0.142272
254 0.21888
255 0.105936
256 0.49248
257 0.543392
258 0.331968
259 0.222592
260 0.372096
261 0.413296
262 0.621848
263 0.357672
264 0.4122
265 0.53432
266 0.56188
268 0.175104
269 0.196992
270 0.10944
271 0.118144
272 0.065664
273 0.513456
274 0.387944
275 0.591816
276 0.638496
278 0.305384
279 0.470592
280 0.455312
281 0.262568
282 0.2736
283 0.130336
284 0.2736
285 0.418136
286 0.38136
287 0.542032
288 0.55096
289 0.35408
290 0.595448
291 0.518608
292 0.590976
293 0.445616
294 0.666232
295 0.598856
296 0.731672
297 0.574984
298 0.540808
299 0.32832
300 0.16416
301 0.29208
302 0.558656
303 0.43776
304 0.426816
306 0.166008
307 0.265424
308 0.52832
309 0.72684
310 0.809856
311 0.4824
312 0.481536
313 0.74192
314 0.973872
315 0.915792
316 0.942584
317 1.004192
318 0.75212
319 0.791528
320 0.864944
321 0.65816
323 0.82728
324 0.919432
325 0.74296
326 1.075
327 0.65676
328 1.11408
329 0.41732
330 0.609056
331 0.43776
332 0.131072
333 0.501168
334 0.530768
335 0.532632
336 0.417432
338 0.562288
339 0.687448
340 0.87472
341 0.936776
342 0.94316
343 1.022872
344 0.975464
345 1.118904
346 1.014776
347 0.666568
348 0.63176
349 0.447856
350 0.751032
351 0.743112
352 0.630264
354 0.475664
355 0.306432
356 0.134008
357 0.306432
358 0.23812
359 0.240768
360 0.118816
361 0.638792
362 0.402992
363 0.388424
364 0.3688
365 0.251712
366 0.240768
367 0.260392
368 0.372096
369 0.36364
370 0.459648
371 0.21784
372 0.339264
373 0.156568
374 0.317376
375 0.508792
376 1.041768
377 1.016
379 1.060032
380 1.043952
381 1.00796
382 0.88732
383 0.436448
384 0.522032
385 0.478064
386 0.76528
387 0.602152
388 0.70324
389 0.844168
391 0.672504
392 1.002344
393 0.447584
394 0.445032
395 0.339264
396 0.2102
397 0.404928
398 0.339128
399 0.262656
400 0.175864
401 0.196992
402 0.16416
403 0.136704
404 0.196992
405 0.280992
406 0.543456
407 0.549552
408 0.614224
409 0.569088
410 0.445744
411 0.51128
412 0.552816
413 0.632736
414 0.587192
415 0.510608
416 0.604792
417 0.832816
419 0.77836
420 0.71352
421 0.585448
422 0.901528
423 0.749928
424 0.617392
425 0.50836
426 0.588504
427 0.717816
428 0.576704
429 0.681144
430 0.57576
431 0.546008
432 0.562592
433 0.344696
434 0.295488
435 0.201672
437 0.520592
438 1.200808
439 1.184736
440 1.032672
441 1.034744
442 1.258888
443 1.13944
445 1.132016
446 1.231352
447 1.11852
448 1.01372
449 0.9506
450 1.284232
451 1.178288
452 1.145736
454 1.21408
455 1.158808
456 1.160352
457 1.05108
458 1.095248
459 0.991024
460 1.07388
461 1.049816
462 1.110432
463 1.077688
465 1.004888
466 0.993736
467 0.438088
468 0.772688
469 1.253208
470 1.292152
471 1.375392
472 1.313328
473 1.203128
474 1.075032
475 1.134872
476 1.246304
477 1.317144
478 1.303256
479 0.944216
480 1.23724
481 1.350216
482 1.358008
483 1.200016
484 1.427376
485 1.312928
487 1.347336
488 1.349736
489 1.24424
490 1.175784
491 1.265672
492 1.323224
493 0.805528
494 0.94668
495 0.986408
496 0.866808
497 1.114912
498 0.4296
499 0.643832
500 0.981512
501 1.419424
502 1.379536
503 1.276232
505 1.25632
506 1.454688
507 1.468632
508 1.246072
509 1.339064
510 1.190288
511 1.33436
512 1.13296
513 1.192576
514 1.372768
515 1.139376
516 1.405776
518 0.924264
519 0.822552
520 1.389296
521 1.252792
522 1.456176
523 1.291728
524 1.363648
525 0.89364
526 1.167032
527 1.292744
528 1.135232
529 1.171544
530 1.270056
531 1.142552
532 1.121648
533 1.224456
535 1.170928
536 1.169208
537 1.0202
538 1.082504
539 1.085376
540 1.223032
541 1.242736
542 1.6758
543 1.315984
544 1.252816
545 1.337368
547 1.241296
548 1.174
549 0.906224
550 0.816224
551 0.928208
552 0.578632
553 0.281336
554 0.782984
555 0.88456
556 0.898984
557 0.909008
558 0.847088
559 1.235024
560 0.795848
561 0.778512
562 0.734256
563 0.847072
564 1.272
565 1.173272
567 1.161432
568 1.296904
569 0.95828
570 1.337008
571 1.101408
572 0.971176
573 1.290712
574 1.077168
575 0.880744
577 0.689144
578 0.850296
579 0.993808
580 0.9376
581 0.788768
582 1.048832
583 0.880136
584 0.831424
585 0.892216
586 0.861472
587 0.757768
588 1.206944
589 0.66948
590 1.083912
591 1.357784
592 1.327632
594 1.283664
595 1.11904
596 1.44916
597 1.307904
598 1.082832
599 0.506776
600 0.511976
601 0.372584
602 0.339264
603 0.28112
604 0.914728
605 0.951224
606 0.500104
607 0.43312
608 0.705632
609 1.300808
610 0.832248
611 0.760144
612 0.87356
613 0.676304
614 0.415872
615 0.337624
616 0.380032
617 0.787752
619 0.759576
620 1.20496
621 0.790544
622 0.691216
623 0.612992
624 0.836112
625 0.395408
626 0.393984
627 0.283552
628 0.337952
629 0.428456
630 0.29444
631 0.393984
632 0.575776
633 0.440136
634 0.80596
635 0.980392
636 0.768536
637 0.295608
638 0.317376
640 0.290784
641 0.302344
642 0.50916
643 0.462416
644 0.404336
645 0.317376
646 0.186456
647 0.53376
648 0.512408
649 0.38304
650 0.230192
651 0.207936
652 0.279192
653 0.262656
654 0.251712
655 0.527144
656 0.079488
658 0.496528
659 1.152936
660 0.977056
661 0.644064
662 1.009152
663 1.21184
664 0.982536
665 0.887568
666 1.255288
667 0.8218
668 0.804104
669 0.801144
670 0.70008
671 0.350208
672 0.227784
673 1.160584
675 1.356488
676 1.325856
677 1.71712
678 1.112488
679 1.510928
680 1.592576
681 1.901152
682 1.943184
683 1.904928
684 1.9462
685 1.695136
686 1.515672
687 1.716952
688 1.833912
690 2.181792
691 2.176104
692 1.775792
693 1.601608
694 1.45824
695 1.552944
696 1.617008
697 1.714352
698 1.839264
699 1.948192
700 1.026552
701 1.473608
702 1.539072
703 0.972184
705 1.492544
706 1.011784
707 1.384776
708 1.191416
709 1.420624
710 1.458016
711 1.503224
712 1.428504
714 1.64964
715 1.594416
716 1.477936
717 1.17128
718 1.604368
719 1.561088
720 1.409056
721 1.628056
722 1.408168
723 1.27348
725 1.340552
726 1.496864
727 1.606856
728 1.471144
729 1.567616
730 1.697192
731 1.168144
732 1.53708
733 1.08728
734 1.293968
735 1.163464
736 1.250704
737 1.3572
739 1.072184
740 1.399936
741 1.171136
742 1.540656
743 1.340952
744 1.438448
745 1.609272
746 1.745104
747 0.713
748 1.12552
749 1.265032
751 1.287168
752 1.535264
753 1.397616
754 1.40872
755 1.073104
756 1.603288
757 1.677808
758 1.280072
759 1.423904
760 1.165856
761 1.094168
762 1.532424
764 1.67392
765 1.402064
766 1.578848
767 1.421208
768 1.252656
769 1.188944
770 1.378184
771 1.235648
772 1.779944
773 1.13528
774 1.318472
775 1.213872
776 0.981752
777 1.151048
779 1.311624
780 1.282432
781 1.535832
782 0.886536
783 1.139208
784 1.02792
785 0.97204
786 0.967496
787 0.435832
788 0.538952
789 0.470584
790 0.32832
791 0.170496
792 0.21888
793 0.131384
794 0.186048
795 0.142272
796 0.180152
798 0.345152
799 0.416448
800 0.559328
801 0.507616
802 0.51388
803 0.568104
804 0.49248
805 0.30584
806 0.397664
807 0.441752
808 0.603096
809 0.495256
810 0.453312
811 0.532448
812 0.445312
814 0.283632
815 0.393984
816 0.262208
817 0.301064
818 0.339264
819 0.245376
820 0.240768
821 0.240768
822 0.17896
823 0.262656
826 0.21888
827 0.115104
828 0.043776
831 0.196992
833 0.655816
834 0.656976
835 0.426816
836 0.291552
837 0.364832
838 0.608648
839 0.306432
840 0.323408
841 0.292344
843 0.175104
844 0.043776
845 0.377096
846 0.196992
847 0.153216
849 0.175104
850 0.207496
851 0.240768
852 0.194504
856 0.131328
857 0.240768
859 0.155072
860 0.295488
861 0.225312
862 0.295488
863 0.245272
864 0.361152
865 0.37112
866 0.236072
867 0.284544
906 0.087552
913 0.122496
915 0.009008
916 1.185472
917 1.908064
918 1.846888
919 1.951088
920 2.012136
921 1.762472
922 1.645424
923 1.827544
924 2.671168
925 1.939728
926 2.02916
927 1.314832
929 1.96672
930 1.948088
931 1.812344
932 1.614824
933 1.946816
934 1.859104
935 1.536032
936 1.301392
937 1.140768
938 1.094952
939 0.970992
940 1.188784
941 0.94052
942 1.284376
943 1.025848
944 1.178616
945 1.046392
946 1.23392
947 1.154944
948 0.923912
949 0.919936
950 1.070376
951 1.124528
953 1.130488
954 1.136792
955 1.265944
956 1.045904
957 1.01732
958 1.068088
959 1.120288
960 0.975296
961 1.110256
962 1.339328
963 1.00176
964 1.415224
965 1.465808
966 1.30036
967 1.179072
968 1.291848
969 1.393168
970 1.379672
971 1.274496
972 1.406672
973 1.279832
974 1.293248
975 1.710728
976 1.854648
977 1.844792
979 2.080448
980 1.839856
981 1.839288
982 1.971776
983 1.719528
984 1.761832
985 1.917992
986 1.919864
987 1.878856
988 2.575184
989 2.444104
990 2.259192
991 2.275688
992 1.6092
993 1.054208
994 1.61708
996 1.401
997 1.703632
998 1.601672
999 1.6958
1000 2.0468
1001 1.986488
1002 2.122504
1003 1.815784
1004 2.31372
1005 2.326152
1006 2.4022
1008 1.615552
1009 2.260168
1010 1.974528
1011 2.019752
1012 2.098016
1013 2.30816
1014 1.466656
1015 1.768936
1016 1.917448
1017 1.909024
1018 1.924784
1019 2.026216
1020 1.722208
1021 2.044
1022 1.542584
1023 1.848848
1024 1.572264
1025 2.142192
1026 1.387056
1027 1.449464
1028 1.325824
1029 1.492224
1031 1.221264
1032 1.433832
1033 1.69152
1034 2.182128
1035 1.437104
1036 1.587808
1037 1.692752
1038 1.423992
1039 1.241744
1040 1.626216
1041 1.564872
1042 1.566808
1043 1.824232
1044 1.7648
1045 1.843736
1046 1.458488
1047 1.720648
1049 1.39896
1050 1.288512
1051 1.227424
1052 1.06912
1053 1.180168
1054 1.57548
1055 0.70304
1056 0.676336
1057 0.340624
1058 1.185672
1059 1.118248
1060 1.301752
1061 1.46276
1062 1.254944
1063 1.08752
1064 0.849384
1065 0.946816
1066 0.353104
1067 0.886
1068 0.59128
1069 0.321192
1070 0.404928
1071 0.251712
1073 0.084968
1074 0.15128
1075 0.674784
1076 0.60192
1077 0.478512
1078 0.854128
1079 0.79112
1080 0.885216
1081 0.898304
1082 1.113672
1083 1.027104
1084 1.12164
1085 1.078
1086 1.051904
1087 0.759784
1088 0.71656
1089 0.708952
1091 0.702512
1092 1.10736
1093 1.134512
1094 1.174912
1095 1.09272
1096 1.017392
1097 0.842072
1098 0.890016
1099 0.861552
1100 0.883608
1101 0.95704
1102 1.052312
1103 1.031248
1104 0.77548
1105 0.905904
1106 0.824776
1107 0.962152
1108 0.896208
1109 0.689128
1110 0.682584
1111 0.550224
1112 0.591648
1113 0.79048
1114 1.064784
1115 1.31332
1116 1.20612
1117 0.930688
1118 1.189256
1119 1.111296
1122 0.615352
1123 0.822536
1124 0.794552
1125 0.807072
1126 0.586088
1127 0.987216
1128 1.071016
1129 1.31924
1130 0.785296
1131 0.765888
1132 0.827472
1133 0.562272
1134 0.744552
1135 0.450096
1136 0.548048
1137 0.62152
1138 0.92776
1139 1.246304
1140 1.323304
1142 0.874896
1143 1.079304
1144 1.446808
1145 1.262584
1146 1.549256
1147 1.093528
1148 1.2118
1149 1.334992
1150 1.185072
1151 1.371784
1152 1.044032
1153 1.50052
1154 1.1558
1155 1.555656
1156 1.320768
1157 1.058896
1158 1.09404
1159 1.15192
1160 0.7838
1161 0.824568
1162 1.226408
1163 1.193856
1165 1.26368
1166 1.324992
1167 1.33584
1168 1.157368
1169 1.019336
1170 1.138616
1171 0.9
1172 0.941032
1173 1.14612
1174 1.326784
1175 1.11552
1176 0.869304
1177 0.730432
1178 0.995512
1179 0.737096
1180 0.509424
1181 0.316032
1182 0.32832
1183 0.190584
1185 0.05472
1186 0.767376
1187 1.267752
1188 0.975512
1189 0.878944
1190 0.93524
1191 1.12892
1192 1.043136
1193 0.959496
1194 0.972496
1195 0.62084
1196 0.483472
1197 1.065056
1198 1.20836
1199 0.899
1200 0.774856
1201 0.796664
1203 1.100496
1204 1.39732
1205 0.908464
1206 1.034896
1207 0.642272
1208 0.433808
1209 0.298872
1210 0.142272
1212 0.131072
1213 0.737856
1214 0.621176
1215 0.672472
1216 0.719184
1217 0.912832
1218 1.1058
1219 1.222688
1220 1.057336
1221 0.916008
1222 0.915832
1223 0.892488
1224 0.85728
1225 0.893832
1226 0.676504
1227 0.783152
1228 0.59604
1229 0.296184
1230 0.21888
1231 0.270088
1232 0.856328
1233 0.933
1234 0.613848
1237 0.65968
1238 0.704656
1239 1.13464
1240 0.882288
1241 0.833528
1242 1.058928
1243 1.051136
1244 1.173144
1245 1.127576
1246 1.171128
1247 1.1002
1248 1.217008
1249 1.208928
1250 1.565232
1251 1.17096
1252 1.11668
1253 1.024968
1254 0.926688
1255 0.937288
1256 0.780968
1257 0.694184
1258 0.712952
1259 0.623624
1260 0.758624
1261 0.79688
1262 1.102736
1263 1.283288
1264 1.565944
1265 1.651752
1266 1.200568
1268 1.606288
1269 0.994632
1270 1.56056
1271 1.51624
1272 1.186432
1273 1.326304
1274 1.139968
1275 1.409744
1276 0.99464
1277 1.296264
1278 1.183392
1279 1.533072
1280 1.424992
1281 1.221216
1283 1.192656
1284 1.208568
1285 1.105728
1286 1.342112
1287 1.273904
1288 1.126576
1289 1.063712
1290 1.026688
1291 1.13392
1292 1.090568
1293 0.964392
1294 1.029352
1295 1.173072
1296 1.247936
1297 1.095792
1298 1.201872
1299 0.924104
1300 0.949248
1301 0.975216
1302 0.960352
1303 1.069784
1304 0.983296
1305 0.65256
1306 0.846184
1307 0.679736
1309 0.935424
1310 1.101592
1311 1.142232
1312 0.852112
1313 0.8788
1314 1.271736
1315 0.789736
1316 1.241056
1317 0.993208
1318 1.080992
1319 1.095424
1320 1.077136
1321 0.614768
1322 1.038352
1323 1.118736
1324 1.16404
1325 1.042064
1326 1.077744
1327 1.054136
1328 1.16324
1329 0.862704
1330 0.739328
1331 1.09316
1332 1.172536
1333 1.063464
1334 1.1628
1335 1.15712
1336 1.348144
1337 1.21788
1338 1.210016
1339 1.376408
1340 1.048688
1341 1.341488
1342 1.333808
1343 1.23452
1344 1.305784
1345 1.277448
1346 1.180456
1347 1.250872
1348 1.036072
1349 1.398784
1350 1.082976
1351 1.227008
1352 1.185376
1353 1.316416
1355 1.604536
1356 1.659976
1357 1.638352
1358 1.325664
1359 1.428984
1360 1.474496
1361 1.202872
1362 1.216776
1363 1.22328
1364 1.054512
1365 1.120048
1366 1.079584
1367 0.966744
1368 1.057896
1369 0.804296
1370 1.1194
1371 1.130944
1372 1.150608
1373 1.060704
1374 0.812328
1375 0.943208
1376 1.024128
1378 1.078528
1379 0.930312
1380 1.195304
1381 0.83232
1382 1.145632
1383 1.261384
1384 1.260664
1385 1.076712
1386 1.219192
1387 1.206432
1388 0.955672
1389 0.92324
1390 1.220792
1391 1.232712
1392 0.858632
1393 0.992784
1394 1.177256
1395 1.217472
1396 1.0458
1397 1.262408
1398 1.199768
1399 1.122112
1400 1.264056
1401 1.244216
1402 1.379656
1403 1.0764
1404 1.365272
1405 1.096472
1407 1.106464
1407 0.62692
