0 1.657624
1 2.582784
2 1.334704
3 1.582384
4 1.340696
5 1.565776
6 2.015752
7 2.17184
8 1.849648
9 1.919568
10 2.035152
11 2.20192
12 2.114424
13 1.916208
14 2.73984
15 2.694328
16 2.339136
17 2.560184
18 1.709296
19 2.035472
20 3.177216
21 3.367248
22 2.936128
23 3.611872
24 2.822872
25 3.242352
26 3.027104
27 2.62516
28 2.7568
29 2.828048
30 2.33228
31 2.119344
32 2.104584
33 2.801664
34 2.246904
35 2.088824
36 2.73408
37 2.510488
38 3.023272
39 2.802424
40 2.768832
41 2.241232
42 2.113104
43 2.853176
44 2.776304
45 3.070592
46 2.780224
47 1.86048
48 2.567656
49 2.447904
50 2.425616
51 2.846784
52 3.145336
53 2.93296
55 2.59304
56 2.823552
57 2.31164
58 2.905688
59 2.315808
60 2.553776
61 2.54208
62 2.659392
63 1.711032
64 2.04336
65 2.745344
66 2.911104
67 2.8526
68 2.819312
69 3.450904
70 3.935176
71 3.426
72 2.527096
73 1.86736
74 2.11712
75 2.313616
76 2.396736
77 2.56548
78 2.58424
79 2.507384
80 2.999456
81 2.472344
82 2.233384
83 2.462848
84 2.552304
85 2.629728
86 2.976768
87 2.687384
88 2.413808
89 2.60704
90 2.271648
91 1.979152
92 2.62656
93 2.00172
94 2.473344
95 2.228464
96 3.140928
97 1.044512
98 2.0274
99 2.495232
100 1.943512
101 2.13784
102 2.560896
103 1.980552
105 2.539008
106 2.023896
107 2.268056
108 2.670336
109 2.803136
110 2.597816
111 2.814384
112 1.882368
113 1.685808
114 0.131072
115 4.013744
116 2.020088
117 2.17164
118 2.623608
119 2.582784
120 2.319176
121 3.097152
122 2.709704
123 2.746944
124 2.201744
125 2.251456
127 2.560896
128 1.763384
129 1.778896
130 2.101248
131 1.759832
132 1.879632
133 2.889216
134 2.430704
135 2.998296
136 2.582376
137 2.652144
138 3.253352
139 2.669984
140 2.935272
141 3.421128
142 3.206592
143 2.110648
144 2.234136
145 2.659392
146 1.46176
147 1.521216
148 1.139032
149 1.685376
150 2.007672
151 2.698072
152 2.659392
153 2.266048
154 2.24956
155 3.22848
156 1.716592
157 2.002752
158 1.473024
159 1.80576
160 1.4624
161 1.816448
162 1.797136
163 1.838768
164 1.591424
165 1.668656
166 2.02464
167 1.802832
168 1.893312
171 0.467936
172 5.87452
173 2.145024
174 1.565384
175 1.729152
176 1.708368
177 2.582784
178 2.333384
179 2.07936
180 1.904256
181 1.425808
182 1.871424
183 1.433664
184 1.9542
185 2.69848
186 2.276352
187 1.84788
188 2.029808
189 2.49588
191 3.055296
192 2.976872
193 2.981752
194 2.669088
195 2.63056
196 2.416984
197 2.52748
198 2.88908
199 2.575112
200 2.225824
201 2.457208
202 2.605208
203 2.204008
204 2.177856
205 1.111112
206 1.400832
207 1.357056
208 1.133536
209 2.40768
210 2.593728
211 2.114776
212 2.37712
213 2.046528
214 1.868976
215 2.199744
216 2.385968
217 2.607448
218 2.111352
219 2.041248
220 2.66804
221 2.703168
223 1.316848
224 5.539608
225 3.14676
226 3.290056
227 2.70544
228 2.87256
229 3.381704
230 3.670856
231 3.814504
232 2.648672
233 3.184704
235 2.7782
236 3.247712
237 3.208256
238 3.167168
239 3.117944
240 3.184288
241 1.243568
242 1.838592
243 2.176096
244 2.832464
245 1.597824
246 1.838592
247 2.085952
248 3.200808
249 2.974968
250 3.233544
251 2.801616
252 2.265408
253 1.62268
254 1.96992
255 1.405056
256 1.630656
257 1.444608
258 1.717248
259 1.685376
260 1.191736
261 2.385792
262 2.500368
263 2.998656
264 2.128856
265 1.898312
266 1.563896
267 1.563016
268 2.038128
269 1.606824
270 1.288648
271 1.487048
272 1.925096
273 1.53216
274 0.97724
276 0.33952
277 1.341192
278 1.664832
279 2.090304
280 2.237136
281 2.486112
282 2.73004
283 2.454072
284 1.675264
285 2.122592
286 2.243296
287 2.973768
288 2.995224
289 2.23856
290 2.911104
291 1.927176
293 2.139824
294 2.331072
295 1.809624
296 2.232576
297 1.478728
298 1.716832
299 1.707264
300 1.588968
301 1.482624
302 1.761728
303 1.259984
304 1.54192
305 2.145024
306 1.93112
307 1.733448
308 1.680552
309 2.002752
310 1.513896
311 1.433656
312 1.368
313 1.105448
314 1.247616
315 1.33504
316 1.291392
317 1.25856
318 1.168472
319 1.013352
320 1.351376
322 1.470632
323 1.740096
324 1.30512
325 1.24512
326 1.475328
327 1.674176
328 1.532888
329 1.644512
330 2.101248
331 1.573864
332 1.394688
333 1.009336
334 0.87552
335 0.995904
336 0.521656
337 0.8208
338 1.116288
339 1.110472
340 1.543104
341 1.201016
342 1.136552
343 1.400832
344 0.950576
345 0.919456
346 0.87552
347 0.767176
349 1.006176
350 1.03968
351 0.942904
352 0.91408
353 1.389888
354 0.75456
355 0.908072
356 0.974016
357 0.599536
358 0.8208
359 0.682752
360 0.77568
361 0.991304
362 1.072512
363 1.013368
364 1.149696
365 0.957552
366 1.095288
367 1.233304
368 1.6416
369 1.221936
370 2.02464
371 1.679096
372 1.451648
373 1.017792
374 0.675544
375 0.503424
376 0.317376
377 0.262656
378 0.262656
380 0.131072
381 0.342544
382 0.175104
383 0.207936
384 0.470592
385 0.175104
386 0.142272
518 0.043776
519 0.832576
520 1.477168
522 1.340032
523 1.684128
524 1.326744
525 1.78652
526 1.534528
527 1.90212
528 1.628336
529 1.6358
530 1.725032
531 2.074192
532 2.500024
533 2.396472
534 3.133784
535 2.426976
536 2.9462
537 2.799024
538 2.922576
539 2.590752
540 2.509952
541 2.84124
542 2.824048
543 3.055504
544 3.156544
545 3.197584
546 3.849872
547 3.316368
549 4.308688
550 2.85676
551 3.069448
552 2.786368
553 3.2416
554 2.32868
555 2.155392
556 2.194536
557 2.495232
558 2.144064
559 2.283912
560 2.29236
561 2.68128
562 2.120344
563 2.363904
564 1.62972
565 1.69632
566 0.824328
567 1.718208
568 1.437352
569 1.510272
570 1.212328
571 1.812528
572 1.794816
573 1.338528
574 1.415112
575 1.630656
576 2.06604
577 2.452392
578 1.615016
579 1.386648
580 1.707264
581 1.617552
582 1.999904
583 2.046528
584 1.846776
585 2.418624
586 1.163672
587 1.488384
588 1.389888
589 1.157936
593 0.820544
594 5.618968
595 1.521216
596 1.926144
597 1.373328
598 1.761984
599 1.812984
600 1.772928
601 1.318936
602 1.444608
603 1.333168
604 1.904536
605 1.608768
606 1.125344
607 1.685376
608 1.497464
609 1.539272
610 2.210688
611 1.702696
612 1.825816
613 2.298176
614 2.136984
615 1.652544
616 1.193632
617 1.575352
618 2.112192
619 1.760824
620 1.791664
621 1.951024
622 2.374848
624 1.740688
625 2.976768
626 1.868136
627 2.976768
628 2.116352
629 3.303584
630 2.221
631 2.40128
632 2.214328
633 2.21084
634 1.882368
635 1.47728
636 2.1888
637 2.150928
638 2.366096
639 2.717472
640 2.331072
641 1.423136
642 1.707264
643 1.205208
644 0.974016
645 0.842688
646 1.024856
647 1.006848
648 1.105344
649 0.909728
650 1.455552
651 0.979552
652 1.75104
653 1.597528
654 1.636424
655 1.419288
656 1.761664
657 1.82728
658 1.466496
659 1.045288
660 1.511312
661 1.904368
662 1.408384
663 2.035584
664 1.739432
665 1.435152
666 1.377552
667 1.499328
668 1.146744
669 1.225728
670 1.08788
671 1.574224
672 1.740096
673 1.239712
674 1.072512
676 0.573816
677 0.569088
678 0.50916
679 0.886464
680 0.84124
681 1.028736
682 0.983144
683 1.006848
684 0.750592
685 0.777024
686 0.361152
699 0.131072
700 1.603192
701 0.043776
715 0.021888
716 0.525312
717 0.52396
718 0.478472
719 0.600344
721 0.706312
722 0.989512
723 1.146224
724 1.088072
725 1.222328
726 1.215648
727 1.346112
728 1.13076
729 0.799992
730 0.835424
731 0.689912
732 0.806976
733 0.402984
734 0.44008
735 0.860592
736 0.93988
737 1.11832
738 1.26792
739 1.441752
740 1.173288
741 1.168472
742 1.502256
743 1.604496
744 1.549312
746 1.468256
747 1.595656
748 1.564992
749 0.762792
750 0.470592
751 0.251712
752 0.186048
753 0.339264
754 0.361152
755 0.614048
756 1.301304
757 0.744192
758 0.5962
759 0.831744
760 0.728248
761 0.8208
762 0.527224
763 0.503424
794 0.175104
795 0.010944
797 0.032832
799 0.05472
854 0.010944
855 0.536256
856 0.391408
857 1.28888
858 0.943016
859 1.056328
860 1.10252
861 1.394488
862 1.138768
863 1.61048
864 1.445856
865 1.340184
866 1.072512
868 0.273824
869 1.547712
870 0.623808
871 0.922704
872 1.234008
873 1.027168
874 1.254832
875 1.199248
876 1.778248
877 1.474552
878 0.95156
879 1.211176
880 0.93024
881 0.76608
883 0.547984
884 0.580032
885 0.186048
886 1.163752
887 1.291392
889 1.602872
890 1.296568
891 1.461816
892 1.619448
893 1.657592
894 1.333864
895 1.31564
896 1.3584
897 1.681976
898 1.65032
899 1.627072
900 1.856088
901 1.848576
902 1.586776
903 1.499568
904 1.485872
905 1.464264
906 1.615688
907 1.740096
908 1.0986
909 1.218208
910 1.597824
911 1.326944
912 1.341696
913 1.761984
914 1.243688
915 1.794816
916 1.53496
917 1.6392
918 2.13408
919 1.586152
920 1.190064
921 1.543104
922 1.655496
923 2.013864
924 1.978664
925 1.535088
927 1.959296
928 2.736
929 2.228056
930 1.79584
931 1.455552
932 2.054952
933 2.528064
934 2.077992
935 1.973584
936 2.312784
937 2.466792
938 2.330072
939 2.307896
940 2.68128
941 2.07516
942 2.300056
943 2.09228
944 2.418624
945 2.035672
946 1.769488
947 3.042432
948 2.255312
949 2.352536
950 3.184704
951 2.477304
952 2.223488
953 2.369528
954 2.246664
955 2.615616
956 1.592904
957 1.588296
958 1.885632
959 2.061016
960 1.872768
961 1.847672
962 1.865896
963 1.403176
964 1.400832
965 1.109408
966 1.652544
967 1.672224
968 1.795048
969 1.731448
970 2.035584
971 2.032288
972 1.772928
973 1.346112
974 0.563
975 1.510272
976 2.385792
978 1.911568
979 2.166912
980 2.096216
981 2.473344
982 1.835304
983 0.952128
984 0.38304
985 0.57504
986 1.564992
987 2.512152
988 1.813488
989 1.355248
990 1.521216
991 1.354648
992 1.801904
993 1.788728
994 2.370664
995 1.829168
996 1.961672
997 1.937088
998 1.487816
999 2.084032
1000 2.046528
1002 1.934808
1003 1.80576
1004 1.280448
1005 1.164304
1006 2.07936
1007 1.850496
1008 1.718208
1009 1.379568
1010 1.871424
1011 1.453576
1012 1.783872
1013 1.816704
1014 1.416736
1015 1.926144
1016 2.162464
1017 2.232232
1018 2.664144
1019 3.349008
1020 3.049392
1021 3.44736
1022 2.417816
1023 2.760976
1024 2.488064
1025 2.638752
1026 2.380064
1027 2.429568
1028 1.914128
1029 2.243488
1030 3.148232
1031 3.670664
1032 2.987232
1033 1.740312
1034 1.693624
1035 1.779144
1036 2.287296
1037 1.74552
1038 1.952472
1039 1.96992
1040 1.502392
1041 2.309184
1042 2.540208
1043 3.270616
1044 2.836168
1045 2.259752
1047 2.938968
1048 2.725056
1049 2.383704
1050 1.638944
1051 1.008368
1052 1.53216
1053 0.606936
1054 0.43776
1055 0.809856
1058 0.131072
1059 3.079112
1060 1.166944
1061 1.602072
1062 1.400832
1063 1.273224
1064 2.027904
1065 2.363904
1066 1.992496
1067 1.968432
1068 2.210688
1069 1.498184
1071 1.282976
1072 2.347416
1073 1.053568
1074 1.291392
1075 1.208872
1076 1.219336
1077 1.433664
1078 0.980232
1079 0.809576
1080 0.979312
1081 1.192896
1082 0.606112
1083 0.43776
1084 0.809856
1085 0.48856
1086 0.853632
1087 1.050624
1088 0.7816
1089 1.4742
1091 1.47744
1092 1.181392
1093 1.084296
1094 0.842688
1095 0.69896
1096 0.98496
1097 0.89104
1098 0.93676
1099 0.645696
1100 0.404928
1101 0.247008
1103 0.251712
1104 0.262656
1105 0.593816
1106 0.886464
1107 0.565944
1108 0.439072
1109 0.463032
1110 0.93024
1111 0.923712
1112 0.795944
1113 0.678528
1114 0.42044
1115 0.733248
1116 0.459272
1117 0.506704
1119 0.60488
1120 0.897408
1121 0.72764
1122 0.888504
1123 1.061568
1124 0.592168
1125 0.828192
1126 0.590976
1127 0.38304
1128 0.375616
1129 0.16416
1130 0.612864
1131 1.0548
1132 0.89632
1133 1.095632
1134 1.061568
1135 0.70896
1136 0.87644
1137 0.866672
1138 0.993824
1139 1.189016
1140 0.630464
1142 1.072512
1143 1.279064
1144 1.233144
1145 1.251536
1146 1.064696
1147 1.141632
1148 1.100512
1149 1.057384
1150 1.564992
1151 1.007512
1152 0.950104
1153 0.566544
1154 0.32832
1155 0.207936
1156 0.131328
1157 0.142272
1158 0.10944
1159 0.142272
1160 0.153216
1163 0.111728
1166 0.098496
1167 0.142272
1169 0.043776
1170 0.298712
1171 0.195056
1172 0.372096
1173 0.170944
1174 1.259424
1175 0.722896
1176 0.814744
1177 0.527432
1178 0.555928
1179 0.33676
1180 0.350208
1181 0.089752
1182 0.634752
1183 0.787104
1184 1.238808
1185 1.36064
1186 0.955968
1187 1.37068
1188 1.565632
1189 1.232072
1190 1.48012
1191 1.431056
1193 1.36264
1194 1.389368
1195 1.247616
1196 0.746896
1197 0.798048
1198 0.689472
1199 0.77196
1200 1.081512
1201 1.078256
1202 0.9962
1203 0.770272
1204 1.280448
1205 1.108032
1206 1.157992
1207 1.044
1208 0.894392
1209 0.961304
1210 0.689472
1211 0.468776
1212 0.950416
1213 1.652544
1214 1.39264
1215 1.635536
1216 1.476232
1217 1.3332
1218 1.324224
1219 0.941984
1220 0.415872
1222 0.38304
1223 0.131072
1224 1.900616
1225 1.187624
1226 1.081976
1227 1.132008
1228 1.482088
1229 1.466496
1230 0.982216
1231 0.837928
1232 1.385712
1233 0.415872
1234 0.595768
1235 0.758784
1236 0.974736
1237 0.580032
1238 0.44072
1239 0.908352
1240 0.716128
1241 1.15448
1242 1.050624
1244 0.289784
1245 0.448704
1246 0.722304
1247 0.645808
1248 0.655848
1249 0.8438
1250 0.860168
1251 0.851392
1252 0.965072
1253 1.120616
1254 1.276072
1255 1.336272
1256 1.2136
1257 1.419096
1258 1.517912
1259 1.809376
1260 1.543104
1261 1.028416
1262 1.466496
1263 1.334944
1264 1.583032
1265 1.624312
1266 1.171008
1267 0.787968
1268 0.493448
1269 0.580032
1270 0.831744
1271 0.550152
1272 0.612864
1273 0.612864
1274 0.49336
1275 0.448704
1276 0.5472
1277 0.494656
1278 0.700416
1279 0.514368
1280 0.317376
1282 0.10508
1283 0.426816
1284 0.71752
1285 1.002912
1286 1.056928
1287 1.063272
1288 1.115424
1289 0.962568
1290 1.466496
1291 1.411248
1292 1.405024
1293 1.20384
1294 1.069352
1295 1.329128
1296 1.734896
1297 2.016448
1298 2.13408
1299 1.225
1300 1.444608
1301 0.902584
1302 1.324224
1303 1.072056
1304 1.25856
1305 0.830192
1306 0.98496
1307 0.886464
1309 0.131072
1310 1.014296
1311 0.251712
1312 0.175104
1313 0.10944
1314 0.065664
1347 0.021888
1348 0.569088
1349 0.536256
1350 0.755136
1351 0.036856
1352 0.415872
1353 0.761504
1354 0.676496
1355 0.720904
1356 0.604672
1357 0.804776
1359 0.74564
1360 0.714664
1361 0.50408
1362 0.428888
1363 0.560472
1364 0.53112
1365 0.558144
1366 0.428376
1367 0.338128
1368 0.4498
1371 0.229824
1372 0.766472
1374 0.482544
1375 0.748576
1376 1.004848
1377 0.733072
1380 0.860568
1381 0.416688
1382 0.635304
1383 0.694984
1384 0.687656
1385 0.883488
1386 0.4602
1387 0.76608
1388 0.888648
1389 0.958552
1390 0.722632
1391 0.793624
1392 0.926328
1393 1.116288
1394 0.796704
1395 0.612864
1396 0.495592
1398 0.361152
1399 0.963072
1400 0.675544
1401 0.393984
1402 0.372096
1403 0.503424
1404 0.968584
1405 0.918816
1406 0.968584
1408 1.309696
1409 1.301344
1410 1.088072
1411 0.713232
1412 1.0936
1413 1.227832
1414 1.015136
1415 1.069176
1416 1.102016
1417 1.109704
1418 1.325896
1419 1.162136
1420 1.162856
1421 1.261832
1422 1.250568
1423 0.94016
1424 0.652368
1425 0.732272
1427 1.00408
1428 1.06168
1429 1.362552
1430 0.814416
1431 0.39204
1432 0.623808
1433 0.674112
1434 0.941184
1435 0.876416
1436 1.006848
1437 0.841216
1438 1.148336
1439 1.004904
1440 1.186504
1441 1.25856
1442 1.237304
1443 1.729152
1444 1.202696
1445 1.608768
1446 1.619712
1447 1.323688
1448 1.25856
1449 0.8772
1450 1.346112
1451 0.462424
1452 0.49248
1453 0.828752
1455 0.317376
1456 0.65664
1457 0.625152
1458 0.415872
1459 0.6642
1460 1.050624
1461 0.754448
1462 0.700416
1463 0.52004
1464 0.38304
1465 0.2736
1467 0.255968
1468 0.262656
1469 0.2736
1470 0.240768
1471 0.278016
1472 0.335944
1473 0.520672
1474 0.475808
1475 0.569088
1476 0.534728
1477 0.509888
1478 0.514368
1479 0.300472
1480 0.372096
1481 0.431824
1482 0.578072
1483 0.422632
1494 0.131328
1496 0.27556
1497 0.339264
1498 0.414232
1499 0.609856
1500 0.817928
1501 0.740344
1502 1.01796
1503 1.209112
1504 1.07264
1505 0.945552
1506 0.755544
1507 1.080528
1508 0.824552
1509 1.110312
1510 0.852904
1511 0.470592
1512 0.153216
1513 0.098496
1514 0.119328
1516 0.142272
1517 0.142272
1518 0.21888
1519 0.19616
1520 0.28552
1521 0.406736
1522 0.539848
1523 0.768536
1524 0.536376
1525 0.531552
1526 0.105352
1527 0.432552
1528 0.703184
1529 0.557552
1530 0.503832
1531 0.468096
1532 0.832088
1533 0.67124
1534 0.68036
1535 0.838656
1536 0.970976
1537 0.941184
1538 0.85148
1540 1.008656
1541 1.05056
1542 1.118168
1543 1.277088
1544 0.93244
1545 1.25968
1546 1.808768
1547 1.707736
1548 1.914368
1549 1.655872
1550 1.715568
1551 1.834872
1552 1.911256
1553 1.768976
1554 1.604856
1555 1.502016
1556 1.481256
1557 1.753328
1558 2.154168
1559 2.02464
1560 2.05396
1561 1.236208
1562 1.413568
1563 1.738496
1565 2.165136
1566 1.685376
1567 1.285688
1568 1.885192
1569 1.959504
1570 1.885488
1571 1.838592
1572 1.261784
1573 1.181952
1574 1.050624
1575 0.798912
1576 0.71136
1577 0.791192
1578 1.160064
1579 0.585168
1580 0.426816
1581 0.306432
1582 0.481536
1583 0.600832
1584 0.842688
1585 0.648056
1587 0.658696
1588 0.853632
1589 0.809968
1590 1.324224
1591 0.775784
1592 0.963072
1593 1.028736
1594 0.80964
1595 0.919296
1596 0.741528
1597 0.98496
1598 0.908352
1599 0.8106
1600 0.723448
1601 1.083456
1602 0.847856
1603 0.931456
1604 1.072512
1605 1.020944
1606 1.357056
1607 1.076336
1608 1.433664
1609 1.099752
1610 1.181952
1611 0.855736
1612 0.98496
1613 0.80308
1614 0.525312
1615 0.536256
1616 0.678528
1617 0.837616
1618 0.908352
1619 0.725128
1620 0.853632
1621 0.55888
1622 0.612864
1623 0.5472
1624 0.32832
1625 0.185232
1626 0.076608
1630 0.196736
1631 0.759144
1632 0.21888
1633 0.10512
1635 0.153216
1639 0.076224
1640 0.277216
1641 0.372096
1642 0.844856
1643 1.155128
1644 1.365112
1645 1.249504
1647 1.07348
1648 1.335168
1649 1.264312
1650 1.214784
1651 1.336992
1652 1.49432
1653 1.784408
1654 1.821256
1655 1.73748
1656 1.90236
1657 1.847088
1658 1.53216
1659 1.7232
1660 1.7242
1661 2.45448
1662 2.130344
1663 2.418064
1664 1.639936
1665 1.676816
1667 1.956024
1668 1.958976
1669 0.415872
1670 0.807632
1671 0.8208
1672 0.700416
1673 0.43776
1674 0.191528
1675 0.032832
1681 0.010944
1683 1.657096
1684 0.908352
1685 0.445608
1686 1.11124
1687 1.496608
1688 1.693632
1689 0.796416
1690 0.55836
1691 1.072512
1692 0.595312
1693 0.900552
1695 1.05132
1696 0.886464
1697 0.38304
1698 0.16416
1699 0.134728
1700 0.120384
1738 0.10944
1739 0.284544
1740 0.558144
1741 0.286024
1742 0.559896
1743 0.632888
1745 0.689504
1746 0.677552
1747 0.295488
1748 0.301248
1749 0.44808
1750 0.497416
1751 0.49248
1752 0.46884
1753 0.467232
1754 0.352432
1755 0.5708
1756 0.607448
1758 0.577264
1759 0.38304
1766 0.175104
1767 0.372768
1768 1.04264
1769 1.290976
1770 1.5618
1771 1.498088
1772 2.2504
1773 2.307944
1774 3.18988
1775 3.06864
1776 3.374992
1777 3.964904
1778 4.483936
1779 4.34964
1780 3.055912
1781 2.342936
1782 1.384248
1783 1.7128
1784 2.703168
1785 2.098352
1786 3.28676
1787 3.676832
1789 3.84232
1790 4.486752
1791 4.197824
1792 3.665152
1793 3.60584
1794 3.45524
1795 3.645344
1796 3.648456
1797 3.348864
1798 2.95152
1799 4.757472
1800 5.318784
1801 1.701736
1802 2.812608
1803 2.65388
1804 2.35296
1805 1.69632
1806 1.794816
1807 1.499328
1808 0.590976
1809 0.645696
1810 0.356368
1811 0.689472
1812 0.853632
1813 0.481536
1829 0.131072
1835 0.689728
1836 0.35104
1837 1.061592
1838 1.156824
1839 1.329144
1840 0.988848
1841 0.926736
1842 1.15512
1843 0.97396
1844 1.141696
1845 1.146952
1846 1.02036
1847 0.98496
1848 0.812848
1849 0.833776
1850 0.409168
1852 0.448704
1853 1.172328
1854 1.199976
1855 1.511464
1856 1.366104
1857 1.401704
1858 1.190952
1859 0.723224
1860 0.675576
1861 1.17988
1862 1.517072
1863 0.941184
1864 0.6336
1865 0.737336
1889 0.448704
1890 0.81872
1891 1.256056
1892 0.972376
1893 0.951832
1894 0.646344
1895 0.985952
1896 0.869224
1897 1.029664
1898 1.527472
1899 1.466568
1901 1.272256
1902 1.160064
1903 0.790792
1904 0.950856
1905 1.529728
1906 1.05408
1907 0.93024
1908 0.50016
1909 1.006848
1910 0.559832
1911 0.777024
1912 0.41972
1913 0.251712
1914 0.120384
1915 0.240768
1916 0.558144
1917 0.620832
1918 0.763976
1919 0.426816
1920 0.58596
1921 1.025136
1922 1.193864
1923 1.305144
1924 1.290912
1925 1.416072
1926 1.205184
1927 1.288976
1928 1.111736
1929 1.685376
1930 0.921712
1931 1.384488
1932 1.181952
1933 0.951792
1934 1.083456
1935 0.339264
1936 0.199768
1937 0.175104
1939 0.16416
1940 0.142272
1941 0.207936
1942 0.240768
1943 0.120384
1944 0.857656
1945 0.295488
1946 0.196992
1947 0.207936
1949 0.120384
1951 0.131072
1952 1.660424
1953 0.759992
1954 1.111768
1955 1.60112
1956 1.545984
1957 2.051152
1958 1.91932
1959 1.931704
1960 2.246808
1961 1.916424
1962 1.855696
1963 2.048176
1964 2.3948
1965 2.46304
1966 2.36772
1967 3.16748
1968 2.802784
1969 2.72804
1970 2.554928
1971 3.242672
1972 2.807656
1973 2.497056
1974 2.779776
1975 2.194576
1976 2.419272
1977 2.821
1978 2.916912
1979 3.116848
1981 3.135712
1982 2.670336
1983 1.530616
1984 1.466496
1985 0.98496
1986 1.81996
1987 2.604672
1988 1.335168
1989 0.568344
1990 1.324224
1991 1.685376
1992 2.287256
1993 2.45888
1994 1.827648
1995 1.304128
1996 1.9152
1997 1.31564
1998 0.853632
1999 0.897408
2000 0.919296
2001 0.612864
2002 0.470592
2008 0.167624
2069 0.043776
2107 0.186048
2108 0.415872
2109 0.777024
2110 0.664328
2111 0.937056
2112 0.725864
2113 0.754296
2114 0.538952
2115 0.645688
2116 0.630144
2117 0.508528
2118 0.783488
2119 0.979392
2120 0.798424
