0 3.025624
1 2.36344
2 1.593328
3 1.340696
4 2.671288
5 2.320248
6 2.230896
7 3.374432
8 3.578328
9 3.309496
10 3.251376
11 3.152232
12 4.412272
13 3.246776
14 3.153328
15 3.549776
16 4.264656
17 3.417664
18 3.472512
19 4.253624
20 3.369296
21 3.259936
22 3.360632
23 3.654576
25 3.924616
26 4.094808
27 2.07372
28 2.798408
29 2.8672
30 3.654536
31 3.846472
32 2.76544
33 3.455736
34 3.82928
35 2.770064
36 3.288808
37 4.52192
38 2.968976
39 3.731376
40 2.944392
41 3.713656
42 4.154216
44 3.805504
45 3.640056
46 4.15556
47 4.250568
48 3.184184
49 3.082464
50 3.268248
51 3.953768
52 4.164536
53 2.644552
54 2.353872
55 3.599592
56 3.665216
57 3.016216
58 2.274776
59 3.262872
60 3.642456
61 3.827104
62 3.080696
64 3.567688
65 3.959832
66 3.481456
67 4.303008
68 4.329344
69 4.359848
70 3.640088
71 3.37708
72 4.0716
73 3.916488
74 3.234
75 3.40184
76 4.1238
77 4.636496
78 3.160696
79 4.732288
80 4.125536
81 3.109
82 4.178456
83 3.285864
85 4.183712
86 3.196904
87 3.192768
88 4.2816
89 3.9678
90 3.754184
91 2.89032
92 3.559112
93 4.508928
94 3.253456
95 3.190872
96 2.86264
97 2.624904
98 2.620784
99 2.8242
100 3.06624
101 3.250472
102 3.846328
103 4.0192
104 4.080472
106 3.0636
107 2.914376
108 4.556896
109 2.928336
110 3.82372
111 3.617288
112 2.085664
113 6.371992
114 2.440512
115 2.475616
117 2.449008
118 2.966
119 3.340696
120 3.758616
121 4.014152
122 4.227952
123 4.346712
124 3.792456
125 3.51988
126 2.738272
127 2.76312
128 3.469256
129 3.703688
130 3.6394
131 3.10832
132 3.481704
133 3.41144
134 3.238432
135 3.58304
136 3.741752
137 3.7096
138 1.418672
139 2.692224
140 2.46064
141 2.668304
142 2.895808
143 3.715176
144 4.403008
145 4.475792
146 4.24924
148 4.217664
149 4.015488
150 4.277944
151 3.95592
152 3.518744
153 4.021448
154 3.411456
155 4.079968
156 3.696688
157 4.255776
158 2.622864
159 4.990464
160 4.33324
161 4.298392
162 4.250856
163 4.295872
164 4.395904
165 4.01736
166 4.462616
167 4.613408
168 4.389576
169 3.650096
170 3.7686
171 3.118952
172 4.127976
173 2.950288
174 2.592544
175 2.401712
176 2.379144
177 2.85156
178 3.319656
180 3.195744
181 3.097024
182 2.604672
187 0.131072
188 0.917016
189 1.86972
190 1.44368
191 2.035584
192 2.0014
193 2.069792
194 2.097
195 2.216992
196 2.629984
197 2.943936
198 2.62732
199 2.725016
201 2.500032
202 2.713264
203 3.51352
204 3.622464
205 2.946904
206 2.78716
207 2.46408
208 1.878288
209 2.054432
210 2.061464
211 2.419144
212 2.660104
213 2.976424
214 1.565968
215 2.485008
216 2.523072
217 1.972488
218 2.00008
219 2.37008
220 1.455552
221 1.0582
222 1.985824
223 2.710408
224 2.207136
225 2.768832
226 2.280032
227 2.354976
228 3.316032
229 2.624696
230 2.711272
231 2.172632
232 2.24352
233 1.660456
234 1.91996
236 0.777024
237 2.6662
238 1.849536
239 1.679496
240 0.98496
241 0.914928
242 1.849536
243 1.473032
244 1.873312
245 2.385792
246 1.861744
247 1.926144
248 2.560896
249 1.845856
250 1.852864
251 1.893752
252 2.57184
253 2.333424
254 2.141152
255 2.235016
256 2.604672
257 0.496672
258 1.236672
259 1.46556
260 1.991808
261 0.920128
262 0.98496
263 1.105344
264 0.810328
265 1.171008
266 1.286536
267 1.554048
268 1.229008
269 1.291392
270 1.083456
271 0.86536
273 1.593688
274 1.652544
275 1.148072
276 1.510272
277 1.346112
278 1.125336
279 1.138176
280 1.03968
282 0.131072
283 2.677648
284 1.171008
285 0.809856
286 0.941184
287 0.864576
288 0.612864
289 0.539312
290 0.886464
291 0.678528
292 0.831744
293 1.349512
294 1.685376
295 1.118552
296 1.75104
297 2.087664
298 1.992336
299 2.002752
300 1.726176
301 2.115968
302 1.549848
303 1.160064
304 1.32472
305 1.608768
306 0.65664
307 0.74632
308 0.908352
309 0.649288
310 1.247616
312 1.172088
313 0.98496
314 0.853632
315 1.008784
316 1.105344
317 1.048208
318 1.564992
319 1.729152
320 1.859272
321 2.02464
322 0.890824
323 0.645696
324 0.481536
325 0.404928
326 0.87552
327 0.864576
328 0.719056
329 1.072512
330 0.645696
331 0.416248
332 0.60192
333 0.404928
334 0.481536
335 0.31156
336 0.2736
337 0.240768
338 0.306432
339 0.372096
340 0.251712
341 0.196992
342 0.251712
343 0.131072
344 0.29116
345 0.240768
346 0.404928
347 0.295488
348 0.262656
349 0.317376
359 0.021888
360 0.032832
362 0.032832
363 0.032832
365 0.032832
366 0.021888
367 0.043776
368 0.043776
370 0.032832
371 0.021888
372 0.021888
373 0.021888
374 0.032832
375 0.043776
377 0.032832
378 0.021888
379 0.021888
380 0.021888
381 0.021888
392 0.010944
393 0.032832
395 0.098496
396 0.098728
397 0.098496
399 0.076608
400 0.131328
401 0.098496
402 0.087552
403 0.131328
404 0.120384
405 0.131328
409 0.131072
410 0.427072
411 0.120384
412 0.120384
413 0.10944
414 0.10944
416 0.098496
417 0.153216
418 0.087552
419 0.131328
420 0.131328
421 0.078784
422 0.098496
423 0.05472
424 0.098496
426 0.043776
427 0.076608
428 0.043776
429 0.021888
430 0.05472
460 0.021888
461 0.010944
463 0.317376
464 0.229824
465 0.05472
480 0.032832
481 0.426816
482 0.380648
483 0.809856
484 0.787968
485 0.853056
486 1.072512
487 1.756776
488 2.35296
489 2.24352
490 1.545336
491 2.24352
492 1.554048
493 1.6678
494 1.455552
495 1.543104
496 1.871424
497 1.838592
498 1.466928
499 1.937088
500 2.145024
501 1.9152
507 1.171256
508 5.318784
509 0.722304
510 1.47744
511 1.164464
513 0.142272
514 0.558144
515 1.116288
516 0.93024
517 0.678528
518 0.612864
519 1.377896
520 2.331072
521 1.663488
522 1.773704
523 2.506176
525 2.303064
526 1.849536
527 1.543104
528 1.554048
529 1.561408
530 2.177856
531 1.411776
532 1.064544
533 1.346112
534 1.86048
538 0.419496
540 4.67908
541 0.689472
542 0.65664
543 0.010944
544 1.160064
545 0.569088
546 0.536256
547 0.5472
550 0.339904
551 0.700416
552 1.543104
553 0.678528
554 0.623808
555 0.350208
557 0.131072
558 0.772808
559 0.196992
560 0.908352
561 0.569088
562 1.444608
563 1.665928
564 1.335168
565 0.974016
566 1.0944
570 0.098496
571 0.43776
572 0.76608
573 0.542504
574 0.700416
575 0.974016
576 0.350208
577 0.831744
578 0.21888
579 0.306432
580 0.634752
581 0.87552
582 0.315464
583 1.136232
584 2.943936
585 2.4624
586 1.598008
587 2.484288
588 1.904256
589 0.908352
590 0.775872
591 0.8208
592 1.028736
593 0.76608
594 0.415872
604 0.076608
605 2.013696
606 2.254464
608 1.261
609 0.777024
610 0.777024
611 1.160064
612 1.816704
613 1.138176
614 0.722304
615 0.580032
616 0.864576
617 0.481536
618 0.43776
619 0.5472
620 0.393984
621 0.131328
622 0.536256
623 0.798912
628 0.185792
629 2.41928
630 0.295488
636 0.021888
637 2.4624
638 0.782352
639 0.284544
640 0.284544
641 0.503424
642 0.777024
643 0.777024
644 0.733248
645 0.565368
646 0.886464
647 0.919296
648 0.842688
649 0.61852
650 0.733248
651 0.514368
652 0.667584
653 0.479536
654 0.251712
655 0.186048
656 0.186048
667 0.087552
668 0.700416
669 1.171288
670 1.42272
671 1.05968
672 0.8208
673 0.2736
684 0.05472
685 0.032832
686 0.065664
688 0.032832
690 0.065664
697 0.010944
699 0.010944
700 0.043776
701 0.021888
703 0.120384
704 0.043776
705 0.032832
710 0.142016
712 0.076864
713 0.05472
714 0.05472
715 0.087552
716 0.087552
717 0.043856
718 0.030888
719 0.10944
721 0.076608
722 0.087552
723 0.065664
724 0.076608
725 0.065664
726 0.05472
727 0.05472
729 0.087552
730 0.05472
731 0.076608
732 0.087552
733 0.076608
734 0.076608
735 0.065664
736 0.120384
747 0.076608
749 0.032832
750 0.043776
751 0.076608
752 0.026088
758 0.021888
759 0.032832
760 0.087552
761 0.043776
763 0.032832
764 0.021888
765 0.032832
766 0.032832
769 0.10944
770 0.076608
771 0.05472
772 0.021888
773 0.032832
774 0.026112
776 0.065664
777 0.587808
778 1.261432
779 1.779784
780 1.263712
781 1.37416
782 1.423528
783 1.09524
784 1.027184
785 1.518584
786 1.663064
787 1.217176
788 1.8916
789 1.153024
790 0.5472
791 0.946528
792 1.14512
793 1.401544
794 1.105344
795 0.844816
797 1.218328
798 1.539688
799 1.406608
800 1.309792
801 1.160064
802 0.353832
803 1.036744
804 1.533336
805 1.466496
806 1.127488
807 0.793872
808 1.116288
809 0.753744
810 1.31328
811 0.53244
812 1.346112
813 0.70484
814 1.25856
815 0.939472
816 1.740096
817 0.977056
818 1.20384
819 1.110072
820 1.198632
821 1.202392
822 1.849536
823 1.530344
824 1.297792
825 1.47744
826 0.957232
827 0.744192
828 0.426816
829 0.372096
831 0.353232
832 1.105344
833 0.905008
834 1.280448
835 0.928288
836 1.098016
837 1.328216
838 1.061568
839 0.530616
840 0.8208
841 0.98652
842 0.919296
843 1.20384
844 1.18472
845 1.160064
846 0.911192
847 0.65664
848 0.87552
849 0.853632
850 0.805336
851 0.762968
852 0.426816
853 0.404928
854 0.295488
855 0.21888
856 0.251712
867 0.272832
869 1.685376
893 1.752064
894 0.361152
895 0.548064
896 1.595552
897 1.889664
898 1.498072
899 1.685832
900 1.58504
901 1.630144
902 1.949288
904 2.166272
905 2.41776
906 2.114272
907 1.960752
908 2.340064
909 1.711328
910 2.031552
911 1.48044
912 1.892816
913 1.694784
914 2.026568
915 1.985664
916 1.649056
917 1.716416
918 1.29628
920 1.399792
921 1.780136
922 1.954936
923 2.07272
924 1.9546
925 2.153288
926 2.283712
927 2.024208
928 1.369384
929 1.458424
931 1.317848
932 1.778344
933 1.469936
934 1.479904
935 1.507
936 1.285192
937 1.015536
938 1.017752
939 0.71136
940 0.98776
941 1.157016
942 0.56208
943 1.0238
944 0.969592
945 0.442512
946 0.997168
947 1.41656
948 1.384568
949 1.206072
950 1.042128
951 1.692056
953 1.765824
954 1.761336
955 1.716952
956 0.567872
957 0.7956
958 1.330344
959 1.57044
960 1.599
961 1.471584
962 1.203784
963 1.430592
964 0.985128
965 1.698008
966 1.9382
967 2.097432
968 1.919632
969 1.53472
970 1.427728
971 1.418304
972 1.472256
973 0.808968
975 1.575264
976 1.414488
977 1.714384
978 1.420352
979 1.851576
980 2.066952
981 1.233296
982 1.318056
983 1.39356
984 1.442576
985 1.362696
986 0.9774
987 1.094696
988 1.270912
989 1.66912
990 1.802464
992 1.040272
993 1.112352
994 1.111568
995 1.361824
996 1.457376
997 0.79632
998 0.668136
999 0.933192
1000 0.740928
1001 0.131072
1002 1.404336
1003 0.498344
1004 1.526944
1005 1.291072
1006 1.466296
1007 1.62084
1008 1.207848
1009 1.533192
1010 1.657736
1011 1.166816
1012 1.279184
1013 1.232256
1014 1.16068
1015 1.340424
1016 1.378008
1017 1.21476
1019 0.924336
1020 1.025544
1021 1.318344
1022 1.373072
1023 1.317704
1024 1.224776
1025 1.264864
1026 1.0278
1027 1.31896
1028 1.136952
1029 1.595128
1030 1.647664
1031 1.487448
1032 1.557424
1033 1.104848
1034 1.330128
1035 1.423016
1036 1.486256
1037 1.688312
1038 1.66624
1039 1.156432
1040 1.603856
1041 1.398024
1043 1.413296
1044 1.446008
1045 1.217168
1046 1.608592
1047 1.266312
1048 1.374064
1049 1.681144
1050 1.649888
1051 1.135336
1052 1.52108
1053 2.056016
1054 1.843624
1055 1.92336
1056 1.786696
1057 1.442136
1058 1.449408
1059 1.559784
1061 1.378496
1062 1.235864
1063 1.033072
1064 1.218192
1065 1.644816
1066 1.594184
1067 2.303808
1068 1.326952
1069 1.351728
1070 1.417928
1071 1.753344
1072 1.739304
1073 1.94512
1074 1.670568
1076 1.515488
1077 1.867592
1078 1.626832
1079 1.29404
1080 1.170128
1081 1.37528
1082 1.388368
1083 1.44004
1084 1.343984
1085 1.864304
1086 1.76888
1087 1.726
1088 1.648392
1089 1.659688
1090 1.554568
1091 1.887944
1092 1.62384
1093 1.581584
1094 1.342592
1095 1.365624
1096 1.467016
1097 1.290824
1098 1.074144
1099 1.509184
1100 1.572136
1101 1.463152
1103 2.1554
1104 1.839664
1105 1.845416
1106 1.913696
1107 1.9784
1108 1.356328
1109 1.864336
1110 1.82908
1111 2.084832
1112 2.087376
1113 1.887168
1114 1.919264
1115 1.658392
1116 1.665528
1117 2.0296
1118 1.798192
1119 1.970592
1120 2.19828
1121 1.823256
1122 1.931192
1123 1.388944
1124 1.793944
1125 2.198568
1126 2.367336
1127 1.655088
1128 1.977672
1129 1.69508
1131 1.374944
1132 1.609888
1133 1.092552
1134 1.577896
1135 1.743048
1136 1.781152
1137 1.617112
1138 1.430056
1139 1.481416
1140 1.482824
1141 1.669328
1142 1.596408
1143 1.810264
1144 1.866264
1145 1.693456
1146 1.638432
1148 2.137624
1149 1.520792
1150 1.58376
1151 1.500056
1152 1.737624
1153 1.225608
1154 1.878104
1155 1.9588
1156 1.465608
1157 1.79288
1158 1.741736
1159 1.754808
1160 1.899
1161 1.930856
1162 1.794264
1164 1.773688
1165 1.825264
1166 1.618472
1167 1.362912
1168 1.765048
1169 1.546552
1170 2.292416
1171 1.451032
1172 1.612064
1173 1.858968
1174 1.925728
1175 1.905
1176 1.235648
1177 1.790888
1178 1.8278
1179 1.675664
1180 1.379128
1181 1.631176
1183 1.815048
1184 2.22024
1185 1.549272
1186 1.496312
1187 1.815096
1188 1.392296
1189 1.652592
1190 1.603288
1191 1.57804
1192 1.496328
1193 1.955472
1194 1.82644
1195 1.858232
1196 1.6964
1197 2.115864
1198 1.7828
1200 1.017784
1201 1.559496
1202 1.768304
1203 1.139624
1204 1.308448
1205 1.744088
1206 1.64044
1207 1.740056
1208 1.991808
1209 1.947248
1210 1.592568
1211 2.69304
1212 2.001472
1213 2.08668
1214 1.845288
1215 2.020184
1217 1.679216
1218 1.67948
1219 1.802288
1220 1.611216
1221 1.495968
1222 1.387392
1223 1.477648
1224 1.27952
1225 1.288368
1226 1.225736
1227 1.727208
1228 1.47564
1229 1.63076
1230 1.53268
1231 1.680984
1232 1.613296
1233 1.6206
1234 1.693848
1235 1.575616
1236 1.730904
1237 1.855432
1239 1.350112
1240 1.32408
1241 1.368792
1242 1.406888
1243 1.403136
1244 1.574952
1245 2.326216
1246 2.112648
1247 2.056472
1248 1.571824
1249 1.560168
1250 2.126888
1251 1.951872
1253 2.040696
1254 1.81196
1255 2.11328
1256 1.555312
1257 1.579664
1258 1.09672
1259 1.528664
1260 1.325544
1261 1.527184
1262 1.492096
1263 1.437968
1264 1.448872
1265 1.846024
1266 2.016976
1267 1.252984
1268 1.67272
1269 1.724952
1271 1.754944
1272 1.749792
1273 1.633552
1274 1.656488
1275 1.059104
1276 1.993704
1277 1.373624
1278 1.427264
1279 1.422616
1280 1.446344
1281 1.507688
1282 1.8266
1283 1.585048
1285 1.68064
1286 1.715128
1287 1.478864
1288 1.484576
1289 1.848024
1290 1.718488
1291 2.07412
1292 1.480624
1293 1.58004
1294 1.423488
1295 2.067792
1296 1.750016
1297 1.597984
1299 1.561
1300 1.579104
1301 1.289392
1302 1.817408
1303 1.30612
1304 1.5994
1305 1.597976
1306 1.574312
1307 1.672104
1308 1.555544
1309 1.684248
1310 1.520008
1311 1.66204
1312 1.685168
1313 1.227808
1314 1.042936
1315 1.027848
1316 1.175432
1317 1.329
1318 1.349464
1319 1.644912
1321 1.306608
1322 1.534136
1323 1.282848
1324 1.875928
1325 1.670936
1326 1.074272
1327 1.475344
1328 1.682912
1329 1.938904
1330 1.798744
1331 1.21264
1333 1.28048
1334 0.860728
1335 0.280176
1336 1.090592
1337 1.45572
1338 1.413128
1339 1.512136
1340 1.228472
1341 1.611488
1342 1.600208
1343 1.485528
1344 1.1102
1346 1.570304
1347 1.606808
1348 1.76336
1349 1.339128
1350 1.46584
1351 1.30844
1352 1.260992
1353 1.15324
1354 1.447288
1355 1.718816
1356 1.575952
1357 1.247112
1358 1.083192
1359 1.167176
1360 1.362408
1361 1.0696
1362 1.41516
1363 1.305128
1364 1.544624
1365 1.695248
1367 1.39488
1368 1.452384
1369 1.92908
1370 1.909672
1371 1.383504
1372 1.459112
1373 1.27852
1374 1.490936
1375 1.334248
1376 1.339528
1377 1.534008
1379 1.389336
1380 1.389648
1381 1.350192
1382 1.205472
1383 1.072448
1384 1.439616
1385 1.131456
1386 1.415576
1387 1.680488
1388 1.379704
1389 1.330184
1390 0.544528
1391 0.2736
1392 1.04616
1393 1.5144
1394 1.075112
1395 1.260904
1396 1.302272
1398 1.457216
1399 1.54248
1400 1.287048
1401 1.247168
1402 1.486024
1403 1.515288
1404 1.396392
1405 1.707088
1406 1.163184
1407 1.74388
1408 1.242256
1409 1.594792
1410 1.464152
1411 1.35628
1412 1.540432
1413 1.783512
1414 1.213416
1415 1.34988
1416 1.346792
1417 1.356656
1418 1.446928
1419 1.515872
1420 1.770232
1422 1.169976
1423 1.264168
1424 1.586704
1425 1.597408
1425 0.470592
