0 1.774152
1 2.404448
2 0.932784
4 1.437352
5 1.349328
6 1.40016
7 1.278704
8 1.27944
9 1.468736
10 1.967016
11 1.863528
12 0.678528
13 0.820368
14 1.21048
15 0.580432
16 0.915592
17 0.943768
18 0.973936
20 1.092888
21 1.378944
22 1.172392
23 1.249664
24 1.357168
25 1.358392
26 1.33556
27 1.35596
28 1.4548
29 1.102704
30 1.509896
31 1.604752
32 1.273792
33 1.63236
34 1.46796
35 1.580112
36 1.726168
37 1.387896
39 1.570096
40 1.419608
41 1.290736
42 1.781592
43 1.685864
44 1.844328
45 1.92084
46 2.011944
47 1.345712
48 1.522376
49 1.203968
50 0.667584
51 0.98804
53 0.963592
54 0.536256
55 0.689472
56 0.569088
57 0.4372
58 0.700416
59 0.505416
60 0.678528
61 0.594088
62 0.908352
63 0.739584
64 0.919296
65 0.350552
66 0.43776
67 0.459848
68 0.569088
69 0.459648
70 0.30324
71 0.49248
72 0.295488
73 0.71136
74 0.721368
75 0.930096
76 0.886464
77 0.839512
78 1.119496
79 1.00944
80 1.280448
81 0.605032
82 0.853632
83 0.558496
84 0.995904
85 0.91804
86 0.975632
87 0.976056
88 0.75084
89 1.13484
90 0.878392
91 1.322816
92 1.325696
93 1.33768
95 1.45656
96 1.783872
97 1.368408
98 1.4682
99 1.707264
100 1.376432
101 1.610184
102 1.687128
104 1.004536
105 1.67432
106 1.467688
107 1.943232
108 2.139128
109 1.864304
110 1.8764
111 1.490128
112 1.515888
113 1.54792
116 1.138176
117 0.114864
118 1.127232
119 1.17384
120 1.183656
121 1.14004
122 1.356336
123 1.42272
124 1.181
125 1.346112
126 1.488384
127 1.088952
128 1.335168
134 0.131072
136 0.33324
137 1.33072
138 1.729608
139 1.221312
140 1.02824
141 1.03968
142 0.758544
143 0.901688
144 1.324224
145 1.223704
146 1.234696
147 1.236512
148 1.400272
149 1.444816
151 1.744832
152 1.455552
153 0.911144
154 1.42272
155 1.183088
156 1.063856
157 1.171008
158 1.207248
159 1.42936
160 1.473144
161 1.923624
162 1.244192
163 1.521216
164 0.98036
165 1.236672
166 0.82452
167 1.105344
168 0.810048
169 1.03968
170 0.794368
171 0.941184
172 0.6632
173 0.897168
174 0.969288
175 0.260712
176 0.16416
177 0.634752
179 0.14316
181 1.313312
182 1.685376
183 1.500896
184 1.313088
185 1.761984
186 1.544384
187 1.416744
188 1.51112
189 1.783872
190 1.351664
191 1.60392
192 1.784664
193 1.77548
194 1.483784
195 1.634648
196 1.534072
197 1.452536
199 1.5742
200 1.474152
201 1.336032
202 1.341936
203 1.392952
204 1.108568
205 1.199456
206 1.114248
207 0.908352
209 0.131072
210 1.240712
211 0.612864
212 0.399376
213 0.864576
214 0.45736
215 0.393984
216 0.240768
217 1.147784
218 1.225728
219 1.144304
220 1.20384
221 0.755136
223 0.366424
224 0.580032
225 0.372096
226 0.32832
227 0.652672
228 1.198552
229 1.433664
230 0.952384
231 1.1182
232 0.961192
233 0.986464
234 1.181952
235 0.823664
236 1.14912
237 0.858256
238 1.181952
239 1.192896
240 0.858024
241 1.007584
242 1.16844
243 1.18128
244 0.972072
245 0.775368
247 0.861496
248 1.000616
249 0.76608
250 0.283392
251 0.459648
252 0.065664
253 0.196992
254 0.10944
255 0.065664
256 0.032832
257 0.087552
258 0.21888
260 0.231616
261 0.21888
262 0.175104
263 0.065664
264 0.076608
265 0.689472
267 0.361144
268 0.525312
269 0.525312
270 0.44296
271 0.60192
272 0.744192
273 0.45776
274 0.306432
275 0.372096
276 0.30164
277 0.284544
278 0.284544
279 0.229824
280 0.15484
283 0.10944
284 1.178816
285 0.2736
286 0.5472
287 0.604976
288 0.393984
289 0.295488
290 0.098496
291 0.087552
292 0.153216
295 0.131072
296 0.360408
297 0.10944
298 0.087552
299 0.16416
300 0.131328
301 0.10944
302 0.295488
303 0.470592
304 0.230232
305 0.317376
306 0.404928
307 0.295488
308 0.196992
310 0.21888
311 0.251712
312 0.06668
313 0.2736
314 0.284544
315 0.262656
316 0.240768
317 0.284544
318 0.295488
319 0.204368
320 0.295488
321 0.207936
322 0.153216
323 0.459648
326 0.098496
327 0.909568
328 0.32832
329 0.60192
330 0.612864
331 0.506848
332 0.744192
333 0.630024
334 0.93024
335 0.936776
336 1.0192
337 1.39564
338 1.466496
339 1.012648
340 0.93024
341 0.744192
342 0.431128
343 1.0944
344 0.908352
345 0.691952
346 0.49248
347 0.426816
348 0.5472
349 0.350856
350 0.393984
351 0.306432
352 0.295488
353 0.295488
354 0.186048
355 0.284544
357 0.168504
358 0.284544
359 0.339264
360 0.339264
361 0.284544
364 0.131072
365 0.879208
366 0.229824
367 0.240768
368 0.2736
369 0.196992
370 0.113912
371 0.295488
372 0.21888
373 0.207936
375 0.175104
376 0.142272
377 0.111224
378 0.284544
379 0.2736
380 0.240768
381 0.352088
382 0.2736
383 0.16416
384 0.207936
385 0.186048
387 0.142272
388 0.10944
389 0.148808
390 0.196992
391 0.262656
392 0.404928
394 0.407856
395 0.38304
396 0.339264
397 0.3566
398 0.350208
399 0.2736
400 0.319552
401 0.43776
402 0.404928
403 0.33844
404 0.536256
405 0.54372
406 0.580032
407 0.612864
408 0.4812
409 0.60192
410 0.580032
411 0.459648
412 0.49248
413 0.41812
414 0.415872
415 0.426816
416 0.32832
417 0.295488
418 0.21888
419 0.240768
421 0.120384
424 0.087552
425 0.05084
427 1.494216
428 1.395048
429 1.466224
430 1.740096
431 1.220984
432 1.296304
433 1.3864
434 1.425688
435 1.794816
436 1.32756
437 1.33576
438 1.340824
439 1.460216
440 1.615704
442 1.415232
443 1.399248
444 1.345112
445 1.07692
446 1.23816
447 1.816672
448 1.573672
449 1.95808
450 1.71964
451 1.325648
452 1.429344
453 1.530912
454 1.245016
455 1.760008
456 1.731576
457 1.822224
458 1.550032
459 1.909232
460 1.954136
461 1.70204
462 1.779504
463 1.779336
464 1.77456
465 1.44196
466 1.654312
467 1.622896
468 1.10832
469 1.465952
470 1.04224
471 1.118184
472 1.228448
473 1.389608
475 1.387504
476 1.383168
477 0.787968
478 0.403584
479 0.65664
480 1.501248
481 1.795392
482 1.844016
483 1.533048
484 1.583512
485 1.484592
486 1.57908
487 1.653432
488 1.643864
489 1.659872
490 1.628048
491 1.42256
492 1.297256
493 1.138176
494 0.780088
495 1.136432
496 1.44756
497 1.499328
498 1.269072
499 1.589016
500 1.736232
501 2.06312
502 1.91096
503 1.508952
504 1.432616
505 1.14912
506 1.454352
507 1.373288
509 1.404816
510 1.518896
511 0.829784
512 1.626816
513 1.440488
514 1.516048
515 1.498008
516 1.648696
517 2.046528
518 1.472416
519 1.52292
520 1.507672
521 1.062192
522 1.3382
523 1.482184
524 1.129056
525 1.171008
526 0.355336
527 0.963072
528 1.108664
529 1.17268
530 0.98956
531 1.316344
532 1.475872
533 1.232496
534 1.36744
535 1.52712
536 1.583024
537 1.457656
538 1.165392
539 1.14912
540 1.036784
541 1.2668
542 1.173752
543 1.423624
544 1.254288
545 1.31856
547 0.746296
548 0.941184
549 0.757096
550 1.619712
551 1.288432
552 1.30336
553 1.36448
554 1.4202
555 1.330936
556 1.819184
557 1.528128
558 1.304104
559 1.876648
560 1.022128
561 0.896352
562 0.744472
563 0.853632
564 0.448704
565 0.335928
566 0.689472
567 0.785016
568 0.864576
569 0.71136
571 1.446488
572 2.041824
573 2.177856
574 1.81028
575 2.035584
576 1.851584
577 1.842048
578 1.876744
579 1.7264
580 1.787856
581 1.497648
582 1.589816
583 1.181952
584 0.49248
585 0.624616
586 0.93024
587 1.057
588 0.623808
589 0.448704
590 0.21888
591 0.175104
592 0.525312
594 0.372096
595 0.238936
596 0.306432
597 0.404928
598 0.372096
599 0.317376
600 0.32832
601 0.186048
603 0.470528
604 1.31328
605 0.339264
606 0.856536
607 0.700416
608 0.689472
609 0.65664
610 0.361888
611 0.284544
612 0.175104
613 0.623808
614 1.236088
615 2.483128
616 2.363904
617 1.61656
618 1.66648
619 2.178448
620 2.166912
621 1.458784
622 1.827648
623 1.337824
624 2.02464
625 1.692072
626 1.740072
627 1.65124
629 1.917888
630 2.544192
631 2.124792
632 2.102392
633 1.857424
634 2.042256
635 2.284008
636 2.242088
637 2.133824
638 2.098856
639 2.0134
640 1.526984
641 1.878936
642 2.004376
643 0.698472
644 1.126864
645 1.42272
646 1.833256
647 1.719248
648 1.510384
649 1.627264
650 1.400016
651 1.619712
652 0.362792
653 1.707264
654 1.640208
655 1.594008
656 1.284872
657 1.650832
658 1.389888
659 1.228768
660 1.7886
661 1.811496
662 1.968472
663 1.661672
664 1.582336
665 1.827648
666 1.285552
667 2.115216
668 1.944688
669 2.044576
671 1.513888
672 2.094296
673 1.942392
674 1.905816
675 1.337936
676 1.6416
677 1.20668
678 1.630656
679 0.805336
680 1.310168
681 1.564992
682 1.290624
683 1.69632
684 1.226752
685 1.663488
686 1.127232
687 0.964992
688 0.974016
689 0.372096
690 0.306432
691 0.186048
692 0.229824
693 0.306432
694 0.350208
695 0.411448
696 0.809856
697 0.842688
698 0.88048
699 1.050624
700 0.763552
701 0.919296
702 0.572768
703 0.525312
704 0.777024
705 0.94564
706 1.061568
707 0.777976
709 0.980576
710 0.71136
711 0.284544
712 0.284544
713 0.339264
714 0.17424
715 0.295488
720 0.131072
721 1.85884
722 0.700416
723 0.846136
724 1.028736
725 0.87248
726 1.192504
727 1.306224
728 1.269504
729 1.11044
730 1.243992
732 1.304672
733 1.506576
734 1.03968
735 0.71136
736 0.54896
737 0.634752
738 0.459648
739 0.426816
740 0.369928
741 0.590976
742 0.470592
743 0.43776
744 0.270312
745 0.317376
746 0.131328
748 0.186048
750 0.32832
751 0.207936
752 0.175104
753 0.131328
754 0.196992
759 0.010944
760 0.043776
762 0.05472
783 0.021888
784 0.285728
785 0.842688
786 0.853632
787 0.879632
788 1.554048
789 1.185496
790 0.634752
791 0.393984
792 0.906832
793 2.145024
794 1.963816
795 2.287296
796 2.885232
797 3.0852
798 2.292376
799 2.852912
800 2.93736
801 2.802824
802 2.484152
804 2.446664
805 2.7364
806 2.622464
807 2.82772
808 2.618256
809 3.404384
810 2.474896
811 2.233384
812 2.09556
813 1.81576
814 1.613176
815 1.483368
816 1.639664
818 1.850104
819 2.046528
820 1.569248
821 1.598024
822 1.677808
823 1.541328
824 1.389616
825 1.400832
826 1.351144
827 1.69632
828 1.461464
829 1.611288
830 2.046528
831 1.941744
832 1.93312
833 1.931936
834 1.449112
835 1.554048
836 1.216912
837 1.384608
838 2.190024
839 3.844576
840 3.411664
841 3.2338
842 3.067288
843 3.45724
844 2.591456
845 2.88296
846 2.762088
847 3.122464
848 3.358112
849 3.749864
850 2.30104
851 2.087904
852 2.123136
853 1.916176
854 3.194552
855 3.636768
856 3.113544
857 3.352184
858 4.640576
859 4.428824
860 4.987944
861 4.368952
862 4.479696
864 4.205888
865 4.638968
866 3.718576
867 4.82828
868 4.067816
869 3.875024
870 4.519448
871 5.465016
872 3.826936
873 4.632456
874 3.38772
875 2.872008
876 3.188248
877 2.89964
878 2.68904
879 2.685192
880 2.01164
881 2.32036
882 2.464696
883 2.480992
884 2.199744
885 1.991808
886 1.208848
887 1.160064
888 1.521216
889 2.145024
890 2.009912
891 2.473344
892 1.220696
893 2.440512
894 1.452264
895 1.570944
896 1.685376
897 1.27548
898 1.740096
899 1.810672
900 1.99396
901 2.057472
902 0.503424
903 1.214784
904 1.251544
905 1.47744
906 1.051264
907 1.125288
908 1.988424
909 1.948032
910 1.583248
911 2.090304
912 1.89208
914 1.921296
915 2.002752
916 2.146816
917 2.987712
918 1.155472
919 1.893312
920 1.652544
921 0.895128
922 0.175104
923 0.087552
924 0.809856
927 0.131072
928 2.893712
929 1.061568
930 1.25856
931 0.679488
932 1.105344
933 0.941184
934 1.127856
935 1.444608
936 1.411776
937 1.398856
938 1.652544
939 1.575936
940 1.31824
941 1.75104
942 1.199392
943 1.674432
944 1.411432
945 1.740096
946 1.525968
947 1.433664
948 0.886464
949 0.952272
950 1.14912
951 0.886464
952 0.744192
953 0.543216
954 0.733248
955 1.192896
956 1.072512
957 0.874712
958 1.378944
959 1.502416
960 1.53216
961 0.667584
963 0.16416
964 0.091328
965 0.131328
966 0.404928
967 0.536256
968 0.65664
969 0.995904
970 0.679776
978 0.404928
979 5.340672
980 0.904424
981 1.718208
982 1.368
983 1.083456
984 1.55868
985 1.378944
986 1.346112
987 1.138176
988 0.448448
989 1.318768
990 1.225728
991 1.280448
992 1.564992
993 1.280448
994 1.087792
995 1.324224
996 0.93024
997 0.787968
998 0.8208
999 1.038264
1000 1.411776
1001 0.864576
1002 0.722304
1003 0.722304
1004 0.798912
1011 0.101832
1013 5.410856
1014 0.995904
1015 0.831744
1016 1.105344
1017 1.14912
1018 0.974016
1019 0.681976
1020 0.864576
1021 1.225728
1022 1.75104
1023 1.337232
1024 1.017792
1025 0.733248
1026 0.558144
1027 0.87552
1028 1.368
1029 0.776872
1030 0.5472
1032 0.207936
1033 0.262656
1034 0.722304
1035 1.6416
1036 1.521216
1037 1.269736
1038 1.838592
1039 1.663488
1040 1.255736
1041 1.181952
1042 0.842688
1043 0.689472
1044 0.481536
1045 0.525312
1046 0.809856
1047 1.280448
1048 1.156392
1049 1.740096
1050 1.69632
1051 1.324224
1055 0.206104
1056 5.37236
1057 0.974016
1058 1.389888
1059 1.608768
1060 1.661032
1061 1.510272
1062 1.685376
1063 1.511224
1064 1.597824
1065 1.69632
1066 1.6416
1067 1.15672
1068 0.908352
1069 0.798912
1073 0.131072
1074 5.32444
1075 1.75104
1076 1.284848
1077 1.75104
1078 1.69632
1079 1.051664
1080 0.733248
1081 0.612864
1082 0.678528
1083 1.521216
1087 0.795176
1088 6.052032
1089 1.157216
1090 1.761984
1091 1.882368
1092 1.560504
1093 1.20384
1094 1.25856
1095 0.864576
1096 0.87552
1097 0.742912
1098 0.612864
1099 1.291392
1100 1.849536
1101 1.783872
1102 1.362472
1103 1.652544
1104 1.455552
1105 1.291392
1106 1.466496
1107 1.613256
1108 1.58688
1114 1.269504
1115 5.25312
1116 0.974016
1118 0.175104
1119 0.895216
1120 1.006848
1121 0.87552
1122 0.404928
1123 0.678528
1124 0.667584
1125 0.536256
1126 0.43776
1127 0.645696
1128 0.864576
1129 1.171008
1130 1.210776
1131 1.564992
1132 1.564992
1133 1.499328
1134 1.400832
1135 1.183216
1136 1.499328
1137 1.564992
1138 1.319416
1139 1.53216
1140 1.277888
1141 1.519848
1142 1.554048
1143 1.295
1144 1.75104
1145 1.320776
1146 1.630784
1147 1.913768
1148 1.58688
1149 0.8486
1150 1.105344
1151 1.007104
1152 1.510272
1153 1.246096
1154 1.521216
1155 1.69632
1156 0.878928
1157 1.663488
1158 1.163976
1159 1.499328
1160 1.31328
1161 1.138248
1162 1.225728
1163 0.897408
1164 0.936192
1165 1.017792
1166 1.192896
1167 1.419592
1168 1.6416
1169 1.417912
1170 1.69632
1171 1.38424
1172 1.619712
1173 1.31248
1175 1.60464
1176 1.827648
1177 1.548904
1178 1.69632
1179 1.439704
1180 1.255032
1181 1.444608
1182 1.376008
1183 1.31328
1184 1.6416
1185 1.215104
1186 1.740096
1187 1.318656
1188 1.335168
1189 1.362272
1190 1.551528
1191 1.716784
1192 1.816704
1193 1.608768
1194 1.08572
1195 1.827648
1196 1.412224
1197 1.849536
1198 1.4082
1199 1.761984
1200 1.326192
1201 1.53216
1202 1.357056
1203 1.58688
1204 1.2524
1205 1.630656
1206 1.849536
1207 1.522032
1208 1.608768
1209 1.433232
1210 1.608768
1211 1.510272
1212 1.239536
1213 1.597824
1214 1.070248
1215 1.554048
1216 1.606792
1217 1.6416
1218 1.718208
1219 1.668232
1220 1.512328
1222 2.036456
1223 2.210688
1224 1.69384
1224 0.809856
