0 1.480608
1 2.523512
2 1.384944
3 1.57144
5 1.362584
6 1.42384
7 1.723632
8 1.732472
9 1.840832
10 1.354152
11 2.80428
12 2.941864
13 2.397744
14 3.086064
15 2.982856
16 2.896568
17 3.426928
18 3.666704
19 2.911056
20 3.720712
21 2.422008
22 2.440864
23 0.364064
24 0.240768
25 0.49248
26 1.116288
27 0.346616
28 0.864576
29 1.006848
30 0.593904
31 0.306432
32 0.186048
33 0.251712
34 0.186048
35 0.16416
37 0.728864
38 2.035584
39 1.734312
40 1.5694
41 1.413144
42 1.520672
43 1.515808
44 1.701008
45 2.295288
46 2.165584
47 2.343768
48 1.990528
49 1.006848
50 1.09904
51 1.72784
52 2.898896
53 2.562032
54 2.415416
55 2.294768
56 2.293568
57 2.309632
58 2.856384
59 2.020456
60 1.112736
61 2.670336
62 0.674576
63 2.13408
66 0.887808
67 2.02464
68 2.685688
69 1.291392
70 1.07248
71 0.919296
72 0.700416
73 0.2948
75 0.10944
76 0.10944
77 0.087552
78 0.21888
79 0.16416
80 0.120384
81 0.558144
83 0.459648
84 1.140632
85 1.455552
86 1.028736
87 0.848216
88 1.849536
89 2.02032
90 1.017792
91 0.777024
92 0.999728
93 1.291392
94 1.294464
95 0.919296
96 1.269504
97 1.327992
98 2.02464
99 1.419552
100 1.411776
101 0.852032
102 1.31328
103 1.346112
104 1.003064
105 1.247616
106 1.14912
107 1.324224
108 1.013552
109 1.280448
110 0.943656
111 1.116288
112 0.771544
113 1.028736
114 0.774192
115 1.017792
116 0.874056
117 1.411776
118 1.322152
119 1.793728
120 1.536456
121 2.418624
122 1.739576
123 2.699032
124 2.035976
125 1.634128
126 1.546568
127 1.653544
128 1.982848
129 2.046528
130 1.7678
131 2.184904
132 2.011752
133 2.074656
134 2.340304
135 2.112192
136 1.815672
137 2.451456
138 1.714096
139 2.637504
141 1.8872
142 2.24352
143 2.51988
144 2.501656
145 2.947696
146 2.188488
147 2.867328
148 1.618968
149 2.856384
152 1.064216
153 2.07936
154 2.135552
155 2.510264
156 2.1548
158 2.202688
159 2.703168
160 0.73368
162 2.393776
164 2.38124
166 2.532792
167 2.090304
168 1.638648
169 2.101248
170 2.254464
171 1.870472
172 2.4624
173 2.31572
174 2.670336
175 1.895312
176 2.382784
177 2.221632
178 2.124536
179 1.964944
182 2.372696
183 2.145024
184 1.102608
186 2.934128
188 3.042072
190 3.348456
192 3.341616
199 3.067304
200 0.415872
201 0.76608
202 0.952128
203 1.40048
204 2.661672
205 4.318536
206 4.87948
207 4.4886
208 2.424832
210 2.03644
212 3.299064
214 3.092056
215 3.075904
216 4.285144
218 3.511408
220 3.749376
222 3.344768
224 2.869392
226 2.53944
228 1.864768
234 2.051696
235 0.372096
236 0.700416
237 0.8208
238 1.27752
239 2.856384
240 2.799008
241 2.714112
242 1.726744
243 2.37524
244 3.17376
245 2.321232
246 2.703168
247 1.249928
248 1.893312
249 2.123136
250 1.392976
251 1.510272
252 1.543104
253 1.35228
254 0.864576
255 0.65664
256 0.503424
257 0.525312
270 0.098496
271 0.098496
272 0.098496
273 0.148528
274 1.346112
275 1.314504
277 1.317912
278 1.99032
279 2.10344
280 2.084672
281 2.066152
282 1.875168
283 1.685376
284 1.756464
285 1.895096
286 1.978832
287 1.973368
288 1.985728
289 1.927664
290 1.779784
292 1.955784
293 2.604672
294 1.21672
295 1.346112
296 1.906224
297 2.013696
298 1.667112
299 1.752792
300 1.718744
301 2.009128
302 1.996
303 2.117768
304 1.719064
305 1.214784
306 1.685376
307 1.174576
308 1.58688
309 1.707264
310 1.315224
311 1.926144
312 1.625544
313 1.71412
315 2.48656
316 2.160424
317 2.244296
318 2.33108
319 2.631176
320 1.247616
321 1.696288
322 1.958976
323 1.36308
324 2.145024
325 1.6856
326 1.763496
327 2.495232
328 2.018896
329 2.714112
330 1.752704
331 1.602176
332 2.057472
333 1.224632
334 2.287032
335 2.582784
336 1.298136
337 1.718208
338 2.033824
342 2.898128
343 2.812608
346 0.969664
347 2.582784
348 0.618024
350 2.1888
351 0.994104
352 1.745416
353 2.396736
354 2.068112
355 2.002752
356 2.046528
357 2.44348
358 2.641728
359 3.588672
362 3.577528
363 2.342016
364 1.734288
365 2.145024
366 1.723928
367 1.761984
368 1.766984
369 2.483192
370 1.376968
372 1.740696
374 2.372104
376 2.001416
378 1.706216
380 2.093784
382 2.161992
384 2.622864
385 3.140928
386 2.056888
387 2.4624
388 2.320128
389 2.02532
390 1.80248
392 2.631144
393 2.385792
394 0.618688
395 2.320128
396 1.37536
397 2.29824
400 1.170544
401 2.57184
402 1.43504
403 2.506176
404 0.86204
405 2.834496
406 1.30832
407 2.998656
408 0.504456
409 3.0096
410 2.544752
411 2.061336
414 2.55124
415 2.62656
416 0.173728
418 2.256552
419 0.952128
420 0.5472
421 0.426816
422 1.001088
423 1.795984
424 1.58688
425 0.317376
427 0.131328
428 1.673248
429 2.53304
430 2.291592
431 2.08548
432 1.590504
433 1.017792
434 0.974008
435 1.707264
436 2.090408
437 2.254336
438 2.79072
439 1.987568
440 2.198816
444 1.870072
445 1.138176
446 1.335168
448 0.165384
449 1.444608
451 1.374848
452 1.335168
453 1.757344
454 2.29072
455 2.725056
456 2.452216
457 2.473344
458 0.60188
460 2.532864
461 2.692224
462 0.07576
463 1.75104
464 1.740592
465 2.254464
466 2.440512
467 1.578904
468 2.451456
469 1.430104
470 1.20552
471 0.787968
472 0.98496
473 0.685392
474 1.160064
475 1.408736
476 1.404824
477 1.028736
479 0.076608
480 0.098496
481 0.590976
482 0.317896
483 0.339264
485 0.71136
487 0.32832
489 0.010944
490 0.010944
495 0.032832
496 1.71892
497 1.909408
498 1.837088
500 1.6572
501 2.102368
502 1.804752
503 2.14012
504 1.685096
505 1.847224
506 2.268112
507 1.896976
508 2.413856
509 2.84544
510 2.296376
512 3.346024
513 2.665112
514 2.743912
515 2.823552
516 0.27836
518 2.863192
519 2.692224
520 0.191112
521 2.670336
522 2.250096
523 2.545544
526 0.384928
527 3.731904
528 0.997168
529 3.239424
530 2.108512
531 2.093632
532 2.627
534 3.121392
535 3.410656
536 2.8152
538 2.586824
539 2.801664
540 0.228888
542 2.769664
544 2.802136
546 2.82964
548 2.772112
550 2.594512
552 2.239384
553 2.75684
554 2.889216
555 2.8326
558 2.469456
559 2.736
560 2.856384
561 2.268464
564 1.513672
571 2.935256
572 0.798912
573 1.03968
574 1.113648
575 1.499328
576 1.499856
577 1.75104
578 1.178976
579 1.597824
580 1.700096
581 2.381592
582 2.41912
583 3.223256
584 3.623544
591 1.534096
592 0.43776
593 0.71136
594 0.952128
595 1.431248
596 2.731976
597 4.184968
598 2.459152
599 2.112568
600 2.292424
601 2.24988
602 1.17124
604 2.541184
606 1.956584
607 0.755136
608 0.8208
609 0.524736
610 0.306432
611 2.199744
612 1.669224
614 1.848576
615 1.302336
616 1.463112
617 1.575936
618 1.291392
619 0.86964
620 1.25856
621 1.214784
622 0.448704
623 1.015
624 2.166912
625 2.264472
626 2.838024
627 2.88196
628 2.438056
629 2.753712
630 2.19216
632 2.082696
634 2.109816
636 2.244456
638 2.238824
640 2.327832
642 2.46024
644 2.667488
645 3.151872
646 0.38028
647 2.757888
648 1.207296
649 1.20384
650 1.192896
651 1.455552
652 0.599944
653 0.744192
654 1.378944
655 1.740096
656 2.112192
657 2.335512
658 3.343248
659 2.633784
660 2.736
661 2.216344
662 1.6396
663 1.488384
664 0.635032
665 2.033696
666 2.241656
667 2.232576
668 1.145288
669 0.43776
671 0.251712
672 0.459648
673 0.372096
674 0.919296
675 1.391296
676 2.101248
677 1.638984
678 1.729152
679 1.16276
680 1.488384
681 1.53804
682 1.521216
683 0.908352
684 0.634752
685 1.034688
686 1.03968
687 0.798912
688 0.700416
689 1.150848
690 1.794816
691 1.177224
692 0.952128
693 0.623808
694 1.827648
695 1.146248
696 1.80576
698 1.392312
699 2.057472
700 1.31328
701 1.214752
702 1.893312
703 1.6416
704 0.941184
708 0.325032
709 5.454272
710 1.499328
711 1.804256
712 1.871424
713 1.914568
714 1.79936
715 1.575936
716 0.955768
717 1.03968
718 1.007
719 1.926144
720 1.335008
721 1.893312
722 1.389888
723 0.936144
724 1.204984
725 1.58688
726 0.949072
728 1.56072
729 0.853632
730 1.791528
731 2.045096
732 1.6304
733 1.89092
734 1.925848
735 1.543104
736 0.53108
737 1.291392
738 1.474008
739 1.466176
740 1.543104
741 1.291024
742 1.46116
743 1.401872
744 1.455664
745 1.638208
746 1.75104
747 0.907688
748 1.291392
749 0.90984
750 1.0944
751 0.841296
752 0.897408
753 0.871704
754 1.006848
755 1.14912
756 1.108888
757 1.25856
758 1.389888
759 1.186456
760 1.302336
761 1.302336
762 1.1154
763 1.663488
764 1.14384
765 1.289704
766 1.53216
767 1.179496
768 1.083456
769 1.03968
770 0.919296
771 0.695544
772 0.853632
773 0.93024
774 0.713464
775 0.908352
776 0.886464
777 0.963072
778 1.028736
779 0.553416
780 0.722304
781 1.294416
782 0.941184
783 0.744192
784 0.521968
785 0.755136
786 0.457696
787 0.393984
788 0.5472
789 1.229344
791 1.787864
792 1.329528
793 1.654104
794 1.926144
795 1.305104
796 1.611608
797 2.068416
798 1.429144
799 1.857368
800 1.356288
801 1.772928
802 1.281472
803 1.411776
804 1.127232
805 0.943104
806 1.214784
807 1.236672
808 0.838264
809 1.006848
810 0.667584
811 0.683488
812 1.66096
813 2.090304
814 1.546784
815 0.606376
816 0.514368
817 2.04748
818 1.604384
819 1.202976
820 1.302336
821 1.7382
822 1.40428
823 1.211744
824 1.07212
825 1.153008
826 1.570088
827 2.265408
828 1.873216
829 1.87544
830 1.809424
831 1.892016
832 2.155968
833 1.412888
834 0.481536
835 0.93024
836 1.399776
837 1.171008
838 0.700416
839 0.569088
840 0.80152
841 1.269504
842 0.722304
843 0.729936
844 0.514368
845 0.864576
846 0.897408
847 0.317376
848 0.372096
850 0.2736
851 0.17976
852 0.21888
853 0.240768
854 0.295488
855 0.306432
856 0.240768
865 0.021888
866 0.10944
867 0.10944
868 0.10944
870 0.087552
871 0.098496
886 0.087552
887 1.428248
888 1.326136
889 2.262832
890 2.493736
891 2.109448
