0 2.74108
1 2.41408
2 1.7944
3 1.493912
4 1.784656
6 2.230712
7 2.843456
8 2.835128
9 2.8998
10 3.331384
11 2.682288
12 2.969664
13 2.694328
14 3.301496
16 3.415984
17 2.156432
18 3.417984
19 3.323224
20 3.680568
21 3.11136
22 3.936248
23 3.084752
24 3.238048
25 3.251192
26 4.147056
27 3.913672
28 4.138584
29 3.264672
30 3.65272
31 3.385648
32 3.054928
33 3.870784
34 3.745424
35 3.255048
36 3.295376
37 3.792232
38 3.777728
39 3.012752
40 3.392112
41 3.227864
42 2.521072
43 2.988472
44 2.840936
45 2.114664
46 2.303704
47 2.864496
48 2.743408
49 3.774592
50 3.130216
51 3.282608
52 2.681672
53 2.225104
54 2.499696
55 3.416512
57 3.624384
58 3.106152
59 2.694096
60 3.632384
61 3.439704
62 1.644928
63 2.624984
64 2.803224
65 3.259416
66 3.54256
67 3.044216
68 2.675192
69 3.178648
70 3.417424
71 2.759152
72 3.58876
73 3.686536
74 3.757928
75 3.984608
76 3.040592
77 3.581456
78 4.081224
79 4.123616
81 2.833568
82 3.545208
83 4.153312
84 3.306712
85 4.063664
86 3.17824
87 3.359456
88 3.010504
89 3.817304
90 3.5298
91 3.152104
92 3.611224
93 2.408936
94 2.317248
95 2.486784
96 2.943936
102 0.131072
104 0.47692
105 2.500016
106 3.988672
107 4.518
108 3.83792
109 4.00612
110 2.654304
111 3.885824
112 3.786728
113 3.572728
114 3.402336
116 2.90252
117 3.063736
118 2.407544
119 2.793992
120 3.134176
121 3.575976
122 2.946256
123 3.409352
124 3.847648
125 4.837248
126 4.04092
127 3.228304
128 4.049456
129 4.106776
130 3.036312
131 3.302792
132 4.24984
133 4.629312
134 3.269088
135 3.158728
136 2.749216
137 2.707624
138 2.441288
139 2.27636
140 2.445128
141 3.173728
142 3.486216
143 4.11668
144 4.297904
145 3.019552
146 3.812864
147 2.844344
148 3.687712
149 2.184752
150 3.927136
151 3.894032
152 4.24192
153 3.758952
154 2.925568
155 2.68128
156 2.9108
157 3.362776
158 3.998784
159 3.949824
160 3.851128
161 4.087248
162 3.868952
163 3.583688
164 3.041336
166 2.5048
167 3.083464
168 2.669
169 2.432
170 3.584712
171 3.76104
172 3.961144
173 4.137512
174 3.794288
175 4.108584
176 3.869056
177 3.717376
178 3.501616
179 3.306464
180 3.16028
181 2.906144
182 3.054408
183 2.94968
184 3.523968
189 0.03864
191 0.009
192 2.801664
193 2.233864
194 2.66896
195 2.962152
196 2.452624
197 2.428384
198 2.489264
199 2.510472
200 2.79684
201 3.155496
202 3.03148
203 2.790824
204 2.856256
205 2.470808
206 2.186168
207 2.242168
208 2.704544
209 2.742696
210 2.720416
211 2.662816
212 2.057472
213 1.269504
214 1.215544
215 1.948032
216 1.488384
217 1.138136
218 1.679232
219 2.166912
221 2.59288
222 2.298736
223 2.112192
224 1.214784
225 0.987928
226 1.400832
227 2.320128
228 0.915736
229 1.544784
230 1.80576
231 1.96584
232 2.174816
233 2.554464
234 2.900872
235 3.206248
236 2.879968
237 3.103104
238 3.449928
239 3.100656
240 3.247
241 3.23344
243 3.232168
244 2.860064
245 2.922048
246 2.190816
247 2.429568
248 1.81484
249 1.554048
250 1.80292
251 1.006848
252 1.247616
253 1.680152
254 1.496296
255 1.904256
256 1.854296
257 2.123136
258 1.232536
259 1.335168
260 1.176072
261 1.521216
262 1.44024
263 2.129672
265 2.11408
266 5.812528
267 2.976768
268 2.834144
269 3.020984
270 3.4716
271 3.148
272 3.077704
273 2.258656
274 2.834496
276 2.943832
277 3.404056
278 2.950024
279 2.334352
280 3.251152
281 3.224344
282 2.242472
283 4.04928
284 2.949128
285 3.808512
286 3.742848
287 2.351392
289 1.554048
290 7.0236
291 3.381696
292 3.467872
293 3.928896
294 3.086888
295 3.534912
296 3.083056
297 3.42172
298 4.093056
299 3.4698
301 1.948112
302 6.14832
303 1.948032
304 1.127232
305 0.402592
306 0.43776
307 0.623808
308 0.809856
309 0.908352
310 1.0944
311 1.100296
312 1.674432
313 1.794816
315 0.949584
316 0.919296
318 0.131072
319 1.806016
320 0.415872
321 0.372096
322 0.306432
323 0.350208
324 0.317376
325 0.317376
326 0.2308
333 0.262656
335 0.05472
336 0.043776
337 0.043776
339 0.043776
340 0.043776
341 0.043776
343 0.043776
344 0.043776
345 0.032832
346 0.043776
347 0.032832
348 0.065664
350 0.065664
351 0.032832
352 0.032832
354 0.05472
355 0.065664
356 0.229824
357 0.196992
358 0.262656
359 0.2736
360 0.284544
361 0.32832
374 0.131328
375 0.010944
376 0.043776
378 0.065664
379 0.131072
380 0.087808
381 0.120384
382 0.076608
383 0.10944
385 0.087552
386 0.120384
387 0.076608
388 0.10944
389 0.10944
390 0.076608
391 0.076608
392 0.076608
394 0.10944
395 0.153216
396 0.153216
397 0.120384
398 0.131328
400 0.131328
401 0.080208
403 0.065664
404 0.076608
405 0.065664
406 0.098496
407 0.10944
408 0.131328
409 0.098496
410 0.087552
411 0.076608
413 0.087552
414 0.065664
415 0.043776
416 0.043776
417 0.010944
428 0.043776
429 0.010944
431 0.16416
432 0.229824
433 0.196992
434 0.186048
435 0.16416
436 0.16416
437 0.16416
438 0.16416
439 0.16416
440 0.153216
441 0.16416
442 0.16416
443 0.16416
444 0.16416
448 0.131072
449 0.689728
451 0.142272
452 0.153216
453 0.103416
454 0.16416
455 0.120384
456 0.120384
477 0.142016
478 0.799168
479 0.065664
496 0.163904
497 0.131584
498 0.10944
499 0.142272
500 0.10944
501 0.098496
502 0.076608
503 0.05472
504 0.065664
509 0.032832
511 0.131072
512 0.208192
513 0.153216
514 0.153216
515 0.153216
517 0.16416
518 0.153216
519 0.16416
520 0.153216
521 0.153216
522 0.120384
