0 0.995232
1 1.238984
2 1.206152
3 0.773392
4 0.77016
5 0.931776
6 0.836656
7 0.7734
8 0.6878
9 1.259232
10 0.913312
11 0.982632
12 1.05868
13 1.093864
15 1.54768
16 1.113344
17 1.2152
18 1.346992
19 1.12388
20 1.264048
21 1.366944
22 1.179448
23 1.244344
24 1.396232
25 1.28076
26 0.933792
27 1.5146
28 0.847976
29 1.313888
30 1.145928
31 1.392048
33 1.090696
34 1.262424
35 1.34544
36 1.105576
37 1.276048
38 1.402176
39 1.422048
40 1.34816
41 1.455728
42 1.45836
43 1.30896
44 1.449744
45 1.118008
46 1.260136
47 1.31968
48 1.342128
49 1.232552
50 1.06708
52 0.995816
53 0.744184
54 0.90348
55 1.195872
56 0.96248
57 1.021512
58 1.029432
59 1.14164
60 1.062296
61 1.049368
62 0.789368
63 0.945992
64 1.079552
65 0.678272
66 0.741784
67 0.66996
68 0.626624
69 0.350696
70 0.55616
71 1.0206
72 0.8234
73 0.81528
74 1.104744
75 1.148856
77 1.116456
78 1.0798
79 1.360104
80 0.916648
81 1.119864
82 0.96376
83 1.023824
84 1.245392
85 0.972888
86 1.37712
88 1.492784
89 1.218096
90 1.124496
91 1.14324
92 1.146168
93 1.07224
94 1.040016
95 1.099456
96 1.064752
97 1.205784
98 1.278928
99 1.072464
100 1.24308
101 1.373104
102 1.277016
103 1.164992
105 0.91612
106 1.216336
107 1.150896
108 1.09028
109 1.297256
110 0.55904
111 1.262096
112 0.485856
113 1.165776
114 1.209912
115 1.028024
116 1.173576
117 1.406104
118 1.247096
119 1.532352
120 1.25368
121 1.040008
122 1.005456
124 0.930728
125 1.2984
126 0.773016
127 1.106872
128 1.14644
129 0.99452
130 0.861512
131 1.126312
132 0.813224
133 1.127712
134 0.95128
136 0.993184
137 0.980584
138 0.883552
139 0.907856
140 1.171824
142 1.114824
143 0.873624
144 1.018608
145 1.016952
146 1.140168
147 0.749
148 0.903912
149 1.025104
150 0.816216
151 0.97548
152 0.848864
153 0.874616
154 1.092944
155 1.130608
156 0.807328
157 0.880176
158 1.029344
159 0.981968
161 1.312072
162 1.051312
163 1.150312
164 1.061296
165 0.99872
166 1.424768
167 0.89616
168 1.022504
169 0.966504
170 0.741224
171 0.923216
172 0.99364
173 1.058392
174 0.971768
175 1.319656
176 1.069696
177 0.655664
178 0.991048
179 0.706264
180 0.806528
181 0.558936
182 0.781008
183 0.644704
184 0.495632
185 0.4918
186 0.477312
188 0.425232
189 0.2736
190 0.131072
191 0.777056
192 0.870336
193 0.967152
194 0.987368
195 0.91972
196 1.074528
197 1.260232
199 1.217424
200 1.074128
201 1.107792
202 0.904896
203 1.0056
204 1.059344
205 1.380016
206 1.33172
207 1.2586
208 1.153608
209 0.983256
210 1.01856
211 1.208064
212 0.87432
213 1.061464
214 0.92716
215 0.957496
216 0.546984
217 0.514368
218 0.685704
219 0.502408
220 0.517648
221 0.90588
222 0.723144
223 0.561504
224 0.520408
226 0.384176
227 0.765464
228 0.59516
229 0.415872
230 0.688576
231 0.609056
232 0.43776
234 0.167808
235 0.671296
236 0.7506
237 0.970536
238 0.795336
239 0.778728
240 0.610624
242 0.540248
243 0.526152
244 1.10804
245 0.904016
246 0.907272
247 0.832328
248 0.896
249 1.048024
250 1.076752
252 0.969576
253 0.916232
254 0.852864
255 0.519456
256 0.21888
257 0.704968
258 0.543792
259 0.328832
260 0.536256
261 0.373944
262 0.36392
264 0.16416
265 0.207936
266 0.265664
267 0.49248
268 0.431352
269 0.372096
270 0.274464
271 0.809856
272 0.763808
273 0.601776
274 0.73976
275 0.548128
276 0.617728
277 0.587512
278 0.31472
279 0.295488
280 0.242984
281 0.306432
282 0.213648
283 0.32832
284 0.288016
285 0.503512
286 0.263024
287 0.415872
288 0.326024
289 0.364968
291 0.335488
292 0.448016
293 0.142272
294 0.16416
295 0.196992
296 0.186184
297 0.350208
298 0.174544
299 0.372096
300 0.152544
301 0.240768
304 0.087552
305 0.122872
307 0.186048
319 0.076608
320 0.42924
322 0.807552
323 0.262656
324 0.107232
325 0.142272
327 0.098496
328 0.120384
329 0.16416
330 0.14372
331 0.229824
332 0.207936
333 0.207936
334 0.160352
335 0.262656
336 0.32832
337 0.424304
338 0.306432
339 0.131328
340 0.093008
341 0.16416
342 0.175104
343 0.204312
344 0.251712
345 0.187608
346 0.32832
347 0.255856
348 0.2736
350 0.413848
351 0.295488
352 0.196992
353 0.229024
354 0.2736
355 0.25088
356 0.339264
357 0.235256
358 0.49248
359 0.266568
360 0.21888
361 0.229824
362 0.182736
363 0.306432
364 0.183496
365 0.404928
366 0.290104
367 0.337088
368 0.249776
369 0.196992
370 0.152016
371 0.372096
372 0.189864
373 0.21888
374 0.207936
375 0.226808
376 0.317376
377 0.428784
378 0.358168
379 0.404928
380 0.30344
382 0.196144
383 0.251712
384 0.302264
385 0.295552
386 0.448704
387 0.316296
388 0.312888
389 0.459648
390 0.30056
391 0.451384
392 0.599272
393 0.479968
394 0.450808
395 0.448704
396 0.180488
397 0.186048
398 0.131328
399 0.131328
400 0.128032
401 0.076608
402 0.098496
403 0.16416
404 0.22756
405 0.525312
406 0.319864
407 0.284544
409 0.251712
410 0.174064
411 0.186048
412 0.175104
413 0.200344
414 0.229824
415 0.226256
416 0.29348
417 0.240768
418 0.196992
419 0.207936
420 0.177192
421 0.295488
422 0.321016
423 0.306432
424 0.295488
425 0.388552
426 0.412888
427 0.570536
428 0.345688
429 0.41372
430 0.484648
431 0.512368
432 0.606832
433 0.433704
434 0.348896
436 0.532976
437 0.587504
438 0.623008
439 0.73348
440 0.721104
441 0.749696
442 0.82572
443 0.750632
444 0.84884
445 0.86684
446 0.97464
447 0.888288
448 1.014048
449 0.704128
450 1.080496
451 0.768608
452 1.044824
453 0.970256
454 0.561016
455 0.975088
456 0.769576
458 0.775192
459 0.882768
460 0.8416
461 0.869104
462 0.654752
463 0.759488
464 0.5646
465 0.478208
466 0.56076
467 0.805584
468 0.856888
469 0.924728
470 0.623768
471 0.981928
472 0.95796
473 0.806808
474 0.846624
475 0.795904
476 0.705008
477 1.044432
478 0.734512
479 0.662192
480 0.524544
481 0.64272
482 0.588632
483 0.579912
484 0.462
486 0.448704
491 0.051336
492 0.009016
493 0.668824
494 1.311752
495 1.293608
496 1.581344
497 1.274304
498 1.214544
499 1.208608
500 1.182408
502 1.453976
503 1.56192
504 1.445784
505 1.287232
506 1.522736
507 1.234504
508 0.663576
509 1.50492
510 1.368824
511 1.723456
512 1.596088
513 1.153552
514 1.409712
515 1.443296
516 1.568856
518 1.486016
519 1.060528
520 1.504712
521 0.92756
522 1.391984
523 1.207848
524 1.19088
525 1.742136
526 1.8016
527 1.509592
528 1.43844
529 1.273176
530 1.705376
531 1.417272
532 1.415456
533 1.599232
535 1.680064
536 1.419424
537 1.598416
538 1.088248
539 1.422416
540 1.26864
541 1.260696
542 1.454008
543 1.50164
544 1.546352
545 1.56564
546 1.137136
547 1.278184
548 0.856416
549 1.100568
550 0.657632
551 0.906328
552 1.085208
553 1.678904
554 1.565104
555 1.242048
557 1.111872
558 0.498184
559 0.756024
560 0.486504
561 0.615072
562 0.594024
563 0.896472
564 0.53152
565 1.020576
566 1.39564
567 1.797904
568 1.854608
569 1.3798
571 1.727128
572 1.600376
573 1.639928
574 1.74004
575 1.702384
576 1.697688
577 1.434736
578 1.199728
579 0.255328
580 0.317376
581 0.348792
582 1.014168
583 0.69772
584 0.659632
585 0.378584
586 0.229824
587 0.221208
588 0.75056
589 0.654608
590 0.556744
591 0.470592
592 0.478328
593 0.356168
594 0.415872
596 0.443624
597 0.156392
598 0.468864
599 0.956088
600 1.219184
601 1.342536
602 1.160024
603 1.008248
604 0.749656
605 0.32724
606 0.807856
607 0.4532
608 0.52064
609 0.827736
610 0.811224
611 1.034248
612 0.306552
613 0.195056
614 1.310864
615 1.649888
616 1.649704
618 1.864456
619 1.580832
620 1.320888
621 1.235152
622 0.828384
623 0.764288
624 1.022408
625 0.778904
626 0.43556
627 0.359
628 0.91016
629 1.165688
631 1.274064
632 1.341064
633 1.272216
634 1.353688
635 1.721216
636 1.545856
637 1.892488
638 1.76136
639 1.07396
640 1.600776
641 1.407552
642 1.291968
643 1.252552
644 1.421768
645 1.383744
647 1.321536
648 1.63488
649 1.740264
650 1.243792
651 1.162712
652 1.553168
653 1.1564
654 1.300816
655 1.297768
656 1.44248
657 1.317696
658 1.606088
659 1.45396
660 1.31264
661 1.507192
662 1.599232
663 1.35936
665 1.562048
666 1.158744
667 1.496056
668 1.148952
669 1.352576
670 1.696056
671 1.479008
672 1.794848
673 1.866304
674 1.411616
675 1.605816
676 1.816136
677 1.741168
678 1.796056
679 1.467168
680 1.56984
681 1.309376
682 1.017064
683 1.654712
685 1.312024
686 1.812024
687 1.73012
688 1.94772
689 1.361856
690 1.656608
691 1.527064
692 1.510368
693 1.55916
694 1.634864
695 1.832408
697 1.79764
698 1.590408
699 1.328296
700 1.299032
701 1.466384
702 0.984016
703 1.045288
704 0.502952
705 0.541192
706 0.600168
707 0.850272
708 0.748128
709 1.162824
710 1.641232
711 1.076096
712 1.305752
713 1.100584
714 1.102256
715 1.259336
716 1.298336
717 1.083952
718 1.015792
719 1.011648
720 0.879536
721 0.848784
722 0.792272
723 1.175872
724 0.976272
725 0.542456
726 0.503312
727 0.439024
728 0.564216
729 0.750752
730 0.77444
731 1.058984
733 0.852856
734 1.20748
735 1.051352
736 1.197544
737 1.245328
738 1.188088
739 1.160088
740 1.123992
741 1.010624
742 0.8248
743 0.788936
744 0.54376
745 1.034752
746 0.977416
747 0.778488
748 0.965608
749 1.172664
750 1.146832
751 1.323288
752 0.951832
754 1.135728
755 1.063224
756 0.606048
757 0.58448
758 0.755472
759 0.910776
760 0.531328
761 0.320384
762 0.021888
763 0.404928
764 0.192344
765 0.295488
766 0.163864
767 0.2736
769 0.207936
770 0.097504
771 0.415872
772 0.198632
773 0.207936
774 0.175104
775 0.24176
776 0.533552
777 0.306432
778 0.237176
779 0.54632
781 0.38304
782 0.308248
783 0.716264
784 0.46956
785 0.704552
786 0.612864
787 0.234704
788 0.295488
789 0.659488
790 0.694912
791 0.735696
792 1.06216
794 1.032232
795 0.69144
796 1.010224
797 1.219728
798 1.286304
799 1.327288
800 1.106352
801 1.064008
802 1.63092
803 1.538448
804 1.46632
805 1.150216
807 1.869088
808 1.628992
809 1.680984
810 1.797424
811 1.287464
812 1.729304
813 1.467728
814 1.587064
815 1.598344
816 1.858824
817 1.89192
818 1.67028
819 1.344672
820 1.621072
821 1.51212
822 1.27
823 1.210304
824 1.19972
826 1.112776
827 1.06924
828 0.977968
829 0.963872
830 0.904048
831 0.957256
832 1.080976
833 1.100064
834 1.214296
835 1.0832
836 0.975832
837 1.096256
839 1.2228
840 1.047968
841 1.010376
842 1.002328
843 1.174528
844 1.250568
845 0.810712
846 0.994648
847 0.917904
848 1.12948
849 1.12304
850 0.888624
851 1.106624
852 0.713744
853 0.676632
854 0.79556
855 0.696648
856 0.93564
857 1.329664
858 2.21152
859 1.983504
860 2.189776
862 1.8514
863 1.714424
864 2.139488
865 1.745176
866 1.045704
867 1.430328
868 1.349096
869 1.255656
870 1.364144
871 1.42924
872 1.332168
874 1.272496
875 1.255504
876 1.301672
877 1.251544
878 1.05868
879 1.167672
880 0.827512
881 1.168256
883 1.691928
884 1.602352
885 1.631544
886 1.682904
887 1.114904
888 0.9814
889 1.190264
890 1.320336
891 1.817608
892 1.875296
893 1.363536
894 0.776248
895 1.06992
896 1.34784
897 1.038992
898 1.445192
899 1.526112
900 1.48192
901 0.678392
903 1.29212
904 1.471488
905 2.038536
906 1.514024
907 1.443616
908 1.463608
909 1.271392
910 1.095304
911 1.519296
912 1.135536
913 1.157672
914 0.97096
916 1.052064
917 0.952504
918 1.080352
919 0.911976
920 0.949432
921 0.987608
922 0.780344
923 0.79776
924 0.839
925 1.052536
926 0.937088
927 0.861992
928 0.710072
929 0.580032
930 0.895184
931 1.086736
932 1.41184
933 1.185544
935 1.536792
936 1.565088
937 1.505248
938 0.62956
939 1.311
940 1.30724
941 0.6136
942 0.240768
943 0.131072
945 0.161048
946 0.05472
947 1.19028
948 0.878304
949 0.71348
950 0.727496
951 0.629736
952 0.54964
953 0.724736
954 0.931968
955 0.899152
956 0.9778
957 0.986656
958 0.86268
959 0.768392
960 0.736432
961 0.97252
962 1.026416
963 1.114984
964 0.66464
965 1.058384
967 0.656744
968 0.7084
969 0.737632
970 0.902008
971 0.746728
972 0.470592
973 0.329384
974 0.31924
975 0.827304
976 0.818752
977 1.290928
978 1.040752
979 1.332536
980 1.185672
981 1.778984
982 1.146544
986 0.755136
987 0.032832
988 0.196336
989 0.525312
990 1.140224
991 0.872448
992 0.142272
993 0.46244
994 0.340176
995 0.598376
996 0.40856
997 0.476096
998 0.317376
999 0.490296
1001 0.225504
1002 0.52464
1003 0.620104
1004 0.863824
1005 0.946704
1006 1.441336
1007 0.986872
1008 1.126672
1009 0.985128
1011 1.140296
1012 1.127592
1013 1.320288
1014 1.067392
1015 1.64784
1016 1.323096
1017 1.039704
1018 1.136056
1019 1.378384
1020 0.981976
1021 1.369504
1022 1.0244
1023 1.22484
1024 0.9824
1025 0.920464
1026 1.098008
1027 1.050016
1028 0.988272
1029 1.273384
1030 1.490888
1031 1.260144
1032 1.729824
1033 1.845968
1034 1.17044
1036 1.843408
1037 1.737632
1038 1.960792
1039 1.824232
1040 1.753856
1041 1.85468
1042 1.480376
1043 1.633096
1044 1.322352
1045 1.627776
1046 1.336152
1047 1.421184
1048 1.660104
1049 1.510704
1051 1.504408
1052 1.31524
1053 1.400248
1054 1.758248
1055 1.89376
1056 1.540848
1057 1.428792
1058 1.925744
1059 2.017872
1060 1.470144
1061 1.7288
1062 1.376328
1063 0.895776
1064 1.17636
1065 1.056112
1066 0.843968
1067 0.781672
1068 0.641328
1069 0.26128
1070 0.10944
1071 0.734808
1072 1.135728
1073 1.115216
1074 0.543
1076 0.6538
1077 0.701504
1078 0.478768
1079 0.47396
1080 0.404928
1081 0.488712
1082 0.853016
1083 0.835296
1084 0.71928
1085 1.091544
1086 0.967984
1087 0.513912
1088 0.251712
1090 0.10944
1091 0.505568
1092 0.702928
1093 0.786424
1094 0.687024
1095 0.806888
1096 0.696416
1097 0.54628
1098 0.686128
1099 0.625608
1100 0.901464
1101 0.988656
1102 0.79504
1103 0.649016
1104 0.728584
1105 0.87556
1106 1.026256
1107 0.909984
1108 0.891944
1109 0.88092
1110 0.804864
1111 0.812344
1112 0.877256
1113 0.65228
1114 0.949376
1116 1.37628
1117 1.213288
1118 0.716168
1119 0.764408
1120 0.56924
1121 0.568896
1122 0.718032
1123 0.805248
1124 0.764232
1125 0.87776
1126 0.862288
1127 0.606552
1128 0.507256
1129 0.510424
1130 0.47064
1132 0.53888
1133 0.76512
1134 0.627984
1135 0.869408
1136 0.752296
1137 0.569048
1138 0.735488
1139 0.522472
1140 0.521232
1141 0.734968
1142 0.84712
1143 0.841816
1144 1.023232
1145 0.967016
1146 0.906752
1147 0.874776
1148 0.884064
1149 0.9184
1150 0.923648
1151 1.095592
1152 1.04956
1153 0.970816
1154 0.822408
1155 0.951384
1156 0.697112
1157 1.015712
1158 0.721944
1159 1.0972
1161 0.904184
1162 0.924064
1163 0.687096
1164 0.746248
1165 0.996448
1166 0.72136
1167 1.068048
1168 0.915136
1169 0.464576
1170 0.350208
1171 0.471264
1172 0.9152
1173 0.9078
1174 0.98588
1175 0.96088
1176 0.870416
1177 1.03052
1178 1.053456
1179 1.069224
1180 1.082728
1181 1.147424
1182 1.203248
1183 1.014504
1184 1.00056
1185 1.089288
1186 1.114536
1188 1.33532
1189 0.968624
1190 1.14116
1191 1.015664
1192 1.076592
1193 1.093728
1194 1.091432
1195 1.073384
1196 0.959576
1197 0.9212
1198 0.959512
1199 0.848768
1200 0.957448
1201 1.067664
1202 0.885384
1203 0.840368
1204 0.88168
1205 0.510944
1206 1.019152
1208 0.97644
1209 1.030992
1210 1.124112
1211 1.055104
1212 1.094856
1213 1.003808
1214 1.144888
1215 0.916008
1216 1.287928
1217 1.04528
1218 1.040176
1219 0.796888
1220 0.761264
1221 0.749952
1222 0.806344
1223 0.78344
1224 1.46652
1225 1.506608
1226 1.66896
1228 1.616616
1229 1.368512
1230 1.424856
1231 1.418904
1232 1.775304
1233 1.300192
1234 1.199112
1235 1.630896
1236 1.341184
1237 1.184024
1238 1.117488
1239 1.205568
1240 1.299896
1241 1.063312
1242 1.028552
1243 0.850608
1244 1.018424
1245 1.165472
1246 1.150424
1248 1.114608
1249 1.12644
1250 1.166568
1251 1.250064
1252 1.38628
1253 1.013048
1254 1.104232
1255 1.111312
1256 1.077392
1257 0.8204
1258 0.488784
1259 0.763592
1260 0.874632
1261 0.862184
1262 0.619848
1263 0.465816
1264 0.404928
1265 0.182936
1267 0.299616
1268 0.306432
1269 0.296232
1270 0.284544
1270 0.043592
