0 1.460632
1 2.35296
3 1.078912
4 1.165744
5 1.13208
6 1.13276
7 0.98608
8 1.289648
9 1.323232
10 1.136592
11 1.549824
12 1.29576
13 1.881936
14 1.899952
15 1.2662
16 1.764568
17 1.246024
18 1.302336
19 0.902888
20 1.212736
21 1.219552
22 0.947472
23 0.66892
24 0.919296
25 0.744584
26 1.060472
27 1.060816
28 0.67808
29 0.590976
30 0.709168
31 1.181576
32 0.948112
33 1.040288
35 0.977696
36 1.061568
37 0.713064
38 0.8196
39 0.560808
40 0.251712
41 1.689552
42 1.348344
43 1.338904
44 1.58104
45 1.375832
46 1.255184
47 1.129424
48 0.928488
49 0.978152
50 1.090752
51 1.231448
52 0.525328
53 1.070704
55 0.784472
56 0.972248
57 0.928312
58 0.92084
59 0.931144
60 1.008104
61 0.729536
62 1.137616
63 1.31256
64 1.315272
65 1.261672
66 1.44
67 1.641944
68 1.324424
69 1.594632
70 1.46556
71 1.575792
72 1.321048
73 1.636456
74 1.80904
75 1.764192
76 1.316664
77 1.109
78 0.915
79 1.27464
80 1.317216
81 1.708736
82 1.797328
83 1.779304
84 1.646952
85 1.75024
86 1.336328
87 1.423296
88 0.737752
89 0.806136
90 0.986272
91 0.667584
93 0.801264
94 0.93792
95 1.280448
96 0.870056
97 0.893264
98 1.043384
99 0.43776
100 0.131072
102 0.53676
103 0.867192
104 0.65664
105 0.505008
106 0.80536
107 0.689472
108 0.516408
109 0.678528
110 0.178552
111 0.251712
112 0.678528
113 0.928048
114 0.893136
115 0.831744
117 0.507832
118 0.448704
119 0.43776
120 0.459648
121 0.306432
122 0.087552
123 0.685688
124 0.8208
125 0.492432
126 0.71332
127 0.721568
128 0.563776
129 0.80828
130 0.722304
131 0.722192
133 0.5764
134 1.218824
135 1.029576
136 1.121928
137 0.612864
138 0.444056
139 0.623808
141 0.287048
142 0.65664
143 0.450344
144 0.306432
145 1.07652
146 0.71136
147 0.609888
149 0.60192
150 0.623808
151 0.271072
152 0.590976
153 1.08476
154 1.18944
155 1.152424
156 1.173744
157 1.184856
158 1.22188
159 1.450576
160 1.233496
161 1.58368
162 1.3368
163 1.488112
164 1.060928
165 1.394904
166 1.415048
167 1.513296
168 1.2054
169 1.791216
170 1.110184
171 1.389704
172 1.220328
173 1.166608
174 1.306368
175 0.38304
176 0.530744
177 1.159048
178 1.363584
179 1.262248
180 1.424216
182 1.107104
183 1.175688
184 0.763272
185 1.329272
186 1.355936
187 1.517576
188 1.189176
189 1.678624
190 2.004168
191 1.580296
193 1.80012
194 1.79896
195 1.676144
196 2.061368
197 1.438608
198 1.588608
199 1.525552
200 1.335232
201 1.43176
202 1.68568
203 1.238136
204 1.424808
205 1.420056
206 1.191976
207 1.309728
209 1.25344
210 1.105344
211 1.359464
212 1.442136
213 1.36612
214 1.038448
215 1.081048
216 0.794864
217 0.864576
218 0.655512
219 0.98496
220 0.497352
221 0.404928
222 0.65664
223 0.406856
224 0.503424
225 0.580032
226 0.459648
227 0.515136
228 0.645696
229 0.47708
230 0.700416
231 0.674072
232 0.60192
233 0.483928
234 0.676312
235 0.8208
236 0.5518
237 0.828672
238 0.52208
240 0.723448
241 0.668904
242 0.435824
243 0.355064
244 0.415872
245 0.361152
246 0.267592
247 0.426816
248 0.432592
249 0.525312
250 0.393984
251 0.393984
252 0.300568
253 0.426816
254 0.514368
255 0.52736
256 0.569088
257 0.56912
258 0.814184
259 0.897408
260 0.322864
261 0.667584
262 0.515832
263 0.809856
264 0.432768
265 0.678528
266 0.388088
267 0.021888
268 0.196992
270 0.43776
271 0.435512
272 0.295488
273 0.634752
274 0.37056
275 0.415872
276 0.32832
277 0.29956
278 0.175104
279 0.295488
280 0.350208
281 0.175104
282 0.175104
283 0.1082
284 0.186048
285 0.558144
286 0.369336
287 0.87552
288 0.55324
289 0.582056
290 0.60192
291 0.495872
293 0.710432
294 0.634752
295 0.386584
296 0.38304
297 0.196992
298 0.076608
299 0.297792
300 0.415872
301 0.371896
309 0.514368
310 0.3358
311 0.768552
312 1.15988
313 1.172
315 1.241464
316 1.149936
317 0.896568
318 1.220056
319 1.206448
320 1.304128
321 1.408704
322 1.229736
323 1.295608
324 1.289936
326 1.113568
327 1.36528
328 1.313888
329 1.321232
330 1.235464
331 1.224176
332 1.194096
333 1.427496
334 0.580032
335 0.833792
336 0.95088
337 0.913064
338 1.021224
339 0.609896
341 0.98888
342 1.081176
343 1.416584
344 1.429688
345 1.621768
346 1.660608
347 1.528408
348 1.541784
349 1.085528
350 1.808824
351 1.035448
352 1.36284
353 1.553432
354 1.609032
355 1.652192
356 1.362816
357 1.658776
358 1.776464
359 1.320656
361 1.372312
362 1.150872
363 1.042768
364 0.773528
365 1.12184
366 0.816656
367 0.983344
368 1.467864
369 1.028072
370 0.426816
371 0.543392
372 0.872392
373 1.004424
374 0.915048
375 0.623808
376 0.350416
377 0.725432
378 1.403288
379 1.544168
380 1.083176
381 1.403448
382 1.296864
383 1.4226
384 1.644816
386 1.46972
387 1.277312
388 1.358456
389 1.40408
390 1.605872
391 1.4856
392 1.30364
393 1.288424
394 1.662368
395 1.560392
396 1.396136
397 1.709704
398 1.56436
399 1.76924
400 1.61116
401 1.707592
402 1.693792
403 1.694584
404 1.195984
405 1.2896
407 1.315936
408 1.65212
409 1.7206
410 1.869712
411 1.30624
412 1.515616
413 1.165608
414 0.542008
415 0.207936
417 0.131072
418 1.169512
419 0.536256
420 0.450552
421 0.670416
422 0.284544
423 0.684192
424 0.50148
425 0.679528
426 0.70832
427 0.756816
428 0.908352
429 0.742952
430 0.798512
432 0.58668
433 0.842688
434 0.390224
435 0.415872
436 0.44492
437 0.685088
438 0.993496
439 0.514368
440 0.448704
441 0.509416
442 0.284544
443 0.186048
444 0.237784
445 0.372096
446 0.328608
447 0.514368
448 0.48364
449 0.679088
450 0.912528
451 0.853632
452 0.503424
453 0.765608
455 0.676448
456 0.372096
457 0.613016
458 0.186048
459 0.295488
460 0.292416
461 0.306432
462 0.38304
463 0.331192
464 0.241576
465 0.32832
466 0.464736
468 0.789112
469 0.722816
470 0.514368
471 0.759752
472 0.703424
473 0.628344
474 0.843552
475 0.426816
476 0.503424
477 0.470592
479 0.299024
480 0.481536
481 0.365624
482 0.459504
483 0.5472
484 0.378608
485 0.394912
486 0.508288
487 0.543736
488 0.5336
489 0.472808
490 0.531024
491 0.649168
492 0.669968
493 0.521088
494 0.638568
495 0.620032
496 0.272912
497 0.416008
498 0.470592
499 0.294928
500 0.371424
501 0.571576
502 0.571512
503 0.512064
504 0.601648
505 0.435824
506 0.41732
507 0.503424
508 0.444896
509 0.533744
510 0.634752
511 0.432272
512 0.357528
513 0.570648
515 0.584168
516 0.634752
517 0.448704
518 0.321392
519 0.426016
520 0.5792
521 0.585464
522 0.759048
523 0.708048
524 0.68692
525 0.71692
526 0.510256
527 0.349008
528 0.343072
529 0.514368
530 0.470592
531 0.175176
532 0.229824
533 0.262656
534 0.350208
535 0.25512
536 0.350208
537 0.32832
538 0.216216
539 0.393984
541 0.295488
542 0.175104
543 0.145368
544 0.262656
545 0.306432
546 0.312712
547 0.434032
548 0.65664
549 0.500648
550 0.580032
551 0.425
552 0.38304
553 0.35088
554 0.678528
555 0.267304
556 0.339264
557 0.251712
558 0.270712
559 0.196992
560 0.251712
561 0.21888
562 0.17364
563 0.019944
564 0.087552
566 0.010944
567 0.32832
568 0.229824
569 0.185808
570 0.074664
571 0.05472
572 0.16416
573 0.415872
575 0.542928
576 0.514368
577 0.404928
578 0.351104
579 0.196992
580 0.16416
581 0.2736
582 0.16416
583 0.295488
584 0.193088
585 0.361152
586 0.415872
588 0.460104
589 0.503424
590 0.804088
591 1.028736
592 0.717624
593 0.4028
594 0.339264
595 0.284544
596 0.297352
597 0.38304
598 0.377144
599 0.700416
601 0.633448
602 0.787968
603 0.678016
604 0.569088
605 0.4078
606 0.733248
607 0.636096
608 0.436848
609 0.798912
610 0.682256
611 0.757152
612 0.775672
613 0.93024
614 0.694352
615 0.732208
616 0.796736
617 0.382312
618 0.857176
619 1.081136
620 1.029888
621 1.178312
622 1.297336
623 1.321088
624 1.184968
625 1.292024
626 0.991304
627 0.361152
628 0.503424
629 0.393824
630 0.809856
631 0.652856
632 0.706384
634 0.896696
635 0.981432
636 0.954544
637 1.1704
638 1.175328
639 1.043288
640 1.050624
641 0.76428
642 0.724736
643 0.634752
644 0.275136
645 0.284544
646 0.10944
647 0.087552
648 0.076608
650 0.010944
652 0.186048
683 0.010944
684 0.032832
687 0.017328
688 0.021888
692 0.065664
693 0.021888
695 0.021888
696 0.010944
697 0.021888
699 0.032832
700 0.010944
709 0.010944
710 0.087552
711 0.196992
712 0.10944
713 0.098496
714 0.076608
715 0.142272
716 0.175104
717 0.098496
719 0.104344
720 0.10944
721 0.098496
722 0.065664
723 0.065664
724 0.076608
725 0.065664
726 0.087552
727 0.098496
728 0.098496
729 0.087552
730 0.065664
731 0.084656
732 0.098496
733 0.065664
734 0.076608
735 0.05472
736 0.120384
737 0.098496
738 0.065664
739 0.087552
740 0.087552
741 0.042408
742 0.076608
743 0.087552
744 0.087552
745 0.076608
746 0.098496
747 0.098496
748 0.087552
752 0.131072
753 0.208152
754 0.098496
755 0.098496
756 0.076608
757 0.087552
758 0.05472
759 0.065664
760 0.05472
761 0.05472
762 0.05472
763 0.05472
767 0.032832
768 0.16416
771 0.061184
772 0.032832
773 0.043776
774 0.043776
775 0.043776
776 0.043776
777 0.05472
778 0.05472
779 0.05472
780 0.043776
781 0.043776
782 0.032832
783 0.032832
784 0.043776
785 0.032832
800 0.021888
805 0.021888
807 0.05472
808 0.05472
809 0.043776
810 0.05472
811 0.043776
813 0.098496
815 0.069496
816 0.10944
817 0.087552
818 0.076608
819 0.16416
820 0.142272
821 0.120384
822 0.16416
823 0.135664
824 0.009
825 0.153216
826 0.16416
827 0.153216
828 0.142272
829 0.120384
830 0.10944
831 0.120384
834 0.128792
835 0.076608
836 0.098496
837 0.120384
838 0.186048
839 0.175104
840 0.186048
841 0.142272
842 0.16416
843 0.064368
844 0.120384
845 0.153216
846 0.196992
847 0.131328
848 0.142272
849 0.186048
850 0.16416
851 0.0648
852 0.16416
853 0.16416
854 0.16416
855 0.153216
856 0.10944
857 0.120384
858 0.153216
859 0.153216
860 0.16416
862 0.14644
863 0.120384
864 0.10944
865 0.10944
866 0.120384
867 0.153216
868 0.153216
869 0.131328
870 0.097016
871 0.175104
872 0.16416
873 0.120384
874 0.142272
875 0.131328
876 0.142272
877 0.115512
878 0.153216
879 0.131328
880 0.131328
881 0.142272
882 0.175104
883 0.142272
884 0.161392
885 0.131328
886 0.16416
887 0.10944
888 0.131328
889 0.175104
890 0.16416
891 0.15468
892 0.120384
893 0.175104
894 0.16416
895 0.131328
896 0.207936
897 0.186048
898 0.07704
899 0.207936
900 0.153216
901 0.153216
902 0.153216
903 0.102288
904 0.076608
905 0.10944
906 0.076608
907 0.076608
908 0.098496
909 0.098496
910 0.10944
911 0.038808
912 0.098496
913 0.087552
914 0.098496
915 0.120384
916 0.087552
917 0.05472
919 0.108208
920 0.076608
921 0.076608
922 0.087552
923 0.10944
924 0.076608
925 0.043776
926 0.120384
927 0.064576
928 0.087552
929 0.087552
930 0.098496
931 0.087552
932 0.10944
933 0.076608
934 0.051944
935 0.120384
936 0.087552
937 0.10944
938 0.05472
939 0.05472
940 0.076608
941 0.076608
942 0.05472
943 0.043776
946 0.040224
947 0.021888
948 0.043776
949 0.043776
950 0.076608
953 0.032832
954 0.043776
955 0.076608
956 0.05472
957 0.05472
958 0.065664
960 0.043776
961 0.098496
962 0.05472
963 0.087552
965 0.025504
966 0.076608
967 0.076608
968 0.05472
970 0.065664
971 0.05472
972 0.032832
973 0.032832
974 0.05472
975 0.05472
976 0.065664
977 0.076608
978 0.065664
979 0.05472
980 0.065664
981 0.05472
982 0.032104
983 0.076608
984 0.065664
985 0.065664
986 0.065664
987 0.065664
988 0.065664
989 0.05472
996 0.131072
997 0.252488
998 0.043776
999 0.05472
1000 0.05472
1001 0.065664
1002 0.05472
1003 0.05472
1004 0.043776
1005 0.05472
1006 0.043776
1008 0.032832
1009 0.087552
1010 0.05472
1011 0.043776
1012 0.043776
1013 0.05472
1014 0.0272
1015 0.065664
1016 0.05472
1017 0.065664
1018 0.043776
1019 0.043776
1021 0.076608
1022 0.065664
1023 0.043776
1024 0.051944
1025 0.009
1026 0.043776
1027 0.05472
1028 0.043776
1029 0.05472
1030 0.043776
1032 0.065664
1033 0.05472
1034 0.065664
1035 0.05472
1037 0.10944
1039 0.065664
1040 0.05472
1041 0.076608
1043 0.0298
1044 0.043776
1045 0.032832
1046 0.043776
1047 0.021888
1048 0.043776
1049 0.05472
1050 0.05472
1051 0.043776
1052 0.05472
1053 0.065664
1054 0.043776
1055 0.05472
1056 0.05472
1057 0.032832
1058 0.065664
1059 0.010944
