0 2.445592
1 2.753344
2 1.689064
3 1.435088
4 1.729944
5 1.340976
6 2.084288
7 2.287408
8 2.379216
9 2.880016
10 2.537648
11 2.423224
12 1.991664
14 2.588872
15 1.88852
16 1.028024
17 0.667584
18 0.21888
19 0.142272
20 0.153216
21 0.350208
22 0.131328
23 0.07864
24 1.543104
25 1.57536
26 1.24808
27 1.575936
28 1.305792
29 1.37544
30 1.0944
31 1.0066
32 1.050624
33 1.043064
34 0.590976
35 0.175104
36 0.175104
37 0.21888
39 0.142272
40 0.481536
41 1.050976
42 1.494936
43 2.375456
44 2.062864
45 2.25716
46 2.200568
47 2.708704
48 3.222224
49 2.56756
50 2.945688
51 2.099968
52 1.690016
53 1.498016
54 1.59656
55 1.686512
56 2.410496
57 3.126512
58 2.392064
59 2.62656
60 2.189248
61 2.348776
62 2.918496
63 2.918096
64 2.419968
65 2.926456
67 3.020512
69 2.779088
71 2.96828
73 2.588312
74 2.714112
75 2.611296
76 2.105072
77 2.563968
78 3.020544
81 0.463416
82 2.853216
83 2.821952
85 3.301304
86 2.62656
89 1.615472
90 2.768832
91 0.638296
92 2.13408
93 1.604104
95 1.828176
96 2.528064
97 2.056504
99 1.615648
101 2.576768
103 2.105544
104 2.276352
105 0.630688
107 1.25116
109 1.374808
111 1.390936
113 1.476784
115 1.08652
117 1.147032
119 1.128944
120 1.718208
121 0.223672
123 1.786384
125 1.817712
127 1.838728
129 1.313552
131 1.336872
133 2.251952
138 1.478016
139 0.38304
141 0.71136
142 0.963072
143 1.216536
144 3.307848
145 3.431896
146 2.73976
147 3.64404
148 3.304344
151 3.253016
152 3.458304
155 3.1246
156 2.723888
157 1.753984
159 3.447792
161 2.382832
163 2.392184
165 2.532792
167 3.521016
168 4.595528
169 5.045184
170 4.099592
171 1.720208
173 2.689216
175 2.824952
177 2.807632
179 3.051224
184 3.181968
186 0.426816
187 0.71136
188 0.787968
189 1.303472
190 2.834136
191 4.048872
192 4.042032
193 1.655528
196 2.888864
197 2.112192
199 1.719968
204 0.569016
205 0.393984
206 0.489712
209 0.276104
210 1.05412
211 0.23744
213 0.333864
214 0.745936
215 0.53316
217 0.682736
223 0.710648
224 0.38304
225 0.446208
226 0.564216
227 0.70272
229 0.162544
231 0.483152
233 0.551616
234 0.49248
235 0.205712
236 0.32832
237 0.361152
238 0.130248
239 0.284544
240 0.175104
254 0.076608
255 0.109384
256 1.58688
257 1.734208
258 2.342016
259 1.978992
260 1.99968
261 1.9152
262 1.914848
263 2.167528
264 2.091528
265 2.05116
266 2.09976
268 2.070608
269 2.062784
270 2.066152
271 1.787616
272 2.131464
273 2.100128
274 1.956944
275 2.246968
276 2.007616
277 2.058992
278 2.079896
279 2.007016
280 2.107016
281 2.539008
282 2.260768
283 2.604672
284 2.670336
285 1.731736
286 2.070688
287 2.232576
288 1.836144
289 2.178032
290 2.604672
291 2.071192
292 2.100408
293 2.030304
300 2.5586
301 2.057472
302 2.159544
305 0.739632
307 0.994448
309 0.452312
311 0.463808
313 0.464736
315 0.467056
317 0.48544
319 0.51224
321 0.528
323 0.458784
325 0.541256
327 0.463016
329 0.896408
331 0.496872
335 0.530648
337 0.56744
339 0.551368
341 0.606096
347 0.658176
348 0.38304
349 0.553272
350 0.740656
351 0.897
353 0.410728
355 0.785992
357 0.795216
364 0.736208
365 0.38304
366 0.565608
367 0.684392
368 0.979288
369 1.276688
370 1.411536
371 0.760216
373 0.464056
375 0.523848
377 0.78356
379 0.731176
381 0.579096
383 0.560608
385 0.530928
387 0.615512
389 0.567704
391 0.644416
397 0.654856
398 0.372096
399 0.513448
400 0.696968
401 0.335136
403 0.566656
405 0.561056
407 0.493872
409 0.457408
415 0.505656
416 0.361152
417 0.476584
418 0.593144
419 0.048176
421 0.43468
423 0.437928
424 0.844992
425 0.10664
427 1.127896
428 0.747136
429 0.597664
431 0.196056
436 0.458688
438 0.515864
441 0.502744
443 0.50308
445 0.513872
447 0.592968
449 0.627088
451 0.504952
453 0.537336
455 0.530736
457 0.718672
459 0.623952
461 0.498696
463 0.515888
465 0.459592
467 0.427872
469 0.410048
471 0.88556
473 0.485352
475 0.498152
477 0.477128
479 0.500264
481 0.905824
483 0.425448
490 0.476616
491 0.32832
492 0.168024
493 0.49248
494 0.55156
495 0.985296
497 0.308552
499 0.631424
501 0.521696
502 0.912656
505 0.205696
507 0.561576
509 0.534024
511 0.516328
513 0.490576
519 0.519088
520 0.415872
521 0.603968
522 0.824432
523 0.4876
525 0.240648
527 1.195536
529 0.531088
531 1.085744
536 0.501936
537 0.404928
538 0.635912
540 0.662256
541 0.436488
547 0.496952
548 0.350208
549 0.584248
550 0.864576
551 1.564992
552 2.61372
553 4.28616
554 4.82936
555 3.593032
560 2.9462
561 0.393984
562 0.65664
563 0.952128
564 1.299696
565 2.430096
566 4.4184
567 2.225408
569 0.849432
571 2.495728
572 2.869456
573 1.61236
579 2.496312
580 0.393984
581 0.71136
582 0.919296
583 0.800848
584 2.17544
585 3.443336
586 3.604936
587 2.612368
589 2.003128
591 2.051656
593 2.129496
595 2.53924
596 2.342016
597 0.264832
598 1.901864
599 2.100672
600 2.506176
601 0.257448
602 2.035584
603 1.706304
604 1.761984
605 1.003464
606 1.6416
607 0.755136
608 1.63572
609 2.84544
622 0.24892
623 3.042432
624 3.38076
625 0.91188
627 2.838184
628 3.193192
629 1.856304
630 1.96992
631 0.616224
633 1.885704
635 2.087928
637 2.2554
639 2.227728
641 2.338928
643 2.46024
645 1.807568
647 2.306784
649 2.7282
650 1.9152
651 1.122528
652 1.160064
653 1.214784
654 1.324224
655 0.956648
657 1.84064
658 2.254464
659 1.863936
660 1.997128
661 0.610112
663 1.74408
665 1.574256
666 0.777024
667 0.878456
669 1.872232
670 2.166912
671 0.258088
672 1.444608
673 1.158232
674 0.919296
675 1.291392
676 1.718144
679 0.725208
680 1.904256
681 1.059232
683 0.508792
685 0.65732
687 0.53536
689 0.630984
691 0.743176
693 0.82408
694 0.862104
695 0.283392
697 0.483528
703 0.452064
704 0.38304
705 0.55324
706 0.646832
709 0.74776
711 0.549808
713 0.620304
715 0.609056
717 0.507072
719 0.474304
721 1.046088
723 0.554664
725 0.585368
727 0.560176
729 0.53796
735 0.49024
736 0.361152
737 0.5244
739 0.607664
740 0.83564
741 1.340488
743 1.520808
745 0.520144
747 0.430576
749 1.03708
751 0.518608
753 0.8396
755 0.699064
757 0.894344
759 0.458072
765 0.41668
766 0.339264
767 0.36624
768 0.398536
769 0.51096
770 1.018304
771 0.592824
774 0.36392
775 0.4736
777 0.814392
778 0.809856
779 0.15408
780 0.798912
781 0.091752
783 0.650168
785 0.590832
787 0.674096
789 0.613792
791 0.475456
793 0.478072
795 0.500768
797 0.549416
799 0.531024
801 0.51784
803 0.448792
805 0.460016
807 0.446408
809 0.529128
811 0.466816
818 0.448016
819 0.16416
820 0.207936
821 0.536392
822 0.841456
823 0.702904
824 0.81228
825 0.096192
827 0.610504
828 0.525312
829 0.121984
830 0.404928
831 0.32832
833 0.12752
834 0.49248
835 0.380528
836 0.525312
837 0.519824
842 0.149592
843 0.647248
844 0.60192
845 0.295488
847 0.908352
848 0.886464
849 0.949048
850 1.061568
851 1.20384
852 1.073736
853 1.006848
854 1.138176
855 1.407736
856 1.028736
857 1.411776
858 1.01616
859 1.192896
860 1.280448
861 1.173952
862 1.433664
863 1.378944
864 1.288608
865 1.53216
866 1.444608
867 0.494248
868 1.25856
869 1.105344
870 0.739624
871 1.138176
872 0.931864
873 1.433664
874 1.533176
875 1.740896
876 1.184168
877 1.466496
878 1.629992
879 2.069224
880 2.062728
881 2.056528
882 1.761376
883 2.55612
884 2.592624
885 2.145024
886 1.652904
887 1.980864
888 0.908936
889 0.339264
890 0.60192
891 2.093504
892 1.9152
893 1.421944
894 1.89672
895 1.20384
896 0.415872
897 0.886464
898 1.871424
899 1.835912
900 1.7944
901 1.849536
902 1.409776
903 1.6416
904 1.991808
905 1.350856
906 2.241264
907 2.429568
