0 2.396736
1 2.280896
2 2.280896
3 2.466944
4 2.62656
5 2.390336
6 2.29184
7 2.51072
8 2.528064
9 2.423168
10 2.34656
11 2.532608
12 2.604672
13 2.390336
14 2.357504
15 2.477888
16 2.637504
17 2.127656
18 2.379416
19 2.648448
20 2.368448
21 2.40128
22 2.34656
23 2.593728
24 2.171456
25 2.171464
26 2.368448
27 2.528064
28 2.204288
29 2.269952
30 2.287296
31 2.204288
32 2.116736
33 2.155968
39 0.131072
42 0.486336
43 1.96992
44 4.58368
45 4.546304
46 5.181056
47 4.430464
48 3.791168
49 3.736448
50 4.404032
51 3.850432
52 4.436864
53 4.944832
54 3.407864
55 6.166272
56 4.41952
57 4.414976
58 4.539904
59 5.268608
60 4.58368
61 4.710464
62 4.130432
63 4.299136
64 4.0976
65 4.108544
66 3.922496
67 3.922496
68 3.544
69 3.594176
70 3.003208
71 3.243968
72 3.265856
73 3.287744
74 3.44096
75 3.824
76 4.294592
77 3.473792
78 3.397184
79 3.506624
80 3.780224
81 3.123584
82 2.01824
83 2.259008
84 3.419072
85 4.250816
86 3.473792
88 3.736448
89 3.911552
90 3.784768
91 4.524416
92 4.20704
93 4.386688
94 0.98496
95 1.389888
96 1.52576
97 2.642048
98 2.440512
99 2.598272
100 2.904704
101 2.12768
102 3.036032
103 3.867776
104 4.404032
105 4.086656
106 4.03648
107 3.2768
108 4.228928
109 3.977216
110 4.447808
111 4.321024
112 4.458752
113 4.239872
114 4.321024
115 4.59008
116 4.557248
117 3.686272
118 4.721408
119 4.3712
120 3.145472
121 2.445056
122 2.652992
123 2.499776
124 3.484736
125 3.342464
126 2.598272
127 3.594176
128 2.94848
129 3.473792
130 3.922496
131 4.732344
132 3.933288
133 2.20444
134 3.692672
135 3.561344
136 2.78432
137 3.5504
138 4.15232
139 3.576832
140 3.670784
141 3.320576
142 2.576384
143 1.564992
145 0.131072
146 2.1936
147 0.87552
148 1.171008
149 2.193344
150 2.576384
151 2.521664
152 2.62656
153 2.313728
154 1.974464
155 1.291392
156 0.974016
157 1.52576
158 2.280896
159 2.549952
160 2.828096
161 2.817152
162 3.22208
163 4.622912
164 3.353408
165 3.576832
166 3.243968
167 3.681728
168 2.871872
169 1.75104
170 1.52576
171 1.740096
172 1.47744
173 1.230272
174 1.685376
175 1.077056
176 1.543104
177 1.077056
178 0.700416
180 0.580032
181 0.306432
182 0.864576
183 1.011392
184 0.5472
185 0.8208
186 0.700416
187 0.186048
189 0.836288
190 1.335168
191 1.389888
192 0.70496
193 0.667584
194 1.772928
195 2.521664
196 2.357504
197 2.368448
198 2.648448
199 2.83904
200 3.222088
201 2.685824
202 2.652992
203 2.773352
204 2.82812
205 2.943936
206 2.477888
207 2.532608
208 2.576384
209 2.549952
210 2.324672
211 3.408128
212 3.451904
213 3.583232
214 2.89376
215 2.40128
216 2.280872
217 2.620184
218 2.57184
219 2.313728
220 2.215232
221 2.440512
222 2.51072
223 2.24804
224 2.817176
225 3.627
226 2.915648
227 3.265856
228 4.250816
229 4.69952
230 3.620608
231 3.254912
232 3.462848
233 3.430016
234 3.375296
235 2.685824
236 3.758336
237 3.637952
238 2.871872
239 3.090752
240 3.016864
241 2.372128
242 2.992256
243 4.185152
244 3.565888
245 3.287744
246 3.265856
247 3.616064
248 4.04288
249 5.049728
250 3.419072
251 3.243968
252 3.576832
253 4.086656
254 3.824
255 2.970368
256 3.090752
257 3.189248
258 2.828096
259 3.419072
260 3.867776
261 3.71456
262 4.48064
263 3.036032
264 2.412224
265 2.477896
266 2.221632
267 2.992256
268 3.189248
269 3.189248
270 3.430016
271 3.38624
272 3.719104
273 2.276352
274 1.897856
275 1.980864
276 1.569536
277 1.904256
278 1.985408
279 1.996352
280 1.783872
281 1.821248
282 1.740096
283 1.52576
284 2.24352
285 2.368448
286 3.309632
287 3.189248
288 2.83904
289 2.740544
290 3.200192
291 2.893688
292 2.64212
293 3.375296
294 3.156416
296 3.265856
297 3.2768
298 3.206592
299 2.685824
300 2.576384
301 2.248064
302 2.390336
303 2.670336
304 2.795264
305 2.21508
306 2.14972
307 2.232576
308 2.587328
309 2.466944
310 2.473344
311 2.390336
312 2.116736
313 2.707712
314 2.7296
315 2.812608
316 2.576384
317 3.627008
318 4.020992
319 3.295
320 2.306464
321 2.29184
322 1.974464
323 3.250368
324 1.974464
325 2.806208
326 3.189248
327 4.69952
328 4.20064
329 5.148224
330 4.922944
331 4.765184
332 4.3648
333 4.874624
334 4.0976
335 4.124032
336 3.320576
337 4.185152
338 4.524416
339 3.93344
340 3.583232
341 3.8176
342 4.108544
343 4.108544
344 4.239872
345 3.353408
346 3.046976
347 2.915648
348 2.390336
349 2.302784
350 1.543104
351 0.853632
352 1.284992
353 2.412224
354 2.757888
355 2.302784
356 2.642048
357 2.313728
358 2.101248
359 1.657088
360 1.411776
361 0.897408
362 1.088
363 1.389888
364 2.43412
365 1.96352
366 2.090304
367 2.083904
368 2.488832
369 2.926592
370 3.086208
371 2.576384
372 2.193344
373 2.806208
374 2.466944
375 2.385792
376 1.9088
377 2.412224
378 3.342464
379 3.046976
381 2.998656
382 3.33152
383 3.489256
384 3.81308
385 2.817152
386 2.35296
387 3.353408
388 3.65984
389 3.664376
390 3.648896
391 3.76928
392 4.579136
393 2.707712
394 3.200192
395 2.051072
396 2.692224
397 1.952576
398 1.624256
399 3.265856
400 3.287744
401 3.2768
402 3.2768
403 3.528512
404 3.025088
405 3.22848
406 2.051072
407 2.029184
408 2.221632
409 2.937536
410 1.875968
411 1.6416
412 1.405376
413 2.259008
414 2.035584
415 1.350656
416 1.58688
417 1.543104
418 1.602368
419 1.74464
420 2.429568
421 2.040128
422 2.576384
423 3.44096
424 2.751336
425 1.816704
426 1.296088
427 1.116288
428 1.181952
429 1.186496
430 1.58688
431 1.466496
432 1.055168
433 1.006848
434 1.171008
435 1.088
436 1.280448
437 1.164608
438 0.886464
439 0.470592
440 0.733248
441 1.460096
442 1.575936
443 1.241216
444 1.346112
445 1.47744
446 1.350656
447 1.75104
448 1.58048
449 1.838592
450 1.558592
451 1.958976
452 1.733696
454 1.674432
455 1.25216
456 1.324224
457 0.891008
458 1.072512
459 1.564992
460 1.722752
461 1.652544
462 0.912896
463 0.853632
464 0.667584
465 0.93024
466 1.438208
467 1.816704
468 1.25216
469 1.335168
470 1.077056
471 0.580032
472 0.569088
473 1.291392
474 1.777472
475 2.090304
476 2.34656
477 1.974464
478 1.181952
479 0.93024
480 1.241216
481 1.346112
482 1.066112
483 2.746944
484 2.379392
485 3.845888
486 2.215232
487 1.58688
488 0.59552
489 0.361152
490 0.284544
491 0.93024
492 1.438208
493 3.265856
494 3.287744
495 2.965824
496 2.160512
497 2.631104
498 2.062016
499 1.69632
500 1.444608
502 1.263104
503 0.995904
504 1.153664
505 1.072512
506 1.466496
507 0.869128
508 0.908352
509 0.689472
510 1.083456
511 0.97856
512 1.25856
513 1.503872
514 1.291392
515 1.816704
516 1.996352
517 1.843136
518 2.221632
519 2.040128
520 1.816704
521 0.770624
522 1.31328
523 1.843136
524 2.528064
525 1.613312
526 1.564992
527 0.989504
528 1.80576
529 2.029184
530 0.404928
531 1.843136
532 1.816704
533 1.733696
534 2.396736
535 1.96352
536 1.68992
537 1.948032
538 1.9088
539 1.80576
540 1.536704
542 1.652544
543 1.547648
544 1.740096
545 1.613312
546 2.101248
547 1.79936
548 1.948032
549 1.788416
550 1.657088
