0 2.309184
1 1.372704
2 2.926592
3 2.615616
4 2.423168
5 1.79936
6 2.276352
7 2.204288
8 2.521664
9 2.477888
10 2.232576
11 2.149568
12 2.882816
13 2.248064
14 2.539008
15 1.886912
16 1.980864
17 3.254912
18 3.254912
19 3.419072
20 2.51072
21 2.532608
22 2.412224
23 2.13408
24 1.657088
25 2.138624
26 2.768832
27 2.806208
28 2.379392
29 2.007288
30 2.210688
31 2.083904
32 2.379392
33 1.991808
34 1.711808
35 1.761984
36 1.766528
37 1.958976
38 1.668032
39 1.865024
40 2.29824
41 2.12768
42 2.01824
43 2.02464
44 1.821248
45 2.101248
46 1.788416
47 1.761984
48 1.646144
49 1.75104
50 1.558592
51 1.922464
52 1.737376
53 1.733696
54 1.80576
55 1.821224
56 2.221632
57 2.051096
58 2.062016
59 2.1888
60 1.777472
61 2.101248
62 2.062016
63 2.07296
64 2.587336
65 2.692224
66 2.34656
67 2.488832
68 2.740544
69 2.849984
70 2.692224
71 2.423168
72 2.434112
73 2.78432
74 2.539008
75 2.357504
76 2.204288
77 2.226176
78 2.29824
79 1.536704
80 2.145024
81 2.23712
82 3.889664
84 4.299136
85 3.042432
86 2.915648
87 2.78432
88 3.036032
89 2.83904
90 2.390336
91 2.155968
92 2.346552
93 1.996352
94 1.893312
95 1.821248
96 2.013696
97 1.85408
98 1.9088
99 2.232576
100 2.259008
101 2.280896
102 2.725056
103 2.193344
104 1.536704
105 1.948032
106 1.74464
107 1.96992
108 1.810304
109 1.893312
110 1.832192
111 1.821248
112 2.112192
113 1.9088
114 2.057472
115 1.722752
116 1.521216
117 1.449152
118 1.718208
119 1.558592
120 1.685376
121 1.350656
122 1.42272
123 1.438208
124 1.411776
125 1.116288
126 0.847232
127 1.247616
128 1.006848
129 0.792512
130 0.744192
131 0.65664
132 0.514368
133 0.459648
134 0.453256
135 0.49248
140 0.32832
141 0.295488
143 0.076608
144 0.339264
149 0.132096
150 0.317376
152 0.02112
154 0.285056
158 0.349696
162 0.639296
163 0.798912
164 0.600576
165 0.668928
166 0.60192
167 0.590976
168 0.015488
169 0.612864
170 0.678528
171 0.372096
172 0.963072
174 0.65024
175 0.842688
176 0.919296
177 0.733248
178 0.5472
179 0.529856
180 1.03968
181 0.941184
182 1.000448
183 1.050624
184 0.941184
185 1.050624
186 1.263104
187 0.755136
188 0.678528
190 0.131072
191 1.383744
192 0.777024
193 0.569088
194 0.71136
195 0.551744
196 0.65664
197 0.65664
198 0.580032
199 0.350208
200 0.404928
201 0.481536
202 0.256256
203 0.481536
204 0.361152
205 0.404928
206 0.32832
207 0.273856
208 0.2624
209 0.284544
210 0.262656
211 0.186048
212 0.186048
213 0.190592
214 0.393984
215 0.251712
216 0.251712
217 0.229824
218 0.250624
219 0.230912
221 0.196992
222 0.175104
223 0.153216
224 0.175104
237 0.010944
238 1.03328
239 3.977216
240 4.75424
241 4.222528
242 4.655744
243 4.338368
244 4.58368
245 5.268608
248 0.803456
250 3.2768
251 4.776128
252 4.677632
253 4.52896
254 4.69952
255 4.0976
256 3.342464
257 3.320576
258 3.37984
259 3.824
260 3.76928
261 5.535808
262 5.071616
263 4.922944
264 5.476544
265 4.277248
266 4.852736
267 4.813504
268 5.257664
269 5.02144
270 5.115392
271 4.58368
272 5.443712
273 5.24032
274 5.393536
275 5.148224
276 4.69312
277 4.885568
278 4.933888
279 3.265848
280 4.852736
281 4.988608
282 4.984064
283 4.846336
284 5.126336
285 4.715008
286 4.119488
287 4.896512
288 4.41952
289 4.97312
290 4.52896
291 4.622912
292 4.622912
293 4.386688
294 4.984064
295 4.299136
296 4.732352
297 4.6448
298 4.124032
299 4.819904
300 4.627456
301 5.115392
302 4.715008
303 4.732352
304 4.382144
305 3.992704
306 4.546304
307 5.192
308 3.76288
309 5.027848
310 4.408576
311 4.830824
312 4.896536
313 4.320872
314 2.773528
315 3.977216
316 3.889664
317 4.217984
318 3.959872
319 4.031936
320 4.896488
321 4.24444
322 4.80896
323 4.846312
325 4.622936
326 4.852728
327 4.20064
328 4.436864
329 4.816224
330 4.324704
331 4.360256
332 4.338368
333 3.795712
334 4.732352
335 4.031936
336 4.222528
337 4.458752
338 4.15232
339 4.189696
340 4.53536
341 4.611968
342 3.342464
343 3.87872
344 4.102144
345 4.732352
346 4.299136
347 4.688576
348 4.239872
349 4.485184
350 4.666688
351 4.458752
352 3.937984
353 4.962176
354 4.616512
355 5.213888
356 4.835392
357 5.345224
358 4.758784
359 5.399936
360 4.69312
361 5.345216
362 4.31008
363 5.126336
364 4.353856
365 5.235776
366 4.353856
367 4.305536
368 4.885568
369 4.069312
370 4.524416
371 4.283576
372 4.086728
373 3.92704
374 4.064768
375 4.130432
376 4.108544
377 4.025536
378 4.53536
379 4.075712
380 3.948928
381 4.327424
382 3.87872
383 3.681728
384 3.977216
385 3.648896
386 3.98176
387 4.436864
388 4.42592
389 3.751928
390 4.381992
391 2.434264
392 3.813056
393 3.353408
394 3.834944
395 4.185152
396 3.353408
397 3.243968
398 2.062016
399 3.309632
400 3.71456
401 4.196096
402 3.937984
403 3.265856
404 3.287744
405 4.940288
406 4.3712
407 3.681728
408 3.37984
409 3.298688
410 3.254912
411 3.129984
412 1.9088
413 2.663936
414 3.178304
415 2.456
416 1.904256
417 1.96352
418 2.199744
419 1.897856
420 1.626976
421 1.266784
422 1.499328
423 1.766528
424 1.904256
425 1.274048
426 2.259008
427 2.823552
428 1.536704
430 2.07296
431 2.07936
432 1.646144
433 2.177856
434 1.930688
435 2.204288
436 3.042432
437 2.215232
438 2.083904
439 2.280904
440 2.374848
441 2.335616
442 2.215232
443 2.13408
444 2.040128
445 2.456
446 2.725056
447 2.609216
448 2.412224
449 2.740544
450 2.652992
451 2.871872
452 2.79072
453 2.456
454 2.652992
455 2.806208
456 2.434112
457 2.976768
458 3.16736
459 3.565888
460 3.217536
461 2.51072
462 2.543552
463 3.178304
464 3.243968
465 2.663928
466 2.663936
467 2.915648
468 3.22848
469 2.663936
470 3.243968
471 3.561344
472 2.970368
473 2.926592
474 2.806208
475 3.758336
476 4.331968
477 4.108544
478 5.159168
479 3.992704
480 4.42592
481 3.430016
482 3.451904
483 3.397184
484 3.76928
485 3.364352
486 3.76928
487 3.740992
488 4.568192
489 4.305536
490 4.222528
491 3.845888
492 4.020992
493 3.046976
494 4.579136
