0 0.93024
1 1.00544
2 1.150528
3 0.781568
4 1.03968
5 1.03968
6 0.934784
7 1.14912
8 1.181952
9 0.781568
10 0.98496
11 0.634752
12 0.32832
13 0.459648
14 0.470592
15 0.420416
16 1.14912
17 1.466496
18 1.098944
19 1.31328
20 1.339712
21 1.9152
23 1.3616
24 1.794816
25 1.47376
26 1.004128
27 1.554048
28 1.109888
29 0.798912
30 1.083456
31 0.689472
32 0.847232
33 1.25856
34 1.214784
35 1.044224
36 0.798912
37 0.777024
38 0.5472
39 0.518912
40 0.76608
41 0.700416
42 0.525312
43 0.525312
44 0.580032
45 0.365696
46 0.580032
47 0.71136
48 0.809856
49 0.787968
50 0.584576
51 0.798912
52 0.919296
53 0.995904
54 0.86912
55 0.98496
56 0.963072
57 0.803456
58 0.98496
59 1.072512
60 0.92384
61 0.963072
62 1.017792
63 1.061568
64 0.858176
65 0.755136
66 0.941184
68 0.131072
69 1.3728
70 0.634752
71 0.612864
72 0.634752
73 0.393984
74 0.350208
75 0.15776
76 0.32832
77 0.393984
78 0.974016
79 0.864576
80 0.726848
81 1.14912
82 0.580032
83 0.623808
84 0.667584
85 0.672104
86 0.65664
88 0.481536
89 0.393984
90 0.908352
91 0.652728
92 0.733248
93 0.49248
94 0.71136
95 0.350208
96 0.131328
98 0.161472
99 0.36384
100 0.231904
101 0.842688
102 0.207936
104 0.098496
105 1.247616
106 0.459648
107 0.464192
108 0.87552
109 0.941184
110 0.667584
111 0.573632
112 0.831744
113 1.346112
114 0.76608
115 0.518912
116 0.459648
117 0.361152
118 0.536256
119 1.017792
120 0.803456
121 1.390016
122 1.17088
123 0.86912
124 1.072512
125 1.291392
126 1.131776
127 1.47744
128 0.689472
129 0.350208
130 0.737792
131 1.521216
132 1.295936
133 1.554048
134 1.455552
135 1.109888
136 1.302336
137 0.809856
138 0.70496
139 1.368
140 1.777472
141 1.53216
142 1.433664
143 1.175552
144 1.455552
145 1.3616
146 1.58688
147 1.47104
148 1.69632
149 1.438208
150 1.575936
152 1.405376
153 1.357056
154 1.368
155 1.088
156 1.729152
157 1.339712
158 1.663488
159 1.383488
160 1.740096
161 1.591424
162 1.882368
163 1.58048
164 1.86048
165 1.657088
166 2.057472
167 1.274048
168 2.166912
169 1.449152
170 1.9152
171 1.602368
172 2.062016
173 2.276352
174 1.657088
175 2.046528
176 1.919744
177 1.930688
178 2.155968
179 2.029184
180 1.083456
181 1.372544
182 1.849536
183 1.492928
184 1.674432
185 1.214784
186 1.52576
187 1.554048
188 1.022336
189 1.192896
190 1.411776
191 0.86912
192 0.43776
193 0.525312
194 0.306432
195 0.777024
196 0.426816
197 0.1906
198 1.028736
199 1.827648
200 1.558592
201 1.630656
202 1.394432
204 2.215232
205 1.772928
206 1.602368
207 2.374848
208 1.777472
209 2.302784
210 2.13408
211 1.996352
212 1.608768
213 1.131776
214 1.181952
215 1.236672
216 0.891008
217 0.700416
218 1.171008
219 0.131072
220 1.930944
221 1.050624
222 0.897408
223 0.75968
224 0.744192
225 0.580032
227 0.38304
228 1.405376
229 1.346112
230 1.554048
231 1.263104
232 1.47744
233 1.503872
234 1.827648
235 1.164608
236 1.75104
237 1.536704
238 1.794816
239 1.788416
240 2.090304
241 1.875968
242 1.875968
243 2.276352
244 1.514816
245 2.287296
246 1.700856
247 1.865024
248 1.25856
249 1.597824
250 1.077056
251 0.558144
252 0.634752
253 1.050624
254 0.912896
255 1.269504
256 1.444608
257 0.584576
260 0.087552
261 2.707712
262 1.105344
263 0.448704
264 1.777472
265 2.309184
266 1.85408
267 1.729152
268 1.19744
269 0.569088
270 0.196992
273 0.021888
274 0.306432
275 0.43776
276 0.38304
277 0.21888
278 0.372096
279 0.245312
280 1.14912
281 0.569088
282 0.722304
283 0.748736
284 1.400832
285 1.488384
286 0.8144
287 0.886464
288 0.733248
289 0.459648
290 0.726848
291 1.466496
293 1.389888
294 1.14272
295 1.53216
296 1.044224
297 1.521216
298 1.554048
299 1.098944
300 1.597824
301 1.427264
303 1.291392
304 1.79936
305 1.849536
306 1.284992
307 0.284544
309 2.642048
310 0.864576
311 0.580032
312 1.58688
313 1.317824
314 1.882368
315 1.208392
316 1.25856
317 1.131776
318 1.47744
319 1.346112
320 0.464192
321 0.744192
322 0.43776
323 1.280448
324 1.405376
325 1.707264
326 1.3616
327 1.378944
328 1.214784
329 1.109888
330 0.809856
331 1.280448
332 1.372544
333 1.718208
334 1.449152
335 1.904256
336 1.52576
337 1.718208
338 0.880064
339 0.60192
340 0.634752
341 0.503424
342 0.284544
343 0.404928
344 0.475136
345 0.426816
346 0.120384
347 0.722304
348 0.952128
349 0.9248
350 0.841728
352 0.32832
353 0.295488
354 0.678528
355 0.995904
356 0.420416
357 0.678528
358 0.667584
359 0.645696
360 0.842688
361 0.726848
362 0.963072
363 0.952128
364 0.92384
365 1.138176
366 1.192896
367 1.03328
368 1.378944
369 1.554048
370 1.3616
371 1.6416
372 1.394432
373 1.729152
374 1.47104
375 2.02464
376 1.646144
377 2.094848
378 1.958976
379 1.317816
380 2.090304
381 1.919744
382 2.155968
383 1.919744
385 1.74464
386 2.265408
387 1.875968
388 2.396736
389 1.711808
390 1.657088
391 2.02464
392 1.503872
393 1.69632
394 1.394432
395 1.554048
396 1.591424
397 1.181952
398 1.050624
399 0.131072
400 2.073216
401 1.80576
402 1.274048
403 1.335168
404 1.175552
405 1.783872
406 1.427264
407 1.630656
408 1.0944
409 0.858176
410 1.03968
411 1.116288
412 0.672104
413 0.667584
416 0.38304
417 1.0944
418 1.105344
419 0.289112
420 0.514368
421 0.87552
422 0.798912
423 0.825344
424 1.028736
425 1.028736
426 1.116288
427 1.055168
428 1.280448
429 1.044224
430 1.181952
431 1.127232
432 0.989504
433 1.225728
434 1.291392
435 1.022344
436 1.269504
437 0.87552
438 0.71136
439 0.573632
440 0.65664
441 0.393984
442 0.569088
443 0.886464
445 0.332864
446 1.006848
447 1.138176
448 1.03968
449 0.803456
450 0.590976
451 0.525312
452 0.612864
453 0.470592
454 0.365696
455 0.49248
456 0.700416
457 0.678528
458 0.634752
459 0.733248
460 0.584576
461 0.700416
462 0.733248
463 0.678528
464 0.661184
465 0.689472
466 0.481536
467 0.404928
468 0.43776
469 0.372096
472 0.131072
473 0.967872
474 0.361152
475 0.350208
476 0.350208
477 0.350208
478 0.32832
479 0.38304
480 0.361152
481 0.350208
482 0.190592
483 0.317376
484 0.32832
485 0.317376
486 0.339264
487 0.372096
488 0.426816
489 0.580032
490 0.606464
491 0.71136
492 0.722304
493 0.777024
494 0.612864
495 0.464192
496 0.448704
497 0.536256
498 0.49248
499 0.71136
500 0.536256
501 0.503424
502 0.310976
503 0.612864
504 0.60192
505 0.38304
506 0.459648
507 0.317376
508 0.317376
509 0.284544
510 0.168704
511 0.196992
513 0.21888
514 0.229824
515 0.317376
516 0.340224
517 0.371136
518 0.339264
519 0.43776
520 0.672128
521 0.558144
522 0.415872
523 0.470592
524 0.580032
525 0.645696
526 0.606464
527 0.426816
528 0.470592
529 0.448704
530 0.393984
531 0.251712
532 0.131328
542 0.131072
543 1.033536
544 0.098496
545 0.05472
546 0.645696
547 0.809856
548 1.0944
549 0.945728
550 0.952128
551 0.700416
552 1.232984
553 1.157352
554 0.974016
555 0.459648
557 0.694016
558 1.346112
559 0.634752
560 0.886464
561 0.934784
562 0.853632
563 0.43776
564 0.678528
565 0.634752
566 0.234368
567 0.470592
568 0.404928
569 0.60192
570 0.536256
571 0.470592
572 0.481536
573 0.300024
574 0.831744
575 0.777024
576 0.744192
577 0.722304
578 0.43136
579 0.306432
580 0.207936
581 0.153216
582 0.098496
584 0.065664
585 1.03968
586 0.974016
587 0.409472
588 0.558144
589 0.580032
590 0.722688
591 0.83136
592 0.65024
593 1.006848
594 0.744192
595 0.71136
596 0.551744
597 0.87552
598 0.76608
599 0.755136
600 0.558144
601 0.497024
602 0.580032
603 0.590976
607 0.131072
608 2.02944
609 0.965312
610 0.70912
611 1.14912
612 1.230272
613 1.31328
614 1.03328
615 1.247616
616 1.171008
617 1.000448
618 1.192896
619 1.083456
620 1.077056
621 1.192896
622 0.919296
623 0.16416
624 0.032832
626 0.584576
627 0.372096
628 0.623808
629 0.272256
630 0.176448
697 0.086208
700 0.131072
702 0.187648
703 0.076608
704 0.087552
705 0.153216
706 0.076608
707 0.076608
708 0.065664
709 0.05472
710 0.076608
712 0.05472
713 0.032832
714 0.05472
715 0.076608
716 0.065664
717 0.065664
721 0.065664
722 0.043776
723 0.05472
726 0.245152
727 0.043136
728 0.043136
729 0.032352
730 0.043136
731 0.043136
732 0.032352
733 0.043136
734 0.043136
736 0.043136
737 0.043136
738 0.043136
739 0.043136
740 0.05392
741 0.032352
742 0.043136
744 0.05392
745 0.032352
746 0.043136
747 0.043136
748 0.043136
749 0.032352
751 0.032352
752 0.043136
753 0.05392
754 0.043136
755 0.043136
757 0.049312
758 0.043136
760 0.03696
761 0.043136
762 0.032352
785 0.010784
806 0.010784
807 0.032352
808 0.038528
809 0.05392
830 0.131072
831 0.520576
833 0.075488
834 0.032352
835 0.064704
836 0.043136
837 0.064704
839 0.086272
840 0.075488
842 0.05392
843 0.086272
844 0.086272
846 0.05392
847 0.05392
849 0.075488
850 0.010784
854 0.021568
855 0.032352
857 0.010784
858 0.064704
859 0.021568
860 0.043136
861 0.043136
862 0.032352
863 0.032352
867 0.020032
868 0.032352
870 0.021568
871 0.043136
872 0.05392
873 0.10784
874 0.118624
875 0.129408
876 0.118624
877 0.118624
878 0.097056
880 0.064704
881 0.064704
882 0.043136
884 0.032352
885 0.05392
887 0.021568
888 0.032352
889 0.032352
890 0.043136
891 0.021568
893 0.064704
894 0.032352
895 0.032352
896 0.019904
897 0.032352
899 0.023232
900 0.043136
901 0.064704
902 0.05392
903 0.062272
912 0.010784
914 0.638688
915 0.172544
916 0.194112
917 0.172544
918 0.075488
919 0.354336
921 0.097056
922 0.258816
923 0.226464
924 0.21568
925 0.183328
926 0.194112
927 0.20176
930 0.010784
931 0.261952
932 0.59312
933 0.16176
934 0.172544
935 0.183328
938 0.043136
940 0.462176
941 0.097056
942 0.129408
943 0.086272
944 0.097056
945 0.129408
946 0.150976
947 0.172544
948 0.172544
949 0.194112
952 0.075488
954 0.32352
955 0.420576
956 0.118624
957 0.16176
958 0.129408
959 0.16176
960 0.129408
961 0.16176
962 0.118624
963 0.10784
964 0.10784
965 0.020032
967 0.05392
969 0.064704
970 0.05392
971 0.075488
973 0.010784
974 0.043136
975 0.032352
980 0.043136
982 0.043136
983 0.10784
984 0.075488
985 0.064704
986 0.05392
987 0.05392
988 0.064704
989 0.10784
991 0.118624
992 0.114016
993 0.080096
994 0.129408
1001 0.075488
1002 0.064704
1003 0.075488
1004 0.086272
1006 0.366656
1007 0.118624
1008 0.248032
1009 0.05392
1010 0.064704
1011 0.064704
1012 0.097056
1013 0.097056
1014 0.097056
1015 0.064704
1020 0.064704
1021 0.246496
1022 0.064704
1024 0.064704
1025 0.075488
1026 0.086272
1027 0.097056
1028 0.10784
1029 0.097056
1030 0.097056
1031 0.075488
1032 0.075488
1033 0.064704
1034 0.075488
1035 0.075488
1036 0.064704
1037 0.064704
1039 0.075488
1040 0.075488
1041 0.075808
1042 0.075168
1043 0.075488
1044 0.075488
1057 0.02336
1059 0.224672
1060 0.043584
1061 0.053472
1062 0.237248
1063 0.045056
1065 0.062784
1066 0.2768
1068 0.079072
1069 0.043136
1070 0.086272
