0 1.761312
1 2.305176
3 0.125008
4 0.580408
5 1.152808
6 1.015744
7 0.79144
8 0.975136
9 0.864248
10 0.924256
11 0.884136
12 1.036792
14 1.07392
15 0.92884
16 1.148048
17 0.993592
18 1.0844
19 1.255552
20 1.241152
21 1.231216
22 1.19184
23 1.214168
24 1.275288
25 1.461896
26 1.174112
27 1.257736
28 1.294392
29 1.256992
30 1.197672
31 0.943592
32 1.15128
33 1.04692
34 0.481536
35 0.769944
36 0.940512
38 1.001984
39 0.964944
40 1.180776
41 0.942528
42 0.973344
43 1.059232
44 1.110008
45 1.403176
46 0.934848
47 1.044472
48 1.19048
49 1.077648
50 0.770696
51 0.852808
52 0.53576
53 1.111744
54 1.365952
55 0.979944
56 0.923768
57 1.493536
58 0.728
60 0.969144
61 1.206816
62 1.268968
63 1.1502
64 1.306
65 1.378104
66 1.405624
67 1.744904
68 1.110712
69 1.179464
70 1.090144
71 1.41028
72 1.263968
73 1.30776
75 1.408408
76 1.352112
77 1.074728
78 1.01644
79 1.372208
80 0.828536
81 1.037112
82 0.952128
83 1.22792
84 1.213704
85 0.895168
86 0.779328
87 0.37016
88 0.629624
89 0.666168
90 0.664
91 0.685424
92 0.69388
93 0.71124
94 0.76412
95 0.54992
96 0.453976
97 0.579584
98 0.591152
99 0.69148
100 0.665912
102 0.519424
103 0.69312
104 0.754672
105 0.691416
106 0.947384
107 1.053848
108 0.919248
109 1.07892
110 0.9244
111 1.003416
112 1.221168
113 0.86312
114 0.872344
115 1.019344
116 0.866352
117 0.910176
118 1.08088
119 0.962072
120 1.016576
122 0.801432
123 0.824976
124 1.156728
125 1.18124
126 1.086024
127 1.4098
128 1.170272
129 1.260944
130 1.261096
131 1.093376
132 1.07956
133 1.103136
134 1.436608
135 1.273968
136 1.271032
137 1.277768
138 1.26684
140 1.416568
141 1.339552
142 1.219088
143 1.155104
144 1.363624
145 0.962464
146 1.05044
147 1.303328
148 1.243392
149 1.027624
150 1.082616
151 1.154392
152 1.064176
153 1.22752
154 1.122648
155 0.986424
156 0.936416
157 0.962168
159 1.038224
160 0.88984
161 0.89488
162 0.825456
163 0.952736
164 1.123904
165 0.656976
166 0.721096
167 0.996592
168 1.139368
169 1.061296
170 1.020608
171 0.976064
172 1.021424
173 0.564088
174 1.022624
175 0.714792
176 0.609896
177 0.957984
178 0.798136
180 0.815472
181 1.075712
182 1.083112
183 1.211744
184 1.1812
185 1.05348
186 1.034488
187 1.095192
188 0.867568
189 0.933392
190 0.947224
192 0.994112
193 0.941168
194 0.728064
195 0.813936
196 0.91076
197 0.91556
198 0.643968
199 0.87248
200 0.683448
201 0.73
202 0.703056
203 0.680008
204 0.416008
205 0.251712
206 0.079272
207 0.48132
209 0.032832
210 0.828288
211 0.907104
212 0.94716
213 1.104528
214 1.336672
215 1.421488
216 1.208256
217 1.19624
218 1.137968
219 1.029912
220 1.104144
222 1.411672
223 1.359344
224 1.214568
225 1.056784
226 1.445416
227 1.04052
228 0.93964
229 1.226864
230 0.725872
231 1.049728
232 0.981152
234 0.598336
235 0.675952
236 0.720344
237 0.54372
238 0.50876
239 0.46168
240 0.516072
241 0.347968
242 0.480624
243 0.825704
244 0.701256
245 0.463392
246 0.272552
247 0.356816
249 0.207936
250 0.775944
252 0.626072
253 0.501744
254 0.498256
255 0.572848
256 0.73712
257 0.676296
258 0.850544
260 1.15732
261 0.89416
262 0.936136
263 1.044232
264 0.828848
265 1.118136
266 0.749968
267 1.142712
268 1.117152
269 0.781224
270 0.660968
271 0.892976
272 0.870368
273 0.97884
274 1.08044
275 0.98852
276 0.89548
277 1.03972
279 0.929688
280 1.082224
281 0.560632
282 0.626232
283 0.470592
284 0.22752
285 0.2736
286 0.131328
287 0.260448
288 0.2736
289 0.209384
290 0.612864
291 0.587168
293 0.46808
294 0.5472
295 0.246224
296 0.44508
297 0.669144
298 0.584176
299 0.523288
300 0.580032
301 0.426016
302 0.316544
303 0.459648
304 0.46508
305 0.332232
306 0.481536
307 0.30312
308 0.284544
309 0.183496
310 0.284544
311 0.213496
312 0.240768
313 0.510256
314 0.283344
316 0.518184
317 0.49248
318 0.139256
319 0.186048
320 0.286512
321 0.566104
323 0.52232
324 0.447856
325 0.411704
326 0.393984
327 0.229888
328 0.425736
329 0.415872
330 0.356664
331 0.388112
332 0.429496
333 0.500776
334 0.523744
335 0.625912
337 0.552584
338 0.567728
339 0.4796
340 0.468328
341 0.385528
342 0.470592
343 0.283504
344 0.2736
345 0.39708
346 0.718992
347 0.599912
348 0.5274
350 0.342904
351 0.372096
352 0.333832
353 0.50044
354 0.482984
355 0.586456
356 0.752984
357 0.62692
358 0.539168
360 0.870152
361 0.664304
362 0.882192
363 1.1084
364 1.249096
365 1.143096
366 0.77252
367 0.619016
368 0.658904
369 0.733112
370 0.71212
371 0.625632
372 0.481536
373 0.33552
374 0.494832
376 0.406288
377 0.251712
378 0.207936
379 0.1612
380 0.120384
381 0.142272
382 0.259568
383 0.153216
384 0.120384
385 0.153216
387 0.158832
388 0.2736
389 0.196992
390 0.194976
391 0.21888
392 0.196736
393 0.105912
394 0.444944
395 0.617744
396 0.446696
397 0.361152
398 0.602992
399 0.537592
400 0.472752
402 0.370264
404 0.262656
405 0.390288
406 0.153216
407 0.284544
408 0.27772
409 0.21888
410 0.240768
411 0.18084
412 0.240768
414 0.190576
415 0.153216
416 0.16416
417 0.223816
418 0.350208
419 0.244888
420 0.35456
421 0.45516
422 0.393984
423 0.229296
424 0.248912
425 0.372096
426 0.28716
427 0.309192
428 0.24468
429 0.43776
430 0.261464
431 0.31088
432 0.454136
433 0.470592
434 0.22356
436 0.3236
437 0.339264
439 0.131072
440 0.489704
441 0.153216
443 0.585864
444 0.65664
445 0.815824
446 0.760312
447 1.00912
448 1.022544
449 0.887728
450 0.979568
452 0.643888
453 0.750856
454 0.908232
455 0.76312
456 0.861392
457 1.009744
458 0.835528
459 1.1564
460 1.145736
462 1.203136
463 1.169752
464 1.160352
465 1.05108
466 1.029584
467 1.056688
468 1.172376
469 1.257752
470 1.143264
471 1.066744
472 0.676568
473 1.201672
474 0.459976
475 1.01996
476 0.958256
477 1.175736
478 1.438912
479 1.377208
481 1.019008
482 1.066024
483 0.926936
484 0.937024
485 1.127328
486 1.224064
487 1.220696
488 1.060528
489 1.08884
490 1.122936
491 1.11724
492 1.252144
493 0.9156
494 1.269152
495 1.188264
497 1.440448
498 1.140872
499 1.003472
500 0.978792
501 0.992072
502 1.027736
503 1.035208
504 0.698992
505 0.882584
506 0.625256
507 0.855864
508 0.961696
509 0.306432
510 0.745112
511 1.33172
512 1.397536
513 1.313872
514 1.208632
516 1.247312
517 1.454688
518 1.424856
519 1.289848
520 1.512584
521 1.301312
522 1.259408
523 1.418856
524 1.186584
525 1.327008
527 1.172136
528 1.213824
529 0.704048
530 1.118656
531 1.07264
532 1.135872
533 0.83492
534 0.896144
535 1.025952
536 1.022752
537 1.057136
538 0.95584
539 1.115352
540 1.105728
542 1.099032
543 1.06932
544 1.208904
545 1.28552
546 1.339592
547 0.937616
548 0.790584
549 0.511672
550 0.129384
551 1.060632
552 1.010336
554 0.600968
555 1.085376
556 1.255864
557 1.133296
558 1.3578
559 1.136496
560 1.099408
561 0.93544
562 1.118488
563 1.047
564 0.88676
565 1.24316
566 0.85596
567 0.72664
568 1.082056
569 0.659392
570 1.092496
571 0.898984
572 1.206568
574 1.091592
575 1.182376
576 1.007944
577 0.789368
578 1.065952
579 1.075008
580 1.392152
581 1.216152
582 1.32792
583 1.256144
584 0.887744
585 0.597984
586 0.82504
587 0.339264
588 0.791832
589 0.535576
590 0.711904
592 1.366392
593 0.689144
594 0.872184
595 1.125136
596 0.764432
597 0.512176
598 0.635808
599 0.63296
600 0.608464
601 0.426768
602 0.785768
603 0.466976
604 0.835016
605 1.018392
606 0.89104
607 0.85864
608 0.567184
609 0.489336
610 0.284544
611 0.443704
612 0.324712
613 0.252088
615 0.295488
616 0.266616
617 0.24968
618 0.432464
619 0.2736
620 0.196784
621 0.361152
622 0.891616
623 1.138992
624 1.208392
625 1.4064
626 0.623208
627 0.536256
628 0.506752
629 0.665192
630 0.2522
631 0.5
632 0.459648
633 0.289816
634 0.295488
635 0.482416
636 0.92624
637 1.291968
638 1.723144
640 1.496416
641 1.125008
642 1.210136
643 1.481664
644 1.543272
645 1.331344
646 1.261208
647 1.20296
648 1.37528
649 1.293768
650 0.896296
652 1.549272
653 1.321168
654 1.392064
655 0.742104
656 0.446744
657 1.111304
658 1.28516
659 1.332088
660 1.599232
661 0.920336
662 0.89952
663 1.328952
664 0.931344
665 1.12396
667 1.018792
668 1.132424
669 1.116392
670 1.094152
671 1.007368
672 1.095432
673 0.9876
674 1.043336
675 0.79156
676 1.309488
677 0.996552
678 1.396832
679 1.11504
680 1.212632
681 1.284352
682 1.248856
683 1.426816
684 1.269488
685 1.351816
686 1.027552
687 1.329016
688 1.38124
689 1.222784
690 1.306472
691 1.089168
692 1.17136
693 1.485104
694 1.150648
695 1.184424
696 1.132096
697 1.067416
698 1.156216
700 1.388784
701 1.627952
702 1.68152
703 1.538072
704 1.521928
705 1.324512
706 1.01416
707 1.550744
708 1.149008
709 1.04968
710 1.154256
711 0.94612
712 0.936072
713 1.131168
715 1.173768
716 1.204512
717 1.074976
718 1.2734
719 1.317216
720 1.239128
721 1.25564
722 1.331168
723 0.810352
724 0.925664
725 0.781872
726 0.940872
727 1.063576
728 0.898352
729 0.780384
730 0.803776
731 0.88872
732 0.44396
733 0.371984
735 0.251712
736 0.15448
737 0.251712
738 0.226808
739 0.350208
740 0.337408
741 0.466208
742 0.566504
743 0.8244
744 0.527096
745 0.472792
746 0.635
747 0.651728
748 0.75928
749 0.924184
750 0.902056
751 0.783832
752 0.41772
753 0.38304
754 0.212848
756 0.010944
757 0.251712
759 0.021888
760 0.438984
761 0.295488
762 0.19664
765 0.284544
766 0.197368
767 0.350208
768 0.219944
769 0.503424
770 0.22552
772 0.16416
773 0.076608
775 0.021888
777 0.120384
778 0.091328
780 0.032832
781 0.043776
782 0.032832
786 0.032832
787 0.05472
788 0.142272
790 0.132472
791 0.098496
792 0.120384
793 0.120384
794 0.087552
796 0.032832
797 0.353064
798 0.307464
799 0.21888
801 0.17504
802 0.196992
803 0.153216
804 0.193552
805 0.525312
806 0.29056
807 0.495096
808 0.460432
809 0.477712
810 0.388328
811 0.53788
813 0.537168
814 0.49248
815 0.24
816 0.37452
817 0.774272
818 0.854096
819 0.677168
820 0.651304
821 1.188568
822 1.59588
823 1.092032
824 0.908688
825 1.168504
826 1.016152
827 1.465208
828 0.647336
829 1.362696
831 1.095336
832 0.9242
833 1.130336
834 1.368576
835 1.34556
836 1.470712
837 0.795456
838 0.686504
839 0.395952
840 0.372096
841 0.305048
842 0.289304
843 0.503424
844 0.346344
845 0.36996
846 0.448704
847 0.355832
848 0.470824
849 0.481536
850 0.318328
851 0.503424
852 0.40704
853 0.332
855 0.391312
856 0.361152
857 0.33076
858 0.471536
859 0.348264
860 0.38304
861 0.625072
862 0.72716
863 0.804488
864 0.9092
865 1.045456
866 1.259656
867 1.231584
868 1.367584
869 1.27652
870 1.379984
871 1.097008
872 1.110096
873 0.844144
874 0.577944
875 0.317376
877 0.386088
878 0.888608
879 1.09468
880 1.38888
881 1.160584
882 1.294984
883 1.475864
884 1.362936
885 0.991752
886 1.039576
887 1.320688
888 1.086176
889 1.16276
890 1.102712
891 0.873584
892 1.2056
893 1.065272
894 1.059992
895 0.6862
896 0.931416
897 0.39676
898 0.332928
899 0.466784
900 0.642304
901 0.327408
902 1.088584
903 1.190416
904 1.307176
905 1.353456
915 0.842152
916 1.023824
917 1.59924
918 1.26436
919 1.509104
920 1.480784
921 1.505864
922 1.180256
924 1.266176
925 1.151368
926 1.265312
927 1.074672
928 0.887744
929 1.073
930 1.22044
931 1.45912
932 1.548544
933 1.642432
934 1.567424
935 1.649064
936 1.460216
937 1.154216
938 1.481696
939 1.356728
940 1.33904
941 1.233456
942 1.438712
943 1.44204
944 1.4896
945 1.060192
947 1.426592
948 1.388944
949 1.436256
950 1.262352
951 1.277736
952 1.544904
953 1.099144
954 1.354168
955 1.288056
956 0.871288
957 1.419968
958 1.374552
959 1.525744
960 1.212648
961 0.659664
962 0.300704
964 0.131072
966 0.556896
967 0.902168
968 0.655256
969 0.515432
970 0.630128
971 0.803816
972 1.259408
973 1.35676
974 1.551792
975 1.1004
976 1.352592
977 1.406688
979 1.426168
980 1.27976
981 1.015816
982 1.266624
983 1.32764
984 1.248072
985 1.483968
986 1.538992
987 1.549224
988 1.637272
989 1.402512
990 1.517424
991 1.551304
992 1.281352
994 1.53024
995 1.551408
996 1.128496
997 1.34984
998 1.1242
999 1.085704
1000 1.498384
1001 0.956648
1002 1.043
1003 1.323072
1004 0.828056
1005 0.95404
1006 0.761984
1007 0.566504
1008 0.59132
1009 0.600288
1010 0.99368
1011 1.186936
1012 1.125592
1013 0.858936
1014 0.950416
1015 0.634224
1017 0.481536
1018 0.475752
1019 0.724416
1020 0.578016
1021 0.663336
1022 0.688696
1023 0.650056
1024 0.373488
1025 0.354152
1026 0.49248
1027 0.475312
1028 0.428288
1029 0.379744
1030 0.816584
1032 1.143984
1033 1.359728
1034 1.323336
1035 1.220408
1036 1.250048
1037 0.997632
1038 1.160344
1039 1.385888
1040 1.590032
1041 1.356008
1042 1.574104
1043 1.691584
1044 1.62324
1045 1.308096
1046 1.689976
1047 1.296856
1049 1.646056
1050 1.376536
1051 1.411272
1052 1.436848
1053 1.761816
1054 1.2636
1055 1.65192
1056 1.750016
1057 1.57964
1058 1.50492
1059 1.273944
1060 1.221352
1061 1.42164
1062 1.02944
1063 1.023864
1064 1.002416
1065 0.712944
1066 0.417856
1067 0.414056
1068 0.295488
1069 0.671952
1070 0.98656
1071 0.9576
1072 0.955072
1073 0.821728
1074 1.111584
1076 1.173576
1077 1.068816
1078 0.897432
1079 0.731128
1080 0.825312
1081 0.57496
1082 0.894424
1083 1.064344
1084 0.604
1085 0.94444
1086 1.465608
1087 0.92372
1088 0.459456
1089 0.311752
1090 0.791576
1091 1.126624
1092 1.152432
1093 1.260064
1094 1.064336
1095 0.986936
1096 1.09612
1097 1.06224
1098 1.164576
1099 1.003352
1101 1.133024
1102 1.0822
1103 1.360784
1104 1.170888
1105 1.301888
1106 0.92156
1107 0.945112
1108 1.194336
1109 1.143152
1110 1.151536
1111 0.878248
1112 1.024928
1113 1.34628
1114 1.080944
1115 1.213496
1116 1.124352
1117 1.128928
1118 0.970624
1119 1.106488
1120 1.06892
1121 0.97116
1122 1.065064
1123 1.112424
1124 1.028176
1125 0.996032
1127 1.36744
1128 1.364632
1129 1.280896
1130 1.2762
1131 0.870208
1132 0.926312
1133 1.002568
1134 1.2186
1135 1.020472
1136 1.12784
1137 0.697432
1138 0.681528
1139 0.797664
1140 0.931136
1141 1.223112
1142 1.038048
1143 1.06692
1144 0.85912
1145 1.194176
1146 1.02244
1147 1.00964
1148 1.194992
1149 1.304352
1150 1.195976
1151 1.048872
1152 1.127832
1153 0.914728
1155 1.229464
1156 1.482856
1157 1.153832
1158 0.885856
1159 1.175024
1160 1.21388
1161 1.07804
1162 1.231584
1163 1.168048
1164 1.233216
1165 1.096248
1166 1.206352
1167 1.021008
1168 1.03972
1169 1.052904
1170 0.741064
1171 0.7806
1172 0.576392
1173 0.670048
1174 0.506912
1175 0.462968
1176 0.644864
1177 0.537992
1178 0.423528
1179 0.535184
1180 0.621024
1181 0.5144
1182 0.586056
1183 0.5604
1184 0.736152
1185 0.367696
1186 0.306432
1187 0.300296
1188 0.417024
1189 0.55532
1190 0.7334
1191 0.882
1192 0.706752
1194 0.884616
1195 0.998144
1196 1.151464
1197 1.01768
1198 1.00948
1199 1.049704
1200 0.83112
1201 1.082144
1202 1.003968
1203 1.279848
1204 1.20148
1205 1.176024
1206 1.131216
1207 1.120232
1208 1.179224
1209 1.054872
1210 1.273288
1211 1.087808
1212 1.161256
1213 1.102352
1214 1.135832
1215 1.05256
1216 1.134872
1217 1.059488
1218 0.678168
1219 1.0972
1220 1.210616
1221 0.835512
1222 1.20452
1223 1.193856
1225 1.26368
1226 1.335936
1227 1.127904
1228 1.102648
1229 1.24916
1230 1.072952
1231 1.031328
1232 1.258408
1233 1.086264
1234 1.102056
1235 0.994528
1236 1.099776
1237 0.999832
1238 1.397544
1239 1.147368
1240 1.300824
1241 0.934608
1242 1.080296
1243 0.968624
1244 1.152104
1245 1.00472
1246 1.350192
1247 1.384824
1248 1.446904
1249 1.266008
1250 1.161968
1252 0.995048
1253 1.472856
1254 1.484792
1255 1.20152
1256 1.403568
1257 1.546944
1258 1.47964
1259 1.675792
1261 1.645904
1262 1.605344
1263 1.411736
1264 1.490944
1265 1.576008
1266 1.79892
1267 1.51252
1268 1.516688
1269 1.335192
1270 1.463792
1271 1.523488
1272 1.378088
1273 1.576448
1274 1.324816
1275 1.770656
1276 1.410912
1277 1.479664
1278 1.465136
1279 1.393256
1280 1.33356
1281 1.216856
1283 1.341992
1284 1.61976
1291 0.914656
1292 0.881192
1293 1.146752
1294 1.3074
1295 1.722288
1297 1.697272
1298 1.61892
1299 1.2334
1300 1.574
1301 1.267688
1302 1.308848
1303 1.76084
1304 1.383792
1305 1.237232
1306 1.244336
1307 1.490592
1308 1.336928
1309 1.1796
1310 1.373328
1312 0.8218
1313 0.596192
1314 0.575464
1315 0.782704
1316 0.438512
1317 0.364648
1318 0.404992
1319 0.372096
1320 0.247912
1321 0.295488
1322 0.1476
