0 1.367328
1 2.081672
2 1.125912
3 1.3498
4 0.980856
5 0.826328
6 1.117408
7 1.536792
9 1.499216
10 1.36764
11 1.308544
12 1.443536
13 1.064144
14 1.401712
15 1.29832
16 1.089608
17 1.257504
18 1.10284
19 1.381216
20 1.456352
21 1.302648
22 1.141728
23 0.523728
24 0.815768
26 0.631768
27 0.708688
28 0.7448
29 0.94464
30 1.177984
31 0.778424
32 1.220104
33 1.3062
34 1.189008
35 1.283896
36 1.423016
37 1.254712
38 1.190384
39 1.208224
40 0.963352
41 0.810264
42 1.247976
43 1.234768
44 0.99104
45 0.931256
46 0.907632
47 0.816024
48 1.01224
49 1.187264
51 1.223792
52 0.696296
53 0.73876
54 0.650848
55 0.695176
56 0.667576
57 0.585472
58 0.937008
59 0.839528
60 0.896816
61 0.726024
62 0.9386
63 0.561424
64 0.81024
65 0.896568
66 1.163456
67 1.264768
68 1.407872
70 0.908096
71 1.013888
72 1.276192
73 0.928744
74 0.872808
75 0.9396
76 1.087112
77 1.14628
78 1.166064
79 1.041896
80 1.23532
81 1.372208
82 1.047416
83 1.059
84 0.995904
85 0.965264
86 1.235592
87 1.157824
88 1.264744
89 1.330168
90 1.171368
92 1.138056
93 1.138936
94 1.121112
95 1.337352
96 1.073248
97 1.232024
98 1.04116
99 1.519696
100 1.22568
101 1.24308
102 1.011952
103 1.090968
104 1.11712
105 1.058328
106 0.961376
107 0.854
108 0.963632
109 0.989096
110 0.881384
111 0.985856
113 1.076048
114 0.60624
115 0.934416
116 0.877056
117 0.77956
118 0.962664
119 1.012648
120 0.950152
121 0.995168
122 1.079976
123 1.078376
124 0.637288
125 0.929216
127 0.981064
128 0.908136
129 0.921712
130 1.081992
131 0.936776
132 0.78496
133 0.916432
134 1.172272
135 1.071232
136 0.894704
137 1.145672
138 0.803296
139 0.9236
140 0.963064
142 0.982176
143 0.93156
144 0.976488
145 0.908168
146 1.070712
147 0.709896
148 0.851736
149 0.9974
150 0.622784
151 0.667088
152 0.527304
153 0.616144
154 0.712888
155 0.471672
156 0.43224
157 0.554512
158 0.186048
159 0.383184
160 0.739464
161 0.307952
162 0.831688
163 0.865968
164 0.937936
165 1.008112
166 1.304024
168 0.971296
169 1.029344
170 1.200848
171 1.235464
172 1.051312
173 1.150312
174 1.203568
175 1.10816
176 1.275184
177 1.045624
178 1.153952
179 0.780456
180 0.544232
181 0.923216
182 0.99364
183 1.058392
184 0.858104
185 0.70464
186 0.542632
187 0.423776
188 0.689472
189 0.775312
190 0.554248
191 0.598688
193 0.457784
194 0.500096
195 0.440464
196 0.534344
197 0.48552
198 0.415872
199 0.620784
201 0.890968
202 0.7728
203 0.665792
204 1.170512
205 0.8434
206 0.952976
207 0.875744
208 0.64612
209 0.8368
210 0.746072
211 0.697168
212 0.982784
213 0.695768
214 0.809992
215 0.604368
216 0.75556
217 0.666744
218 0.707072
219 0.586008
220 0.878264
221 0.887536
222 0.741064
223 0.743872
224 0.611952
225 0.745144
227 0.393984
228 0.244232
229 0.493504
230 0.407248
231 0.251712
232 0.236744
233 0.43776
234 0.266472
235 0.303384
236 0.448704
237 0.244992
238 0.503424
239 0.34704
240 0.724272
241 0.569992
242 0.425808
243 0.470592
245 0.379704
248 0.279224
249 0.196992
250 0.207936
252 0.241448
253 0.426816
254 0.414976
255 0.324552
256 0.448704
257 0.305416
258 0.426816
259 0.55048
260 0.599448
261 0.370944
262 0.415872
263 0.155208
264 0.16416
265 0.175104
266 0.287904
267 0.356248
268 0.427952
269 0.689472
270 0.283928
271 0.37628
272 0.372096
273 0.166768
276 0.087552
277 0.598416
279 0.2736
280 0.313568
281 0.207936
282 0.186048
283 0.102144
284 0.175104
285 0.342976
286 0.361152
287 0.216304
288 0.33924
289 0.129392
290 0.393984
291 0.116904
292 0.284544
293 0.224216
295 0.032832
296 0.284544
297 0.264688
298 0.32832
299 0.308136
300 0.731008
302 0.605912
303 0.481536
304 0.405768
305 0.54
306 0.305384
307 0.816464
308 0.666504
309 1.007432
310 0.95072
311 1.03708
312 1.09864
313 0.795824
314 0.632008
315 0.808184
316 0.644928
317 0.63984
318 0.791048
319 0.37016
320 0.262656
321 0.219392
322 0.76608
323 0.373944
324 0.221648
325 0.175104
326 0.167168
327 0.142272
329 0.098496
330 0.10944
331 0.196992
332 0.16416
333 0.081144
334 0.16416
335 0.251712
336 0.218688
337 0.119328
340 0.308544
341 0.93444
342 0.507896
343 0.536112
344 0.470592
345 0.433328
346 0.427744
347 0.43168
349 0.478072
350 0.229824
351 0.270944
352 0.372096
353 0.308648
354 0.399696
355 0.240768
356 0.4084
357 0.251712
358 0.065752
359 0.142272
360 0.175104
361 0.076608
363 0.098864
364 0.076608
365 0.05472
366 0.05472
368 0.065664
369 0.065664
370 0.118088
371 0.2736
372 0.23364
373 0.372096
374 0.3136
375 0.2948
376 0.262656
377 0.197128
378 0.142272
379 0.10944
380 0.153216
382 0.141712
383 0.175104
384 0.186048
385 0.098496
386 0.097824
387 0.186048
388 0.229824
389 0.232312
390 0.448704
391 0.188472
392 0.372096
393 0.260352
394 0.284544
395 0.18384
396 0.240768
397 0.262656
398 0.110888
399 0.251712
400 0.229568
402 0.379488
403 0.470592
404 0.993392
405 0.603752
406 1.04124
407 0.811976
408 1.137376
409 0.945784
410 0.996504
411 1.042688
412 1.100032
413 1.117088
414 1.13716
415 0.970176
416 1.013688
417 0.94656
419 1.091208
420 1.013576
421 1.18944
422 1.220168
423 1.107832
424 0.888776
425 1.07788
426 1.198624
427 1.228256
428 1.025664
429 1.051584
431 1.344968
432 0.622496
433 0.729968
434 0.969744
435 0.988016
436 1.04116
437 1.280864
438 1.242824
439 1.140304
440 1.100536
441 1.360704
442 1.185664
443 1.34568
444 1.208984
445 1.194016
446 1.24668
447 1.360552
448 1.27492
449 1.251056
450 1.180064
451 1.017656
452 1.006136
453 1.046352
454 0.966328
455 0.995072
456 1.11948
457 1.12212
458 0.850584
459 0.693408
461 0.842
462 0.823072
463 1.22912
464 1.354288
465 1.221984
466 1.367888
467 1.309208
468 1.309968
469 1.20784
470 1.220192
471 1.164864
472 1.389648
473 1.327488
474 1.227688
475 1.336016
477 1.285896
478 1.411872
479 1.286616
480 1.351288
481 0.983
482 1.180112
483 1.090064
484 1.063256
485 1.197624
486 1.471744
488 1.388152
489 1.008064
490 1.066024
491 1.167704
492 1.204464
493 1.177264
494 1.298928
495 1.108376
496 0.955712
497 0.859016
498 1.02444
499 1.029688
500 0.989488
501 1.052864
502 1.059552
503 1.19968
504 1.215896
505 1.185576
506 1.24424
508 1.175784
509 1.057736
510 0.806416
511 0.505864
514 0.196992
515 0.258184
516 0.459792
517 0.534688
518 0.532376
519 0.66192
521 0.652808
522 0.965304
523 0.709984
524 0.692256
525 0.44684
526 0.42208
527 0.548488
528 0.470592
529 0.663424
530 0.905648
531 0.939288
532 1.02864
533 1.236368
534 0.943752
535 0.510936
536 1.05588
537 0.818208
538 0.895336
539 1.120184
540 1.078248
541 1.002776
542 1.200416
543 0.643768
544 0.55216
545 0.701136
546 0.434776
547 0.262656
548 0.292296
549 0.390944
550 0.528904
551 0.547848
552 0.48744
554 0.808896
555 0.442728
556 0.567752
557 1.009936
558 0.63416
559 1.146816
560 1.305512
561 1.147856
562 1.369288
563 1.078368
564 1.189144
565 1.080584
566 1.040064
568 0.976896
569 1.259096
570 1.215336
571 1.448984
572 1.2092
573 0.972744
574 0.995824
575 0.961128
576 0.710424
577 0.69296
578 0.341456
580 0.295488
581 0.379896
582 0.49176
583 0.484176
584 0.481536
585 0.43008
586 0.453688
587 0.419888
588 0.339264
589 0.264704
590 1.215528
591 1.399152
592 1.207216
593 1.181456
594 1.461456
596 0.785272
597 0.451696
598 0.350208
599 0.280088
600 0.514368
601 0.30876
602 0.43776
603 0.25808
604 0.545168
605 1.027336
606 1.300008
607 1.44936
608 1.370728
610 1.60752
611 1.565344
612 1.570384
613 1.293888
614 1.162328
615 1.467864
616 1.535856
617 1.749904
618 1.57624
619 2.017424
621 1.727544
622 0.78764
623 1.288056
624 1.09288
625 1.2552
626 1.336352
627 0.920616
628 1.13456
629 0.92556
630 1.097032
631 0.945744
632 1.037776
633 1.11548
634 1.30464
635 1.264
636 1.130448
637 1.239424
639 1.783048
640 1.76136
641 1.316664
642 1.072424
643 1.270384
644 1.129536
645 1.251304
646 1.609272
647 1.56804
648 1.287528
649 1.441384
650 1.197336
651 1.269672
652 1.10152
654 1.272152
655 1.20296
656 1.37528
657 1.377424
658 1.363432
659 1.293968
661 1.014736
662 1.501912
663 1.626568
664 1.684736
665 1.507192
666 1.599232
667 0.909392
668 0.976128
669 1.07724
670 1.117392
672 1.06924
673 1.073512
674 1.022984
675 1.214888
676 1.039432
677 1.226248
678 1.00628
679 1.197136
680 1.240328
681 1.14868
682 1.006688
683 0.9094
684 1.096976
685 0.834864
686 0.963752
687 0.970232
688 1.04924
689 1.04716
690 0.859216
691 0.68456
692 0.7476
693 0.570528
694 0.38304
696 0.223144
697 0.426816
698 0.374872
699 0.32868
700 0.564768
701 0.703648
702 0.658808
703 0.767768
704 0.82512
705 0.528992
706 0.737624
707 0.590736
708 0.680656
709 0.780608
710 0.996256
711 0.916016
712 0.821216
713 0.548312
714 0.459648
715 0.397256
716 0.393184
717 0.449096
718 0.459648
719 0.365624
720 0.335896
721 0.339264
722 0.254392
723 0.269192
724 0.467664
725 0.601
726 0.573032
727 0.691416
728 0.74736
729 0.538048
730 0.992192
731 0.855056
732 0.892128
733 0.79388
734 1.078216
735 0.799072
736 1.005224
737 0.951568
740 0.278232
741 0.812336
742 0.924456
743 0.658392
744 0.540448
745 0.8138
746 1.067176
747 0.229352
749 0.749128
750 0.534504
751 0.445344
752 0.658864
753 0.669296
754 0.465176
755 0.295488
756 0.131072
757 0.117872
758 0.05472
760 0.306432
761 0.197664
762 0.207936
763 0.196992
764 0.13056
765 0.130464
773 0.088144
774 0.05472
775 0.032832
777 0.032832
783 0.010944
784 0.043776
785 0.120384
786 0.146272
788 0.142272
789 0.229824
790 0.130832
791 0.120384
792 0.196992
793 0.153216
794 0.197072
795 0.186048
797 0.196992
798 0.167976
799 0.21888
800 0.153216
801 0.207936
802 0.130928
803 0.207936
804 0.21888
805 0.12472
806 0.240768
808 0.220728
809 0.142272
810 0.120384
811 0.16416
812 0.120992
813 0.120384
814 0.16416
816 0.186048
817 0.116688
818 0.153216
819 0.196992
820 0.142456
821 0.175104
822 0.16416
824 0.175696
825 0.10944
826 0.142272
827 0.175104
828 0.09372
830 0.120384
831 0.16416
832 0.10944
833 0.10944
834 0.055496
835 0.175104
836 0.229824
837 0.126096
838 0.186048
839 0.196992
841 0.148
842 0.175104
843 0.175104
844 0.181472
845 0.196992
852 0.065664
853 0.05472
854 0.065664
856 0.032832
857 0.032832
858 0.032832
860 0.032832
861 0.021888
862 0.01352
863 0.05472
864 0.032832
882 0.098496
883 0.35248
885 0.505952
886 0.70852
887 1.337176
888 1.437968
889 1.10152
890 1.5614
891 1.369688
892 1.32524
893 1.36104
894 1.5358
896 1.379672
897 1.401344
898 1.42948
899 1.44548
900 1.37608
901 1.449528
902 1.131056
903 1.359632
904 1.290968
905 1.574744
906 1.105072
907 1.267216
908 1.312344
909 1.314136
910 1.46108
911 1.489488
912 1.53492
913 1.558424
914 1.674784
915 1.800456
916 1.680272
917 1.611872
918 1.302912
919 1.268952
920 1.229944
921 0.893952
922 0.544232
923 0.317376
924 0.19896
925 0.404928
929 0.065664
930 0.649072
931 0.598056
932 0.621672
933 1.297096
934 0.909456
935 1.351904
937 1.333936
938 1.719472
939 1.330512
940 1.27488
941 0.823712
942 1.075648
943 1.311384
944 1.49616
945 1.00292
946 1.440808
947 1.351096
948 0.981232
949 0.72376
950 0.818712
951 0.681576
953 0.638528
954 0.61032
955 0.67972
956 0.765072
957 0.687048
958 0.769024
959 1.097992
960 0.968768
961 1.524888
962 1.240336
963 0.764144
964 0.327696
965 0.153216
966 0.2194
967 0.677192
968 0.32612
969 0.558368
970 0.735744
972 0.372096
973 0.411544
974 0.499504
975 0.317368
976 0.29088
977 0.39404
978 0.6398
979 1.046144
980 1.088832
981 1.169536
982 0.93732
983 0.854808
984 0.948568
985 1.195728
986 1.521936
987 1.277096
988 1.55356
989 1.510016
991 1.071184
992 1.31784
993 1.246984
994 1.127224
995 1.154568
996 1.3168
997 1.175104
998 0.776736
999 1.199448
1000 0.996888
1001 1.185768
1002 1.11432
1003 1.116696
1004 1.162448
1005 1.321392
1006 1.328984
1007 1.070696
1008 1.041392
1009 1.039928
1010 1.171824
1011 1.47964
1012 0.959592
1013 0.91656
1014 0.5546
1016 0.175104
1017 0.692128
1018 0.918504
1019 1.167552
1020 1.050296
1021 1.152992
1022 1.18968
1023 1.11324
1024 1.04764
1025 0.533824
1026 1.412992
1027 1.040008
1028 0.819096
1030 0.611208
1031 0.971152
1032 0.992408
1033 0.393984
1034 0.097568
1035 0.705416
1036 0.801856
1037 0.984328
1038 0.90564
1039 1.145576
1040 1.04584
1041 0.899152
1042 0.918592
1043 0.948792
1044 1.06828
1045 1.157312
1046 1.154944
1047 1.230344
1048 1.237312
1049 1.168872
1050 1.113584
1051 1.21804
1053 1.061248
1054 1.182232
1055 1.336016
1056 1.21036
1057 1.196744
1058 0.654664
1059 0.680512
1060 0.748208
1061 0.894184
1062 1.114272
1063 0.916704
1064 1.358784
1065 1.00616
1066 1.070536
1067 1.102464
1068 1.05404
1069 1.248072
1070 1.455416
1071 0.979792
1072 1.19284
1073 1.239624
1074 1.315552
1075 1.161544
1076 1.093408
1077 1.435408
1078 1.113544
1079 1.270408
1081 1.53024
1082 1.4748
1083 0.895016
1084 0.86152
1085 1.05012
1086 0.894376
1087 1.063816
1088 1.481064
1089 0.984912
1090 1.141496
1091 1.23552
1092 1.035992
1093 1.03064
1094 1.098672
1095 1.136888
1096 1.398608
1097 1.064848
1098 1.395256
1099 1.092688
1100 1.422192
1101 0.871848
1103 1.131912
1104 1.262144
1105 1.38428
1106 0.728496
1107 0.948832
1108 0.65316
1109 0.718936
1110 1.02612
1111 1.075296
1112 1.038792
1113 0.544456
1114 1.02616
1115 0.593408
1116 0.986688
1117 1.018072
1118 0.964808
1119 1.24188
1120 1.196048
1121 1.312232
1122 1.321904
1123 1.114984
1124 0.982016
1125 1.097928
1126 1.150496
1127 1.08676
1128 1.201112
1130 1.19396
1131 0.862
1132 0.928192
1133 1.151448
1134 0.884744
1135 1.146488
1136 0.954424
1137 1.131336
1138 1.240048
1139 1.026128
1140 0.831776
1141 1.183344
1142 1.408704
1143 1.08716
1144 1.039768
1145 1.053944
1146 1.196064
1147 1.256888
1149 1.023312
1150 1.432328
1151 0.910616
1152 0.652208
1153 0.877104
1154 0.952296
1155 0.921416
1156 1.007208
1157 1.013856
1158 0.951752
1159 1.077264
1160 1.068704
1161 1.064688
1162 0.729552
1163 0.787992
1164 0.917176
1165 0.995344
1166 1.110744
1167 0.640088
1168 1.096328
1169 0.780992
1170 0.884248
1171 0.857472
1172 1.106696
1173 0.748968
1174 1.270024
1175 0.941192
1176 1.10204
1177 1.34888
1178 1.030712
1179 1.118008
1180 1.259232
1182 1.451984
1183 1.14276
1184 0.892256
1185 1.279192
1186 1.120016
1187 1.291272
1188 1.488048
1189 1.360176
1190 1.26512
1191 1.15432
1192 1.203872
1193 1.12996
1194 0.740384
1195 1.310288
1196 1.160712
1197 1.301048
1198 1.003968
1199 1.10704
1200 0.992512
1201 0.887608
1202 1.079864
1203 0.919504
1204 0.768704
1205 0.90752
1206 0.977736
1207 1.282408
1209 1.32364
1210 1.455184
1211 1.032696
1212 1.120352
1213 0.575312
1214 0.416344
1215 0.870208
1216 1.101416
1217 1.079176
1218 0.813672
1219 0.367576
1220 0.38304
1221 0.22608
1222 0.317376
1223 0.32832
1224 0.183024
1225 0.284544
1226 0.310064
1227 0.470592
1228 0.303448
