0 1.608768
1 1.668032
2 2.35296
3 1.624256
4 1.9152
5 1.383488
6 1.53216
7 1.022336
8 0.8208
9 0.623808
10 0.514368
11 0.38304
13 0.934784
14 0.733248
15 0.120384
16 2.07936
17 2.226176
18 1.777472
19 2.24352
20 1.821248
21 2.138624
22 2.24352
23 1.777472
24 1.455552
25 0.569088
26 0.229824
27 0.153216
28 0.043776
29 0.168704
31 0.098496
32 1.433664
33 0.569088
34 0.60192
35 0.75968
36 0.645696
37 0.8208
38 1.050624
39 0.683072
40 0.43776
41 0.71136
42 0.842688
43 0.93024
44 0.956672
45 1.761984
46 1.175552
47 1.761984
48 1.230272
49 0.612864
50 0.787968
51 0.5472
52 0.153216
53 1.427264
54 1.20384
55 1.138176
56 1.153664
57 1.488384
58 1.41632
59 1.674432
60 1.569536
61 1.838592
62 1.865024
63 2.035584
64 1.3178
65 2.276352
66 1.73372
67 1.919744
68 2.112192
69 1.657088
70 2.145024
71 1.569536
72 1.75104
73 1.25216
74 1.794816
75 1.6352
76 1.707264
77 1.514816
79 1.652544
80 1.711808
81 1.378944
82 1.19744
83 1.630656
84 1.569536
85 1.543104
86 1.335168
87 1.241216
88 1.53216
89 1.120832
90 1.619712
91 1.219328
92 1.6416
93 1.608768
94 1.755584
95 1.74464
96 1.575936
97 1.711808
98 1.269504
99 1.247616
100 1.153664
101 1.072512
102 0.503424
103 0.350208
104 0.426816
105 0.32192
106 0.2736
107 0.295488
108 0.841344
109 0.789312
110 0.886464
111 0.507968
112 0.590976
114 0.284544
115 0.87552
116 1.41632
117 2.013696
118 1.536704
119 1.707264
120 1.547648
121 1.882368
122 1.624256
123 2.002752
124 1.295936
125 1.783872
126 1.460096
127 1.991808
128 1.777472
129 2.105792
130 2.320128
131 2.07296
132 2.160512
133 2.506176
134 2.029184
135 2.01824
136 1.991808
137 1.438208
138 1.072512
139 1.707264
140 1.317824
141 1.521216
142 1.317824
143 1.400832
144 1.339712
145 1.324224
146 1.444608
147 1.241216
148 1.619712
149 1.514816
150 1.958976
151 1.471048
152 1.761984
153 0.934784
154 1.58688
155 1.52576
156 1.674432
158 1.602368
159 1.302336
160 1.160064
161 0.8144
162 0.60192
163 1.302336
164 1.372544
165 1.893312
166 1.865024
167 1.991808
168 1.79936
169 1.948032
170 1.613312
171 1.564992
172 1.098944
173 0.831744
175 0.426816
176 1.20384
177 1.055168
178 1.072512
179 0.831744
180 0.562688
181 1.028736
182 0.842688
183 1.247616
184 0.967616
185 1.138176
186 1.072512
187 0.737792
188 1.061568
189 1.028736
190 0.934784
191 1.160064
192 1.072512
193 1.000448
194 1.181952
195 1.25856
196 1.120832
197 1.247616
198 1.25856
199 0.945728
200 1.291392
201 1.028736
202 0.32192
203 0.372096
204 0.295488
205 0.60192
207 0.131072
208 2.24832
209 1.105344
210 0.974016
211 0.912896
212 1.0944
213 1.0944
214 0.891
215 1.028736
216 1.0944
217 1.14544
219 0.70864
220 0.963072
221 1.006848
222 0.86912
223 1.072512
224 1.072512
225 0.912896
226 1.127232
227 1.083456
228 1.022336
229 1.14912
230 1.127232
231 1.000448
232 1.072512
233 1.061568
234 0.98496
235 0.858176
236 0.995904
237 1.083456
238 0.97856
239 1.072512
240 1.127232
241 0.989504
242 1.214784
243 1.181952
244 0.836288
245 1.192896
246 0.941184
247 1.000448
248 1.072512
249 1.160064
250 1.011392
251 1.017792
252 1.03968
253 1.044224
254 1.105344
255 1.160064
256 1.011392
257 1.138176
258 1.061568
259 0.8208
260 0.475136
261 0.569088
262 0.350208
264 0.744192
265 0.98496
266 0.606464
267 0.98496
268 1.017792
269 0.974016
270 0.65024
271 0.919296
272 0.98496
273 0.912896
274 1.14912
275 1.247616
276 1.055168
277 1.192896
278 1.181952
279 0.956672
280 1.116288
281 1.214784
282 0.901952
283 1.03968
284 1.0944
285 1.000456
286 1.214784
287 1.160064
288 0.989504
289 1.006848
290 1.138176
291 0.92384
292 0.908352
293 0.853632
297 0.131072
298 1.416576
299 0.952128
300 0.809856
301 0.404928
302 0.578816
303 1.143936
304 0.8208
305 0.853632
306 1.241216
307 1.214784
308 0.93024
309 0.836288
310 1.31328
311 1.225728
312 0.92384
313 0.941184
314 1.14912
315 1.000448
316 1.291392
317 1.42272
318 0.891008
319 1.028736
320 1.116288
321 0.92384
322 1.247616
323 1.247616
324 1.000448
325 1.061568
326 1.03968
327 0.836288
328 0.481536
329 0.262656
330 0.175104
331 0.120384
332 0.426816
333 0.787968
334 0.755136
336 0.409472
337 1.499328
338 1.777472
339 1.948032
340 1.810304
341 2.090304
342 1.843136
343 1.996352
344 2.112192
345 1.755584
346 2.24352
347 1.886912
348 1.832192
349 2.013696
350 1.722744
351 2.112192
352 1.843136
353 2.112192
354 1.164608
355 1.160064
356 0.97856
357 1.061568
358 0.952128
359 0.131072
360 2.127936
361 1.291392
362 0.989504
363 1.061568
364 1.171008
365 1.109888
366 0.689472
368 0.120384
369 0.514368
370 0.459648
371 0.38304
372 0.317376
373 0.196992
375 0.153216
376 0.05472
415 0.043776
416 0.05472
417 0.098496
418 0.076608
420 0.04816
421 0.064704
422 0.10784
423 0.10784
424 0.086272
425 0.10784
426 0.140192
428 0.118624
429 0.118624
430 0.086272
431 0.10784
432 0.086272
439 0.010784
441 0.32352
442 0.409792
443 0.118624
444 0.118624
445 0.118624
446 0.150976
447 0.10784
452 0.097056
453 0.32352
454 0.217344
455 0.180128
456 0.129408
457 0.21568
459 0.129408
460 0.150976
461 0.129408
462 0.118624
463 0.129408
464 0.118624
465 0.129408
466 0.114016
467 0.123232
468 0.129408
472 0.032352
473 0.150976
474 0.118624
475 0.517632
476 0.118624
477 0.118624
478 0.150976
480 0.172544
481 0.246496
482 0.16176
483 0.118624
484 0.118624
485 0.129408
487 0.150976
488 0.097056
489 0.150976
490 0.150976
496 0.064704
497 0.571552
498 0.10784
499 0.064704
500 0.150976
502 0.10784
503 0.129408
504 0.097056
505 0.075488
546 0.021568
547 0.506848
548 0.129408
549 0.162944
550 0.008064
551 0.075488
552 0.150976
553 0.16176
554 0.129408
555 0.172544
556 0.172544
558 0.172544
559 0.194112
563 0.129408
564 0.334304
565 0.496064
566 0.194112
567 0.16176
568 0.150976
571 0.20656
573 0.37424
574 0.097056
575 0.183328
576 0.21568
577 0.226464
578 0.172544
579 0.16176
583 0.086272
584 0.711744
585 0.150976
586 0.172544
587 0.16176
588 0.204896
592 0.249696
593 0.451264
594 0.0416
595 0.118624
596 0.140192
597 0.129408
598 0.150976
599 0.140192
600 0.129408
601 0.097056
602 0.129408
604 0.140192
605 0.10784
606 0.081664
614 0.021568
615 0.57616
616 0.075488
617 0.064704
619 0.043136
620 0.05392
621 0.05392
622 0.05392
623 0.064704
624 0.064704
625 0.097056
626 0.172544
629 0.010784
631 0.548448
632 0.10784
633 0.118624
634 0.140192
635 0.204896
636 0.16176
637 0.16176
639 0.16176
642 0.228128
643 0.14928
644 0.539232
645 0.16176
646 0.118624
647 0.10784
648 0.118624
649 0.097056
650 0.118624
651 0.150976
653 0.150976
654 0.140192
656 0.138656
657 0.10784
658 0.118624
659 0.129408
660 0.183328
661 0.097056
662 0.129408
663 0.097056
664 0.097056
665 0.10784
666 0.129408
667 0.097056
669 0.126272
670 0.154112
671 0.10784
675 0.10784
676 0.1608
677 0.691136
678 0.183328
680 0.226464
681 0.194112
682 0.063144
683 0.183328
684 0.204896
685 0.183328
687 0.248032
688 0.226464
689 0.194112
692 0.135584
693 0.295776
694 0.506848
695 0.150976
696 0.172544
697 0.140192
701 0.174208
702 0.11696
705 0.322008
706 0.097056
707 0.172544
708 0.150976
709 0.150976
710 0.172544
711 0.16176
713 0.172544
714 0.118624
718 0.118624
719 0.625472
720 0.183328
722 0.172544
723 0.16176
724 0.140192
725 0.129408
728 0.174208
729 0.248032
730 0.115424
731 0.075488
732 0.10784
733 0.086272
734 0.097056
736 0.086272
737 0.097056
738 0.086272
739 0.064704
741 0.075488
742 0.043136
752 0.163424
753 0.33264
754 0.097056
755 0.097056
756 0.129408
757 0.097056
759 0.097056
760 0.097056
761 0.118624
762 0.075488
763 0.043136
764 0.05392
766 0.097056
767 0.086272
768 0.16176
769 0.097056
771 0.150976
772 0.086272
773 0.064704
774 0.097056
775 0.118624
782 0.09552
783 0.10784
784 0.140192
785 0.129408
786 0.16176
787 0.16176
789 0.16176
790 0.16176
791 0.150976
795 0.150976
797 0.366656
798 0.420576
799 0.16176
800 0.118624
801 0.118624
802 0.150976
805 0.140192
807 0.47296
809 0.16176
810 0.16176
811 0.172544
812 0.150976
813 0.140192
814 0.172544
815 0.16176
