0 1.19412
1 1.050624
2 0.988816
3 1.364768
4 0.790736
5 0.909952
6 0.69432
7 0.895712
8 0.587256
9 0.722424
10 0.865248
11 0.972584
12 0.959368
13 1.06844
14 0.95452
15 0.99168
16 1.030056
17 1.097448
18 1.335168
19 0.929808
20 0.914992
21 0.963472
22 1.211192
24 1.339768
25 1.415616
26 1.335168
27 1.068528
28 1.247616
29 0.848776
30 0.980168
31 1.116288
32 0.88744
33 0.920824
34 0.970792
35 1.0944
36 0.862928
37 1.061568
38 0.88932
39 1.022312
40 1.061568
41 1.001768
42 1.269504
44 0.623248
45 0.415872
46 0.656768
47 1.667496
48 1.7246
49 2.180544
50 1.920856
51 2.313328
52 2.693592
53 1.48784
54 2.58832
55 2.018384
56 2.174904
57 1.246288
58 2.748696
59 2.493952
60 1.798144
61 2.658128
62 2.934128
64 2.001992
65 2.533192
66 2.30808
67 2.053288
68 2.95488
69 1.988256
70 1.4516
71 2.221632
72 1.544448
73 1.991808
74 1.580344
75 1.75104
76 1.214752
77 1.324224
78 0.852944
79 1.608768
80 0.415872
81 1.282904
82 2.435096
83 2.954904
84 2.793848
85 1.71768
86 2.253848
87 2.583856
88 2.421504
89 2.835256
90 3.346832
91 3.573208
92 2.3316
93 2.023672
94 2.670336
95 1.517152
96 1.942016
97 2.401168
98 3.44736
99 2.554536
100 2.934448
101 2.080568
102 2.069216
103 1.760984
104 1.500136
105 2.221632
106 1.609216
107 1.698672
108 1.685376
109 1.280448
110 0.791136
111 1.225728
112 1.160064
113 0.991064
114 1.47744
115 1.450736
116 1.827648
117 1.414144
118 1.411776
119 1.111584
120 1.138176
121 1.083456
122 0.665872
123 0.952128
124 0.634752
125 0.43776
126 0.327296
127 0.503424
128 2.101248
129 1.95132
130 1.108672
131 1.607192
132 1.58688
133 0.561608
134 1.619712
135 1.661584
136 1.344216
138 1.181952
139 1.474144
140 1.269504
141 1.982648
142 1.89696
143 1.827648
144 0.920504
145 1.443344
146 1.034888
147 1.488384
148 0.7252
149 1.006848
151 0.612864
152 0.483872
153 0.897408
154 0.666512
155 1.116288
156 0.819928
157 1.171008
158 0.557424
159 1.96992
160 1.367048
161 2.02464
162 1.023288
163 1.575936
165 1.335384
166 1.521672
166 1.199424
167 1.083456
168 0.995408
169 1.272912
170 1.547384
171 1.464224
172 1.499328
173 1.583728
174 1.315504
176 1.357056
177 0.871552
178 1.236672
179 0.87884
180 1.76752
181 2.363904
182 1.397072
183 1.646984
184 2.29824
185 2.126576
186 2.13924
187 1.751896
188 2.254464
189 1.635576
190 2.057472
191 1.4614
192 1.893952
193 2.166912
194 1.746136
195 2.374848
196 1.7932
197 2.495232
198 2.11872
199 2.50208
200 2.584848
201 2.528496
202 2.22592
203 1.84376
204 2.53608
205 2.932992
206 1.978208
207 1.80576
208 2.35296
209 1.737688
210 2.276744
211 2.878272
212 2.277456
213 2.418624
216 1.162376
217 5.912848
218 1.904256
219 1.619712
220 1.724376
221 2.227888
222 2.057472
223 2.132424
224 1.799984
225 0.558144
226 1.050624
227 1.379592
228 1.236672
229 0.941184
230 0.021888
231 1.53408
232 1.767296
233 1.847272
234 1.973664
235 1.726536
236 1.748136
237 1.763768
238 1.924112
239 1.792184
240 2.387312
241 2.320664
242 2.232576
243 1.273768
245 1.319048
246 1.006848
247 0.995904
248 1.926144
249 1.888672
250 2.145024
251 2.13408
252 1.315864
253 1.411776
254 1.523488
255 2.112192
256 1.671984
257 2.090304
258 2.134256
259 2.1478
260 1.717368
261 1.849536
262 1.833312
263 2.164616
264 0.952128
265 0.38304
266 2.002752
267 2.575408
268 2.956824
269 3.168648
270 3.51988
271 2.3224
272 2.849896
273 3.38248
274 3.90068
275 4.103968
276 3.201896
277 3.733416
278 3.214448
279 3.665248
280 4.23968
281 2.570744
282 2.8888
283 2.392688
284 2.1888
285 2.427808
286 2.646416
287 3.17376
288 3.25696
289 3.166176
290 3.12436
291 3.1844
292 4.555672
293 4.169664
294 4.118208
295 5.36256
296 3.3014
297 4.640256
299 1.848424
300 7.316656
301 3.907008
302 3.462608
303 3.682392
304 3.731256
305 4.082824
306 3.91352
307 3.863232
308 3.08548
309 3.364344
310 2.897328
311 3.34516
312 2.648448
313 3.305944
314 3.753792
315 3.907008
316 3.629408
318 4.125888
319 4.071168
320 2.934488
321 3.381696
322 2.76972
323 3.239424
324 1.99152
325 2.40768
326 2.166912
327 1.546184
328 2.84544
329 2.1888
330 1.428144
331 1.25856
333 0.995904
334 0.984496
335 1.127232
336 1.368
337 1.303712
338 1.302336
339 1.444608
340 1.266968
341 1.663488
342 1.302336
343 1.69136
344 2.135112
345 2.648448
346 2.041328
347 2.254464
348 1.645464
349 1.772928
350 1.40212
351 1.443232
352 1.86048
353 1.73124
354 1.810944
355 1.850704
356 2.08912
357 2.549952
358 2.029616
359 1.722504
360 1.888488
361 1.557672
362 2.090296
364 2.626664
365 2.637504
366 1.893184
367 1.674432
368 1.234136
369 1.333464
370 2.012768
371 1.596472
372 2.265408
373 0.931616
374 1.116288
375 0.864576
376 0.89316
377 0.612864
378 0.65664
379 0.284544
380 0.42412
381 0.578088
382 0.744192
383 0.62428
384 0.886464
385 1.006848
386 0.933152
387 0.590976
388 0.76608
389 0.6518
390 0.88124
391 0.98496
392 0.849264
393 1.13364
394 1.225728
395 1.097976
396 0.862632
397 0.993256
398 1.214784
399 1.041448
400 1.108528
401 1.0536
402 1.181408
403 1.048784
404 0.945584
405 1.030632
406 0.746912
407 0.448704
408 0.393984
410 0.175104
412 0.065664
436 0.0
