0 1.554432
30 0.131072
35 0.131072
36 1.438336
37 0.787968
38 1.181952
39 1.072512
40 1.011392
41 1.03968
42 0.995904
43 0.792512
44 0.995904
46 0.984704
47 1.110144
48 1.225728
49 1.236672
50 1.022336
51 1.346112
52 1.499328
53 0.65024
54 0.525312
61 0.339008
68 1.843392
69 1.761984
70 2.051072
71 2.40768
72 1.47104
73 1.772928
74 0.639296
75 0.240768
76 0.415872
77 0.284544
78 0.667584
79 0.65664
80 0.372096
81 0.306432
82 0.190592
83 0.481536
84 0.49248
85 0.503424
86 0.350208
87 0.49248
88 0.825344
89 1.03968
90 1.958976
92 1.208384
93 0.853632
94 0.38304
95 0.415872
96 0.569088
97 0.43136
98 0.974016
99 1.017792
100 0.8208
101 0.901952
102 0.87552
103 0.722304
104 0.722304
105 1.109888
106 1.192896
107 1.186496
108 1.346112
109 1.346112
110 1.077056
111 1.0944
112 1.42272
113 1.3616
114 1.466496
115 1.3616
116 1.455552
117 1.175552
118 1.488384
119 1.619712
120 1.339688
121 1.521216
122 1.175576
123 1.707264
124 0.97856
125 1.488384
126 1.674432
127 1.372544
128 1.772928
129 1.449152
130 1.761984
131 1.700864
132 1.897856
133 1.302336
134 1.247616
158 0.131072
180 0.131072
208 0.45376
209 1.127232
210 1.543104
211 0.792512
212 0.700416
213 1.31328
214 1.547648
215 1.510272
216 1.295936
217 1.937088
218 1.657088
219 1.893312
220 1.394432
221 1.893312
222 1.394432
223 1.619712
224 1.127232
225 0.661184
226 0.897408
227 1.116288
228 1.022336
229 0.98496
230 0.809856
231 0.558144
232 0.448704
233 0.934784
234 1.521216
235 1.077056
237 1.0944
238 1.061568
239 1.120832
240 1.466496
241 1.444608
242 1.350656
243 1.6416
244 1.241216
245 0.5472
246 1.510272
247 0.989504
248 1.25856
249 1.105344
250 0.803456
251 1.14912
252 0.38304
253 0.755136
272 0.131072
291 0.595776
292 0.809856
293 1.893312
294 1.832192
295 2.01824
296 1.619712
297 1.554048
298 1.284992
299 1.575936
300 1.394432
301 1.685376
302 1.657088
303 2.090304
304 1.624256
305 1.996352
306 2.090304
307 1.481984
308 1.958976
309 1.668032
310 1.783872
311 1.678976
312 2.02464
313 1.68992
314 1.42272
315 0.65024
316 0.995904
317 1.138176
318 0.97856
319 1.138176
320 1.181952
321 0.956672
322 0.864576
324 0.722304
325 0.733248
326 0.95668
327 0.995904
328 0.448704
329 0.558144
330 0.536256
331 0.667584
333 0.179648
334 0.842688
335 1.346112
336 0.97856
338 0.623808
339 0.503424
340 1.455552
341 1.109888
342 1.127232
343 1.061568
344 0.934784
345 1.14912
346 1.160064
347 1.274048
348 1.214784
349 1.028736
350 0.825344
351 0.908352
352 1.072512
353 0.956672
354 1.269504
355 1.433664
356 0.880064
357 0.98496
358 1.03968
359 1.066112
360 1.357056
361 1.14912
362 0.989504
363 0.908352
364 0.853632
386 0.131072
471 1.022424
472 0.097056
473 0.118624
474 0.10784
475 0.118624
477 0.064704
478 0.10784
487 0.131072
488 0.4944
489 0.163104
490 0.149632
494 0.05392
495 0.21568
496 0.474496
497 0.118624
498 0.140192
499 0.150976
500 0.086272
501 0.118624
505 0.064704
506 0.300416
507 0.097056
508 0.118624
510 0.10784
511 0.086272
512 0.097056
513 0.097056
514 0.10784
515 0.10784
516 0.10784
517 0.097056
523 0.10784
524 0.59312
525 0.10784
526 0.10784
527 0.075488
528 0.129408
529 0.10784
530 0.10784
531 0.10784
532 0.118624
533 0.086272
539 0.021568
541 0.280384
556 0.300416
557 0.064704
559 0.05392
560 0.05392
561 0.043136
562 0.032352
563 0.064704
565 0.043136
566 0.043136
567 0.032352
568 0.032352
569 0.075488
570 0.064704
571 0.043136
573 0.043136
574 0.021568
575 0.032352
576 0.032352
578 0.010784
580 0.032352
591 0.021568
592 0.097056
593 0.10784
594 0.092448
596 0.112448
597 0.144128
601 0.021568
602 0.375168
604 0.192448
605 0.140192
606 0.129408
607 0.129408
608 0.150976
609 0.150976
613 0.10784
615 0.483744
616 0.118624
617 0.150976
618 0.129408
619 0.140192
620 0.194112
621 0.129408
623 0.150976
624 0.204896
625 0.150976
629 0.075488
630 0.345088
631 0.452928
632 0.183328
633 0.16176
634 0.16176
635 0.16176
637 0.021568
670 0.343552
671 0.183328
672 0.237248
673 0.237248
674 0.226464
675 0.226464
676 0.183328
680 0.150976
681 0.776768
682 0.139872
683 0.204896
684 0.21568
686 0.140192
687 0.10784
689 0.268064
690 0.118624
691 0.237248
692 0.183328
693 0.194112
694 0.226464
695 0.204896
696 0.172544
701 0.086272
702 0.830368
704 0.140192
705 0.172544
706 0.237248
708 0.183328
709 0.268064
710 0.129408
711 0.183328
712 0.226464
713 0.172544
714 0.183328
715 0.172544
717 0.150976
718 0.194112
723 0.075488
724 0.873504
725 0.129408
726 0.118624
728 0.097056
729 0.172544
730 0.140192
732 0.131072
746 0.126208
747 0.118624
748 0.16176
749 0.150976
750 0.129408
751 0.118624
752 0.10784
753 0.140192
754 0.129408
755 0.150976
756 0.118624
757 0.16176
763 0.041472
764 0.704288
765 0.2248
766 0.118624
767 0.129408
768 0.118624
769 0.10784
772 0.05392
773 0.289632
774 0.16176
775 0.16176
777 0.118624
778 0.10784
779 0.140192
780 0.10784
781 0.140192
782 0.140192
783 0.129408
784 0.129408
790 0.129408
791 0.07088
792 0.220288
793 0.05392
794 0.442144
795 0.118624
796 0.10784
798 0.075488
799 0.086272
800 0.10784
801 0.172544
803 0.140192
804 0.172544
805 0.052384
806 0.10784
807 0.140192
808 0.16176
809 0.10784
810 0.150976
811 0.16176
813 0.150976
814 0.129408
815 0.1248
820 0.043136
821 0.255904
823 0.514368
824 0.05392
825 0.086272
826 0.097056
827 0.150976
828 0.140192
829 0.16176
830 0.10784
831 0.140192
833 0.097056
834 0.10784
856 0.073952
857 0.05392
858 0.075488
860 0.086272
861 0.140192
862 0.150976
863 0.129408
864 0.129408
865 0.140192
866 0.086272
867 0.075488
869 0.075488
870 0.064704
