0 1.301016
1 0.8796
2 0.84228
3 0.981664
4 0.96512
5 0.761656
6 1.114232
7 1.186904
8 1.365904
10 1.282504
11 1.123312
12 1.015696
13 0.978352
14 1.024512
15 1.041
16 1.097448
17 1.29096
18 1.407472
19 0.941584
20 0.38304
21 0.423112
22 0.32832
23 0.562672
25 0.39204
26 0.525312
27 0.404848
28 0.5472
29 0.403416
30 0.612864
31 0.43776
32 0.21888
33 0.262656
34 0.399464
35 0.488384
36 0.85568
37 0.880288
38 0.870864
39 0.953464
40 0.744192
41 0.481928
42 0.755136
43 0.600824
44 0.831744
45 0.732496
46 0.699968
47 0.79672
48 0.952128
49 0.70004
51 0.543184
52 0.678528
53 0.558752
54 0.744192
55 0.38672
56 0.65664
57 0.527016
58 0.744192
59 0.578832
60 0.451368
61 0.623808
62 0.5076
63 0.678528
64 0.22684
65 0.393984
66 0.90068
67 0.93024
68 0.520048
69 0.590976
70 0.389976
71 0.131328
72 0.251712
74 0.293656
75 0.558144
76 0.511256
77 0.306432
78 0.196992
79 0.281168
80 0.648416
81 0.645696
82 0.327792
83 0.744192
84 0.57828
85 0.617
86 0.652992
87 0.848408
88 0.514368
89 0.580048
90 0.71136
91 0.56728
92 0.620312
93 0.809856
94 0.501656
95 0.503424
96 0.195064
97 0.667584
98 0.504968
99 0.612864
100 0.31828
101 0.49248
102 0.318632
103 0.43776
104 0.401216
105 0.514368
106 0.305872
108 0.514368
109 0.787968
110 0.54648
111 0.932232
112 0.897408
113 0.73636
114 1.006848
115 0.816192
116 0.843032
117 0.831944
118 1.105344
119 0.872328
120 1.148184
121 1.335168
122 1.15992
123 0.872344
124 1.524424
125 0.560736
126 1.130512
127 1.138176
128 0.494688
129 0.65664
130 0.616248
131 0.855248
132 0.779064
133 0.586184
134 0.61336
135 0.653304
136 0.566616
138 0.454048
139 0.666176
140 0.744192
141 0.84416
142 0.941184
143 0.582544
144 0.590976
145 0.65664
146 0.520744
147 0.974016
148 0.854688
149 0.485832
150 0.393984
151 0.251712
152 0.677728
153 0.953288
154 0.700416
155 0.415872
156 0.383616
157 0.49248
158 0.470592
159 0.142272
161 0.103
162 0.076608
163 0.339264
164 0.247992
165 0.558144
167 0.5704
168 0.426816
169 0.240768
170 0.451056
171 0.569088
172 0.404928
173 0.587712
174 1.067048
175 1.276304
176 1.327928
177 1.050872
178 0.798912
179 0.746808
180 1.008432
181 0.761584
182 0.60192
183 0.724344
184 0.714808
185 0.731056
186 0.842688
187 0.608592
188 1.116288
189 0.945592
190 0.87552
191 0.674744
192 0.777024
193 0.722304
194 0.722256
195 0.800136
196 1.0672
197 1.147544
198 1.23656
199 1.215192
200 0.809856
201 0.679368
203 0.793608
204 1.024088
205 1.600328
206 1.47908
207 1.2954
208 1.485408
209 1.552824
210 1.46304
211 1.261864
212 1.4364
213 1.294296
214 1.517368
215 1.450576
216 1.178776
217 1.124032
218 1.314912
219 1.334896
220 1.2032
221 1.54812
222 1.480712
223 1.4148
224 1.741912
225 1.615856
226 1.996648
227 1.417136
228 1.96552
229 1.25708
230 1.826632
231 1.564264
232 1.840088
233 1.26032
234 1.621584
236 1.591552
237 2.03484
238 1.411664
239 1.945232
240 2.08052
241 1.744456
242 1.789176
243 1.831792
244 1.347824
245 1.842488
246 1.69868
247 1.107608
248 1.29344
249 0.67192
250 1.162072
251 0.9124
252 1.163112
253 0.886768
254 0.917496
255 1.119552
256 0.882728
257 0.54208
258 0.240768
259 0.44604
260 0.448704
261 0.49156
262 0.864576
263 0.664032
264 0.683616
265 0.98496
266 0.274336
267 1.017792
268 0.757544
270 0.76896
271 1.072512
272 0.760728
273 0.840808
274 0.786736
275 0.796504
276 0.93024
277 0.707312
278 0.995904
279 0.797784
280 0.79284
281 0.897408
282 0.592904
283 1.028736
284 0.69024
285 0.842688
286 0.663128
287 0.76608
289 0.608408
290 0.612864
291 0.505816
292 0.64348
293 0.700416
294 0.650296
295 0.894336
296 0.773792
297 0.493624
298 0.765464
299 0.902264
300 0.738184
301 0.925072
302 1.247616
303 0.749272
304 1.063616
305 0.995936
306 0.700416
307 0.6938
308 0.705904
309 0.755136
310 0.636216
311 0.728256
312 0.667584
313 0.672632
314 0.952128
315 0.501176
316 0.43776
318 0.306432
319 0.490944
320 0.361152
321 0.196992
322 0.365224
323 1.355816
324 0.317376
325 0.621048
326 1.067608
327 0.965096
328 1.196288
329 1.049696
330 0.769624
331 1.041984
332 0.962872
334 0.9204
335 1.016848
336 1.054104
337 0.999584
338 1.007144
339 0.404928
340 0.175104
342 0.196992
343 0.399072
344 0.479728
345 0.514368
346 0.389648
347 0.2736
348 0.505056
349 0.647192
350 0.776344
351 0.54636
352 0.73524
353 0.638032
354 0.373624
355 0.515448
356 0.530736
357 0.689472
359 0.653152
360 0.739464
361 0.701936
362 0.559144
363 0.744528
364 0.890344
365 0.5348
366 0.477128
367 0.565928
368 0.562992
369 0.660208
370 0.540912
371 0.759
372 0.740936
373 0.642704
374 0.680648
375 0.817472
376 0.75152
377 0.70248
378 0.725736
379 0.785736
381 0.656696
382 0.7708
383 0.822848
384 0.813488
385 0.520432
386 0.65652
387 0.76872
388 0.921952
389 0.826208
390 0.776696
391 1.067184
392 1.02292
393 0.790264
394 1.174344
395 1.048912
397 1.046728
398 1.056472
399 0.951504
400 1.019864
401 0.960048
402 0.956632
403 0.913488
404 1.170784
405 1.122048
406 1.021872
407 0.888872
408 1.094824
409 1.151136
410 1.096072
411 1.272144
412 1.008464
413 0.943632
414 0.839232
415 0.666336
416 0.826776
417 1.104528
419 0.661272
420 0.666392
421 0.787648
422 0.708512
423 0.657592
424 0.21888
425 0.353672
426 0.668608
427 0.797208
428 0.693288
429 1.205016
431 0.653472
432 0.36312
433 1.128136
434 1.123144
435 1.056672
436 1.013128
437 1.279432
438 1.365472
439 1.497592
440 1.261648
441 1.552256
442 1.195552
443 1.345688
444 1.332192
445 1.57036
446 1.351896
447 1.648952
448 1.313224
449 1.548856
450 1.661736
451 1.26324
452 0.977736
454 1.69428
455 1.139856
456 1.071272
457 1.334768
458 0.488184
459 1.232912
460 1.200056
461 1.218936
462 1.264552
463 1.354072
464 0.95452
465 1.456112
466 1.514448
467 1.652072
468 1.201912
469 1.4444
470 1.362168
471 2.128168
472 1.51404
473 1.941216
474 1.397616
475 1.919952
476 1.881616
477 1.73268
478 1.690136
479 1.981304
480 1.146616
481 1.550064
482 1.206512
483 1.014264
484 1.168152
485 1.196896
486 1.076216
487 1.113864
488 1.295768
489 1.072008
490 0.810016
492 0.602032
493 0.733248
494 0.646776
495 0.822176
496 1.136496
497 1.274728
498 1.494328
499 1.55596
500 1.420144
501 1.716712
502 1.388872
503 1.172632
504 1.110992
505 1.168616
506 0.945192
507 1.116288
508 0.908328
509 1.002424
510 0.836336
511 0.93024
513 0.684832
514 0.571112
515 0.919296
516 1.052336
517 1.199704
518 1.093856
519 0.897408
520 0.980144
521 1.357128
522 0.955536
523 0.796248
524 0.928672
525 0.970288
526 0.993128
527 1.037864
528 1.095072
529 1.208488
530 0.923944
531 1.475256
532 1.440336
533 1.281344
534 1.517312
535 1.351744
536 1.433664
537 0.676696
538 1.14912
539 0.483016
540 0.240768
541 0.755056
542 1.037736
543 1.43928
544 1.202536
545 1.359528
546 0.857664
547 1.03968
549 0.850832
550 0.913976
551 1.31328
552 0.87308
553 1.078896
554 0.96948
555 1.25856
556 0.91732
557 1.197376
558 0.896968
559 0.423824
560 0.952128
561 0.613048
562 0.935224
563 0.65664
564 0.667584
565 0.465336
566 0.60192
567 0.650176
568 0.514368
569 0.569088
570 0.423928
571 0.569088
572 0.60192
573 0.530872
574 0.50148
575 0.700416
576 0.652192
577 0.678528
578 0.722304
579 0.46524
580 0.809856
581 0.76608
582 0.518656
583 0.667584
584 0.864576
585 0.6998
586 0.974016
587 0.885464
588 1.100432
589 1.072512
590 0.672248
591 0.777024
593 0.583864
594 0.678528
595 0.492136
596 0.470592
597 0.536256
598 0.580032
599 0.44568
600 0.689472
601 0.5668
602 0.645696
603 0.744192
604 0.488088
605 0.569088
606 0.481536
607 0.362112
608 0.49248
609 0.470592
610 0.32832
611 0.32832
612 0.288224
613 0.361152
614 0.251712
615 0.196992
616 0.131328
617 0.120384
618 0.464128
619 0.470592
621 0.153216
622 1.028736
623 0.713824
624 0.623808
625 0.623808
626 0.240768
627 0.404928
628 0.915648
629 1.048808
630 1.105344
631 0.555488
632 0.974016
633 0.947144
634 1.554048
635 0.784976
637 0.229824
638 1.246008
639 0.415872
640 0.777024
641 0.822856
642 0.787968
643 1.028736
644 0.728904
645 1.03968
646 0.874416
647 1.061568
648 0.908352
649 0.685976
650 0.908352
651 0.908352
652 0.919296
654 0.131072
655 1.919416
656 0.864576
657 0.919296
658 0.822656
659 0.87552
660 1.138176
661 0.92492
662 1.236672
663 1.171008
664 0.769224
665 1.25856
666 0.936264
667 1.017792
668 1.400832
669 1.073928
670 1.425984
671 1.378944
672 1.214784
673 1.25856
674 1.174096
675 1.335168
676 1.46664
677 1.31328
678 1.127232
680 1.364488
681 1.564992
682 1.335168
683 1.221312
684 1.466496
685 1.740096
686 0.923384
687 1.028736
688 1.619712
689 0.952128
690 0.756712
691 1.335168
692 0.93024
693 1.291392
694 1.357
695 1.061568
696 1.20384
697 0.98496
698 0.251712
699 0.153216
700 0.087552
701 0.032832
702 0.306432
744 0.032832
746 0.043776
747 0.010944
748 0.021888
752 0.010944
753 0.098496
754 0.098496
755 0.120384
756 0.120384
757 0.076608
759 0.044856
760 0.087552
761 0.120384
762 0.10944
763 0.142272
764 0.153216
765 0.087552
766 0.142272
767 0.142272
770 0.076608
771 0.153216
777 0.196736
778 0.77728
779 0.131328
780 0.153216
781 0.196992
782 0.175104
783 0.186048
784 0.16416
785 0.186048
786 0.16416
787 0.196992
788 0.16416
789 0.16416
790 0.16416
791 0.153216
792 0.16416
793 0.16416
794 0.018144
795 0.098496
796 0.186048
797 0.131328
798 0.186048
799 0.175104
800 0.153216
801 0.153216
802 0.16416
803 0.153216
804 0.16416
805 0.142272
806 0.153216
807 0.153216
808 0.153216
809 0.186048
810 0.153216
811 0.153216
812 0.153216
813 0.16416
814 0.142272
825 0.229568
826 1.466752
827 0.10944
828 0.153216
829 0.120384
830 0.120384
832 0.039384
833 0.076608
834 0.120384
835 0.120384
836 0.120384
837 0.076608
838 0.076608
839 0.065664
840 0.032832
841 0.065664
842 0.032832
843 0.032832
844 0.010944
865 0.032832
867 0.032832
868 0.229824
869 0.05472
870 0.05472
871 0.087552
872 0.076608
873 0.076608
874 0.10944
875 0.098496
876 0.098496
877 0.087552
878 0.098496
879 0.10944
880 0.098496
881 0.087552
882 0.10944
883 0.120384
890 0.131072
891 0.821056
892 0.120384
893 0.120384
894 0.10944
895 0.10944
896 0.142272
897 0.10944
898 0.142272
899 0.087552
900 0.142272
901 0.153216
902 0.175104
903 0.10944
904 0.10944
905 0.10944
906 0.10944
907 0.098496
908 0.087552
909 0.10944
910 0.10944
911 0.098496
912 0.153216
913 0.131328
914 0.131328
915 0.175104
916 0.153216
917 0.142272
918 0.16416
919 0.16416
920 0.131328
921 0.153216
922 0.142272
923 0.142272
924 0.16416
925 0.142272
926 0.186048
927 0.120384
928 0.175104
933 0.065664
934 0.372096
936 0.472216
937 0.076608
938 0.153216
939 0.196992
940 0.153216
941 0.120384
942 0.076608
943 0.142272
944 0.142272
945 0.120384
946 0.10944
947 0.10944
948 0.120384
949 0.153216
950 0.120384
959 0.131072
960 1.225984
961 0.16416
962 0.153216
963 0.186048
964 0.196992
965 0.16416
966 0.131328
967 0.186048
968 0.153216
969 0.131328
970 0.175104
971 0.153216
972 0.186048
973 0.16416
974 0.120384
975 0.229824
976 0.175104
998 0.196992
999 3.075264
1000 0.10944
1001 0.16416
1002 0.120384
1003 0.131328
1004 0.120384
1005 0.120384
1006 0.026568
1007 0.065664
1008 0.10944
1009 0.087552
1010 0.098496
1011 0.087552
1012 0.120384
1013 0.076608
1014 0.065664
1015 0.065664
1028 0.163904
1030 0.044032
1031 0.339008
1032 0.12064
1033 0.098496
1034 0.10944
1035 0.142272
1036 0.076608
1037 0.087552
1038 0.087552
1044 0.174848
1045 0.44896
1046 0.131328
1047 0.087552
1048 0.120384
1049 0.10944
1050 0.098496
1051 0.098496
1052 0.098496
1053 0.10944
1054 0.098496
1055 0.10944
1056 0.076608
1057 0.098496
1058 0.098496
1059 0.10944
1060 0.10944
1061 0.120384
1062 0.142272
1063 0.098496
1064 0.076608
1065 0.076608
1066 0.087552
1067 0.098496
1068 0.098496
1069 0.10944
1070 0.098496
1071 0.10944
1072 0.098496
1073 0.098496
1074 0.098496
1075 0.10944
1076 0.10944
1077 0.10944
1078 0.098496
1079 0.087552
1080 0.076608
1081 0.05472
1082 0.065664
1084 0.087552
1085 0.120384
1086 0.10944
1099 0.131072
1100 1.466752
1101 0.131328
1102 0.131328
1103 0.142272
1104 0.16416
1105 0.120384
1106 0.120384
1107 0.142272
1108 0.16416
1109 0.120352
1110 0.009008
1111 0.05472
1112 0.10944
1113 0.120384
1114 0.120384
1115 0.10944
1116 0.052792
1117 0.153216
1118 0.131328
1119 0.131328
1120 0.04964
1121 0.120384
1122 0.098496
1123 0.131328
1124 0.120384
1125 0.086864
1129 0.10944
1130 0.087552
1131 0.076608
1133 0.043776
1133 0.0
