0 0.06372
10 0.030888
14 0.223992
15 0.021888
20 0.010944
21 0.021888
22 0.021888
23 0.032832
27 0.076608
34 0.010944
39 0.010944
41 0.032832
42 0.087552
44 0.087552
45 0.021888
46 0.098496
47 0.076608
48 0.065664
49 0.05472
50 0.076608
52 0.065664
53 0.120384
54 0.076608
55 0.05472
56 0.102352
57 0.076608
58 0.076608
59 0.043776
60 0.05472
62 0.076608
63 0.10944
64 0.120384
65 0.05472
66 0.065664
68 0.065664
69 0.065664
70 0.065664
71 0.065664
72 0.021888
81 0.076608
82 0.430672
83 0.146128
84 0.131328
85 0.076608
86 0.076608
88 0.076608
89 0.098496
90 0.10944
91 0.098496
92 0.087552
93 0.098496
94 0.065664
95 0.120384
96 0.10944
98 0.128096
99 0.131328
100 0.098496
101 0.133248
102 0.131328
103 0.120384
104 0.120384
106 0.153216
107 0.0588
108 0.10944
109 0.120384
112 0.043776
114 0.32992
115 0.10944
116 0.120384
117 0.10944
118 0.142272
119 0.08556
120 0.120384
121 0.10944
122 0.10944
123 0.083448
124 0.142272
125 0.098496
127 0.16416
128 0.10944
129 0.06772
130 0.131328
131 0.10944
132 0.092816
133 0.10944
134 0.098496
136 0.098496
137 0.109576
138 0.063736
139 0.10944
140 0.120384
141 0.10944
142 0.076728
143 0.120384
144 0.131328
146 0.021888
148 0.252712
149 0.076608
150 0.098496
151 0.120384
155 0.185792
173 0.262584
174 0.032832
176 0.043776
177 0.076608
178 0.065664
179 0.087552
180 0.087552
182 0.053304
183 0.043776
185 0.098496
186 0.05472
187 0.065664
188 0.05472
189 0.05472
190 0.05472
192 0.039208
193 0.098496
194 0.087552
196 0.05472
198 0.032832
199 0.043776
200 0.043776
