0 1.369224
1 1.674432
2 1.761296
3 1.710952
4 1.393104
5 1.389216
6 2.019176
7 1.755968
8 1.926256
9 2.029008
10 2.473344
11 2.122704
13 1.470904
14 1.966328
15 2.120632
16 1.670448
17 2.166912
18 1.642896
19 2.397712
20 2.081392
21 2.068304
22 2.454912
23 2.283792
24 2.341768
25 2.214072
26 2.134432
28 2.15888
29 1.630656
30 1.134584
31 1.983792
32 1.92176
33 2.19396
34 2.160376
35 2.05884
36 2.385248
37 2.686816
38 2.608008
39 2.389176
40 2.690744
41 2.712192
42 2.805976
43 2.714112
44 2.27908
45 1.86124
46 2.199744
47 1.912912
48 1.927056
49 2.032376
50 2.637504
51 1.966448
52 2.118464
53 2.243968
54 2.451456
55 1.911016
56 1.813152
57 2.1888
58 1.681424
59 2.090304
60 1.861824
61 2.269816
62 2.473312
63 2.910416
64 2.363904
65 1.479896
66 1.855064
67 2.385792
68 1.495008
69 1.827648
70 1.514096
71 1.816704
72 1.633728
73 1.192896
74 1.798584
75 3.258144
76 2.493632
77 2.600888
78 3.22848
79 2.381552
80 2.137624
81 2.418624
82 2.14036
83 1.981392
85 1.958008
86 2.363904
87 1.856416
88 2.11712
89 2.357392
90 2.867328
91 1.74468
92 2.135536
93 1.192896
94 1.172216
95 1.324224
96 1.007648
97 0.886464
98 0.569088
99 0.962072
100 0.755136
101 0.798912
102 0.514368
103 0.493288
104 0.623808
105 0.580032
106 0.495944
107 0.65664
108 0.569088
109 0.21988
110 0.186048
111 0.175104
112 0.16416
114 0.021888
168 0.010944
169 0.87552
170 0.57388
171 1.322176
172 1.111272
173 1.263032
174 1.379008
175 1.30824
176 2.026992
177 1.862696
178 2.12696
179 1.723184
180 1.369744
181 0.787968
182 0.979632
183 1.757192
184 1.9644
186 1.854072
187 2.661256
188 2.253744
189 2.052992
190 2.725056
191 1.514408
192 2.835488
193 2.960568
194 2.797048
195 3.30552
196 3.391176
198 2.883792
199 3.208816
200 2.414656
201 2.788632
202 2.666576
203 3.17376
204 2.90956
205 2.102808
206 2.753152
207 3.371608
208 3.294144
209 2.653368
210 1.910104
211 1.675072
212 2.637504
213 2.151064
214 2.506176
215 1.585264
216 1.849536
217 1.57152
218 2.254464
219 2.075264
220 1.829712
221 1.839024
222 1.820992
223 2.577008
224 2.53608
225 2.62656
226 1.9016
227 2.265408
228 2.175448
229 2.221632
230 1.77332
231 1.849536
232 1.63176
234 0.218624
235 5.354184
236 2.123136
237 1.849536
238 1.031824
239 2.287296
240 2.359128
242 3.048688
243 2.342016
244 1.596168
245 1.89848
246 2.29824
247 1.850184
248 2.825472
249 2.385896
250 2.467384
251 2.669088
252 2.488288
253 2.548312
254 2.494648
255 2.309048
256 2.192072
257 1.80576
258 1.350304
259 1.25856
260 1.214784
261 1.078264
262 1.806296
263 2.083624
264 2.55572
265 3.326976
266 2.02
267 3.184704
268 2.924632
269 2.825824
270 2.75544
271 2.976768
272 2.572016
273 2.25724
274 2.374008
275 2.993376
276 3.204296
277 3.232048
278 3.963672
280 3.168648
281 3.038344
282 2.989984
283 1.744552
284 1.904256
285 1.248392
286 1.138184
287 1.171008
288 1.460168
289 1.926144
290 1.51024
291 2.468272
292 2.659768
293 1.346112
294 1.949544
295 1.849536
297 0.817712
298 1.225728
299 1.179296
300 2.23424
301 2.860736
302 2.844344
304 3.140664
305 3.530712
306 3.128224
307 3.217536
308 3.839312
309 2.228224
310 2.24868
311 2.252664
312 2.35828
313 3.11904
314 2.210384
315 2.342016
316 1.885336
317 1.411776
318 1.667712
320 1.017792
321 0.60192
322 0.65664
323 0.733248
324 0.87456
325 1.69632
326 1.052128
327 0.350208
328 0.404928
329 0.71136
330 0.842688
331 1.54868
332 2.527376
333 1.811856
334 1.659104
335 1.649192
336 1.43448
337 1.64516
338 1.915192
339 1.944016
340 1.613808
341 1.610112
342 2.510736
343 2.440512
345 2.922728
346 2.112192
347 1.977584
348 2.631144
349 2.282176
350 2.856384
351 2.677696
352 2.571376
353 2.923424
354 2.834496
355 2.109656
356 2.523104
357 3.217536
358 2.802696
359 3.639152
360 3.998424
361 2.932904
362 2.924136
363 2.697408
364 2.376016
365 2.14384
366 3.069296
367 3.206064
368 3.00228
369 3.020536
370 3.370856
371 3.874048
372 2.490992
373 3.380768
374 3.119064
375 3.224232
376 3.212896
377 3.11152
378 3.590376
380 3.020544
381 5.774336
382 1.985664
383 2.800816
384 3.163312
385 2.965824
386 2.728024
387 2.79072
388 2.097688
389 1.796496
390 2.206608
391 2.984672
392 2.98128
393 3.119752
394 2.473976
395 2.922768
396 2.523072
397 2.979336
398 3.80584
399 2.476152
400 2.79568
401 2.830792
402 3.159264
403 2.290976
404 2.090304
405 1.227744
406 1.96992
407 3.162816
408 2.96396
409 3.056256
410 2.787688
412 3.145688
413 2.852248
414 2.752008
415 3.103728
416 2.56728
417 2.123136
418 0.636792
419 2.013696
420 1.575936
421 1.916464
422 2.812608
423 2.954528
424 1.816704
425 1.0944
426 1.127672
427 1.378944
428 0.95448
429 1.400832
430 0.952128
431 0.871648
432 1.072512
433 1.236672
434 1.184544
435 1.105344
436 0.49248
437 0.638792
438 1.692872
439 1.324224
441 0.554304
442 0.569088
443 0.481536
444 0.032832
445 0.925848
446 0.404928
447 0.678528
448 0.446384
449 0.536256
451 1.748656
452 2.015912
453 2.40636
454 1.280448
455 0.630904
456 0.32832
457 1.105344
458 0.93024
459 0.755136
460 1.284248
461 1.555752
462 1.431064
463 1.379568
464 1.504944
465 1.31328
466 1.104
467 0.866552
468 1.845328
469 2.20836
471 2.554744
472 2.72844
473 2.404272
474 2.622536
475 2.729416
476 2.07936
477 2.218384
478 2.331448
479 3.507208
480 2.884864
481 2.541184
482 2.60228
483 2.5056
484 2.599464
485 3.55584
486 3.487752
487 2.752008
488 2.495232
490 1.792024
491 1.783872
492 1.399896
493 1.444608
494 1.181952
495 0.999432
496 1.608768
497 0.91204
498 0.809856
499 1.127232
500 0.938728
501 0.864576
502 0.459648
503 0.630576
504 0.481536
505 0.645696
506 0.321032
507 0.65664
508 0.577608
509 0.777024
510 0.510728
511 0.831744
512 0.574312
513 0.595312
514 0.98496
515 0.600864
516 0.788248
517 0.831744
518 0.675192
519 0.853632
520 0.76608
521 0.445752
522 0.514368
524 0.481536
525 0.426816
526 0.527192
527 1.072512
528 0.72552
529 0.93024
530 0.233048
531 0.196992
532 0.404928
533 0.544064
534 1.0944
535 1.339816
536 1.179056
537 1.033672
538 0.878744
539 1.007872
540 1.054816
541 1.42272
542 0.716448
543 0.689472
544 0.415872
545 0.426816
546 0.681432
547 0.641096
548 0.306432
549 0.755136
551 0.630056
552 0.684536
553 0.908352
554 0.751568
555 0.864576
556 0.754504
557 0.828056
558 0.898016
559 1.347896
560 0.787968
561 0.63508
562 0.481536
563 0.481536
564 0.49248
565 1.190776
566 1.661752
567 1.540552
568 1.31212
569 1.414568
570 1.441744
571 1.4168
572 1.701144
573 1.982008
574 2.098192
575 2.009424
576 1.736808
577 1.880936
578 2.06816
579 2.799272
580 2.932696
581 2.336688
582 0.839456
583 2.155968
584 2.151464
585 2.2972
586 2.122656
587 1.71536
589 1.564992
590 1.170288
591 1.564992
592 1.724536
593 2.101248
594 1.721728
595 2.166912
596 1.406424
597 1.138176
598 0.562792
599 0.897408
600 1.507896
601 1.893312
602 1.602248
603 1.421008
604 1.765024
605 2.155968
606 1.132896
607 0.777024
608 1.213096
609 1.006848
610 1.16956
611 1.650728
612 1.844992
613 2.762992
614 2.355984
616 2.68252
617 2.509576
618 2.753408
619 2.189984
620 2.13408
621 1.919248
622 1.5426
623 1.9152
624 1.236672
625 0.81364
626 1.368
627 1.643832
628 1.991808
629 1.772928
630 1.359736
631 1.228112
632 1.335168
633 0.65664
634 0.456016
635 1.061568
636 2.594752
637 2.473344
638 2.157888
639 2.506176
640 1.400832
