0 0.885792
2 3.327968
3 1.721896
4 1.38216
5 1.542432
6 1.569624
7 1.245288
8 1.731008
9 1.772224
10 1.699848
11 2.03352
12 1.947056
13 1.7976
14 1.604312
16 1.231344
17 1.155584
18 1.042832
19 0.504184
20 1.005264
21 1.250616
22 0.872776
23 0.832352
24 1.1088
25 0.751168
26 0.8222
27 1.001224
28 1.065432
29 1.07184
30 1.188032
31 1.074384
32 1.010368
34 1.254712
35 1.190384
36 1.547768
37 1.445016
38 1.237032
39 1.21288
40 0.371616
41 0.6632
42 0.985976
43 1.028016
44 0.866152
45 1.133632
46 1.53912
47 1.407656
48 1.444328
49 1.143872
50 0.88096
51 0.871344
52 0.905192
53 0.962536
54 0.942264
55 1.316944
56 0.940344
57 1.097792
58 1.638808
59 1.05572
60 1.245944
62 0.829256
63 1.101088
64 1.278952
65 0.894696
66 0.675704
67 0.373336
68 0.99956
69 1.07244
70 0.919032
71 0.875688
72 1.014136
73 0.97092
74 1.032944
75 0.809144
76 0.435264
77 0.52044
78 0.48384
79 0.217264
80 0.969104
81 1.125008
83 1.00572
84 1.037488
85 1.07288
86 0.836144
87 1.112704
88 0.799272
89 1.017672
90 1.138936
91 1.175832
92 1.019976
93 0.99664
94 1.177304
95 1.057496
96 1.160872
98 1.280288
99 1.049336
100 0.951752
101 1.202624
102 1.399624
103 1.071056
104 1.124056
105 1.143632
106 1.14968
107 0.868712
108 0.80228
109 0.808856
111 0.786752
112 0.731448
113 0.420192
114 0.693648
115 1.074048
116 0.845224
117 0.962664
118 1.187752
119 1.01212
120 1.163024
121 1.109664
122 0.856968
123 0.87064
124 0.952456
125 0.985512
126 0.8806
127 0.998848
128 1.374536
129 0.83968
130 0.86704
131 0.719624
132 0.644312
133 0.611584
135 0.589192
136 0.688552
137 0.959624
138 0.751008
139 0.668064
140 0.833136
141 0.402688
142 0.505656
143 0.686688
144 0.60632
145 0.763168
146 0.9188
147 0.83436
148 0.70956
149 0.396776
150 0.196992
151 0.087552
152 0.945976
154 1.281264
155 1.25772
156 1.132504
157 1.07512
158 1.11808
159 1.310216
160 1.073512
161 1.018128
162 0.576784
163 0.964336
164 0.686312
165 0.719776
166 1.088112
167 1.062176
168 1.222736
169 1.213576
170 0.843376
171 0.98272
172 0.528744
173 0.46836
174 0.711416
176 1.276272
177 1.2792
178 1.328936
179 1.294824
180 0.412904
181 1.3172
182 1.101176
183 1.305536
184 1.345768
185 1.4508
186 1.331272
187 1.20636
188 0.974808
189 0.987952
190 0.709328
191 0.694656
192 0.393304
193 0.530448
194 0.536048
196 0.514368
197 0.186032
198 0.623328
199 0.635464
200 0.459648
201 0.539032
202 0.447
203 0.663848
204 0.803072
205 0.212992
206 0.916256
207 0.855304
208 1.07708
209 0.699968
210 0.746992
211 0.7002
213 0.64224
214 0.812896
215 0.616304
216 0.545448
217 0.473336
218 0.784408
219 0.945816
220 0.904904
221 1.093488
222 0.559096
223 0.255176
224 0.448704
225 0.460672
226 0.709656
227 1.062336
228 1.086448
229 0.689504
230 1.117192
231 0.89332
232 0.837112
233 0.9738
234 0.554376
235 0.393984
236 0.349192
237 0.703696
238 0.610392
239 0.52416
240 0.592968
241 0.583392
242 0.618904
243 0.624944
244 0.634136
245 0.496664
246 0.571696
247 0.642192
248 0.598112
249 0.41952
250 0.51808
251 0.665008
253 0.673088
254 0.585368
255 0.647728
256 0.603624
257 0.665344
258 0.638744
259 0.526152
260 0.525312
261 0.408672
262 0.174056
263 0.542864
264 0.579944
265 0.491488
266 0.735512
267 0.60024
268 0.600512
269 0.638624
270 0.748664
271 0.7156
272 0.708272
274 0.752392
275 0.753464
276 0.535488
277 0.519456
278 0.4642
279 0.6204
280 0.73376
281 0.43776
282 0.076608
283 0.614712
284 0.585808
285 0.901944
286 1.171872
287 1.15332
288 0.792296
289 1.155632
290 0.73904
291 0.75996
292 0.99812
293 0.632992
294 0.623896
295 0.646064
296 0.413576
297 0.45252
298 0.3136
299 0.131328
300 0.546512
301 0.361288
302 0.2736
303 0.371536
304 0.283872
306 0.196992
307 0.516856
308 0.823224
309 0.7944
310 1.194344
311 0.751328
312 1.294336
313 0.917232
314 1.184072
315 0.973216
317 0.847288
318 0.759048
319 0.426816
322 0.35784
323 0.708808
324 0.756584
326 0.469392
327 0.572904
328 1.257512
329 1.24164
330 1.023784
331 1.099776
332 1.01192
333 0.54988
334 0.783752
335 0.937728
336 0.926944
337 1.116512
338 0.98392
340 0.667368
341 0.851624
342 0.957856
343 1.217312
344 1.025664
345 0.566936
346 0.605032
347 0.424816
348 0.010944
349 0.77996
350 0.456256
352 0.456368
353 0.543728
354 0.535456
355 0.766312
356 1.016592
357 1.739576
358 1.369648
359 0.81212
360 0.821424
361 1.52304
362 1.302304
363 1.460448
364 1.021392
365 1.305736
366 1.130104
367 1.263128
368 1.82212
370 1.218224
371 1.46896
373 0.45516
374 0.448176
375 0.809672
376 1.057296
377 0.889464
378 0.760824
379 0.55188
380 0.356432
381 0.415872
382 0.46756
383 0.509256
384 0.590976
385 0.4566
386 0.392056
388 0.279464
389 0.262656
390 0.240768
391 0.480848
392 0.302184
393 0.291064
394 0.372096
395 0.344016
396 0.558144
397 0.603184
398 0.837296
399 1.003104
400 1.398368
401 1.124272
402 1.072224
403 1.273288
404 1.254896
405 1.583496
406 0.951424
408 1.038168
409 1.335712
410 1.1058
411 1.235096
412 1.266432
413 1.21488
414 1.033544
415 0.769136
416 0.703896
417 0.829784
418 1.179784
419 0.613192
420 0.813952
421 0.774184
422 0.679288
423 0.70048
424 0.612864
425 0.434144
426 0.43568
427 0.317376
430 0.131072
431 0.472976
432 0.229824
452 0.087552
454 0.021888
455 0.010944
457 0.021888
478 0.021888
479 0.3354
480 0.756352
481 1.042896
482 0.811872
483 0.88508
484 0.849624
485 1.076376
486 0.615528
487 0.917552
488 1.108376
490 1.289416
491 1.013496
492 1.481152
493 1.164424
494 1.394544
495 1.325912
496 1.268688
497 1.349736
498 1.714832
499 1.24308
500 0.913832
501 0.59848
502 0.578
503 0.70056
504 1.0014
505 1.249064
506 1.533016
507 1.53308
508 1.677768
509 1.643056
510 1.429728
511 1.188176
513 1.555384
514 1.621848
515 1.48684
516 1.107656
517 1.546352
518 1.364576
519 1.239704
520 1.007568
521 1.083256
522 1.002072
523 1.303328
524 1.069152
525 1.633152
526 1.70496
527 1.321232
528 0.921416
529 1.569952
530 1.739376
531 1.635928
532 1.671488
533 1.672992
534 1.85644
536 2.181944
537 1.770904
538 2.105992
539 2.1438
540 1.883688
541 2.33412
542 2.00008
543 1.957552
544 2.305024
545 2.338272
546 1.801496
547 1.975328
548 2.45228
549 2.113552
551 2.327008
552 2.093384
553 2.37612
554 2.186704
555 2.07584
556 2.49432
557 2.150056
558 1.92336
559 1.775752
560 1.072192
561 1.253368
562 1.34564
563 1.26312
564 1.538056
566 1.506
567 1.765392
568 1.977832
569 2.48152
570 2.243856
571 2.049968
572 1.884448
573 2.144232
574 2.153056
575 1.88644
576 2.258688
577 1.86592
578 1.65704
579 1.598584
581 1.945104
582 1.786352
583 1.84332
584 1.934056
585 1.659808
586 1.739456
587 1.452472
588 1.599232
589 1.797968
590 2.266832
591 1.57692
592 0.986112
593 1.058048
594 1.529784
595 1.552256
597 1.888352
598 1.84584
599 1.823456
600 2.365592
601 1.863384
602 2.281496
603 2.090976
604 2.277296
605 1.959808
606 2.450808
607 2.173176
608 1.941024
609 2.077608
611 2.305576
612 1.994728
613 1.963944
614 1.741344
615 2.053616
616 1.5
617 1.838752
618 1.442424
619 1.588208
620 1.625656
621 1.58564
622 1.633216
623 1.729728
624 1.765416
625 1.294352
627 1.612168
628 1.734936
629 1.638696
630 1.594416
631 1.703184
632 1.996344
633 1.764936
634 1.781152
635 1.3874
636 1.289528
637 1.199616
638 1.027736
639 0.953912
641 1.277984
642 1.372144
643 0.768824
644 0.74004
645 0.499288
646 0.570936
647 0.694384
648 0.570312
649 0.776672
650 0.657016
651 0.31844
652 0.696112
653 0.946104
654 0.845544
655 0.285576
656 0.382976
657 0.54376
658 0.815872
659 1.301912
660 1.34208
661 1.061712
663 1.072184
664 1.181304
665 1.001264
666 1.254232
667 1.034264
668 1.167664
669 1.174176
670 0.693512
671 1.004928
672 1.067864
673 0.677392
674 0.778512
675 0.73424
676 0.653936
677 0.750664
678 1.133952
679 0.79788
680 1.098536
681 0.83232
683 0.96472
684 0.987408
685 1.073104
686 1.097896
687 1.08404
688 1.150016
689 1.037544
690 0.881376
691 1.259512
692 0.771872
693 0.872848
694 0.571528
695 0.896408
696 1.13944
697 0.667072
698 0.597776
699 0.595968
700 0.470976
701 0.30088
703 0.588496
704 0.481536
705 0.386616
706 0.470152
707 0.520664
708 0.539008
709 0.573312
710 0.457712
711 0.31192
712 0.286048
713 0.525312
714 0.366664
715 0.30016
716 0.372096
717 0.237136
718 0.520472
719 0.740696
720 1.142928
721 1.183408
722 1.117248
723 1.251392
724 1.191544
725 1.06908
726 1.261504
727 1.294984
728 1.377368
730 1.357128
731 1.227384
732 1.039576
733 1.058256
734 1.140672
735 0.9986
736 0.947512
737 1.028784
738 1.04144
739 1.229432
740 1.147544
741 1.13608
742 1.068952
743 0.977912
744 1.081944
745 1.115528
746 1.038256
747 1.093576
748 0.992304
749 0.984424
751 1.053512
752 1.175568
753 1.128528
754 0.770584
755 0.879048
756 0.892888
757 1.02096
758 0.86788
759 0.931536
760 0.851936
761 0.773888
762 1.018776
763 0.955136
764 0.613672
765 0.67656
766 0.85276
767 0.833024
768 0.481088
769 0.418704
770 0.610968
771 0.684184
772 1.037848
773 0.829928
774 0.78968
775 0.810104
777 0.876104
778 1.00708
779 1.107544
780 0.886672
781 0.959384
782 0.883728
783 0.73236
784 0.571528
785 0.653408
786 0.76608
787 0.42336
788 0.5288
789 0.652824
790 0.51024
791 0.839744
792 0.636288
793 0.705464
794 1.12248
795 1.059
796 1.224824
797 0.966056
798 1.170032
799 0.998512
800 1.020712
801 1.056776
802 1.021312
803 0.887016
804 0.663504
805 0.715968
806 0.904808
808 1.300392
809 1.115192
810 1.149512
811 1.257568
812 0.98212
813 1.117744
814 1.1138
815 1.237248
816 1.217112
817 0.702928
818 1.098112
819 1.325976
820 1.140864
821 0.842968
822 0.603392
823 0.722304
824 0.567136
825 0.708264
826 0.726432
827 0.906096
828 0.954112
829 0.8928
830 0.912512
831 0.904704
832 0.908632
833 0.735272
835 0.601624
836 0.73256
837 0.715144
838 1.047424
839 1.143072
840 0.8686
842 0.985416
843 0.842552
844 1.0354
845 0.579144
846 0.631528
847 0.484704
848 0.651536
849 0.67564
850 0.834016
851 0.770424
852 0.66472
853 0.361528
854 0.372096
855 0.179272
856 0.16416
857 0.2024
858 0.448704
859 0.398816
860 0.412784
861 0.236136
862 0.479664
863 0.503424
864 0.529072
865 0.539904
866 0.812408
867 0.869096
868 0.696928
869 0.919352
870 0.654248
871 0.988616
872 0.780752
874 0.872488
875 0.563496
876 0.784224
877 0.722552
878 0.737264
879 0.599224
880 0.714008
881 0.415896
882 0.692768
883 0.68832
884 0.749056
885 0.505816
886 0.286056
887 0.49288
888 0.656632
889 0.499488
890 0.599184
891 0.480248
892 0.842688
893 0.82952
894 0.519352
895 0.525312
896 0.50172
897 0.42688
898 0.525312
899 0.399288
900 0.290928
901 0.404928
902 0.473288
903 0.42644
904 0.339264
905 0.421032
906 0.667584
907 0.396096
909 0.468576
910 0.51012
911 0.417032
912 0.216944
913 0.420232
914 0.548592
915 0.562088
916 0.913072
917 0.7752
918 0.915816
919 0.72988
920 0.39148
921 0.63464
922 0.60192
923 0.331104
924 0.472712
925 0.415872
926 0.336256
927 0.347464
928 0.323304
930 0.418312
931 0.457064
932 0.585048
933 0.768192
934 0.55776
935 0.439504
936 0.326856
937 0.262656
938 0.20224
939 0.2736
940 0.215368
941 0.317376
942 0.229824
943 0.235032
944 0.317376
945 0.197032
946 0.195056
947 0.2736
948 0.212984
949 0.251712
950 0.183312
951 0.339264
952 0.53944
953 0.69892
954 0.665264
956 0.5472
957 0.317864
958 0.229824
959 0.217088
960 0.306432
961 0.197376
962 0.306432
963 0.270272
964 0.393984
965 0.292304
966 0.433528
967 0.474928
968 0.306432
969 0.27064
970 0.229824
971 0.196992
972 0.21232
973 0.262656
974 0.153216
976 0.141192
977 1.190168
978 1.261488
979 0.849192
980 0.78592
981 0.91068
982 1.013056
983 0.83124
984 0.756024
985 1.05292
986 1.065672
987 0.988336
988 1.168432
989 1.312624
990 1.030784
991 0.598848
992 0.16416
994 0.251712
995 0.342056
996 0.996816
997 0.565544
998 0.67672
999 1.04412
1000 0.992448
1001 0.731576
1002 1.211296
1003 1.36092
1004 1.08724
1005 0.917152
1006 0.736968
1007 0.873552
1008 0.595344
1009 0.523064
1010 0.627656
1011 0.541728
1012 0.589024
1013 0.552096
1014 0.62948
1016 0.759888
1017 0.543944
1018 0.601368
1019 0.747312
1020 1.003152
1021 0.766104
1022 1.004728
1023 1.028176
1024 1.26652
1025 0.877024
1026 1.068736
1027 0.80764
1028 0.588448
1029 0.331616
1030 0.51744
1031 0.581384
1032 0.825928
1033 0.725912
1034 0.795472
1035 0.703248
1037 0.686648
1038 0.642392
1039 0.899784
1040 1.261064
1041 1.325808
1042 1.182624
1043 1.131744
1044 1.287896
1045 1.133024
1046 1.268248
1047 1.382672
1048 0.941064
1049 0.754688
1050 1.217048
1051 1.218712
1052 1.065168
1053 1.022992
1055 1.561176
1056 1.523984
1057 1.576104
1058 1.424072
1059 1.578848
1060 1.5448
1061 1.228448
1062 1.589264
1063 1.51836
1065 1.077368
1066 0.870296
1067 1.400792
1068 1.641016
1069 0.89704
1070 1.284408
1071 1.459616
1072 0.882216
1073 0.607552
1074 0.736144
1075 0.83128
1076 0.857752
1077 0.936664
1078 1.306512
1079 1.281096
1080 1.271256
1082 1.193792
1083 1.08304
1084 0.809432
1085 0.902712
1086 1.086096
1087 0.822832
1088 0.8852
1089 0.781672
1090 0.60712
1091 0.665176
1092 0.746288
1093 0.656064
1094 0.79056
1095 1.009928
1096 0.949288
1097 0.70968
1098 1.083056
1099 0.568288
1100 0.580216
1101 0.68208
1102 0.38304
1103 0.350208
1104 0.095472
1105 0.426816
1107 0.249208
1109 0.459296
1110 0.284544
1111 0.15828
1112 0.52516
1113 0.59052
1114 0.571232
1115 0.855504
1116 0.984056
1117 0.33824
1118 0.469168
1119 0.380072
1120 0.455648
1121 0.436672
1122 0.43776
1123 0.405096
1124 0.412528
1125 0.317592
1126 0.329904
1127 0.240768
1128 0.21384
1129 0.186048
1130 0.326472
1131 0.317376
1132 0.26568
1133 0.263328
1134 0.142272
1136 0.142272
1137 0.16416
1138 0.160288
1139 0.334704
1140 0.44564
1141 0.44404
1142 0.32832
1143 0.278024
1144 0.558144
1145 0.367712
1146 0.336784
1147 0.21888
1148 0.229824
1149 0.201752
1150 0.240768
1151 0.390856
1152 0.539832
1153 0.384944
1154 0.629208
1155 0.943648
1156 0.554008
1157 0.788872
1158 0.686184
1159 0.841616
1161 0.511616
1162 0.553224
1163 0.514368
1164 0.288736
1165 0.216944
1166 0.229824
1167 0.153216
1168 0.112496
1169 0.350208
1170 0.203384
1171 0.240768
1172 0.16416
1173 0.114248
1174 0.186048
1175 0.229824
1187 0.066816
1188 0.840016
1189 1.31976
1190 1.065696
1191 1.074264
1192 0.96392
1193 0.735592
1194 1.061456
1195 0.95476
1196 1.170088
1197 1.15944
1199 1.046472
1200 1.107544
1201 1.098424
1202 1.264712
1203 1.170136
1204 1.09984
1205 0.746712
1206 0.787792
1207 1.006104
1208 1.070112
1209 1.23328
1210 1.10248
1211 1.126008
1212 0.992824
1214 1.117896
1215 1.060824
1216 0.729944
1217 0.556064
1218 0.5378
1219 1.037776
1220 1.272304
1221 1.051224
1222 0.905976
1223 1.304392
1224 0.920256
1225 0.968192
1226 1.298176
1227 0.924896
1228 1.166912
1229 0.973464
1230 0.87644
1232 0.90616
1233 0.947024
1234 1.107128
1235 1.075344
1236 1.05828
1237 1.071784
1238 1.158368
1239 1.082864
1240 1.047336
1241 1.077168
1242 1.091216
1243 0.915616
1244 1.05212
1245 1.08688
1246 0.98996
1247 1.12892
1248 1.207296
1249 1.11256
1250 0.764712
1252 1.060536
1253 0.922784
1254 1.241192
1255 1.277168
1256 1.302792
1257 0.709024
