0 1.302336
1 1.707264
2 1.832192
3 1.810304
4 2.210688
5 1.9088
6 2.276352
7 1.777472
8 1.678976
9 2.145024
10 2.105792
12 2.02464
13 1.74464
14 1.897856
15 2.221632
16 1.733696
17 2.331072
18 1.766528
19 1.646144
20 2.342016
21 1.569536
22 1.838592
23 1.711808
24 2.13408
25 1.821248
26 1.755584
27 2.276352
28 2.07296
29 2.07296
30 2.155968
31 1.930688
32 2.254464
33 2.01824
34 2.12768
35 2.363904
36 1.547648
37 1.96624
38 1.945288
39 1.482008
40 1.838592
41 1.6352
42 1.794816
43 1.766528
44 1.991808
45 1.875968
46 2.062016
47 1.357056
48 1.554048
49 0.825344
50 0.853632
51 1.42272
52 1.208384
53 1.740096
54 1.711808
55 2.02464
56 1.602368
57 1.926144
58 1.164608
59 1.58688
60 1.317824
61 1.083456
62 1.072512
63 0.858176
64 1.160064
65 1.116288
66 0.880064
67 0.76608
68 0.689472
69 0.995904
70 0.901952
71 1.411776
72 1.547648
73 1.871424
74 1.558592
75 2.07936
76 1.657088
77 1.772928
78 1.088
79 1.20384
81 1.875968
82 1.6416
83 1.624256
84 1.740096
85 1.602368
86 1.849536
87 1.383488
88 1.378944
89 1.214784
90 0.8144
91 0.853632
92 0.689472
93 0.372096
94 0.339264
95 0.525312
96 0.43136
97 1.280448
99 1.466496
100 1.263104
101 1.564992
102 1.328768
103 1.554048
104 1.3616
105 1.47744
106 1.368
107 1.044224
108 1.20384
109 1.20384
110 1.03328
111 1.291392
112 1.219328
113 1.455552
114 1.389888
115 1.164608
116 1.25856
117 1.19744
118 1.105344
119 1.247616
120 1.274048
121 1.455552
122 1.462816
123 1.179232
124 1.86048
125 1.613312
126 1.80576
127 1.503872
128 1.875968
129 1.444608
130 1.324224
131 1.131784
132 1.346112
133 1.225728
134 1.044224
135 1.214784
136 1.109888
137 1.14912
138 1.302336
139 1.350656
140 1.400832
141 1.339712
142 1.389888
143 1.455552
144 1.131776
145 1.772928
146 1.295936
147 1.75104
148 1.394432
149 1.729152
150 1.481984
151 1.707264
152 1.569536
153 1.849536
154 1.438208
155 1.772928
156 1.3616
157 1.86048
158 1.591424
159 1.838592
160 1.438208
161 1.619712
162 1.317824
163 1.291392
165 1.280448
166 0.8144
167 1.346112
168 1.20384
169 0.858176
170 1.302336
171 1.42272
172 1.230272
173 1.47744
174 1.131776
175 1.53216
176 1.503872
177 0.974016
178 1.69632
179 1.30688
180 1.663488
181 1.38348
182 1.740096
183 1.175552
184 1.488384
185 1.488384
186 1.175552
187 1.357056
188 1.350656
189 1.948032
190 1.230272
191 0.952128
192 0.700416
193 0.87552
194 0.584576
195 1.280448
