0 2.083048
1 2.091152
2 2.827584
3 3.301552
5 4.242784
6 4.326368
7 2.793176
8 3.13856
9 3.252528
10 3.69536
11 3.443808
12 2.943352
13 3.129984
14 2.492272
15 2.170776
16 2.313184
17 2.716328
18 2.514024
19 2.483248
20 3.0096
21 2.792624
22 2.649288
23 2.145024
24 2.757536
25 2.970288
26 3.508128
27 3.245336
28 2.905728
29 2.739768
30 3.066024
31 3.317992
32 2.68128
33 2.249416
34 2.331424
35 2.439256
36 2.68128
37 2.08192
38 2.574864
39 2.57044
40 2.516032
41 2.510672
42 2.244728
43 2.07936
44 1.484592
45 2.47668
46 1.674432
47 1.20384
48 1.896696
49 3.33644
50 2.394816
51 2.401048
52 2.287296
53 2.093032
54 2.73676
55 1.726864
56 2.276352
57 1.905168
58 2.20748
59 2.38232
60 2.615616
61 2.720384
62 1.882816
63 2.239336
64 2.623008
65 3.03848
66 2.714112
67 1.839936
68 2.018104
70 2.648416
71 2.287296
72 2.034896
73 1.830104
74 2.183384
75 2.13408
76 1.998432
77 2.473344
78 1.951856
79 2.257536
80 2.637504
81 2.2254
82 2.196576
83 2.110592
84 2.46956
85 2.615616
86 1.735856
87 2.615616
88 2.40028
89 2.151304
90 2.65992
91 2.4286
92 3.257248
93 2.489216
94 2.59816
95 3.140928
96 2.01828
97 2.135536
98 2.71532
99 2.693024
100 2.527064
101 2.98852
102 2.725504
103 2.552304
104 2.421792
105 2.856384
106 2.12924
107 2.11832
108 2.048896
109 2.424864
110 2.526352
111 2.24352
112 2.242488
113 2.648448
114 2.392776
116 3.276784
117 2.454368
118 2.385792
119 2.67676
120 2.717872
121 2.254152
122 3.458304
123 2.779032
124 3.198296
125 2.507648
126 2.889216
127 2.203832
128 1.848368
129 1.85248
130 2.26584
131 2.24056
132 2.112192
133 1.932536
134 1.832376
135 2.221632
136 1.868472
137 2.385792
138 2.089352
139 2.79072
140 2.064008
141 3.206592
142 2.814608
143 2.743936
144 3.295544
145 2.687248
146 2.646296
147 2.361168
148 2.254464
149 1.7084
150 2.122776
151 2.659392
152 1.072104
153 1.466496
154 0.966768
155 1.31328
156 1.028736
157 0.692456
158 0.952128
159 1.324224
160 1.94768
161 1.840872
162 2.51712
163 2.020296
164 2.276352
165 1.847992
166 2.221632
167 1.949592
168 2.074624
169 2.68128
170 2.178712
171 1.832568
172 2.342016
173 1.997656
174 2.342656
175 3.278296
176 3.5568
178 2.055856
179 2.381376
180 2.155968
181 1.812608
182 1.895376
183 2.287296
184 1.959408
185 1.963264
186 1.78904
187 1.748112
188 2.604672
189 2.032928
190 2.331072
191 1.77052
192 1.324224
193 2.287688
194 2.057472
195 1.806864
196 1.80576
197 1.882368
198 2.037896
199 2.221632
200 1.729152
201 1.56808
202 1.564992
203 1.433664
204 0.991128
205 1.236672
206 1.171008
207 1.024048
208 1.127232
209 0.974016
210 0.545544
211 0.459648
212 0.536256
213 0.536256
214 0.76608
215 0.74936
216 0.317376
217 0.558144
218 0.448704
219 0.65664
220 0.393984
228 0.186696
229 1.827648
230 1.906176
231 2.2874
232 2.648448
233 2.040568
234 1.859232
235 2.006752
236 2.143384
237 2.494648
239 2.112056
240 2.410952
241 2.182048
242 2.604672
243 2.107
244 2.189336
245 1.96324
246 2.11796
247 2.35296
248 1.91056
249 2.582784
250 2.582784
251 2.060056
252 2.48656
253 2.51712
254 1.8252
255 1.915376
256 2.199744
257 1.841368
258 1.870584
259 1.997472
260 2.582784
261 2.17556
262 2.582784
263 0.824368
264 2.363904
265 2.026584
266 2.539008
267 2.238408
268 2.031496
269 2.037856
270 2.09476
271 2.112968
272 2.05748
273 2.631176
274 2.604672
275 2.11216
276 2.107272
278 2.145248
279 2.615616
280 1.982376
281 1.758896
282 2.109536
283 2.091968
284 2.451456
285 2.007104
286 2.001656
287 2.068152
288 2.648448
289 2.21728
290 1.727544
291 1.96992
292 2.32904
293 2.582784
294 1.188544
295 2.429568
296 1.964136
297 2.000952
298 2.292616
299 2.68128
300 2.265104
301 2.642416
302 2.132136
303 1.904256
304 1.90848
305 2.1888
306 1.979904
307 1.816704
308 1.213624
309 1.389888
311 0.514368
312 1.570128
313 1.25856
314 1.455552
315 1.132952
316 1.171008
317 0.924296
318 2.102096
319 2.316208
320 2.430168
321 2.262664
322 2.55956
323 2.384744
324 2.73948
325 2.205768
326 1.878672
327 2.232576
328 1.81612
329 1.9152
330 2.013696
331 1.795496
332 2.645168
333 2.451456
334 1.74468
336 1.647424
337 1.937088
338 1.747456
339 1.6416
340 1.58688
341 1.54264
342 0.98496
343 0.864576
344 0.131072
345 1.249248
346 0.787968
347 1.378944
348 0.960536
349 0.71136
350 0.777024
351 0.777024
352 0.864576
353 0.662624
354 1.061568
355 1.105344
356 1.006848
357 0.789
358 0.93024
359 1.138176
360 1.023536
361 1.171008
362 1.663488
363 0.759
364 0.853632
365 1.192896
366 1.938376
367 1.90288
368 1.521216
369 0.921384
370 2.07936
371 1.395072
372 1.314448
373 1.597824
374 1.224544
375 1.718208
376 1.121264
377 1.335168
378 0.89076
379 1.593
380 1.521216
381 1.218408
382 1.554048
383 1.181944
384 1.619816
386 3.053248
387 2.779776
388 1.24508
389 2.263704
390 2.308256
391 2.701816
392 2.212064
393 2.20644
394 2.51248
395 2.476768
396 1.893312
397 1.160824
398 2.068416
399 1.761984
400 0.853592
401 1.608768
402 1.744896
403 1.969072
404 3.327472
405 3.699072
406 1.644568
407 2.013696
408 2.590168
409 2.661072
410 2.742864
411 2.463352
412 2.178376
413 2.277064
414 2.002408
415 2.025616
416 2.090304
417 1.47816
419 1.658496
420 1.20384
421 1.03968
422 0.713928
423 1.838592
424 1.704592
425 1.65872
426 1.44124
427 1.985824
428 2.3602
429 2.71056
430 2.860064
431 2.440512
432 0.98496
433 1.008864
434 2.911104
435 2.154104
436 3.194752
437 2.383848
438 2.46812
439 3.006568
440 3.145688
441 3.005464
442 2.999352
443 2.436104
444 2.593728
445 2.650336
446 2.463664
447 3.425472
448 0.937504
449 1.630656
450 2.82688
451 3.130424
452 2.81496
453 2.042656
454 2.112192
455 1.687968
457 1.78776
458 2.319344
459 1.991808
460 1.817536
461 0.470592
462 0.448704
463 0.854104
464 0.536256
465 0.306432
466 0.120384
467 0.689472
468 0.678528
469 0.317376
471 0.170248
472 0.21888
473 0.459648
474 0.393984
475 0.10944
476 1.601104
477 1.926144
478 1.937872
479 2.55676
480 1.837544
481 2.374848
482 2.57184
483 1.296584
484 2.002752
485 1.827648
486 1.893312
487 1.926144
488 1.891744
489 2.560896
491 1.597824
492 6.25752
493 2.155968
494 3.250368
495 2.351584
496 3.17376
497 2.550632
498 3.239424
499 2.590576
500 2.670336
501 2.38204
502 2.736
503 1.915752
504 2.155968
505 2.976848
506 3.491136
507 3.084
508 3.029152
509 4.153672
510 3.403584
511 2.7444
512 3.195648
513 3.262288
514 2.761488
515 2.637504
516 2.368824
517 3.57748
518 4.180608
519 2.528792
520 2.84544
522 0.525312
523 5.119184
524 2.922048
525 2.272984
526 2.74572
527 3.261312
528 1.90064
529 2.002752
530 2.599752
531 3.578688
532 2.791664
533 2.29824
534 1.035752
535 1.368
536 1.291392
537 0.809856
538 1.143264
539 2.57184
541 2.88476
542 1.54512
543 1.48788
544 1.494816
545 1.381816
546 1.224888
547 1.063256
548 1.35624
549 1.68688
550 1.433384
551 1.68124
552 1.496072
553 1.896336
555 1.846344
556 3.491136
557 3.075264
558 1.30368
559 4.060224
560 3.406976
561 1.357056
562 0.853632
563 1.302336
564 0.536256
565 2.205576
566 1.324224
567 2.418624
568 3.11904
569 2.316904
570 1.731416
571 1.694688
572 1.269096
573 1.284016
574 0.921904
575 0.84632
576 0.846336
577 0.66872
578 1.067072
579 1.24404
580 0.929704
582 0.967064
583 0.701256
584 0.704312
585 0.611512
586 0.356968
587 0.503336
587 0.230768
