0 0.667584
1 0.645696
2 0.240768
3 0.514368
4 0.284544
5 0.470592
6 0.617408
7 0.98496
8 0.262656
10 0.590976
11 0.809856
12 0.8144
13 0.612864
14 0.49248
15 1.652544
16 1.68992
17 1.788416
18 2.254464
19 1.678976
20 1.816704
21 1.481984
22 1.619712
23 1.131776
24 0.71136
25 0.87552
26 1.503872
27 1.564992
28 1.711808
29 1.816704
30 1.503872
31 1.772928
32 1.657088
33 1.871424
34 1.536704
35 1.214784
36 1.25856
37 0.518912
38 1.105344
39 1.69632
40 1.30688
41 1.75104
42 1.492928
43 1.882368
44 1.503872
45 2.145024
46 1.788416
47 1.755584
48 1.958976
49 1.996352
50 2.287296
51 1.821248
52 1.678976
53 1.9152
54 1.361576
55 1.269504
56 1.335168
57 1.208408
58 1.499328
59 1.405376
60 1.58688
61 1.52576
62 1.510272
63 1.302336
64 1.30688
65 1.543104
66 0.891008
68 1.302336
69 1.20384
70 0.60192
71 0.48608
72 1.017792
73 0.974016
74 0.098496
75 0.207936
76 0.715904
77 1.554048
78 1.521216
79 0.683072
80 0.623808
82 0.16416
83 0.262656
84 0.842688
85 0.880064
86 1.028736
87 0.963072
88 1.050624
89 0.453248
90 1.269504
91 0.853632
92 0.262656
93 0.514368
94 0.694016
95 0.974016
96 1.171008
97 1.000448
98 1.03968
99 0.798912
100 1.000448
101 0.886464
102 0.612864
103 0.623808
104 0.634752
105 0.518912
106 0.974016
107 1.083456
108 0.963072
109 1.077056
110 0.963072
111 1.503872
112 1.378944
113 1.083456
114 1.186496
116 1.991808
117 0.912896
118 0.590976
119 0.60192
120 1.006848
121 1.088
122 1.543104
123 1.663488
124 1.339712
125 1.6416
126 0.97856
127 1.521216
128 1.372544
129 1.6416
130 1.383488
131 1.783872
132 1.678976
133 1.86048
134 1.668032
135 1.75104
136 1.547648
137 1.718208
138 1.58048
139 1.80576
140 0.989504
141 1.674432
142 1.613312
143 1.740096
144 1.52576
145 1.521216
146 1.663488
147 1.602368
148 1.766528
149 1.761984
150 1.74464
151 1.882368
152 1.613312
153 1.389888
154 1.429984
155 1.080736
156 1.564992
157 1.3616
158 1.017792
159 1.711808
160 1.510272
162 1.591432
163 1.630656
164 1.646144
165 1.849536
166 1.722752
167 2.35296
168 1.919744
169 1.985408
170 2.13408
171 1.865024
172 2.451456
173 1.646144
174 1.74464
175 1.96992
176 1.427264
177 1.31328
178 1.411776
179 0.92384
180 2.265408
181 2.062016
182 1.897856
183 1.96992
184 1.558592
185 1.663488
186 1.274048
187 1.400832
188 1.543104
189 1.098944
190 1.291392
191 1.131776
192 1.608768
193 1.127232
194 0.372096
195 0.661184
196 0.842688
197 0.590976
198 1.105344
199 1.41632
200 1.740096
201 1.514816
202 1.269504
203 0.934784
204 1.466496
205 1.865024
206 1.575936
207 1.569528
208 1.937088
209 1.372544
210 1.96992
211 1.755584
212 2.002752
213 1.317824
214 1.685376
215 1.088
216 1.280448
217 0.842688
219 1.131776
220 1.324224
221 1.302336
222 1.022336
223 1.20384
224 1.192896
225 0.956672
226 0.831744
227 0.919296
228 0.5472
229 0.912896
230 1.105344
231 1.017792
232 0.803456
234 0.667584
236 2.587328
237 1.335168
238 1.53216
239 1.19744
240 0.777024
241 0.787968
242 0.912896
243 0.952128
246 1.0944
247 1.41632
248 1.31328
249 1.499328
250 1.153664
251 1.400832
252 1.186496
253 1.192896
254 1.31328
255 0.858176
256 1.236672
257 1.006848
258 0.97856
259 1.171008
260 1.160064
261 0.569088
262 0.289088
263 0.404928
264 0.426816
265 0.60192
266 0.415872
267 0.580032
268 0.715904
269 2.1888
270 2.379392
271 1.357056
272 0.098496
273 0.481536
274 1.328776
275 2.138624
276 2.287296
277 1.777472
279 2.34656
280 2.495232
281 1.668032
282 1.772928
283 1.011392
284 0.2736
285 0.186048
286 0.580032
287 0.525312
288 0.700416
289 0.617408
290 0.426816
291 0.481536
292 1.269504
293 1.098944
294 1.127232
295 0.722304
296 0.60192
297 0.065664
298 1.219328
299 2.210688
300 1.558592
301 1.433664
302 0.65664
303 0.628352
304 0.908352
305 1.466496
306 1.492928
307 1.761984
308 1.438208
309 1.499328
310 1.19744
311 1.6416
312 1.547648
314 1.893312
315 1.722752
316 2.057472
317 1.755584
318 2.171456
319 1.783872
320 2.160512
321 2.002752
322 1.52576
323 2.155968
324 1.711808
325 1.755576
326 1.729152
327 1.821248
328 1.794816
329 1.591424
330 1.575936
331 1.613312
332 2.145024
333 1.68992
334 2.046528
335 1.766528
336 1.897856
337 1.740096
338 1.52576
339 1.761984
340 1.514816
341 1.619712
342 1.832192
343 2.221632
344 1.678976
345 2.101248
346 0.770624
347 1.96992
348 1.295936
349 1.871424
350 1.438208
351 2.002752
352 1.47104
353 1.105344
354 1.225728
355 1.230248
356 0.853632
357 0.722304
358 0.80348
359 1.050624
360 0.558144
361 0.2736
362 0.426816
363 0.93024
364 0.387584
365 1.707648
366 0.61248
367 0.481536
368 0.891008
369 2.057472
370 1.832192
371 1.897856
373 2.123136
374 1.678984
375 1.75104
376 1.25216
377 1.6416
378 1.58048
379 1.849536
380 1.624256
381 2.057472
382 1.766528
383 2.254464
384 1.821248
385 1.711808
386 2.123136
387 1.657088
388 2.363904
389 1.68992
390 1.821248
391 1.718208
392 1.455552
393 1.19744
394 1.794816
395 1.3616
396 1.564992
397 1.700864
398 2.112192
399 1.711808
400 1.777472
401 2.177856
402 1.985408
403 2.145024
404 1.79936
405 1.974464
406 2.177856
407 1.810304
408 1.926144
409 1.47104
410 1.707264
411 1.317824
412 1.236672
413 0.897408
414 0.3438
415 0.919296
416 1.663488
417 1.186496
418 1.69632
419 1.788416
420 1.882368
421 1.41632
422 1.926144
423 1.700864
424 1.685376
425 1.120832
426 1.083456
427 0.777024
428 0.569088
429 0.562688
430 1.225728
431 1.0944
432 0.606464
434 0.2736
435 0.569088
436 0.777024
437 0.897408
438 0.748736
439 0.689472
440 0.65664
441 0.831744
442 0.76608
443 0.551744
444 0.93024
445 1.006848
446 0.514368
448 0.470592
449 0.584576
450 0.612864
451 0.536256
452 0.569088
453 0.580032
454 0.529856
455 0.372096
456 0.667584
457 1.6416
458 1.678976
459 1.816704
460 1.41632
461 1.69632
462 1.427264
463 1.816704
464 0.934784
465 1.050624
466 1.050624
467 0.880064
468 1.181952
469 1.378944
470 1.120832
471 1.25856
472 1.357056
473 1.14272
474 1.674432
475 1.219328
476 1.838592
477 1.3616
478 1.663488
479 1.241224
480 1.42272
481 1.14912
482 1.03328
483 1.291392
484 1.269504
485 1.055168
486 1.20384
487 1.214784
488 0.726848
489 1.685376
490 1.186496
491 1.269504
492 1.269504
493 1.000448
494 1.411776
495 1.302336
496 1.000448
497 1.247616
498 1.317824
499 1.619712
500 1.503872
501 1.564992
502 1.455552
503 1.175552
504 1.718208
505 1.514816
506 1.444608
507 1.405376
508 1.47744
509 1.263104
510 1.357056
511 1.761984
512 1.646144
513 1.788416
514 1.630656
515 1.543104
516 1.295936
517 1.411776
518 1.208384
519 1.53216
520 1.284992
521 1.794816
522 1.569536
524 1.871424
525 1.52576
526 1.772928
527 1.668032
528 1.794816
529 1.383488
530 1.663488
531 1.668032
532 1.466496
533 1.214784
534 0.847232
535 1.0944
536 1.028736
537 0.8144
538 0.777024
539 0.448704
540 0.65664
541 0.689472
544 0.339264
545 0.223424
546 1.028736
547 0.76608
548 0.339264
549 0.363264
550 0.702848
551 0.689472
552 0.678528
553 0.678528
554 0.634752
555 0.448704
556 0.518912
557 1.368
558 1.160064
559 0.8144
560 0.93024
561 0.93024
562 0.678528
563 0.387584
564 0.744192
565 0.634752
566 0.350208
567 0.426816
568 0.525312
569 0.442304
570 0.678528
571 0.744
572 1.00704
573 0.847232
574 1.061568
575 0.393984
576 0.262656
577 0.153216
578 0.10944
579 0.43776
580 0.755136
581 0.518912
582 1.061568
583 1.017792
584 1.044224
585 1.291392
586 1.31328
587 1.219328
588 1.521216
589 1.109888
590 1.47744
591 1.47744
592 1.3616
593 1.926144
594 1.460096
595 1.718208
596 1.41632
597 1.433664
598 1.164608
599 1.378944
600 1.061568
601 0.97856
602 1.225728
604 1.006848
605 0.70496
606 0.842688
607 0.853632
608 0.787968
609 0.464192
610 0.853632
611 1.543104
612 1.077056
613 1.171008
614 0.5472
615 0.5472
616 0.65664
617 0.737792
618 1.160064
619 1.547648
620 0.65664
621 0.021888
622 0.49248
624 0.175104
628 0.131072
629 1.788672
689 0.043776
691 0.120384
692 0.10944
693 0.098496
694 0.10944
695 0.087552
696 0.120384
697 0.120384
698 0.131328
700 0.10944
702 0.240512
703 0.142528
704 0.087552
705 0.10944
706 0.120384
708 0.10944
709 0.120384
710 0.120384
711 0.142272
712 0.120384
714 0.120384
715 0.10944
716 0.186048
717 0.16416
718 0.196992
719 0.135872
720 0.16416
721 0.16416
722 0.207936
723 0.142272
724 0.10944
725 0.21888
726 0.196992
727 0.186048
728 0.098496
729 0.131328
730 0.186048
731 0.10944
733 0.10944
734 0.098496
735 0.10944
736 0.131328
737 0.186048
738 0.16416
739 0.153216
741 0.043776
743 0.365536
744 0.16176
745 0.16176
746 0.183328
747 0.16176
748 0.183328
752 0.163424
753 0.472832
754 0.097056
755 0.183328
756 0.16176
763 0.131072
764 1.119872
766 0.09552
767 0.097056
768 0.140192
769 0.086272
770 0.086272
772 0.075488
773 0.075488
774 0.05392
775 0.05392
776 0.043136
777 0.021568
779 0.05392
781 0.075488
782 0.043136
783 0.032352
785 0.043136
786 0.021568
787 0.032352
788 0.010784
790 0.021568
791 0.021568
803 0.010784
804 0.038528
805 0.05392
806 0.123232
807 0.114016
808 0.123232
815 0.249696
816 0.54832
817 0.10784
818 0.140192
819 0.140192
820 0.129408
822 0.183328
823 0.140192
824 0.084736
825 0.097056
827 0.10784
828 0.140192
829 0.129408
830 0.129408
831 0.16176
832 0.140192
833 0.150976
834 0.140192
839 0.183328
840 0.334304
841 0.496064
842 0.150976
843 0.129408
844 0.150976
845 0.150976
846 0.118624
849 0.086272
852 0.278848
853 0.10784
854 0.140192
855 0.140192
856 0.16176
857 0.172544
858 0.172544
859 0.16176
860 0.16176
864 0.097056
865 0.388224
866 0.474496
867 0.150976
868 0.16176
869 0.16176
870 0.172544
872 0.032352
873 0.16176
874 0.289632
875 0.183328
876 0.129408
877 0.183328
879 0.150976
880 0.140192
881 0.129408
882 0.172544
883 0.150976
888 0.10784
889 0.841152
890 0.10784
891 0.16176
892 0.150976
894 0.16176
896 0.140192
898 0.332768
899 0.118624
900 0.172544
901 0.16176
902 0.16176
903 0.16176
904 0.172544
905 0.140192
907 0.16176
911 0.118624
913 0.70096
914 0.118624
915 0.10784
916 0.118624
917 0.10784
918 0.118624
919 0.16176
922 0.140192
924 0.343552
925 0.086272
926 0.140192
927 0.129408
928 0.16176
929 0.129408
930 0.129408
931 0.140192
932 0.140192
940 0.10784
941 0.690176
942 0.043136
944 0.064704
946 0.075488
947 0.05392
948 0.032352
952 0.021568
953 0.064704
954 0.075488
955 0.118624
956 0.10784
957 0.097056
963 0.131072
964 0.2248
965 0.05392
968 0.246496
969 0.064704
970 0.05392
971 0.064704
972 0.064704
973 0.086272
974 0.075488
975 0.064704
976 0.075488
977 0.064704
978 0.075488
980 0.064704
981 0.075488
982 0.075488
983 0.097056
984 0.086272
985 0.075488
986 0.064704
987 0.086272
996 0.075488
997 0.280384
999 0.48528
1001 0.075488
1002 0.064704
1003 0.097056
1004 0.075488
1005 0.075488
1006 0.075488
1007 0.075488
1008 0.075488
1009 0.075488
1010 0.075488
1011 0.075488
1012 0.064704
1014 0.05392
1015 0.097056
1016 0.055096
