0 2.97968
1 2.022264
2 1.743784
3 1.174224
4 1.369264
5 1.51376
6 2.56212
7 2.415064
8 2.846072
9 2.736072
10 2.23432
11 2.603312
12 2.755384
13 3.498096
14 2.903368
15 3.2298
16 3.184592
17 3.877632
18 3.170008
19 3.188088
20 1.488736
22 1.874336
23 1.072512
24 3.115448
25 2.515664
26 3.2818
27 2.046528
28 2.516032
29 2.610376
30 2.786928
31 0.229824
32 3.472584
33 3.22092
34 0.43776
35 2.964344
36 3.28128
37 2.16028
38 3.121768
40 2.802424
41 2.801664
42 1.409488
43 2.26632
44 2.513912
45 3.159344
46 3.289472
47 3.524416
48 4.482856
49 3.866672
50 4.028736
51 4.261624
52 3.72024
53 4.040792
54 2.872856
55 2.742624
56 3.582512
57 3.439488
58 2.871096
59 3.542688
60 2.373248
61 2.535224
62 2.714112
63 2.797424
64 3.144472
65 2.90644
66 2.648976
67 4.168696
68 2.677216
69 3.496064
70 3.484624
72 3.639448
73 3.42668
74 3.535712
75 2.889024
76 3.064768
77 4.029744
78 4.24944
79 1.100504
80 1.871424
81 2.162096
82 1.994176
83 0.612864
84 0.941184
85 0.892704
86 2.93128
88 3.708984
89 3.272256
90 0.937072
91 1.433664
92 1.794816
93 1.252448
94 0.481536
95 0.798912
96 1.061568
97 0.429576
98 1.827648
99 0.678528
100 0.350208
101 0.225304
102 0.262656
104 0.196992
105 0.426816
106 0.317376
107 0.153216
108 0.098496
110 0.087552
111 0.10944
112 0.087552
114 0.085656
115 0.10944
116 0.032832
117 0.153216
118 0.120384
120 0.237608
121 0.393984
122 0.240176
123 0.372096
124 0.350264
125 0.404928
126 0.178768
127 0.372096
128 0.161576
129 0.43776
130 0.233104
131 0.350592
132 0.372096
133 0.364232
134 0.32832
135 0.521392
136 0.52996
137 0.381784
143 0.087552
144 0.417272
146 0.798912
147 0.158024
148 0.49248
149 0.532352
150 0.634752
154 0.25004
155 0.372096
156 0.088968
158 0.229824
159 1.083424
160 1.458856
161 1.330472
162 1.359656
163 1.619176
164 1.712704
165 1.982168
166 2.151664
167 2.140984
168 2.17384
169 1.143096
170 2.022488
171 1.53216
172 1.209672
173 1.58688
174 2.087136
175 2.24692
176 1.619416
177 1.675232
178 0.952584
179 0.777024
180 0.599184
181 1.400832
182 0.744048
183 0.919296
184 1.181952
185 0.199488
186 0.98496
187 1.53216
188 1.494456
189 1.389888
190 0.902192
191 0.886464
192 1.160064
193 1.066624
194 1.53216
195 0.862704
196 1.882368
197 1.072512
198 1.266432
199 2.22128
200 1.510272
201 1.062184
202 0.842688
203 0.798912
204 0.449928
205 0.623808
206 0.2736
208 0.90204
209 1.378944
210 0.649688
211 0.700416
212 0.702328
213 0.678528
214 0.686456
215 0.787968
216 0.65664
217 0.42508
218 0.76608
219 0.554856
220 0.689472
221 0.451512
222 0.5562
223 0.677976
224 0.590976
225 0.333
226 0.883656
227 1.033784
228 0.80948
229 0.710616
230 1.09076
231 1.097928
232 1.021488
233 1.066016
234 1.225728
235 0.995904
236 0.946456
237 1.181952
238 0.576064
239 1.145776
240 0.698472
241 0.94144
242 1.138176
243 1.194808
244 0.906472
245 1.041184
246 0.8208
247 0.670448
248 1.882368
249 0.442384
250 1.14912
252 1.208232
253 0.919296
254 1.609504
255 1.190328
256 1.19028
257 1.13652
258 0.303352
259 1.547384
260 1.706112
261 1.851328
262 1.893304
263 1.274704
264 1.705376
265 1.080288
266 1.605632
267 1.830704
268 1.662488
269 1.75196
270 1.815752
271 1.368
272 1.38144
273 1.893312
274 0.317624
275 1.028736
276 1.559976
277 1.904256
278 1.724352
280 1.715032
281 2.057472
282 1.44168
283 2.193808
284 2.090304
285 1.333576
286 1.42272
287 1.335168
288 1.049664
289 2.101248
290 1.544608
291 1.833224
292 2.473344
293 1.690784
294 1.549664
295 1.61636
296 1.675248
297 1.984424
298 1.886424
299 1.834528
300 2.060952
301 1.483464
302 1.554048
303 1.331472
304 1.794816
305 1.466496
306 0.72172
307 1.433664
308 1.674432
309 1.499328
310 1.09508
311 1.510272
312 1.2526
313 1.129848
314 1.499328
315 0.920128
316 1.510272
317 0.688928
318 1.0944
319 1.356832
321 1.718208
322 1.14612
323 1.16952
324 0.862632
325 1.31328
326 0.932648
327 1.521216
328 1.484944
329 1.218392
330 1.160064
331 1.648528
332 1.69984
333 1.127232
334 1.3524
335 1.686392
336 2.118328
337 2.105872
338 1.8048
339 1.701624
340 1.632536
341 1.151352
342 1.31328
343 0.996664
344 1.022624
345 1.47744
346 1.123608
347 1.783872
348 1.18312
349 1.247616
350 0.913616
351 0.94532
352 1.14912
353 1.03152
354 1.332672
356 1.411776
357 0.884352
358 0.722304
359 0.645696
360 0.711832
361 1.0944
362 0.801824
363 1.017792
364 1.378944
365 1.026664
366 1.055424
367 0.941184
368 0.954616
369 1.236672
370 0.838152
371 0.974016
372 0.811488
373 0.93024
374 0.94948
375 1.192896
376 0.91012
377 0.999088
378 0.856608
379 0.962528
380 1.005008
381 0.93464
382 1.085352
383 1.26128
384 0.995904
385 0.426536
386 0.886464
387 0.708976
388 1.0944
389 1.011072
390 0.731904
391 0.76148
392 0.71136
393 0.466168
394 0.722304
395 0.646272
397 0.891888
398 0.842688
399 0.723192
400 1.288024
401 1.006848
402 0.893616
403 1.138176
404 1.225728
405 0.583176
406 1.192896
407 0.920184
408 0.823064
409 0.98496
410 0.80624
411 0.963072
412 0.807248
413 0.93008
414 1.275368
415 1.14912
416 0.823864
418 0.77528
419 0.645696
420 0.7362
421 0.974016
422 0.623808
423 0.721872
424 0.481536
425 0.21888
426 0.864576
427 0.735384
429 0.92264
430 0.864576
431 0.240952
432 1.055272
433 0.864576
434 0.409136
435 0.2736
436 0.098496
437 0.186048
438 0.210944
439 0.533288
440 0.503424
441 0.114848
442 0.436272
443 0.372096
445 0.16532
446 0.284544
447 0.259232
448 0.43776
449 0.523408
450 0.594176
451 0.551424
452 0.706792
453 0.883424
454 0.7972
455 0.909312
456 0.640824
457 0.64876
458 0.590976
459 0.210312
460 0.229824
461 0.393984
463 0.310784
464 0.451408
465 0.514384
466 0.23884
467 0.255696
468 0.262656
469 0.546208
470 0.162128
471 0.350208
472 0.585216
474 0.010944
475 0.520408
476 0.862992
477 0.711136
478 0.645216
479 0.619104
480 0.562224
481 0.724488
482 0.525536
483 0.576296
484 0.665856
485 0.555104
486 0.672496
487 1.083456
488 0.8858
489 0.816992
490 0.503424
491 0.861448
492 1.164336
493 2.137416
494 2.16364
496 2.279632
497 2.003032
498 1.698128
499 1.737696
500 1.991808
501 1.19604
502 1.214784
503 1.03968
504 0.761376
505 0.919296
506 0.612864
507 0.777024
508 1.066088
509 1.105344
510 1.006848
511 0.713408
512 0.952128
513 0.87552
514 0.747648
515 0.722304
516 0.6348
517 0.798912
518 0.717816
519 0.952128
520 0.777344
521 0.949616
522 0.98496
523 0.217208
524 0.8208
525 0.759328
526 0.919296
528 0.771168
529 0.71136
530 1.160064
531 0.287448
532 1.400832
533 0.219664
534 1.138176
535 0.679512
536 0.678528
537 0.4766
538 0.8208
539 0.83912
540 0.809856
541 0.207304
542 0.404928
543 0.915608
544 1.609376
545 1.282232
546 1.226056
547 0.908352
548 1.38736
549 0.961336
550 0.711968
551 0.797752
552 1.524008
553 1.452688
554 1.318304
556 1.591704
557 1.138176
558 0.876664
559 1.389888
560 1.40872
561 1.39656
562 1.564992
563 1.134888
564 0.755136
565 0.622376
566 0.733248
567 1.116032
568 1.357056
569 0.32432
570 1.083456
571 0.263368
572 1.116288
573 0.450832
575 0.021888
576 2.50972
577 2.399096
578 2.19988
580 2.78896
581 4.20332
582 2.844048
583 4.6926
584 3.253912
585 2.215192
586 2.352072
587 4.3176
588 3.0164
589 2.834496
590 1.954104
591 0.908352
593 0.47464
594 0.786024
595 1.991808
596 1.43988
597 0.580032
598 0.49248
599 0.5472
600 0.10944
601 0.065664
602 2.58956
603 2.632208
604 2.564512
605 0.978008
606 1.001208
607 1.192896
608 0.734808
609 0.525312
610 0.93024
611 0.908352
613 0.265424
614 0.361152
615 0.634752
616 0.569088
617 0.790808
618 2.02464
619 0.873576
620 1.65808
621 3.548264
622 4.403496
623 3.094728
624 3.372352
625 4.48752
626 4.62216
627 2.67584
628 3.041256
629 3.434184
630 2.445864
631 3.865024
632 3.385712
633 2.913472
634 3.020544
635 0.646808
637 1.554048
638 0.721248
639 1.061568
640 1.466496
641 0.506032
642 0.71136
643 0.49248
644 0.558144
646 0.207936
647 0.207936
648 0.842688
649 0.390672
650 0.733248
651 0.262656
653 0.032832
654 1.138176
655 0.736792
656 0.585976
658 0.120384
659 0.10944
660 0.21888
661 0.798912
662 0.68044
664 1.332592
665 0.284544
666 0.952128
667 0.48004
668 0.361152
669 1.038664
670 0.877144
672 0.590976
673 0.892112
674 0.610472
675 0.536256
676 1.251624
677 0.952104
678 1.079032
679 1.1756
680 1.41808
681 1.063592
682 1.236672
683 0.536248
685 1.088256
686 1.488384
687 1.425224
688 0.267176
689 0.393984
690 2.81744
691 2.834832
692 1.920704
693 2.510584
694 2.225624
695 2.65996
696 1.339424
697 1.685376
699 1.2482
700 2.049904
701 1.661712
703 1.750768
704 1.291392
705 1.291392
706 0.497512
707 1.554048
708 1.034648
709 1.302336
710 0.60444
711 0.361152
712 0.87552
713 0.5472
714 0.142272
715 1.11
716 1.864752
717 2.143192
718 1.336648
719 1.530136
720 1.395504
721 1.0426
723 1.247616
724 1.545576
725 1.908288
726 1.458376
727 2.022416
728 1.92256
729 1.363608
730 1.870464
731 1.072512
732 1.346008
733 1.357144
734 0.87316
735 1.387656
736 1.575936
737 0.586952
738 1.547304
739 1.729152
740 0.397408
741 1.597824
742 0.341984
743 0.974016
745 1.265088
746 1.072512
747 1.779944
748 2.049328
749 1.608768
750 1.20144
751 0.514368
752 1.794816
753 0.9514
754 1.488384
755 0.807024
756 1.597824
757 1.852488
758 1.411944
759 1.617512
760 1.611696
761 1.172608
762 2.17532
763 1.960992
764 1.564992
765 0.81452
766 1.499328
767 1.44756
768 1.821184
769 1.972384
770 1.813056
771 1.869608
772 1.859192
773 2.363904
774 1.812504
775 1.906072
776 2.440512
777 1.753016
778 1.805848
779 2.101248
781 2.13064
782 2.375696
783 2.582784
784 1.838168
785 2.670336
786 2.0286
787 2.14688
788 1.444608
789 1.90988
790 2.224776
791 2.615616
792 2.085384
793 2.135496
794 2.1264
795 1.929688
796 1.9056
797 1.918752
798 2.12548
799 2.160032
800 1.926144
801 1.431456
802 1.893544
803 1.488384
804 1.622008
805 1.725856
806 1.9152
807 2.057472
808 0.782032
809 1.958976
810 2.13408
811 1.407992
812 1.958976
813 2.549952
814 1.155032
815 2.37156
816 2.51712
817 2.32608
818 1.844568
819 1.400832
820 1.712176
821 1.490536
822 2.451456
824 1.84252
825 1.6416
826 1.957672
827 2.484288
828 1.441224
829 1.608768
830 0.806224
831 0.853632
832 0.667584
833 0.71136
834 1.56376
835 1.917896
836 2.089736
837 2.046528
838 1.679104
839 1.818664
840 1.958024
841 1.86048
842 0.303512
843 2.061976
844 2.428208
845 2.35296
846 1.844168
847 1.903856
848 2.331072
849 2.133736
850 2.062224
851 1.926144
852 1.422864
853 2.41464
854 2.615616
855 2.078552
856 2.213776
857 2.35296
858 1.284224
859 1.75104
860 2.124384
861 2.15024
862 2.145896
863 1.935144
864 2.035552
865 2.053832
866 2.226056
867 2.320128
868 1.378464
869 1.368
870 0.602136
871 2.177856
872 1.124536
874 1.422464
875 0.652168
876 2.02464
877 1.920624
878 2.018136
880 0.350208
881 2.793784
882 2.631328
883 2.799216
884 3.272968
885 2.151072
886 2.101824
887 1.412128
888 1.47412
889 1.645576
890 2.331072
891 2.017288
892 2.014904
893 2.74552
894 3.067984
895 2.998656
897 0.861496
898 2.320128
899 3.235528
900 3.316032
901 1.367136
902 2.802024
905 3.650488
907 0.175104
908 1.630656
909 1.945472
910 1.519848
911 1.652544
912 1.305944
913 1.904256
914 1.583432
915 1.105472
916 0.569088
917 1.497896
918 1.428016
920 1.437856
921 0.744192
922 0.514368
923 0.674608
924 0.175104
925 1.96992
926 1.854112
927 1.36476
928 0.426256
929 1.718208
930 0.865416
931 0.939728
932 1.280448
933 0.256288
934 0.974016
936 0.455224
939 0.05472
940 0.21888
944 0.021888
945 0.032832
966 0.043776
967 0.251712
969 0.498736
970 0.448704
972 0.369552
973 0.289432
975 0.813232
976 1.282544
977 1.536168
978 1.514928
979 1.813248
980 2.378368
981 2.18408
982 1.84316
983 3.189592
984 3.40348
985 2.999512
986 0.378504
987 0.43776
988 0.021888
989 0.733248
990 0.952128
991 0.81832
992 0.93024
993 0.295488
994 0.093376
995 2.99132
996 3.123592
997 3.09368
998 4.513368
999 3.04928
1000 3.235368
1001 2.878272
1003 4.457592
1004 3.524928
1005 3.742848
1006 2.675904
1007 2.858552
1008 2.564496
1009 2.384392
1010 2.265408
1011 1.198768
1017 0.032832
1019 0.131328
1020 0.076608
1021 0.196992
1022 0.087552
1024 0.131328
1025 0.153216
1026 0.05472
1027 0.153216
1028 0.098496
1030 0.043776
1031 0.065664
1032 0.065664
1033 0.536256
1034 1.466496
1035 0.673608
1036 0.700416
1038 0.265224
1039 0.098496
1040 0.229824
1041 0.19356
1042 0.623808
1044 0.593112
1045 0.120384
1052 0.098496
1055 0.021888
1056 0.142272
1059 0.076608
1060 0.066192
1061 0.939112
1062 0.519944
1064 0.981696
1065 1.26848
1066 1.246808
1067 0.91408
1068 0.962032
1069 0.854336
1070 1.174216
1071 0.50148
1072 0.481536
1074 0.238816
1075 0.339264
1076 0.098496
1078 0.153216
1079 0.148776
1080 0.306432
1081 0.120384
1082 0.164808
1084 0.021888
1086 0.240768
1087 0.202896
1088 0.542288
1089 0.207936
1090 0.255816
1092 0.16416
1103 0.092368
1161 0.021888
1233 0.010944
1253 0.021888
1254 0.043776
1285 0.05472
1287 0.131072
1289 0.261576
1290 0.05472
1291 0.043776
1293 0.065664
1294 0.05472
1295 0.087552
1296 0.065664
1297 0.076608
1298 0.065664
1299 0.03592
1300 0.065664
1302 0.087552
1303 0.05472
1304 0.098496
1305 0.076608
1307 0.087552
1308 0.06688
1309 0.009008
1310 0.05472
1311 0.043776
1312 0.076608
1314 0.065664
1315 0.098496
1316 0.043776
1317 0.087552
1319 0.08768
1320 0.120384
1321 0.065664
1322 0.120384
1323 0.087552
1324 0.098496
1326 0.070728
1327 0.10944
1328 0.131328
1329 0.120384
1330 0.153216
1332 0.080184
1333 0.131328
1336 0.087552
1337 0.368632
1338 0.131328
1339 0.16416
1340 0.16416
1341 0.137968
1345 0.20768
1346 0.333504
1347 0.21888
1348 0.229824
1349 0.13608
1350 0.229824
1357 0.207936
1358 0.051936
1359 0.142272
1360 0.16416
1361 0.208232
1362 0.118456
1363 0.251712
1364 0.137032
1365 0.175104
1366 0.207936
1368 0.099384
1369 0.131328
1370 0.175104
1371 0.142272
1372 0.048744
1373 0.153216
1374 0.087552
1375 0.087552
1377 0.067208
1378 0.065664
1379 0.043776
1381 0.05472
1382 0.065664
1384 0.05472
1385 0.101088
1386 0.009016
1388 0.05472
1389 0.065664
1390 0.10944
1391 0.076608
1392 0.043776
1394 0.120384
1395 0.046824
1396 0.043776
1398 0.043776
1410 0.076608
1411 0.098496
1412 0.10944
1413 0.10944
1414 0.27752
1415 1.325576
1416 0.99296
1417 1.486944
1418 1.47156
1419 1.602896
1420 1.810176
1421 1.978048
1422 2.099928
1424 3.23356
1425 2.83808
1426 1.660992
1427 2.56132
1428 2.443176
1429 2.811608
1430 2.336176
1431 1.893312
1432 1.55992
1433 1.306776
1434 1.521216
1435 1.58688
1436 2.254856
1437 2.725056
1438 1.467784
1439 2.637504
1440 2.59868
1441 1.564992
1442 2.514736
1443 2.847952
1444 2.867328
1445 1.388816
1446 2.714112
1447 2.410528
1448 3.109104
1449 0.251712
1450 2.528064
1451 1.215424
1452 2.112192
1453 2.27256
1454 2.629992
1456 2.090304
1457 2.311808
1458 3.469248
1459 2.402472
1460 2.632744
1461 2.002752
1462 3.083032
1463 3.305088
1464 2.742224
1465 2.124528
1466 1.974784
1467 1.9152
1468 2.093392
1469 2.389704
1470 2.309184
1471 2.232832
1472 1.845112
1473 1.422792
1474 1.685376
1475 1.20912
1476 2.199744
1477 1.80452
1478 2.090824
1479 2.417672
1480 2.670336
1481 2.0718
1482 2.387128
1483 2.489072
1484 3.262608
1485 3.184704
1486 2.703968
1487 2.723512
1488 2.303784
1489 1.740096
1490 2.245784
1492 2.789408
1493 2.823552
1494 1.62092
1495 2.045528
1496 2.429568
1497 1.71944
1498 2.560896
1499 1.639656
1500 1.58688
1501 1.488384
1502 0.8486
1503 1.499328
1504 1.827648
1505 0.730112
1506 1.433664
1507 2.528064
1508 0.811792
1509 2.998656
1510 0.887816
1511 3.184704
1512 2.477368
1513 2.49648
1514 2.224352
1515 2.086736
1516 1.328008
1517 1.400832
1518 1.958976
1519 1.903352
1520 1.96992
1522 2.576472
1523 1.236672
1524 1.926144
1525 1.893312
1526 1.19736
1527 2.112192
1528 2.736
1529 1.770744
1530 2.101248
1532 2.340336
1533 2.506176
1534 2.889216
1535 0.755136
1536 1.466496
1537 1.709952
1538 1.608768
1539 1.617056
1540 2.615616
1541 1.25448
1542 2.303048
1543 2.922048
1544 0.858512
1545 3.08716
1546 2.691312
1547 2.265104
1548 2.481944
1549 2.59288
1550 2.679816
1551 1.972704
1552 2.240776
1553 2.727864
1554 2.586752
1555 0.848
1556 1.944984
1557 2.439928
1558 2.02216
1559 1.731784
1560 2.38952
1561 1.620416
1562 2.424544
1563 3.245368
1564 2.533208
1565 2.40768
1566 2.307648
1567 1.629344
1568 2.506176
1570 1.742592
1571 2.80636
1572 2.751832
1573 3.370752
1574 2.692344
1575 3.381696
1576 1.905376
1577 2.95488
1578 2.276352
1579 2.928032
1580 2.2786
1581 2.165648
1582 1.644528
1583 2.49848
1584 1.833544
1585 2.943936
1586 2.274392
1587 0.630792
1588 2.36724
1590 2.384816
1591 2.090304
1592 2.020808
1593 2.02492
1594 1.165
1595 1.42272
1596 2.714112
1597 2.368344
1598 2.757888
1599 2.41308
1600 2.068416
1601 2.66716
1602 1.946088
1603 1.65
1604 1.171008
1605 2.161496
1606 1.926144
1607 1.58064
1609 2.296
1610 1.03968
1611 1.966648
1612 0.623808
1613 2.294776
1614 2.046528
1615 1.05292
1616 1.58688
1617 1.093256
1618 2.101248
1619 2.01696
1620 1.47744
1622 2.04968
1623 0.60192
1624 2.265408
1625 0.615816
1626 1.543104
1627 1.707832
1628 1.937088
1629 0.978832
1630 0.686392
1631 0.842688
1632 0.422144
1633 0.065664
1634 0.240768
1635 0.306432
1636 0.131328
1638 0.306432
1639 0.36908
1640 0.451824
1641 0.481536
1642 0.177232
1643 0.611856
1644 0.10944
1645 0.500496
1646 0.577072
1648 0.436712
1649 0.262656
1650 0.280288
1651 0.295488
1652 0.266448
1653 0.350208
1654 0.26124
1655 0.291592
1656 0.329296
1657 0.4724
1658 0.583624
1659 0.538712
1660 0.481656
1661 0.312672
1663 0.411784
1664 0.465384
1665 0.350208
1666 0.232592
1667 0.32832
1668 0.108848
1669 0.361152
1670 0.111784
1672 0.04184
1674 0.065664
1675 0.16416
1677 0.010944
1679 0.076608
1681 0.032832
1682 0.021888
1683 0.087552
1684 0.413376
1685 0.534296
1686 0.558512
1687 0.443352
1689 0.308264
1690 0.295488
1691 0.364032
1692 0.58408
1693 0.306296
1694 0.251712
1695 0.277552
1696 0.470592
1697 0.307192
1698 0.308864
1699 0.50164
1700 0.361152
1701 0.613904
1702 0.220144
1703 0.591824
1704 0.306432
1705 0.455856
1707 0.435336
1708 0.295488
1709 0.292184
1710 0.372096
1711 0.36556
1712 0.3204
1713 0.229824
1714 0.31108
1715 0.10944
1716 0.032832
1718 0.120384
1720 0.120384
1722 0.010944
1723 0.118408
1724 1.194704
1725 1.25408
1726 1.323976
1727 0.810376
1728 0.985992
1729 0.987472
1730 1.325496
1731 1.436504
1732 0.837008
1733 1.358992
1734 1.0844
1735 1.348416
1736 1.269616
1737 1.652544
1738 0.6554
1739 1.368
1740 0.853416
1741 1.948032
1742 1.431
1743 1.3578
1744 2.299832
1745 1.899704
1746 2.041768
1747 2.090936
1748 2.385792
1749 1.959248
1750 1.696448
1751 2.276352
1752 1.737144
1753 2.177856
1755 1.602672
1756 1.608768
1757 2.331072
1758 1.87844
1759 1.887624
1760 2.40768
1761 1.540344
1762 2.155968
1763 1.945072
1764 1.83268
1765 2.090304
1766 1.787
1767 1.726784
1768 1.9152
1769 1.692624
1770 1.575936
1771 0.923368
1772 0.798912
1773 2.254464
1774 0.913568
1775 2.418624
1776 1.466496
1777 0.613976
1778 0.678528
1779 0.514368
1780 0.722304
1781 0.558144
1782 0.394272
1783 0.43776
1784 0.558144
1785 0.623808
1786 0.634752
1787 0.479848
1788 0.448704
1790 0.834736
1791 0.295488
1792 0.667584
1793 0.612864
1794 0.494744
1795 0.78416
1796 1.132528
1797 1.42272
1798 0.35596
1799 0.974016
1800 1.074336
1801 0.798912
1802 1.052456
1803 1.098504
1804 1.174584
1805 1.29876
1806 1.40072
1807 1.084352
1808 1.190024
1809 1.479216
1810 0.807912
1812 1.5536
1813 1.885
1814 1.856744
1815 2.385232
1816 1.32256
1817 1.731536
1818 1.549408
1819 1.324224
1820 1.659272
1821 1.581416
1822 1.460104
1823 1.214784
1824 1.046528
1825 0.525312
1826 1.926144
1827 0.40756
1828 1.772928
1829 0.853728
1830 1.47492
1831 1.794816
1832 1.182496
1833 1.170944
1834 1.630656
1835 0.824896
1836 1.240888
1837 1.568736
1838 1.652544
1839 1.306168
1840 1.35044
1841 1.590112
1842 1.357056
1843 1.265816
1845 1.353104
1846 1.730232
1847 1.85872
1848 2.167984
1849 3.02412
1850 2.761736
1851 1.935912
1852 2.692224
1853 2.362208
1854 1.504544
1855 2.145024
1856 1.122128
1857 0.87552
1858 1.554048
1859 2.048096
1860 1.977168
1861 0.919296
1862 1.86048
1863 1.152048
1864 2.582784
1865 1.771448
1866 2.090304
1867 0.76588
1868 0.974016
1869 1.948032
1870 0.156832
1871 1.882368
1872 0.928184
1873 1.838592
1874 0.545384
1875 2.046528
1876 0.15544
1877 1.740096
1878 0.792072
1879 1.433664
1881 0.253232
1882 1.47744
1883 1.113112
1884 1.105344
1885 0.366912
1886 1.138176
1887 0.603776
1888 0.908352
1889 0.849552
1890 0.87552
1891 0.842272
1892 0.503424
1893 1.026008
1894 0.974016
1895 0.700144
1897 1.206672
1898 1.247616
1899 1.052984
1900 1.382608
1901 0.913528
1902 1.338512
1903 1.03968
1904 1.577584
1905 1.666288
1906 1.80576
1907 1.490136
1908 1.237584
1909 1.785168
1910 1.707264
1911 0.46256
1912 1.902936
1913 1.735192
1914 0.60192
1915 1.532536
1916 1.647416
1917 2.241416
1919 2.130408
1920 1.806
1921 0.877232
1922 1.465712
1923 1.611528
1924 1.459344
1925 1.500128
1926 1.625984
1927 1.214784
1928 0.576848
1929 1.685376
1930 1.259936
1931 0.694408
1932 1.433664
1933 0.582352
1934 1.368
1935 0.50064
1936 1.411776
1937 0.4966
1938 0.831744
1939 1.293024
1940 0.722304
1942 1.31
1943 0.787968
1944 0.986096
1945 0.536256
1946 1.585536
1947 0.558144
1948 1.07852
1949 1.291392
1950 0.480784
1951 1.386304
1952 1.6416
1953 0.31772
1954 1.40748
1955 1.433664
1956 0.285944
1957 1.017792
1958 0.574384
1959 0.995904
1960 0.281584
1961 1.225728
1962 0.44156
1964 0.873296
1965 1.324224
1966 0.446256
1967 0.886464
1968 0.335544
1969 0.842688
1970 1.038072
1971 0.344608
1972 0.917472
1973 0.5472
1974 0.40276
1975 0.186048
1976 0.96564
1977 0.755136
1978 0.528304
1979 0.853632
1980 0.199024
1981 0.514368
1983 0.266896
1984 0.481536
1985 0.20316
1986 0.536256
1987 0.625352
1988 0.601272
1989 0.601672
1990 0.558568
1991 0.311616
1992 0.388504
1993 0.340416
1994 0.284544
1995 0.404928
1996 0.182448
1997 0.229824
1999 0.184232
2000 0.339264
2001 0.18952
2002 0.21888
2003 0.25584
2004 0.562592
2005 0.392704
2006 0.43776
2007 0.297104
2011 0.21036
2012 0.575104
2014 0.58304
2015 0.772376
2016 0.97288
2017 1.095888
2018 0.862864
2019 0.947656
2020 1.172816
2021 0.89272
2022 1.149192
2023 0.842688
2024 0.746944
2025 0.175104
2026 1.083456
2028 1.057528
2029 0.733248
2030 1.087904
2031 1.83224
2032 1.284296
2033 1.619712
2034 0.226848
2035 1.105344
2036 0.895912
2037 1.858568
2038 0.713056
2039 1.381904
2040 1.623784
2042 1.732224
2043 1.400832
2044 0.825416
2045 1.14912
2046 0.704928
2047 0.722304
2048 0.842688
2049 0.897408
2054 0.462792
2055 2.221632
2056 1.3984
2057 1.510832
2058 1.185808
2059 1.441952
2060 1.533408
2061 1.4194
2062 1.991808
2063 0.154184
2064 1.483992
2065 1.358096
2066 1.67336
2067 1.315952
2068 1.411776
2069 0.809776
2070 2.15172
2071 1.69632
2072 0.379848
2073 1.652544
2074 1.117056
2075 0.886464
2077 1.026056
2078 0.842688
2079 1.33252
2080 1.685376
2081 1.314424
2082 1.225448
2083 1.280448
2084 0.871968
2085 1.590048
2086 1.004904
2087 0.892624
2088 0.842688
2089 1.873072
2090 1.8476
2092 2.167552
2093 1.809576
2094 1.901152
2095 1.697528
2096 1.956008
2097 2.276352
2098 1.37024
2099 1.764136
2100 2.017568
2101 1.908432
2102 2.325904
2103 2.177856
2104 1.631304
2105 1.105344
2106 1.521216
2107 0.949576
2108 1.6416
2109 1.362864
2110 1.918488
2111 0.87552
2112 1.206064
2113 1.116288
2115 1.17176
2116 1.827648
2117 1.04568
2118 1.630656
2119 2.060592
2120 2.290304
2121 2.549952
2122 1.808376
2123 1.818968
2124 1.921168
2125 2.017952
2126 2.002752
2127 1.83564
2128 1.24548
2129 1.769824
2130 2.02464
2131 1.54856
2132 1.496784
2133 1.630656
2134 1.364544
2135 1.898024
2136 2.320128
2137 1.679352
2138 1.739888
2140 0.91336
2141 0.262656
2142 1.138176
2143 1.417
2144 1.079016
2145 1.27216
2146 1.826576
2147 1.909888
2148 1.957776
2149 1.812888
2150 1.9938
2151 1.979744
2152 1.355496
2153 1.27136
2154 1.783872
2155 1.581576
2156 1.718208
2157 1.374232
2158 1.597824
2159 1.618672
2160 1.761936
2161 1.62028
2162 1.96992
2163 1.064672
2164 1.289896
2165 2.210688
2166 1.45404
2167 1.882368
2168 1.18292
2169 2.459304
2170 2.331072
2171 2.51712
2172 1.568504
2173 1.20384
2174 1.75104
2175 2.440512
2176 1.833976
2177 2.155968
2178 2.14628
2179 2.320128
2180 1.718176
2181 2.00368
2182 1.928744
2183 2.067576
2184 2.112192
2185 1.863264
2186 1.411776
2187 1.80396
2188 1.923472
2189 1.400832
2191 1.701256
2192 1.674432
2193 1.346936
2194 2.199744
2195 0.203024
2196 2.02464
2197 1.354256
2198 1.512952
2199 1.554048
2200 1.662456
2201 1.862944
2202 1.456912
2203 1.9152
2204 1.880744
2205 1.856848
2206 2.115856
2207 1.997152
2208 1.729152
2209 1.50092
2210 2.022472
2211 1.892672
2212 1.819368
2213 1.958976
2214 1.47944
2215 1.937088
2216 1.828952
2217 2.139704
2218 1.6416
2219 1.549112
2220 2.265408
2221 1.724096
2222 2.670336
2223 2.031816
2224 1.859208
2225 1.991392
2226 1.597728
2227 2.24352
2228 1.547248
2229 1.783872
2230 1.490064
2231 2.287296
2232 1.9486
2233 1.980864
2235 1.607176
2236 1.816704
2237 0.294928
2238 1.335168
2239 1.995472
2240 0.536256
2241 2.714112
2242 2.054096
2243 2.604672
2244 1.105344
2245 1.88256
2246 1.180008
2247 1.685376
2248 1.192896
2249 1.346112
2250 0.59112
2251 1.127232
2252 1.291392
2253 1.827648
2254 1.049824
2255 0.93024
2256 1.685376
2257 0.976504
2258 0.8208
2260 1.436608
2261 1.543104
2262 1.29316
2263 1.25856
2264 1.13848
2265 1.620576
2266 1.877936
2267 2.02464
2268 1.6842
2269 2.725056
2270 2.014616
2271 1.573464
2272 2.24352
2273 1.761984
2274 1.6416
2275 1.608776
2276 2.549952
2277 2.166912
2278 1.49368
2279 2.199744
2280 1.510272
2281 1.910688
2282 2.101248
2283 2.112192
2284 1.710792
2285 2.057472
2286 1.726048
2287 2.363904
2288 1.883608
2289 1.760472
2290 2.057472
2291 1.23448
2292 2.254464
2293 1.41556
2294 1.028736
2295 1.222432
2296 0.590976
2297 1.25856
2298 1.177776
2299 1.255312
2300 1.674432
2301 1.421752
2302 0.812104
2303 1.491432
2304 1.411776
2305 1.276632
2306 1.195328
2307 1.188496
2308 1.318456
2309 1.507776
2310 1.42272
2311 1.069512
2313 0.762168
2314 0.842688
2315 0.936352
2316 0.974144
2317 0.853632
2318 0.670296
2320 1.04884
2321 0.755136
2322 0.398976
2323 0.9078
2324 0.689472
2325 0.114392
2326 1.646704
2327 1.339504
2328 0.372096
2329 0.769864
2330 1.162592
2332 0.8396
2333 0.986104
2334 0.98496
2335 0.310304
2336 1.087392
2337 0.98496
2338 0.763368
2339 0.554832
2341 1.381016
2342 0.989184
2343 1.11364
2344 1.543704
2345 1.176224
2346 1.016864
2347 0.597016
2348 1.027808
2349 1.80916
2350 1.39068
2351 1.776152
2352 1.93628
2353 1.740096
2354 0.92144
2355 1.313856
2356 1.378944
2357 1.493808
2358 1.769576
2359 1.278512
2360 1.704472
2361 1.597824
2362 1.826464
2363 0.792312
2364 1.96992
2365 1.85448
2366 1.419008
2367 1.608592
2368 1.127232
2369 0.791304
2370 1.4308
2372 1.25856
2373 1.415424
2374 1.581024
2375 1.459824
2376 1.58688
2377 1.183584
2378 0.889968
2379 1.435384
2380 1.778216
2381 1.939072
2382 1.874304
2383 1.200248
2384 2.200248
2385 1.60836
2386 1.55348
2387 2.139888
2388 1.888944
2389 0.419656
2390 1.543104
2391 1.225728
2392 0.936096
2393 1.965376
2394 2.152856
2395 2.15252
2396 2.385792
2397 2.160952
2398 2.16836
2399 1.942904
2400 2.155856
2401 1.948216
2403 2.451872
2404 1.841744
2405 2.463248
2406 2.359008
2407 2.593728
2408 0.452688
2409 2.145024
2410 1.567744
2411 1.838592
2412 1.820648
2413 1.072512
2414 1.707264
2415 1.390736
2416 1.980864
2417 2.385792
2418 1.069928
2419 2.083128
2420 2.145024
2421 0.713112
2422 0.87552
2423 0.404928
2425 0.076608
2426 0.306432
2427 0.404928
2428 0.080176
2429 0.317376
2430 0.2736
2431 0.5472
2432 0.645696
2433 0.435736
2434 0.61808
2435 0.5472
2436 0.401888
2437 0.5472
2438 0.424816
2439 0.733248
2440 0.15348
2441 0.295488
2442 0.076608
2444 0.459648
2445 0.297904
2446 0.240768
2447 0.440744
2448 0.65456
2449 0.541552
2450 0.398504
2451 0.503424
2452 0.546408
2453 0.402232
2454 0.273656
2456 0.439104
2457 0.521576
2458 0.583688
2460 0.485768
2461 0.66708
2462 0.417816
2463 0.739216
2464 0.680136
2465 1.028984
2466 0.846688
2467 0.495632
2468 0.787968
2469 0.637032
2470 0.8646
2471 0.642872
2472 0.841576
2474 1.010752
2475 0.985336
2476 1.201488
2477 1.393648
2478 1.810904
2479 2.046528
2480 0.98736
2481 2.1946
2482 2.396736
2483 1.773376
2484 2.528064
2485 1.423752
2486 0.700416
2488 0.05472
2489 0.525312
2490 0.307968
2491 1.236672
2492 0.659648
2493 0.667584
2494 0.229824
2495 0.306488
2496 0.065664
2497 0.065664
2498 0.262656
2499 0.186048
2500 0.350208
2501 0.634752
2503 0.750944
2504 0.569088
2505 1.319792
2506 0.580032
2507 0.518848
2508 0.262656
2509 0.404928
2510 0.32832
2511 0.231168
2512 0.470592
2513 0.72692
2514 0.623032
2515 0.32832
2516 0.3874
2517 0.46104
2518 0.594768
2519 0.508296
2520 0.284544
2523 0.253184
2524 0.988392
2525 0.8872
2526 0.782096
2528 0.930128
2529 0.4296
2530 0.779144
2531 1.141808
2532 0.820032
2533 0.728328
2534 0.639056
2535 1.03968
2536 1.16444
2537 1.329864
2538 0.948256
2539 1.39876
2540 1.072512
2541 0.385528
2542 0.809856
2543 0.448704
2544 0.262656
2545 0.522392
2546 0.623808
2547 0.762496
2548 0.906664
2549 0.856928
2550 1.285472
2551 1.725864
2553 0.849672
2554 0.842688
2555 0.287016
2556 0.415872
2557 0.415872
2558 0.701688
2559 0.742808
2560 1.363888
2561 1.454896
2562 0.907416
2563 1.346112
2564 1.885624
2565 1.241824
2566 1.13652
2568 1.245936
2569 1.324224
2570 1.712392
2571 0.95552
2572 1.597824
2573 1.411608
2574 1.31328
2575 0.63204
2576 1.488384
2577 1.300968
2578 1.834336
2579 1.871272
2580 1.60464
2581 1.136232
2582 1.685376
2583 1.319112
2584 1.980864
2585 1.584072
2586 1.337912
2587 1.214784
2588 0.756552
2589 1.7124
2590 1.335168
2591 0.451472
2592 1.214784
2593 0.47052
2594 0.689472
2595 0.831744
2596 0.43776
2597 0.317376
2599 0.255664
2600 0.295488
2601 0.240768
2602 0.032832
2604 0.207936
2605 0.306432
2606 0.16416
2608 0.317376
2610 0.16416
2611 0.2736
2612 0.33836
2613 0.480176
2614 0.643088
2615 1.0616
2616 0.448048
2617 0.317376
2618 0.32832
2620 0.120384
2621 0.19904
2622 0.196992
2623 0.514368
2624 0.172032
2626 0.84548
2627 0.49248
2628 0.654008
2629 1.092592
2630 0.742008
2631 0.280224
2632 1.144744
2633 0.896656
2635 1.28308
2636 1.17416
2637 1.164424
2638 1.016096
2639 0.765816
2640 0.96536
2643 0.065664
2644 0.010944
2645 0.05472
2646 0.087552
2647 0.186048
2648 0.634752
2649 0.175632
2651 0.043776
2653 0.120384
2654 0.032832
2852 0.10944
2853 0.032832
2854 0.024024
2855 0.05472
2856 0.065664
2857 0.120384
2859 0.16416
2860 0.12936
2861 0.16416
2862 0.153216
2863 0.126688
2864 0.009008
2867 0.131072
2868 0.372352
2870 0.1838
2871 0.153216
2872 0.175104
2873 0.169944
2874 0.085616
2875 0.16416
2876 0.186048
2878 0.12784
2879 0.196992
2880 0.175104
2881 0.140288
2882 0.186048
2883 0.175104
2884 0.129376
2885 0.175104
2887 0.240768
2888 0.12528
2889 0.251712
2890 0.180776
2891 0.175104
2893 0.175104
2894 0.126584
2895 0.175104
2896 0.196992
2897 0.131328
2898 0.107992
2899 0.153216
2900 0.207936
2901 0.160904
2902 0.153216
2903 0.10944
2904 0.131328
2906 0.14172
2907 0.16416
2908 0.229824
2909 0.16416
2911 0.101616
2912 0.16416
2913 0.131328
2914 0.142272
2915 0.142272
2916 0.072912
2921 0.185792
2922 0.345296
2923 0.065664
2924 0.10944
2925 0.10944
2926 0.186048
2927 0.02708
2928 0.16416
2929 0.186048
2931 0.130096
2932 0.186048
2933 0.186048
2934 0.097608
2935 0.207936
2936 0.16416
2937 0.142272
2938 0.124896
2939 0.153216
2940 0.098496
2941 0.098496
2942 0.120384
2943 0.08248
2944 0.16416
2946 0.207936
2947 0.131328
2948 0.103896
2949 0.153216
2950 0.175104
2951 0.142272
2952 0.068224
2953 0.087552
2954 0.153216
2955 0.131328
2957 0.131328
2958 0.035608
2959 0.087552
2960 0.087552
2961 0.098496
2962 0.087552
2963 0.087552
2964 0.076608
2966 0.053448
2967 0.10944
2968 0.240768
2969 0.186048
2970 0.069016
2971 0.196992
2972 0.207936
2973 0.1242
2974 0.196992
2975 0.131328
2976 0.021328
2977 0.16416
2978 0.131328
2980 0.107784
2981 0.120384
2982 0.142272
2983 0.150688
2984 0.153216
2986 0.131328
2987 0.098496
2988 0.047072
2989 0.098496
2990 0.098496
2991 0.076608
2992 0.087552
2993 0.035904
2994 0.098496
2995 0.142272
2997 0.13664
2998 0.153216
2999 0.153216
3000 0.094536
3001 0.131328
3002 0.131328
3004 0.076416
3005 0.142272
3006 0.087552
3007 0.098496
3008 0.081928
3009 0.120384
3010 0.10944
3012 0.076256
3013 0.131328
3014 0.153216
3015 0.142272
3016 0.080568
3017 0.175104
3018 0.196992
3020 0.153216
3021 0.084112
3022 0.153216
3023 0.10944
3024 0.10944
3025 0.098496
3026 0.02472
3027 0.120384
3028 0.087552
3029 0.120384
3031 0.098496
3032 0.120384
3033 0.030008
3034 0.120384
3035 0.087552
3036 0.120384
3037 0.153216
3039 0.065664
3040 0.038968
3041 0.16416
3042 0.131328
3043 0.131328
3044 0.10944
3046 0.078112
3047 0.153216
3048 0.153216
3049 0.175104
3050 0.131328
3051 0.06804
3052 0.120384
3053 0.120384
3054 0.131328
3055 0.120776
3056 0.175104
3058 0.196992
3059 0.16416
3060 0.067776
3061 0.175104
3062 0.196992
3063 0.164024
3064 0.175104
3066 0.153216
3067 0.120384
3068 0.09996
3069 0.16416
3070 0.131328
3071 0.131328
3072 0.120384
3073 0.033088
3075 0.10944
3076 0.120384
3077 0.087552
3078 0.142272
3079 0.079224
3080 0.019952
3081 0.065664
3082 0.076608
3083 0.076608
3084 0.05472
3089 0.131072
3090 0.186296
3091 0.065664
3092 0.043776
3093 0.032832
3095 0.010944
3096 0.032832
3097 0.05472
3099 0.021888
3100 0.032832
3101 0.05472
3103 0.043776
3111 0.032832
3112 0.065664
3115 0.08112
3118 0.05472
3119 0.076608
3120 0.032832
3121 0.05472
3123 0.032832
3124 0.043776
3125 0.032832
3127 0.043776
3129 0.05472
3130 0.05472
3132 0.021888
3134 0.043776
3135 0.065664
3136 0.021888
3139 0.043776
3140 0.043776
3142 0.032832
3143 0.087552
3144 0.032832
3147 0.021888
3162 0.079472
3165 0.032832
3167 0.010944
3168 0.021888
3172 0.021888
3175 0.010944
3176 0.076608
3178 0.043776
3180 0.131328
3181 0.065664
3182 0.043776
3183 0.087552
3185 0.098496
3186 0.087552
3187 0.098496
3188 0.04836
3189 0.120384
3191 0.098496
3192 0.087552
3193 0.087552
3194 0.087552
3195 0.032832
3196 0.073296
3204 0.15296
3205 0.44712
3206 0.076608
3208 0.098496
3209 0.10944
3210 0.087552
3212 0.050688
3213 0.076608
3214 0.087552
3215 0.131328
3216 0.153216
3217 0.101272
3218 0.142272
3219 0.131328
3220 0.131328
3221 0.120384
3222 0.120384
3223 0.10944
3225 0.093624
3226 0.076608
3227 0.076608
3228 0.10944
3240 0.120384
3241 0.032832
3243 0.021888
3244 0.032832
3254 0.021888
3255 0.052376
3256 0.05472
3257 0.065664
3259 0.098496
3260 0.098496
3261 0.032832
3262 0.087552
3263 0.05472
3265 0.021888
3273 0.021888
3274 0.021888
3276 0.032832
3277 0.022856
3279 0.063728
3280 0.153216
3281 0.10944
3282 0.153216
3283 0.110288
3284 0.153216
3285 0.186048
3286 0.16416
3287 0.16416
3288 0.065216
3289 0.186048
3290 0.131328
3291 0.16416
3292 0.098608
3293 0.175104
3294 0.131328
3295 0.142272
3297 0.166312
3298 0.16416
3299 0.153216
3300 0.153216
3301 0.142272
3302 0.044744
3303 0.10944
3304 0.076608
3305 0.10944
3307 0.120384
3308 0.120384
3309 0.05768
3310 0.10944
3311 0.098496
3312 0.10944
3313 0.10944
3314 0.098496
3315 0.091152
3316 0.131328
3317 0.120384
3318 0.131328
3319 0.10944
3320 0.063504
3321 0.120384
3323 0.131328
3324 0.16416
3325 0.131328
3326 0.1168
3327 0.120384
3328 0.120384
3329 0.153216
3330 0.096112
3331 0.16416
3333 0.16416
3334 0.16416
3335 0.153216
3336 0.057136
3337 0.142272
3338 0.131328
3339 0.131328
3340 0.120384
3341 0.083704
3342 0.120384
3343 0.131328
3344 0.098496
3345 0.098496
3347 0.094128
3348 0.098496
3349 0.120384
3350 0.10944
3360 0.021888
3361 0.032832
3363 0.08968
3364 0.142272
3365 0.142272
3366 0.18204
3367 0.1294
3368 0.142272
3369 0.196992
3370 0.083352
3372 0.21888
3373 0.175104
3374 0.121592
3375 0.131328
3376 0.186048
3377 0.196992
3378 0.145432
3379 0.175104
3380 0.216952
3381 0.16416
3382 0.175104
3384 0.130744
3385 0.229824
3386 0.186048
3387 0.124248
3388 0.229824
3389 0.13712
3390 0.186048
3391 0.153216
3392 0.065664
3394 0.116456
3395 0.120384
3396 0.10944
3397 0.120384
3398 0.10944
3399 0.065664
3400 0.055768
3401 0.065664
3402 0.076608
3403 0.10944
3405 0.065664
3406 0.087552
3407 0.087552
3408 0.087552
3409 0.104248
3410 0.076608
3411 0.098496
3413 0.076608
3414 0.065664
3415 0.10944
3416 0.050664
3417 0.131328
3418 0.196992
3419 0.175104
3420 0.14156
3421 0.16416
3422 0.131328
3424 0.128648
3425 0.196992
3426 0.196992
3427 0.148384
3428 0.098496
3430 0.120384
3431 0.131328
3432 0.087552
3434 0.07164
3435 0.065664
3441 0.021888
3442 0.445776
3443 0.098496
3444 0.10944
3445 0.098496
3446 0.098496
3447 0.076608
3448 0.05472
3449 0.054056
3450 0.087552
3451 0.098496
3452 0.098496
3453 0.098496
3454 0.098496
3455 0.076816
3456 0.098496
3458 0.098496
3459 0.098496
3460 0.10944
3461 0.095432
3462 0.120384
3463 0.10944
3464 0.098496
3465 0.10944
3466 0.071352
3467 0.10944
3468 0.098496
3469 0.120384
3470 0.087552
3472 0.063472
3473 0.10944
3474 0.10944
3475 0.10944
3476 0.098496
3481 0.088912
3482 0.10944
3483 0.120384
3484 0.076608
3485 0.098496
3486 0.082328
3487 0.087552
3488 0.131328
3489 0.120384
3490 0.142208
3492 0.085616
3493 0.131328
3494 0.153216
3495 0.16416
3496 0.089144
3497 0.175104
3498 0.16416
3499 0.16416
3500 0.142272
3501 0.098864
3502 0.16416
3503 0.16416
3504 0.153216
3505 0.096168
3506 0.142272
3507 0.142272
3509 0.120384
3510 0.186048
3511 0.111184
3513 0.153216
3514 0.175104
3515 0.21888
3516 0.120016
3518 0.196992
3519 0.2736
3520 0.196992
3521 0.175104
3522 0.106072
3523 0.196992
3524 0.21888
3525 0.186048
3526 0.142272
3527 0.171488
3528 0.175104
3529 0.229824
3530 0.207936
3531 0.190112
3532 0.21888
3533 0.229824
3534 0.21888
3535 0.148496
3536 0.229824
3537 0.18652
3538 0.21888
3540 0.198984
3541 0.21888
3542 0.207936
3543 0.156856
3544 0.21888
3545 0.156112
3546 0.196992
3547 0.16828
3548 0.186048
3549 0.203352
3550 0.229824
3551 0.229824
3552 0.15352
3553 0.229824
3554 0.175104
3556 0.167976
3557 0.175104
3558 0.186048
3559 0.175104
3560 0.186048
3561 0.083032
3562 0.175104
3563 0.175104
3564 0.153216
3565 0.105696
3566 0.207936
3567 0.16416
3568 0.262656
3570 0.161136
3571 0.16416
3572 0.196992
3573 0.196992
3574 0.124016
3575 0.175104
3576 0.207936
3577 0.16416
3578 0.1174
3579 0.207936
3580 0.21888
3581 0.21888
3582 0.145272
3583 0.229824
3585 0.1848
3586 0.153216
3587 0.175104
3588 0.196992
3589 0.066448
3590 0.142272
3591 0.153216
3592 0.142272
3593 0.142272
3594 0.043888
3595 0.076608
3596 0.098496
3598 0.076608
3599 0.076608
3600 0.087552
3601 0.076608
3602 0.076608
3603 0.065664
3605 0.032416
3606 0.043776
3608 0.032832
3621 0.021888
3622 0.021888
3623 0.021888
3624 0.032832
3625 0.032832
3627 0.032832
3628 0.043776
3629 0.032832
3630 0.043776
3631 0.032832
3633 0.032832
3634 0.032832
3635 0.043776
3636 0.030632
3637 0.120384
3638 0.153216
3639 0.120384
3641 0.12216
3642 0.16416
3643 0.186048
3644 0.160752
3645 0.153216
3646 0.16416
3648 0.183816
3649 0.229824
3650 0.196992
3651 0.1608
3652 0.21888
3657 0.076608
3658 0.22488
3659 0.63424
3661 0.188592
3662 0.480272
3663 0.905696
3664 1.33432
3665 1.544624
3666 1.734824
3667 1.486616
3668 1.233448
3669 0.638296
3670 0.32832
3671 0.288224
3672 0.481536
3673 0.426816
3674 0.847216
3675 1.122344
3676 1.50696
3677 1.34576
3678 1.552072
3679 1.519984
3680 0.854488
3681 0.689472
3683 0.740384
3684 0.8208
3685 0.876152
3686 0.612864
3687 1.068768
3688 0.623808
3689 0.987224
3690 1.006848
3691 0.529704
3692 0.798912
3694 0.949376
3695 0.809856
3696 0.627896
3697 0.708728
3698 1.044416
3699 1.332552
3700 0.956368
3701 0.97048
3702 1.15164
3703 1.34876
3704 0.921608
3705 1.140384
3706 0.575384
3707 0.448704
3708 0.887112
3709 0.689472
3710 0.49008
3711 1.059216
3712 0.963072
3713 0.630184
3714 1.674432
3715 0.244104
3716 1.181952
3717 0.9772
3718 0.744192
3719 0.940928
3720 0.448704
3721 1.029136
3722 1.225728
3723 0.63644
3724 1.612712
3725 0.693648
3726 1.400832
3727 0.548816
3728 1.004752
3729 0.65664
3730 0.481648
3731 0.973568
3733 0.656248
3734 0.525312
3735 0.968376
3736 0.722304
3737 0.553032
3738 1.012712
3739 0.941184
3740 0.635216
3741 0.60192
3742 0.27284
3743 0.514368
3745 1.229736
3746 1.0944
3747 0.447584
3749 0.905016
3750 0.787968
3753 0.274696
3754 0.470592
3758 0.466192
3759 0.317376
3760 0.161336
3761 1.105304
3762 1.641456
3763 1.523816
3765 0.741888
3766 0.5472
3767 0.388264
3768 0.689472
3770 0.470456
3771 0.22588
3772 0.394032
3773 0.426816
3774 0.068248
3775 0.339264
3815 0.087592
3816 0.021888
3818 0.043776
3819 0.021888
3823 0.098496
3825 0.043776
3826 0.021888
3827 0.065664
3828 0.065664
3829 0.021888
3831 0.021888
3832 0.05472
3833 0.042816
3842 0.010944
3844 0.010944
3845 0.076608
3846 0.142272
3847 0.05472
3848 0.043776
3850 0.043776
3851 0.043776
3852 0.043776
3853 0.043776
3855 0.047952
3856 0.043776
3858 0.032832
3859 0.043776
3860 0.043776
3861 0.043776
3862 0.043776
3863 0.043776
3864 0.043776
3866 0.043776
3867 0.043776
3868 0.043776
3869 0.043776
3870 0.043776
3872 0.038976
3873 0.043776
3874 0.043776
3875 0.043776
3876 0.05472
3877 0.043776
3878 0.043776
3879 0.043776
3881 0.043776
3882 0.043776
3883 0.043776
3884 0.043776
3885 0.043776
3887 0.042464
3888 0.043776
3889 0.043776
3890 0.043776
3891 0.043776
3892 0.043776
3893 0.043776
3894 0.043776
3895 0.043776
3896 0.043776
3897 0.043776
3899 0.043776
3900 0.042872
3901 0.009008
3902 0.043776
3903 0.043776
3904 0.032832
3905 0.043776
3906 0.043776
3907 0.043776
3909 0.043776
3910 0.043776
3911 0.043776
3912 0.043776
3913 0.043776
3915 0.043776
3918 0.043736
3919 0.076608
3920 0.120384
3921 0.10944
3922 0.10944
3923 0.10944
3924 0.067904
3925 0.087552
3931 0.021888
3932 0.186048
3933 1.004008
3934 1.44668
3935 1.700888
3936 1.514216
3937 0.960344
3938 1.109592
3939 0.464328
3941 0.2736
3942 0.382144
3943 0.470592
3944 0.172608
3945 0.554048
3946 0.306432
3947 0.231056
3948 0.32832
3949 0.262616
3950 0.513184
3951 0.51256
3952 0.32832
3953 0.173832
3955 0.21888
3956 0.120384
3957 0.153216
3958 0.184976
3959 0.142272
3960 0.153216
3961 0.120384
3962 0.079288
3963 0.043776
3965 0.10944
3966 0.098496
3967 0.065664
3968 0.076608
3969 0.087552
4007 0.010944
4010 0.032088
4011 0.021888
4012 0.065664
4014 0.043776
4015 0.076608
4017 0.043776
4018 0.098496
4019 0.087552
4020 0.10944
4021 0.062952
4022 0.098496
4023 0.098496
4024 0.098496
4025 0.087552
4026 0.087552
4028 0.087552
4029 0.065072
4030 0.098496
4031 0.098496
4032 0.098496
4033 0.098496
4034 0.098496
4035 0.063584
4040 0.15296
4041 0.406728
4042 0.10944
4043 0.10944
4044 0.10944
4045 0.10944
4046 0.10944
4047 0.074704
4048 0.10944
4049 0.10944
4050 0.10944
4051 0.10944
4052 0.10944
4053 0.10944
4055 0.10944
4056 0.120384
4057 0.10944
4058 0.090352
4059 0.10944
4060 0.10944
4061 0.10944
4062 0.120384
4063 0.098496
4064 0.10944
4065 0.10944
4066 0.10944
4067 0.07244
4068 0.120384
4069 0.10944
4070 0.10944
4071 0.10944
4072 0.076608
4074 0.081376
4075 0.10944
4076 0.10944
4077 0.10944
4078 0.076608
4079 0.042776
4080 0.087552
4081 0.076608
4082 0.076608
4083 0.10944
4084 0.10944
4086 0.075232
4087 0.10944
4088 0.10944
4089 0.10944
4090 0.10944
4091 0.10944
4092 0.10944
4093 0.078664
4094 0.10944
4095 0.10944
4096 0.120384
4097 0.10944
4098 0.10944
4099 0.077152
4100 0.10944
4101 0.120384
4102 0.10944
4103 0.120384
4104 0.077024
4105 0.120384
4107 0.120384
4108 0.098496
4109 0.10944
4110 0.075248
4111 0.120384
4112 0.120384
4113 0.10944
4114 0.10944
4115 0.10944
4116 0.10944
4117 0.0612
4118 0.087552
4119 0.120384
4120 0.065664
4121 0.065664
4122 0.065664
4123 0.087552
4124 0.061504
4125 0.10944
4126 0.120384
4128 0.10944
4129 0.131328
4130 0.10944
4131 0.10944
4133 0.09248
4134 0.120384
4135 0.120384
4136 0.10944
4137 0.10944
4138 0.120384
4139 0.10944
4140 0.066336
4149 0.087552
4150 0.05472
4155 0.032832
4156 0.53216
4158 0.175104
4159 0.087552
4160 0.087552
4161 0.10944
4162 0.087552
4163 0.10944
4165 0.099896
4166 0.098496
4167 0.098496
4168 0.098496
4169 0.098496
4170 0.120384
4171 0.087552
4172 0.087552
4173 0.087552
4174 0.03088
4175 0.087552
4177 0.076608
4178 0.098496
4179 0.098496
4180 0.076608
4181 0.058216
4182 0.05472
4184 0.05472
4185 0.065664
4196 0.021888
4197 0.010944
4198 0.043776
4200 0.05472
4201 0.032832
4202 0.030256
4204 0.05472
4205 0.05472
4206 0.032832
4207 0.087552
4208 0.05472
4210 0.065664
4211 0.065664
4212 0.035848
4213 0.065664
4214 0.05472
4215 0.05472
4216 0.087552
4220 0.163904
4221 0.060712
4222 0.05472
4223 0.076608
4225 0.065664
4226 0.065664
4231 0.142016
4232 0.051832
4233 0.032832
4234 0.032832
4235 0.043776
4236 0.05472
4238 0.043776
4239 0.043776
4240 0.043776
4241 0.032832
4242 0.05472
4244 0.05472
4245 0.05276
4246 0.065664
4247 0.05472
4248 0.065664
4249 0.043776
4250 0.05472
4251 0.065664
4252 0.05472
4254 0.10224
4256 0.009008
4257 0.021888
4258 0.032832
4260 0.043776
4261 0.032832
4262 0.043776
4263 0.043776
4264 0.043776
4266 0.05472
4267 0.032832
4268 0.05472
4269 0.043776
4270 0.043776
4272 0.043776
4274 0.032808
4276 0.032832
4277 0.021888
4278 0.043776
4279 0.032832
4281 0.043776
4282 0.043776
4283 0.043776
4284 0.043776
4286 0.043776
4287 0.043776
4288 0.032832
4289 0.032832
4291 0.043776
4293 0.029856
4303 0.032832
4304 0.032832
4306 0.032832
4307 0.032832
4308 0.032832
4309 0.05472
4311 0.032832
4312 0.043776
4313 0.021888
4315 0.010944
4317 0.021888
4358 0.043776
4369 0.032832
4370 0.043776
4372 0.060528
4373 0.05472
4374 0.087552
4376 0.065664
4377 0.065664
4378 0.065664
4379 0.05472
4380 0.043776
4381 0.043776
4382 0.040528
4383 0.05472
4384 0.076608
4385 0.076608
4386 0.076608
4387 0.076608
4389 0.076608
4390 0.098496
4391 0.043736
4392 0.120384
4393 0.120384
4394 0.16416
4396 0.119008
4397 0.120384
4398 0.087552
4399 0.087552
4400 0.076608
4401 0.120384
4402 0.055368
4403 0.043776
4405 0.076608
4406 0.098496
4407 0.098496
4408 0.098496
4409 0.081336
4410 0.131328
4411 0.10944
4412 0.076608
4413 0.087552
4414 0.120384
4415 0.092072
4416 0.120384
4417 0.05472
4418 0.065664
4419 0.076608
4421 0.065664
4422 0.058328
4423 0.065664
4424 0.087552
4426 0.043776
4427 0.010944
4428 0.142272
4429 0.096232
4430 0.063728
4432 0.076608
4434 0.010944
4435 0.065664
4436 0.098496
4437 0.087552
4438 0.120384
4439 0.047584
4440 0.120384
4441 0.098496
4442 0.076608
4443 0.076608
4445 0.065664
4446 0.076608
4451 0.043776
4457 0.010944
4459 0.014792
4461 0.05472
4462 0.032832
4464 0.05472
4465 0.032832
4466 0.05472
4468 0.032832
4469 0.05472
4470 0.043776
4471 0.043776
4473 0.032832
4474 0.027888
4475 0.043776
4476 0.043776
4477 0.043776
4478 0.032832
4480 0.043776
4481 0.05472
4482 0.087552
4483 0.10944
4484 0.053376
4485 0.098496
4486 0.076608
4488 0.010944
4489 0.021888
4490 0.10944
4492 0.113976
4493 0.087552
4494 0.098496
4495 0.065664
4496 0.098496
4497 0.087296
4498 0.05472
4499 0.098496
4501 0.076608
4502 0.098496
4503 0.021888
4505 0.07816
4506 0.043776
4507 0.098496
4509 0.021888
4510 0.087552
4521 0.043776
4533 0.065664
4534 0.032832
4538 0.049984
4539 0.076608
4540 0.065664
4542 0.087552
4543 0.076608
4544 0.076608
4546 0.070576
4547 0.009016
4565 0.021888
4566 0.098496
4567 0.10944
4568 0.131328
4569 0.101808
4570 0.120384
4571 0.131328
4573 0.131328
4574 0.140456
4575 0.142272
4576 0.131328
4577 0.098496
4578 0.16416
4579 0.097152
4580 0.142272
4581 0.131328
4583 0.125152
4584 0.131328
4585 0.131328
4586 0.142272
4587 0.088336
4588 0.131328
4589 0.142272
4590 0.131328
4591 0.098496
4592 0.049928
4593 0.04184
4595 0.065664
4596 0.05472
4604 0.021888
4605 0.021888
4607 0.065664
4608 0.120384
4609 0.120384
4610 0.075376
4611 0.10944
4612 0.196992
4613 0.120384
4615 0.11236
4616 0.153216
4617 0.142272
4618 0.171984
4619 0.107512
4620 0.175104
4621 0.153216
4622 0.107
4623 0.16416
4624 0.153216
4625 0.153216
4627 0.105016
4628 0.175104
4629 0.196992
4630 0.132176
4631 0.16416
4632 0.175104
4633 0.175104
4634 0.10792
4635 0.16416
4636 0.175104
4637 0.159768
4638 0.175104
4639 0.186048
4641 0.165584
4642 0.153216
4643 0.16416
4644 0.144208
4645 0.196992
4646 0.175104
4647 0.097432
4649 0.196992
4650 0.16416
4651 0.124936
4652 0.16416
4653 0.16416
4654 0.090448
4655 0.175104
4656 0.175104
4657 0.156776
4658 0.085616
4659 0.186048
4660 0.131328
4662 0.153496
4663 0.120384
4664 0.142272
4665 0.142272
4666 0.13264
4667 0.10944
4668 0.142272
4669 0.120384
4671 0.104568
4672 0.087552
4673 0.076608
4674 0.120384
4675 0.120384
4676 0.068368
4677 0.131328
4678 0.153216
4679 0.06904
4680 0.142272
4681 0.153216
4682 0.131328
4683 0.092872
4684 0.142272
4685 0.131328
4686 0.131328
4688 0.15088
4689 0.153216
4690 0.153216
4691 0.174528
4692 0.09656
4693 0.21888
4694 0.186048
4695 0.131072
4696 0.251712
4697 0.141448
4698 0.207936
4699 0.172672
4700 0.196992
4702 0.198232
4703 0.21888
4704 0.18492
4705 0.21888
4706 0.16416
4707 0.10072
4708 0.175104
4709 0.196992
4711 0.058656
4712 0.153216
4714 0.218624
4715 0.171936
4716 0.076608
4717 0.10944
4718 0.076608
4719 0.087552
4720 0.085536
4722 0.052784
4723 0.065664
4724 0.10944
4725 0.10944
4726 0.076608
4727 0.087552
4728 0.058104
4729 0.076608
4731 0.087552
4732 0.087552
4733 0.065664
4734 0.065664
4735 0.065664
4737 0.059128
4738 0.087552
4739 0.098496
4740 0.076608
4741 0.05472
4742 0.087552
4744 0.032776
4746 0.05472
4747 0.032832
4748 0.032832
4749 0.021888
4752 0.010944
4753 0.05472
4754 0.010944
4759 0.05472
4761 0.010944
4763 0.19436
4764 0.098496
4765 0.120384
4766 0.087552
4767 0.120384
4768 0.10944
4769 0.059608
4770 0.120384
4771 0.10944
4772 0.087552
4773 0.153216
4775 0.070112
4776 0.10944
4777 0.098496
4778 0.16416
4779 0.153216
4780 0.079984
4781 0.131328
4782 0.120384
4783 0.10944
4785 0.124864
4786 0.120384
4787 0.120384
4788 0.120384
4789 0.131328
4790 0.080728
4791 0.087552
4792 0.10944
4793 0.076608
4795 0.10944
4796 0.10944
4797 0.062
4798 0.098496
4799 0.10944
4800 0.076608
4801 0.098496
4803 0.098496
4804 0.069512
4805 0.087552
4806 0.076608
4807 0.120384
4808 0.098496
4809 0.065664
4819 0.047832
4824 0.163904
4825 0.398496
4826 0.076608
4827 0.087552
4828 0.05472
4829 0.05472
4831 0.076608
4832 0.076608
4833 0.097704
4834 0.142272
4835 0.131328
4836 0.153216
4837 0.077928
4838 0.175104
4839 0.142272
4841 0.138472
4842 0.10944
4843 0.076608
4844 0.065664
4845 0.032832
4848 0.043776
4849 0.087552
4851 0.024328
4852 0.043776
4855 0.032832
4856 0.065664
4857 0.153216
4858 0.087552
4860 0.077992
4861 0.120384
4862 0.098496
4863 0.16416
4864 0.093648
4865 0.16416
4866 0.10944
4867 0.10944
4869 0.071688
4870 0.065664
4872 0.05472
4873 0.065664
4874 0.065664
4875 0.065664
4876 0.043776
4877 0.065664
4879 0.06524
4880 0.076608
4881 0.10944
4882 0.153216
4883 0.16416
4884 0.146344
4885 0.175104
4886 0.175104
4887 0.182472
4889 0.142272
4890 0.229824
4891 0.153216
4892 0.107416
4893 0.10944
4894 0.087552
4895 0.05472
4896 0.098496
4898 0.076608
4899 0.142272
4900 0.087552
4901 0.05184
4904 0.019952
4913 0.010944
4914 0.032832
4915 0.043776
4917 0.076608
4918 0.076608
4919 0.065664
4921 0.05472
4922 0.065664
4923 0.087552
4924 0.05472
4926 0.092616
4927 0.05472
4928 0.120384
4929 0.05472
4930 0.10944
4931 0.087552
4932 0.032832
4934 0.076608
4936 0.032832
4945 0.013576
4947 0.009008
4949 0.010944
4962 0.010944
4964 0.032832
4980 0.05472
4981 0.032832
4983 0.087552
4984 0.043776
4985 0.05472
4986 0.043776
4987 0.032832
4989 0.076608
4990 0.087552
4991 0.076608
4992 0.062152
4993 0.098496
4995 0.098496
4996 0.098496
4997 0.076608
4998 0.057416
4999 0.098496
5000 0.153216
5001 0.131328
5002 0.069384
5003 0.175104
5004 0.131328
5006 0.10944
5007 0.16416
5008 0.175104
5009 0.086592
5010 0.207936
5012 0.163904
5014 0.27484
5015 0.098496
5016 0.196992
5017 0.153216
5018 0.142272
5019 0.068704
5020 0.131328
5021 0.131328
5022 0.142272
5023 0.098496
5025 0.102736
5026 0.131328
5027 0.120384
5028 0.186048
5029 0.142272
5030 0.1104
5031 0.186048
5032 0.175104
5033 0.21888
5034 0.092064
5035 0.21888
5037 0.229824
5038 0.183808
5039 0.21888
5052 0.10944
5053 0.120384
5055 0.142272
5056 0.133112
5059 1.575616
5060 1.915528
5061 2.125536
5062 1.942048
5063 2.253904
5064 2.10632
5066 2.563704
5067 2.592976
5068 3.156232
5069 3.395536
5070 3.1546
5071 3.360976
5072 2.84724
5073 2.017368
5074 1.707264
5075 1.39816
5076 2.369032
5077 1.974848
5079 2.116552
5080 3.654184
5081 3.082736
5082 3.31988
5083 2.852528
5084 2.947968
5085 3.25564
5086 2.36036
5087 1.707264
5088 3.026752
5089 3.4522
5090 3.282376
5091 2.930144
5092 2.823136
5093 2.338272
5094 3.0096
5095 1.41456
5096 2.615616
5097 1.407328
5098 2.1888
5099 1.141456
5100 0.798912
5101 1.597824
5102 1.527392
5103 0.479592
5104 1.466496
5105 0.504224
5106 0.919296
5107 0.87552
5109 0.827872
5110 1.3312
5111 1.217656
5112 0.558144
5113 1.202328
5114 1.359656
5115 0.621072
5116 1.412296
5117 1.389888
5118 0.12748
5119 1.58688
5120 0.53856
5121 1.028736
5122 0.694216
5123 0.65664
5125 0.120384
5126 0.803184
5127 1.122816
5128 0.744192
5129 0.593072
5130 1.223376
5131 1.405024
5132 1.024472
5133 1.488384
5134 1.306024
5135 1.01308
5136 1.028736
5137 0.921024
5138 1.017792
5139 0.526936
5140 1.708648
5141 1.160064
5142 0.838776
5143 1.301032
5144 0.961728
5145 1.12264
5147 0.978056
5148 1.198112
5149 0.963072
5150 0.93892
5151 1.0674
5152 1.03968
5153 0.829688
5154 1.31876
5155 1.009792
5156 1.160064
5157 1.280944
5158 0.842688
5159 1.269504
5160 0.54208
5161 1.685376
5162 0.659536
5163 0.733248
5164 0.773488
5165 0.5472
5166 0.733248
5167 0.363152
5168 0.645696
5170 0.464464
5171 0.317376
5172 1.150176
5173 0.831744
5174 0.430472
5175 0.306432
5176 0.262656
5177 0.032832
5178 0.459648
5179 0.22696
5181 0.065664
5182 0.120384
5183 0.284544
5184 0.404928
5185 0.279712
5186 0.536256
5187 0.957072
5188 1.503584
5189 1.162128
5190 0.744512
5191 1.068152
5192 1.226
5193 0.886464
5194 0.855928
5195 0.73624
5196 0.6072
5197 0.678528
5198 0.119536
5199 0.569088
5201 1.140152
5202 0.419024
5203 0.38304
5204 0.729176
5205 1.367504
5206 0.831744
5207 0.111296
5208 0.87552
5209 1.030024
5210 0.65664
5211 0.47424
5212 1.125192
5213 0.941184
5214 1.132616
5215 0.36856
5216 1.124944
5217 0.923584
5218 1.040472
5220 1.015832
5221 1.53216
5222 0.479784
5223 0.777024
5224 0.612864
5225 0.735336
5226 1.575936
5227 0.393288
5228 1.20384
5229 1.496872
5230 1.295696
5231 0.723112
5232 1.171008
5233 1.068616
5234 1.002544
5235 1.14912
5236 0.466808
5237 1.507544
5238 0.787968
5239 0.793448
5240 0.952128
5241 1.088904
5242 0.470592
5243 1.156256
5244 1.515288
5245 1.817368
5246 0.449304
5247 2.3894
5249 1.909744
5250 1.882752
5251 1.171008
5252 1.724672
5253 0.943432
5254 2.272264
5255 2.482784
5256 1.52752
5257 2.218888
5258 1.852528
5259 1.269504
5260 1.368
5261 0.296696
5262 1.794816
5263 2.243608
5264 0.759248
5265 0.404928
5266 0.536256
5267 0.700416
5268 0.359296
5269 0.590976
5270 0.10944
5272 1.161536
5273 0.536256
5274 0.448704
5275 0.404928
5276 0.125296
5277 0.339264
5278 0.481536
5279 0.525312
5280 0.391344
5281 0.481536
5282 0.49248
5283 0.229824
5284 0.016544
5285 0.120384
5286 0.404928
5287 0.32832
5288 0.372096
5289 0.136352
5290 0.251712
5291 0.284544
5292 0.608
5293 0.721064
5295 0.730624
5296 0.251712
5297 0.223032
5298 0.207936
5299 0.250376
5300 0.350208
5301 0.145504
5302 0.448704
5303 0.411536
5304 0.663712
5305 0.240584
5306 0.478776
5307 0.699416
5308 0.539288
5309 0.583792
5310 0.820136
5311 0.722832
5312 0.924944
5314 0.804024
5315 0.372896
5316 0.77228
5317 0.569088
5318 1.022704
5319 0.251232
5320 0.926552
5321 0.458712
5322 0.699056
5323 1.315048
5324 0.718384
5325 0.977464
5326 0.742208
5327 0.863552
5328 0.908352
5330 1.017744
5331 0.971832
5332 0.120384
5333 1.950184
5334 1.529664
5335 2.159592
5336 1.589584
5337 0.675376
5338 1.050624
5339 0.850088
5340 0.695264
5341 0.700416
5342 1.028384
5344 0.97428
5345 1.25856
5346 0.376096
5347 0.32832
5348 1.76636
5349 2.659952
5350 3.1656
5351 3.699224
5352 3.142304
5353 3.212464
5354 3.088232
5355 0.915928
5356 1.116288
5357 1.192896
5358 0.974016
5359 0.191432
5360 0.733248
5361 0.787968
5362 0.71136
5363 0.470592
5364 0.639352
5365 0.941184
5366 1.146032
5367 0.2736
5368 0.514368
5369 0.580032
5370 0.350208
5372 0.190992
5373 0.21888
5374 0.120384
5376 0.240768
5377 0.186048
5378 0.131328
5380 0.142272
5381 0.032832
5386 0.021888
5389 0.043776
5394 0.074504
5396 0.065664
5397 0.076608
5398 0.142272
5408 0.010944
5413 0.010944
5414 0.021888
5417 0.05472
5418 0.05472
5420 0.021888
5425 0.016536
5426 0.041848
5427 0.306432
5428 0.130352
5429 0.153216
5430 0.076608
5431 0.10944
5433 0.043776
5434 0.010944
5450 0.010944
5497 0.017936
5498 0.065664
5499 0.098496
5500 0.10944
5501 0.076608
5502 0.099504
5503 0.175104
5504 0.131328
5506 0.175104
5507 0.16416
5508 0.125088
5509 0.16416
5510 0.175104
5511 0.186048
5512 0.131328
5513 0.125656
5514 0.207936
5516 0.175104
5517 0.175104
5518 0.186048
5519 0.091744
5520 0.153216
5521 0.196992
5522 0.142
5523 0.07468
5524 0.186048
5525 0.120384
5527 0.143496
5528 0.207936
5529 0.153216
5530 0.175104
5531 0.149544
5532 0.175104
5533 0.175104
5534 0.072072
5535 0.207936
5537 0.153216
5538 0.131328
5539 0.041256
5540 0.10944
5541 0.087552
5542 0.142272
5543 0.076608
5544 0.093304
5545 0.009016
5547 0.142272
5548 0.16416
5549 0.16416
5550 0.12032
5551 0.207936
5552 0.175104
5553 0.159344
5554 0.175104
5555 0.186048
5556 0.132272
5557 0.186048
5558 0.196992
5559 0.131608
5560 0.175104
5561 0.186048
5562 0.196992
5563 0.13472
5564 0.196992
5565 0.196992
5566 0.12632
5567 0.175104
5569 0.186048
5570 0.16416
5571 0.132816
5572 0.186048
5573 0.142272
5574 0.175104
5575 0.114672
5576 0.196992
5577 0.142272
5578 0.16416
5579 0.093824
5580 0.16416
5581 0.175104
5582 0.16416
5583 0.128168
5584 0.142272
5585 0.16416
5586 0.142272
5587 0.107928
5589 0.142272
5590 0.153216
5591 0.16416
5592 0.10372
5593 0.16416
5594 0.153216
5595 0.142272
5596 0.098496
5597 0.093336
5599 0.120384
5600 0.131328
5601 0.142272
5602 0.116088
5603 0.142272
5604 0.120384
5605 0.131328
5606 0.131328
5607 0.108576
5608 0.120384
5609 0.142272
5610 0.153216
5612 0.14428
5613 0.074672
5614 0.120384
5615 0.120384
5616 0.120384
5617 0.120384
5618 0.05472
5619 0.068064
5620 0.10944
5622 0.131328
5623 0.131328
5624 0.131328
5625 0.076608
5626 0.067688
5627 0.131328
5628 0.10944
5629 0.120384
5630 0.087552
5632 0.06132
5633 0.076608
5634 0.087552
5635 0.021888
5637 0.098496
5638 0.098496
5639 0.05472
5640 0.098496
5641 0.021624
5642 0.065664
5643 0.10944
5644 0.05472
5645 0.065664
5646 0.087552
5648 0.098496
5649 0.040072
5650 0.065664
5651 0.05472
5652 0.098496
5653 0.076608
5655 0.065664
5656 0.087552
5657 0.05472
5659 0.031608
5661 0.05472
5662 0.043776
5664 0.043776
5665 0.043776
5666 0.032832
5668 0.021888
5670 0.05472
5674 0.032832
5675 0.043776
5676 0.076608
5677 0.065664
5680 0.077184
5681 0.05472
5682 0.087552
5683 0.076608
5684 0.076608
5686 0.065664
5687 0.076608
5688 0.076608
5689 0.076608
5690 0.054216
5691 0.076608
5692 0.087552
5693 0.076608
5694 0.076608
5696 0.076608
5697 0.065664
5698 0.076608
5699 0.054176
5700 0.076608
5701 0.076608
5702 0.076608
5703 0.076608
5704 0.076608
5705 0.076608
5706 0.046728
5707 0.076608
5708 0.076608
5709 0.076608
5710 0.076608
5711 0.076608
5712 0.049552
5713 0.076608
5715 0.087552
5716 0.076608
5717 0.076608
5718 0.076608
5719 0.04952
5720 0.076608
5721 0.076608
5722 0.087552
5723 0.076608
5724 0.076608
5725 0.076608
5726 0.076608
5727 0.052312
5728 0.076608
5729 0.120384
5730 0.21888
5731 0.130248
5732 0.229824
5733 0.21888
5735 0.145856
5736 0.207936
5737 0.207936
5738 0.250952
5739 0.21888
5740 0.21888
5742 0.21004
5743 0.186048
5744 0.240768
5745 0.196992
5746 0.162136
5747 0.21888
5748 0.21888
5749 0.21888
5750 0.126608
5751 0.21888
5752 0.196992
5753 0.212184
5754 0.118448
5756 0.229824
5757 0.207936
5758 0.1772
5759 0.153216
5760 0.142272
5761 0.186048
5762 0.186048
5764 0.095408
5765 0.175104
5766 0.153216
5767 0.124136
5768 0.142272
5769 0.186048
5770 0.182504
5771 0.118456
5772 0.186048
5773 0.186048
5775 0.11688
5776 0.196992
5777 0.186048
5778 0.16416
5779 0.116888
5780 0.175104
5781 0.16416
5782 0.207936
5783 0.117168
5784 0.175104
5785 0.186048
5787 0.196992
5788 0.10772
5789 0.207936
5790 0.186048
5791 0.229824
5793 0.193032
5794 0.196992
5795 0.16416
5796 0.175104
5797 0.137112
5798 0.186048
5799 0.196992
5800 0.1196
5801 0.175104
5802 0.16416
5803 0.096368
5804 0.175104
5805 0.175104
5807 0.14128
5808 0.16416
5809 0.142272
5810 0.175104
5811 0.079064
5812 0.16416
5813 0.186048
5814 0.102288
5815 0.142272
5816 0.186048
5817 0.161768
5818 0.153216
5820 0.175104
5821 0.16416
5822 0.090776
5823 0.16416
5824 0.120384
5825 0.10944
5826 0.089408
5827 0.131328
5828 0.142272
5829 0.153216
5830 0.06884
5831 0.120384
5832 0.142272
5834 0.10944
5835 0.134272
5836 0.076608
5837 0.131328
5838 0.098496
5840 0.142272
5841 0.105544
5842 0.142272
5843 0.131328
5844 0.131328
5845 0.073408
5846 0.142272
5847 0.131328
5848 0.153216
5849 0.068672
5851 0.098496
5852 0.098496
5853 0.10944
5854 0.10236
5855 0.098496
5856 0.131328
5857 0.10944
5858 0.131328
5859 0.10944
5861 0.10944
5862 0.098496
5863 0.065664
5864 0.048392
5865 0.10944
5866 0.076608
5867 0.065664
5868 0.076608
5869 0.076608
5870 0.076608
5880 0.043776
5881 0.05472
5882 0.043776
5883 0.043776
5885 0.043776
5886 0.035976
5890 0.009008
5891 0.043776
5893 0.010944
5894 0.032832
5895 0.021888
5897 0.032832
5898 0.032832
5900 0.032832
5901 0.043776
5903 0.032832
5904 0.043776
5905 0.043776
5906 0.043776
5907 0.032832
5911 0.142016
5912 0.082192
5914 0.010944
5915 0.076608
5916 0.021888
5917 0.120384
5918 0.087552
5919 0.098496
5920 0.10944
5922 0.054888
5923 0.087552
5924 0.076608
5925 0.05472
5926 0.087552
5927 0.087552
5928 0.065664
5930 0.076608
5931 0.076608
5932 0.087552
5933 0.070048
5934 0.043776
5935 0.087552
5936 0.065664
5937 0.05472
5939 0.043776
5940 0.032832
5941 0.076608
5943 0.010944
5944 0.032832
5945 0.025048
5946 0.076608
5947 0.065664
5948 0.098496
5950 0.032832
5951 0.021888
5952 0.065664
5954 0.032832
5955 0.010944
5962 0.050752
5963 0.065664
5964 0.10944
5965 0.043776
5967 0.05472
5968 0.141408
5969 0.093096
5970 0.175104
5971 0.087552
5972 0.098496
5974 0.166424
5975 0.131328
5977 0.098496
5978 0.120384
5979 0.120384
5980 0.0598
5981 0.142272
5982 0.16416
5983 0.138816
5984 0.142272
5985 0.142272
5988 0.218624
5989 0.055544
5990 0.120384
5991 0.10944
5992 0.098496
5993 0.106144
5994 0.153216
5995 0.131328
5997 0.159816
5998 0.142272
5999 0.175104
6000 0.086792
6001 0.05472
6002 0.153216
6004 0.12756
6005 0.131328
6006 0.098496
6007 0.098496
6008 0.101088
6009 0.120384
6010 0.120384
6011 0.131328
6012 0.074872
6013 0.098496
6015 0.120384
6016 0.098496
6017 0.098496
6018 0.076608
6019 0.022152
6020 0.098496
6021 0.10944
6022 0.10944
6023 0.10944
6024 0.10944
6026 0.09968
6027 0.131328
6028 0.142272
6029 0.16416
6030 0.10992
6031 0.142272
6032 0.153216
6034 0.175104
6035 0.1076
6036 0.142272
6037 0.142272
6038 0.153216
6039 0.14284
6040 0.074672
6041 0.131328
6042 0.120384
6043 0.186048
6044 0.125768
6045 0.087552
6047 0.120384
6048 0.120384
6049 0.120384
6050 0.05472
6051 0.05472
6052 0.041864
6054 0.032832
6055 0.065664
6065 0.021888
6066 0.691648
6067 1.310264
6068 1.05864
6069 1.369592
6071 1.388696
6072 1.3398
6073 0.9582
6074 1.056528
6075 1.545344
6076 1.959096
6077 2.144752
6078 1.988016
6079 2.177752
6080 1.585808
6081 0.463992
6082 1.515816
6083 0.777024
6084 0.95732
6085 1.658696
6086 1.962152
6087 1.024112
6088 1.214496
6089 1.604448
6090 0.95296
6092 0.361152
6093 1.00132
6094 0.788048
6095 0.426816
6096 1.335168
6097 0.365528
6098 0.995904
6099 0.551896
6100 0.448704
6101 1.010704
6102 0.404928
6103 0.5472
6104 0.426816
6105 1.088208
6106 1.536456
6108 1.28776
6109 1.767976
6110 1.457352
6111 1.333568
6112 1.529976
6113 1.790352
6114 1.723424
6115 1.105344
6116 1.25744
6117 1.410552
6118 0.941184
6119 1.510392
6120 1.566088
6121 2.113624
6122 2.002152
6123 2.110248
6124 1.381888
6125 1.802616
6126 1.510272
6127 1.738848
6128 1.615064
6129 2.11656
6130 2.089272
6131 1.58948
6132 2.140232
6133 2.757888
6134 1.842048
6136 1.849512
6137 1.389888
6138 1.28656
6139 1.444608
6140 0.367448
6141 1.072512
6142 0.744192
6143 1.114464
6144 0.336776
6145 1.58688
6146 1.198624
6147 1.455552
6148 0.570624
6149 1.236672
6150 1.110512
6151 0.809856
6152 0.809792
6153 1.459488
6154 1.47744
6155 0.3748
6156 1.652544
6158 1.594768
6159 1.834536
6160 2.176432
6161 2.495584
6162 2.567288
6163 2.093544
6164 0.919296
6165 0.401944
6166 1.31328
6167 1.228728
6168 1.769224
6169 2.101248
6170 1.128784
6171 2.637504
6172 0.748768
6173 2.648448
6174 1.645872
6175 2.551032
6177 2.512656
6178 2.35296
6179 0.663112
6180 1.564992
6181 0.809472
6182 1.761984
6183 0.154184
6184 0.722304
6185 1.362144
6186 1.510272
6187 0.384688
6188 3.075408
6189 3.337456
6190 3.2916
6191 3.590944
6192 2.859472
6193 2.168256
6194 0.558144
6195 1.9152
6196 2.936288
6197 3.976528
6198 2.661192
6199 2.103728
6201 3.4006
6202 4.142208
6203 4.316568
6204 4.104
6205 2.001712
6206 3.272256
6207 0.570664
6208 0.569088
6209 1.127232
6210 1.247616
6211 1.671336
6212 1.061568
6213 2.057472
6214 0.931576
6215 2.155968
6216 1.137024
6217 1.291392
6219 0.687112
6220 0.60192
6221 1.324224
6222 0.609568
6223 1.197936
6224 0.974016
6225 0.361152
6226 0.666816
6227 3.436416
6228 0.476112
6229 2.878272
6230 2.269576
6231 2.61048
6232 1.783872
6233 2.03592
6234 2.007744
6235 2.241256
6236 1.050624
6237 2.174936
6238 1.53216
6239 0.733248
6240 0.689472
6242 1.041448
6243 1.77224
6244 0.908576
6245 1.25048
6246 3.225656
6247 2.519776
6248 2.728816
6249 1.717504
6250 0.38304
6251 1.862336
6252 2.41384
6253 2.47788
6254 1.105344
6255 2.166912
6256 1.66968
6257 2.246688
6258 2.29824
6260 1.108288
6261 2.320128
6262 3.21684
6263 1.509472
6264 0.700416
6265 1.772928
6266 1.154232
6267 2.609752
6268 2.757888
6269 3.18456
6270 3.345088
6271 2.471944
6272 1.072512
6273 2.151856
6274 0.842688
6275 0.927512
6276 1.269504
6277 2.786936
6278 3.126272
6279 2.475888
6280 3.022016
6281 3.42308
6282 2.615616
6283 0.938312
6284 0.98496
6285 1.050624
6287 0.667584
6288 0.726912
6289 1.47744
6290 1.980864
6291 0.8192
6292 1.6416
6293 1.473568
6294 1.707264
6295 1.046448
6296 1.335168
6297 1.302336
6298 0.256768
6299 0.262656
6300 0.65664
6301 2.336808
6302 2.17752
6303 2.601304
6304 1.932896
6305 2.326424
6306 1.693896
6307 1.750152
6308 1.801856
6310 2.343984
6311 2.913768
6312 3.31404
6313 1.643912
6314 0.8208
6315 3.278736
6316 2.90016
6317 2.17852
6318 2.341264
6319 2.867328
6320 1.738248
6321 1.105344
6322 3.600576
6323 1.507408
6324 3.06432
6325 2.8228
6326 1.247616
6327 3.567744
6328 2.408928
6329 2.320128
6330 1.976536
6331 0.919296
6332 2.577872
6333 1.510272
6334 2.04932
6335 1.981336
6337 1.991808
6338 0.788144
6339 2.174904
6340 1.685376
6341 0.861296
6342 0.700416
6343 1.31328
6344 1.329984
6345 1.69632
6346 0.93732
6347 0.580032
6348 1.597824
6349 0.905928
6350 1.543104
6351 0.830848
6352 1.499328
6353 0.986736
6354 0.71136
6356 1.6308
6357 1.291392
6358 1.02276
6359 0.798912
6360 0.952128
6361 0.507184
6362 0.777024
6363 1.083456
6364 0.62452
6365 1.061568
6366 0.478616
6367 1.225728
6368 0.704544
6369 0.87552
6370 0.20476
6371 0.98496
6372 0.791144
6373 1.028736
6374 0.401248
6375 1.171008
6376 0.383344
6377 0.974016
6378 0.488424
6379 1.133392
6380 0.733248
6381 0.25028
6382 1.394296
6383 1.46052
6384 0.557824
6385 0.966752
6386 1.679672
6387 0.913888
6388 0.89808
6389 0.883328
6390 1.18796
6392 0.637344
6393 1.167064
6394 1.002448
6395 1.03968
6396 0.590496
6397 0.470592
6398 0.558144
6399 0.229824
6400 0.207936
6401 0.317376
6402 0.065664
6403 0.334464
6405 0.131328
6406 0.262656
6408 0.229824
6409 0.244136
6411 0.306432
6412 1.045272
6413 1.386984
6414 1.08228
6415 1.208912
6416 1.866208
6418 1.499072
6419 1.817432
6420 1.473448
6421 2.101464
6422 1.394616
6423 1.127232
6424 1.611624
6425 2.03656
6426 2.04896
6427 1.787728
6428 1.32632
6429 2.163632
6430 2.194968
6431 1.94652
6432 2.587744
6433 2.714112
6434 1.64556
6435 1.720952
6436 2.429568
6437 1.066736
6438 1.575936
6439 0.032832
6440 0.831744
6441 0.636224
6442 1.160064
6444 1.2288
6445 1.400832
6446 0.698192
6447 1.893312
6448 1.179792
6449 1.55048
6450 1.47744
6451 0.456944
6452 2.111256
6453 1.608768
6454 0.609504
6455 2.14812
6456 1.0944
6457 0.843744
6458 1.91728
6459 1.42272
6460 0.688584
6461 2.396736
6462 1.037136
6463 0.875008
6464 1.409768
6465 1.575936
6466 0.27932
6467 1.181952
6468 1.091752
6469 0.809856
6470 1.325104
6471 1.58688
6473 0.494752
6474 1.017792
6475 0.854344
6476 2.199744
6477 1.170568
6478 1.354968
6479 0.459648
6480 2.182104
6481 2.736
6482 1.006616
6483 1.71372
6484 2.659392
6485 1.326448
6486 2.63788
6487 1.6326
6488 2.447424
6489 1.761984
6491 0.832272
6492 2.648448
6493 1.184184
6494 2.107936
6495 0.569088
6496 2.495232
6497 1.962984
6498 1.236032
6499 2.593728
6500 0.385264
6501 2.265408
6502 2.239096
6503 1.970432
6504 2.075232
6505 2.062544
6506 2.575736
6507 0.813832
6508 2.68856
6509 2.298896
6510 1.45804
6511 1.718208
6512 1.224664
6513 1.357056
6514 0.524016
6515 1.400832
6516 1.052088
6517 1.171008
6519 0.673392
6520 1.335168
6521 0.771816
6522 0.831744
6523 1.105344
6524 0.787968
6525 0.590848
6526 0.787968
6527 0.71136
6528 0.514368
6529 0.536256
6530 0.27628
6531 0.470592
6532 0.941184
6533 0.374568
6534 0.2736
6535 0.645696
6536 0.350208
6538 0.43596
6539 0.2736
6540 0.481536
6541 0.627408
6542 0.798912
6543 0.604912
6544 0.558144
6545 0.678528
6546 0.312968
6547 0.43776
6548 0.514368
6549 0.20136
6550 0.525312
6551 0.369736
6553 0.508376
6554 0.475168
6555 0.493776
6556 0.525312
6557 0.131264
6558 0.415872
6559 0.158016
6560 0.175104
6561 0.284544
6562 0.135208
6564 0.470592
6565 0.639816
6566 0.586864
6567 0.393984
6568 0.529032
6569 0.33196
6570 0.503424
6571 0.25592
6573 0.498064
6574 0.350208
6575 0.20604
6576 0.384592
6577 0.494336
6578 0.575104
6579 0.593256
6580 0.5438
6581 0.415616
6582 0.448704
6583 0.554112
6584 0.578656
6585 0.388448
6586 0.39176
6587 0.426816
6588 0.192768
6590 0.314648
6591 0.558824
6592 0.426816
6593 0.297032
6594 0.443472
6595 0.284544
6596 0.244496
6597 0.131328
6599 0.175104
6600 0.185048
6601 0.098496
6602 0.142272
6603 0.348368
6604 0.288584
6605 0.54964
6606 0.634752
6607 0.148776
6608 0.175104
6610 0.010944
6611 0.076608
6613 0.049152
6614 0.032832
6616 0.043776
6620 0.021888
6621 0.087552
6622 0.120384
6623 0.151352
6624 0.196992
6625 0.240768
6626 0.162728
6627 0.32832
6628 0.422696
6630 0.405136
6631 0.430656
6632 0.575576
6633 0.431544
6634 0.244992
6635 0.525312
6636 0.314784
6637 0.691424
6638 0.250328
6639 0.91464
6640 0.55208
6641 0.910712
6642 1.028752
6643 0.915128
6644 0.815736
6645 1.061568
6646 0.286928
6647 0.536256
6648 0.65664
6649 0.379032
6650 1.127232
6651 0.560104
6652 1.017704
6653 0.93024
6654 0.100928
6655 0.590976
6656 0.569952
6657 0.426816
6658 0.481536
6659 0.4246
6661 0.5472
6662 0.558144
6663 0.201832
6664 0.49248
6665 0.60192
6666 0.14584
6667 0.63428
6668 0.525312
6669 0.668592
6670 0.5886
6671 0.54996
6672 0.295488
6673 0.3216
6674 0.38304
6675 0.241576
6677 0.196992
6678 0.3336
6679 0.295488
6680 0.165968
6681 0.350208
6682 0.203584
6683 0.350208
6684 0.263248
6685 0.415872
6686 0.206504
6687 0.131328
6688 0.153216
6689 0.295488
6690 0.297344
6692 0.240768
6693 0.173352
6694 0.306432
6695 0.348016
6696 0.306432
6697 0.275048
6698 0.32832
6699 0.331872
6700 0.265464
6701 0.407104
6702 0.551744
6703 0.326928
6704 0.295488
6706 0.20744
6707 0.05472
6708 0.065664
6710 0.16416
6711 0.240768
6712 0.0824
6714 0.065664
6717 0.05472
6719 0.032832
6720 0.05472
6721 0.032832
6723 0.065664
6724 0.120384
6726 0.153632
6727 0.021888
6728 0.153216
6729 0.087552
6731 0.120384
6732 0.223896
6733 0.009008
6791 0.021888
6792 0.032832
6794 0.010944
6795 0.021888
6796 0.010944
6797 0.05472
6799 0.032832
6800 0.043776
6801 0.032832
6802 0.065664
6804 0.043776
6805 0.065664
6864 0.131072
6866 0.119664
6867 0.05472
6868 0.076608
6870 0.05472
6871 0.05472
6872 0.043776
6873 0.032832
6875 0.010944
6881 0.043776
6882 0.043776
6883 0.043776
6884 0.021888
6886 0.032832
6887 0.032832
6888 0.043776
6890 0.021888
6891 0.032832
6902 0.021888
6903 0.010944
6905 0.021888
6906 0.010944
6907 0.076608
6909 0.021888
6910 0.043776
6911 0.021888
6912 0.010944
6913 0.021888
6914 0.010944
6920 0.025784
6921 0.043776
6923 0.010944
6924 0.043776
6925 0.043776
6927 0.032832
6928 0.043776
6929 0.021888
6930 0.032832
6932 0.032832
6936 0.032832
6938 0.032832
6939 0.021888
6940 0.032832
6942 0.032832
6944 0.05472
6945 0.043776
6947 0.032832
6949 0.043776
6950 0.021888
6952 0.010944
6954 0.021888
6955 0.035432
6958 0.009008
6959 0.021888
6962 0.032832
6963 0.010944
6965 0.021888
6967 0.021888
6968 0.021888
6969 0.010944
6970 0.032832
6971 0.010944
6973 0.032832
6974 0.021888
6976 0.043776
6977 0.032832
6979 0.021888
6980 0.032832
6981 0.021888
6982 0.05472
6984 0.021888
6985 0.032832
6986 0.021888
6988 0.032024
6994 0.009008
6995 0.021888
6996 0.021888
6998 0.010944
6999 0.032832
7000 0.032832
7002 0.032832
7003 0.032832
7004 0.032832
7005 0.032832
7007 0.043776
7008 0.043776
7009 0.021888
7010 0.032832
7011 0.032832
7012 0.032832
7013 0.043776
7014 0.05472
7016 0.032832
7017 0.02164
7018 0.065664
7019 0.05472
7021 0.087552
7022 0.065664
7023 0.065664
7024 0.065664
7026 0.043776
7027 0.032832
7028 0.043776
7030 0.043808
7031 0.05472
7032 0.076608
7033 0.05472
7035 0.065664
7036 0.05472
7037 0.043776
7038 0.05472
7039 0.065664
7040 0.076608
7042 0.031688
7051 0.15296
7052 0.3262
7053 0.021888
7054 0.043776
7055 0.032832
7056 0.021888
7057 0.043776
7058 0.043776
7060 0.032832
7061 0.065664
7062 0.032832
7063 0.032832
7064 0.032832
7065 0.05472
7067 0.043776
7068 0.043776
7069 0.05472
7070 0.053
7072 0.009016
7074 0.05472
7075 0.032832
7077 0.043776
7079 0.021888
7081 0.021888
7082 0.032832
7084 0.043776
7085 0.032832
7087 0.032832
7088 0.032832
7090 0.021888
7091 0.032832
7092 0.032832
7094 0.021888
7097 0.034056
7099 0.05472
7100 0.05472
7101 0.05472
7102 0.05472
7103 0.05472
7104 0.043776
7106 0.087552
7107 0.070456
7108 0.098496
7110 0.087552
7111 0.065664
7112 0.087552
7113 0.087552
7114 0.047272
7115 0.098496
7116 0.087552
7117 0.076608
7118 0.05472
7120 0.05472
7121 0.097512
7122 0.030904
7123 0.087552
7125 0.065664
7127 0.043776
7129 0.043776
7130 0.010944
7132 0.021888
7133 0.021888
7134 0.032832
7135 0.021888
7137 0.032832
7139 0.021888
7141 0.021888
7142 0.021888
7144 0.019344
7154 0.009016
7156 0.010944
7158 0.010944
7159 0.010944
7161 0.021888
7162 0.021888
7164 0.032832
7165 0.010944
7168 0.021888
7169 0.032832
7170 0.032832
7171 0.021888
7172 0.05472
7174 0.032832
7175 0.043776
7176 0.043776
7178 0.031984
7179 0.043776
7180 0.043776
7181 0.032832
7184 0.043776
7188 0.021888
7192 0.021888
7194 0.087552
7195 0.021888
7196 0.010944
7198 0.010944
7199 0.021888
7200 0.032832
7201 0.021888
7202 0.026344
7204 0.05472
7205 0.05472
7206 0.032832
7207 0.043776
7209 0.043776
7210 0.043776
7211 0.010944
7212 0.010944
7213 0.043776
7214 0.021888
7216 0.032832
7217 0.032832
7220 0.02048
7229 0.021888
7230 0.065664
7231 0.065664
7232 0.05472
7234 0.087552
7235 0.076608
7236 0.05472
7238 0.042472
7240 0.043776
7241 0.043776
7242 0.05472
7244 0.043776
7245 0.032832
7246 0.043776
7247 0.032832
7248 0.043776
7250 0.05472
7251 0.043776
7253 0.043776
7254 0.02016
7255 0.032832
7257 0.032832
7258 0.065664
7259 0.05472
7260 0.05472
7261 0.05472
7263 0.05472
7267 0.15296
7269 0.032768
7270 0.065664
7271 0.065664
7273 0.05472
7274 0.043776
7275 0.032832
7276 0.021888
7277 0.032832
7278 0.05472
7279 0.032832
7280 0.043776
7282 0.032832
7283 0.076608
7284 0.020208
7286 0.05472
7287 0.065664
7288 0.032832
7289 0.010944
7291 0.032832
7292 0.065664
7293 0.05472
7294 0.05472
7295 0.065664
7297 0.076608
7298 0.07492
7299 0.04184
7300 0.076608
7301 0.021888
7302 0.098496
7303 0.043776
7305 0.05472
7306 0.05472
7307 0.05472
7309 0.043776
7310 0.05472
7311 0.043776
7312 0.035104
7313 0.076608
7314 0.065664
7316 0.065664
7317 0.065664
7318 0.05472
7319 0.065664
7320 0.05472
7321 0.010944
7323 0.076608
7324 0.032832
7325 0.021888
7326 0.01564
7327 0.043776
7328 0.043776
7329 0.032832
7331 0.05472
7332 0.032832
7333 0.05472
7334 0.043776
7336 0.021888
7337 0.032832
7338 0.021888
7339 0.032832
7340 0.065664
7341 0.043776
7345 0.029248
7346 0.05472
7347 0.065664
7348 0.098496
7350 0.076608
7351 0.098496
7352 0.10944
7353 0.055224
7354 0.153216
7355 0.098496
7356 0.131328
7357 0.0928
7358 0.10944
7359 0.065664
7360 0.076608
7361 0.043776
7363 0.076608
7364 0.076608
7366 0.05556
7368 0.043776
7369 0.010944
7371 0.043776
7372 0.032832
7373 0.021888
7375 0.043776
7377 0.032832
7378 0.021888
7379 0.021888
7381 0.021888
7382 0.032832
7384 0.021888
7386 0.010944
7389 0.032832
7390 0.010944
7392 0.010944
7397 0.010944
7398 0.010944
