0 1.806984
1 1.590736
2 1.407232
3 1.187632
4 1.471344
5 0.902936
6 1.391
7 1.913104
8 1.184008
9 1.243696
10 1.15136
11 1.681152
12 1.372368
13 1.827216
14 1.407472
15 0.908352
16 1.69496
17 1.908856
18 1.86432
19 0.959088
20 1.937088
22 1.566288
23 1.859768
24 1.961008
25 2.089728
26 1.970384
27 1.962432
28 1.966416
29 2.199496
30 1.9152
31 1.043064
32 1.028736
33 1.072864
34 1.480352
35 1.663488
36 1.276856
37 1.469424
38 2.13408
39 1.473056
40 1.198056
41 1.273912
42 1.171008
43 1.07388
44 1.137632
45 0.864576
46 0.60192
47 0.443296
48 0.777024
50 0.908352
51 0.404928
52 0.333008
53 0.60192
54 0.98928
55 1.13352
56 1.239824
57 1.809808
58 1.361096
59 1.147176
60 1.137376
61 1.081872
62 1.001008
63 1.13016
64 1.382128
65 1.685376
66 1.318408
67 1.180848
68 1.47744
69 1.267216
70 1.315856
71 1.822504
72 1.772928
73 1.432544
74 1.524776
75 1.365672
76 1.663488
77 1.364136
78 1.541632
79 1.545152
81 2.112192
82 1.389912
83 1.305464
84 1.619712
85 1.586352
86 1.750424
87 1.478512
88 1.794816
89 1.48032
90 1.42348
91 1.543104
92 1.254056
93 1.488384
94 1.293864
95 1.521216
96 1.242136
97 1.113456
98 1.400832
99 1.005384
100 1.302336
101 0.895336
102 1.192896
103 0.918208
104 1.20384
105 0.868872
106 1.20384
107 0.948064
108 1.25116
109 1.269504
110 0.554008
111 1.204888
112 1.203184
113 1.127232
114 0.747664
115 1.03968
116 0.846152
117 0.93124
118 1.061568
119 1.116288
120 0.986944
121 1.554048
122 1.103096
123 0.898416
124 1.105344
125 0.974152
126 0.974288
127 1.050624
128 0.75684
129 1.214784
130 0.894896
131 1.247616
132 0.931656
133 1.116288
135 0.592728
136 0.897408
137 0.829432
138 0.995792
139 1.369192
140 1.160064
141 0.969216
142 1.521216
143 1.000952
144 1.072512
145 0.953912
146 1.072512
147 1.192896
148 0.85728
149 0.963072
150 0.548408
151 0.908352
152 0.684144
153 0.694288
154 0.503424
155 0.251712
156 0.10944
157 1.384368
158 1.227768
159 1.251064
160 1.322032
161 1.319952
162 1.383352
163 1.637816
164 1.510224
165 1.150344
166 1.494016
167 1.400688
168 1.740672
170 1.990344
171 2.044256
172 2.046528
173 1.529008
174 1.545328
175 1.506304
176 1.740096
177 1.26188
178 1.176544
179 1.444608
180 1.079696
181 1.0944
182 0.733248
183 0.131072
184 1.10004
185 0.612864
186 0.952128
187 0.725744
188 0.49248
189 0.361152
190 0.306432
192 0.142272
193 0.558144
194 1.077672
195 0.784512
196 0.933544
197 0.60192
198 0.582768
199 0.426816
200 0.167064
201 0.87552
202 0.543352
204 0.623552
205 0.947408
206 0.831744
207 0.894232
208 1.25536
209 0.852952
210 0.932552
211 0.776752
213 0.757576
214 0.678528
215 0.576952
216 0.842688
217 0.574104
218 0.755136
219 0.561416
220 0.76608
221 0.364176
222 0.5472
223 0.536256
224 0.50524
225 0.481536
226 0.729392
227 0.733248
228 0.689472
229 0.267496
230 0.339264
233 0.37184
234 0.8756
235 0.510784
236 0.324272
237 0.295488
239 0.21888
240 0.179512
241 0.153216
242 0.087552
244 0.087552
246 0.104232
247 0.184112
248 0.401008
249 0.514368
250 0.54524
251 0.615584
252 0.5958
253 0.591152
254 0.647704
255 0.425144
256 0.604328
257 0.506072
258 0.415872
259 0.266304
260 0.349744
261 0.32832
262 0.549144
264 0.536256
265 0.246968
266 0.251712
267 0.48476
268 0.543816
270 0.517704
271 0.229824
272 0.207936
273 0.148592
274 0.153216
275 0.242784
276 0.085624
277 0.284544
278 0.152752
279 0.240768
280 0.295488
282 0.224448
283 0.409088
284 0.43776
285 0.24412
286 0.350208
287 0.284544
288 0.301872
289 0.41032
290 0.387136
291 0.441368
292 0.463808
293 0.508512
294 0.42328
296 0.48544
297 0.175104
298 0.175104
299 0.172976
300 0.350208
301 0.374784
302 0.491616
303 0.486536
304 0.441128
305 0.549696
306 0.499928
307 0.431208
308 0.519704
309 0.43596
310 0.44208
311 0.61704
312 0.66912
314 0.6846
315 0.674992
316 0.670408
317 0.74096
318 0.640552
319 0.402944
320 0.733248
321 0.727176
322 0.470592
325 0.131072
326 1.11848
327 0.459648
328 0.259176
329 0.350208
330 0.334184
331 0.32832
332 0.229824
333 0.24604
334 0.358416
335 0.468448
337 0.460768
338 0.295232
339 0.37156
340 0.305256
342 0.18412
343 0.284544
344 0.266312
345 0.258784
346 0.361152
347 0.238776
348 0.332728
349 0.295488
350 0.195528
351 0.240768
352 0.175104
353 0.262656
354 0.137864
355 0.240768
356 0.207936
357 0.16416
358 0.08548
359 0.142272
360 0.207936
362 0.153216
363 0.075672
364 0.284544
365 0.26512
366 0.32832
367 0.213552
368 0.306432
369 0.25436
370 0.339264
371 0.22844
372 0.361152
373 0.294208
374 0.393984
375 0.249928
377 0.339264
378 0.3274
379 0.49248
380 0.390536
381 0.357024
382 0.284544
383 0.293056
384 0.284544
385 0.142272
386 0.125224
387 0.249784
388 0.253104
389 0.457408
391 0.505656
392 0.498472
393 0.483704
394 0.507824
395 0.861664
396 0.9188
397 1.16088
398 1.12576
399 1.287056
400 1.347728
401 1.051304
402 1.202472
403 1.342072
404 1.241648
405 1.674432
406 1.374104
407 1.275224
408 1.341744
409 1.342456
410 1.630656
412 1.635784
413 2.177856
414 1.748216
415 1.639976
416 1.366448
417 1.302496
418 1.358152
419 1.45488
420 1.457272
421 1.40656
422 1.444032
423 1.289888
424 1.514928
425 1.786936
426 1.519272
427 1.427752
428 1.793592
429 1.74104
430 1.584568
431 1.68808
432 1.710928
433 2.385792
434 1.971936
435 1.80576
436 1.707264
437 1.508408
438 1.685376
439 1.554048
440 1.190056
441 1.548824
442 1.707264
443 1.17892
444 1.236672
445 1.017792
446 0.71612
447 0.612864
448 0.700416
449 1.123256
450 1.138176
452 1.30284
453 1.254144
454 1.3184
455 1.47744
456 1.149704
457 1.58688
458 1.280736
459 1.597824
460 1.21844
461 1.331112
462 1.411776
463 1.267504
464 1.466464
465 1.521216
466 1.113648
467 1.389832
468 1.357056
471 0.526312
472 1.14912
473 1.287944
474 1.318568
475 1.393872
476 1.453232
477 1.40956
478 1.97728
479 1.588536
480 1.902936
481 2.47144
482 1.694376
483 1.789792
484 1.770336
485 1.960992
486 2.309184
487 1.770288
488 1.882896
489 1.893312
490 1.441632
491 1.514048
492 2.221632
493 1.714008
494 1.565488
495 1.67656
497 2.13408
498 1.7218
499 1.6974
500 1.76392
501 1.893312
502 1.35464
503 1.560968
504 1.926144
505 1.438024
506 1.685376
507 1.729152
508 1.16776
509 1.258936
510 0.525312
511 0.317376
512 0.864576
513 0.85876
514 0.942544
515 0.963072
516 0.73864
517 1.31328
518 0.68532
520 0.426816
521 0.646648
522 0.777024
523 0.175104
524 0.274504
525 0.350208
526 0.558144
527 0.315048
528 0.326376
529 0.5472
530 0.60872
531 0.906736
532 1.117656
533 1.21412
534 1.254752
535 1.156936
536 1.37652
537 1.14508
538 1.3164
539 0.990368
540 1.189256
541 0.639976
542 0.49248
543 0.639088
544 1.399776
545 0.71136
546 0.416152
547 0.558144
548 0.58764
549 0.569088
550 1.200888
551 0.295488
553 0.372096
554 0.339264
555 0.426816
556 0.645576
557 0.229824
558 0.196992
560 0.131072
561 0.539736
562 0.186048
563 0.175104
564 0.21856
565 0.350208
566 0.36024
567 0.372096
568 0.165112
569 0.59444
570 0.570112
571 0.779344
573 0.67832
574 0.481536
575 0.412824
576 0.387264
577 0.56592
578 0.603888
579 0.75604
580 0.251712
581 0.272592
582 0.295488
583 0.292408
584 0.317376
585 0.098496
586 0.388408
587 0.82148
588 0.805192
589 1.071496
590 1.106136
591 1.467104
592 0.976496
593 1.185448
594 0.71136
595 0.478904
605 1.083456
606 0.240352
607 0.518552
608 0.615472
609 1.021424
610 1.515056
611 1.718096
612 2.54556
613 2.208648
614 1.793056
615 2.024744
616 1.654184
617 1.958976
618 1.60356
619 2.18228
620 2.843728
621 3.165856
622 2.938656
623 2.723368
624 2.853928
625 3.333048
626 3.27436
627 3.201864
628 3.333752
629 3.240664
631 3.041352
632 2.67152
633 2.38984
634 2.188296
635 2.736
636 1.765768
637 2.935224
638 3.742848
639 2.6754
640 3.170128
641 3.458304
642 3.433208
643 3.32364
644 0.16416
645 6.375656
646 4.085936
647 3.296528
648 4.97952
649 3.99504
650 4.117472
651 4.244
652 4.323016
653 3.217536
654 2.797424
655 2.81836
656 3.17376
657 3.22888
658 3.510888
659 3.415672
660 3.521512
661 4.32288
663 0.393312
664 6.209144
665 1.940752
666 1.990512
667 2.287296
668 2.014808
669 2.297184
670 2.092912
671 2.736
672 1.988496
673 1.564992
674 1.00056
675 0.470592
676 0.339264
677 0.306432
679 0.175104
680 0.076608
681 1.14912
682 1.362584
683 1.668328
684 1.740096
685 1.772928
686 1.002864
687 1.335168
688 1.543104
689 1.410768
690 1.769464
691 1.485984
692 1.649072
693 0.93024
695 0.886464
696 0.42024
697 0.612864
698 0.60192
699 0.38304
700 0.350208
701 0.339264
702 0.27476
703 0.580032
705 0.131072
706 1.601776
707 0.7726
708 1.186544
709 0.5472
711 0.306432
714 0.411232
715 0.415872
716 0.339264
718 0.286576
719 0.426816
720 0.161608
721 0.284544
722 0.257272
723 0.317376
724 0.170992
726 0.524112
727 0.769896
728 0.80684
729 0.677512
730 0.404928
731 0.24872
732 0.21888
733 0.097648
734 0.411704
735 0.842752
736 0.716736
737 0.979088
738 0.656672
739 0.961504
740 0.82828
741 1.123328
742 0.678528
743 0.393984
745 0.219336
746 0.120384
747 0.065664
748 0.2736
749 0.10944
751 0.240768
752 0.207936
753 0.1584
754 0.142272
755 0.16416
756 0.196992
757 0.195952
758 0.251712
759 0.153216
760 0.156568
761 0.131328
762 0.445136
763 0.251712
765 0.162152
766 0.240768
767 0.350208
768 0.319464
769 0.240768
770 0.1678
771 0.393984
772 0.399496
773 0.82876
774 0.817728
775 0.763928
776 0.865688
777 1.006392
778 1.000096
779 1.46592
780 1.52716
782 1.575816
783 1.423352
784 1.963264
785 1.389888
786 1.443992
787 1.432664
788 2.115144
789 2.243688
790 2.539736
791 2.879872
792 2.72252
793 2.267424
794 2.153448
795 2.396736
796 1.640232
797 2.01736
798 2.312784
799 3.108096
800 1.864872
801 1.936088
802 2.012408
803 1.987608
804 2.68128
805 1.698136
806 1.368
807 1.041656
808 1.14912
809 1.072512
810 0.85372
811 1.42272
812 1.211344
813 1.017792
814 1.214784
815 1.1828
816 1.42272
817 1.156568
818 1.0944
819 0.995904
820 0.780096
821 1.138176
822 1.030568
823 1.455552
824 1.29184
825 1.117632
826 1.411776
827 1.031088
828 0.908352
829 0.550616
830 0.853632
831 1.202328
832 1.595472
833 2.303056
835 2.919536
836 2.371704
837 2.082016
838 2.119992
839 2.305888
840 2.035584
841 1.974928
842 2.549952
843 2.29824
844 1.889528
845 2.199744
846 1.691288
847 1.652544
848 1.156776
849 1.357056
850 1.253568
851 2.363904
852 3.32692
853 2.825704
854 3.77568
855 3.144856
856 3.106792
857 3.137544
858 2.92936
859 3.052144
860 3.015696
861 3.25216
862 3.409936
863 3.565464
864 3.863232
865 3.243664
866 3.218496
867 3.579312
868 3.193672
869 3.102112
870 2.129632
871 2.155968
872 1.772584
873 2.057472
874 1.591632
875 2.12328
876 1.904256
877 1.37496
878 1.171008
879 1.302336
880 0.721496
881 0.98496
882 1.247616
883 1.108432
884 1.335168
885 1.368
886 1.043456
887 1.324224
888 1.12848
889 0.842688
890 0.755136
891 0.43776
892 0.536256
894 0.388256
895 0.65664
896 0.38304
897 0.870712
898 1.395768
899 1.374152
900 1.625832
901 1.43328
902 1.372936
903 1.215056
904 1.299176
905 1.791824
906 1.40384
907 1.570304
908 1.69632
909 1.230496
910 1.081752
911 1.236672
913 0.61212
914 0.393984
915 0.142272
916 0.448704
917 0.087552
918 1.17172
919 0.71136
920 0.448312
921 0.525312
922 0.7296
923 0.634752
924 0.612864
925 0.33636
926 0.976752
927 0.480872
928 0.733248
929 0.686144
930 0.634752
931 0.606488
932 0.963112
933 1.055704
934 0.777016
935 0.695688
936 0.678528
937 0.5472
938 0.626352
939 0.569088
940 0.56864
941 0.534312
942 0.38304
944 0.336456
945 0.689472
946 0.927336
947 0.827576
948 0.84644
949 0.8208
950 0.065664
951 0.19392
952 0.787968
953 0.43076
954 0.142272
955 0.631496
956 0.429792
957 0.229824
958 0.16416
959 0.276296
960 0.354296
961 0.440608
962 0.372096
963 0.292736
964 0.295488
966 0.258328
967 0.393984
969 0.2106
970 0.514368
971 0.50168
972 0.664296
973 0.688432
974 0.946568
975 1.002552
976 1.018736
977 1.189928
978 1.230296
979 1.115912
980 0.638032
981 0.703376
982 0.809856
983 0.629144
984 1.074552
985 1.412968
986 1.856928
987 1.979384
988 1.88792
990 2.30456
991 2.396736
992 1.973032
993 2.035184
994 1.98928
995 2.136504
996 1.87228
997 2.014568
998 1.836112
999 2.528064
1000 1.919544
1001 2.08628
1002 1.947856
1003 1.937088
1004 1.454696
1005 1.6416
1006 0.969696
1007 1.127232
1008 1.181496
1009 1.510272
1010 1.09964
1011 1.31328
1012 1.368
1013 1.24748
1014 2.155968
1015 1.648728
1016 1.772928
1017 1.487456
1018 1.546008
1019 1.571944
1020 1.968512
1021 2.210688
1022 1.958592
1023 1.61272
1024 1.083456
1025 0.985016
1026 1.160064
1027 0.52224
1028 0.700416
1029 0.558144
1030 1.176216
1031 1.0688
1032 1.718208
1033 0.322576
1034 0.43776
1035 0.798912
1036 0.722304
1037 0.668488
1038 0.809856
1039 0.864576
1040 0.427072
1041 0.689472
1042 0.448704
1043 0.481536
1045 0.284544
1046 0.196992
1047 0.973224
1048 1.85144
1049 1.012576
1050 1.32124
1051 1.276416
1052 1.326904
1053 1.357904
1054 1.136024
1055 1.015136
1056 0.801592
1057 0.974016
1058 0.905744
1059 0.93024
1060 0.301072
1061 0.525312
1062 1.20332
1063 1.272208
1064 0.612864
1066 0.360288
1067 0.05472
1068 1.214784
1069 1.212048
1070 1.358504
1071 1.40964
1072 1.451096
1073 1.181888
1074 1.332424
1075 0.871632
1076 1.236672
1077 1.44736
1078 1.241552
1079 1.529976
1080 1.466496
1081 0.972048
1082 1.466496
1083 1.084256
1084 1.554048
1085 1.057672
1086 1.279264
1087 1.455552
1088 0.986888
1089 1.297272
1090 1.69632
1091 1.321904
1092 1.3252
1093 1.18492
1095 1.469344
1096 1.522624
1097 1.545304
1098 1.401752
1099 1.411136
1100 1.427408
1101 1.740096
1102 1.499016
1103 1.414344
1104 1.399016
1105 1.346112
1106 1.278632
1107 1.404944
1108 1.2718
1109 1.280392
1110 1.33968
1111 1.652544
1112 1.182928
1113 1.318376
1114 1.663488
1115 1.42104
1116 1.675704
1117 2.090304
1118 1.680664
1119 1.913496
1120 2.177856
1121 1.871136
1122 2.199744
1123 1.629072
1124 1.9152
1125 1.225424
1126 1.685376
1127 1.079992
1128 1.904256
1129 1.460016
1130 1.926144
1131 1.353032
1132 1.827648
1133 1.400288
1134 1.455552
1135 1.418592
1136 1.619712
1137 1.2592
1138 1.378944
1139 1.186896
1140 1.25856
1141 1.151784
1143 1.498328
1144 1.674432
1145 1.323568
1146 1.398152
1147 1.499328
1148 1.855712
1149 1.425792
1150 0.76608
1151 0.777024
1153 0.131072
1154 1.949888
1155 1.499328
1156 1.441568
1157 1.564992
1158 1.42132
1159 1.597496
1160 1.674432
1161 1.173264
1162 1.69632
1163 1.34076
1164 1.740096
1165 1.556584
1166 1.695592
1167 2.20492
1168 2.363448
1169 1.980864
1170 1.608768
1171 1.294016
1172 1.86048
1173 1.723944
1174 1.937088
1175 1.871424
1179 1.133416
1180 5.501656
1181 1.404824
1182 1.597824
1183 1.0562
1184 1.564992
1185 1.340912
1186 1.261952
1187 1.53216
1188 1.254384
1189 1.565312
1190 1.518136
1191 1.568456
1192 1.61344
1193 1.53216
1194 1.376144
1195 1.56472
1196 1.729328
1197 1.970352
1198 1.728144
1199 2.177856
1200 1.85432
1201 2.035584
1202 1.533456
1203 2.090304
1204 1.653344
1205 1.652544
1206 1.410232
1207 1.761984
1208 1.461096
1209 1.761984
1210 1.665752
1211 1.991808
1212 1.510272
1213 1.12592
1214 1.466496
1215 1.106552
1216 1.499328
1217 1.444608
1218 1.115288
1219 1.357056
1221 1.166312
1222 1.24772
1223 2.155968
1224 1.813536
1225 1.95028
1226 1.442664
1227 1.521216
1228 1.213696
1229 1.289576
1230 1.20384
1231 0.941184
1232 1.182136
1233 1.444608
1234 1.158864
1235 1.19812
1236 0.92656
1237 1.499328
1238 0.606744
1239 0.667584
1240 0.755136
1241 0.8208
1244 0.131072
1245 0.82704
1246 0.251712
1247 0.16416
1248 0.262656
1249 0.229824
1250 0.142272
1251 0.21888
1252 0.175104
1253 0.558144
1254 0.161592
1255 0.678528
1255 0.065664
