0 0.063728
1 0.362416
2 0.525312
3 1.3922
4 1.870104
5 0.93432
7 0.776632
8 1.373144
9 0.893688
10 0.975136
11 0.797168
12 1.415824
13 1.036792
14 1.52068
15 1.339744
16 0.77408
17 0.860104
18 0.734192
19 0.81468
21 0.91528
22 0.613528
23 0.413344
24 0.544272
25 0.576912
26 0.582096
27 0.55104
28 0.525312
29 0.398584
30 0.395872
31 0.350208
32 0.230208
33 0.251712
34 0.180504
35 0.251712
36 0.196992
37 0.273432
38 0.958592
39 1.130384
40 1.082632
41 1.195896
42 1.21204
43 1.0184
44 1.036488
45 1.09656
47 0.669504
48 1.023112
49 0.579976
50 0.583952
51 0.462024
52 0.489432
53 0.445488
54 0.687824
55 0.614736
56 0.75396
57 0.361152
58 0.333016
59 0.240768
60 0.204584
61 0.612368
63 0.5908
64 0.632416
65 0.836128
66 0.788248
67 0.350208
68 0.404824
69 0.668096
70 0.415872
71 0.247312
72 0.153216
73 0.065664
74 0.229824
75 0.431576
76 0.916912
77 1.15568
78 0.72332
79 1.082736
80 0.64092
81 0.68392
82 0.751552
83 1.015744
84 0.91736
85 0.794792
86 0.891976
87 0.968224
88 0.728008
89 0.415864
90 0.695544
91 0.958264
92 0.84988
93 0.820856
94 0.638416
95 0.821496
96 1.207304
98 1.07324
99 0.655384
100 0.393984
101 0.285944
102 0.902216
103 1.024832
104 0.939512
105 0.732256
106 0.921672
107 0.72512
108 0.700904
109 0.621824
110 0.615672
111 0.508848
112 0.434936
113 0.242008
114 0.142272
115 0.244952
116 0.317376
117 0.240768
118 0.218352
120 0.317376
121 0.328248
122 0.29272
123 0.317376
124 0.21888
125 0.232328
126 0.39748
127 0.459648
128 0.303104
129 0.333864
130 0.548944
131 0.664488
132 0.558144
133 0.518576
134 0.57932
135 0.435264
136 0.284544
137 0.323448
138 0.2736
140 0.232128
141 0.426816
142 0.514368
143 0.551616
144 0.698192
145 0.590976
146 0.371016
147 0.415872
148 0.273552
149 0.372096
150 0.282352
151 0.448704
152 0.591344
153 0.410744
154 0.459648
155 0.31596
156 0.38304
157 0.346624
158 0.306432
159 0.34616
160 0.42028
161 0.953944
162 0.576136
164 0.582752
165 0.57436
166 0.656192
167 0.711536
168 0.713368
169 0.526048
170 0.823448
171 0.80256
172 0.554072
173 0.443312
174 0.60192
175 0.509624
176 0.451928
177 0.697032
178 0.8414
179 0.864664
180 0.672688
181 0.726464
182 0.561496
183 0.415872
184 0.295488
185 0.203376
187 0.10944
188 0.16416
189 0.399376
190 0.59868
191 0.781184
192 0.647248
193 0.583936
194 0.413744
195 0.900096
196 0.584168
197 0.835112
198 0.589976
199 0.961856
201 1.140696
202 0.72648
203 0.898944
204 0.815928
205 0.685936
206 0.21076
207 0.423584
208 0.957928
209 1.143448
210 1.446024
211 1.010776
212 1.020328
213 0.929216
214 0.992008
215 0.897192
216 0.932656
217 1.21332
218 0.901872
220 1.052152
221 1.20116
222 1.1574
223 1.32152
224 1.415144
225 1.357536
226 1.062952
227 1.37616
228 0.975504
229 1.269008
230 1.346928
231 1.004448
232 1.193432
233 1.137152
234 1.260056
235 1.156944
236 1.258416
237 1.26492
238 1.08492
240 1.019184
241 0.937936
242 0.924968
243 0.550576
244 0.847536
245 0.790168
246 0.97296
247 0.77044
248 0.908688
249 0.899528
250 0.60592
251 0.726608
252 0.6544
253 0.46308
254 0.534024
255 0.43972
256 0.468688
257 0.486256
258 0.678528
259 0.396032
260 0.616496
261 0.640816
262 0.568968
263 0.234656
266 0.306432
267 0.774832
268 0.582688
269 0.946592
270 0.929912
271 0.881136
272 0.977216
273 1.083112
274 1.441568
275 1.093648
276 1.05348
277 1.23148
278 1.00764
279 0.714352
280 0.856784
282 0.469912
283 0.66336
284 0.644112
285 0.426608
286 0.667568
287 0.618624
288 0.738664
289 0.646544
290 0.459872
291 0.795176
292 0.742464
293 0.784928
294 0.792888
295 0.740944
296 0.65928
297 0.82228
298 0.637552
300 0.886672
301 0.885624
302 0.922736
303 0.996896
304 0.904792
305 0.73788
306 0.949
307 0.753904
308 0.865528
309 0.901896
310 0.965392
311 0.601712
313 0.927192
314 0.789024
315 0.74616
316 0.38304
317 0.362056
318 0.666576
319 0.631672
320 0.5854
321 0.49316
322 0.53536
323 0.72948
324 0.38304
325 0.403912
326 0.747472
327 0.774552
328 0.666432
329 0.486888
330 0.892504
331 0.614
332 0.579416
333 0.693656
334 0.710464
335 0.740384
336 0.769728
337 0.614
338 0.512408
339 0.696936
340 0.793304
341 0.691504
342 0.546664
343 0.721392
344 0.617768
345 0.690312
346 0.571784
348 0.470592
349 0.45716
350 0.555216
351 0.626072
352 0.479856
353 0.511128
360 0.009016
361 0.682288
362 0.785368
363 0.2736
364 0.175104
365 0.190288
366 0.251712
367 0.350208
369 0.18296
370 0.175104
371 0.415872
372 0.403576
373 0.283152
374 0.260984
375 0.295488
376 0.272024
377 0.251712
378 0.175912
379 0.186048
380 0.158304
381 0.131328
382 0.21888
383 0.24532
384 0.872112
385 0.711872
386 0.514368
387 0.100344
388 0.320144
390 0.462656
391 0.459648
392 0.409464
393 0.536256
394 0.340128
395 0.361152
396 0.372096
397 0.321576
398 0.43776
399 0.35468
400 0.328176
401 0.372096
402 0.302
403 0.38304
404 0.30736
405 0.38304
406 0.234688
407 0.324856
408 0.372096
409 0.336608
410 0.374312
411 0.443472
412 0.506896
413 0.602008
414 0.657008
416 0.625328
417 0.620032
418 0.5684
419 0.602056
420 0.579472
421 0.612192
422 0.63724
423 0.65676
424 0.687264
425 0.131072
426 0.97572
427 0.641888
428 0.610352
429 0.67304
430 0.674904
431 0.734808
432 0.64984
433 0.676504
434 0.677728
435 0.66124
436 0.759048
437 0.664272
438 0.478984
440 0.476152
441 0.543088
442 0.578832
443 0.317376
444 0.076608
445 0.157032
446 0.295488
447 0.25964
448 0.415872
449 0.538224
450 0.620824
451 0.434768
452 0.272752
453 0.269432
454 0.317376
455 0.339328
456 0.425736
457 0.477048
458 0.2736
459 0.234896
460 0.361152
461 0.210616
462 0.175104
463 0.153216
465 0.10944
466 0.095848
467 0.153216
468 0.392416
469 0.70252
470 0.563528
471 0.58768
472 0.44644
473 0.590976
474 0.440248
475 0.458608
476 0.484888
477 0.488912
478 0.56708
479 0.801
480 0.4414
481 0.612864
482 0.399496
483 0.489496
484 0.209384
485 0.38304
486 0.334744
487 0.326168
488 0.32832
489 0.254824
490 0.306432
491 0.282544
492 0.333232
494 0.389928
495 0.436448
496 0.467312
497 0.532784
498 0.481536
499 0.404128
500 0.437992
501 0.440584
502 0.4994
503 0.640256
504 0.639672
506 0.652136
507 0.65552
508 0.587304
509 0.549464
511 0.262656
512 0.821424
513 1.096224
514 1.114896
515 0.964432
516 0.369136
517 0.412784
518 0.404928
519 0.366768
520 0.47952
521 0.9374
522 0.82192
523 0.874584
524 1.141672
525 0.611032
526 0.2736
527 0.131072
528 0.631312
529 0.929152
530 0.628336
531 0.72724
532 0.894936
533 0.739176
534 0.610064
535 0.683904
536 1.15184
537 1.021408
538 1.754232
539 1.545888
541 1.163312
542 1.17328
543 1.196288
544 1.157296
545 1.134432
546 1.190432
547 0.560496
548 0.2736
549 0.279232
550 0.417112
551 0.60844
552 0.714256
553 0.698632
554 0.618432
555 0.195424
556 0.665488
557 0.609424
559 0.470648
560 0.49248
561 0.32212
562 0.410424
563 0.426816
564 0.31164
565 0.38304
566 0.310912
567 0.359936
568 0.49248
569 0.31888
570 0.31256
571 0.443032
572 0.426816
573 0.181184
574 0.229824
575 0.24648
576 0.404928
577 0.33684
578 0.336808
579 0.2736
580 0.153216
587 0.012264
588 0.030896
589 0.910336
590 1.228648
591 1.119344
592 0.983208
593 1.080384
595 0.880024
596 1.195064
597 1.308464
598 1.110072
599 0.904736
600 0.906272
601 1.048888
602 1.216
603 1.077744
604 1.114904
605 1.232664
606 0.999768
607 1.018712
608 1.108376
609 1.062136
610 1.042024
611 0.94456
612 1.019888
613 0.669352
614 0.440352
615 0.514016
616 0.661648
617 0.485456
618 0.46632
619 0.569088
620 0.339376
621 0.290744
622 0.317376
623 0.251712
625 0.148128
626 0.569088
627 0.30736
628 0.284544
629 0.254408
630 0.262656
631 0.320312
632 0.372096
633 0.256344
634 0.262656
635 0.261816
636 0.195056
638 0.087552
639 0.240768
640 0.171712
642 0.16416
643 0.340896
644 0.16416
645 0.311912
646 0.361152
648 0.171664
649 0.229824
650 0.131328
651 0.133768
653 0.043776
654 0.43776
655 0.148744
656 0.32832
657 0.219024
658 0.38304
659 0.40336
660 0.65276
661 0.625256
662 0.470592
663 0.472824
664 0.76608
665 0.5896
666 0.570008
667 0.619072
668 0.756424
669 0.663424
670 0.679392
672 0.207936
673 0.379472
674 0.38304
675 0.201152
676 0.076608
677 0.267544
678 0.472712
679 0.393984
680 0.337048
681 0.840184
682 0.823
683 0.538824
684 0.729816
685 0.705672
686 0.654048
687 0.700968
688 0.5008
689 0.301064
690 0.262656
691 0.173424
692 0.21888
693 0.28296
695 0.350208
696 0.237144
697 0.44036
698 0.529584
699 0.607784
700 0.702072
701 0.795048
702 1.299008
703 1.291192
704 1.319448
705 1.018784
706 0.512344
707 1.030488
708 0.863856
709 0.825992
710 1.149232
711 1.4124
712 1.216752
713 0.649768
714 0.865464
716 0.477104
717 0.733912
718 0.265704
719 0.44168
720 0.448704
721 0.597064
722 0.91968
723 0.955008
724 1.114848
725 1.36212
726 1.274576
727 1.063696
728 0.786696
729 1.10796
730 1.045984
731 1.08252
732 1.089136
733 1.169784
734 1.638904
735 1.606576
736 1.473816
737 1.677808
738 1.444112
739 0.826704
740 1.302632
742 1.398704
743 1.361392
744 1.483776
745 1.426776
746 1.44684
747 1.761248
748 1.708784
749 1.63752
750 1.7634
752 1.765064
753 1.888432
754 1.538872
755 1.89984
756 1.672672
757 1.60248
758 1.580832
759 1.45012
760 1.517632
761 1.596832
762 1.0024
763 1.252744
765 1.221048
766 1.162248
767 1.329672
768 1.26996
769 1.379672
770 1.2948
771 1.633872
772 1.567744
773 1.509448
774 1.772304
775 1.34756
776 1.360008
777 1.37472
778 1.642176
779 1.591816
780 1.277536
781 1.21256
783 0.94748
784 1.507552
785 1.386056
786 1.460824
787 1.006136
788 1.231368
789 1.225008
790 1.508392
791 1.23556
792 1.527384
793 1.40872
794 1.425304
795 1.637512
796 1.717568
797 1.96684
798 1.106752
799 1.425024
800 1.701896
801 1.886496
803 1.678912
804 1.9344
805 1.651024
806 1.44404
807 1.44624
808 1.74592
809 1.411616
810 1.846584
811 1.564424
812 1.59404
813 1.421336
814 0.976136
815 1.607264
816 1.836128
818 1.465768
819 1.501496
820 1.40684
821 1.16812
822 1.362528
823 1.543456
824 1.584016
825 1.591264
826 1.236264
827 1.14196
828 1.447296
829 1.574832
830 1.617008
831 1.692464
832 1.185752
833 0.949
834 1.14928
836 0.972392
837 0.809296
838 1.210952
839 1.28736
840 0.989152
841 0.770024
842 0.968208
843 1.175944
844 0.979848
845 0.790192
846 1.079752
847 1.441472
848 1.010352
849 1.185848
850 1.481376
851 1.596584
852 1.331168
853 1.451096
854 1.251344
855 1.566952
856 1.753992
857 1.666696
859 1.217312
860 1.475576
861 1.309056
862 1.338928
863 1.400304
864 1.50272
865 1.2462
866 1.32688
867 1.090216
868 1.237544
869 1.270944
870 1.38936
871 1.077544
872 1.04712
873 1.223416
874 1.233632
875 1.25544
876 1.445336
877 0.917936
878 0.917936
880 0.793576
881 0.904024
882 0.98136
883 0.6986
884 0.616336
885 0.56672
886 0.932504
887 0.471088
888 0.553216
889 0.404928
890 0.131072
894 0.057984
895 0.2736
896 0.356504
897 0.53596
898 0.525312
899 0.119392
901 0.505064
902 0.602912
903 1.208488
904 0.98408
905 0.783744
906 0.74316
907 0.617
908 0.650576
909 0.514368
911 0.313072
931 0.324528
932 0.196992
933 0.486976
934 0.501224
935 0.551848
936 0.5796
937 0.635776
938 0.466112
939 0.677528
940 0.731864
941 0.781784
942 0.82768
943 0.616552
944 0.755368
945 0.745144
946 0.779136
947 0.71504
948 0.678296
949 0.732248
951 0.60192
952 0.131072
953 0.526832
954 0.667584
955 0.526728
956 0.475464
957 0.595968
958 0.689856
959 0.486928
960 0.369616
961 0.56172
962 0.470152
963 0.623808
964 0.520664
965 0.582784
966 0.593264
967 0.619856
968 0.705928
969 0.6832
970 0.718672
971 0.70652
972 0.80636
973 0.584784
974 0.855896
976 0.719408
977 0.812904
978 0.812
979 0.590064
980 0.865768
981 0.699408
982 0.752712
983 0.624768
984 0.523656
985 0.696704
986 0.859328
987 0.802584
988 1.078392
989 0.95892
990 0.99528
991 0.819984
992 0.961096
993 0.987456
994 0.816472
996 0.608936
997 0.84908
998 0.864568
999 0.810432
1000 0.585408
1001 0.754648
1002 0.77604
1003 0.626896
1004 0.868568
1005 0.638704
1006 0.781632
1007 0.682424
1008 0.732184
1010 0.716488
1011 0.91296
1012 0.649552
1013 0.26832
1014 0.831744
1015 0.524488
1016 0.6132
1017 0.623552
1018 0.652272
1020 0.367336
1021 0.565944
1022 0.694472
1023 0.678088
1024 0.708872
1025 0.691328
1026 0.547192
1027 0.688496
1028 0.783272
1029 0.583376
1030 0.777376
1031 0.497368
1032 0.64376
1033 0.61372
1034 0.611608
1035 0.620672
1036 0.625552
1037 0.633992
1038 0.681536
1039 0.657448
1040 0.59692
1041 0.418904
1042 0.557272
1043 0.460928
1044 0.4592
1045 0.484368
1046 0.47964
1047 0.459648
1048 0.349272
1050 0.400576
1051 0.525312
1052 0.446872
1053 0.432216
1054 0.463376
1055 0.525312
1056 0.319088
1057 0.415872
1058 0.383288
1059 0.536256
1060 0.449288
1061 0.569088
1062 0.525544
1063 0.514368
1064 0.363352
1065 0.43776
1066 0.328528
1067 0.404928
1068 0.226136
1069 0.350208
1070 0.361152
1071 0.216144
1072 0.2736
1073 0.270056
1074 0.94384
1076 0.841896
1077 1.200384
1078 0.579704
1079 1.05744
1080 0.697472
1081 0.373632
1082 0.662832
1083 1.038536
1084 0.597168
1085 0.755
1086 0.68704
1087 0.743288
1088 0.702536
1089 0.547528
1090 0.972312
1091 0.622152
1092 0.410456
1093 0.451256
1094 0.613232
1095 0.740328
1097 0.551272
1098 0.644216
1099 0.37652
1100 0.269728
1101 0.240768
1102 0.178344
1103 0.142272
1104 0.120384
1105 0.10944
1106 0.10212
1107 0.131328
1108 0.196992
1109 0.165216
1110 0.309984
1111 0.372096
1112 0.3316
1113 0.33244
1114 0.464992
1116 0.372912
1117 0.33116
1118 0.295488
1119 0.263744
1120 0.358968
1121 0.491712
1122 0.525376
1123 0.66868
1124 0.477104
1125 0.583472
1126 0.441032
1127 0.5192
1128 0.528672
1129 0.413968
1130 0.565872
1131 0.52604
1132 0.551088
1133 0.664272
1134 0.551152
1135 0.458176
1136 0.458832
1137 0.49248
1138 0.156392
1139 0.464864
1140 0.525744
1141 0.326384
1142 0.300248
1144 0.470592
1145 0.204928
1146 0.295488
1147 0.187672
1148 0.915736
1149 0.617768
1150 0.614336
1151 0.765456
1152 1.026248
1153 0.812048
1154 0.982704
1155 1.052608
1156 0.78336
1157 0.869976
1158 0.523296
1159 0.63188
1160 0.589536
1161 0.461368
1162 0.42884
1163 0.3718
1164 0.408024
1165 0.43776
1166 0.324536
1167 0.496264
1168 0.585216
1170 0.6592
1171 0.771584
1172 0.371488
1173 0.605944
1174 0.48952
1175 0.572504
1176 0.678392
1177 0.805576
1178 0.760144
1179 0.669408
1180 0.867744
1181 0.88136
1182 0.927352
1183 0.888736
1184 0.625288
1185 0.8144
1186 0.96848
1187 0.625552
1188 0.673896
1189 0.52344
1190 0.419632
1192 0.353192
1193 0.394648
1194 0.380296
1195 0.372096
1196 0.169456
1197 0.240768
1198 0.2234
1199 0.372096
1200 0.36036
1201 0.380344
1202 0.43776
1203 0.218936
1204 0.284544
1205 0.165504
1207 0.43776
1208 0.280808
1209 0.299144
1210 0.415872
1211 0.266888
1212 0.229824
1213 0.163656
1214 0.196992
1215 0.131072
1216 0.571288
1217 0.487504
1218 0.421224
1219 0.510624
1220 0.471232
1221 0.30604
1222 0.376112
1223 0.415872
1224 0.2362
1225 0.308304
1226 0.404928
1227 0.276248
1228 0.262656
1229 0.164184
1230 0.196992
1232 0.211232
1233 0.262656
1234 0.175104
1235 0.168984
1236 0.21888
1237 0.120384
1238 0.048744
1239 0.153216
1240 0.21888
1241 0.26752
1242 0.265048
1243 0.415872
1244 0.297
1245 0.667984
1246 0.481528
1247 0.433824
1248 0.325584
1249 0.37244
1250 0.392352
1251 0.503424
1252 0.435536
1253 0.891448
1254 0.853632
1256 0.567384
1257 0.404992
1258 0.240768
1259 0.142272
1260 0.169464
1262 0.120384
1263 0.455088
1264 0.240768
1265 0.287392
1266 0.262656
1267 0.404928
1268 0.4918
1269 0.377408
1270 0.43776
1271 0.330432
1273 0.339264
1274 0.4248
1275 0.356904
1276 0.580032
1277 0.546424
1278 0.518728
1279 0.636144
1280 0.59964
1281 0.62528
1282 0.675232
1283 0.75092
1284 0.515104
1285 0.390616
1286 0.380536
1287 1.170896
1288 0.891368
1289 1.143368
1290 1.010696
1291 0.926248
1292 0.614592
1293 0.658384
1294 0.81364
1295 0.751624
1296 0.650904
1297 0.317376
1298 0.216984
1299 0.481536
1300 0.344312
1301 0.358416
1302 0.372096
1303 0.637936
1304 0.652824
1305 0.8208
1306 0.797608
1307 1.051008
1308 0.84712
1309 0.963176
1311 1.150544
1312 1.219384
1313 1.218384
1314 1.212208
1315 1.147072
1316 1.201432
1317 1.444104
1318 1.014208
1319 1.113536
1320 1.123704
1321 1.232704
1322 1.465872
1323 1.523264
1325 1.269224
1326 1.157432
1327 1.081648
1328 1.033176
1329 1.144744
1331 1.169928
1332 1.209688
1333 0.872248
1334 0.868776
1335 0.619376
1336 0.767664
1337 0.735384
1338 0.560544
1339 0.687224
1340 0.52916
1341 0.415872
1342 0.379552
1343 0.490496
1344 0.589024
1345 0.366048
1346 0.530984
1347 0.520568
1348 0.348608
1349 0.361152
1350 0.150112
1351 0.787416
1352 0.98808
1353 0.76816
1354 0.780984
1355 1.098024
1356 1.023664
1357 0.784984
1358 0.976792
1359 0.724384
1360 0.802168
1362 0.816616
1363 0.827168
1364 0.78932
1365 0.74932
1366 0.901016
1367 0.893968
1368 0.90836
1369 0.915992
1370 1.184328
1371 0.878024
1372 0.865904
1373 1.128168
1374 1.105336
1375 1.047056
1376 0.956712
1377 0.970704
1378 0.771152
1379 0.965848
1381 0.769808
1382 0.830776
1383 0.865424
1384 0.820464
1385 0.921448
1386 0.923224
1387 1.04328
1388 0.727504
1389 1.070128
1390 0.79748
1391 0.7836
1392 0.8936
1393 0.894416
1394 1.051856
1395 1.064848
1396 1.063432
1397 1.024592
1398 1.22096
1400 0.878952
1401 1.02084
1402 1.13772
1403 1.075136
1404 1.049792
1405 0.955848
1406 1.216744
1407 1.312696
1408 1.44424
1409 1.025368
1410 0.85408
1411 1.278128
1412 0.853696
1413 0.444296
1414 0.813976
1415 0.685192
1416 0.83556
1418 1.108024
1419 1.10232
1420 0.974664
1421 1.119288
1422 0.732784
1423 0.919408
1424 0.91668
1425 1.027104
1426 0.8514
1427 0.60456
1428 0.875008
1429 0.549744
1430 0.39272
1431 0.562792
1433 0.891664
1434 0.67612
1435 0.682496
1436 0.687024
1437 0.834336
1438 0.82388
1439 0.741352
1440 0.843776
1441 0.722904
1442 1.078888
1443 1.236856
1444 0.930768
1445 1.124728
1446 0.661352
1447 0.820648
1448 0.570776
1449 0.855504
1451 0.710456
1452 0.905904
1453 1.00388
1454 0.629664
1455 0.722472
1456 0.56596
1457 0.548784
1458 0.421776
1460 0.920472
1461 1.003648
1462 1.075832
1463 1.028496
1464 1.04376
1465 1.128864
1466 1.04516
1467 1.069432
1468 1.035544
1469 0.854536
1470 1.079096
1471 0.971264
1473 1.343448
1474 1.224232
1475 1.034696
1476 0.840016
1477 0.689472
1478 0.459456
1479 0.70248
1480 0.763872
1482 0.844288
1483 0.460648
1484 0.741904
1485 0.726936
1486 0.649528
1487 0.433864
1488 0.768664
1489 0.699496
1490 0.759312
1491 0.739392
1492 0.677216
1493 0.642816
1494 0.7136
1495 1.03684
1496 0.949768
1497 1.143192
1498 1.19688
1499 1.30628
1500 1.16828
1501 1.1862
1502 1.174792
1503 1.241024
1504 1.029928
1505 1.332176
1507 1.237008
1508 1.287936
1509 1.310608
1510 1.301976
1511 1.640232
1511 0.142272
