0 0.963072
1 1.25856
2 1.711808
3 1.214784
4 1.394432
5 1.488384
6 1.291392
7 1.109888
8 1.400832
9 1.350656
10 2.1888
11 1.230272
12 1.400832
13 0.5472
14 0.744192
15 0.836288
16 0.974016
17 1.061568
18 0.8144
19 0.569088
20 0.8208
22 1.291392
23 1.274048
24 1.14912
25 1.105344
26 1.000448
27 1.269504
28 1.295936
29 1.400832
30 1.80576
31 1.394432
32 1.575936
33 1.109888
34 1.466496
35 1.263104
36 1.499328
37 1.591424
38 1.466496
39 1.521216
40 1.208384
41 1.357056
42 1.328768
43 1.619712
44 1.328768
45 1.521216
46 1.42272
47 0.956672
48 1.357056
49 1.236672
50 1.274048
51 1.521216
52 1.153664
53 1.433664
54 1.230272
55 1.466496
56 1.357056
57 1.109864
58 1.466496
59 1.306904
60 1.378944
61 1.53216
62 1.350656
63 1.42272
64 1.405376
65 1.488384
66 1.284992
67 1.31328
68 1.777472
69 1.411776
70 1.466496
71 1.372544
72 1.652544
73 1.263104
74 1.521216
75 1.14272
76 1.575936
77 1.630656
78 1.25216
79 1.433664
80 1.295936
81 1.499328
82 1.153664
84 1.455552
85 1.6416
86 1.175552
87 1.31328
88 0.956672
89 1.335168
90 1.564992
91 0.48608
92 0.700416
93 0.623808
94 0.612864
97 0.131072
98 1.405632
99 1.214784
100 1.597824
101 1.088
102 0.963072
103 0.240768
104 0.2736
106 0.891008
107 1.116288
108 1.0944
109 1.044224
110 1.127232
111 0.536256
112 0.558144
113 0.415872
114 0.131328
115 0.317376
116 0.190592
117 1.006848
118 1.53216
119 1.19744
120 0.798912
121 0.93024
122 0.755136
123 0.672128
124 1.105344
125 1.280448
126 1.186496
127 1.160064
128 0.809856
129 0.339264
130 0.464192
131 0.787968
132 0.744192
133 0.853632
134 0.645696
135 0.365696
136 0.448704
137 0.580032
138 0.831744
139 0.448704
140 0.372096
141 0.464192
143 1.0944
144 1.181952
145 1.230272
146 1.171008
147 1.564992
148 1.284992
149 1.31328
150 0.86912
151 1.575936
152 1.685376
153 1.52576
154 1.85408
155 2.068416
156 1.79936
157 1.937088
158 1.536704
159 1.543104
160 1.077056
161 1.6416
162 1.558592
163 1.816704
164 1.514816
165 1.554048
167 1.536704
168 1.389888
169 1.083456
170 0.934784
171 0.8208
172 0.995904
173 0.963072
174 0.4642
175 0.590976
176 0.87552
177 1.700864
178 1.499328
179 1.192896
180 1.438208
181 1.521216
182 0.912896
183 1.247616
184 1.674432
185 0.628352
186 0.952128
187 0.908352
188 0.941184
189 1.25216
190 1.948032
191 1.865024
192 2.07296
193 2.1888
194 1.843136
195 2.12768
196 2.418624
197 1.755584
198 1.80576
199 2.269952
200 2.34656
201 2.112192
202 1.777472
203 1.455552
204 1.427264
205 1.707264
206 1.503872
207 1.53216
208 1.449152
209 1.619712
210 0.853632
211 0.97856
212 1.488384
213 1.14272
214 0.590976
215 0.525312
216 1.400832
217 0.792512
218 0.76608
219 0.65664
220 1.389888
221 1.077056
222 1.25856
223 1.668024
224 2.363904
225 1.591424
226 1.6416
227 1.733696
229 2.051072
230 1.9152
231 1.383488
232 1.608768
233 1.777472
234 1.948032
235 1.449152
236 1.433664
237 1.591424
238 2.13408
239 1.328768
240 2.013696
241 1.569536
242 1.9152
243 1.875968
244 2.210688
245 1.678976
246 1.657088
247 1.597824
248 1.028736
249 0.661184
250 1.368
251 1.400832
252 1.055168
253 1.247616
254 1.017792
255 0.86912
256 1.072512
257 0.853632
258 0.623808
259 0.562688
261 0.175104
262 2.849984
263 1.31328
264 1.893312
265 1.449152
266 1.707264
267 1.591424
268 1.875968
269 2.24352
270 1.624264
271 2.495232
272 1.733696
273 1.930688
274 1.236672
275 1.886912
276 0.722304
277 1.061568
278 0.21888
279 1.492928
280 0.43776
282 0.229824
283 1.138176
285 0.908352
286 0.332864
287 0.32832
288 0.700416
289 1.69632
290 0.240768
291 0.507968
292 2.1888
293 1.68992
294 2.057472
295 1.777472
296 1.9088
297 2.210688
298 2.12768
299 2.123136
300 1.503872
301 1.85408
302 0.612864
303 0.207936
308 0.032832
310 0.21888
311 1.937088
312 0.10944
313 0.332864
314 1.061568
315 0.952128
316 0.93024
317 0.694016
318 0.43776
319 0.645696
321 0.623552
322 2.160768
323 1.543104
324 1.098944
325 1.652544
326 1.58048
327 1.488384
328 1.061568
329 0.86912
332 0.10944
333 2.609216
334 1.192896
335 1.455552
336 1.044224
337 1.543104
338 1.317816
339 1.488384
340 1.766528
341 1.740096
342 1.569536
343 1.707264
344 1.875968
345 1.882368
346 1.613312
347 2.035584
348 1.569536
349 1.86048
350 1.886912
351 1.9088
352 1.937088
353 1.328768
354 1.554048
355 1.575936
356 0.891008
357 1.181952
358 1.383488
359 1.466496
360 1.225728
361 1.14272
362 1.707264
363 1.492928
364 1.948032
365 1.602368
366 1.740096
367 1.52576
368 1.280448
369 1.339688
370 1.433664
372 1.73372
373 1.838592
374 1.481984
375 1.80576
376 1.74464
377 1.389888
378 1.006848
379 0.825344
380 1.225728
381 0.864576
382 0.558144
383 0.354752
384 0.744192
385 0.809856
386 0.306432
387 0.415872
388 0.503424
389 0.497032
390 1.083456
391 1.346112
392 0.847232
393 0.525312
394 0.612864
395 0.831744
396 1.30688
397 1.324224
399 1.357056
400 1.241216
401 1.53216
402 1.492928
403 1.838592
404 1.58048
405 1.904256
406 1.6352
407 1.980864
408 0.672128
409 1.718208
410 1.394432
411 1.291392
412 1.31328
413 1.098944
414 1.466496
415 1.405376
416 1.849536
417 1.766528
418 2.101248
420 1.230016
421 2.85024
422 1.400832
423 2.029184
424 2.374848
425 1.711808
426 1.564992
427 1.646144
428 2.309184
429 1.897856
430 1.886912
431 2.123136
432 1.58048
433 2.177856
434 2.051072
435 1.843128
436 2.013696
437 1.460096
438 1.674432
439 1.503872
440 1.794816
441 1.460096
442 1.663488
443 1.164608
444 1.324224
445 0.755136
448 0.131072
449 2.215488
450 1.42272
451 1.25216
452 1.882368
453 1.438208
454 1.608768
455 1.109888
456 1.25856
457 1.116288
458 0.858176
459 1.214784
460 0.831744
461 0.623808
462 0.836288
463 1.083456
464 1.017792
465 0.897408
466 0.748736
467 0.612864
468 0.317376
469 0.569088
470 0.798912
471 0.365696
472 1.072512
473 1.335168
474 1.011392
475 0.995904
476 1.368
477 0.989504
478 1.116288
479 1.20384
480 1.055168
481 1.42272
482 1.20384
483 1.077056
484 1.225728
485 1.219328
486 1.368
487 1.433664
488 1.230272
489 1.400832
490 1.219328
491 1.346112
492 0.580032
493 0.87552
494 1.000448
496 0.514368
497 0.361152
498 0.71136
499 1.197448
500 0.700416
501 0.897408
502 1.14912
503 0.934784
504 1.14912
505 1.236672
506 1.077056
507 1.006848
508 0.76608
509 0.781568
510 0.93024
511 1.127232
512 1.03968
513 0.65024
514 1.006848
515 0.842688
516 0.864576
517 0.825344
518 1.061568
519 1.247616
520 0.934784
521 1.466496
522 1.230272
523 1.411776
524 1.554048
525 1.241216
526 1.433664
527 1.295936
528 1.192896
529 1.083456
530 1.066112
531 1.14912
532 1.03968
533 0.901952
534 1.138176
535 1.20384
536 0.901952
537 0.569088
538 0.897408
539 0.853632
540 0.65024
541 1.028736
542 1.083456
543 0.941184
544 0.715904
545 1.291392
546 1.324224
547 1.19744
548 1.444608
550 0.770624
551 1.25856
552 1.53216
553 1.3616
554 1.53216
555 1.3616
556 1.685376
557 1.14272
558 0.908352
559 1.280448
560 1.03328
561 1.25856
562 1.335168
563 1.109888
564 1.554048
565 1.41632
566 1.597824
567 1.569536
568 1.674432
569 1.591424
570 1.608768
571 1.630656
572 1.25216
573 1.53216
574 1.317824
575 1.455552
576 1.066112
577 1.411776
578 1.82396
579 1.540392
580 1.74464
581 1.80576
582 1.711808
583 1.9152
584 1.372544
585 1.433664
586 1.14912
587 0.75968
588 0.590976
589 1.302336
590 1.219328
591 1.488384
592 1.433664
593 1.274048
594 1.25856
595 0.93024
596 0.661184
597 0.919296
598 0.678528
599 0.525312
600 0.284544
603 0.175104
604 0.201536
605 0.842688
606 0.514368
607 0.544
608 0.200192
609 0.689472
610 0.573632
611 0.645696
612 0.700416
613 0.558144
614 0.612864
615 0.5408
616 0.65664
617 0.645696
618 0.426816
619 0.087552
620 0.240768
621 0.634752
622 0.694016
623 1.202496
624 1.41312
625 1.153664
626 1.357056
627 1.14912
628 0.75968
630 1.291392
631 1.364312
632 1.12452
633 1.400832
634 1.055168
635 1.47744
636 1.302336
637 0.945728
638 1.192896
639 1.171008
640 0.967616
641 1.346112
642 1.14272
643 1.127232
644 1.25856
645 1.131776
646 1.269504
647 1.181952
648 1.131776
649 1.521216
650 1.449152
651 1.564992
652 1.6352
653 1.674432
654 1.492928
655 2.046528
656 1.74464
657 2.276352
658 1.668032
659 1.783872
660 1.503872
661 2.029184
662 1.871424
663 1.405376
664 1.663488
665 1.602368
666 1.674432
667 1.613312
668 1.948032
669 1.547648
670 1.061568
671 1.674432
672 1.657088
673 1.75104
674 1.30688
675 1.740096
676 1.219328
677 1.597824
678 1.405368
679 1.619712
680 1.383488
681 1.543104
682 1.558592
683 1.718208
684 1.52576
685 1.849536
686 1.247616
687 0.59552
688 0.678528
689 0.393984
690 0.196992
729 0.131072
744 1.05088
746 0.043776
747 0.065664
748 0.043776
749 0.05472
750 0.065664
751 0.065664
753 0.015488
754 0.05472
755 0.098496
756 0.16416
757 0.196992
758 0.186048
759 0.175104
760 0.186048
761 0.229824
763 0.206592
764 0.20928
765 0.21888
766 0.207936
767 0.240768
768 0.175104
769 0.240768
770 0.186048
771 0.229824
772 0.092096
773 0.16416
774 0.175104
775 0.21888
776 0.240768
778 0.186048
779 0.229824
780 0.153216
781 0.251712
782 0.207936
783 0.21888
784 0.207936
785 0.21888
786 0.211776
787 0.204096
788 0.207936
790 0.15776
791 0.16416
792 0.196992
793 0.207936
794 0.207936
795 0.21888
796 0.207936
797 0.217536
798 0.187392
799 0.196992
800 0.21888
801 0.196992
802 0.196992
803 0.164416
804 0.131072
809 0.131072
810 0.44256
812 0.16416
813 0.142272
814 0.142272
815 0.16416
816 0.229824
817 0.196992
818 0.21888
820 0.196992
821 0.16416
822 0.186048
823 0.131328
824 0.186048
825 0.186048
826 0.142272
827 0.16416
828 0.120384
829 0.131328
830 0.131328
831 0.142272
832 0.116704
835 0.008224
836 0.05472
837 0.098496
838 0.043776
839 0.032832
840 0.098496
842 0.065664
843 0.05472
844 0.065664
846 0.021888
847 0.010944
859 0.010944
860 0.065664
864 0.010944
865 0.10944
866 0.425472
867 0.09984
868 0.131328
869 0.131328
870 0.098496
871 0.186048
872 0.16416
873 0.131328
874 0.142272
875 0.16416
876 0.16416
878 0.120384
879 0.175104
880 0.153216
881 0.196992
882 0.04832
883 0.131328
884 0.16416
885 0.16416
886 0.153216
887 0.186048
888 0.131328
889 0.142272
891 0.131328
892 0.195648
893 0.165504
894 0.16416
895 0.16416
896 0.153216
897 0.16416
898 0.16416
899 0.175104
900 0.16416
901 0.175104
902 0.175104
904 0.131072
906 0.081408
907 0.142272
908 0.16416
909 0.16416
910 0.16416
911 0.16416
912 0.16416
913 0.16416
914 0.16416
915 0.175104
916 0.16416
917 0.16416
918 0.16416
919 0.153216
920 0.16416
921 0.153216
922 0.153216
923 0.142272
924 0.131328
925 0.142272
927 0.131328
928 0.146816
929 0.10944
931 0.16416
932 0.16416
933 0.153216
934 0.16416
935 0.16416
936 0.153216
937 0.16416
938 0.153216
939 0.16416
940 0.16416
941 0.16416
942 0.16416
943 0.16416
944 0.16416
945 0.153216
946 0.16416
947 0.16416
948 0.16416
949 0.153216
950 0.10304
951 0.120384
952 0.16416
954 0.153216
955 0.153216
956 0.153216
957 0.142272
958 0.120384
959 0.120384
960 0.131328
961 0.153024
962 0.175296
963 0.16416
965 0.175104
973 0.131072
975 1.230528
976 0.098496
977 0.120384
978 0.131328
979 0.142272
980 0.142272
981 0.153216
982 0.142272
983 0.16416
984 0.11904
986 0.132672
987 0.11904
988 0.143616
989 0.153216
990 0.142272
991 0.128576
992 0.13408
993 0.131328
1001 0.196736
1003 0.77088
1004 0.098496
1005 0.131328
1006 0.131328
1007 0.120384
1008 0.131328
1009 0.120384
1011 0.120384
1012 0.120384
1013 0.10944
1014 0.11904
1015 0.067008
1016 0.087552
1017 0.065472
1019 0.0768
1020 0.05472
1021 0.05472
1032 0.043776
1033 0.809856
1034 0.087552
1035 0.175104
1036 0.142272
1037 0.153216
1038 0.16416
1040 0.092096
1041 0.10944
1042 0.153216
1043 0.175104
1045 0.186048
1046 0.186048
1047 0.153216
1048 0.142272
1049 0.140928
1050 0.198336
1051 0.142272
1052 0.16416
1053 0.16416
1054 0.16416
1062 0.131072
1063 1.0992
1064 0.153216
1065 0.16416
1066 0.16416
1067 0.16416
1068 0.16416
1069 0.16416
1071 0.16416
1072 0.16416
1073 0.16416
1074 0.16416
1075 0.16416
1076 0.159296
1077 0.15808
1078 0.16416
1079 0.153216
1080 0.16416
1081 0.16416
1082 0.16416
1083 0.16416
1084 0.15776
1085 0.142272
1086 0.131328
1088 0.175104
1089 0.153216
1090 0.175104
1091 0.153216
1092 0.186048
1093 0.120384
1094 0.186304
1095 0.15296
1096 0.153216
1097 0.175104
1098 0.186048
1099 0.153216
1101 0.153216
1102 0.131328
1103 0.131328
1104 0.16416
1105 0.142272
1106 0.131328
1107 0.142272
1109 0.037376
1110 0.065664
1111 0.120384
1112 0.087552
1113 0.142272
