0 2.51712
1 3.156416
2 2.456
3 4.283648
4 3.60512
5 3.76288
6 3.867776
7 3.845888
8 4.294592
9 4.25536
10 4.655744
11 4.0976
12 4.196096
13 4.03648
14 4.163264
15 4.217984
16 4.124032
17 4.04288
18 4.283624
19 4.513496
20 4.03648
21 4.185152
22 3.079808
23 2.828096
24 3.93344
25 3.725504
26 3.637952
27 3.33152
28 3.528512
29 4.03648
30 3.93344
31 4.075712
32 3.134528
33 3.233024
34 3.648896
35 3.802112
36 3.11264
37 3.025088
38 2.817152
39 3.211136
40 3.430016
41 3.38624
42 3.397184
43 2.204288
44 2.751488
45 2.922048
46 2.40128
47 2.78432
48 3.123584
49 2.390336
50 2.703168
51 2.707712
52 2.488832
53 2.226176
54 2.445056
55 2.123136
56 1.788416
57 1.948032
59 2.609224
60 2.871872
61 2.368448
62 2.429568
63 2.740544
64 2.795264
65 2.707712
66 2.718656
67 2.390336
68 2.484288
69 1.74464
70 2.155968
71 1.788416
72 1.657088
73 1.9152
74 0.131072
75 2.543808
76 1.926144
77 1.591424
78 1.663488
79 1.295936
80 1.783872
81 1.996352
82 0.842688
83 0.97856
84 0.864576
85 0.87552
86 1.243928
87 0.96036
88 1.247616
89 1.328768
90 1.543104
91 1.558592
92 1.14912
93 0.995904
94 1.055168
95 1.14912
96 1.072512
97 0.809856
98 0.858176
99 1.31328
100 1.350648
101 1.061568
102 0.974016
103 1.14912
104 1.131776
105 0.963072
106 0.963072
107 0.858176
108 0.886464
109 1.061568
110 0.880064
111 1.14912
112 1.083456
113 0.967616
114 1.138176
115 1.368
116 1.153664
117 1.31328
118 1.25856
119 1.120832
120 1.072512
121 1.192896
122 0.989504
123 1.0944
124 1.383488
125 1.291392
126 1.674432
127 1.109888
129 1.247616
130 1.230272
131 1.543104
132 1.291392
133 1.284992
134 1.31328
135 1.120832
136 1.20384
137 1.20384
138 1.405376
139 1.25856
140 1.930688
141 1.389888
142 1.438208
143 1.192896
144 0.974016
145 0.744192
146 0.584576
147 0.787968
148 0.919296
149 1.028736
150 1.120832
151 1.608768
152 1.30688
153 1.192896
154 1.192896
155 1.306728
156 1.214784
157 1.127232
158 0.748888
159 1.25856
160 1.138176
161 0.989512
162 1.171008
163 1.236672
164 1.777472
165 1.31328
166 0.912896
167 1.072512
168 0.952128
169 0.901952
170 0.700416
171 0.700416
172 0.722304
173 0.733248
174 0.672128
175 0.974016
176 0.744192
177 0.733248
178 0.748736
179 0.678528
180 0.722304
181 0.569088
182 0.744192
183 0.475136
184 0.503424
185 0.514368
186 0.481536
187 0.49248
188 0.448704
189 0.404928
190 0.245312
191 0.2736
192 0.196992
193 0.361152
194 0.339264
196 0.361152
197 0.262656
198 0.284544
199 0.16416
200 0.153216
201 0.142272
202 0.186048
203 0.164928
204 0.07584
205 0.076608
207 0.040088
213 0.008232
214 1.685376
215 1.68992
217 1.827648
218 1.74464
219 1.794048
220 1.865792
221 2.51072
222 2.648448
223 2.313728
224 2.40128
225 2.466944
226 2.670336
227 2.423168
228 2.368448
229 2.456
230 2.62656
231 2.324672
232 2.313728
233 2.466936
234 2.539008
235 2.116736
236 2.313728
237 2.396736
238 2.280896
239 2.280896
240 2.466944
241 2.62656
242 2.390336
243 2.29184
244 2.51072
245 2.528064
246 2.423168
247 2.34656
248 2.532608
249 2.604672
250 2.390336
251 2.357504
252 2.477888
253 2.637504
254 2.127656
255 2.379416
256 2.648448
257 2.368448
258 2.40128
259 2.34656
260 2.593728
261 2.171456
262 2.171464
263 2.368448
264 2.528064
265 2.204288
266 2.269952
267 2.287296
268 2.204288
269 2.116736
270 2.155968
276 0.131072
279 0.486336
280 1.96992
281 4.58368
282 4.546304
283 5.181056
284 4.430464
285 3.791168
286 3.736448
287 4.404032
288 3.850432
289 4.436864
290 4.944832
291 3.407864
292 6.166272
293 4.41952
294 4.414976
295 4.539904
296 5.268608
297 4.58368
298 4.710464
299 4.130432
300 4.299136
301 4.0976
302 4.108544
303 3.922496
304 3.922496
305 3.544
306 3.594176
307 3.003208
308 3.243968
309 3.265856
310 3.287744
311 3.44096
312 3.824
313 4.294592
314 3.473792
315 3.397184
316 3.506624
317 3.780224
318 3.123584
319 2.01824
320 2.259008
321 3.419072
322 4.250816
323 3.473792
325 3.736448
326 3.911552
327 3.784768
328 4.524416
329 4.20704
330 4.386688
331 0.98496
332 1.389888
333 1.52576
334 2.642048
335 2.440512
336 2.598272
337 2.904704
338 2.12768
339 3.036032
340 3.867776
341 4.404032
342 4.086656
343 4.03648
344 3.2768
345 4.228928
346 3.977216
347 4.447808
348 4.321024
349 4.458752
350 4.239872
351 4.321024
352 4.59008
353 4.557248
354 3.686272
355 4.721408
356 4.3712
357 3.145472
358 2.445056
359 2.652992
360 2.499776
361 3.484736
362 3.342464
363 2.598272
364 3.594176
365 2.94848
366 3.473792
367 3.922496
368 4.732344
369 3.933288
370 2.20444
371 3.692672
372 3.561344
373 2.78432
374 3.5504
375 4.15232
376 3.576832
377 3.670784
378 3.320576
379 2.576384
380 1.564992
382 0.131072
383 2.1936
384 0.87552
385 1.171008
386 2.193344
387 2.576384
388 2.521664
389 2.62656
390 2.313728
391 1.974464
392 1.291392
393 0.974016
394 1.52576
395 2.280896
396 2.549952
397 2.828096
398 2.817152
399 3.22208
400 4.622912
401 3.353408
402 3.576832
403 3.243968
404 3.681728
405 2.871872
406 1.75104
407 1.52576
408 1.740096
409 1.47744
410 1.230272
411 1.685376
412 1.077056
413 1.543104
414 1.077056
415 0.700416
417 0.580032
418 0.306432
419 0.864576
420 1.011392
421 0.5472
422 0.8208
423 0.700416
424 0.186048
426 0.836288
427 1.335168
428 1.389888
429 0.70496
430 0.667584
431 1.772928
432 2.521664
433 2.357504
434 2.368448
435 2.648448
436 2.83904
437 3.222088
438 2.685824
439 2.652992
440 2.773352
441 2.82812
442 2.943936
443 2.477888
444 2.532608
445 2.576384
446 2.549952
447 2.324672
448 3.408128
449 3.451904
450 3.583232
451 2.89376
452 2.40128
453 2.280872
454 2.620184
455 2.57184
456 2.313728
457 2.215232
458 2.440512
459 2.51072
460 2.24804
461 2.817176
462 3.627
463 2.915648
464 3.265856
465 4.250816
466 4.69952
467 3.620608
468 3.254912
469 3.462848
470 3.430016
471 3.375296
472 2.685824
473 3.758336
474 3.637952
475 2.871872
476 3.090752
477 3.016864
478 2.372128
479 2.992256
480 4.185152
481 3.565888
482 3.287744
483 3.265856
484 3.616064
485 4.04288
486 5.049728
487 3.419072
488 3.243968
489 3.576832
490 4.086656
491 3.824
492 2.970368
493 3.090752
494 3.189248
495 2.828096
496 3.419072
497 3.867776
498 3.71456
499 4.48064
500 3.036032
501 2.412224
502 2.477896
503 2.221632
504 2.992256
505 3.189248
506 3.189248
507 3.430016
508 3.38624
509 3.719104
510 2.276352
511 1.897856
512 1.980864
513 1.569536
514 1.904256
515 1.985408
516 1.996352
517 1.783872
518 1.821248
519 1.740096
520 1.52576
521 2.24352
522 2.368448
523 3.309632
524 3.189248
525 2.83904
526 2.740544
527 3.200192
528 2.893688
529 2.64212
530 3.375296
531 3.156416
533 3.265856
534 3.2768
535 3.206592
536 2.685824
537 2.576384
538 2.248064
539 2.390336
540 2.670336
541 2.795264
542 2.21508
543 2.14972
544 2.232576
545 2.587328
546 2.466944
547 2.473344
548 2.390336
549 2.116736
550 2.707712
551 2.7296
552 2.812608
553 2.576384
554 3.627008
555 4.020992
556 3.295
557 2.306464
558 2.29184
559 1.974464
560 3.250368
561 1.974464
562 2.806208
563 3.189248
564 4.69952
565 4.20064
566 5.148224
567 4.922944
568 4.765184
569 4.3648
570 4.874624
571 4.0976
572 4.124032
573 3.320576
574 4.185152
575 4.524416
576 3.93344
577 3.583232
578 3.8176
579 4.108544
580 4.108544
581 4.239872
582 3.353408
583 3.046976
584 2.915648
585 2.390336
586 2.302784
587 1.543104
588 0.853632
589 1.284992
590 2.412224
591 2.757888
592 2.302784
593 2.642048
594 2.313728
595 2.101248
596 1.657088
597 1.411776
598 0.897408
599 1.088
600 1.389888
601 2.43412
602 1.96352
603 2.090304
604 2.083904
605 2.488832
606 2.926592
607 3.086208
608 2.576384
609 2.193344
610 2.806208
611 2.466944
612 2.385792
613 1.9088
614 2.412224
615 3.342464
616 3.046976
618 2.998656
619 3.33152
620 3.489256
621 3.81308
622 2.817152
623 2.35296
624 3.353408
625 3.65984
626 3.664376
627 3.648896
628 3.76928
629 4.579136
630 2.707712
631 3.200192
632 2.051072
633 2.692224
634 1.952576
635 1.624256
636 3.265856
637 3.287744
638 3.2768
639 3.2768
640 3.528512
641 3.025088
642 3.22848
643 2.051072
644 2.029184
645 2.221632
646 2.937536
647 1.875968
648 1.6416
649 1.405376
650 2.259008
651 2.035584
652 1.350656
653 1.58688
654 1.543104
655 1.602368
656 1.74464
657 2.429568
658 2.040128
659 2.576384
660 3.44096
661 2.751336
662 1.816704
663 1.296088
664 1.116288
665 1.181952
666 1.186496
667 1.58688
668 1.466496
669 1.055168
670 1.006848
671 1.171008
672 1.088
673 1.280448
674 1.164608
675 0.886464
676 0.470592
677 0.733248
678 1.460096
679 1.575936
680 1.241216
681 1.346112
682 1.47744
683 1.350656
684 1.75104
685 1.58048
686 1.838592
687 1.558592
688 1.958976
689 1.733696
691 1.674432
692 1.25216
693 1.324224
694 0.891008
695 1.072512
696 1.564992
697 1.722752
698 1.652544
699 0.912896
700 0.853632
701 0.667584
702 0.93024
703 1.438208
704 1.816704
705 1.25216
706 1.335168
707 1.077056
708 0.580032
709 0.569088
710 1.291392
711 1.777472
712 2.090304
713 2.34656
714 1.974464
715 1.181952
716 0.93024
717 1.241216
718 1.346112
719 1.066112
720 2.746944
721 2.379392
722 3.845888
723 2.215232
724 1.58688
725 0.59552
726 0.361152
727 0.284544
728 0.93024
729 1.438208
730 3.265856
731 3.287744
732 2.965824
733 2.160512
734 2.631104
735 2.062016
736 1.69632
737 1.444608
739 1.263104
740 0.995904
741 1.153664
742 1.072512
743 1.466496
744 0.869128
745 0.908352
746 0.689472
747 1.083456
748 0.97856
749 1.25856
750 1.503872
751 1.291392
752 1.816704
753 1.996352
754 1.843136
755 2.221632
756 2.040128
757 1.816704
758 0.770624
759 1.31328
760 1.843136
761 2.528064
762 1.613312
763 1.564992
764 0.989504
765 1.80576
766 2.029184
767 0.404928
768 1.843136
769 1.816704
770 1.733696
771 2.396736
772 1.96352
773 1.68992
774 1.948032
775 1.9088
776 1.80576
777 1.536704
779 1.652544
780 1.547648
781 1.740096
782 1.613312
783 2.101248
784 1.79936
785 1.948032
786 1.788416
787 1.657088
