0 1.872648
1 2.732768
2 1.627936
3 1.276408
4 1.590472
5 1.46716
6 1.063624
7 1.670512
8 1.989824
9 2.124456
10 2.353032
11 2.801232
12 2.649264
13 2.467
14 1.958832
15 2.917192
16 2.492352
17 2.133368
18 1.81816
19 1.860944
20 1.707264
21 1.688832
22 1.846032
23 1.739848
24 1.236672
25 0.999288
26 1.181952
27 0.95248
28 1.291392
29 1.00976
30 1.652544
31 1.539512
32 1.228656
33 1.554048
34 1.856096
35 1.909416
36 1.908664
37 2.047352
39 1.76752
40 2.221632
41 2.006088
42 1.521216
43 1.185336
44 1.58688
45 1.191416
46 1.181952
47 0.807936
48 1.302336
49 1.618432
50 1.679072
51 1.881056
52 1.357056
53 1.509008
54 2.047664
55 2.417864
56 2.768832
57 2.632832
58 3.349312
59 2.63332
60 2.579232
61 2.567888
62 1.96032
63 2.40768
64 1.197304
65 1.652544
66 1.56496
67 2.144336
68 2.812608
69 1.70972
70 1.559576
71 2.68128
72 1.921824
73 1.864304
74 2.112192
75 2.126208
76 2.123136
77 1.940856
78 1.76976
80 2.07776
81 2.484288
82 1.736312
83 2.02464
84 1.626416
85 2.396736
86 2.455
87 2.271688
88 2.287824
89 2.64748
90 2.7976
91 2.07936
92 1.613696
93 1.843024
94 2.440512
95 2.116776
96 2.157424
97 2.310392
98 2.123136
99 2.331872
100 2.144024
101 2.353768
102 2.233024
103 2.070768
104 2.965824
105 2.410848
106 2.413784
107 2.28248
108 2.683648
109 2.610912
110 2.145024
111 1.793104
112 2.484288
113 1.89228
114 1.96992
115 1.538992
116 2.013696
117 1.329056
118 1.597824
119 1.896072
120 2.24352
121 2.052952
122 1.80952
123 2.331072
124 1.860168
125 2.539008
126 1.98012
127 1.47744
128 1.370648
129 1.400832
130 1.181952
131 0.767552
132 1.0944
133 1.214784
134 0.879608
135 1.291392
136 0.95096
137 1.127232
138 1.06772
139 1.31328
140 0.94408
142 0.94352
143 0.864576
144 0.85256
145 1.20384
146 0.929368
147 1.488384
148 1.742984
149 2.23904
150 2.24352
151 1.809896
152 2.604672
153 1.872416
154 3.004344
155 2.671736
156 2.928016
157 2.0006
158 2.361168
159 2.35296
160 1.686512
161 1.652184
162 2.1888
163 1.914792
164 2.345712
165 2.331072
166 1.699304
167 2.33072
168 2.221632
169 1.556328
170 1.521216
171 1.418376
172 1.411776
173 1.291392
174 1.038136
175 0.798912
176 1.017792
177 0.71136
178 0.415872
179 0.317376
180 0.350208
181 0.351768
182 0.306432
183 0.295488
184 0.229824
186 0.21888
187 0.131328
188 0.131328
189 0.186048
191 0.098496
192 0.010944
208 0.010944
210 0.508592
211 1.021288
212 1.020008
213 1.114936
214 1.262056
215 1.294968
216 1.357728
217 1.465856
218 1.898328
219 2.019992
220 1.974888
221 2.38664
223 2.112192
224 1.638528
225 2.254464
226 1.597472
227 1.70788
228 1.79604
229 1.876056
230 1.968432
231 2.04872
232 2.659392
233 1.696424
234 1.96396
235 2.307936
236 2.477344
237 2.548312
238 2.494648
239 2.123
240 2.37812
242 2.203936
243 2.604672
244 2.117944
245 2.156504
246 2.083624
247 2.052296
248 2.604672
249 2.063776
250 2.68128
251 2.648448
252 2.23516
253 1.983136
254 2.670336
255 2.04408
256 2.167088
257 2.388568
258 2.144184
259 2.489952
260 2.648448
261 2.153672
262 2.659392
263 2.104816
264 2.648448
265 2.026584
266 2.041416
267 2.195656
268 2.442784
269 2.171368
270 2.233352
271 2.33108
272 2.254464
273 1.493
274 1.69632
275 0.601888
277 0.142272
278 3.212616
279 2.539232
280 2.584296
281 2.831408
282 2.83184
283 2.715776
284 2.018048
285 2.232576
286 2.297144
287 2.024376
288 1.926144
289 1.429464
290 1.991808
291 1.782112
292 1.674432
293 1.595792
294 2.342016
295 1.965568
296 1.964136
297 2.112192
298 1.782072
299 2.314504
300 2.702864
301 2.976768
302 2.202712
303 2.35296
304 1.930368
305 2.615616
306 1.793856
307 2.363904
308 1.738936
309 2.894352
310 2.889216
311 2.424344
312 2.270408
313 2.494136
314 2.821576
316 2.482144
317 2.99732
318 2.81504
319 3.179784
320 3.148176
321 2.95488
322 0.809272
323 5.91044
324 2.360624
326 2.83908
327 3.00448
328 3.491136
329 2.590144
330 2.19928
331 2.989088
332 3.247832
333 3.140928
334 2.128968
335 2.146208
336 1.335168
337 2.155968
338 1.931888
339 1.809624
340 2.1888
341 1.577224
342 2.209312
343 2.267496
344 2.522304
345 2.189968
346 2.483104
347 3.091184
348 2.499528
349 2.621736
350 2.652072
351 2.779768
352 2.736104
353 3.46912
354 2.098712
355 2.03388
356 2.220704
357 1.432312
359 2.244896
360 2.20644
361 2.709472
362 3.100576
363 3.262072
364 4.125888
365 2.46236
366 2.478144
367 1.793968
368 2.462896
369 2.823552
370 2.33404
371 2.495232
372 1.999192
373 2.256144
374 2.326992
375 2.306144
376 1.930136
377 2.62708
378 2.64916
379 2.572472
380 2.495952
381 2.796672
382 2.694792
383 2.361232
384 1.899488
385 2.054104
386 2.445472
387 2.41492
388 1.816704
389 1.430112
390 1.499328
392 0.835424
393 0.71136
394 0.339264
395 0.590976
396 1.127232
397 1.030752
398 2.046528
399 1.90892
400 1.8128
401 2.665112
402 2.743912
403 3.101912
404 1.652544
405 0.350208
407 0.5472
408 0.05472
409 1.112152
410 2.167672
411 2.424896
412 2.096008
413 2.834784
414 2.736
415 1.955296
416 0.842688
417 2.542336
418 2.057912
419 2.342016
420 1.851888
421 2.524192
422 2.443104
423 2.4624
424 1.087496
425 1.269504
426 0.787968
427 0.86364
428 1.816704
429 0.745024
430 0.284544
431 0.350208
432 0.32832
433 0.229824
434 0.251712
435 0.481536
436 0.689944
437 0.558144
438 0.339264
439 0.249392
441 0.153216
442 0.361152
444 0.032832
445 0.459648
446 0.457688
447 0.503424
448 0.634344
449 0.726768
450 1.16212
451 1.14624
452 1.046872
453 1.061568
454 0.950808
455 0.739984
456 0.925576
457 0.911416
458 0.932616
459 0.978352
460 1.172832
461 1.427848
463 1.37132
464 1.347784
465 1.306936
466 0.998968
467 1.322656
468 1.221552
469 1.20328
470 1.444608
471 1.242576
472 1.364144
473 1.282944
474 1.058968
475 1.0944
476 0.614224
477 1.006848
478 1.165456
479 1.221576
480 1.25936
481 1.247616
482 0.40572
483 1.280448
484 0.893176
485 1.302336
486 1.10268
487 1.118248
488 1.53216
489 1.244568
490 1.608768
491 1.09676
492 1.291392
493 1.048424
494 1.247616
495 0.94628
496 1.335168
497 0.9114
499 1.027544
500 0.98496
501 1.09056
502 1.251272
503 1.302336
504 1.081032
505 0.747544
506 1.146448
507 1.061568
508 0.827696
509 1.171784
510 1.47744
511 0.999136
512 1.063376
513 1.761984
514 1.288992
515 1.6416
516 1.710408
517 1.724448
518 1.729152
519 1.69632
520 1.252136
521 1.160064
522 0.603968
523 0.864576
524 0.569088
525 1.152576
526 2.216008
527 2.5472
528 2.433552
529 1.971176
530 2.857192
531 2.983144
532 1.879752
533 3.603272
534 3.409464
535 3.2016
536 2.801664
538 2.11392
539 2.764104
540 2.506176
541 1.89044
542 2.254464
543 1.753464
544 1.729152
545 1.882368
546 1.214752
547 1.53216
548 1.160064
552 1.014504
553 5.023296
556 0.474752
557 0.71136
558 1.926144
559 1.366496
560 1.225704
561 1.813112
562 1.56728
563 1.269504
564 0.954816
565 0.963072
566 0.37728
567 0.426816
568 0.43776
569 0.306432
572 0.10944
573 1.6542
574 1.310304
575 1.10036
576 1.214784
577 1.1562
578 1.3594
579 1.308288
580 1.262376
581 0.5472
582 0.295488
583 0.236768
585 1.55476
586 1.939216
587 1.951576
588 2.01028
589 1.794448
590 1.8442
591 1.609808
592 2.37496
593 2.021248
594 2.39756
595 1.838592
596 0.87552
597 0.96772
598 1.670616
599 2.641928
600 2.395024
601 2.509216
602 2.807328
603 1.213096
604 2.186344
605 2.906232
606 2.878272
607 2.573944
608 2.435784
609 1.116288
610 1.965752
611 2.321368
612 2.597128
613 2.665856
614 2.693408
615 2.947984
616 4.05972
617 3.845128
618 3.165048
619 2.366584
620 2.048912
621 1.904256
622 1.298704
623 0.897408
624 0.864576
626 0.60192
627 0.470592
628 1.335168
629 1.200632
630 1.389888
631 1.247616
632 0.809856
633 0.645696
634 0.569088
635 0.620472
636 1.105344
637 0.87552
638 0.805432
639 0.963072
640 0.5472
641 0.612864
642 0.388
643 0.919296
644 1.037152
645 1.181704
646 1.136232
647 1.32944
648 0.839896
649 1.04308
650 1.155712
651 1.083456
652 0.698672
653 0.963072
654 0.853632
655 0.47404
656 0.569088
657 0.489864
658 0.43776
659 0.55616
660 1.081736
661 0.656776
662 0.470592
664 0.262656
665 0.21888
666 0.16416
667 0.36408
668 1.011224
670 0.678024
671 0.963232
672 0.886464
673 0.67864
674 0.65772
675 0.963072
676 0.658016
677 0.676848
678 0.71136
679 0.5962
680 0.514368
681 0.426816
683 0.235768
684 0.590976
685 0.393984
686 0.384952
687 0.262656
688 0.284544
689 0.536256
690 0.481536
691 0.325744
692 0.818288
693 0.870032
694 0.860952
695 0.614416
696 0.785576
697 1.164072
698 1.247592
700 1.166584
701 1.164656
702 1.105344
703 0.695776
704 0.669608
705 0.908352
706 0.778736
707 0.772888
708 0.738632
709 0.339264
710 0.186048
711 0.880536
712 0.958256
713 0.536256
714 0.328392
715 0.459648
716 0.7476
717 1.091736
718 1.38204
719 0.757688
720 0.8618
722 0.895592
723 1.029408
724 0.956776
725 0.938296
726 1.378376
727 1.342504
728 1.794816
729 1.368784
730 1.426408
731 1.131824
732 1.58688
733 1.50008
734 1.22176
735 0.404928
736 0.612864
737 1.291392
738 1.209632
739 0.789448
740 0.982936
741 1.105344
742 0.892128
743 0.787968
744 0.812776
745 1.14912
746 0.62628
748 0.459648
749 0.5472
750 0.792
751 1.3652
752 1.384568
753 1.387448
754 1.58232
755 1.877832
756 2.000672
757 1.707504
758 1.868912
759 2.646216
760 2.002928
761 2.411104
762 2.56196
764 3.318672
765 3.359808
766 2.19924
767 2.141808
768 4.016448
769 3.302032
770 3.481168
771 3.577592
772 3.795432
773 3.410416
774 2.809096
775 1.784192
776 1.86048
777 1.560472
778 1.96992
779 1.226752
780 1.783872
781 1.442088
782 1.400832
783 1.006848
784 0.76608
785 0.480168
786 0.842688
787 0.43776
