0 2.981312
1 3.014144
2 2.882816
3 2.849984
4 3.140928
5 2.904704
6 2.83904
7 2.740544
8 2.56544
9 2.828096
10 2.718656
11 3.189248
12 3.097152
13 2.89376
14 3.014144
15 2.773376
16 3.025088
17 2.904704
18 2.631104
19 2.817152
20 3.05792
21 3.0096
22 3.05792
23 2.94848
24 2.488832
25 1.865024
26 2.07936
27 1.85408
28 2.576384
30 3.05792
31 3.108096
32 2.915648
33 2.860928
34 2.642048
35 2.773376
36 2.587328
37 2.773376
38 2.62656
39 1.427272
40 1.488384
41 1.263104
42 1.926144
43 1.19744
44 1.302336
45 1.028736
46 0.97856
47 1.674432
48 2.094848
49 2.615616
50 2.149568
51 1.68992
52 2.473344
53 2.302784
54 2.302784
55 2.248064
56 2.068416
57 1.74464
58 1.871424
59 1.449152
60 2.320128
61 2.302784
62 2.07296
63 2.29824
64 1.985408
65 1.657088
66 2.528064
67 2.105792
68 2.07296
69 2.29824
70 1.96352
71 1.996352
72 2.287296
73 1.963448
74 2.302856
75 2.440512
76 2.280896
77 2.368448
78 2.221632
79 2.160512
80 2.466944
81 2.477888
82 2.714112
83 2.40128
84 2.215232
85 2.466944
86 2.473344
87 2.226176
88 2.029184
89 2.637504
90 2.357504
91 2.40128
92 2.259008
93 2.593728
94 2.56544
95 2.379392
96 2.434112
97 2.604672
98 2.160512
99 1.985408
100 1.543104
101 1.083456
102 1.077056
103 1.269504
104 1.263104
105 1.455552
106 1.400832
107 1.372536
108 1.772928
109 1.58048
110 1.772928
111 1.591424
112 2.057472
113 1.832192
114 1.52576
115 1.554048
116 1.31328
117 0.617408
118 0.393984
120 0.481536
121 0.777024
123 0.131072
124 1.941888
125 1.444608
126 1.219328
127 0.886464
128 0.93024
129 1.061568
130 0.967616
131 1.116288
132 0.722304
133 0.787968
134 0.912896
135 1.455552
136 1.481984
137 1.499328
138 1.241216
139 1.554048
140 1.499328
141 1.339712
142 1.685376
143 1.536704
144 1.707264
145 1.558592
146 1.991808
147 1.52576
148 1.411776
149 0.901952
150 1.575936
151 1.383488
152 1.58688
153 1.389888
154 1.328768
156 1.510272
157 1.263104
158 1.368
159 1.335168
160 1.394432
161 1.630656
162 1.295936
163 1.707264
164 1.383488
165 1.575936
166 1.011392
167 0.798912
168 0.404928
169 0.339264
170 0.262656
171 0.2736
172 0.251712
173 0.207936
174 0.16416
175 0.16416
211 0.153216
212 0.2672
213 0.689472
214 1.017792
215 0.755136
216 0.65664
217 0.43136
218 0.558144
219 0.49248
220 0.38304
221 0.284544
222 0.251712
223 0.229824
224 0.2736
225 0.350208
226 0.37664
227 0.459648
228 0.448704
229 0.459648
230 0.481536
231 0.361152
232 0.372096
234 0.354752
235 0.306432
236 0.339264
237 0.284544
238 0.186048
239 0.229824
240 0.251712
241 0.284544
242 0.350208
243 0.284544
244 0.284544
245 0.295488
246 0.223424
247 0.21888
248 0.16416
249 0.186048
250 0.153216
251 0.10944
252 0.131328
253 0.10944
254 0.076608
255 0.10944
256 0.175104
257 0.142272
259 0.087552
260 0.065664
261 0.05472
262 0.109568
263 0.120256
264 0.153216
265 0.131328
268 0.043776
286 0.087552
287 0.131328
288 0.087552
289 0.065664
290 0.065664
291 0.065664
292 0.065664
293 0.065664
295 0.065664
296 0.065664
297 0.05472
298 0.043776
299 0.081152
300 0.295488
301 0.2736
302 0.49248
303 0.700416
304 0.87552
305 0.934784
306 1.028736
307 0.886464
308 0.700416
309 0.628352
310 0.580032
311 0.678528
312 0.87552
313 0.912896
314 0.908352
315 0.667584
316 0.71136
317 0.853632
319 1.186496
320 1.072512
321 1.274048
322 1.499328
323 0.87552
324 0.847232
325 1.499328
326 1.236672
327 0.989504
328 1.575936
329 0.744192
330 0.836288
331 0.612864
332 0.404928
333 0.339264
334 0.295488
335 0.142272
336 0.098496
337 0.16416
338 0.175104
356 0.076608
357 0.803456
358 2.703168
359 2.609216
360 2.204288
361 1.996352
362 2.320128
363 2.335624
364 1.543104
365 1.438208
366 1.893312
367 0.912896
368 1.006848
369 1.510272
370 1.241216
371 1.904256
372 1.96352
373 2.193344
374 2.685824
375 2.736
376 2.576384
377 2.193344
378 2.313728
379 2.51712
380 2.477888
381 1.952576
382 2.166912
383 1.832192
384 2.302784
385 2.768832
386 1.722752
387 1.941608
388 2.549952
389 2.193368
390 2.521664
391 2.543552
392 2.331072
393 2.34656
394 2.56544
395 0.49248
396 3.068856
397 2.302784
398 2.637504
399 2.62016
400 2.12768
401 2.62016
402 2.943936
403 2.860928
404 2.7296
405 2.740544
406 2.718656
407 2.324672
408 2.309184
409 2.204288
410 2.696768
411 2.40768
412 1.68992
413 2.105792
414 2.860928
415 2.932992
416 2.466944
417 2.226176
418 2.773376
419 2.773376
420 2.1888
421 1.591424
422 2.707712
423 1.816704
424 2.412224
426 2.543552
427 3.05792
428 3.151872
429 2.51072
430 2.445056
431 1.952576
432 2.123136
433 1.657088
434 2.287296
435 2.062016
436 2.62016
437 2.587328
438 2.817152
439 2.90016
440 2.532608
441 2.740544
442 2.67488
443 2.259008
444 2.670336
445 2.598272
446 2.499776
447 2.379392
448 2.374848
449 1.68992
450 1.564992
451 1.131776
452 0.514368
453 0.864576
454 1.335168
455 0.97856
460 0.536256
461 0.043776
462 0.043776
464 0.043776
465 0.043776
466 0.043776
467 0.043776
468 0.043776
470 0.043776
471 0.043776
472 0.043776
473 0.043776
475 0.043776
476 0.032832
477 0.032832
478 0.043776
479 0.043776
480 0.043776
482 0.043776
483 0.043776
484 0.043776
486 0.032832
487 0.032832
488 0.032832
489 0.032832
491 0.032832
492 0.032832
493 0.032832
495 0.032832
496 0.032832
497 0.032832
498 0.032832
500 0.032832
501 0.032832
502 0.032832
504 0.032832
505 0.032832
506 0.032832
508 0.032832
509 0.032832
510 0.032832
511 0.032832
513 0.032832
514 0.032832
516 0.032832
517 0.032832
518 0.032832
519 0.032832
521 0.032832
522 0.026432
524 0.043776
526 0.065664
527 0.043776
528 0.043776
529 0.043776
530 0.043776
532 0.043776
533 0.043776
534 0.043776
535 0.032832
537 0.043776
538 0.043776
539 0.043776
540 0.043776
541 0.043776
543 0.05472
544 0.065664
545 0.558144
546 1.922464
547 0.807136
548 1.761984
549 1.25216
550 1.214784
551 1.324224
552 0.956672
553 1.214784
554 0.514368
555 0.175104
556 0.076608
557 0.153216
558 0.59552
559 1.718208
560 1.383488
561 1.597824
562 1.400832
563 1.19744
564 1.214784
565 1.14272
566 1.444608
567 1.324224
568 1.055168
569 1.444608
570 1.383488
571 1.608768
572 1.47744
573 1.449152
574 1.652544
575 1.405376
576 1.389888
577 1.066112
578 1.6416
579 1.613312
580 1.75104
581 1.241216
582 1.630656
584 1.602368
585 2.002752
586 1.6352
587 2.221632
588 2.083904
589 1.919744
590 2.090304
591 1.47104
595 0.908352
601 0.010944
602 1.488384
603 1.263104
604 2.068416
605 1.61332
606 0.689216
607 2.68608
608 2.12768
609 2.232576
610 1.821248
611 2.434112
612 2.51712
613 1.96352
614 2.313728
615 2.451456
616 1.985408
617 1.96352
618 1.849536
619 1.503872
620 1.335168
621 1.03968
622 0.891008
623 1.127232
624 0.864576
625 0.864576
626 0.59552
627 0.941184
628 1.006848
629 0.65664
630 0.48608
631 0.65664
632 0.634752
633 0.448704
634 0.525312
637 0.361152
638 0.120384
639 0.262656
640 0.245312
641 0.38304
642 0.339264
643 0.43776
645 0.32832
646 0.2736
647 0.196992
648 0.196992
649 0.262656
650 0.21888
651 0.2736
652 0.245312
653 0.153216
654 0.142272
655 0.623808
656 0.459648
657 0.514368
658 0.415872
659 0.207936
660 0.317376
662 0.372096
663 0.201536
664 0.722304
665 0.623808
666 0.16416
667 0.317376
668 0.16416
669 0.131072
670 2.52608
671 1.707264
672 1.335552
673 1.718208
674 1.295936
675 1.608768
676 1.755584
677 1.291392
678 0.678528
679 0.409472
680 0.404928
681 0.590976
682 0.404928
683 0.481536
684 0.448704
685 0.426816
686 0.354752
687 0.569088
688 0.415872
689 0.470592
690 0.853632
691 0.934784
692 1.269504
693 0.974016
694 1.025048
695 0.807144
696 1.25856
697 1.050624
698 0.628352
699 0.372096
700 0.229824
701 0.339264
703 0.229824
704 0.415872
705 0.952128
706 1.120832
707 2.199744
708 2.1824
709 2.357504
710 2.145024
711 1.492928
712 1.324224
713 1.241216
714 1.75104
715 1.777472
716 1.499328
717 0.809856
718 0.584576
719 0.38304
720 0.831744
721 1.52576
722 2.396736
723 1.985408
724 2.499776
725 2.812608
726 1.777472
727 1.624256
728 1.75104
729 1.79936
730 1.893312
731 1.109888
732 0.744192
733 0.503424
738 0.131072
739 2.335872
740 0.777024
741 0.71136
743 1.061824
744 0.814144
745 1.017792
746 2.269952
747 2.740536
748 2.714112
749 2.335616
750 2.040128
751 2.24352
752 2.051072
753 1.714528
754 1.781152
755 2.215232
756 1.378944
757 1.492928
758 2.834496
759 1.68992
760 1.543104
761 1.58048
762 1.411776
763 0.65024
764 0.831744
765 0.908352
766 1.350656
767 0.995904
768 0.38304
769 0.864576
770 1.58048
771 2.155968
772 1.810304
773 1.9152
774 1.6352
775 1.766528
776 1.80576
777 1.788416
778 2.046528
779 1.85408
780 2.155968
781 1.96352
782 1.985408
783 1.652544
784 1.186496
785 1.75104
786 1.558592
787 1.663488
788 0.908352
789 0.62836
790 1.028736
791 1.006848
792 0.87552
793 1.044224
795 1.663488
796 1.394432
797 1.017792
798 0.886464
799 0.901952
800 1.444608
801 0.853632
802 0.842688
803 1.777472
804 1.810304
805 1.280448
806 0.941184
807 0.880064
808 1.116288
809 0.919296
810 1.116288
811 1.000448
812 1.47744
813 1.186496
814 1.521216
815 1.335168
816 0.661184
817 1.006848
818 1.291392
819 1.164608
820 1.433664
821 1.591424
822 1.663488
823 1.230272
824 1.619712
825 1.777472
826 1.707264
827 1.613312
828 1.14912
829 1.017792
830 1.317824
831 1.707264
832 1.47104
833 1.597824
834 0.590976
835 0.49248
836 0.639296
837 0.886464
838 0.853632
839 1.164608
840 2.057472
841 1.700864
842 1.86048
843 1.558592
844 1.236672
845 1.247616
846 0.694016
847 1.630656
848 1.050624
849 1.066112
850 1.335168
851 1.066112
852 1.42272
853 1.466496
854 0.97856
855 1.138176
857 1.291392
858 1.6352
859 2.587328
860 2.466944
861 2.331072
862 1.74464
863 1.488384
864 1.503872
865 1.794816
866 1.241216
867 1.783872
868 1.985408
869 1.816704
870 2.248064
871 1.722752
872 1.488384
873 0.98496
874 1.241216
875 1.948032
876 1.919744
877 1.937088
878 1.077056
879 1.619712
880 1.558592
881 2.013696
882 2.280896
883 2.554496
884 2.313728
885 1.958976
886 1.941632
887 2.652984
888 1.871424
889 1.449152
890 0.941184
891 1.42272
892 1.733696
893 2.423168
894 2.440512
895 2.280896
896 2.543552
897 2.598272
898 3.053376
899 2.259008
900 2.488832
901 1.985408
902 2.692224
903 3.233024
904 2.871872
905 1.941632
906 2.368448
907 2.287296
908 3.211136
909 3.813056
910 3.473768
911 3.598744
912 3.955328
913 4.15232
914 4.469704
915 3.806656
916 3.239424
917 3.11264
918 3.48928
919 3.462848
921 3.079808
922 3.287744
923 3.162816
924 2.751488
925 2.587328
926 2.849984
927 2.926592
928 2.87172
929 2.499928
930 2.648448
931 3.156416
932 3.572288
933 3.353408
934 2.051072
935 0.908352
936 0.8144
937 1.378944
938 1.740096
939 1.985408
940 2.313728
941 2.521664
942 2.768832
943 2.56544
944 2.707712
945 2.7296
946 2.248064
947 3.108096
948 2.817152
949 1.96352
950 1.214784
951 1.591424
952 2.718656
953 2.819864
954 2.065704
955 2.23712
956 2.259008
957 2.177856
958 1.492928
959 2.89376
960 3.206592
961 2.466944
962 2.631104
963 2.773376
964 3.123584
965 2.521664
966 2.670336
967 2.335616
968 1.766528
969 2.155968
970 2.01824
971 2.149568
972 3.397184
973 3.243968
974 2.849984
975 2.911104
976 2.565416
977 2.959448
978 3.178304
979 2.871872
980 2.970368
981 3.145472
982 2.817144
983 2.817152
984 2.320128
985 2.12768
986 2.138624
987 2.51712
988 2.981312
989 2.94848
990 2.62016
991 3.725504
992 2.116736
993 1.718208
994 1.492928
995 2.02464
996 1.022336
997 1.69632
998 1.105344
999 1.131776
1000 2.499776
1001 3.11264
1002 1.904256
1003 2.12768
1004 2.385792
1006 1.449152
1007 1.96352
1008 3.320576
1009 3.243968
1010 3.38624
1011 3.265856
1012 3.178312
1013 2.834496
1014 2.499776
1015 2.423168
1016 3.999104
1017 3.867776
1018 3.22208
1019 2.642024
1020 2.160536
1021 2.046528
1022 2.215232
1023 2.477888
1024 3.287744
1025 2.521664
1026 3.11264
1027 3.2768
1028 3.2768
1029 3.298688
1030 2.889216
1031 2.926592
1032 2.488832
1033 2.817152
1034 2.696768
1035 2.287296
1036 2.543552
1037 2.981304
1038 3.60512
1039 3.791168
1040 3.320576
1041 3.675328
1042 3.2768
1043 3.298688
1044 3.086208
1045 2.56544
1046 2.1824
1047 2.105792
1048 2.374848
1049 1.941632
1050 2.105792
1051 2.57184
1052 2.412224
1053 1.985408
1054 2.473344
1055 1.492928
1056 1.80576
1057 1.788416
1058 2.116736
1059 2.484288
1060 2.138472
1061 1.701016
1062 2.276352
1063 1.79936
1064 2.265408
1065 1.372544
1066 1.849536
1067 1.41632
1069 2.105792
1070 2.287296
1071 2.07296
1072 2.193344
1073 2.79072
1074 1.952576
1075 2.105792
1076 2.801664
1077 2.40128
1078 2.34656
1079 2.56544
1080 2.685824
1081 2.757888
1082 1.974464
1083 1.832192
1084 2.40768
1085 1.569536
1086 2.557216
1087 2.153248
1088 2.094848
1089 2.313728
1090 2.648448
1091 2.335616
1092 2.07296
1093 2.714112
1094 1.85408
1095 1.766528
1096 1.42272
1097 1.569544
1098 1.58688
1099 1.269504
1100 1.25216
1101 1.761984
1102 1.3616
1103 2.02464
1104 1.569536
1105 1.53216
1106 1.044224
1107 1.455552
1108 1.843136
1109 2.276352
1110 2.12768
1111 1.674432
1112 1.657088
1113 1.777472
1114 1.926144
1115 1.558592
1116 1.882368
1117 1.85408
1118 1.783872
1119 1.613312
1120 2.29824
1121 2.029184
1122 1.897856
1123 2.342016
1124 2.204288
1125 2.29184
1127 2.440512
1128 1.68992
1129 1.821248
1130 1.849536
1131 1.74464
1132 2.725056
1133 2.248064
1134 1.974464
1135 2.51072
1136 2.199744
1137 2.051072
1138 2.379392
1139 2.560896
1140 1.96352
1141 1.952576
1142 2.145024
1143 1.985408
1144 2.335616
1145 2.757888
1146 1.405376
1147 2.390336
1148 2.40768
1149 2.280896
1150 1.865024
1151 2.254464
1152 2.215232
1153 2.083904
1154 2.342016
1155 2.138624
1156 2.138624
1157 2.473344
1158 2.412224
1159 2.204288
1160 2.473344
1161 2.138624
1162 2.07296
