0 2.149568
1 2.105792
2 2.07936
3 2.226176
5 1.810304
6 2.068416
7 1.689768
8 1.904256
9 1.263256
10 2.090304
11 2.094848
12 2.193344
13 2.4624
14 2.051072
15 2.29184
16 2.385792
17 2.062016
18 2.193344
19 2.177856
20 2.116736
21 2.817152
22 3.0032
23 2.762432
24 2.155968
25 1.460096
26 2.57184
27 2.543552
28 2.94848
29 2.29184
30 2.105792
31 2.539008
32 2.302784
33 2.379392
34 2.609216
35 2.703168
36 2.379392
37 2.171456
38 2.576384
39 1.893312
40 1.613312
41 2.177856
42 2.116736
43 2.160512
44 2.210688
45 1.569536
46 1.674432
47 1.733696
48 1.893312
49 1.700864
50 2.379392
51 1.838592
52 1.74464
53 1.926144
54 1.985408
55 2.149568
56 1.96992
57 1.810296
58 1.926144
59 1.821248
60 2.24352
61 1.9088
62 2.007296
63 2.385792
64 2.280896
65 1.9088
66 1.96992
67 1.624256
68 2.013696
69 1.985408
70 1.79936
71 2.451456
72 1.985408
73 1.882368
74 1.47104
75 1.685376
76 1.449152
77 1.816704
78 1.41632
79 1.564992
80 1.284992
81 1.291392
82 1.105344
83 0.86912
84 1.127232
85 1.03968
86 0.573632
87 1.072512
88 1.050624
89 0.580032
90 0.37664
91 0.623808
92 0.503424
93 0.60192
94 0.32832
95 0.251712
96 0.2736
97 0.240768
153 0.196992
154 0.245312
155 0.864576
156 1.050624
157 0.941184
158 1.055168
159 1.225728
160 1.214784
161 1.011392
162 1.236672
163 1.14912
164 0.75968
165 0.87552
166 0.689472
168 0.49248
169 0.86912
170 0.667584
171 0.76608
172 1.127232
173 0.901952
174 0.853632
175 1.072512
176 1.208384
177 1.411776
178 1.42272
179 1.022336
180 1.225728
181 1.164608
182 1.127232
183 1.247616
184 0.86912
185 1.236672
186 1.302336
187 1.58048
188 1.674432
189 1.022336
190 1.247616
191 1.674432
192 1.14272
193 0.864576
194 0.831744
195 0.86912
196 1.269504
197 1.214784
198 0.770624
199 1.050624
200 0.908352
201 0.934784
202 1.160064
203 0.755136
204 0.733248
205 0.628352
206 0.722304
207 0.689472
208 0.5472
209 0.65664
211 0.683072
212 0.908352
213 0.93024
214 1.006848
215 0.901952
216 1.083456
217 1.017792
218 0.858176
219 0.842688
220 0.71136
221 0.689472
222 0.755136
223 0.639296
224 0.919296
225 0.941184
226 0.880064
227 1.564992
228 1.711808
229 1.926144
230 1.350656
231 1.575936
232 1.499328
233 1.30688
234 1.674432
235 1.186504
236 1.707264
237 1.317824
238 1.31328
239 1.072512
240 0.59552
241 0.76608
242 0.908352
243 0.798912
244 0.88004
245 1.192896
246 1.214784
247 1.055192
248 1.214784
249 1.028736
250 1.022336
251 0.963072
252 0.941184
253 1.14272
254 1.236672
255 1.269504
256 1.03328
257 1.302336
258 1.302336
259 1.19744
260 1.521216
261 1.613312
262 1.466496
263 1.263104
264 1.236672
265 1.181952
266 1.219328
267 1.980864
268 1.295936
269 1.389888
270 1.274048
271 1.291392
272 1.42272
273 1.306856
275 1.389888
276 1.219352
277 2.287296
278 1.722752
279 2.166912
280 1.284992
281 1.575936
282 1.164608
283 1.685376
284 1.492904
285 1.783872
286 2.018264
287 1.729152
288 1.120824
289 1.575936
290 1.492928
291 1.510272
292 1.25856
293 0.672128
294 1.20384
295 1.072512
296 0.661184
297 0.645696
298 0.798912
299 0.667584
300 0.678528
301 0.726848
302 0.831744
303 0.831744
304 1.192896
305 1.25216
306 1.488384
307 1.821248
308 2.105792
309 1.937088
310 1.328768
311 0.886464
312 0.5472
313 0.470592
314 0.5472
315 1.164608
316 1.378944
317 1.466496
318 1.755584
319 1.613312
320 1.86048
321 1.41632
322 1.488384
323 1.116288
324 1.350656
325 1.575936
326 1.098944
327 1.368
328 1.181952
329 0.901952
330 1.247616
331 1.105344
332 0.748736
333 0.700416
334 1.105344
335 0.634752
336 0.75968
338 0.295488
339 0.196992
340 0.043776
341 0.43776
342 0.120384
343 0.590976
344 0.536256
345 0.667584
346 0.295488
347 0.092096
349 0.076608
350 0.76608
351 1.291392
352 1.127232
353 1.317824
354 1.389888
355 0.792512
356 1.357056
357 1.711808
358 1.69632
359 1.061568
360 0.836288
361 1.948032
362 2.01824
363 2.02464
364 2.029184
365 2.412224
366 2.357504
367 2.342016
368 2.160512
369 2.488832
371 2.83904
372 2.95488
373 1.427264
374 2.269952
375 2.582784
376 2.532608
377 2.740544
378 3.11264
379 3.0032
380 3.025088
381 3.068864
382 3.44096
383 3.233024
384 3.430016
385 2.642048
386 2.90016
387 3.025096
388 2.7296
389 2.456
390 1.875968
391 2.539008
392 2.23712
393 1.996352
394 1.455552
395 1.400832
396 1.52576
397 2.29184
398 2.915648
399 3.287744
400 3.955328
401 2.871872
402 2.922048
403 2.576384
404 2.806208
405 2.981312
406 2.806208
407 2.007296
408 1.794816
409 1.481984
410 1.017792
411 0.919296
412 0.700416
413 0.847232
414 1.926144
415 1.777472
416 1.192896
417 1.460024
418 2.199744
419 1.558664
420 1.20384
421 0.689472
422 0.891008
423 1.455552
424 1.740096
425 1.514816
426 1.75104
427 1.897856
428 1.711808
429 2.331072
430 1.208384
431 1.389888
432 1.383488
433 1.794816
434 1.31328
435 1.241216
436 1.597824
437 1.591424
438 2.652992
439 2.915648
441 3.2768
442 3.250368
443 2.434112
444 2.466944
445 2.226176
446 2.440512
447 1.985408
448 2.12768
449 2.374848
450 2.105792
451 2.598272
452 1.871424
453 2.40128
454 2.335616
455 2.620152
456 1.772928
457 1.230272
458 2.057472
459 1.503872
460 0.963072
461 1.028736
462 0.803456
463 1.444608
464 2.029184
465 2.68128
466 2.368448
467 1.941632
468 2.642048
469 2.1888
470 2.598272
471 2.259008
472 2.78432
473 1.718208
474 1.25856
475 0.442304
476 1.411776
477 1.722752
478 2.123136
479 2.29184
480 2.412224
481 2.13408
482 2.105792
483 2.002752
484 3.079808
485 1.9088
486 2.083904
487 2.07936
488 2.532608
489 3.243968
490 1.492928
491 4.31648
492 4.447808
493 3.856832
494 3.76288
495 3.2768
496 3.2768
497 3.129984
498 2.423168
499 2.007296
500 2.707712
501 2.937536
502 3.178304
503 3.572136
504 3.014296
505 3.254912
506 4.020992
507 4.272704
508 4.458752
509 3.959872
511 3.068872
512 5.093504
513 4.616512
514 4.655744
515 4.601024
516 3.839488
517 3.71456
518 2.860928
519 4.053824
520 5.290496
521 1.810304
522 1.930688
523 2.02464
524 1.492928
525 1.794816
526 1.514792
527 2.506176
528 3.123608
529 2.07296
530 2.138624
531 2.254464
532 1.74464
533 2.280896
534 2.418624
535 2.445048
536 4.787072
537 4.331968
538 4.633856
539 3.900608
540 3.451904
541 3.408128
542 3.664384
543 4.48064
544 3.93344
545 3.944384
546 3.156416
547 3.025088
548 3.824
549 3.462848
550 3.22208
551 3.309632
552 3.412672
553 3.637952
554 2.926592
555 2.932992
556 2.56544
557 2.445056
558 1.865024
559 2.057472
560 1.996352
561 2.740544
562 2.101248
563 1.974464
564 2.23712
565 2.57184
566 1.788416
567 2.193344
568 2.703168
569 2.368448
570 1.810304
571 2.725056
572 2.488832
573 2.937536
574 2.62016
575 2.762432
576 2.685824
577 2.473344
578 2.12768
579 1.952576
580 1.871424
581 1.85408
582 1.991808
583 1.427264
584 1.6416
585 1.394432
586 1.893312
587 1.668032
588 1.871424
589 1.6352
590 1.729152
591 1.109888
592 0.886464
593 1.017792
595 0.781568
596 0.678528
597 1.072512
598 1.017792
599 1.219328
600 1.466496
601 0.733248
602 0.70496
603 1.31328
604 0.404928
605 0.76608
606 0.453248
607 1.411776
608 0.755136
609 0.645696
610 0.628352
611 0.667584
612 0.251712
613 1.236672
614 2.226176
615 1.999072
616 1.660768
617 1.624256
618 2.374848
619 1.022336
620 1.302336
621 1.444608
622 1.449152
623 1.127232
624 1.028736
625 0.475136
626 0.590976
627 0.503424
628 0.372096
629 0.448704
630 0.470592
632 0.497024
633 0.558144
634 0.2736
635 0.21888
636 0.284544
637 0.798912
638 1.536704
639 2.123136
640 1.14272
641 0.514368
642 0.426816
643 0.306432
644 0.645696
645 0.667584
646 0.661184
647 1.411776
648 1.52848
649 1.09168
650 1.761984
651 1.492936
652 2.226176
653 2.528064
654 1.624256
655 1.028736
656 0.623808
657 0.748736
658 0.864576
659 0.87552
660 1.536704
661 1.411776
662 1.6416
663 1.755584
664 1.31328
665 0.934784
666 1.80576
667 2.324672
668 1.893312
669 1.886912
670 1.897856
671 1.948032
672 1.569536
673 1.772928
674 1.52576
675 1.105344
676 1.20384
677 2.062016
678 1.79936
679 1.729152
680 1.569536
681 2.068416
682 2.379392
684 2.259008
685 2.692224
686 2.412224
687 2.532608
688 1.985408
689 2.659392
690 2.40128
691 2.280896
692 2.259008
693 2.309184
694 2.149568
695 2.062016
696 1.9152
697 2.01824
