0 0.677856
1 2.51712
2 1.602896
3 1.269112
4 1.239888
5 1.191224
6 1.43292
7 1.246624
8 1.326376
10 0.995368
11 1.051168
12 1.147792
13 1.381776
14 1.434544
15 1.353704
16 1.088944
17 1.117168
18 0.746096
19 0.8254
20 0.801184
21 0.60732
22 0.426648
23 0.306432
24 0.258224
25 0.32832
26 0.481488
27 0.569448
28 0.29828
30 0.526072
31 0.306432
32 0.3924
33 0.73916
34 0.74128
35 0.262584
36 0.402256
37 0.393984
38 0.438368
39 0.421216
40 0.523424
42 0.350208
43 0.310728
44 0.196992
45 0.571248
46 0.964992
47 0.82612
48 0.81372
49 0.61524
50 1.0038
51 0.761216
52 0.724176
53 0.950952
54 0.792664
55 0.937336
56 0.97384
57 0.702464
58 0.996184
59 0.908248
60 0.78848
61 0.864936
62 1.180048
64 0.783104
65 0.514368
66 0.239344
67 0.737864
68 0.841864
69 0.831248
70 0.81984
71 0.653056
72 0.610816
73 0.567152
74 0.196992
76 0.533176
77 0.535216
78 0.497992
79 0.795056
80 0.58904
81 0.607624
82 0.284536
83 0.541696
84 0.722936
85 0.531448
86 0.423656
87 0.842096
88 0.623864
89 0.572752
90 0.207936
91 0.216296
92 0.430096
93 0.449088
94 0.683544
95 0.552288
96 0.847336
97 0.963216
98 1.110152
99 1.057664
100 0.972344
101 0.68848
102 0.73756
103 0.413936
104 0.28736
105 0.711848
106 0.77504
107 0.57732
108 0.71948
110 0.738672
111 0.710832
112 0.700344
113 0.763312
114 0.440264
115 0.638248
116 0.576704
117 0.585576
118 0.362896
119 0.262656
120 0.182952
121 0.393728
122 0.792432
123 0.677816
125 0.824376
126 0.746496
127 0.676912
128 0.143888
129 0.464064
130 0.676304
131 0.765
132 0.78792
133 0.862384
134 0.864944
135 0.629624
136 0.458232
137 1.04704
138 0.919656
139 0.952008
140 1.14988
141 1.121112
142 1.08564
143 0.974752
144 0.6374
145 0.58368
146 0.44824
147 0.477928
148 0.662192
149 1.144376
151 0.744032
152 0.714696
153 0.783432
154 0.524848
155 0.153216
157 0.131072
158 1.545496
159 1.434496
160 1.226648
161 1.22728
162 1.230192
163 1.229864
164 1.107712
165 1.093184
167 1.064088
168 0.5472
169 0.760848
170 1.12236
171 0.874808
172 0.954696
173 1.278472
174 1.017056
175 1.397352
176 1.072704
177 0.783088
178 0.4936
179 0.623016
180 0.675424
181 0.474248
182 0.499552
183 0.457656
184 0.582976
185 0.94772
187 1.146112
188 1.091536
189 1.19416
190 1.104064
191 0.850928
192 0.861128
193 0.761952
194 0.719872
195 0.529616
196 0.665344
197 0.207936
198 0.210168
200 0.317376
201 0.46564
202 0.608488
203 0.412792
204 0.196992
205 0.768552
206 1.127048
207 1.161056
208 0.79372
209 0.963608
210 1.016768
211 1.227224
212 1.197704
213 1.100904
214 1.244128
215 1.091192
217 1.10052
218 1.10444
219 1.221792
220 0.973776
221 1.20604
222 1.155752
223 1.157072
224 1.301128
225 1.171696
226 1.128424
227 1.028464
228 0.965888
229 1.194944
230 1.093152
231 1.131944
232 0.90084
233 0.522344
234 0.848096
235 1.039352
236 1.078128
237 1.156544
238 1.480776
240 1.575184
241 1.119144
242 0.968824
243 1.11708
244 1.00984
245 0.966224
246 0.88156
247 0.950336
248 1.072016
249 1.029448
250 0.898256
251 0.806344
252 1.048896
253 1.118168
254 1.340688
255 1.013144
256 1.173808
257 0.996112
259 1.034552
260 1.16604
261 1.13736
262 1.161568
263 1.08256
264 0.876136
265 1.142664
266 1.202136
267 1.007616
268 1.073568
269 1.18392
270 1.094296
271 1.02008
272 1.006632
273 1.200072
274 1.009112
276 1.123608
277 1.023144
278 0.959304
279 1.29496
280 1.170112
281 1.105184
282 1.029872
283 1.056128
285 1.145544
286 1.0282
287 0.958056
288 0.721208
289 0.932936
290 0.761744
291 0.448616
292 0.57904
293 0.799496
294 0.939776
295 1.048024
296 1.347264
297 1.398088
298 1.081016
299 0.928936
301 1.376048
302 1.216632
303 0.771856
304 0.869112
305 1.204704
306 1.12496
307 1.061424
308 0.696912
309 0.749056
310 0.412408
311 0.42416
312 0.472808
313 0.32832
314 0.131072
322 0.049744
323 0.51784
324 0.63484
325 0.687544
326 1.006888
327 1.006296
328 1.355824
329 1.318192
331 1.37588
332 1.243808
333 1.228672
334 1.256496
335 1.293512
336 1.311648
337 1.300736
338 1.197976
339 0.986408
340 1.283064
341 1.166976
342 1.30944
343 1.034496
344 1.182536
345 1.181984
346 1.138712
348 0.59636
349 0.098496
350 0.270304
351 0.415872
352 0.632488
353 0.997352
355 1.039464
356 1.171088
357 1.34432
358 1.235136
359 1.342552
360 0.933152
361 0.89204
362 0.989152
363 1.181384
364 1.082256
365 1.301816
366 0.88196
368 0.196992
369 0.098496
370 0.119264
372 0.57636
373 0.735512
374 0.503288
375 0.482296
376 0.45408
377 0.57648
378 0.543456
379 0.560496
380 0.503424
381 0.285904
382 0.423856
383 0.522224
384 0.629424
385 0.448704
386 0.194976
387 0.630968
388 1.073632
390 1.170072
391 1.273
392 1.307752
393 0.983872
394 1.027256
395 0.818328
396 1.122216
397 0.99848
398 1.408
399 1.006016
400 0.936464
401 0.970984
402 0.7938
403 0.358104
404 0.468664
405 0.89164
406 0.729
407 0.597496
408 0.551952
410 0.644336
411 0.637376
412 0.399536
413 0.502656
414 0.426816
415 0.391008
416 0.402584
417 0.361152
418 0.306312
419 0.317376
420 0.275952
421 0.401544
422 0.195064
423 0.252952
424 0.196992
425 0.142272
431 0.094072
432 0.098496
434 0.186048
435 0.16416
436 0.08144
437 0.107504
438 0.196992
439 0.359368
440 0.186048
441 0.131328
442 0.21888
443 0.104064
444 0.16416
446 0.229824
447 0.173536
448 0.32832
450 0.087552
452 0.183952
454 0.229824
455 0.16416
456 0.3796
457 0.39404
458 0.562888
459 0.426816
460 0.191544
461 0.339264
463 0.235032
464 0.595456
465 0.262656
466 0.142272
468 0.31616
469 0.131328
470 0.307936
472 0.542384
473 0.459648
474 0.278872
475 0.27968
476 0.207936
477 0.196992
509 0.021888
510 0.334032
511 1.340616
512 1.609944
513 1.659328
514 1.621232
515 1.344272
516 1.675688
517 1.653368
518 2.130512
519 1.87972
520 1.789104
521 1.537712
523 2.467184
524 1.910872
525 1.763072
526 2.041064
527 1.922448
528 1.433424
529 1.259672
530 1.349736
531 1.342736
532 1.066344
533 1.167176
534 0.98396
535 1.079128
536 1.11084
537 1.194344
538 2.13772
539 2.008384
540 2.13816
542 1.628664
543 1.994072
544 2.12184
545 1.300792
546 1.55636
547 1.51352
548 1.233248
549 1.360088
550 1.548592
551 1.489584
552 1.581032
553 1.429288
554 1.476848
555 1.515448
556 1.701696
557 1.544392
558 1.551168
559 2.004864
560 1.590144
561 1.760544
562 1.626616
563 1.955688
564 1.574984
565 1.418224
566 1.985464
567 1.48716
568 1.467816
569 1.88516
571 1.699648
572 2.000624
573 1.89652
574 1.968456
575 1.462216
576 1.818056
577 1.550416
578 1.131192
579 1.580336
580 1.199128
581 1.270992
582 1.078984
583 0.861496
584 1.230224
585 0.943296
586 0.570056
588 0.328872
589 1.045192
590 1.02692
591 1.102928
592 0.614144
593 0.565152
594 0.556384
595 0.863496
596 1.389752
597 0.967184
598 1.012224
599 0.82032
600 1.099912
601 1.331584
603 1.2904
604 1.077128
605 0.82048
606 0.850016
607 0.824072
608 0.799512
609 0.366176
610 0.502976
612 0.782032
613 0.906448
614 0.653496
615 0.15916
616 0.38304
617 0.68624
618 1.288024
620 1.589888
621 1.250368
622 1.0114
623 1.4064
624 1.279824
625 1.062528
626 0.982024
627 0.903784
628 0.88624
629 0.70736
630 0.876096
631 0.720776
632 1.19936
633 0.984008
634 0.972056
635 0.785744
636 0.925592
637 0.930024
638 0.533752
639 0.630752
640 0.79908
641 1.220056
642 0.897536
643 0.535416
645 0.63044
646 0.600928
647 0.74452
648 1.067208
649 1.031112
650 0.931064
651 0.745848
652 0.921872
653 0.673824
654 0.52696
655 0.670352
656 0.7436
657 0.62172
658 0.950168
659 0.728264
660 0.888296
661 0.707344
662 0.908216
663 0.62852
664 0.670016
665 0.6658
666 0.624848
667 0.668848
668 0.817856
669 0.621384
671 0.514368
672 0.138968
673 0.2736
674 0.682936
675 0.57676
676 0.742216
677 0.767888
678 0.82716
679 0.733352
680 0.953816
681 0.807904
682 0.764304
683 0.878864
684 0.626328
685 0.722424
686 0.627464
687 0.824392
688 0.860544
689 0.38328
690 0.623408
691 0.47164
692 0.689472
693 0.576032
694 0.595616
696 0.333376
697 0.43776
698 0.372776
699 0.588144
700 0.600968
701 0.661496
702 1.08816
703 0.691592
704 0.863088
705 1.050608
706 0.920736
707 0.4858
708 0.262656
709 0.210712
710 0.2736
711 0.32868
712 0.641376
713 0.637984
714 0.307992
715 0.449312
716 0.47228
717 0.814176
718 0.594656
719 0.558144
720 0.365528
721 0.32808
723 0.428944
724 0.536256
725 0.528896
726 0.47892
727 0.558144
728 0.550168
729 0.65336
730 0.711776
731 0.504536
732 0.46292
733 0.404928
734 0.360352
735 0.40532
736 0.529784
737 0.532888
738 0.560824
739 0.652232
740 0.45672
741 0.49156
742 0.64964
743 0.603864
744 0.507376
745 0.579248
746 0.614656
747 0.565376
748 0.614288
749 0.804576
750 0.594776
752 0.450664
753 0.564
754 0.79392
755 0.749344
756 0.709736
757 0.552976
758 0.409536
759 0.332952
760 0.637232
761 0.88068
762 0.581784
763 0.404992
764 0.271672
765 0.498536
766 0.474536
767 0.503424
768 0.520128
769 0.535632
770 0.541192
771 0.57828
772 0.65328
773 0.461872
774 0.603632
775 0.388568
776 0.350208
777 0.34744
778 0.56976
779 0.568048
780 0.49648
781 0.426816
782 0.437264
783 0.426896
784 0.649512
785 0.43736
786 0.481536
787 0.463984
788 0.538104
790 0.449312
791 0.53256
792 0.26284
793 0.393984
794 0.416464
795 0.389208
796 0.416648
797 0.476304
798 0.574816
799 0.53168
800 0.604496
801 0.527584
802 0.74672
803 0.675688
804 0.565
805 0.575184
806 0.635696
807 0.528672
808 0.437608
809 0.56316
810 0.538512
811 0.575288
812 0.712512
813 0.817784
814 0.551904
815 0.516384
816 0.8198
818 0.86636
819 0.71356
820 0.794248
821 0.675888
822 0.718144
823 0.409816
824 0.512224
825 0.510216
826 0.466456
827 0.5472
828 0.30828
829 0.541168
830 0.997128
831 1.006872
832 0.795672
833 1.110264
834 1.13112
835 1.276944
836 1.267976
837 0.981136
838 0.860544
839 0.930384
840 0.77852
841 0.896048
842 0.92888
844 0.78248
845 0.3996
846 0.51552
847 0.806256
848 0.75332
849 0.594448
850 0.873152
851 0.77736
852 0.350208
853 0.232248
854 0.378112
855 0.470592
856 0.539264
857 0.498776
858 0.42652
859 0.469752
860 0.701904
861 0.559136
862 0.61016
863 0.372096
864 0.35756
865 0.32744
866 0.503424
867 0.34108
868 0.251712
870 0.245672
871 0.49248
872 0.283512
873 0.240768
874 0.212072
875 0.240768
876 0.240768
877 0.16904
878 0.131328
879 0.175104
880 0.240768
881 0.22552
882 0.361152
883 0.171312
884 0.240768
885 0.147712
886 0.295488
887 0.238568
888 0.32832
889 0.322024
890 0.426384
891 0.362176
893 0.470592
894 0.236288
895 0.294456
896 0.31544
897 0.264624
898 0.251712
899 0.131072
901 0.316248
902 0.175104
903 0.229824
904 0.27836
905 0.32832
906 0.149352
907 0.2736
908 0.227688
909 0.207936
910 0.21888
911 0.191672
912 0.2736
913 0.16416
914 0.142272
915 0.109672
916 0.120384
917 0.481536
918 0.4606
919 0.363264
920 0.430496
921 0.415872
923 0.347536
924 0.341704
925 0.32832
926 0.316376
927 0.569088
928 0.449968
929 0.667584
930 0.355064
931 0.509
932 0.466448
933 0.606912
934 0.602304
935 0.771472
936 0.646792
937 0.721864
938 0.739544
939 0.637504
940 0.461936
941 0.38304
942 0.158704
943 0.240768
944 0.165664
945 0.175104
946 0.262656
947 0.322888
948 0.442432
949 0.404928
950 0.226192
951 0.361152
952 0.640856
953 0.543704
954 0.730784
955 0.731784
956 0.896448
957 0.709424
958 0.650888
959 0.647328
960 0.435216
961 0.493672
962 0.455248
964 0.40832
965 0.317376
966 0.39156
967 0.43872
968 0.330304
969 0.207936
970 0.21524
971 0.459648
972 0.565376
973 0.531008
974 0.65664
975 0.550872
976 1.083528
977 1.019448
978 0.875416
979 0.926704
980 1.010408
981 0.968848
982 0.959144
984 1.259056
985 1.002368
986 0.826176
987 1.268032
988 1.29448
989 1.102344
990 1.31408
991 0.980656
992 0.979144
993 0.87304
994 1.47216
995 1.221304
996 1.19236
997 1.173896
998 1.197456
999 1.330024
1000 1.338696
1001 1.155544
1002 1.352584
1003 1.248472
1004 1.199448
1005 0.997648
1006 1.030984
1008 1.36684
1009 1.204248
1010 0.820352
1011 0.712296
1012 1.176664
1013 1.262128
1014 1.02152
1015 1.052584
1016 1.423304
1017 1.050856
1018 0.965272
1019 0.722512
1020 0.598232
1021 0.566352
1022 0.66404
1023 0.823456
1024 0.76852
1025 0.916064
1026 0.412416
1027 0.189536
1029 0.455832
1030 0.426816
1031 0.361152
1034 0.07248
1040 0.131328
1041 0.339264
1042 0.533312
1043 0.428352
1044 0.393984
1054 0.093744
1055 0.852488
1056 0.84888
1057 0.993336
1058 0.929336
1059 0.811976
1060 0.646024
1061 0.764376
1063 0.731592
1064 0.815384
1065 0.572008
1066 0.751272
1067 0.748264
1068 0.845632
1069 0.841904
1070 0.529088
1071 0.646752
1072 0.674416
1073 0.666104
1074 0.966728
1075 0.592064
1076 0.752184
1078 0.920456
1079 1.005856
1080 0.944456
1081 0.763328
1082 1.165888
1083 1.066184
1084 1.062208
1086 1.070376
1087 1.113584
1088 1.152376
1089 1.136792
1090 1.222168
1091 1.22116
1092 1.311328
1093 1.11732
1094 1.103088
1095 1.08544
1096 0.985752
1097 0.993888
1098 1.276136
1099 1.032184
1100 1.148432
1101 1.223752
1102 1.211904
1103 1.229144
1104 1.138632
1105 1.374528
1106 0.95124
1107 1.0834
1108 1.349064
1110 1.648216
1111 1.135688
1112 0.7866
1113 1.24936
1114 1.186392
1115 1.014256
1116 1.195448
1117 1.251344
1118 1.093104
1119 1.072432
1120 1.054352
1121 1.036648
1122 0.953736
1124 1.007096
1125 0.984408
1126 1.219304
1127 1.075832
1128 1.093248
1129 1.037504
1130 1.105736
1131 1.186224
1132 0.819512
1133 0.503424
1134 0.851408
1135 1.09768
1136 1.182016
1137 0.909096
1138 1.272352
1139 0.90204
1140 1.140288
1141 0.858312
1142 1.010432
1144 1.11068
1145 1.023984
1146 0.795616
1147 0.575816
1148 0.383776
1149 0.576664
1150 1.015176
1151 1.394792
1152 1.01204
1153 0.982384
1154 1.00928
1155 1.041408
1156 1.018072
1157 0.975752
1158 1.196208
1159 1.107656
1161 1.249304
1162 1.004528
1163 1.125928
1164 1.061952
1165 0.912784
1166 0.886568
1167 1.150544
1168 1.197496
1169 1.251216
1170 1.201264
1171 1.158016
1172 1.190488
1173 1.444104
1174 1.036096
1175 1.004096
1176 1.298808
1178 1.145152
1179 1.465872
1180 1.818752
1181 1.25828
1182 1.23404
1183 0.720496
1184 1.024168
1185 0.946736
1186 1.01612
