0 3.736984
5 0.131072
7 0.936896
8 0.38304
9 0.606
10 0.7438
11 1.360272
12 1.40016
13 1.690008
14 2.314984
15 2.623656
16 2.957496
17 2.630968
19 2.682288
20 3.097008
21 3.78792
22 3.012608
23 3.5348
24 4.019904
25 3.049624
26 2.378232
27 2.298592
28 2.4872
29 2.798072
30 3.139472
31 2.828712
32 2.346424
33 1.678928
34 3.240632
35 3.881328
36 3.757128
37 3.011504
38 3.806592
39 3.593944
40 3.855016
41 2.605432
42 2.09896
43 2.155968
44 1.467408
45 1.813496
46 2.396736
47 2.612144
48 3.47552
49 3.399848
50 3.618912
51 3.881168
53 5.127544
54 3.250336
55 2.571152
56 3.055832
57 3.529496
58 3.311712
59 3.013424
60 3.001728
61 3.122808
62 2.853216
63 3.248768
64 3.202808
65 3.902768
66 3.177304
67 3.683464
68 3.229008
69 3.490168
70 2.217568
71 2.193728
72 2.827984
73 3.710016
74 2.12772
75 3.011056
76 2.44252
77 3.139928
79 4.477352
80 3.4716
81 3.603744
82 4.077272
83 4.066352
84 3.258976
85 3.336208
86 2.725056
87 2.078328
88 2.502064
89 3.44736
90 1.482272
91 2.213448
92 2.659392
93 2.009176
95 2.783536
96 2.287296
97 0.875208
98 2.068416
99 2.002008
100 1.69632
101 1.58688
102 1.775576
103 2.225048
104 1.86948
105 1.995896
106 2.056304
107 1.874368
108 2.35296
109 2.014128
110 2.328112
111 2.370296
112 2.39052
113 2.536056
114 3.217536
115 2.899208
116 3.782216
117 2.746944
118 2.759888
119 2.689216
120 2.604672
122 3.006024
123 3.554648
124 3.575952
125 3.56888
126 2.965464
127 1.9914
128 2.528064
129 2.608368
130 1.57892
131 3.250016
132 3.745128
133 3.804168
134 3.23788
135 3.219096
136 3.387904
137 3.535768
138 3.463224
139 2.785624
140 3.524608
141 3.628504
142 4.70592
143 2.769536
145 6.683656
146 2.396736
147 2.309184
148 2.458328
149 3.414528
150 3.315768
151 4.075368
152 3.690632
153 3.897928
154 3.33792
155 2.4144
156 4.016448
157 3.999408
158 3.545856
159 0.131072
160 6.709768
161 2.440512
162 2.616008
163 3.010704
164 2.856384
165 2.136392
166 2.155968
167 2.057472
168 1.743184
169 3.355032
170 3.311344
171 2.854728
172 2.88344
173 3.04308
174 2.836416
175 2.976872
176 2.981752
177 2.669088
178 2.641504
179 2.756248
180 2.647864
181 3.097016
182 3.093672
184 3.464056
185 2.791256
186 3.254632
187 3.847112
188 3.6616
189 4.467736
190 0.207936
193 6.492776
194 1.991808
195 2.503728
196 2.648624
197 2.782552
198 2.614776
199 2.030304
200 2.593728
201 1.934792
202 2.396736
204 1.864048
205 2.265408
206 1.183896
207 2.177856
208 2.457288
209 3.0274
210 2.753672
211 2.244296
212 2.33108
213 2.64212
214 3.764704
215 3.540936
216 3.414752
217 3.109608
218 2.52232
219 2.803328
220 2.418624
221 1.755392
222 1.728056
223 1.904256
224 1.477024
225 2.418624
226 1.024688
227 2.648448
228 2.329312
229 2.536976
230 2.429568
231 2.031232
232 2.172072
233 2.099448
234 1.543104
235 1.362376
236 1.783872
237 1.608464
238 1.6416
239 1.499328
240 1.447576
241 2.210688
242 2.335296
243 2.363904
245 1.925184
246 2.604672
247 2.51596
248 2.325264
249 3.33792
250 2.812384
251 2.351864
252 2.17588
253 2.35356
254 1.827648
255 0.522568
256 1.171008
257 1.640264
258 1.366952
259 1.612248
260 1.302336
261 1.899336
262 1.561296
263 1.926144
264 1.772928
265 1.969336
266 2.1888
267 1.816704
268 1.576616
269 2.07936
270 1.649264
271 1.624296
272 2.29824
273 1.603648
274 2.112192
275 1.353472
276 2.276352
277 1.728688
278 1.980864
279 1.65392
280 2.07936
281 1.485848
282 1.236672
283 0.908352
284 0.793952
285 1.072512
286 0.93024
287 0.941184
288 0.559176
289 0.842688
291 1.006848
292 0.496088
293 0.262656
294 0.590976
295 0.426816
296 0.60192
297 0.379024
298 0.38304
299 0.634752
300 0.652632
301 0.470592
302 0.2736
303 0.240768
304 0.240768
305 0.23328
306 0.404928
307 0.452096
308 0.43776
309 0.196992
310 0.14136
311 0.065664
329 0.021888
330 0.10944
331 0.10944
332 0.10944
334 0.0826
335 0.483704
336 0.562544
337 0.609784
338 0.394152
339 0.604224
340 0.533456
341 0.604536
342 0.578232
343 0.549992
344 0.563896
345 0.87456
346 0.591792
347 0.623464
348 0.612368
349 0.713352
350 0.989768
351 0.778096
352 0.524272
353 0.339264
356 0.131072
357 1.338256
358 0.448848
359 0.192264
360 0.306432
361 0.131328
363 0.078128
364 0.087552
365 0.098496
366 0.098496
367 0.175048
368 0.361152
369 0.252768
370 0.420992
371 0.597136
372 0.518248
373 0.441576
374 0.46532
375 0.334856
376 0.303272
377 0.21888
378 0.223728
380 0.441328
381 0.45828
382 0.454728
383 0.496344
384 0.511112
385 0.532928
386 0.536256
387 0.295824
388 0.461768
389 0.448704
390 0.23744
391 0.284544
392 0.16416
393 0.127712
394 0.361152
395 0.201296
396 0.295488
397 0.194752
398 0.38304
399 0.178536
401 0.479304
402 0.527272
403 0.490576
404 0.2736
416 0.05472
417 0.043776
418 0.065664
419 0.043776
420 0.028544
421 0.009008
422 0.05472
423 0.175104
425 1.297072
426 1.001968
427 0.945896
428 1.163648
429 1.248416
430 1.332904
431 1.267168
432 1.57444
433 1.52928
434 1.243864
435 1.510272
436 1.308256
437 1.772928
438 1.30404
439 1.584904
440 1.729152
441 1.450224
442 1.574592
443 1.76396
444 1.637392
445 1.179624
446 0.919296
448 0.617312
449 0.700416
450 0.59132
451 1.349496
452 1.488384
453 1.258416
454 1.200576
455 1.090304
456 1.138176
457 0.926496
458 1.433664
459 1.225728
460 0.43104
461 0.65664
462 0.626304
463 0.829576
464 0.536256
465 0.89396
466 1.386992
467 1.846832
468 1.13088
469 1.061568
470 0.619536
471 0.744192
472 0.968352
473 1.753144
474 1.216744
475 1.499328
486 0.065664
487 0.798912
488 0.593344
489 0.801552
490 0.54868
491 0.426952
492 0.021888
493 0.932688
494 0.850176
495 0.801952
496 0.572528
497 0.393984
498 0.173352
499 0.440504
500 0.415872
501 0.499864
502 0.398616
503 0.631624
504 0.503424
505 0.251392
507 0.284544
508 0.371184
509 0.78892
510 0.956616
511 0.746512
512 0.400904
513 0.463464
514 0.576984
515 0.463872
516 0.404928
517 0.544032
518 0.439728
519 0.470592
520 0.176008
533 0.021888
534 0.32832
535 0.45864
536 0.850552
537 1.209888
538 1.395152
539 1.45636
540 1.325048
541 1.404328
542 1.266872
543 1.345688
544 1.529184
545 2.08532
547 2.012176
548 2.49024
549 2.363648
551 1.682984
552 0.70012
566 0.459648
567 0.2736
568 0.645696
569 0.684304
570 1.045016
571 0.94492
572 1.113136
573 1.14392
574 1.027088
575 1.70348
576 1.12044
577 1.100392
578 1.03968
579 0.529832
580 1.018656
581 1.447288
582 1.36816
583 0.8208
600 0.2736
601 0.043776
602 0.065664
604 0.043776
605 0.043776
606 0.065664
607 0.058488
608 0.019944
609 0.043776
610 0.065664
612 0.065664
613 0.697328
614 1.146376
615 0.361152
616 0.425144
617 0.923616
618 1.161208
622 0.393984
623 0.492992
624 1.120904
625 1.594424
626 1.580992
627 2.007512
628 2.282912
629 2.22224
630 2.600472
632 2.090736
633 1.868384
634 1.739704
635 1.45944
636 1.252712
637 1.419096
638 1.60016
639 1.495632
640 1.072512
641 1.030496
642 1.291392
643 0.588808
644 1.214784
645 0.773736
646 1.072512
647 1.13936
648 0.995904
649 0.842688
650 0.638864
651 1.269504
652 1.097944
653 1.6416
654 1.114768
655 0.60192
656 0.700416
657 0.7162
658 1.050624
659 0.93024
660 1.378944
661 0.816816
662 0.590976
663 0.941184
665 0.142272
675 0.032832
676 0.065664
677 0.05472
678 0.021888
680 0.043776
681 0.043776
682 0.043776
683 0.05472
685 0.065664
686 0.043776
687 0.043776
688 0.043776
689 0.043776
690 0.043776
692 0.032832
693 0.05472
694 0.076608
695 0.05472
696 0.043776
698 0.065664
699 0.05472
700 0.022224
701 0.295488
702 0.372096
703 0.279056
704 0.302808
705 0.306432
706 0.231384
707 0.317376
708 0.244912
709 0.306432
710 0.361152
711 0.28252
712 0.371296
713 0.361152
715 0.283712
716 0.361152
717 0.224312
718 0.43776
719 0.277512
720 0.317376
721 0.259344
722 0.284544
723 0.24916
724 0.284544
725 0.120384
727 0.147832
728 0.284544
729 0.214768
731 0.05472
732 0.339264
733 0.184848
734 0.32832
735 0.222696
736 0.372096
737 0.226808
738 0.415872
739 0.242736
740 0.317376
741 0.248728
742 0.306432
743 0.259664
744 0.272752
745 0.372096
746 0.280376
747 0.251776
748 0.43776
749 0.283464
751 0.323832
752 0.339264
753 0.377168
754 0.36576
755 0.282616
756 0.23812
757 0.459648
758 0.282976
759 0.317376
760 0.341368
761 0.289928
762 0.372096
763 0.292192
764 0.32832
765 0.380776
766 0.372096
767 0.243256
769 0.350208
770 0.349168
771 0.372096
772 0.287896
773 0.324752
775 0.32832
776 0.162152
792 0.032832
794 0.010944
796 0.021888
797 0.021888
798 0.021888
799 0.021888
801 0.043776
802 0.032832
803 0.032832
804 0.043776
806 0.021888
807 0.021888
808 0.032832
809 0.021888
811 0.032832
812 0.032832
813 0.032832
814 0.032832
815 0.032832
816 0.032832
818 0.032832
819 0.032832
820 0.025912
821 0.009008
822 0.076608
823 0.131328
824 0.076608
825 0.153216
827 0.065664
828 0.087552
829 0.05836
830 0.10944
831 0.120384
832 0.120384
833 0.10944
834 0.131328
836 0.08212
837 0.10944
838 0.043776
840 0.021888
842 0.043776
843 0.043776
848 0.021888
849 0.05472
851 0.05472
853 0.010944
855 0.021888
856 0.021888
857 0.032832
858 0.032832
859 0.031776
860 0.009016
862 0.098496
863 0.120384
864 0.120384
865 0.120384
866 0.023336
872 0.032832
873 0.575512
874 0.942144
875 0.965984
877 1.32652
878 1.63756
879 1.810064
880 2.276664
881 2.548792
882 2.369936
883 1.996472
884 2.244248
885 2.84704
886 1.693784
887 2.508192
888 3.090872
889 3.1366
890 3.626064
891 3.933288
892 3.41224
893 3.44316
894 3.317848
895 3.941816
896 3.502168
897 3.356368
898 3.251216
899 3.228056
900 3.133944
901 3.51488
903 2.916728
904 2.585928
905 2.161992
906 1.96992
907 2.037
908 2.1264
909 1.9078
910 2.06976
911 1.672568
912 0.683944
913 2.191144
914 2.915168
915 2.91984
916 2.769064
917 2.541304
918 1.550752
919 0.689472
920 0.590976
921 1.214784
922 1.548112
927 0.262656
928 4.93196
929 1.389888
930 1.492384
931 2.121256
933 1.368
934 1.27444
935 2.200136
936 1.944816
937 2.362096
938 1.781464
939 1.692464
940 1.920056
941 1.783872
942 1.16488
943 2.581552
944 2.722152
945 2.548008
946 2.168704
947 2.604672
948 1.494736
949 1.368
950 0.733248
951 0.722304
952 0.590976
953 0.249432
954 1.378944
955 1.017792
956 0.689472
957 0.77032
958 1.685376
959 1.113368
960 1.394392
961 0.952128
962 0.65664
963 1.235312
964 1.488384
965 0.749768
967 0.229824
968 0.481536
969 1.116288
970 0.87512
971 0.952128
972 0.823128
973 0.897408
974 0.77524
975 1.061568
976 0.7498
977 0.71136
978 0.612864
979 0.343472
981 0.10944
982 1.269504
983 0.568896
984 1.074992
985 0.260712
986 0.981568
987 1.091976
988 1.123384
989 1.358024
990 1.421856
991 1.273992
992 1.447408
993 1.151408
994 1.094672
995 1.31012
996 1.50728
997 1.554
998 2.000792
999 2.139
1000 2.022936
1001 2.199
1002 1.926856
1003 1.494432
1004 1.7072
1006 2.069056
1007 1.68588
1008 1.156592
1009 1.776904
1010 2.533784
1011 2.064352
1012 2.187376
1013 2.1888
1014 1.896976
1015 2.473344
1016 1.47436
1017 2.254464
1018 1.966024
1019 2.320128
1021 1.98
1022 2.123136
1023 1.817064
1024 2.429568
1025 2.326264
1026 2.0768
1027 1.979496
1028 2.287296
1029 0.91196
1030 1.433664
1031 1.484936
1032 1.324352
1033 0.974016
1034 1.136744
1035 2.54492
1036 1.827904
1037 1.882368
1038 1.432144
1039 1.827648
1040 1.491792
1041 2.090304
1042 1.547016
1043 2.221632
1044 1.652616
1045 2.282304
1046 2.648448
1047 2.404552
1048 2.2606
1049 2.42392
1050 2.07856
1051 2.374848
1052 1.922016
1053 1.767784
1054 2.41372
1055 1.747512
1056 2.177856
1057 1.386952
1058 2.364224
1059 3.086208
1060 2.993088
1061 2.136776
1062 3.818032
1063 3.230744
1064 2.572288
1065 3.553224
1066 3.602544
1067 4.395272
1068 3.587688
1069 3.426288
1070 2.352528
1071 3.29716
1072 3.029072
1073 2.637504
1074 2.460424
1075 2.587528
1076 3.142984
1077 3.229352
1078 3.00052
1079 3.749768
1080 3.096976
1081 3.391784
1082 2.479968
1083 2.28684
1084 3.572984
1087 2.319992
1088 6.272872
1089 2.027008
1090 2.70388
1091 3.169704
1092 3.341304
1093 4.04928
1094 1.983968
1095 2.066272
1096 2.528064
1097 2.113552
1098 2.028848
1099 2.486456
1100 2.509776
1101 2.285896
1102 2.79072
1103 2.347888
1104 2.118208
1105 2.440512
1106 2.017576
1107 2.320128
1108 2.068064
1109 2.528064
1110 2.27416
1111 2.304672
1112 2.1524
1113 2.028712
1115 2.304776
1116 2.70684
1117 3.340608
1118 2.762864
1119 3.135648
1120 3.092672
1121 2.98204
1122 2.668448
1123 2.80772
1124 2.975216
1125 3.766464
1126 3.138096
1127 2.129616
1128 1.610248
1129 2.18444
1130 2.539008
1131 2.425912
1132 2.22544
1133 3.025792
1134 2.664216
1135 2.81216
1136 3.03444
1137 3.221128
1138 3.350856
1139 3.906112
1140 3.466912
1141 2.323768
1142 2.456408
1143 2.43192
1145 2.287808
1146 2.788616
1147 2.998824
1148 2.852224
1149 3.251456
1150 3.451328
1151 2.652088
1152 3.080032
1153 3.201168
1154 2.878048
1155 3.0336
1156 2.780488
1157 2.771256
1158 3.445936
1159 2.981688
1160 2.184248
1161 1.870528
1162 1.919576
1164 2.852768
1165 3.500056
1166 2.812608
1167 1.996424
1168 3.192072
1169 3.129984
1170 2.750664
1171 2.97648
1172 2.241936
1173 3.107792
1174 2.51712
1175 1.660024
1176 2.050992
1177 2.90016
1178 2.272328
1179 2.275808
1180 3.02736
1181 2.178496
1182 2.998656
1183 1.74504
1184 2.051208
1185 2.120416
1186 2.166912
1187 2.062576
1188 2.501104
1189 2.696664
1190 3.436808
1191 3.567744
1194 2.069704
1195 6.024152
1196 2.350576
1197 2.615616
1198 1.852048
1199 2.374592
1200 1.443792
1201 2.51712
1202 1.808608
1203 3.644352
1204 2.857392
1205 2.200384
1206 2.60088
1207 3.381696
1208 2.356392
1209 2.443136
1210 3.075264
1211 1.669224
1212 2.177856
1213 1.877608
1214 2.451456
1215 2.295064
1216 2.320128
1217 1.91048
1218 2.310576
1219 3.097152
1220 2.007616
1221 2.213776
1222 2.506176
1223 2.017608
1224 2.320384
1225 2.731576
1226 2.626632
1227 2.281632
1228 1.85924
1229 2.265928
1230 2.680328
1231 2.911104
1232 2.520504
1233 2.649784
1234 2.215472
1236 3.07656
1237 3.381696
1238 3.22928
1239 2.887672
1240 2.424168
1241 2.552216
1242 3.20528
1243 3.393848
1244 3.457304
1245 3.261312
1246 2.48552
1247 2.383848
1248 2.736
1249 2.391704
1250 2.973632
1251 3.852288
1252 3.328912
1253 3.492488
1254 3.03536
1255 2.179256
1256 1.830368
1257 2.272784
1258 2.433352
1259 3.436416
1260 3.172856
1261 2.970456
1262 3.0096
1263 2.736
1264 2.07288
1265 2.812608
1266 2.383608
1267 3.764736
1268 2.964144
1269 3.06432
1270 1.86048
1271 2.38848
1272 2.372192
1273 3.2832
1274 3.301008
1275 3.200456
1277 3.026376
1278 2.724144
1279 2.429264
1280 2.15348
1281 2.364048
1282 2.011384
1283 2.708848
1284 2.12024
1285 2.043784
1286 2.016504
1287 2.105368
1288 2.46756
1289 1.955928
1290 1.914616
1291 1.868944
1292 2.092936
1293 2.159696
1294 2.145728
1295 1.713184
1296 1.975864
1297 1.584544
1298 1.550584
1299 1.86048
1300 1.760448
1301 2.473344
1302 2.154656
1303 1.753536
1304 2.68128
1305 2.084056
1306 2.182744
1307 2.57184
1308 2.156088
1309 2.659392
1310 2.155968
1312 0.854752
1314 6.320672
1315 1.619712
1316 1.89556
1317 2.132816
1318 2.137008
1319 1.907504
1320 2.363904
1321 1.953928
1322 1.825688
1323 1.893312
1324 1.626696
1325 1.371336
1326 1.926144
1327 1.958
1328 1.977032
1329 1.871704
1330 1.685376
1331 0.142272
1333 0.026824
1334 0.021888
1335 0.941184
1336 2.232576
1338 2.444952
1339 2.473344
1340 2.212032
1341 2.15544
1342 2.381488
1343 2.218744
1344 2.045912
1345 2.054024
1346 2.071272
1347 2.2126
1348 1.888328
1349 2.219152
1350 2.84544
1351 2.34528
1352 2.235728
1353 2.714112
1354 1.44756
