0 0.009008
1 0.964336
2 1.753352
3 1.487064
6 0.21888
7 0.317376
8 0.55128
9 0.623416
11 1.0048
12 0.922768
13 1.336288
14 1.197528
15 1.190568
16 1.371792
17 1.426992
18 1.476368
19 1.026424
20 0.777968
21 0.836568
22 0.73636
23 0.408744
24 0.252376
25 0.448104
26 0.227896
27 0.21888
28 0.259728
29 0.478416
30 0.560208
31 0.448704
32 0.364992
33 0.295488
34 0.5518
35 0.84496
37 0.541656
38 0.196992
39 0.153048
40 0.142272
41 0.098496
42 0.35672
43 0.38304
44 0.700728
45 0.922088
47 0.66676
48 0.558144
49 0.388952
50 0.380128
51 0.514296
52 0.621136
53 0.493656
54 0.491912
55 0.454048
56 0.326432
57 0.606216
58 0.49516
59 0.316856
60 0.428736
61 0.426816
62 0.47556
63 0.427168
64 0.240712
65 0.240768
66 0.419792
67 0.659016
68 0.609816
69 0.248496
70 0.458
71 0.771176
72 0.903952
73 0.825496
74 0.784616
76 0.776352
77 0.818464
78 0.661024
79 0.71164
80 0.689368
81 0.73376
82 0.8164
83 0.650456
84 0.32832
85 0.151312
86 0.743712
87 1.002464
88 0.756152
89 0.776304
90 0.936408
91 0.79336
92 0.510784
93 0.84064
94 1.092464
95 0.849512
96 1.220296
97 1.072424
98 0.536248
99 0.870648
100 1.186864
101 0.938656
102 0.999624
103 1.007544
105 1.207304
106 1.07324
107 1.280592
108 1.5698
109 1.287744
110 0.795992
111 0.764584
112 0.718048
113 1.071016
115 1.12452
116 0.839864
117 0.570328
118 0.420056
119 0.787368
120 0.664816
121 0.626312
122 0.4522
123 1.05284
124 1.23532
125 1.032944
126 1.080248
127 1.089528
128 0.832432
129 0.794
130 1.26728
131 0.951
132 1.092208
133 0.947368
134 1.092984
135 0.707776
137 0.700776
138 0.8246
139 0.86964
140 0.582752
141 0.62908
142 0.56864
143 0.44888
144 0.713368
145 0.81252
146 0.777744
147 0.835392
149 0.554072
150 0.837296
151 0.848888
152 0.864416
153 1.016504
154 1.017416
155 0.902976
156 0.638912
157 0.386392
158 0.306432
159 0.854464
160 0.937944
161 0.939488
162 0.985328
163 0.98552
164 1.142312
165 1.100264
166 0.799808
167 0.879056
168 0.66096
169 0.824976
170 0.603456
171 0.443832
172 0.850096
173 0.973608
174 0.870376
175 0.578056
176 0.674832
177 0.459648
178 0.287504
180 0.339264
181 0.554664
182 0.695336
183 0.749464
184 0.79596
185 0.644888
186 0.816904
187 0.908136
188 0.921712
189 0.99444
190 0.893
191 0.916288
192 0.916432
193 0.867224
194 0.534872
195 0.87424
196 0.88376
197 0.915848
198 0.879904
199 0.889376
200 0.62296
201 1.004128
202 0.980584
204 0.872608
205 1.017296
206 1.062384
207 1.125768
208 1.114392
209 1.204656
210 1.174096
211 1.151992
212 1.057128
213 0.882832
214 0.59112
215 0.378312
216 0.54872
217 0.525256
218 0.416928
219 0.596096
220 0.454864
221 0.354088
222 0.496296
223 0.268328
224 0.860168
225 0.778712
227 0.680728
228 0.393984
229 0.290568
230 0.810464
231 1.135184
232 1.085576
233 0.87952
234 1.162128
235 1.447768
236 1.10816
237 1.439344
238 1.067512
239 1.15176
241 1.05328
242 0.826208
243 0.78764
244 1.05624
245 1.005576
246 0.89516
247 1.097736
248 1.553296
249 1.16292
250 1.056376
251 1.051416
252 1.075504
253 0.999056
254 1.033192
255 1.192672
256 0.848448
257 0.913768
258 0.734096
260 0.784456
261 0.638912
262 0.39904
263 1.107224
264 1.05832
265 0.9876
266 0.99752
267 0.899856
268 0.707904
269 0.907104
270 1.100376
271 0.984144
272 0.715992
274 0.350208
280 0.131072
282 0.095624
283 0.973696
284 1.192936
285 1.109832
286 0.93948
287 1.368768
288 1.38
289 1.097272
290 0.89332
291 0.891832
292 0.865256
293 0.655744
294 0.587208
295 0.513352
296 0.506704
297 0.643224
298 0.996744
299 0.71472
301 0.882696
302 1.017176
303 0.74004
304 1.207472
305 0.981376
306 1.166472
307 1.063424
308 1.032472
309 0.981808
310 0.792872
311 0.635592
312 0.32112
313 0.371048
314 0.499088
315 0.38304
317 0.021888
319 0.589896
320 0.549464
321 0.54552
322 0.520144
323 1.266192
324 1.354824
325 1.373112
327 1.299896
328 1.465192
329 1.40888
330 1.178632
331 1.712664
332 1.273704
333 0.934568
334 0.750704
336 0.05472
337 0.087552
338 0.63568
339 0.475456
340 0.6094
341 0.435104
342 0.784952
343 1.087016
344 1.304224
346 1.462168
347 1.552816
348 1.261168
349 1.629896
350 1.350736
351 1.205672
352 1.111048
353 1.310456
354 1.186552
355 1.346712
356 1.163072
357 1.275136
358 1.381712
359 1.29636
360 1.100392
361 1.16544
362 0.716432
363 0.331
365 0.21888
366 0.761864
367 1.211328
368 1.373384
369 1.446056
370 1.116072
371 0.908432
372 0.835384
373 0.837256
374 0.676992
376 0.54268
377 0.501272
378 0.561256
379 0.588976
380 0.563056
381 0.61844
382 0.393984
383 0.281264
384 0.324848
385 0.404928
386 0.524512
388 0.558376
389 0.37492
390 0.372096
391 0.127304
392 1.181432
393 1.307656
394 1.136768
395 1.08408
396 1.096224
397 0.795168
398 0.923008
399 1.143072
400 1.198512
401 0.574232
402 0.795152
403 0.889336
404 0.799984
405 0.526648
406 0.418032
407 0.490648
408 0.240768
410 0.240768
411 0.20424
412 0.580032
413 0.463768
414 0.312168
415 0.387568
416 0.415872
417 0.28948
418 0.27772
419 0.2736
420 0.179456
421 0.229824
422 0.225336
423 0.339264
424 0.229296
425 0.229824
426 0.183248
427 0.240768
428 0.17772
429 0.265416
430 0.10944
432 0.10944
433 0.120384
434 0.08052
435 0.295488
436 0.184856
437 0.131328
438 0.087552
439 0.076608
441 0.043776
442 0.087552
445 0.070112
446 0.076608
447 0.032832
451 0.032832
452 0.284544
453 0.071096
454 0.229824
455 0.175104
456 0.146952
457 0.21888
458 0.186048
459 0.10472
460 0.120384
461 0.021888
462 0.361152
463 0.065664
465 0.076608
466 0.117352
467 0.43776
468 0.295488
469 0.213768
470 0.317376
471 0.303384
472 0.350208
473 0.18412
474 0.142272
475 0.153216
477 0.098496
478 0.126248
479 0.16416
480 0.207936
481 0.152528
482 0.284544
483 0.225576
484 0.499
486 0.738
487 0.60056
488 0.53888
489 0.618416
490 0.49248
491 0.261888
492 0.36912
493 0.643352
494 0.722184
495 0.339264
496 0.210288
497 0.229824
498 0.147904
499 0.207936
501 0.231064
502 0.433336
503 0.539152
504 0.654856
505 0.629376
506 1.189232
507 0.959632
508 0.77088
509 0.935736
510 1.060312
512 1.483856
513 1.53828
514 1.581384
515 1.21488
516 1.142984
517 1.031792
518 0.884712
519 1.06944
520 0.880024
521 1.144784
522 1.008536
523 1.18668
524 1.493632
526 1.5742
527 1.350544
528 1.464432
529 1.287232
530 1.149216
531 1.235008
532 1.198808
533 1.115248
534 0.968456
535 1.037
536 1.096496
537 1.076872
538 1.142832
539 1.01744
540 1.549416
541 1.30912
542 1.12192
543 1.27136
544 1.492104
545 1.487384
547 1.274552
548 1.413176
549 1.300736
550 1.34752
551 1.25196
552 1.12436
553 1.398128
554 1.158168
555 0.886368
556 0.9956
557 1.1298
558 1.118112
559 0.949536
560 0.971944
561 0.988856
562 1.034472
563 1.145048
564 1.025312
565 1.342248
566 1.142808
567 1.294176
568 0.816024
569 1.329168
570 0.8586
571 1.030488
572 1.214192
574 1.252792
575 1.434288
576 1.346448
577 1.423336
578 1.32948
579 1.624984
580 1.463552
581 1.291928
582 0.545224
583 0.330848
584 0.284544
586 0.385576
587 1.04152
588 1.340528
589 1.294672
590 1.164432
591 1.224792
592 1.023472
593 1.04676
594 1.14408
595 1.059624
596 1.140224
597 1.281816
598 1.261264
599 0.79728
600 1.101232
601 0.976216
602 1.022416
603 1.388424
604 1.529912
605 1.167576
607 1.162816
608 1.092496
609 0.964648
610 1.018448
611 0.737648
612 1.178376
613 1.017752
614 1.029128
615 0.597448
616 0.459648
617 0.360072
618 0.249712
619 0.207936
620 0.196992
621 0.34376
622 0.6848
624 1.036488
625 1.105896
626 0.824496
627 1.222752
628 1.008688
629 0.794976
630 0.846928
631 1.185136
632 1.270048
633 1.213176
634 0.809528
635 1.102008
636 0.841168
637 1.068352
638 0.96208
639 1.042656
640 0.452224
641 0.566888
642 0.435608
643 0.730208
645 0.752032
646 0.834376
647 0.689024
648 0.519376
649 0.404928
650 0.098936
651 0.284544
652 0.435416
653 0.55
654 0.970784
655 1.118216
656 1.088896
657 1.130448
658 1.075264
659 1.44916
660 1.438632
661 1.196224
662 0.906448
663 0.9102
664 0.963952
665 1.057568
666 0.908928
667 1.33364
668 0.952632
669 1.185
670 0.926056
672 0.744512
673 1.003624
674 0.93868
675 0.839808
676 0.951176
677 0.880792
678 0.842816
679 0.989328
680 1.0388
681 0.821392
682 0.542944
683 0.704208
684 0.64428
686 0.445784
687 0.592784
688 0.903456
689 0.88188
690 0.586888
691 0.67332
692 0.604096
693 0.766488
694 0.413376
696 0.4358
697 0.207936
698 0.328688
699 0.32832
701 0.235416
702 0.57092
703 0.71424
704 0.95604
705 0.945896
706 1.040328
707 0.909392
708 0.877632
709 1.175736
710 1.117392
711 1.06924
712 1.062568
713 1.06676
714 1.072616
715 1.083208
716 1.237192
717 1.061
718 1.251856
719 1.229384
721 1.225528
722 1.348696
723 1.318288
724 0.918048
725 1.300184
726 1.262464
727 1.325464
728 1.262656
729 1.433648
730 1.515976
731 1.005664
732 1.438456
733 1.304632
734 1.025792
735 1.295528
736 1.318992
737 1.412128
738 1.529296
739 1.394272
740 1.262624
741 1.367312
742 1.140864
743 1.384832
744 1.252576
745 1.38136
746 1.31424
747 1.352024
748 1.324936
749 1.267864
750 1.016088
751 1.408472
752 1.378832
753 0.951184
755 1.154256
756 0.650632
757 1.17684
758 1.174944
759 1.088984
760 0.829648
761 1.033624
762 1.015368
763 0.769976
764 1.028336
765 0.728488
766 1.014704
767 0.875704
768 0.816616
769 0.96956
770 1.040832
771 1.099248
772 1.137864
773 1.140184
774 1.339472
775 1.285312
776 1.277848
777 1.377192
778 0.893184
780 1.338928
781 1.400304
782 1.294784
783 1.007576
784 1.252264
785 1.300048
786 1.22092
787 1.324248
788 1.193432
789 1.076512
790 0.996872
791 1.129808
792 1.229128
793 0.898872
794 1.096936
795 0.99756
796 1.06976
797 0.918648
798 0.755312
799 0.831448
800 1.081008
801 1.063224
803 1.00448
804 0.94152
805 0.960568
806 1.278808
807 1.136888
808 0.647336
809 1.169296
810 1.254088
811 1.15584
812 1.246584
813 1.037752
814 1.02064
815 0.681768
816 1.00012
817 1.018816
818 0.868072
819 0.952712
820 1.171904
821 1.119776
822 1.369184
824 1.198688
825 1.105112
826 1.356056
827 1.226992
828 1.028224
829 0.986192
830 1.22864
831 1.250752
832 1.201944
833 1.310112
834 1.210856
835 1.182992
836 1.337776
837 1.099152
838 1.073968
839 1.228832
840 1.367088
841 1.1678
842 0.997832
843 1.224072
844 1.315264
846 1.78248
847 1.199688
848 1.280344
849 1.309744
850 1.020512
851 1.184648
852 1.100784
853 1.083448
854 1.17696
855 1.169536
856 1.23976
857 1.198064
858 1.097976
859 0.93688
860 0.924424
862 1.080976
863 1.406496
864 0.918808
865 1.02848
866 1.019608
867 1.096256
868 1.2228
869 1.047968
870 1.010376
871 0.794216
872 0.824144
873 1.239976
874 1.205136
875 0.720608
877 1.136784
878 0.82004
879 0.287552
880 0.777832
881 0.793912
882 0.702576
883 0.778304
884 0.535808
885 0.385872
886 0.413976
887 0.53532
888 0.60192
889 0.280192
890 0.79708
891 0.475992
892 0.408656
893 0.62552
895 0.79916
896 0.306432
897 0.481536
898 0.241352
899 0.207936
900 0.251712
901 0.339264
902 0.208168
903 0.5472
904 0.297688
905 0.71136
906 0.52552
907 0.339264
908 0.226136
909 0.284544
910 0.251712
911 0.2052
912 0.426816
914 0.149672
915 0.317376
916 0.276256
917 0.503424
918 0.352648
919 0.325088
920 0.361152
921 0.361152
922 0.2592
923 0.342752
924 0.43776
925 0.236952
929 0.2736
930 0.317376
931 0.138144
932 0.32832
934 0.237824
935 0.240768
936 0.251712
937 0.143808
938 0.262656
939 0.2736
940 0.159408
941 0.262656
942 0.16416
943 0.152072
944 0.404928
945 0.184144
946 0.240768
947 0.172256
948 0.262656
949 0.175104
950 0.09836
951 0.142272
952 0.52288
954 0.622904
955 0.636872
956 0.70128
957 0.76384
958 1.005192
959 1.222864
960 0.664088
961 0.830816
962 0.671104
963 0.766632
964 0.637992
965 0.517992
967 0.540864
968 0.561424
969 0.595096
970 0.257056
971 0.28536
972 0.207936
973 0.131072
974 0.824984
975 0.249528
976 0.05472
977 0.098496
978 0.557376
979 0.383104
980 0.526408
981 0.652208
982 0.58332
984 0.058144
985 1.000736
986 0.71472
987 0.359248
988 0.4236
989 0.536984
990 0.41976
991 0.372096
992 0.41256
993 0.211888
994 0.262656
995 0.251712
996 0.30496
997 0.568424
998 0.7872
999 0.587536
1000 0.55196
1001 0.372096
1002 0.29248
1003 0.472216
1004 0.657704
1005 0.487856
1006 0.43172
1007 0.306432
1008 0.251712
1010 0.241984
1011 0.776656
1012 0.753808
1014 0.635784
1015 0.689472
1016 0.544944
1017 0.474
1018 0.469168
1019 0.682544
1020 0.483856
1021 0.355608
1022 0.283304
1023 0.404928
1024 0.436984
1025 0.533384
1026 0.337824
1027 0.286264
1028 0.284544
1029 0.20996
1030 0.262656
1031 0.185752
1032 0.306432
1033 0.276696
1034 0.306432
1035 0.182264
1036 0.295488
1037 0.244552
1038 0.2736
1039 0.229824
1040 0.1584
1041 0.120384
1042 0.142272
1043 0.10944
1044 0.177664
1046 0.48704
1047 0.207936
1048 0.10944
1049 0.229824
1050 0.119776
1051 0.240768
1052 0.196992
1053 0.168184
1054 0.175104
1056 0.38008
1057 0.284544
1058 0.56156
1059 0.372096
1061 0.174968
1062 0.882184
1063 0.765192
1064 0.817576
1065 0.41904
1066 0.207936
1067 0.49832
1068 0.142272
1069 0.142272
1070 0.19604
1072 0.359216
1073 0.877792
1074 0.887944
1075 0.88684
1076 0.441928
1077 0.432224
1078 0.661472
1079 0.495704
1080 0.514112
1081 0.436144
1082 0.343024
1083 0.440744
1084 0.383704
1085 0.238024
1086 0.415872
1087 0.377392
1088 0.300008
1089 0.447912
1090 0.58828
1091 0.952184
1092 0.752744
1094 0.927184
1095 1.084896
1096 0.963448
1097 1.146016
1098 1.098024
1099 1.181904
1100 1.229048
1101 1.22944
1102 1.284352
1103 1.147504
1104 0.487816
1105 0.853976
1106 1.156208
1107 1.351096
1108 1.081816
1109 1.19364
1110 1.392208
1111 1.504488
1112 1.039776
1114 0.947104
1115 0.95788
1116 1.070232
1117 1.015968
1118 1.079976
1119 1.12136
1120 1.348784
1121 1.184072
1122 0.629
1123 0.651624
1124 0.54512
1125 0.718312
1126 0.5712
1127 0.579648
1129 0.613144
1130 0.607168
1131 0.85012
1132 0.977328
1133 0.596024
1134 0.730512
1135 0.517552
1136 0.677032
1137 0.785648
1138 0.624296
1139 0.589184
1140 0.875904
1141 0.825232
1142 0.63052
1143 0.43776
1144 0.496816
1145 0.631792
1146 0.682912
1148 0.584632
1149 0.713896
1150 0.734312
1151 0.735112
1152 0.750696
1153 0.588928
1154 0.812184
1155 0.870784
1156 0.88948
1157 0.730616
1158 0.910648
1159 0.81128
1160 0.959544
1161 0.994544
1162 0.785392
1163 1.049968
1164 0.997952
1165 1.025664
1166 1.130024
1167 0.861944
1168 0.8956
1169 1.022232
1170 1.144744
1172 1.169928
1173 1.30304
1174 1.330296
1175 1.23224
1176 0.780592
1177 0.75332
1178 0.921416
1179 1.061928
1180 1.090464
1181 0.907976
1182 1.153872
1183 1.287584
1184 1.170432
1185 0.8646
1186 0.92812
1187 1.20328
1188 1.146136
1189 1.106848
1191 1.101568
1192 1.015576
1193 0.898176
1194 0.796352
1195 0.811024
1196 1.305944
1197 1.050016
1198 1.207152
1199 0.846568
1200 1.064072
1201 1.12856
1202 1.128168
1203 1.186456
1204 1.491248
1205 0.920568
1206 1.022864
1207 1.283224
1208 1.07624
1209 1.127112
1210 1.181616
1211 1.360176
1212 1.15568
1214 0.913552
1215 0.895024
1216 0.385456
1217 1.162792
1218 0.94832
1219 1.047632
1220 1.051856
1221 0.900688
1223 0.997768
1224 1.150168
1225 0.866272
1226 0.937792
1227 0.92044
1228 0.719376
1229 0.469928
1230 0.415872
1231 0.328528
1232 0.724928
1233 1.038848
1234 1.0434
1235 1.194856
1236 0.851304
1237 1.150496
1238 1.156696
1239 0.871904
1240 1.404896
1241 0.860328
1243 0.894992
1244 0.896944
1245 1.120408
1246 1.36348
1247 1.087632
1248 1.281096
1249 1.139928
1250 1.150016
1251 1.19028
1252 1.202208
1253 1.110696
1254 0.651184
1255 1.073792
1256 1.24132
1257 0.9002
1258 1.227824
1259 0.88848
1260 1.239752
1261 1.278696
1262 1.20444
1263 1.297768
1264 1.10908
1265 1.263976
1266 1.17572
1267 1.314816
1268 1.315792
1269 1.167016
1270 1.045584
