0 2.02464
1 2.07296
2 2.456
3 2.659392
4 2.609216
5 2.707712
6 2.7296
7 2.970368
8 2.860928
9 2.670336
10 2.40128
11 2.488832
12 2.313728
13 2.79072
14 2.718656
15 2.631104
16 2.817152
17 2.685824
18 2.543552
19 2.834496
20 2.521664
21 2.696768
22 2.773376
23 2.94848
24 2.663936
25 2.987712
26 2.67488
27 2.587304
28 2.204312
29 2.265408
30 1.131776
31 0.569088
32 2.01824
33 2.604672
34 2.576384
35 2.051072
36 2.057472
37 1.175552
38 2.123136
39 1.85408
40 1.930688
41 2.418624
42 2.477888
43 2.62016
44 2.40128
45 2.889216
46 2.412224
47 2.280896
48 2.434112
49 2.604672
50 2.379392
51 2.423168
52 2.269952
53 1.729152
54 1.711808
55 1.86048
56 1.52576
57 1.619712
58 1.328768
59 2.155968
60 1.755584
61 2.02464
62 1.777472
63 1.96352
64 2.123136
65 2.007296
66 2.090304
67 1.930688
68 2.193344
69 2.02464
70 1.897856
71 2.138624
72 2.276352
73 1.722752
74 2.07936
75 1.788416
77 1.930688
78 2.155968
79 1.996352
80 2.412224
81 2.528064
82 2.12768
83 2.795264
84 2.390336
85 2.768832
86 2.477888
87 2.499784
88 2.7296
89 2.642048
90 1.740096
91 1.700864
92 1.948032
93 1.79936
94 2.046528
95 2.1824
96 2.34656
97 2.598272
98 1.816704
99 2.466944
100 2.62016
101 2.309184
102 1.941632
103 1.96352
104 2.451456
105 2.488832
106 2.499776
107 2.587328
108 2.812608
109 2.335616
110 2.083904
111 2.13408
112 2.543552
113 2.423168
114 2.434112
115 2.685824
116 2.714112
117 2.31372
118 2.149568
119 2.642048
120 2.812608
121 2.379392
122 2.412224
123 2.40128
124 2.768832
125 2.499776
126 1.996352
127 2.466944
128 2.725056
129 2.631104
130 2.860928
131 3.0032
132 2.828096
133 2.83904
134 2.94848
135 3.036032
136 3.140928
137 2.12768
138 2.01824
139 2.287296
140 1.711808
141 2.018088
142 2.177856
150 0.89116
151 1.508928
152 1.98676
153 2.199744
154 2.051072
155 1.521216
156 1.230272
157 1.0944
158 1.116288
159 1.109888
160 1.575936
161 0.634752
162 0.551744
163 0.744192
164 2.24352
165 2.40128
166 2.40128
167 2.029184
168 2.287296
169 2.171456
170 2.259008
171 2.232576
172 1.875968
173 2.171456
174 1.783872
175 0.76608
176 1.098944
177 2.199744
178 0.628352
179 2.02464
180 1.47104
181 1.6416
182 1.558592
183 2.046528
184 2.051072
185 2.123136
186 1.25216
187 1.904256
188 1.755584
189 1.941632
190 2.155968
191 1.919744
192 2.101248
194 1.4382
195 1.882368
196 1.427264
197 1.127232
198 0.700416
199 0.858176
200 0.995904
201 0.306432
202 0.470592
203 0.92384
204 0.733248
205 0.32832
206 0.295488
207 0.60192
208 0.733248
209 0.584576
210 0.963072
211 0.87552
212 0.809984
213 0.61728
214 0.853632
215 1.105344
216 0.952128
217 1.186496
218 1.160064
219 1.0944
220 0.934784
221 0.919296
223 0.963072
224 1.25216
225 1.630656
226 1.03328
227 1.521216
228 1.875968
229 2.582784
230 2.860928
231 3.473792
232 2.849984
233 2.554496
234 2.477864
235 2.374848
236 2.138648
237 2.740544
238 2.171456
239 3.097152
240 3.11264
241 3.430016
242 2.937544
243 2.751488
244 2.34656
245 2.07296
246 2.002752
247 1.055168
248 1.69632
249 1.58048
250 1.926144
251 1.722752
252 1.80576
253 1.164608
254 1.488384
255 2.751488
256 2.543552
257 2.57184
258 2.116736
259 2.01824
260 2.02464
261 1.47104
262 1.247616
263 0.842688
264 0.131072
265 1.92
266 1.96352
267 1.42272
268 1.499328
269 1.503872
270 1.575936
271 1.383488
272 2.248064
273 2.254464
274 2.029184
275 2.324672
276 2.648448
277 2.959424
278 2.083896
279 1.96992
280 1.68992
281 1.85408
282 2.342016
283 2.34656
284 1.952576
285 2.002752
286 1.79936
287 2.221632
288 2.40128
289 1.996352
290 1.893312
292 0.5408
293 2.834496
294 2.685824
295 1.897856
296 1.564992
297 0.787968
298 0.694016
299 0.514368
300 1.006848
301 0.995904
302 0.573632
303 0.995904
304 1.028736
305 0.792512
306 1.488384
307 2.116736
308 2.560896
309 2.040128
310 2.215232
311 2.670336
312 2.40128
313 2.051072
314 2.116736
315 2.4624
316 2.631104
317 2.445064
318 2.29184
319 2.112192
320 2.171456
321 2.280896
322 2.560896
323 3.2768
324 3.451904
325 3.2768
326 3.462848
327 3.730048
328 3.178304
329 3.195648
330 2.828096
331 2.718656
332 2.521664
333 1.75104
334 0.21248
335 2.123136
336 2.795264
337 2.849984
338 3.200192
339 2.78432
340 2.718656
341 3.681728
342 3.408128
343 3.451904
344 2.663936
345 2.757888
346 2.390336
347 2.652992
349 2.609216
350 2.806208
351 2.849984
352 3.250368
353 3.303232
354 3.780224
355 2.959424
356 2.746944
357 2.434112
358 2.34656
359 2.56544
360 2.725056
361 2.445056
362 2.445056
363 2.357504
364 2.363904
365 1.996352
366 2.094848
367 2.429568
368 2.072808
369 1.60252
370 2.210688
371 2.171456
372 2.23712
373 2.40768
374 1.952576
375 2.083904
376 2.035584
377 1.514816
378 1.554048
379 0.667584
380 0.901952
381 1.25856
382 1.20384
383 0.65664
384 0.365696
385 0.612864
386 0.503424
387 0.131072
388 4.666944
389 1.613312
390 1.006848
391 0.798912
393 0.518912
394 0.667584
395 0.251712
396 0.120384
397 0.634752
399 0.032832
400 0.60192
401 0.617408
402 0.853632
403 1.072512
404 1.350656
405 0.952128
406 0.963072
407 1.291392
408 1.164608
409 1.171008
410 0.908352
411 0.65024
413 1.083456
414 1.171008
415 0.97856
416 1.083456
417 1.25856
418 0.989504
419 0.98496
420 1.127232
421 1.098944
422 1.368
423 0.798912
424 0.609176
425 0.85092
426 0.842688
427 1.050624
428 1.274048
429 1.028736
430 0.919296
431 0.639296
432 0.700416
433 0.722304
434 0.678528
435 0.689472
436 0.6174
437 0.787968
438 1.050624
439 1.017792
440 1.120832
441 0.952128
442 1.061568
443 1.109888
444 1.31328
445 1.274048
446 1.181952
447 1.14912
448 1.066112
449 1.14912
450 1.324224
451 0.97856
452 1.105344
453 1.236672
454 1.088
455 1.192896
456 1.028736
457 0.92384
458 1.214784
459 1.225728
460 1.000448
461 1.20384
462 1.0944
463 0.989504
464 1.280448
465 1.324224
466 0.8144
467 1.061568
468 1.214784
469 1.274048
470 1.160064
471 0.809856
472 0.92384
473 0.76608
474 0.809856
475 0.93024
476 0.803456
477 0.87552
478 0.87552
479 0.956672
480 0.886464
481 1.028736
482 1.171008
483 1.383488
484 1.729152
485 1.449152
486 1.433664
487 1.131776
488 1.247616
489 1.181952
490 1.25216
491 1.269504
492 1.19744
493 1.31328
494 1.138176
495 1.19744
496 0.995904
497 1.083456
498 1.055168
499 1.269504
500 1.335168
501 1.153664
502 1.138176
503 0.974016
504 1.000448
505 0.941184
506 1.03968
507 1.000448
508 1.280448
509 1.127232
511 0.967616
512 0.963072
513 0.974016
514 0.65664
515 0.694016
516 0.689472
517 0.733248
518 0.678528
519 0.700416
520 0.770624
521 0.733248
522 0.787968
523 0.787968
524 0.65024
525 0.744192
526 0.8208
527 0.963072
528 0.8144
529 1.072512
530 0.974016
531 0.825344
532 0.897408
533 0.941184
534 0.831744
535 0.715904
536 0.722304
537 0.689472
538 0.853632
539 0.864576
540 0.518912
541 0.623808
542 0.525312
543 0.733248
544 0.71136
545 0.551744
546 0.787968
547 0.689472
548 0.623808
549 0.700416
550 0.43136
551 0.404928
552 0.459648
553 0.339264
554 0.306432
555 0.306432
556 0.306432
557 0.262656
558 0.229824
559 0.16416
560 0.142272
561 0.113984
562 0.142272
563 0.175104
564 0.196992
565 0.251712
566 0.21888
567 0.207936
569 0.251712
570 0.262656
571 0.2736
572 0.284544
573 0.251712
574 0.207936
575 0.175104
576 0.186048
577 0.124928
578 0.21888
579 0.262656
580 0.251712
581 0.251712
582 0.240768
583 0.2736
584 0.262656
585 0.2736
586 0.2736
587 0.339264
588 0.404928
589 0.32192
590 0.372096
591 0.317376
592 0.32832
593 0.317376
594 0.2736
595 0.251712
596 0.21888
597 0.207936
598 0.229824
599 0.295488
600 0.37664
601 0.459648
602 0.514368
603 0.569088
604 0.612864
605 0.525312
606 0.49248
607 0.43136
609 0.612864
610 0.5472
611 0.372096
612 0.426816
613 0.32832
614 0.32832
615 0.32192
616 0.32832
617 0.262656
618 0.32832
619 0.415872
620 0.38304
621 0.361152
622 0.415872
623 0.350208
624 0.350208
625 0.256256
626 0.229824
627 0.142272
628 0.175104
629 0.21888
630 0.098496
631 0.120384
632 0.206592
634 0.131072
635 0.789568
636 0.196992
637 0.16416
638 0.129536
640 0.144064
641 0.10944
642 0.142272
643 0.087552
644 0.070216
677 0.032832
678 0.590976
679 1.25856
680 2.456
681 3.703616
682 4.21796
683 4.069336
684 4.020992
685 4.787072
686 4.299136
687 3.98816
688 4.217984
689 4.239872
690 3.375296
691 3.948928
692 4.491584
693 4.469696
694 3.977216
695 3.37984
696 4.042872
697 4.272704
698 4.305536
699 4.299136
700 4.42592
701 3.856832
702 4.174208
703 4.211584
704 4.633856
705 4.342912
706 4.31648
707 4.3712
708 4.228928
709 3.92704
710 3.71456
711 3.703616
712 3.594176
713 3.528512
714 3.944384
715 3.76928
717 3.500224
718 3.900608
719 4.010048
720 3.999104
721 4.463296
722 3.747392
723 3.419072
724 4.141376
725 4.294592
726 4.058368
727 4.48064
728 4.272704
729 4.3648
730 3.922496
731 3.659848
732 3.5504
733 3.079808
734 3.692672
735 4.196096
736 3.648896
737 3.211136
738 3.134528
739 3.123584
740 4.082968
741 3.328808
742 4.0976
743 4.0976
744 4.622912
745 3.806656
746 4.86368
747 3.791168
748 3.156416
749 2.247992
750 2.390408
751 2.528064
752 2.062016
753 2.094848
754 2.806208
755 2.440512
756 1.153664
757 2.002752
758 1.952576
759 1.53216
760 1.30688
761 1.575936
762 1.68992
763 1.740096
764 1.492928
765 2.166912
766 2.116736
767 1.919744
768 1.827648
769 1.657088
770 2.02464
771 1.96352
772 2.13408
773 2.051072
774 2.094848
775 2.466944
776 2.604672
777 2.072808
778 1.87612
779 2.560896
780 2.34656
781 2.795264
782 2.94848
783 3.528504
784 2.849984
785 3.517568
786 3.287744
787 3.014144
788 2.652992
789 2.736
790 2.89376
791 2.379392
792 2.193344
793 2.904704
794 2.84544
795 2.795264
796 1.843136
797 2.327392
798 2.448736
799 2.138624
800 2.40128
801 2.396736
802 2.259008
803 2.23712
804 2.521664
805 2.539008
806 2.12768
807 2.313728
808 2.692224
809 2.193344
810 2.12768
811 2.915648
812 3.287744
814 2.751488
815 3.254912
816 4.185152
817 4.20704
818 3.911552
819 4.124032
820 4.458752
821 4.04288
822 3.265856
823 3.309632
824 3.320576
825 3.353408
826 3.572288
827 3.539456
828 3.861376
829 3.93344
830 3.342472
831 3.681728
832 3.430016
833 3.692672
834 3.856832
835 3.484736
836 2.718656
837 3.233024
838 3.05792
839 2.94848
840 3.014144
841 2.532608
842 2.823552
843 2.773376
844 3.89692
845 3.350672
846 3.222104
847 3.2768
848 3.265856
849 3.287744
850 4.119488
851 4.33836
852 3.583232
853 3.38624
854 3.408128
855 3.506624
856 3.364352
857 3.784768
858 3.572288
859 4.360256
860 5.174656
861 4.765184
862 5.054272
863 4.874624
864 4.955776
865 4.907456
866 3.966272
867 2.89376
868 2.642048
869 2.29184
870 2.703168
871 2.423168
872 2.51072
873 2.806208
874 2.357504
875 2.801664
876 3.648896
877 2.915648
878 2.609216
879 2.62016
880 2.434112
881 2.642048
882 3.265704
883 2.68128
884 1.580632
885 3.145472
886 2.718656
887 2.823552
888 2.051072
889 2.23712
890 2.35296
891 2.083904
