0 0.009008
1 0.931504
3 1.041992
4 1.028736
5 0.882456
6 0.91512
7 0.570688
8 0.57804
9 0.55404
10 0.66964
11 0.4868
12 0.534584
13 0.701416
14 0.667256
15 0.53484
16 0.684904
17 0.687144
18 0.801128
19 0.651536
20 0.568552
21 0.856112
22 0.359216
23 0.376128
24 0.448704
25 0.410768
26 0.286704
39 0.021888
40 0.291016
41 0.519256
42 0.707416
43 1.135168
44 1.435616
45 1.758
46 1.68476
47 1.756656
48 2.042408
50 1.835528
51 1.800104
52 1.667552
53 1.93452
54 1.723472
55 1.710512
56 1.477672
57 1.521512
58 2.173832
59 1.819032
60 1.99876
61 1.972296
62 1.76956
64 1.636104
65 1.555856
66 2.225512
67 1.85916
68 1.483136
69 1.445872
70 1.966224
71 1.930504
72 1.974112
73 2.21564
74 2.326912
75 1.805728
76 1.722336
77 1.514112
78 1.68896
79 2.04976
80 1.937952
81 2.124136
82 1.64836
83 2.378656
84 1.944712
86 2.332256
87 2.127296
88 1.88448
89 2.101312
90 1.891072
91 1.80724
92 2.023072
93 2.047096
94 2.246472
95 1.702632
97 1.929472
98 1.969168
99 1.923928
100 1.348632
101 1.762824
102 1.768984
103 2.0576
104 2.281696
105 2.025032
106 1.620592
107 1.760528
108 1.633656
109 1.736296
110 1.827632
111 1.876216
112 2.04288
113 1.5226
115 1.563528
116 1.8956
117 2.162712
118 1.915056
119 1.799248
120 1.934176
121 1.523944
122 1.359576
124 1.791904
125 1.825752
126 1.446736
127 2.087584
128 1.910712
129 2.213952
130 2.1498
131 1.412576
132 1.720728
133 1.151776
134 1.515352
135 1.788216
136 1.45968
137 1.713456
138 1.700136
139 1.650056
140 1.6974
141 1.512744
142 1.449536
143 1.510488
145 1.44568
146 1.094824
147 1.571928
148 1.870816
149 1.569272
150 1.5066
151 1.078992
152 1.836024
153 1.992992
154 1.732656
155 1.542424
156 2.084352
157 2.067112
158 1.918168
159 2.1284
160 1.947688
161 1.774512
162 1.833824
163 1.780208
164 2.03128
165 1.989936
166 1.161816
168 1.623248
169 1.232248
170 1.876792
171 1.53332
172 1.991608
173 1.549408
174 1.487888
175 1.890416
176 0.948808
177 1.372536
178 0.799776
179 1.092128
180 1.319648
181 1.523544
182 1.214344
183 0.875688
184 0.917824
185 1.442352
186 1.498776
188 1.139432
189 1.718328
190 1.593256
191 1.57888
192 1.567072
193 1.791992
194 1.50784
195 1.586576
196 1.672936
197 1.681344
198 1.392824
199 1.5376
200 1.591984
201 1.724128
203 1.89024
204 1.523528
205 1.419232
206 1.694528
207 1.230616
208 0.964032
209 0.965984
210 0.935816
211 1.295584
212 1.304592
213 1.888768
214 1.690696
215 1.311736
216 1.611352
217 1.718176
218 1.591776
219 1.302152
220 1.531272
221 1.271912
222 1.638232
223 1.874864
224 1.490848
226 1.305464
227 1.235016
228 1.486128
229 1.761944
230 1.66324
231 1.502576
232 1.545376
233 1.374016
234 1.394672
235 1.231352
236 0.921528
237 0.62944
238 0.417112
239 0.928712
240 1.218568
241 1.070944
243 0.683936
244 0.459648
245 0.17516
246 1.246912
247 0.957336
248 1.021056
249 0.806544
250 1.051032
251 1.010136
252 1.06944
253 1.182048
254 0.945992
255 0.975376
256 0.650872
257 0.662352
258 0.747464
259 0.577864
260 0.438088
261 0.350208
263 0.214544
264 0.630312
265 0.513456
266 0.38304
267 0.28064
268 0.584696
269 0.558208
270 0.58736
271 0.536256
272 0.238688
273 0.558144
274 0.396112
275 0.674664
276 0.650488
277 0.590616
278 0.581272
279 0.602696
280 0.510288
281 0.517064
282 0.452792
283 0.6376
284 0.697664
285 0.663256
286 0.473256
287 0.381296
288 0.478248
289 0.306432
290 0.214256
291 0.459648
292 0.408512
293 0.489464
294 0.457104
296 0.251712
297 0.190936
298 0.362912
299 0.3956
300 0.361152
301 0.327656
302 0.44052
303 0.450472
304 0.51696
306 0.47024
307 0.42088
308 0.251712
309 0.251712
310 0.354128
311 0.674256
312 0.525424
313 0.630008
314 0.8376
315 0.985888
316 0.68416
317 0.73788
318 0.982184
319 0.840928
320 0.71684
321 0.579032
322 0.706888
323 0.64584
324 0.490912
325 0.587096
326 0.585312
327 0.455816
328 0.38304
329 0.253944
330 0.262656
351 0.207936
352 0.10944
353 0.10944
354 0.10944
355 0.086176
357 1.117208
358 1.16756
359 1.2544
360 1.15736
361 0.86268
362 0.65876
363 0.70664
364 0.724504
365 0.702984
366 0.992472
367 0.987096
368 1.04076
369 0.889416
370 1.025472
371 0.871896
372 0.707288
373 0.465512
374 0.526968
375 0.295488
376 0.398056
377 0.845696
378 0.653312
379 0.861592
380 0.845472
381 0.596496
383 0.41652
384 0.465552
385 0.378128
386 0.682632
387 0.583512
388 0.703504
389 0.623088
390 0.569216
391 0.65076
392 0.649272
393 0.714536
394 0.574016
395 0.989712
396 0.663168
398 0.969664
399 0.661608
400 0.526856
401 0.493144
402 0.652664
403 0.553288
404 0.520576
405 0.968192
406 0.801792
407 0.635288
408 0.720328
409 0.295488
410 0.243296
411 0.538792
412 0.82264
413 0.43776
414 0.287776
415 0.393984
416 0.407056
417 0.472888
418 0.390416
419 0.361152
420 0.319992
421 0.480776
422 0.31544
423 0.196992
424 0.205992
425 0.602064
426 0.743112
427 0.572576
428 0.494672
429 0.423672
430 0.349488
431 0.637392
432 0.59424
434 0.59596
435 0.857648
436 1.031528
437 0.941808
438 0.470592
439 0.347904
440 0.388048
441 0.63312
442 1.090288
443 1.118488
444 1.055248
445 1.388424
446 0.987288
447 1.05496
448 1.093
449 0.812608
451 1.004944
452 0.898984
453 1.206568
454 0.987288
455 0.828168
456 0.995864
457 1.0958
458 1.03312
459 0.895408
460 0.995728
461 1.145928
462 1.166128
463 0.764264
464 0.795936
465 0.887024
466 0.54848
467 0.871584
468 0.704656
469 1.0326
470 1.050488
472 1.295504
473 1.05552
474 0.948792
475 1.070416
476 0.82816
477 0.788768
478 0.4688
479 0.604896
480 0.592616
481 0.678208
482 0.643544
483 0.458184
484 0.769352
485 0.777624
486 0.814432
487 0.650704
488 0.897432
489 0.651568
490 0.48748
491 0.5768
494 0.142272
495 0.713288
496 1.20928
497 0.811048
498 0.70244
499 0.345552
500 0.05472
501 0.2044
502 0.21888
503 0.21888
504 0.196992
516 0.16416
518 0.021888
520 0.015496
521 0.032832
522 0.032832
524 0.032832
525 0.032832
526 0.032832
532 0.131072
533 1.111168
534 1.553448
535 0.495808
536 0.873616
537 0.598496
538 0.694744
539 0.777904
540 0.852952
541 0.59396
542 0.448704
543 0.421088
544 0.501896
545 0.580032
546 0.466112
547 0.683512
548 0.889512
549 1.453328
550 1.395968
551 1.59244
553 1.21736
554 1.44648
555 1.253408
556 1.181288
557 1.253256
558 1.246096
559 1.407208
560 1.256432
561 1.317696
562 1.595144
563 1.50868
564 1.279808
565 0.945232
566 1.077088
567 1.51092
569 1.349264
570 1.372728
571 1.369104
572 1.154816
573 1.34792
574 1.046144
575 1.236424
576 1.357576
577 1.061
578 1.109584
579 1.043336
580 1.334728
581 1.050856
582 0.88712
583 0.87152
584 0.961824
585 1.182632
586 0.959288
587 0.902264
588 0.617568
589 0.3358
590 0.32832
591 0.618448
593 0.283056
594 1.127216
595 1.329928
596 0.99904
597 1.016704
598 1.009016
599 1.319288
600 1.376056
601 1.555936
602 1.18292
603 1.40052
604 1.369528
606 1.096872
607 1.051016
608 0.712464
609 0.994176
610 0.860728
611 1.045568
612 1.044784
613 1.101488
614 0.925424
615 0.76704
616 0.671384
617 1.162176
618 0.690184
619 0.858784
620 1.011
621 1.005144
622 1.074992
623 1.298304
624 0.972184
625 1.000688
626 1.137552
628 0.692656
629 1.03632
630 0.770016
631 1.056152
632 1.179856
633 1.151584
634 1.116368
635 1.075928
636 0.794152
637 0.821408
638 0.762568
639 0.799504
640 0.794912
641 0.782736
642 0.791056
643 0.569728
644 0.527584
645 0.648224
646 0.610024
647 0.51028
648 0.597072
650 0.460592
651 0.393984
652 0.33168
653 0.579728
654 0.442928
655 0.921552
656 0.85972
657 1.005096
658 1.112064
659 0.896408
660 0.855416
661 0.976464
662 0.750224
663 0.814
664 1.0862
665 0.860424
666 0.707224
667 0.85548
668 0.739384
669 0.820448
670 0.855072
671 1.203312
672 0.956128
673 0.712392
674 0.547136
675 0.532816
676 0.793984
677 0.736648
678 0.795088
679 0.696384
681 0.73416
682 0.647352
683 0.655712
684 0.808496
685 1.071152
686 0.996032
687 1.431216
688 1.428504
689 1.34928
690 1.021832
691 0.786048
692 1.067568
693 0.579192
694 0.503424
695 0.406416
696 0.887456
697 0.869224
698 1.161
699 1.142048
700 1.190968
701 1.079152
702 0.986336
703 1.009136
704 1.51776
705 1.234288
707 1.771688
708 1.297248
709 1.327288
710 1.445616
711 1.731856
712 2.140368
713 1.012224
714 1.075424
715 1.513408
716 1.30044
717 1.21312
718 1.301576
719 1.468968
720 1.351096
721 1.114016
722 1.412736
723 1.402064
724 1.510456
725 1.91208
726 1.785856
728 1.694928
729 1.517064
730 1.279008
731 1.42408
732 1.413632
733 1.30872
734 1.270072
735 1.580824
736 1.567096
737 1.518216
738 1.453112
739 1.060056
740 1.458648
741 1.657384
742 1.627056
743 1.088952
744 1.282304
745 1.408848
746 1.194744
747 0.990232
748 1.218128
750 1.130536
751 1.248472
752 1.61532
753 1.317272
754 1.538912
755 0.757296
756 1.106176
757 0.964008
758 0.557208
759 0.120384
760 1.066328
762 1.322408
763 1.4794
764 2.025456
765 1.446808
766 1.287912
767 1.569656
768 1.457416
769 1.575968
770 1.053624
771 1.189952
772 1.2542
773 1.374192
774 1.212216
775 1.369216
776 0.919624
777 0.862208
778 0.803448
780 0.900328
781 0.77316
782 0.51344
783 0.212936
784 0.900352
785 0.641824
786 0.663504
787 0.548256
788 0.309984
789 0.309712
790 0.409048
791 0.399328
792 0.50424
793 0.560984
794 0.438848
795 0.3918
796 0.436992
797 0.514432
798 0.427912
799 0.426816
800 0.367664
801 0.60536
802 0.605192
803 0.30032
804 0.3864
805 0.731344
806 1.102856
807 0.94176
808 0.84664
809 1.168872
810 1.232464
811 1.249368
812 1.370688
813 1.171288
814 0.778496
815 0.6328
817 1.073544
818 1.223472
819 1.096384
820 0.94752
821 1.185336
822 0.95876
823 0.901152
824 1.20664
825 1.236672
826 1.047424
827 0.848192
828 0.579424
829 0.551224
830 0.88692
831 1.170872
832 0.788696
833 0.943008
834 0.80208
835 0.66248
836 0.774136
837 0.691744
838 0.590976
839 0.299832
841 0.248848
842 1.03328
843 0.929536
844 1.218008
845 1.318152
846 1.316496
847 1.576968
848 1.402232
849 1.240824
850 1.47888
851 1.014424
852 1.12748
853 1.214232
854 1.164608
855 1.15724
856 0.874408
858 1.405136
859 1.41604
860 0.788312
861 0.490848
862 0.599696
863 0.891448
864 0.88476
865 0.131328
866 1.395256
867 1.355344
868 1.679064
869 1.335264
870 1.37828
871 1.618824
872 1.558952
873 1.628024
874 1.379112
876 1.703632
877 1.700168
878 0.961192
879 1.127128
880 1.315016
881 1.272816
882 1.074824
883 0.856816
884 0.512872
885 0.5996
886 1.290088
887 1.733968
888 1.693464
889 1.677736
890 1.344448
891 1.62808
893 1.092352
894 0.823128
895 0.917576
896 1.420088
897 1.120008
898 1.473912
899 1.552056
900 1.639
901 1.607744
902 1.630816
903 1.550056
904 1.546272
905 1.344112
906 1.565696
907 1.492168
909 1.577512
910 1.381344
911 1.096
912 1.26208
913 1.450432
914 1.669176
915 1.834776
916 1.107376
917 1.5526
918 1.59484
919 1.21964
920 1.239928
921 0.740008
922 0.827168
923 1.051632
924 0.541376
925 1.335688
926 1.368008
928 1.356128
929 1.643968
930 1.599544
931 1.204512
932 1.025168
933 1.44588
934 1.493456
935 1.30024
936 0.95976
937 1.291792
938 1.238936
939 1.328152
940 1.508128
941 1.44464
942 1.460408
944 1.54512
945 1.292624
946 1.136304
947 1.09152
948 1.16176
949 1.080064
950 1.314424
951 0.937592
952 0.97116
953 0.988456
954 0.9316
955 0.561864
956 0.592568
957 0.49248
958 0.41624
959 0.446376
960 0.612864
961 0.691216
962 0.710992
963 0.664216
964 0.466976
965 0.569088
966 0.408992
967 0.5472
968 0.367376
969 0.46012
970 0.439752
971 0.586568
972 0.748312
973 0.33468
974 0.459952
975 0.627624
976 0.728728
977 0.915552
978 0.566064
979 0.747824
980 0.741208
981 0.867576
982 0.853168
984 1.10504
985 0.906152
986 0.655008
987 0.8514
988 0.65928
989 0.678016
990 0.712488
991 0.522808
992 0.76244
993 0.629008
994 0.544792
995 0.69344
996 0.643248
997 1.137104
998 0.947928
999 1.005096
1000 0.828976
1001 0.776624
1002 0.743392
1003 0.996088
1004 0.843216
1005 0.9934
1007 0.73796
1008 0.700264
1009 0.64524
1010 0.385184
1011 0.439632
1012 0.361792
1013 0.361152
1014 0.206392
1015 0.306432
1016 0.217856
1017 0.359728
1018 0.415872
1019 0.281576
1020 0.21888
1021 0.083552
1022 0.153216
1023 0.10944
1029 0.228736
1030 0.404928
1031 0.3066
1045 0.22648
1046 0.855432
1047 1.065624
1049 0.175104
1050 0.243792
1051 0.916096
1052 0.911672
1053 0.947464
1054 0.831784
1055 1.140456
1058 1.051072
1059 0.691376
1060 0.92716
1061 0.572576
1062 0.899896
1064 0.373832
1065 1.036392
1066 0.91544
1067 0.925352
1068 1.209152
1069 1.072768
1070 0.950456
1071 1.138136
1072 1.107408
1073 0.829536
1074 1.0086
1076 0.972576
1077 1.015312
1078 0.926344
1079 0.943808
1080 0.841728
1081 0.787344
1082 1.024584
1083 1.09436
1084 0.831144
1085 1.101264
1086 0.450424
1087 0.420304
1088 0.504008
1089 0.580512
1090 0.490544
1091 0.519808
1092 0.560664
1093 0.559416
1094 0.425368
1096 0.535128
1097 0.569472
1098 0.64956
1099 0.562824
1100 0.666688
1101 0.58848
1102 0.444608
1103 0.482768
1104 0.54716
1105 0.567904
1106 0.589168
1107 0.534984
1108 0.447632
1109 0.426816
1110 0.27628
1111 0.426072
1112 0.426816
1113 0.380328
1114 0.448112
1115 0.523232
1116 0.603464
1117 0.676624
1118 0.350208
1119 0.648496
1120 0.580032
1121 0.499256
1122 0.47536
1123 0.426816
1124 0.403928
1125 0.250336
1126 0.175104
1128 0.175104
1129 0.186048
1130 0.111496
1131 0.098496
1132 0.372096
1133 0.219424
1134 0.317376
1135 0.274016
1136 0.32832
1137 0.316016
1138 0.448704
1139 0.378576
1140 0.346048
1141 0.459648
1142 0.344192
1143 0.503424
1144 0.318048
1145 0.317376
1146 0.181952
1148 0.076608
1149 0.679928
1150 0.634752
1151 0.625352
1152 0.675952
1153 0.265672
1154 0.186048
1155 0.50916
1156 0.401784
1157 0.2298
1158 0.085616
1159 0.404928
1160 0.36296
1161 0.33924
1162 0.415872
1163 0.347232
1164 0.345072
1166 0.40168
1167 0.339264
1168 0.32828
1169 0.38304
1170 0.20656
1171 0.3618
1172 0.486264
1173 0.514368
1174 0.398504
1175 0.430424
1176 0.444504
1177 0.507232
1178 0.441608
1179 0.454704
1180 0.469248
1181 0.45324
1182 0.470336
1183 0.483088
1184 0.465856
1185 0.418856
1186 0.473904
1187 0.47972
1188 0.523968
1189 0.486304
1190 0.515152
1191 0.628024
1193 0.666352
1194 0.637672
1195 0.542152
1196 0.665144
1197 0.5874
1198 0.644176
1199 0.652248
1200 0.658064
1201 0.635624
1202 0.704968
1203 0.706872
1204 0.556488
1205 0.657952
1206 0.7858
1207 0.83512
1208 0.637736
1210 0.719792
1211 0.70016
1212 0.47828
1213 0.646936
1214 0.570184
1215 0.704352
1216 0.686048
1217 0.532152
1218 0.222416
1219 0.661048
1220 0.643008
1221 0.683416
1222 0.704864
1223 0.649072
1224 0.704896
1225 0.591432
1226 0.682376
1227 0.682584
1228 0.682784
1229 0.480744
1230 0.460968
1231 0.521512
1232 0.498232
1234 0.452872
1235 0.509448
1236 0.55772
1237 0.605992
1238 0.64212
1239 0.676504
1240 0.6956
1241 0.683592
1242 0.580728
1243 0.653128
1244 0.61556
1245 0.66036
1246 0.557184
1247 0.53724
1248 0.594016
1249 0.562384
1250 0.646656
1251 0.62832
1252 0.665344
1253 0.65664
1254 0.4286
1255 0.577392
1257 0.680848
1258 0.534448
1259 0.570432
1260 0.558936
1261 0.600376
1262 0.614752
1263 0.564928
1264 0.6062
1265 0.66568
1266 0.631512
1267 0.60192
1268 0.482632
1269 0.537384
1270 0.564896
1271 0.622144
1272 0.704912
1273 0.608608
1274 0.511048
1275 0.678856
1277 0.605256
1278 0.773824
1279 0.798344
1280 0.751584
1281 0.926344
1282 0.960784
1283 1.139768
1284 0.941
1285 0.850608
1286 1.029368
1287 1.165472
1288 0.569696
1289 0.580728
1290 1.080248
1291 0.606536
1292 1.046744
1293 0.674088
1294 0.614032
1295 0.865856
1296 0.685864
1298 0.99448
1299 0.920488
1300 0.640072
1301 0.772512
1302 0.820336
1303 0.639632
1304 0.535856
1305 0.49668
1306 0.52836
1307 0.49192
1308 0.304352
1309 0.132048
1310 0.523856
1311 0.380648
1312 0.777384
1314 0.713208
1315 0.85052
1316 0.584904
1317 0.8734
1318 0.616424
1319 0.855168
1320 0.853008
1321 0.685368
1322 0.641128
1323 0.815536
1324 0.62456
1325 0.55076
1326 0.65284
1327 0.891792
1328 0.633712
1329 0.898232
1330 0.855256
1331 0.808632
1332 0.930824
1333 0.863336
1334 0.746336
1335 0.820912
1336 0.862416
1337 0.652384
1338 0.831592
1339 0.771024
1340 0.616504
1341 0.758784
1342 0.6726
1343 0.727264
1344 0.722624
1345 0.860224
1346 0.771824
1347 0.619544
1349 0.579224
1350 0.883432
1351 0.609984
1352 0.865856
1353 0.815536
1354 0.856096
1355 0.73052
1356 0.862912
1357 0.783888
1358 0.802408
1359 0.603128
1360 0.903336
1361 0.579288
1362 0.68572
1363 0.94524
1364 0.742672
1365 0.93008
1367 0.870248
1368 1.057896
1369 0.913792
1370 0.836128
1371 0.53356
1372 0.553424
1373 0.658896
1374 0.710576
1375 0.516176
1376 0.616048
1377 0.570256
1378 0.538432
1379 0.510704
1380 0.6152
1381 0.448032
1382 0.736368
1383 0.692888
1385 0.49304
1386 0.370416
1387 0.463712
1388 0.567032
1389 0.536256
1390 0.346552
1391 0.375432
1392 0.361176
1393 0.43776
1394 0.142704
1395 0.558144
1396 0.528208
1397 0.501552
1399 0.476672
1400 0.547864
1401 0.567184
1402 0.514368
1403 0.44608
1404 0.29964
1405 0.394576
1406 0.337336
1407 0.320608
1408 0.53192
1409 0.554272
1410 0.470408
1411 0.533496
1412 0.557144
1413 0.648728
1414 0.6604
1415 0.699752
1416 0.79944
1417 0.717008
1418 0.53044
1419 0.670864
1421 0.179688
1422 0.479176
1423 0.54304
1424 0.5654
1425 0.7542
1426 0.688112
1427 0.702184
1428 0.773104
1429 0.730232
1430 0.70688
1431 0.542296
1432 0.375016
1433 0.503424
1434 0.163144
1435 0.58308
1436 0.51176
1437 0.402992
1438 0.417128
1440 0.374096
1441 0.317376
1442 0.260776
1443 0.45792
1444 0.549816
1445 0.55348
1446 0.580384
1447 0.491192
1448 0.580488
1449 0.61188
1450 0.601936
1451 0.569144
1453 0.751872
1454 0.505488
1455 0.240768
1456 0.81112
1457 1.076968
1458 1.070728
1459 0.229824
1461 0.20768
1462 0.545728
1463 0.480056
1464 0.523544
1465 0.410376
1466 0.569088
1467 0.448024
1468 0.489152
1469 0.474168
1470 0.331984
1471 0.360176
1472 0.543248
1473 0.52632
1474 0.551904
1475 0.481536
1476 0.311704
1477 0.306432
1478 0.452896
1479 0.339264
1480 0.183848
1481 0.64692
1482 0.532584
1483 0.455112
1484 0.588456
1485 0.474416
1486 0.448704
1487 0.50336
1488 0.498608
1489 0.59192
1490 0.262936
1492 0.386432
1493 0.607856
1494 0.614352
1495 0.251712
1497 0.421104
1498 0.79424
1499 0.456488
1500 0.545688
1501 0.525312
1502 0.333544
1503 0.366936
1504 0.479176
1505 0.326384
1506 0.39312
1507 0.361152
1508 0.29556
1509 0.153216
